[2025-08-20T08:25:42.548+0000] {processor.py:186} INFO - Started process (PID=28) to work on /home/airflow/.local/lib/python3.12/site-packages/airflow/example_dags/example_dag_decorator.py
[2025-08-20T08:25:42.549+0000] {processor.py:914} INFO - Processing file /home/airflow/.local/lib/python3.12/site-packages/airflow/example_dags/example_dag_decorator.py for tasks to queue
[2025-08-20T08:25:42.551+0000] {logging_mixin.py:190} INFO - [2025-08-20T08:25:42.551+0000] {dagbag.py:588} INFO - Filling up the DagBag from /home/airflow/.local/lib/python3.12/site-packages/airflow/example_dags/example_dag_decorator.py
[2025-08-20T08:25:42.573+0000] {processor.py:925} INFO - DAG(s) 'example_dag_decorator' retrieved from /home/airflow/.local/lib/python3.12/site-packages/airflow/example_dags/example_dag_decorator.py
[2025-08-20T08:25:43.467+0000] {logging_mixin.py:190} INFO - [2025-08-20T08:25:43.467+0000] {dag.py:3239} INFO - Sync 1 DAGs
[2025-08-20T08:25:43.483+0000] {logging_mixin.py:190} INFO - [2025-08-20T08:25:43.483+0000] {dag.py:4180} INFO - Setting next_dagrun for example_dag_decorator to None, run_after=None
[2025-08-20T08:25:43.712+0000] {processor.py:208} INFO - Processing /home/airflow/.local/lib/python3.12/site-packages/airflow/example_dags/example_dag_decorator.py took 1.182 seconds
[2025-08-20T08:26:14.672+0000] {processor.py:186} INFO - Started process (PID=84) to work on /home/airflow/.local/lib/python3.12/site-packages/airflow/example_dags/example_dag_decorator.py
[2025-08-20T08:26:14.673+0000] {processor.py:914} INFO - Processing file /home/airflow/.local/lib/python3.12/site-packages/airflow/example_dags/example_dag_decorator.py for tasks to queue
[2025-08-20T08:26:14.676+0000] {logging_mixin.py:190} INFO - [2025-08-20T08:26:14.676+0000] {dagbag.py:588} INFO - Filling up the DagBag from /home/airflow/.local/lib/python3.12/site-packages/airflow/example_dags/example_dag_decorator.py
[2025-08-20T08:26:14.691+0000] {processor.py:925} INFO - DAG(s) 'example_dag_decorator' retrieved from /home/airflow/.local/lib/python3.12/site-packages/airflow/example_dags/example_dag_decorator.py
[2025-08-20T08:26:14.832+0000] {logging_mixin.py:190} INFO - [2025-08-20T08:26:14.832+0000] {dag.py:3239} INFO - Sync 1 DAGs
[2025-08-20T08:26:14.853+0000] {logging_mixin.py:190} INFO - [2025-08-20T08:26:14.852+0000] {dag.py:4180} INFO - Setting next_dagrun for example_dag_decorator to None, run_after=None
[2025-08-20T08:26:15.104+0000] {processor.py:208} INFO - Processing /home/airflow/.local/lib/python3.12/site-packages/airflow/example_dags/example_dag_decorator.py took 0.439 seconds
[2025-08-20T08:26:45.222+0000] {processor.py:186} INFO - Started process (PID=140) to work on /home/airflow/.local/lib/python3.12/site-packages/airflow/example_dags/example_dag_decorator.py
[2025-08-20T08:26:45.223+0000] {processor.py:914} INFO - Processing file /home/airflow/.local/lib/python3.12/site-packages/airflow/example_dags/example_dag_decorator.py for tasks to queue
[2025-08-20T08:26:45.226+0000] {logging_mixin.py:190} INFO - [2025-08-20T08:26:45.226+0000] {dagbag.py:588} INFO - Filling up the DagBag from /home/airflow/.local/lib/python3.12/site-packages/airflow/example_dags/example_dag_decorator.py
[2025-08-20T08:26:45.242+0000] {processor.py:925} INFO - DAG(s) 'example_dag_decorator' retrieved from /home/airflow/.local/lib/python3.12/site-packages/airflow/example_dags/example_dag_decorator.py
[2025-08-20T08:26:45.399+0000] {logging_mixin.py:190} INFO - [2025-08-20T08:26:45.399+0000] {dag.py:3239} INFO - Sync 1 DAGs
[2025-08-20T08:26:45.416+0000] {logging_mixin.py:190} INFO - [2025-08-20T08:26:45.415+0000] {dag.py:4180} INFO - Setting next_dagrun for example_dag_decorator to None, run_after=None
[2025-08-20T08:26:45.835+0000] {processor.py:208} INFO - Processing /home/airflow/.local/lib/python3.12/site-packages/airflow/example_dags/example_dag_decorator.py took 0.623 seconds
[2025-08-20T08:27:15.959+0000] {processor.py:186} INFO - Started process (PID=196) to work on /home/airflow/.local/lib/python3.12/site-packages/airflow/example_dags/example_dag_decorator.py
[2025-08-20T08:27:15.961+0000] {processor.py:914} INFO - Processing file /home/airflow/.local/lib/python3.12/site-packages/airflow/example_dags/example_dag_decorator.py for tasks to queue
[2025-08-20T08:27:15.964+0000] {logging_mixin.py:190} INFO - [2025-08-20T08:27:15.964+0000] {dagbag.py:588} INFO - Filling up the DagBag from /home/airflow/.local/lib/python3.12/site-packages/airflow/example_dags/example_dag_decorator.py
[2025-08-20T08:27:15.981+0000] {processor.py:925} INFO - DAG(s) 'example_dag_decorator' retrieved from /home/airflow/.local/lib/python3.12/site-packages/airflow/example_dags/example_dag_decorator.py
[2025-08-20T08:27:16.145+0000] {logging_mixin.py:190} INFO - [2025-08-20T08:27:16.144+0000] {dag.py:3239} INFO - Sync 1 DAGs
[2025-08-20T08:27:16.162+0000] {logging_mixin.py:190} INFO - [2025-08-20T08:27:16.161+0000] {dag.py:4180} INFO - Setting next_dagrun for example_dag_decorator to None, run_after=None
[2025-08-20T08:27:16.186+0000] {processor.py:208} INFO - Processing /home/airflow/.local/lib/python3.12/site-packages/airflow/example_dags/example_dag_decorator.py took 0.237 seconds
[2025-08-20T08:27:46.671+0000] {processor.py:186} INFO - Started process (PID=252) to work on /home/airflow/.local/lib/python3.12/site-packages/airflow/example_dags/example_dag_decorator.py
[2025-08-20T08:27:46.673+0000] {processor.py:914} INFO - Processing file /home/airflow/.local/lib/python3.12/site-packages/airflow/example_dags/example_dag_decorator.py for tasks to queue
[2025-08-20T08:27:46.676+0000] {logging_mixin.py:190} INFO - [2025-08-20T08:27:46.675+0000] {dagbag.py:588} INFO - Filling up the DagBag from /home/airflow/.local/lib/python3.12/site-packages/airflow/example_dags/example_dag_decorator.py
[2025-08-20T08:27:46.692+0000] {processor.py:925} INFO - DAG(s) 'example_dag_decorator' retrieved from /home/airflow/.local/lib/python3.12/site-packages/airflow/example_dags/example_dag_decorator.py
[2025-08-20T08:27:46.848+0000] {logging_mixin.py:190} INFO - [2025-08-20T08:27:46.847+0000] {dag.py:3239} INFO - Sync 1 DAGs
[2025-08-20T08:27:46.864+0000] {logging_mixin.py:190} INFO - [2025-08-20T08:27:46.864+0000] {dag.py:4180} INFO - Setting next_dagrun for example_dag_decorator to None, run_after=None
[2025-08-20T08:27:46.898+0000] {processor.py:208} INFO - Processing /home/airflow/.local/lib/python3.12/site-packages/airflow/example_dags/example_dag_decorator.py took 0.235 seconds
[2025-08-20T08:28:17.091+0000] {processor.py:186} INFO - Started process (PID=308) to work on /home/airflow/.local/lib/python3.12/site-packages/airflow/example_dags/example_dag_decorator.py
[2025-08-20T08:28:17.093+0000] {processor.py:914} INFO - Processing file /home/airflow/.local/lib/python3.12/site-packages/airflow/example_dags/example_dag_decorator.py for tasks to queue
[2025-08-20T08:28:17.096+0000] {logging_mixin.py:190} INFO - [2025-08-20T08:28:17.096+0000] {dagbag.py:588} INFO - Filling up the DagBag from /home/airflow/.local/lib/python3.12/site-packages/airflow/example_dags/example_dag_decorator.py
[2025-08-20T08:28:17.111+0000] {processor.py:925} INFO - DAG(s) 'example_dag_decorator' retrieved from /home/airflow/.local/lib/python3.12/site-packages/airflow/example_dags/example_dag_decorator.py
[2025-08-20T08:28:17.260+0000] {logging_mixin.py:190} INFO - [2025-08-20T08:28:17.260+0000] {dag.py:3239} INFO - Sync 1 DAGs
[2025-08-20T08:28:17.275+0000] {logging_mixin.py:190} INFO - [2025-08-20T08:28:17.275+0000] {dag.py:4180} INFO - Setting next_dagrun for example_dag_decorator to None, run_after=None
[2025-08-20T08:28:17.295+0000] {processor.py:208} INFO - Processing /home/airflow/.local/lib/python3.12/site-packages/airflow/example_dags/example_dag_decorator.py took 0.212 seconds
[2025-08-20T08:28:47.414+0000] {processor.py:186} INFO - Started process (PID=364) to work on /home/airflow/.local/lib/python3.12/site-packages/airflow/example_dags/example_dag_decorator.py
[2025-08-20T08:28:47.416+0000] {processor.py:914} INFO - Processing file /home/airflow/.local/lib/python3.12/site-packages/airflow/example_dags/example_dag_decorator.py for tasks to queue
[2025-08-20T08:28:47.419+0000] {logging_mixin.py:190} INFO - [2025-08-20T08:28:47.418+0000] {dagbag.py:588} INFO - Filling up the DagBag from /home/airflow/.local/lib/python3.12/site-packages/airflow/example_dags/example_dag_decorator.py
[2025-08-20T08:28:47.434+0000] {processor.py:925} INFO - DAG(s) 'example_dag_decorator' retrieved from /home/airflow/.local/lib/python3.12/site-packages/airflow/example_dags/example_dag_decorator.py
[2025-08-20T08:28:47.464+0000] {logging_mixin.py:190} INFO - [2025-08-20T08:28:47.464+0000] {dag.py:3239} INFO - Sync 1 DAGs
[2025-08-20T08:28:47.483+0000] {logging_mixin.py:190} INFO - [2025-08-20T08:28:47.482+0000] {dag.py:4180} INFO - Setting next_dagrun for example_dag_decorator to None, run_after=None
[2025-08-20T08:28:47.503+0000] {processor.py:208} INFO - Processing /home/airflow/.local/lib/python3.12/site-packages/airflow/example_dags/example_dag_decorator.py took 0.096 seconds
[2025-08-20T08:29:17.974+0000] {processor.py:186} INFO - Started process (PID=420) to work on /home/airflow/.local/lib/python3.12/site-packages/airflow/example_dags/example_dag_decorator.py
[2025-08-20T08:29:17.975+0000] {processor.py:914} INFO - Processing file /home/airflow/.local/lib/python3.12/site-packages/airflow/example_dags/example_dag_decorator.py for tasks to queue
[2025-08-20T08:29:17.979+0000] {logging_mixin.py:190} INFO - [2025-08-20T08:29:17.979+0000] {dagbag.py:588} INFO - Filling up the DagBag from /home/airflow/.local/lib/python3.12/site-packages/airflow/example_dags/example_dag_decorator.py
[2025-08-20T08:29:17.994+0000] {processor.py:925} INFO - DAG(s) 'example_dag_decorator' retrieved from /home/airflow/.local/lib/python3.12/site-packages/airflow/example_dags/example_dag_decorator.py
[2025-08-20T08:29:18.146+0000] {logging_mixin.py:190} INFO - [2025-08-20T08:29:18.145+0000] {dag.py:3239} INFO - Sync 1 DAGs
[2025-08-20T08:29:18.161+0000] {logging_mixin.py:190} INFO - [2025-08-20T08:29:18.161+0000] {dag.py:4180} INFO - Setting next_dagrun for example_dag_decorator to None, run_after=None
[2025-08-20T08:29:18.183+0000] {processor.py:208} INFO - Processing /home/airflow/.local/lib/python3.12/site-packages/airflow/example_dags/example_dag_decorator.py took 0.217 seconds
[2025-08-20T08:30:18.046+0000] {processor.py:186} INFO - Started process (PID=26) to work on /home/airflow/.local/lib/python3.12/site-packages/airflow/example_dags/example_dag_decorator.py
[2025-08-20T08:30:18.048+0000] {processor.py:914} INFO - Processing file /home/airflow/.local/lib/python3.12/site-packages/airflow/example_dags/example_dag_decorator.py for tasks to queue
[2025-08-20T08:30:18.051+0000] {logging_mixin.py:190} INFO - [2025-08-20T08:30:18.051+0000] {dagbag.py:588} INFO - Filling up the DagBag from /home/airflow/.local/lib/python3.12/site-packages/airflow/example_dags/example_dag_decorator.py
[2025-08-20T08:30:18.094+0000] {processor.py:925} INFO - DAG(s) 'example_dag_decorator' retrieved from /home/airflow/.local/lib/python3.12/site-packages/airflow/example_dags/example_dag_decorator.py
[2025-08-20T08:30:18.462+0000] {logging_mixin.py:190} INFO - [2025-08-20T08:30:18.461+0000] {dag.py:3239} INFO - Sync 1 DAGs
[2025-08-20T08:30:18.484+0000] {logging_mixin.py:190} INFO - [2025-08-20T08:30:18.484+0000] {dag.py:4180} INFO - Setting next_dagrun for example_dag_decorator to None, run_after=None
[2025-08-20T08:30:18.673+0000] {processor.py:208} INFO - Processing /home/airflow/.local/lib/python3.12/site-packages/airflow/example_dags/example_dag_decorator.py took 0.635 seconds
[2025-08-20T08:30:49.563+0000] {processor.py:186} INFO - Started process (PID=82) to work on /home/airflow/.local/lib/python3.12/site-packages/airflow/example_dags/example_dag_decorator.py
[2025-08-20T08:30:49.565+0000] {processor.py:914} INFO - Processing file /home/airflow/.local/lib/python3.12/site-packages/airflow/example_dags/example_dag_decorator.py for tasks to queue
[2025-08-20T08:30:49.568+0000] {logging_mixin.py:190} INFO - [2025-08-20T08:30:49.568+0000] {dagbag.py:588} INFO - Filling up the DagBag from /home/airflow/.local/lib/python3.12/site-packages/airflow/example_dags/example_dag_decorator.py
[2025-08-20T08:30:49.584+0000] {processor.py:925} INFO - DAG(s) 'example_dag_decorator' retrieved from /home/airflow/.local/lib/python3.12/site-packages/airflow/example_dags/example_dag_decorator.py
[2025-08-20T08:30:49.738+0000] {logging_mixin.py:190} INFO - [2025-08-20T08:30:49.737+0000] {dag.py:3239} INFO - Sync 1 DAGs
[2025-08-20T08:30:49.753+0000] {logging_mixin.py:190} INFO - [2025-08-20T08:30:49.752+0000] {dag.py:4180} INFO - Setting next_dagrun for example_dag_decorator to None, run_after=None
[2025-08-20T08:30:50.102+0000] {processor.py:208} INFO - Processing /home/airflow/.local/lib/python3.12/site-packages/airflow/example_dags/example_dag_decorator.py took 0.547 seconds
[2025-08-20T08:31:20.220+0000] {processor.py:186} INFO - Started process (PID=138) to work on /home/airflow/.local/lib/python3.12/site-packages/airflow/example_dags/example_dag_decorator.py
[2025-08-20T08:31:20.221+0000] {processor.py:914} INFO - Processing file /home/airflow/.local/lib/python3.12/site-packages/airflow/example_dags/example_dag_decorator.py for tasks to queue
[2025-08-20T08:31:20.226+0000] {logging_mixin.py:190} INFO - [2025-08-20T08:31:20.225+0000] {dagbag.py:588} INFO - Filling up the DagBag from /home/airflow/.local/lib/python3.12/site-packages/airflow/example_dags/example_dag_decorator.py
[2025-08-20T08:31:20.242+0000] {processor.py:925} INFO - DAG(s) 'example_dag_decorator' retrieved from /home/airflow/.local/lib/python3.12/site-packages/airflow/example_dags/example_dag_decorator.py
[2025-08-20T08:31:20.419+0000] {logging_mixin.py:190} INFO - [2025-08-20T08:31:20.419+0000] {dag.py:3239} INFO - Sync 1 DAGs
[2025-08-20T08:31:20.440+0000] {logging_mixin.py:190} INFO - [2025-08-20T08:31:20.440+0000] {dag.py:4180} INFO - Setting next_dagrun for example_dag_decorator to None, run_after=None
[2025-08-20T08:31:20.754+0000] {processor.py:208} INFO - Processing /home/airflow/.local/lib/python3.12/site-packages/airflow/example_dags/example_dag_decorator.py took 0.544 seconds
[2025-08-20T08:31:51.094+0000] {processor.py:186} INFO - Started process (PID=194) to work on /home/airflow/.local/lib/python3.12/site-packages/airflow/example_dags/example_dag_decorator.py
[2025-08-20T08:31:51.096+0000] {processor.py:914} INFO - Processing file /home/airflow/.local/lib/python3.12/site-packages/airflow/example_dags/example_dag_decorator.py for tasks to queue
[2025-08-20T08:31:51.099+0000] {logging_mixin.py:190} INFO - [2025-08-20T08:31:51.098+0000] {dagbag.py:588} INFO - Filling up the DagBag from /home/airflow/.local/lib/python3.12/site-packages/airflow/example_dags/example_dag_decorator.py
[2025-08-20T08:31:51.115+0000] {processor.py:925} INFO - DAG(s) 'example_dag_decorator' retrieved from /home/airflow/.local/lib/python3.12/site-packages/airflow/example_dags/example_dag_decorator.py
[2025-08-20T08:31:51.269+0000] {logging_mixin.py:190} INFO - [2025-08-20T08:31:51.268+0000] {dag.py:3239} INFO - Sync 1 DAGs
[2025-08-20T08:31:51.285+0000] {logging_mixin.py:190} INFO - [2025-08-20T08:31:51.285+0000] {dag.py:4180} INFO - Setting next_dagrun for example_dag_decorator to None, run_after=None
[2025-08-20T08:31:51.307+0000] {processor.py:208} INFO - Processing /home/airflow/.local/lib/python3.12/site-packages/airflow/example_dags/example_dag_decorator.py took 0.220 seconds
[2025-08-20T08:32:16.405+0000] {processor.py:186} INFO - Started process (PID=27) to work on /home/airflow/.local/lib/python3.12/site-packages/airflow/example_dags/example_dag_decorator.py
[2025-08-20T08:32:16.408+0000] {processor.py:914} INFO - Processing file /home/airflow/.local/lib/python3.12/site-packages/airflow/example_dags/example_dag_decorator.py for tasks to queue
[2025-08-20T08:32:16.411+0000] {logging_mixin.py:190} INFO - [2025-08-20T08:32:16.411+0000] {dagbag.py:588} INFO - Filling up the DagBag from /home/airflow/.local/lib/python3.12/site-packages/airflow/example_dags/example_dag_decorator.py
[2025-08-20T08:32:16.427+0000] {processor.py:925} INFO - DAG(s) 'example_dag_decorator' retrieved from /home/airflow/.local/lib/python3.12/site-packages/airflow/example_dags/example_dag_decorator.py
[2025-08-20T08:32:16.444+0000] {logging_mixin.py:190} INFO - [2025-08-20T08:32:16.443+0000] {dag.py:3239} INFO - Sync 1 DAGs
[2025-08-20T08:32:16.471+0000] {logging_mixin.py:190} INFO - [2025-08-20T08:32:16.471+0000] {dag.py:4180} INFO - Setting next_dagrun for example_dag_decorator to None, run_after=None
[2025-08-20T08:32:16.492+0000] {processor.py:208} INFO - Processing /home/airflow/.local/lib/python3.12/site-packages/airflow/example_dags/example_dag_decorator.py took 0.097 seconds
[2025-08-20T08:32:46.745+0000] {processor.py:186} INFO - Started process (PID=83) to work on /home/airflow/.local/lib/python3.12/site-packages/airflow/example_dags/example_dag_decorator.py
[2025-08-20T08:32:46.746+0000] {processor.py:914} INFO - Processing file /home/airflow/.local/lib/python3.12/site-packages/airflow/example_dags/example_dag_decorator.py for tasks to queue
[2025-08-20T08:32:46.749+0000] {logging_mixin.py:190} INFO - [2025-08-20T08:32:46.748+0000] {dagbag.py:588} INFO - Filling up the DagBag from /home/airflow/.local/lib/python3.12/site-packages/airflow/example_dags/example_dag_decorator.py
[2025-08-20T08:32:46.766+0000] {processor.py:925} INFO - DAG(s) 'example_dag_decorator' retrieved from /home/airflow/.local/lib/python3.12/site-packages/airflow/example_dags/example_dag_decorator.py
[2025-08-20T08:32:46.915+0000] {logging_mixin.py:190} INFO - [2025-08-20T08:32:46.915+0000] {dag.py:3239} INFO - Sync 1 DAGs
[2025-08-20T08:32:46.931+0000] {logging_mixin.py:190} INFO - [2025-08-20T08:32:46.930+0000] {dag.py:4180} INFO - Setting next_dagrun for example_dag_decorator to None, run_after=None
[2025-08-20T08:32:46.981+0000] {processor.py:208} INFO - Processing /home/airflow/.local/lib/python3.12/site-packages/airflow/example_dags/example_dag_decorator.py took 0.245 seconds
[2025-08-20T08:33:17.252+0000] {processor.py:186} INFO - Started process (PID=139) to work on /home/airflow/.local/lib/python3.12/site-packages/airflow/example_dags/example_dag_decorator.py
[2025-08-20T08:33:17.253+0000] {processor.py:914} INFO - Processing file /home/airflow/.local/lib/python3.12/site-packages/airflow/example_dags/example_dag_decorator.py for tasks to queue
[2025-08-20T08:33:17.255+0000] {logging_mixin.py:190} INFO - [2025-08-20T08:33:17.255+0000] {dagbag.py:588} INFO - Filling up the DagBag from /home/airflow/.local/lib/python3.12/site-packages/airflow/example_dags/example_dag_decorator.py
[2025-08-20T08:33:17.272+0000] {processor.py:925} INFO - DAG(s) 'example_dag_decorator' retrieved from /home/airflow/.local/lib/python3.12/site-packages/airflow/example_dags/example_dag_decorator.py
[2025-08-20T08:33:17.305+0000] {logging_mixin.py:190} INFO - [2025-08-20T08:33:17.305+0000] {dag.py:3239} INFO - Sync 1 DAGs
[2025-08-20T08:33:17.326+0000] {logging_mixin.py:190} INFO - [2025-08-20T08:33:17.326+0000] {dag.py:4180} INFO - Setting next_dagrun for example_dag_decorator to None, run_after=None
[2025-08-20T08:33:17.350+0000] {processor.py:208} INFO - Processing /home/airflow/.local/lib/python3.12/site-packages/airflow/example_dags/example_dag_decorator.py took 0.107 seconds
[2025-08-20T08:33:48.112+0000] {processor.py:186} INFO - Started process (PID=195) to work on /home/airflow/.local/lib/python3.12/site-packages/airflow/example_dags/example_dag_decorator.py
[2025-08-20T08:33:48.113+0000] {processor.py:914} INFO - Processing file /home/airflow/.local/lib/python3.12/site-packages/airflow/example_dags/example_dag_decorator.py for tasks to queue
[2025-08-20T08:33:48.116+0000] {logging_mixin.py:190} INFO - [2025-08-20T08:33:48.116+0000] {dagbag.py:588} INFO - Filling up the DagBag from /home/airflow/.local/lib/python3.12/site-packages/airflow/example_dags/example_dag_decorator.py
[2025-08-20T08:33:48.132+0000] {processor.py:925} INFO - DAG(s) 'example_dag_decorator' retrieved from /home/airflow/.local/lib/python3.12/site-packages/airflow/example_dags/example_dag_decorator.py
[2025-08-20T08:33:48.160+0000] {logging_mixin.py:190} INFO - [2025-08-20T08:33:48.160+0000] {dag.py:3239} INFO - Sync 1 DAGs
[2025-08-20T08:33:48.180+0000] {logging_mixin.py:190} INFO - [2025-08-20T08:33:48.180+0000] {dag.py:4180} INFO - Setting next_dagrun for example_dag_decorator to None, run_after=None
[2025-08-20T08:33:48.200+0000] {processor.py:208} INFO - Processing /home/airflow/.local/lib/python3.12/site-packages/airflow/example_dags/example_dag_decorator.py took 0.096 seconds
[2025-08-20T08:34:18.443+0000] {processor.py:186} INFO - Started process (PID=251) to work on /home/airflow/.local/lib/python3.12/site-packages/airflow/example_dags/example_dag_decorator.py
[2025-08-20T08:34:18.444+0000] {processor.py:914} INFO - Processing file /home/airflow/.local/lib/python3.12/site-packages/airflow/example_dags/example_dag_decorator.py for tasks to queue
[2025-08-20T08:34:18.447+0000] {logging_mixin.py:190} INFO - [2025-08-20T08:34:18.446+0000] {dagbag.py:588} INFO - Filling up the DagBag from /home/airflow/.local/lib/python3.12/site-packages/airflow/example_dags/example_dag_decorator.py
[2025-08-20T08:34:18.462+0000] {processor.py:925} INFO - DAG(s) 'example_dag_decorator' retrieved from /home/airflow/.local/lib/python3.12/site-packages/airflow/example_dags/example_dag_decorator.py
[2025-08-20T08:34:18.621+0000] {logging_mixin.py:190} INFO - [2025-08-20T08:34:18.621+0000] {dag.py:3239} INFO - Sync 1 DAGs
[2025-08-20T08:34:18.639+0000] {logging_mixin.py:190} INFO - [2025-08-20T08:34:18.638+0000] {dag.py:4180} INFO - Setting next_dagrun for example_dag_decorator to None, run_after=None
[2025-08-20T08:34:18.660+0000] {processor.py:208} INFO - Processing /home/airflow/.local/lib/python3.12/site-packages/airflow/example_dags/example_dag_decorator.py took 0.226 seconds
[2025-08-20T08:34:49.087+0000] {processor.py:186} INFO - Started process (PID=307) to work on /home/airflow/.local/lib/python3.12/site-packages/airflow/example_dags/example_dag_decorator.py
[2025-08-20T08:34:49.089+0000] {processor.py:914} INFO - Processing file /home/airflow/.local/lib/python3.12/site-packages/airflow/example_dags/example_dag_decorator.py for tasks to queue
[2025-08-20T08:34:49.092+0000] {logging_mixin.py:190} INFO - [2025-08-20T08:34:49.091+0000] {dagbag.py:588} INFO - Filling up the DagBag from /home/airflow/.local/lib/python3.12/site-packages/airflow/example_dags/example_dag_decorator.py
[2025-08-20T08:34:49.108+0000] {processor.py:925} INFO - DAG(s) 'example_dag_decorator' retrieved from /home/airflow/.local/lib/python3.12/site-packages/airflow/example_dags/example_dag_decorator.py
[2025-08-20T08:34:49.256+0000] {logging_mixin.py:190} INFO - [2025-08-20T08:34:49.255+0000] {dag.py:3239} INFO - Sync 1 DAGs
[2025-08-20T08:34:49.271+0000] {logging_mixin.py:190} INFO - [2025-08-20T08:34:49.271+0000] {dag.py:4180} INFO - Setting next_dagrun for example_dag_decorator to None, run_after=None
[2025-08-20T08:34:49.293+0000] {processor.py:208} INFO - Processing /home/airflow/.local/lib/python3.12/site-packages/airflow/example_dags/example_dag_decorator.py took 0.214 seconds
[2025-08-20T08:35:19.889+0000] {processor.py:186} INFO - Started process (PID=363) to work on /home/airflow/.local/lib/python3.12/site-packages/airflow/example_dags/example_dag_decorator.py
[2025-08-20T08:35:19.890+0000] {processor.py:914} INFO - Processing file /home/airflow/.local/lib/python3.12/site-packages/airflow/example_dags/example_dag_decorator.py for tasks to queue
[2025-08-20T08:35:19.893+0000] {logging_mixin.py:190} INFO - [2025-08-20T08:35:19.893+0000] {dagbag.py:588} INFO - Filling up the DagBag from /home/airflow/.local/lib/python3.12/site-packages/airflow/example_dags/example_dag_decorator.py
[2025-08-20T08:35:19.908+0000] {processor.py:925} INFO - DAG(s) 'example_dag_decorator' retrieved from /home/airflow/.local/lib/python3.12/site-packages/airflow/example_dags/example_dag_decorator.py
[2025-08-20T08:35:20.053+0000] {logging_mixin.py:190} INFO - [2025-08-20T08:35:20.053+0000] {dag.py:3239} INFO - Sync 1 DAGs
[2025-08-20T08:35:20.068+0000] {logging_mixin.py:190} INFO - [2025-08-20T08:35:20.068+0000] {dag.py:4180} INFO - Setting next_dagrun for example_dag_decorator to None, run_after=None
[2025-08-20T08:35:20.090+0000] {processor.py:208} INFO - Processing /home/airflow/.local/lib/python3.12/site-packages/airflow/example_dags/example_dag_decorator.py took 0.210 seconds
[2025-08-20T08:36:32.193+0000] {processor.py:186} INFO - Started process (PID=27) to work on /home/airflow/.local/lib/python3.12/site-packages/airflow/example_dags/example_dag_decorator.py
[2025-08-20T08:36:32.195+0000] {processor.py:914} INFO - Processing file /home/airflow/.local/lib/python3.12/site-packages/airflow/example_dags/example_dag_decorator.py for tasks to queue
[2025-08-20T08:36:32.198+0000] {logging_mixin.py:190} INFO - [2025-08-20T08:36:32.197+0000] {dagbag.py:588} INFO - Filling up the DagBag from /home/airflow/.local/lib/python3.12/site-packages/airflow/example_dags/example_dag_decorator.py
[2025-08-20T08:36:32.219+0000] {processor.py:925} INFO - DAG(s) 'example_dag_decorator' retrieved from /home/airflow/.local/lib/python3.12/site-packages/airflow/example_dags/example_dag_decorator.py
[2025-08-20T08:36:32.576+0000] {logging_mixin.py:190} INFO - [2025-08-20T08:36:32.576+0000] {dag.py:3239} INFO - Sync 1 DAGs
[2025-08-20T08:36:32.591+0000] {logging_mixin.py:190} INFO - [2025-08-20T08:36:32.591+0000] {dag.py:4180} INFO - Setting next_dagrun for example_dag_decorator to None, run_after=None
[2025-08-20T08:36:33.052+0000] {processor.py:208} INFO - Processing /home/airflow/.local/lib/python3.12/site-packages/airflow/example_dags/example_dag_decorator.py took 0.868 seconds
[2025-08-20T08:37:03.117+0000] {processor.py:186} INFO - Started process (PID=83) to work on /home/airflow/.local/lib/python3.12/site-packages/airflow/example_dags/example_dag_decorator.py
[2025-08-20T08:37:03.118+0000] {processor.py:914} INFO - Processing file /home/airflow/.local/lib/python3.12/site-packages/airflow/example_dags/example_dag_decorator.py for tasks to queue
[2025-08-20T08:37:03.121+0000] {logging_mixin.py:190} INFO - [2025-08-20T08:37:03.121+0000] {dagbag.py:588} INFO - Filling up the DagBag from /home/airflow/.local/lib/python3.12/site-packages/airflow/example_dags/example_dag_decorator.py
[2025-08-20T08:37:03.137+0000] {processor.py:925} INFO - DAG(s) 'example_dag_decorator' retrieved from /home/airflow/.local/lib/python3.12/site-packages/airflow/example_dags/example_dag_decorator.py
[2025-08-20T08:37:03.283+0000] {logging_mixin.py:190} INFO - [2025-08-20T08:37:03.283+0000] {dag.py:3239} INFO - Sync 1 DAGs
[2025-08-20T08:37:03.299+0000] {logging_mixin.py:190} INFO - [2025-08-20T08:37:03.299+0000] {dag.py:4180} INFO - Setting next_dagrun for example_dag_decorator to None, run_after=None
[2025-08-20T08:37:03.385+0000] {processor.py:208} INFO - Processing /home/airflow/.local/lib/python3.12/site-packages/airflow/example_dags/example_dag_decorator.py took 0.276 seconds
[2025-08-20T08:37:33.427+0000] {processor.py:186} INFO - Started process (PID=139) to work on /home/airflow/.local/lib/python3.12/site-packages/airflow/example_dags/example_dag_decorator.py
[2025-08-20T08:37:33.428+0000] {processor.py:914} INFO - Processing file /home/airflow/.local/lib/python3.12/site-packages/airflow/example_dags/example_dag_decorator.py for tasks to queue
[2025-08-20T08:37:33.431+0000] {logging_mixin.py:190} INFO - [2025-08-20T08:37:33.431+0000] {dagbag.py:588} INFO - Filling up the DagBag from /home/airflow/.local/lib/python3.12/site-packages/airflow/example_dags/example_dag_decorator.py
[2025-08-20T08:37:33.448+0000] {processor.py:925} INFO - DAG(s) 'example_dag_decorator' retrieved from /home/airflow/.local/lib/python3.12/site-packages/airflow/example_dags/example_dag_decorator.py
[2025-08-20T08:37:33.480+0000] {logging_mixin.py:190} INFO - [2025-08-20T08:37:33.479+0000] {dag.py:3239} INFO - Sync 1 DAGs
[2025-08-20T08:37:33.497+0000] {logging_mixin.py:190} INFO - [2025-08-20T08:37:33.497+0000] {dag.py:4180} INFO - Setting next_dagrun for example_dag_decorator to None, run_after=None
[2025-08-20T08:37:33.903+0000] {processor.py:208} INFO - Processing /home/airflow/.local/lib/python3.12/site-packages/airflow/example_dags/example_dag_decorator.py took 0.484 seconds
[2025-08-20T08:38:04.550+0000] {processor.py:186} INFO - Started process (PID=195) to work on /home/airflow/.local/lib/python3.12/site-packages/airflow/example_dags/example_dag_decorator.py
[2025-08-20T08:38:04.551+0000] {processor.py:914} INFO - Processing file /home/airflow/.local/lib/python3.12/site-packages/airflow/example_dags/example_dag_decorator.py for tasks to queue
[2025-08-20T08:38:04.554+0000] {logging_mixin.py:190} INFO - [2025-08-20T08:38:04.554+0000] {dagbag.py:588} INFO - Filling up the DagBag from /home/airflow/.local/lib/python3.12/site-packages/airflow/example_dags/example_dag_decorator.py
[2025-08-20T08:38:04.570+0000] {processor.py:925} INFO - DAG(s) 'example_dag_decorator' retrieved from /home/airflow/.local/lib/python3.12/site-packages/airflow/example_dags/example_dag_decorator.py
[2025-08-20T08:38:04.727+0000] {logging_mixin.py:190} INFO - [2025-08-20T08:38:04.726+0000] {dag.py:3239} INFO - Sync 1 DAGs
[2025-08-20T08:38:04.748+0000] {logging_mixin.py:190} INFO - [2025-08-20T08:38:04.747+0000] {dag.py:4180} INFO - Setting next_dagrun for example_dag_decorator to None, run_after=None
[2025-08-20T08:38:04.772+0000] {processor.py:208} INFO - Processing /home/airflow/.local/lib/python3.12/site-packages/airflow/example_dags/example_dag_decorator.py took 0.229 seconds
[2025-08-20T08:38:35.028+0000] {processor.py:186} INFO - Started process (PID=251) to work on /home/airflow/.local/lib/python3.12/site-packages/airflow/example_dags/example_dag_decorator.py
[2025-08-20T08:38:35.030+0000] {processor.py:914} INFO - Processing file /home/airflow/.local/lib/python3.12/site-packages/airflow/example_dags/example_dag_decorator.py for tasks to queue
[2025-08-20T08:38:35.033+0000] {logging_mixin.py:190} INFO - [2025-08-20T08:38:35.032+0000] {dagbag.py:588} INFO - Filling up the DagBag from /home/airflow/.local/lib/python3.12/site-packages/airflow/example_dags/example_dag_decorator.py
[2025-08-20T08:38:35.049+0000] {processor.py:925} INFO - DAG(s) 'example_dag_decorator' retrieved from /home/airflow/.local/lib/python3.12/site-packages/airflow/example_dags/example_dag_decorator.py
[2025-08-20T08:38:35.194+0000] {logging_mixin.py:190} INFO - [2025-08-20T08:38:35.193+0000] {dag.py:3239} INFO - Sync 1 DAGs
[2025-08-20T08:38:35.209+0000] {logging_mixin.py:190} INFO - [2025-08-20T08:38:35.209+0000] {dag.py:4180} INFO - Setting next_dagrun for example_dag_decorator to None, run_after=None
[2025-08-20T08:38:35.229+0000] {processor.py:208} INFO - Processing /home/airflow/.local/lib/python3.12/site-packages/airflow/example_dags/example_dag_decorator.py took 0.209 seconds
[2025-08-20T08:39:05.597+0000] {processor.py:186} INFO - Started process (PID=307) to work on /home/airflow/.local/lib/python3.12/site-packages/airflow/example_dags/example_dag_decorator.py
[2025-08-20T08:39:05.598+0000] {processor.py:914} INFO - Processing file /home/airflow/.local/lib/python3.12/site-packages/airflow/example_dags/example_dag_decorator.py for tasks to queue
[2025-08-20T08:39:05.601+0000] {logging_mixin.py:190} INFO - [2025-08-20T08:39:05.601+0000] {dagbag.py:588} INFO - Filling up the DagBag from /home/airflow/.local/lib/python3.12/site-packages/airflow/example_dags/example_dag_decorator.py
[2025-08-20T08:39:05.616+0000] {processor.py:925} INFO - DAG(s) 'example_dag_decorator' retrieved from /home/airflow/.local/lib/python3.12/site-packages/airflow/example_dags/example_dag_decorator.py
[2025-08-20T08:39:05.764+0000] {logging_mixin.py:190} INFO - [2025-08-20T08:39:05.764+0000] {dag.py:3239} INFO - Sync 1 DAGs
[2025-08-20T08:39:05.779+0000] {logging_mixin.py:190} INFO - [2025-08-20T08:39:05.779+0000] {dag.py:4180} INFO - Setting next_dagrun for example_dag_decorator to None, run_after=None
[2025-08-20T08:39:05.799+0000] {processor.py:208} INFO - Processing /home/airflow/.local/lib/python3.12/site-packages/airflow/example_dags/example_dag_decorator.py took 0.211 seconds
[2025-08-20T08:40:39.367+0000] {processor.py:186} INFO - Started process (PID=27) to work on /home/airflow/.local/lib/python3.12/site-packages/airflow/example_dags/example_dag_decorator.py
[2025-08-20T08:40:39.369+0000] {processor.py:914} INFO - Processing file /home/airflow/.local/lib/python3.12/site-packages/airflow/example_dags/example_dag_decorator.py for tasks to queue
[2025-08-20T08:40:39.372+0000] {logging_mixin.py:190} INFO - [2025-08-20T08:40:39.372+0000] {dagbag.py:588} INFO - Filling up the DagBag from /home/airflow/.local/lib/python3.12/site-packages/airflow/example_dags/example_dag_decorator.py
[2025-08-20T08:40:39.422+0000] {processor.py:925} INFO - DAG(s) 'example_dag_decorator' retrieved from /home/airflow/.local/lib/python3.12/site-packages/airflow/example_dags/example_dag_decorator.py
[2025-08-20T08:40:41.825+0000] {logging_mixin.py:190} INFO - [2025-08-20T08:40:41.824+0000] {dag.py:3239} INFO - Sync 1 DAGs
[2025-08-20T08:40:41.841+0000] {logging_mixin.py:190} INFO - [2025-08-20T08:40:41.841+0000] {dag.py:4180} INFO - Setting next_dagrun for example_dag_decorator to None, run_after=None
[2025-08-20T08:40:42.303+0000] {processor.py:208} INFO - Processing /home/airflow/.local/lib/python3.12/site-packages/airflow/example_dags/example_dag_decorator.py took 2.952 seconds
[2025-08-20T08:41:12.613+0000] {processor.py:186} INFO - Started process (PID=83) to work on /home/airflow/.local/lib/python3.12/site-packages/airflow/example_dags/example_dag_decorator.py
[2025-08-20T08:41:12.614+0000] {processor.py:914} INFO - Processing file /home/airflow/.local/lib/python3.12/site-packages/airflow/example_dags/example_dag_decorator.py for tasks to queue
[2025-08-20T08:41:12.617+0000] {logging_mixin.py:190} INFO - [2025-08-20T08:41:12.617+0000] {dagbag.py:588} INFO - Filling up the DagBag from /home/airflow/.local/lib/python3.12/site-packages/airflow/example_dags/example_dag_decorator.py
[2025-08-20T08:41:12.633+0000] {processor.py:925} INFO - DAG(s) 'example_dag_decorator' retrieved from /home/airflow/.local/lib/python3.12/site-packages/airflow/example_dags/example_dag_decorator.py
[2025-08-20T08:41:12.791+0000] {logging_mixin.py:190} INFO - [2025-08-20T08:41:12.791+0000] {dag.py:3239} INFO - Sync 1 DAGs
[2025-08-20T08:41:12.808+0000] {logging_mixin.py:190} INFO - [2025-08-20T08:41:12.807+0000] {dag.py:4180} INFO - Setting next_dagrun for example_dag_decorator to None, run_after=None
[2025-08-20T08:41:13.213+0000] {processor.py:208} INFO - Processing /home/airflow/.local/lib/python3.12/site-packages/airflow/example_dags/example_dag_decorator.py took 0.610 seconds
[2025-08-20T08:41:43.262+0000] {processor.py:186} INFO - Started process (PID=139) to work on /home/airflow/.local/lib/python3.12/site-packages/airflow/example_dags/example_dag_decorator.py
[2025-08-20T08:41:43.263+0000] {processor.py:914} INFO - Processing file /home/airflow/.local/lib/python3.12/site-packages/airflow/example_dags/example_dag_decorator.py for tasks to queue
[2025-08-20T08:41:43.266+0000] {logging_mixin.py:190} INFO - [2025-08-20T08:41:43.266+0000] {dagbag.py:588} INFO - Filling up the DagBag from /home/airflow/.local/lib/python3.12/site-packages/airflow/example_dags/example_dag_decorator.py
[2025-08-20T08:41:43.283+0000] {processor.py:925} INFO - DAG(s) 'example_dag_decorator' retrieved from /home/airflow/.local/lib/python3.12/site-packages/airflow/example_dags/example_dag_decorator.py
[2025-08-20T08:41:43.430+0000] {logging_mixin.py:190} INFO - [2025-08-20T08:41:43.430+0000] {dag.py:3239} INFO - Sync 1 DAGs
[2025-08-20T08:41:43.446+0000] {logging_mixin.py:190} INFO - [2025-08-20T08:41:43.445+0000] {dag.py:4180} INFO - Setting next_dagrun for example_dag_decorator to None, run_after=None
[2025-08-20T08:41:43.466+0000] {processor.py:208} INFO - Processing /home/airflow/.local/lib/python3.12/site-packages/airflow/example_dags/example_dag_decorator.py took 0.213 seconds
[2025-08-20T08:42:13.666+0000] {processor.py:186} INFO - Started process (PID=195) to work on /home/airflow/.local/lib/python3.12/site-packages/airflow/example_dags/example_dag_decorator.py
[2025-08-20T08:42:13.668+0000] {processor.py:914} INFO - Processing file /home/airflow/.local/lib/python3.12/site-packages/airflow/example_dags/example_dag_decorator.py for tasks to queue
[2025-08-20T08:42:13.671+0000] {logging_mixin.py:190} INFO - [2025-08-20T08:42:13.670+0000] {dagbag.py:588} INFO - Filling up the DagBag from /home/airflow/.local/lib/python3.12/site-packages/airflow/example_dags/example_dag_decorator.py
[2025-08-20T08:42:13.687+0000] {processor.py:925} INFO - DAG(s) 'example_dag_decorator' retrieved from /home/airflow/.local/lib/python3.12/site-packages/airflow/example_dags/example_dag_decorator.py
[2025-08-20T08:42:13.841+0000] {logging_mixin.py:190} INFO - [2025-08-20T08:42:13.841+0000] {dag.py:3239} INFO - Sync 1 DAGs
[2025-08-20T08:42:13.856+0000] {logging_mixin.py:190} INFO - [2025-08-20T08:42:13.856+0000] {dag.py:4180} INFO - Setting next_dagrun for example_dag_decorator to None, run_after=None
[2025-08-20T08:42:13.877+0000] {processor.py:208} INFO - Processing /home/airflow/.local/lib/python3.12/site-packages/airflow/example_dags/example_dag_decorator.py took 0.220 seconds
[2025-08-20T08:42:44.043+0000] {processor.py:186} INFO - Started process (PID=251) to work on /home/airflow/.local/lib/python3.12/site-packages/airflow/example_dags/example_dag_decorator.py
[2025-08-20T08:42:44.045+0000] {processor.py:914} INFO - Processing file /home/airflow/.local/lib/python3.12/site-packages/airflow/example_dags/example_dag_decorator.py for tasks to queue
[2025-08-20T08:42:44.050+0000] {logging_mixin.py:190} INFO - [2025-08-20T08:42:44.049+0000] {dagbag.py:588} INFO - Filling up the DagBag from /home/airflow/.local/lib/python3.12/site-packages/airflow/example_dags/example_dag_decorator.py
[2025-08-20T08:42:44.070+0000] {processor.py:925} INFO - DAG(s) 'example_dag_decorator' retrieved from /home/airflow/.local/lib/python3.12/site-packages/airflow/example_dags/example_dag_decorator.py
[2025-08-20T08:42:44.219+0000] {logging_mixin.py:190} INFO - [2025-08-20T08:42:44.218+0000] {dag.py:3239} INFO - Sync 1 DAGs
[2025-08-20T08:42:44.236+0000] {logging_mixin.py:190} INFO - [2025-08-20T08:42:44.235+0000] {dag.py:4180} INFO - Setting next_dagrun for example_dag_decorator to None, run_after=None
[2025-08-20T08:42:44.263+0000] {processor.py:208} INFO - Processing /home/airflow/.local/lib/python3.12/site-packages/airflow/example_dags/example_dag_decorator.py took 0.228 seconds
[2025-08-20T08:43:14.759+0000] {processor.py:186} INFO - Started process (PID=307) to work on /home/airflow/.local/lib/python3.12/site-packages/airflow/example_dags/example_dag_decorator.py
[2025-08-20T08:43:14.761+0000] {processor.py:914} INFO - Processing file /home/airflow/.local/lib/python3.12/site-packages/airflow/example_dags/example_dag_decorator.py for tasks to queue
[2025-08-20T08:43:14.763+0000] {logging_mixin.py:190} INFO - [2025-08-20T08:43:14.763+0000] {dagbag.py:588} INFO - Filling up the DagBag from /home/airflow/.local/lib/python3.12/site-packages/airflow/example_dags/example_dag_decorator.py
[2025-08-20T08:43:14.779+0000] {processor.py:925} INFO - DAG(s) 'example_dag_decorator' retrieved from /home/airflow/.local/lib/python3.12/site-packages/airflow/example_dags/example_dag_decorator.py
[2025-08-20T08:43:14.946+0000] {logging_mixin.py:190} INFO - [2025-08-20T08:43:14.946+0000] {dag.py:3239} INFO - Sync 1 DAGs
[2025-08-20T08:43:14.964+0000] {logging_mixin.py:190} INFO - [2025-08-20T08:43:14.964+0000] {dag.py:4180} INFO - Setting next_dagrun for example_dag_decorator to None, run_after=None
[2025-08-20T08:43:14.987+0000] {processor.py:208} INFO - Processing /home/airflow/.local/lib/python3.12/site-packages/airflow/example_dags/example_dag_decorator.py took 0.236 seconds
[2025-08-20T08:43:45.256+0000] {processor.py:186} INFO - Started process (PID=363) to work on /home/airflow/.local/lib/python3.12/site-packages/airflow/example_dags/example_dag_decorator.py
[2025-08-20T08:43:45.257+0000] {processor.py:914} INFO - Processing file /home/airflow/.local/lib/python3.12/site-packages/airflow/example_dags/example_dag_decorator.py for tasks to queue
[2025-08-20T08:43:45.260+0000] {logging_mixin.py:190} INFO - [2025-08-20T08:43:45.260+0000] {dagbag.py:588} INFO - Filling up the DagBag from /home/airflow/.local/lib/python3.12/site-packages/airflow/example_dags/example_dag_decorator.py
[2025-08-20T08:43:45.276+0000] {processor.py:925} INFO - DAG(s) 'example_dag_decorator' retrieved from /home/airflow/.local/lib/python3.12/site-packages/airflow/example_dags/example_dag_decorator.py
[2025-08-20T08:43:45.427+0000] {logging_mixin.py:190} INFO - [2025-08-20T08:43:45.427+0000] {dag.py:3239} INFO - Sync 1 DAGs
[2025-08-20T08:43:45.444+0000] {logging_mixin.py:190} INFO - [2025-08-20T08:43:45.444+0000] {dag.py:4180} INFO - Setting next_dagrun for example_dag_decorator to None, run_after=None
[2025-08-20T08:43:45.464+0000] {processor.py:208} INFO - Processing /home/airflow/.local/lib/python3.12/site-packages/airflow/example_dags/example_dag_decorator.py took 0.217 seconds
[2025-08-20T08:44:15.696+0000] {processor.py:186} INFO - Started process (PID=419) to work on /home/airflow/.local/lib/python3.12/site-packages/airflow/example_dags/example_dag_decorator.py
[2025-08-20T08:44:15.698+0000] {processor.py:914} INFO - Processing file /home/airflow/.local/lib/python3.12/site-packages/airflow/example_dags/example_dag_decorator.py for tasks to queue
[2025-08-20T08:44:15.701+0000] {logging_mixin.py:190} INFO - [2025-08-20T08:44:15.700+0000] {dagbag.py:588} INFO - Filling up the DagBag from /home/airflow/.local/lib/python3.12/site-packages/airflow/example_dags/example_dag_decorator.py
[2025-08-20T08:44:15.717+0000] {processor.py:925} INFO - DAG(s) 'example_dag_decorator' retrieved from /home/airflow/.local/lib/python3.12/site-packages/airflow/example_dags/example_dag_decorator.py
[2025-08-20T08:44:15.863+0000] {logging_mixin.py:190} INFO - [2025-08-20T08:44:15.863+0000] {dag.py:3239} INFO - Sync 1 DAGs
[2025-08-20T08:44:15.879+0000] {logging_mixin.py:190} INFO - [2025-08-20T08:44:15.879+0000] {dag.py:4180} INFO - Setting next_dagrun for example_dag_decorator to None, run_after=None
[2025-08-20T08:44:15.900+0000] {processor.py:208} INFO - Processing /home/airflow/.local/lib/python3.12/site-packages/airflow/example_dags/example_dag_decorator.py took 0.211 seconds
[2025-08-20T08:44:46.143+0000] {processor.py:186} INFO - Started process (PID=475) to work on /home/airflow/.local/lib/python3.12/site-packages/airflow/example_dags/example_dag_decorator.py
[2025-08-20T08:44:46.144+0000] {processor.py:914} INFO - Processing file /home/airflow/.local/lib/python3.12/site-packages/airflow/example_dags/example_dag_decorator.py for tasks to queue
[2025-08-20T08:44:46.147+0000] {logging_mixin.py:190} INFO - [2025-08-20T08:44:46.146+0000] {dagbag.py:588} INFO - Filling up the DagBag from /home/airflow/.local/lib/python3.12/site-packages/airflow/example_dags/example_dag_decorator.py
[2025-08-20T08:44:46.163+0000] {processor.py:925} INFO - DAG(s) 'example_dag_decorator' retrieved from /home/airflow/.local/lib/python3.12/site-packages/airflow/example_dags/example_dag_decorator.py
[2025-08-20T08:44:46.307+0000] {logging_mixin.py:190} INFO - [2025-08-20T08:44:46.307+0000] {dag.py:3239} INFO - Sync 1 DAGs
[2025-08-20T08:44:46.322+0000] {logging_mixin.py:190} INFO - [2025-08-20T08:44:46.322+0000] {dag.py:4180} INFO - Setting next_dagrun for example_dag_decorator to None, run_after=None
[2025-08-20T08:44:46.345+0000] {processor.py:208} INFO - Processing /home/airflow/.local/lib/python3.12/site-packages/airflow/example_dags/example_dag_decorator.py took 0.210 seconds
[2025-08-20T08:45:16.546+0000] {processor.py:186} INFO - Started process (PID=531) to work on /home/airflow/.local/lib/python3.12/site-packages/airflow/example_dags/example_dag_decorator.py
[2025-08-20T08:45:16.548+0000] {processor.py:914} INFO - Processing file /home/airflow/.local/lib/python3.12/site-packages/airflow/example_dags/example_dag_decorator.py for tasks to queue
[2025-08-20T08:45:16.551+0000] {logging_mixin.py:190} INFO - [2025-08-20T08:45:16.550+0000] {dagbag.py:588} INFO - Filling up the DagBag from /home/airflow/.local/lib/python3.12/site-packages/airflow/example_dags/example_dag_decorator.py
[2025-08-20T08:45:16.568+0000] {processor.py:925} INFO - DAG(s) 'example_dag_decorator' retrieved from /home/airflow/.local/lib/python3.12/site-packages/airflow/example_dags/example_dag_decorator.py
[2025-08-20T08:45:16.738+0000] {logging_mixin.py:190} INFO - [2025-08-20T08:45:16.737+0000] {dag.py:3239} INFO - Sync 1 DAGs
[2025-08-20T08:45:16.755+0000] {logging_mixin.py:190} INFO - [2025-08-20T08:45:16.755+0000] {dag.py:4180} INFO - Setting next_dagrun for example_dag_decorator to None, run_after=None
[2025-08-20T08:45:16.776+0000] {processor.py:208} INFO - Processing /home/airflow/.local/lib/python3.12/site-packages/airflow/example_dags/example_dag_decorator.py took 0.237 seconds
[2025-08-20T08:46:18.216+0000] {processor.py:186} INFO - Started process (PID=27) to work on /home/airflow/.local/lib/python3.12/site-packages/airflow/example_dags/example_dag_decorator.py
[2025-08-20T08:46:18.219+0000] {processor.py:914} INFO - Processing file /home/airflow/.local/lib/python3.12/site-packages/airflow/example_dags/example_dag_decorator.py for tasks to queue
[2025-08-20T08:46:18.221+0000] {logging_mixin.py:190} INFO - [2025-08-20T08:46:18.221+0000] {dagbag.py:588} INFO - Filling up the DagBag from /home/airflow/.local/lib/python3.12/site-packages/airflow/example_dags/example_dag_decorator.py
[2025-08-20T08:46:18.269+0000] {processor.py:925} INFO - DAG(s) 'example_dag_decorator' retrieved from /home/airflow/.local/lib/python3.12/site-packages/airflow/example_dags/example_dag_decorator.py
[2025-08-20T08:46:20.638+0000] {logging_mixin.py:190} INFO - [2025-08-20T08:46:20.637+0000] {dag.py:3239} INFO - Sync 1 DAGs
[2025-08-20T08:46:20.653+0000] {logging_mixin.py:190} INFO - [2025-08-20T08:46:20.653+0000] {dag.py:4180} INFO - Setting next_dagrun for example_dag_decorator to None, run_after=None
[2025-08-20T08:46:20.763+0000] {processor.py:208} INFO - Processing /home/airflow/.local/lib/python3.12/site-packages/airflow/example_dags/example_dag_decorator.py took 2.591 seconds
[2025-08-20T08:46:50.859+0000] {processor.py:186} INFO - Started process (PID=82) to work on /home/airflow/.local/lib/python3.12/site-packages/airflow/example_dags/example_dag_decorator.py
[2025-08-20T08:46:50.861+0000] {processor.py:914} INFO - Processing file /home/airflow/.local/lib/python3.12/site-packages/airflow/example_dags/example_dag_decorator.py for tasks to queue
[2025-08-20T08:46:50.864+0000] {logging_mixin.py:190} INFO - [2025-08-20T08:46:50.863+0000] {dagbag.py:588} INFO - Filling up the DagBag from /home/airflow/.local/lib/python3.12/site-packages/airflow/example_dags/example_dag_decorator.py
[2025-08-20T08:46:50.880+0000] {processor.py:925} INFO - DAG(s) 'example_dag_decorator' retrieved from /home/airflow/.local/lib/python3.12/site-packages/airflow/example_dags/example_dag_decorator.py
[2025-08-20T08:46:51.027+0000] {logging_mixin.py:190} INFO - [2025-08-20T08:46:51.026+0000] {dag.py:3239} INFO - Sync 1 DAGs
[2025-08-20T08:46:51.043+0000] {logging_mixin.py:190} INFO - [2025-08-20T08:46:51.043+0000] {dag.py:4180} INFO - Setting next_dagrun for example_dag_decorator to None, run_after=None
[2025-08-20T08:46:51.131+0000] {processor.py:208} INFO - Processing /home/airflow/.local/lib/python3.12/site-packages/airflow/example_dags/example_dag_decorator.py took 0.280 seconds
[2025-08-20T08:47:21.453+0000] {processor.py:186} INFO - Started process (PID=138) to work on /home/airflow/.local/lib/python3.12/site-packages/airflow/example_dags/example_dag_decorator.py
[2025-08-20T08:47:21.454+0000] {processor.py:914} INFO - Processing file /home/airflow/.local/lib/python3.12/site-packages/airflow/example_dags/example_dag_decorator.py for tasks to queue
[2025-08-20T08:47:21.459+0000] {logging_mixin.py:190} INFO - [2025-08-20T08:47:21.458+0000] {dagbag.py:588} INFO - Filling up the DagBag from /home/airflow/.local/lib/python3.12/site-packages/airflow/example_dags/example_dag_decorator.py
[2025-08-20T08:47:21.479+0000] {processor.py:925} INFO - DAG(s) 'example_dag_decorator' retrieved from /home/airflow/.local/lib/python3.12/site-packages/airflow/example_dags/example_dag_decorator.py
[2025-08-20T08:47:21.644+0000] {logging_mixin.py:190} INFO - [2025-08-20T08:47:21.644+0000] {dag.py:3239} INFO - Sync 1 DAGs
[2025-08-20T08:47:21.661+0000] {logging_mixin.py:190} INFO - [2025-08-20T08:47:21.661+0000] {dag.py:4180} INFO - Setting next_dagrun for example_dag_decorator to None, run_after=None
[2025-08-20T08:47:21.887+0000] {processor.py:208} INFO - Processing /home/airflow/.local/lib/python3.12/site-packages/airflow/example_dags/example_dag_decorator.py took 0.446 seconds
[2025-08-20T08:47:52.747+0000] {processor.py:186} INFO - Started process (PID=194) to work on /home/airflow/.local/lib/python3.12/site-packages/airflow/example_dags/example_dag_decorator.py
[2025-08-20T08:47:52.749+0000] {processor.py:914} INFO - Processing file /home/airflow/.local/lib/python3.12/site-packages/airflow/example_dags/example_dag_decorator.py for tasks to queue
[2025-08-20T08:47:52.753+0000] {logging_mixin.py:190} INFO - [2025-08-20T08:47:52.752+0000] {dagbag.py:588} INFO - Filling up the DagBag from /home/airflow/.local/lib/python3.12/site-packages/airflow/example_dags/example_dag_decorator.py
[2025-08-20T08:47:52.769+0000] {processor.py:925} INFO - DAG(s) 'example_dag_decorator' retrieved from /home/airflow/.local/lib/python3.12/site-packages/airflow/example_dags/example_dag_decorator.py
[2025-08-20T08:47:52.914+0000] {logging_mixin.py:190} INFO - [2025-08-20T08:47:52.913+0000] {dag.py:3239} INFO - Sync 1 DAGs
[2025-08-20T08:47:52.929+0000] {logging_mixin.py:190} INFO - [2025-08-20T08:47:52.929+0000] {dag.py:4180} INFO - Setting next_dagrun for example_dag_decorator to None, run_after=None
[2025-08-20T08:47:52.950+0000] {processor.py:208} INFO - Processing /home/airflow/.local/lib/python3.12/site-packages/airflow/example_dags/example_dag_decorator.py took 0.210 seconds
