[2025-08-20T08:25:48.437+0000] {processor.py:186} INFO - Started process (PID=48) to work on /home/airflow/.local/lib/python3.12/site-packages/airflow/example_dags/example_dataset_alias.py
[2025-08-20T08:25:48.439+0000] {processor.py:914} INFO - Processing file /home/airflow/.local/lib/python3.12/site-packages/airflow/example_dags/example_dataset_alias.py for tasks to queue
[2025-08-20T08:25:48.442+0000] {logging_mixin.py:190} INFO - [2025-08-20T08:25:48.442+0000] {dagbag.py:588} INFO - Filling up the DagBag from /home/airflow/.local/lib/python3.12/site-packages/airflow/example_dags/example_dataset_alias.py
[2025-08-20T08:25:53.315+0000] {processor.py:925} INFO - DAG(s) 'dataset_s3_bucket_producer', 'dataset_s3_bucket_consumer', 'dataset_alias_example_alias_producer', 'dataset_alias_example_alias_consumer' retrieved from /home/airflow/.local/lib/python3.12/site-packages/airflow/example_dags/example_dataset_alias.py
[2025-08-20T08:25:53.344+0000] {logging_mixin.py:190} INFO - [2025-08-20T08:25:53.343+0000] {dag.py:3239} INFO - Sync 4 DAGs
[2025-08-20T08:25:53.373+0000] {logging_mixin.py:190} INFO - [2025-08-20T08:25:53.373+0000] {dag.py:4180} INFO - Setting next_dagrun for dataset_alias_example_alias_consumer to None, run_after=None
[2025-08-20T08:25:53.376+0000] {logging_mixin.py:190} INFO - [2025-08-20T08:25:53.376+0000] {dag.py:4180} INFO - Setting next_dagrun for dataset_alias_example_alias_producer to None, run_after=None
[2025-08-20T08:25:53.378+0000] {logging_mixin.py:190} INFO - [2025-08-20T08:25:53.377+0000] {dag.py:4180} INFO - Setting next_dagrun for dataset_s3_bucket_consumer to None, run_after=None
[2025-08-20T08:25:53.379+0000] {logging_mixin.py:190} INFO - [2025-08-20T08:25:53.379+0000] {dag.py:4180} INFO - Setting next_dagrun for dataset_s3_bucket_producer to None, run_after=None
[2025-08-20T08:25:53.706+0000] {processor.py:208} INFO - Processing /home/airflow/.local/lib/python3.12/site-packages/airflow/example_dags/example_dataset_alias.py took 5.278 seconds
[2025-08-20T08:26:23.892+0000] {processor.py:186} INFO - Started process (PID=104) to work on /home/airflow/.local/lib/python3.12/site-packages/airflow/example_dags/example_dataset_alias.py
[2025-08-20T08:26:23.893+0000] {processor.py:914} INFO - Processing file /home/airflow/.local/lib/python3.12/site-packages/airflow/example_dags/example_dataset_alias.py for tasks to queue
[2025-08-20T08:26:23.897+0000] {logging_mixin.py:190} INFO - [2025-08-20T08:26:23.896+0000] {dagbag.py:588} INFO - Filling up the DagBag from /home/airflow/.local/lib/python3.12/site-packages/airflow/example_dags/example_dataset_alias.py
[2025-08-20T08:26:24.149+0000] {processor.py:925} INFO - DAG(s) 'dataset_s3_bucket_consumer', 'dataset_alias_example_alias_producer', 'dataset_alias_example_alias_consumer', 'dataset_s3_bucket_producer' retrieved from /home/airflow/.local/lib/python3.12/site-packages/airflow/example_dags/example_dataset_alias.py
[2025-08-20T08:26:24.173+0000] {logging_mixin.py:190} INFO - [2025-08-20T08:26:24.173+0000] {dag.py:3239} INFO - Sync 4 DAGs
[2025-08-20T08:26:24.206+0000] {logging_mixin.py:190} INFO - [2025-08-20T08:26:24.205+0000] {dag.py:4180} INFO - Setting next_dagrun for dataset_alias_example_alias_consumer to None, run_after=None
[2025-08-20T08:26:24.209+0000] {logging_mixin.py:190} INFO - [2025-08-20T08:26:24.208+0000] {dag.py:4180} INFO - Setting next_dagrun for dataset_alias_example_alias_producer to None, run_after=None
[2025-08-20T08:26:24.210+0000] {logging_mixin.py:190} INFO - [2025-08-20T08:26:24.210+0000] {dag.py:4180} INFO - Setting next_dagrun for dataset_s3_bucket_consumer to None, run_after=None
[2025-08-20T08:26:24.211+0000] {logging_mixin.py:190} INFO - [2025-08-20T08:26:24.211+0000] {dag.py:4180} INFO - Setting next_dagrun for dataset_s3_bucket_producer to None, run_after=None
[2025-08-20T08:26:24.435+0000] {processor.py:208} INFO - Processing /home/airflow/.local/lib/python3.12/site-packages/airflow/example_dags/example_dataset_alias.py took 0.555 seconds
[2025-08-20T08:26:54.899+0000] {processor.py:186} INFO - Started process (PID=160) to work on /home/airflow/.local/lib/python3.12/site-packages/airflow/example_dags/example_dataset_alias.py
[2025-08-20T08:26:54.900+0000] {processor.py:914} INFO - Processing file /home/airflow/.local/lib/python3.12/site-packages/airflow/example_dags/example_dataset_alias.py for tasks to queue
[2025-08-20T08:26:54.904+0000] {logging_mixin.py:190} INFO - [2025-08-20T08:26:54.903+0000] {dagbag.py:588} INFO - Filling up the DagBag from /home/airflow/.local/lib/python3.12/site-packages/airflow/example_dags/example_dataset_alias.py
[2025-08-20T08:26:55.122+0000] {processor.py:925} INFO - DAG(s) 'dataset_alias_example_alias_consumer', 'dataset_s3_bucket_producer', 'dataset_alias_example_alias_producer', 'dataset_s3_bucket_consumer' retrieved from /home/airflow/.local/lib/python3.12/site-packages/airflow/example_dags/example_dataset_alias.py
[2025-08-20T08:26:55.146+0000] {logging_mixin.py:190} INFO - [2025-08-20T08:26:55.146+0000] {dag.py:3239} INFO - Sync 4 DAGs
[2025-08-20T08:26:55.178+0000] {logging_mixin.py:190} INFO - [2025-08-20T08:26:55.178+0000] {dag.py:4180} INFO - Setting next_dagrun for dataset_alias_example_alias_consumer to None, run_after=None
[2025-08-20T08:26:55.181+0000] {logging_mixin.py:190} INFO - [2025-08-20T08:26:55.181+0000] {dag.py:4180} INFO - Setting next_dagrun for dataset_alias_example_alias_producer to None, run_after=None
[2025-08-20T08:26:55.183+0000] {logging_mixin.py:190} INFO - [2025-08-20T08:26:55.182+0000] {dag.py:4180} INFO - Setting next_dagrun for dataset_s3_bucket_consumer to None, run_after=None
[2025-08-20T08:26:55.184+0000] {logging_mixin.py:190} INFO - [2025-08-20T08:26:55.184+0000] {dag.py:4180} INFO - Setting next_dagrun for dataset_s3_bucket_producer to None, run_after=None
[2025-08-20T08:26:55.373+0000] {processor.py:208} INFO - Processing /home/airflow/.local/lib/python3.12/site-packages/airflow/example_dags/example_dataset_alias.py took 0.483 seconds
[2025-08-20T08:27:25.682+0000] {processor.py:186} INFO - Started process (PID=216) to work on /home/airflow/.local/lib/python3.12/site-packages/airflow/example_dags/example_dataset_alias.py
[2025-08-20T08:27:25.684+0000] {processor.py:914} INFO - Processing file /home/airflow/.local/lib/python3.12/site-packages/airflow/example_dags/example_dataset_alias.py for tasks to queue
[2025-08-20T08:27:25.687+0000] {logging_mixin.py:190} INFO - [2025-08-20T08:27:25.687+0000] {dagbag.py:588} INFO - Filling up the DagBag from /home/airflow/.local/lib/python3.12/site-packages/airflow/example_dags/example_dataset_alias.py
[2025-08-20T08:27:25.899+0000] {processor.py:925} INFO - DAG(s) 'dataset_s3_bucket_consumer', 'dataset_alias_example_alias_consumer', 'dataset_alias_example_alias_producer', 'dataset_s3_bucket_producer' retrieved from /home/airflow/.local/lib/python3.12/site-packages/airflow/example_dags/example_dataset_alias.py
[2025-08-20T08:27:25.931+0000] {logging_mixin.py:190} INFO - [2025-08-20T08:27:25.931+0000] {dag.py:3239} INFO - Sync 4 DAGs
[2025-08-20T08:27:25.964+0000] {logging_mixin.py:190} INFO - [2025-08-20T08:27:25.964+0000] {dag.py:4180} INFO - Setting next_dagrun for dataset_alias_example_alias_consumer to None, run_after=None
[2025-08-20T08:27:25.967+0000] {logging_mixin.py:190} INFO - [2025-08-20T08:27:25.967+0000] {dag.py:4180} INFO - Setting next_dagrun for dataset_alias_example_alias_producer to None, run_after=None
[2025-08-20T08:27:25.968+0000] {logging_mixin.py:190} INFO - [2025-08-20T08:27:25.968+0000] {dag.py:4180} INFO - Setting next_dagrun for dataset_s3_bucket_consumer to None, run_after=None
[2025-08-20T08:27:25.969+0000] {logging_mixin.py:190} INFO - [2025-08-20T08:27:25.969+0000] {dag.py:4180} INFO - Setting next_dagrun for dataset_s3_bucket_producer to None, run_after=None
[2025-08-20T08:27:25.994+0000] {processor.py:208} INFO - Processing /home/airflow/.local/lib/python3.12/site-packages/airflow/example_dags/example_dataset_alias.py took 0.320 seconds
[2025-08-20T08:27:56.228+0000] {processor.py:186} INFO - Started process (PID=272) to work on /home/airflow/.local/lib/python3.12/site-packages/airflow/example_dags/example_dataset_alias.py
[2025-08-20T08:27:56.230+0000] {processor.py:914} INFO - Processing file /home/airflow/.local/lib/python3.12/site-packages/airflow/example_dags/example_dataset_alias.py for tasks to queue
[2025-08-20T08:27:56.233+0000] {logging_mixin.py:190} INFO - [2025-08-20T08:27:56.233+0000] {dagbag.py:588} INFO - Filling up the DagBag from /home/airflow/.local/lib/python3.12/site-packages/airflow/example_dags/example_dataset_alias.py
[2025-08-20T08:27:56.451+0000] {processor.py:925} INFO - DAG(s) 'dataset_s3_bucket_consumer', 'dataset_alias_example_alias_producer', 'dataset_alias_example_alias_consumer', 'dataset_s3_bucket_producer' retrieved from /home/airflow/.local/lib/python3.12/site-packages/airflow/example_dags/example_dataset_alias.py
[2025-08-20T08:27:56.476+0000] {logging_mixin.py:190} INFO - [2025-08-20T08:27:56.475+0000] {dag.py:3239} INFO - Sync 4 DAGs
[2025-08-20T08:27:56.504+0000] {logging_mixin.py:190} INFO - [2025-08-20T08:27:56.504+0000] {dag.py:4180} INFO - Setting next_dagrun for dataset_alias_example_alias_consumer to None, run_after=None
[2025-08-20T08:27:56.509+0000] {logging_mixin.py:190} INFO - [2025-08-20T08:27:56.508+0000] {dag.py:4180} INFO - Setting next_dagrun for dataset_alias_example_alias_producer to None, run_after=None
[2025-08-20T08:27:56.510+0000] {logging_mixin.py:190} INFO - [2025-08-20T08:27:56.510+0000] {dag.py:4180} INFO - Setting next_dagrun for dataset_s3_bucket_consumer to None, run_after=None
[2025-08-20T08:27:56.511+0000] {logging_mixin.py:190} INFO - [2025-08-20T08:27:56.511+0000] {dag.py:4180} INFO - Setting next_dagrun for dataset_s3_bucket_producer to None, run_after=None
[2025-08-20T08:27:56.537+0000] {processor.py:208} INFO - Processing /home/airflow/.local/lib/python3.12/site-packages/airflow/example_dags/example_dataset_alias.py took 0.318 seconds
[2025-08-20T08:28:26.659+0000] {processor.py:186} INFO - Started process (PID=328) to work on /home/airflow/.local/lib/python3.12/site-packages/airflow/example_dags/example_dataset_alias.py
[2025-08-20T08:28:26.661+0000] {processor.py:914} INFO - Processing file /home/airflow/.local/lib/python3.12/site-packages/airflow/example_dags/example_dataset_alias.py for tasks to queue
[2025-08-20T08:28:26.664+0000] {logging_mixin.py:190} INFO - [2025-08-20T08:28:26.663+0000] {dagbag.py:588} INFO - Filling up the DagBag from /home/airflow/.local/lib/python3.12/site-packages/airflow/example_dags/example_dataset_alias.py
[2025-08-20T08:28:26.877+0000] {processor.py:925} INFO - DAG(s) 'dataset_alias_example_alias_consumer', 'dataset_s3_bucket_producer', 'dataset_s3_bucket_consumer', 'dataset_alias_example_alias_producer' retrieved from /home/airflow/.local/lib/python3.12/site-packages/airflow/example_dags/example_dataset_alias.py
[2025-08-20T08:28:26.901+0000] {logging_mixin.py:190} INFO - [2025-08-20T08:28:26.900+0000] {dag.py:3239} INFO - Sync 4 DAGs
[2025-08-20T08:28:26.928+0000] {logging_mixin.py:190} INFO - [2025-08-20T08:28:26.928+0000] {dag.py:4180} INFO - Setting next_dagrun for dataset_alias_example_alias_consumer to None, run_after=None
[2025-08-20T08:28:26.931+0000] {logging_mixin.py:190} INFO - [2025-08-20T08:28:26.931+0000] {dag.py:4180} INFO - Setting next_dagrun for dataset_alias_example_alias_producer to None, run_after=None
[2025-08-20T08:28:26.932+0000] {logging_mixin.py:190} INFO - [2025-08-20T08:28:26.932+0000] {dag.py:4180} INFO - Setting next_dagrun for dataset_s3_bucket_consumer to None, run_after=None
[2025-08-20T08:28:26.933+0000] {logging_mixin.py:190} INFO - [2025-08-20T08:28:26.933+0000] {dag.py:4180} INFO - Setting next_dagrun for dataset_s3_bucket_producer to None, run_after=None
[2025-08-20T08:28:26.956+0000] {processor.py:208} INFO - Processing /home/airflow/.local/lib/python3.12/site-packages/airflow/example_dags/example_dataset_alias.py took 0.305 seconds
[2025-08-20T08:28:57.982+0000] {processor.py:186} INFO - Started process (PID=384) to work on /home/airflow/.local/lib/python3.12/site-packages/airflow/example_dags/example_dataset_alias.py
[2025-08-20T08:28:57.984+0000] {processor.py:914} INFO - Processing file /home/airflow/.local/lib/python3.12/site-packages/airflow/example_dags/example_dataset_alias.py for tasks to queue
[2025-08-20T08:28:57.987+0000] {logging_mixin.py:190} INFO - [2025-08-20T08:28:57.987+0000] {dagbag.py:588} INFO - Filling up the DagBag from /home/airflow/.local/lib/python3.12/site-packages/airflow/example_dags/example_dataset_alias.py
[2025-08-20T08:28:58.205+0000] {processor.py:925} INFO - DAG(s) 'dataset_alias_example_alias_consumer', 'dataset_alias_example_alias_producer', 'dataset_s3_bucket_consumer', 'dataset_s3_bucket_producer' retrieved from /home/airflow/.local/lib/python3.12/site-packages/airflow/example_dags/example_dataset_alias.py
[2025-08-20T08:28:58.231+0000] {logging_mixin.py:190} INFO - [2025-08-20T08:28:58.230+0000] {dag.py:3239} INFO - Sync 4 DAGs
[2025-08-20T08:28:58.260+0000] {logging_mixin.py:190} INFO - [2025-08-20T08:28:58.259+0000] {dag.py:4180} INFO - Setting next_dagrun for dataset_alias_example_alias_consumer to None, run_after=None
[2025-08-20T08:28:58.264+0000] {logging_mixin.py:190} INFO - [2025-08-20T08:28:58.263+0000] {dag.py:4180} INFO - Setting next_dagrun for dataset_alias_example_alias_producer to None, run_after=None
[2025-08-20T08:28:58.265+0000] {logging_mixin.py:190} INFO - [2025-08-20T08:28:58.265+0000] {dag.py:4180} INFO - Setting next_dagrun for dataset_s3_bucket_consumer to None, run_after=None
[2025-08-20T08:28:58.267+0000] {logging_mixin.py:190} INFO - [2025-08-20T08:28:58.266+0000] {dag.py:4180} INFO - Setting next_dagrun for dataset_s3_bucket_producer to None, run_after=None
[2025-08-20T08:28:58.293+0000] {processor.py:208} INFO - Processing /home/airflow/.local/lib/python3.12/site-packages/airflow/example_dags/example_dataset_alias.py took 0.318 seconds
[2025-08-20T08:30:22.981+0000] {processor.py:186} INFO - Started process (PID=46) to work on /home/airflow/.local/lib/python3.12/site-packages/airflow/example_dags/example_dataset_alias.py
[2025-08-20T08:30:22.983+0000] {processor.py:914} INFO - Processing file /home/airflow/.local/lib/python3.12/site-packages/airflow/example_dags/example_dataset_alias.py for tasks to queue
[2025-08-20T08:30:22.986+0000] {logging_mixin.py:190} INFO - [2025-08-20T08:30:22.985+0000] {dagbag.py:588} INFO - Filling up the DagBag from /home/airflow/.local/lib/python3.12/site-packages/airflow/example_dags/example_dataset_alias.py
[2025-08-20T08:30:23.210+0000] {processor.py:925} INFO - DAG(s) 'dataset_alias_example_alias_producer', 'dataset_alias_example_alias_consumer', 'dataset_s3_bucket_producer', 'dataset_s3_bucket_consumer' retrieved from /home/airflow/.local/lib/python3.12/site-packages/airflow/example_dags/example_dataset_alias.py
[2025-08-20T08:30:23.239+0000] {logging_mixin.py:190} INFO - [2025-08-20T08:30:23.239+0000] {dag.py:3239} INFO - Sync 4 DAGs
[2025-08-20T08:30:23.269+0000] {logging_mixin.py:190} INFO - [2025-08-20T08:30:23.269+0000] {dag.py:4180} INFO - Setting next_dagrun for dataset_alias_example_alias_consumer to None, run_after=None
[2025-08-20T08:30:23.272+0000] {logging_mixin.py:190} INFO - [2025-08-20T08:30:23.272+0000] {dag.py:4180} INFO - Setting next_dagrun for dataset_alias_example_alias_producer to None, run_after=None
[2025-08-20T08:30:23.273+0000] {logging_mixin.py:190} INFO - [2025-08-20T08:30:23.273+0000] {dag.py:4180} INFO - Setting next_dagrun for dataset_s3_bucket_consumer to None, run_after=None
[2025-08-20T08:30:23.275+0000] {logging_mixin.py:190} INFO - [2025-08-20T08:30:23.274+0000] {dag.py:4180} INFO - Setting next_dagrun for dataset_s3_bucket_producer to None, run_after=None
[2025-08-20T08:30:23.723+0000] {processor.py:208} INFO - Processing /home/airflow/.local/lib/python3.12/site-packages/airflow/example_dags/example_dataset_alias.py took 0.752 seconds
[2025-08-20T08:30:54.753+0000] {processor.py:186} INFO - Started process (PID=102) to work on /home/airflow/.local/lib/python3.12/site-packages/airflow/example_dags/example_dataset_alias.py
[2025-08-20T08:30:54.755+0000] {processor.py:914} INFO - Processing file /home/airflow/.local/lib/python3.12/site-packages/airflow/example_dags/example_dataset_alias.py for tasks to queue
[2025-08-20T08:30:54.758+0000] {logging_mixin.py:190} INFO - [2025-08-20T08:30:54.758+0000] {dagbag.py:588} INFO - Filling up the DagBag from /home/airflow/.local/lib/python3.12/site-packages/airflow/example_dags/example_dataset_alias.py
[2025-08-20T08:30:54.972+0000] {processor.py:925} INFO - DAG(s) 'dataset_alias_example_alias_producer', 'dataset_s3_bucket_producer', 'dataset_alias_example_alias_consumer', 'dataset_s3_bucket_consumer' retrieved from /home/airflow/.local/lib/python3.12/site-packages/airflow/example_dags/example_dataset_alias.py
[2025-08-20T08:30:54.995+0000] {logging_mixin.py:190} INFO - [2025-08-20T08:30:54.995+0000] {dag.py:3239} INFO - Sync 4 DAGs
[2025-08-20T08:30:55.025+0000] {logging_mixin.py:190} INFO - [2025-08-20T08:30:55.025+0000] {dag.py:4180} INFO - Setting next_dagrun for dataset_alias_example_alias_consumer to None, run_after=None
[2025-08-20T08:30:55.028+0000] {logging_mixin.py:190} INFO - [2025-08-20T08:30:55.028+0000] {dag.py:4180} INFO - Setting next_dagrun for dataset_alias_example_alias_producer to None, run_after=None
[2025-08-20T08:30:55.030+0000] {logging_mixin.py:190} INFO - [2025-08-20T08:30:55.030+0000] {dag.py:4180} INFO - Setting next_dagrun for dataset_s3_bucket_consumer to None, run_after=None
[2025-08-20T08:30:55.031+0000] {logging_mixin.py:190} INFO - [2025-08-20T08:30:55.031+0000] {dag.py:4180} INFO - Setting next_dagrun for dataset_s3_bucket_producer to None, run_after=None
[2025-08-20T08:30:55.337+0000] {processor.py:208} INFO - Processing /home/airflow/.local/lib/python3.12/site-packages/airflow/example_dags/example_dataset_alias.py took 0.593 seconds
[2025-08-20T08:31:25.604+0000] {processor.py:186} INFO - Started process (PID=158) to work on /home/airflow/.local/lib/python3.12/site-packages/airflow/example_dags/example_dataset_alias.py
[2025-08-20T08:31:25.606+0000] {processor.py:914} INFO - Processing file /home/airflow/.local/lib/python3.12/site-packages/airflow/example_dags/example_dataset_alias.py for tasks to queue
[2025-08-20T08:31:25.609+0000] {logging_mixin.py:190} INFO - [2025-08-20T08:31:25.609+0000] {dagbag.py:588} INFO - Filling up the DagBag from /home/airflow/.local/lib/python3.12/site-packages/airflow/example_dags/example_dataset_alias.py
[2025-08-20T08:31:25.819+0000] {processor.py:925} INFO - DAG(s) 'dataset_alias_example_alias_producer', 'dataset_s3_bucket_producer', 'dataset_alias_example_alias_consumer', 'dataset_s3_bucket_consumer' retrieved from /home/airflow/.local/lib/python3.12/site-packages/airflow/example_dags/example_dataset_alias.py
[2025-08-20T08:31:25.842+0000] {logging_mixin.py:190} INFO - [2025-08-20T08:31:25.842+0000] {dag.py:3239} INFO - Sync 4 DAGs
[2025-08-20T08:31:25.873+0000] {logging_mixin.py:190} INFO - [2025-08-20T08:31:25.872+0000] {dag.py:4180} INFO - Setting next_dagrun for dataset_alias_example_alias_consumer to None, run_after=None
[2025-08-20T08:31:25.876+0000] {logging_mixin.py:190} INFO - [2025-08-20T08:31:25.875+0000] {dag.py:4180} INFO - Setting next_dagrun for dataset_alias_example_alias_producer to None, run_after=None
[2025-08-20T08:31:25.877+0000] {logging_mixin.py:190} INFO - [2025-08-20T08:31:25.877+0000] {dag.py:4180} INFO - Setting next_dagrun for dataset_s3_bucket_consumer to None, run_after=None
[2025-08-20T08:31:25.878+0000] {logging_mixin.py:190} INFO - [2025-08-20T08:31:25.878+0000] {dag.py:4180} INFO - Setting next_dagrun for dataset_s3_bucket_producer to None, run_after=None
[2025-08-20T08:31:26.146+0000] {processor.py:208} INFO - Processing /home/airflow/.local/lib/python3.12/site-packages/airflow/example_dags/example_dataset_alias.py took 0.550 seconds
[2025-08-20T08:32:18.232+0000] {processor.py:186} INFO - Started process (PID=47) to work on /home/airflow/.local/lib/python3.12/site-packages/airflow/example_dags/example_dataset_alias.py
[2025-08-20T08:32:18.234+0000] {processor.py:914} INFO - Processing file /home/airflow/.local/lib/python3.12/site-packages/airflow/example_dags/example_dataset_alias.py for tasks to queue
[2025-08-20T08:32:18.237+0000] {logging_mixin.py:190} INFO - [2025-08-20T08:32:18.236+0000] {dagbag.py:588} INFO - Filling up the DagBag from /home/airflow/.local/lib/python3.12/site-packages/airflow/example_dags/example_dataset_alias.py
[2025-08-20T08:32:18.457+0000] {processor.py:925} INFO - DAG(s) 'dataset_alias_example_alias_producer', 'dataset_alias_example_alias_consumer', 'dataset_s3_bucket_producer', 'dataset_s3_bucket_consumer' retrieved from /home/airflow/.local/lib/python3.12/site-packages/airflow/example_dags/example_dataset_alias.py
[2025-08-20T08:32:18.488+0000] {logging_mixin.py:190} INFO - [2025-08-20T08:32:18.487+0000] {dag.py:3239} INFO - Sync 4 DAGs
[2025-08-20T08:32:18.516+0000] {logging_mixin.py:190} INFO - [2025-08-20T08:32:18.516+0000] {dag.py:4180} INFO - Setting next_dagrun for dataset_alias_example_alias_consumer to None, run_after=None
[2025-08-20T08:32:18.519+0000] {logging_mixin.py:190} INFO - [2025-08-20T08:32:18.519+0000] {dag.py:4180} INFO - Setting next_dagrun for dataset_alias_example_alias_producer to None, run_after=None
[2025-08-20T08:32:18.520+0000] {logging_mixin.py:190} INFO - [2025-08-20T08:32:18.520+0000] {dag.py:4180} INFO - Setting next_dagrun for dataset_s3_bucket_consumer to None, run_after=None
[2025-08-20T08:32:18.522+0000] {logging_mixin.py:190} INFO - [2025-08-20T08:32:18.521+0000] {dag.py:4180} INFO - Setting next_dagrun for dataset_s3_bucket_producer to None, run_after=None
[2025-08-20T08:32:18.548+0000] {processor.py:208} INFO - Processing /home/airflow/.local/lib/python3.12/site-packages/airflow/example_dags/example_dataset_alias.py took 0.325 seconds
[2025-08-20T08:32:49.476+0000] {processor.py:186} INFO - Started process (PID=103) to work on /home/airflow/.local/lib/python3.12/site-packages/airflow/example_dags/example_dataset_alias.py
[2025-08-20T08:32:49.477+0000] {processor.py:914} INFO - Processing file /home/airflow/.local/lib/python3.12/site-packages/airflow/example_dags/example_dataset_alias.py for tasks to queue
[2025-08-20T08:32:49.480+0000] {logging_mixin.py:190} INFO - [2025-08-20T08:32:49.479+0000] {dagbag.py:588} INFO - Filling up the DagBag from /home/airflow/.local/lib/python3.12/site-packages/airflow/example_dags/example_dataset_alias.py
[2025-08-20T08:32:49.684+0000] {processor.py:925} INFO - DAG(s) 'dataset_s3_bucket_consumer', 'dataset_s3_bucket_producer', 'dataset_alias_example_alias_producer', 'dataset_alias_example_alias_consumer' retrieved from /home/airflow/.local/lib/python3.12/site-packages/airflow/example_dags/example_dataset_alias.py
[2025-08-20T08:32:49.708+0000] {logging_mixin.py:190} INFO - [2025-08-20T08:32:49.707+0000] {dag.py:3239} INFO - Sync 4 DAGs
[2025-08-20T08:32:49.735+0000] {logging_mixin.py:190} INFO - [2025-08-20T08:32:49.735+0000] {dag.py:4180} INFO - Setting next_dagrun for dataset_alias_example_alias_consumer to None, run_after=None
[2025-08-20T08:32:49.738+0000] {logging_mixin.py:190} INFO - [2025-08-20T08:32:49.738+0000] {dag.py:4180} INFO - Setting next_dagrun for dataset_alias_example_alias_producer to None, run_after=None
[2025-08-20T08:32:49.739+0000] {logging_mixin.py:190} INFO - [2025-08-20T08:32:49.739+0000] {dag.py:4180} INFO - Setting next_dagrun for dataset_s3_bucket_consumer to None, run_after=None
[2025-08-20T08:32:49.741+0000] {logging_mixin.py:190} INFO - [2025-08-20T08:32:49.740+0000] {dag.py:4180} INFO - Setting next_dagrun for dataset_s3_bucket_producer to None, run_after=None
[2025-08-20T08:32:49.762+0000] {processor.py:208} INFO - Processing /home/airflow/.local/lib/python3.12/site-packages/airflow/example_dags/example_dataset_alias.py took 0.293 seconds
[2025-08-20T08:33:19.848+0000] {processor.py:186} INFO - Started process (PID=158) to work on /home/airflow/.local/lib/python3.12/site-packages/airflow/example_dags/example_dataset_alias.py
[2025-08-20T08:33:19.850+0000] {processor.py:914} INFO - Processing file /home/airflow/.local/lib/python3.12/site-packages/airflow/example_dags/example_dataset_alias.py for tasks to queue
[2025-08-20T08:33:19.853+0000] {logging_mixin.py:190} INFO - [2025-08-20T08:33:19.852+0000] {dagbag.py:588} INFO - Filling up the DagBag from /home/airflow/.local/lib/python3.12/site-packages/airflow/example_dags/example_dataset_alias.py
[2025-08-20T08:33:20.058+0000] {processor.py:925} INFO - DAG(s) 'dataset_s3_bucket_producer', 'dataset_s3_bucket_consumer', 'dataset_alias_example_alias_producer', 'dataset_alias_example_alias_consumer' retrieved from /home/airflow/.local/lib/python3.12/site-packages/airflow/example_dags/example_dataset_alias.py
[2025-08-20T08:33:20.081+0000] {logging_mixin.py:190} INFO - [2025-08-20T08:33:20.080+0000] {dag.py:3239} INFO - Sync 4 DAGs
[2025-08-20T08:33:20.116+0000] {logging_mixin.py:190} INFO - [2025-08-20T08:33:20.115+0000] {dag.py:4180} INFO - Setting next_dagrun for dataset_alias_example_alias_consumer to None, run_after=None
[2025-08-20T08:33:20.119+0000] {logging_mixin.py:190} INFO - [2025-08-20T08:33:20.118+0000] {dag.py:4180} INFO - Setting next_dagrun for dataset_alias_example_alias_producer to None, run_after=None
[2025-08-20T08:33:20.120+0000] {logging_mixin.py:190} INFO - [2025-08-20T08:33:20.120+0000] {dag.py:4180} INFO - Setting next_dagrun for dataset_s3_bucket_consumer to None, run_after=None
[2025-08-20T08:33:20.121+0000] {logging_mixin.py:190} INFO - [2025-08-20T08:33:20.121+0000] {dag.py:4180} INFO - Setting next_dagrun for dataset_s3_bucket_producer to None, run_after=None
[2025-08-20T08:33:20.145+0000] {processor.py:208} INFO - Processing /home/airflow/.local/lib/python3.12/site-packages/airflow/example_dags/example_dataset_alias.py took 0.305 seconds
[2025-08-20T08:33:50.410+0000] {processor.py:186} INFO - Started process (PID=214) to work on /home/airflow/.local/lib/python3.12/site-packages/airflow/example_dags/example_dataset_alias.py
[2025-08-20T08:33:50.412+0000] {processor.py:914} INFO - Processing file /home/airflow/.local/lib/python3.12/site-packages/airflow/example_dags/example_dataset_alias.py for tasks to queue
[2025-08-20T08:33:50.414+0000] {logging_mixin.py:190} INFO - [2025-08-20T08:33:50.414+0000] {dagbag.py:588} INFO - Filling up the DagBag from /home/airflow/.local/lib/python3.12/site-packages/airflow/example_dags/example_dataset_alias.py
[2025-08-20T08:33:50.616+0000] {processor.py:925} INFO - DAG(s) 'dataset_alias_example_alias_producer', 'dataset_alias_example_alias_consumer', 'dataset_s3_bucket_producer', 'dataset_s3_bucket_consumer' retrieved from /home/airflow/.local/lib/python3.12/site-packages/airflow/example_dags/example_dataset_alias.py
[2025-08-20T08:33:50.644+0000] {logging_mixin.py:190} INFO - [2025-08-20T08:33:50.644+0000] {dag.py:3239} INFO - Sync 4 DAGs
[2025-08-20T08:33:50.673+0000] {logging_mixin.py:190} INFO - [2025-08-20T08:33:50.673+0000] {dag.py:4180} INFO - Setting next_dagrun for dataset_alias_example_alias_consumer to None, run_after=None
[2025-08-20T08:33:50.676+0000] {logging_mixin.py:190} INFO - [2025-08-20T08:33:50.676+0000] {dag.py:4180} INFO - Setting next_dagrun for dataset_alias_example_alias_producer to None, run_after=None
[2025-08-20T08:33:50.677+0000] {logging_mixin.py:190} INFO - [2025-08-20T08:33:50.677+0000] {dag.py:4180} INFO - Setting next_dagrun for dataset_s3_bucket_consumer to None, run_after=None
[2025-08-20T08:33:50.678+0000] {logging_mixin.py:190} INFO - [2025-08-20T08:33:50.678+0000] {dag.py:4180} INFO - Setting next_dagrun for dataset_s3_bucket_producer to None, run_after=None
[2025-08-20T08:33:50.703+0000] {processor.py:208} INFO - Processing /home/airflow/.local/lib/python3.12/site-packages/airflow/example_dags/example_dataset_alias.py took 0.301 seconds
[2025-08-20T08:34:21.079+0000] {processor.py:186} INFO - Started process (PID=272) to work on /home/airflow/.local/lib/python3.12/site-packages/airflow/example_dags/example_dataset_alias.py
[2025-08-20T08:34:21.081+0000] {processor.py:914} INFO - Processing file /home/airflow/.local/lib/python3.12/site-packages/airflow/example_dags/example_dataset_alias.py for tasks to queue
[2025-08-20T08:34:21.083+0000] {logging_mixin.py:190} INFO - [2025-08-20T08:34:21.083+0000] {dagbag.py:588} INFO - Filling up the DagBag from /home/airflow/.local/lib/python3.12/site-packages/airflow/example_dags/example_dataset_alias.py
[2025-08-20T08:34:21.277+0000] {processor.py:925} INFO - DAG(s) 'dataset_alias_example_alias_producer', 'dataset_alias_example_alias_consumer', 'dataset_s3_bucket_consumer', 'dataset_s3_bucket_producer' retrieved from /home/airflow/.local/lib/python3.12/site-packages/airflow/example_dags/example_dataset_alias.py
[2025-08-20T08:34:21.310+0000] {logging_mixin.py:190} INFO - [2025-08-20T08:34:21.310+0000] {dag.py:3239} INFO - Sync 4 DAGs
[2025-08-20T08:34:21.341+0000] {logging_mixin.py:190} INFO - [2025-08-20T08:34:21.340+0000] {dag.py:4180} INFO - Setting next_dagrun for dataset_alias_example_alias_consumer to None, run_after=None
[2025-08-20T08:34:21.345+0000] {logging_mixin.py:190} INFO - [2025-08-20T08:34:21.345+0000] {dag.py:4180} INFO - Setting next_dagrun for dataset_alias_example_alias_producer to None, run_after=None
[2025-08-20T08:34:21.346+0000] {logging_mixin.py:190} INFO - [2025-08-20T08:34:21.346+0000] {dag.py:4180} INFO - Setting next_dagrun for dataset_s3_bucket_consumer to None, run_after=None
[2025-08-20T08:34:21.347+0000] {logging_mixin.py:190} INFO - [2025-08-20T08:34:21.347+0000] {dag.py:4180} INFO - Setting next_dagrun for dataset_s3_bucket_producer to None, run_after=None
[2025-08-20T08:34:21.373+0000] {processor.py:208} INFO - Processing /home/airflow/.local/lib/python3.12/site-packages/airflow/example_dags/example_dataset_alias.py took 0.301 seconds
[2025-08-20T08:34:51.603+0000] {processor.py:186} INFO - Started process (PID=328) to work on /home/airflow/.local/lib/python3.12/site-packages/airflow/example_dags/example_dataset_alias.py
[2025-08-20T08:34:51.604+0000] {processor.py:914} INFO - Processing file /home/airflow/.local/lib/python3.12/site-packages/airflow/example_dags/example_dataset_alias.py for tasks to queue
[2025-08-20T08:34:51.608+0000] {logging_mixin.py:190} INFO - [2025-08-20T08:34:51.607+0000] {dagbag.py:588} INFO - Filling up the DagBag from /home/airflow/.local/lib/python3.12/site-packages/airflow/example_dags/example_dataset_alias.py
[2025-08-20T08:34:51.811+0000] {processor.py:925} INFO - DAG(s) 'dataset_alias_example_alias_consumer', 'dataset_s3_bucket_consumer', 'dataset_s3_bucket_producer', 'dataset_alias_example_alias_producer' retrieved from /home/airflow/.local/lib/python3.12/site-packages/airflow/example_dags/example_dataset_alias.py
[2025-08-20T08:34:51.835+0000] {logging_mixin.py:190} INFO - [2025-08-20T08:34:51.835+0000] {dag.py:3239} INFO - Sync 4 DAGs
[2025-08-20T08:34:51.864+0000] {logging_mixin.py:190} INFO - [2025-08-20T08:34:51.864+0000] {dag.py:4180} INFO - Setting next_dagrun for dataset_alias_example_alias_consumer to None, run_after=None
[2025-08-20T08:34:51.867+0000] {logging_mixin.py:190} INFO - [2025-08-20T08:34:51.867+0000] {dag.py:4180} INFO - Setting next_dagrun for dataset_alias_example_alias_producer to None, run_after=None
[2025-08-20T08:34:51.868+0000] {logging_mixin.py:190} INFO - [2025-08-20T08:34:51.868+0000] {dag.py:4180} INFO - Setting next_dagrun for dataset_s3_bucket_consumer to None, run_after=None
[2025-08-20T08:34:51.870+0000] {logging_mixin.py:190} INFO - [2025-08-20T08:34:51.869+0000] {dag.py:4180} INFO - Setting next_dagrun for dataset_s3_bucket_producer to None, run_after=None
[2025-08-20T08:34:51.892+0000] {processor.py:208} INFO - Processing /home/airflow/.local/lib/python3.12/site-packages/airflow/example_dags/example_dataset_alias.py took 0.297 seconds
[2025-08-20T08:35:22.638+0000] {processor.py:186} INFO - Started process (PID=383) to work on /home/airflow/.local/lib/python3.12/site-packages/airflow/example_dags/example_dataset_alias.py
[2025-08-20T08:35:22.639+0000] {processor.py:914} INFO - Processing file /home/airflow/.local/lib/python3.12/site-packages/airflow/example_dags/example_dataset_alias.py for tasks to queue
[2025-08-20T08:35:22.642+0000] {logging_mixin.py:190} INFO - [2025-08-20T08:35:22.642+0000] {dagbag.py:588} INFO - Filling up the DagBag from /home/airflow/.local/lib/python3.12/site-packages/airflow/example_dags/example_dataset_alias.py
[2025-08-20T08:35:22.855+0000] {processor.py:925} INFO - DAG(s) 'dataset_s3_bucket_consumer', 'dataset_alias_example_alias_consumer', 'dataset_alias_example_alias_producer', 'dataset_s3_bucket_producer' retrieved from /home/airflow/.local/lib/python3.12/site-packages/airflow/example_dags/example_dataset_alias.py
[2025-08-20T08:35:22.879+0000] {logging_mixin.py:190} INFO - [2025-08-20T08:35:22.879+0000] {dag.py:3239} INFO - Sync 4 DAGs
[2025-08-20T08:35:22.914+0000] {logging_mixin.py:190} INFO - [2025-08-20T08:35:22.913+0000] {dag.py:4180} INFO - Setting next_dagrun for dataset_alias_example_alias_consumer to None, run_after=None
[2025-08-20T08:35:22.917+0000] {logging_mixin.py:190} INFO - [2025-08-20T08:35:22.917+0000] {dag.py:4180} INFO - Setting next_dagrun for dataset_alias_example_alias_producer to None, run_after=None
[2025-08-20T08:35:22.918+0000] {logging_mixin.py:190} INFO - [2025-08-20T08:35:22.918+0000] {dag.py:4180} INFO - Setting next_dagrun for dataset_s3_bucket_consumer to None, run_after=None
[2025-08-20T08:35:22.920+0000] {logging_mixin.py:190} INFO - [2025-08-20T08:35:22.920+0000] {dag.py:4180} INFO - Setting next_dagrun for dataset_s3_bucket_producer to None, run_after=None
[2025-08-20T08:35:22.949+0000] {processor.py:208} INFO - Processing /home/airflow/.local/lib/python3.12/site-packages/airflow/example_dags/example_dataset_alias.py took 0.319 seconds
[2025-08-20T08:36:37.219+0000] {processor.py:186} INFO - Started process (PID=47) to work on /home/airflow/.local/lib/python3.12/site-packages/airflow/example_dags/example_dataset_alias.py
[2025-08-20T08:36:37.221+0000] {processor.py:914} INFO - Processing file /home/airflow/.local/lib/python3.12/site-packages/airflow/example_dags/example_dataset_alias.py for tasks to queue
[2025-08-20T08:36:37.224+0000] {logging_mixin.py:190} INFO - [2025-08-20T08:36:37.223+0000] {dagbag.py:588} INFO - Filling up the DagBag from /home/airflow/.local/lib/python3.12/site-packages/airflow/example_dags/example_dataset_alias.py
[2025-08-20T08:36:38.060+0000] {processor.py:925} INFO - DAG(s) 'dataset_s3_bucket_consumer', 'dataset_alias_example_alias_consumer', 'dataset_s3_bucket_producer', 'dataset_alias_example_alias_producer' retrieved from /home/airflow/.local/lib/python3.12/site-packages/airflow/example_dags/example_dataset_alias.py
[2025-08-20T08:36:38.090+0000] {logging_mixin.py:190} INFO - [2025-08-20T08:36:38.089+0000] {dag.py:3239} INFO - Sync 4 DAGs
[2025-08-20T08:36:38.125+0000] {logging_mixin.py:190} INFO - [2025-08-20T08:36:38.124+0000] {dag.py:4180} INFO - Setting next_dagrun for dataset_alias_example_alias_consumer to None, run_after=None
[2025-08-20T08:36:38.128+0000] {logging_mixin.py:190} INFO - [2025-08-20T08:36:38.128+0000] {dag.py:4180} INFO - Setting next_dagrun for dataset_alias_example_alias_producer to None, run_after=None
[2025-08-20T08:36:38.130+0000] {logging_mixin.py:190} INFO - [2025-08-20T08:36:38.129+0000] {dag.py:4180} INFO - Setting next_dagrun for dataset_s3_bucket_consumer to None, run_after=None
[2025-08-20T08:36:38.131+0000] {logging_mixin.py:190} INFO - [2025-08-20T08:36:38.131+0000] {dag.py:4180} INFO - Setting next_dagrun for dataset_s3_bucket_producer to None, run_after=None
[2025-08-20T08:36:38.694+0000] {processor.py:208} INFO - Processing /home/airflow/.local/lib/python3.12/site-packages/airflow/example_dags/example_dataset_alias.py took 1.484 seconds
[2025-08-20T08:37:08.883+0000] {processor.py:186} INFO - Started process (PID=103) to work on /home/airflow/.local/lib/python3.12/site-packages/airflow/example_dags/example_dataset_alias.py
[2025-08-20T08:37:08.884+0000] {processor.py:914} INFO - Processing file /home/airflow/.local/lib/python3.12/site-packages/airflow/example_dags/example_dataset_alias.py for tasks to queue
[2025-08-20T08:37:08.887+0000] {logging_mixin.py:190} INFO - [2025-08-20T08:37:08.887+0000] {dagbag.py:588} INFO - Filling up the DagBag from /home/airflow/.local/lib/python3.12/site-packages/airflow/example_dags/example_dataset_alias.py
[2025-08-20T08:37:09.098+0000] {processor.py:925} INFO - DAG(s) 'dataset_s3_bucket_consumer', 'dataset_s3_bucket_producer', 'dataset_alias_example_alias_consumer', 'dataset_alias_example_alias_producer' retrieved from /home/airflow/.local/lib/python3.12/site-packages/airflow/example_dags/example_dataset_alias.py
[2025-08-20T08:37:09.123+0000] {logging_mixin.py:190} INFO - [2025-08-20T08:37:09.123+0000] {dag.py:3239} INFO - Sync 4 DAGs
[2025-08-20T08:37:09.153+0000] {logging_mixin.py:190} INFO - [2025-08-20T08:37:09.153+0000] {dag.py:4180} INFO - Setting next_dagrun for dataset_alias_example_alias_consumer to None, run_after=None
[2025-08-20T08:37:09.218+0000] {logging_mixin.py:190} INFO - [2025-08-20T08:37:09.217+0000] {dag.py:4180} INFO - Setting next_dagrun for dataset_alias_example_alias_producer to None, run_after=None
[2025-08-20T08:37:09.219+0000] {logging_mixin.py:190} INFO - [2025-08-20T08:37:09.219+0000] {dag.py:4180} INFO - Setting next_dagrun for dataset_s3_bucket_consumer to None, run_after=None
[2025-08-20T08:37:09.220+0000] {logging_mixin.py:190} INFO - [2025-08-20T08:37:09.220+0000] {dag.py:4180} INFO - Setting next_dagrun for dataset_s3_bucket_producer to None, run_after=None
[2025-08-20T08:37:09.699+0000] {processor.py:208} INFO - Processing /home/airflow/.local/lib/python3.12/site-packages/airflow/example_dags/example_dataset_alias.py took 0.825 seconds
[2025-08-20T08:37:40.032+0000] {processor.py:186} INFO - Started process (PID=159) to work on /home/airflow/.local/lib/python3.12/site-packages/airflow/example_dags/example_dataset_alias.py
[2025-08-20T08:37:40.033+0000] {processor.py:914} INFO - Processing file /home/airflow/.local/lib/python3.12/site-packages/airflow/example_dags/example_dataset_alias.py for tasks to queue
[2025-08-20T08:37:40.036+0000] {logging_mixin.py:190} INFO - [2025-08-20T08:37:40.036+0000] {dagbag.py:588} INFO - Filling up the DagBag from /home/airflow/.local/lib/python3.12/site-packages/airflow/example_dags/example_dataset_alias.py
[2025-08-20T08:37:40.241+0000] {processor.py:925} INFO - DAG(s) 'dataset_alias_example_alias_producer', 'dataset_s3_bucket_producer', 'dataset_s3_bucket_consumer', 'dataset_alias_example_alias_consumer' retrieved from /home/airflow/.local/lib/python3.12/site-packages/airflow/example_dags/example_dataset_alias.py
[2025-08-20T08:37:40.264+0000] {logging_mixin.py:190} INFO - [2025-08-20T08:37:40.264+0000] {dag.py:3239} INFO - Sync 4 DAGs
[2025-08-20T08:37:40.295+0000] {logging_mixin.py:190} INFO - [2025-08-20T08:37:40.294+0000] {dag.py:4180} INFO - Setting next_dagrun for dataset_alias_example_alias_consumer to None, run_after=None
[2025-08-20T08:37:40.298+0000] {logging_mixin.py:190} INFO - [2025-08-20T08:37:40.298+0000] {dag.py:4180} INFO - Setting next_dagrun for dataset_alias_example_alias_producer to None, run_after=None
[2025-08-20T08:37:40.300+0000] {logging_mixin.py:190} INFO - [2025-08-20T08:37:40.299+0000] {dag.py:4180} INFO - Setting next_dagrun for dataset_s3_bucket_consumer to None, run_after=None
[2025-08-20T08:37:40.301+0000] {logging_mixin.py:190} INFO - [2025-08-20T08:37:40.301+0000] {dag.py:4180} INFO - Setting next_dagrun for dataset_s3_bucket_producer to None, run_after=None
[2025-08-20T08:37:40.491+0000] {processor.py:208} INFO - Processing /home/airflow/.local/lib/python3.12/site-packages/airflow/example_dags/example_dataset_alias.py took 0.467 seconds
[2025-08-20T08:38:11.098+0000] {processor.py:186} INFO - Started process (PID=215) to work on /home/airflow/.local/lib/python3.12/site-packages/airflow/example_dags/example_dataset_alias.py
[2025-08-20T08:38:11.099+0000] {processor.py:914} INFO - Processing file /home/airflow/.local/lib/python3.12/site-packages/airflow/example_dags/example_dataset_alias.py for tasks to queue
[2025-08-20T08:38:11.101+0000] {logging_mixin.py:190} INFO - [2025-08-20T08:38:11.101+0000] {dagbag.py:588} INFO - Filling up the DagBag from /home/airflow/.local/lib/python3.12/site-packages/airflow/example_dags/example_dataset_alias.py
[2025-08-20T08:38:11.320+0000] {processor.py:925} INFO - DAG(s) 'dataset_s3_bucket_producer', 'dataset_alias_example_alias_producer', 'dataset_alias_example_alias_consumer', 'dataset_s3_bucket_consumer' retrieved from /home/airflow/.local/lib/python3.12/site-packages/airflow/example_dags/example_dataset_alias.py
[2025-08-20T08:38:11.342+0000] {logging_mixin.py:190} INFO - [2025-08-20T08:38:11.342+0000] {dag.py:3239} INFO - Sync 4 DAGs
[2025-08-20T08:38:11.376+0000] {logging_mixin.py:190} INFO - [2025-08-20T08:38:11.376+0000] {dag.py:4180} INFO - Setting next_dagrun for dataset_alias_example_alias_consumer to None, run_after=None
[2025-08-20T08:38:11.379+0000] {logging_mixin.py:190} INFO - [2025-08-20T08:38:11.379+0000] {dag.py:4180} INFO - Setting next_dagrun for dataset_alias_example_alias_producer to None, run_after=None
[2025-08-20T08:38:11.381+0000] {logging_mixin.py:190} INFO - [2025-08-20T08:38:11.380+0000] {dag.py:4180} INFO - Setting next_dagrun for dataset_s3_bucket_consumer to None, run_after=None
[2025-08-20T08:38:11.382+0000] {logging_mixin.py:190} INFO - [2025-08-20T08:38:11.381+0000] {dag.py:4180} INFO - Setting next_dagrun for dataset_s3_bucket_producer to None, run_after=None
[2025-08-20T08:38:11.404+0000] {processor.py:208} INFO - Processing /home/airflow/.local/lib/python3.12/site-packages/airflow/example_dags/example_dataset_alias.py took 0.314 seconds
[2025-08-20T08:38:41.646+0000] {processor.py:186} INFO - Started process (PID=271) to work on /home/airflow/.local/lib/python3.12/site-packages/airflow/example_dags/example_dataset_alias.py
[2025-08-20T08:38:41.648+0000] {processor.py:914} INFO - Processing file /home/airflow/.local/lib/python3.12/site-packages/airflow/example_dags/example_dataset_alias.py for tasks to queue
[2025-08-20T08:38:41.651+0000] {logging_mixin.py:190} INFO - [2025-08-20T08:38:41.650+0000] {dagbag.py:588} INFO - Filling up the DagBag from /home/airflow/.local/lib/python3.12/site-packages/airflow/example_dags/example_dataset_alias.py
[2025-08-20T08:38:41.848+0000] {processor.py:925} INFO - DAG(s) 'dataset_alias_example_alias_producer', 'dataset_s3_bucket_consumer', 'dataset_s3_bucket_producer', 'dataset_alias_example_alias_consumer' retrieved from /home/airflow/.local/lib/python3.12/site-packages/airflow/example_dags/example_dataset_alias.py
[2025-08-20T08:38:41.874+0000] {logging_mixin.py:190} INFO - [2025-08-20T08:38:41.873+0000] {dag.py:3239} INFO - Sync 4 DAGs
[2025-08-20T08:38:41.900+0000] {logging_mixin.py:190} INFO - [2025-08-20T08:38:41.899+0000] {dag.py:4180} INFO - Setting next_dagrun for dataset_alias_example_alias_consumer to None, run_after=None
[2025-08-20T08:38:41.902+0000] {logging_mixin.py:190} INFO - [2025-08-20T08:38:41.902+0000] {dag.py:4180} INFO - Setting next_dagrun for dataset_alias_example_alias_producer to None, run_after=None
[2025-08-20T08:38:41.903+0000] {logging_mixin.py:190} INFO - [2025-08-20T08:38:41.903+0000] {dag.py:4180} INFO - Setting next_dagrun for dataset_s3_bucket_consumer to None, run_after=None
[2025-08-20T08:38:41.905+0000] {logging_mixin.py:190} INFO - [2025-08-20T08:38:41.904+0000] {dag.py:4180} INFO - Setting next_dagrun for dataset_s3_bucket_producer to None, run_after=None
[2025-08-20T08:38:41.927+0000] {processor.py:208} INFO - Processing /home/airflow/.local/lib/python3.12/site-packages/airflow/example_dags/example_dataset_alias.py took 0.288 seconds
[2025-08-20T08:39:11.980+0000] {processor.py:186} INFO - Started process (PID=326) to work on /home/airflow/.local/lib/python3.12/site-packages/airflow/example_dags/example_dataset_alias.py
[2025-08-20T08:39:11.981+0000] {processor.py:914} INFO - Processing file /home/airflow/.local/lib/python3.12/site-packages/airflow/example_dags/example_dataset_alias.py for tasks to queue
[2025-08-20T08:39:11.985+0000] {logging_mixin.py:190} INFO - [2025-08-20T08:39:11.984+0000] {dagbag.py:588} INFO - Filling up the DagBag from /home/airflow/.local/lib/python3.12/site-packages/airflow/example_dags/example_dataset_alias.py
[2025-08-20T08:39:12.208+0000] {processor.py:925} INFO - DAG(s) 'dataset_s3_bucket_producer', 'dataset_alias_example_alias_consumer', 'dataset_alias_example_alias_producer', 'dataset_s3_bucket_consumer' retrieved from /home/airflow/.local/lib/python3.12/site-packages/airflow/example_dags/example_dataset_alias.py
[2025-08-20T08:39:12.237+0000] {logging_mixin.py:190} INFO - [2025-08-20T08:39:12.237+0000] {dag.py:3239} INFO - Sync 4 DAGs
[2025-08-20T08:39:12.271+0000] {logging_mixin.py:190} INFO - [2025-08-20T08:39:12.271+0000] {dag.py:4180} INFO - Setting next_dagrun for dataset_alias_example_alias_consumer to None, run_after=None
[2025-08-20T08:39:12.275+0000] {logging_mixin.py:190} INFO - [2025-08-20T08:39:12.274+0000] {dag.py:4180} INFO - Setting next_dagrun for dataset_alias_example_alias_producer to None, run_after=None
[2025-08-20T08:39:12.276+0000] {logging_mixin.py:190} INFO - [2025-08-20T08:39:12.276+0000] {dag.py:4180} INFO - Setting next_dagrun for dataset_s3_bucket_consumer to None, run_after=None
[2025-08-20T08:39:12.277+0000] {logging_mixin.py:190} INFO - [2025-08-20T08:39:12.277+0000] {dag.py:4180} INFO - Setting next_dagrun for dataset_s3_bucket_producer to None, run_after=None
[2025-08-20T08:39:12.304+0000] {processor.py:208} INFO - Processing /home/airflow/.local/lib/python3.12/site-packages/airflow/example_dags/example_dataset_alias.py took 0.333 seconds
[2025-08-20T08:40:45.811+0000] {processor.py:186} INFO - Started process (PID=47) to work on /home/airflow/.local/lib/python3.12/site-packages/airflow/example_dags/example_dataset_alias.py
[2025-08-20T08:40:45.813+0000] {processor.py:914} INFO - Processing file /home/airflow/.local/lib/python3.12/site-packages/airflow/example_dags/example_dataset_alias.py for tasks to queue
[2025-08-20T08:40:45.816+0000] {logging_mixin.py:190} INFO - [2025-08-20T08:40:45.816+0000] {dagbag.py:588} INFO - Filling up the DagBag from /home/airflow/.local/lib/python3.12/site-packages/airflow/example_dags/example_dataset_alias.py
[2025-08-20T08:40:52.105+0000] {processor.py:925} INFO - DAG(s) 'dataset_alias_example_alias_producer', 'dataset_s3_bucket_consumer', 'dataset_s3_bucket_producer', 'dataset_alias_example_alias_consumer' retrieved from /home/airflow/.local/lib/python3.12/site-packages/airflow/example_dags/example_dataset_alias.py
[2025-08-20T08:40:52.137+0000] {logging_mixin.py:190} INFO - [2025-08-20T08:40:52.137+0000] {dag.py:3239} INFO - Sync 4 DAGs
[2025-08-20T08:40:52.177+0000] {logging_mixin.py:190} INFO - [2025-08-20T08:40:52.176+0000] {dag.py:4180} INFO - Setting next_dagrun for dataset_alias_example_alias_consumer to None, run_after=None
[2025-08-20T08:40:52.180+0000] {logging_mixin.py:190} INFO - [2025-08-20T08:40:52.180+0000] {dag.py:4180} INFO - Setting next_dagrun for dataset_alias_example_alias_producer to None, run_after=None
[2025-08-20T08:40:52.182+0000] {logging_mixin.py:190} INFO - [2025-08-20T08:40:52.182+0000] {dag.py:4180} INFO - Setting next_dagrun for dataset_s3_bucket_consumer to None, run_after=None
[2025-08-20T08:40:52.183+0000] {logging_mixin.py:190} INFO - [2025-08-20T08:40:52.183+0000] {dag.py:4180} INFO - Setting next_dagrun for dataset_s3_bucket_producer to None, run_after=None
[2025-08-20T08:40:52.617+0000] {processor.py:208} INFO - Processing /home/airflow/.local/lib/python3.12/site-packages/airflow/example_dags/example_dataset_alias.py took 6.815 seconds
[2025-08-20T08:41:22.788+0000] {processor.py:186} INFO - Started process (PID=103) to work on /home/airflow/.local/lib/python3.12/site-packages/airflow/example_dags/example_dataset_alias.py
[2025-08-20T08:41:22.789+0000] {processor.py:914} INFO - Processing file /home/airflow/.local/lib/python3.12/site-packages/airflow/example_dags/example_dataset_alias.py for tasks to queue
[2025-08-20T08:41:22.792+0000] {logging_mixin.py:190} INFO - [2025-08-20T08:41:22.792+0000] {dagbag.py:588} INFO - Filling up the DagBag from /home/airflow/.local/lib/python3.12/site-packages/airflow/example_dags/example_dataset_alias.py
[2025-08-20T08:41:23.001+0000] {processor.py:925} INFO - DAG(s) 'dataset_alias_example_alias_producer', 'dataset_s3_bucket_consumer', 'dataset_s3_bucket_producer', 'dataset_alias_example_alias_consumer' retrieved from /home/airflow/.local/lib/python3.12/site-packages/airflow/example_dags/example_dataset_alias.py
[2025-08-20T08:41:23.034+0000] {logging_mixin.py:190} INFO - [2025-08-20T08:41:23.034+0000] {dag.py:3239} INFO - Sync 4 DAGs
[2025-08-20T08:41:23.065+0000] {logging_mixin.py:190} INFO - [2025-08-20T08:41:23.065+0000] {dag.py:4180} INFO - Setting next_dagrun for dataset_alias_example_alias_consumer to None, run_after=None
[2025-08-20T08:41:23.070+0000] {logging_mixin.py:190} INFO - [2025-08-20T08:41:23.070+0000] {dag.py:4180} INFO - Setting next_dagrun for dataset_alias_example_alias_producer to None, run_after=None
[2025-08-20T08:41:23.072+0000] {logging_mixin.py:190} INFO - [2025-08-20T08:41:23.072+0000] {dag.py:4180} INFO - Setting next_dagrun for dataset_s3_bucket_consumer to None, run_after=None
[2025-08-20T08:41:23.073+0000] {logging_mixin.py:190} INFO - [2025-08-20T08:41:23.073+0000] {dag.py:4180} INFO - Setting next_dagrun for dataset_s3_bucket_producer to None, run_after=None
[2025-08-20T08:41:23.305+0000] {processor.py:208} INFO - Processing /home/airflow/.local/lib/python3.12/site-packages/airflow/example_dags/example_dataset_alias.py took 0.527 seconds
[2025-08-20T08:41:53.824+0000] {processor.py:186} INFO - Started process (PID=159) to work on /home/airflow/.local/lib/python3.12/site-packages/airflow/example_dags/example_dataset_alias.py
[2025-08-20T08:41:53.826+0000] {processor.py:914} INFO - Processing file /home/airflow/.local/lib/python3.12/site-packages/airflow/example_dags/example_dataset_alias.py for tasks to queue
[2025-08-20T08:41:53.830+0000] {logging_mixin.py:190} INFO - [2025-08-20T08:41:53.830+0000] {dagbag.py:588} INFO - Filling up the DagBag from /home/airflow/.local/lib/python3.12/site-packages/airflow/example_dags/example_dataset_alias.py
[2025-08-20T08:41:54.047+0000] {processor.py:925} INFO - DAG(s) 'dataset_s3_bucket_producer', 'dataset_s3_bucket_consumer', 'dataset_alias_example_alias_producer', 'dataset_alias_example_alias_consumer' retrieved from /home/airflow/.local/lib/python3.12/site-packages/airflow/example_dags/example_dataset_alias.py
[2025-08-20T08:41:54.070+0000] {logging_mixin.py:190} INFO - [2025-08-20T08:41:54.070+0000] {dag.py:3239} INFO - Sync 4 DAGs
[2025-08-20T08:41:54.099+0000] {logging_mixin.py:190} INFO - [2025-08-20T08:41:54.099+0000] {dag.py:4180} INFO - Setting next_dagrun for dataset_alias_example_alias_consumer to None, run_after=None
[2025-08-20T08:41:54.102+0000] {logging_mixin.py:190} INFO - [2025-08-20T08:41:54.102+0000] {dag.py:4180} INFO - Setting next_dagrun for dataset_alias_example_alias_producer to None, run_after=None
[2025-08-20T08:41:54.104+0000] {logging_mixin.py:190} INFO - [2025-08-20T08:41:54.103+0000] {dag.py:4180} INFO - Setting next_dagrun for dataset_s3_bucket_consumer to None, run_after=None
[2025-08-20T08:41:54.105+0000] {logging_mixin.py:190} INFO - [2025-08-20T08:41:54.105+0000] {dag.py:4180} INFO - Setting next_dagrun for dataset_s3_bucket_producer to None, run_after=None
[2025-08-20T08:41:54.131+0000] {processor.py:208} INFO - Processing /home/airflow/.local/lib/python3.12/site-packages/airflow/example_dags/example_dataset_alias.py took 0.320 seconds
[2025-08-20T08:42:24.208+0000] {processor.py:186} INFO - Started process (PID=214) to work on /home/airflow/.local/lib/python3.12/site-packages/airflow/example_dags/example_dataset_alias.py
[2025-08-20T08:42:24.209+0000] {processor.py:914} INFO - Processing file /home/airflow/.local/lib/python3.12/site-packages/airflow/example_dags/example_dataset_alias.py for tasks to queue
[2025-08-20T08:42:24.213+0000] {logging_mixin.py:190} INFO - [2025-08-20T08:42:24.212+0000] {dagbag.py:588} INFO - Filling up the DagBag from /home/airflow/.local/lib/python3.12/site-packages/airflow/example_dags/example_dataset_alias.py
[2025-08-20T08:42:24.417+0000] {processor.py:925} INFO - DAG(s) 'dataset_alias_example_alias_consumer', 'dataset_s3_bucket_consumer', 'dataset_s3_bucket_producer', 'dataset_alias_example_alias_producer' retrieved from /home/airflow/.local/lib/python3.12/site-packages/airflow/example_dags/example_dataset_alias.py
[2025-08-20T08:42:24.441+0000] {logging_mixin.py:190} INFO - [2025-08-20T08:42:24.441+0000] {dag.py:3239} INFO - Sync 4 DAGs
[2025-08-20T08:42:24.470+0000] {logging_mixin.py:190} INFO - [2025-08-20T08:42:24.470+0000] {dag.py:4180} INFO - Setting next_dagrun for dataset_alias_example_alias_consumer to None, run_after=None
[2025-08-20T08:42:24.473+0000] {logging_mixin.py:190} INFO - [2025-08-20T08:42:24.473+0000] {dag.py:4180} INFO - Setting next_dagrun for dataset_alias_example_alias_producer to None, run_after=None
[2025-08-20T08:42:24.474+0000] {logging_mixin.py:190} INFO - [2025-08-20T08:42:24.474+0000] {dag.py:4180} INFO - Setting next_dagrun for dataset_s3_bucket_consumer to None, run_after=None
[2025-08-20T08:42:24.476+0000] {logging_mixin.py:190} INFO - [2025-08-20T08:42:24.475+0000] {dag.py:4180} INFO - Setting next_dagrun for dataset_s3_bucket_producer to None, run_after=None
[2025-08-20T08:42:24.499+0000] {processor.py:208} INFO - Processing /home/airflow/.local/lib/python3.12/site-packages/airflow/example_dags/example_dataset_alias.py took 0.300 seconds
[2025-08-20T08:42:54.668+0000] {processor.py:186} INFO - Started process (PID=270) to work on /home/airflow/.local/lib/python3.12/site-packages/airflow/example_dags/example_dataset_alias.py
[2025-08-20T08:42:54.670+0000] {processor.py:914} INFO - Processing file /home/airflow/.local/lib/python3.12/site-packages/airflow/example_dags/example_dataset_alias.py for tasks to queue
[2025-08-20T08:42:54.673+0000] {logging_mixin.py:190} INFO - [2025-08-20T08:42:54.673+0000] {dagbag.py:588} INFO - Filling up the DagBag from /home/airflow/.local/lib/python3.12/site-packages/airflow/example_dags/example_dataset_alias.py
[2025-08-20T08:42:54.889+0000] {processor.py:925} INFO - DAG(s) 'dataset_alias_example_alias_producer', 'dataset_s3_bucket_producer', 'dataset_s3_bucket_consumer', 'dataset_alias_example_alias_consumer' retrieved from /home/airflow/.local/lib/python3.12/site-packages/airflow/example_dags/example_dataset_alias.py
[2025-08-20T08:42:54.916+0000] {logging_mixin.py:190} INFO - [2025-08-20T08:42:54.915+0000] {dag.py:3239} INFO - Sync 4 DAGs
[2025-08-20T08:42:54.943+0000] {logging_mixin.py:190} INFO - [2025-08-20T08:42:54.943+0000] {dag.py:4180} INFO - Setting next_dagrun for dataset_alias_example_alias_consumer to None, run_after=None
[2025-08-20T08:42:54.946+0000] {logging_mixin.py:190} INFO - [2025-08-20T08:42:54.946+0000] {dag.py:4180} INFO - Setting next_dagrun for dataset_alias_example_alias_producer to None, run_after=None
[2025-08-20T08:42:54.947+0000] {logging_mixin.py:190} INFO - [2025-08-20T08:42:54.947+0000] {dag.py:4180} INFO - Setting next_dagrun for dataset_s3_bucket_consumer to None, run_after=None
[2025-08-20T08:42:54.949+0000] {logging_mixin.py:190} INFO - [2025-08-20T08:42:54.948+0000] {dag.py:4180} INFO - Setting next_dagrun for dataset_s3_bucket_producer to None, run_after=None
[2025-08-20T08:42:54.971+0000] {processor.py:208} INFO - Processing /home/airflow/.local/lib/python3.12/site-packages/airflow/example_dags/example_dataset_alias.py took 0.312 seconds
[2025-08-20T08:43:25.234+0000] {processor.py:186} INFO - Started process (PID=326) to work on /home/airflow/.local/lib/python3.12/site-packages/airflow/example_dags/example_dataset_alias.py
[2025-08-20T08:43:25.235+0000] {processor.py:914} INFO - Processing file /home/airflow/.local/lib/python3.12/site-packages/airflow/example_dags/example_dataset_alias.py for tasks to queue
[2025-08-20T08:43:25.239+0000] {logging_mixin.py:190} INFO - [2025-08-20T08:43:25.239+0000] {dagbag.py:588} INFO - Filling up the DagBag from /home/airflow/.local/lib/python3.12/site-packages/airflow/example_dags/example_dataset_alias.py
[2025-08-20T08:43:25.505+0000] {processor.py:925} INFO - DAG(s) 'dataset_alias_example_alias_producer', 'dataset_s3_bucket_consumer', 'dataset_s3_bucket_producer', 'dataset_alias_example_alias_consumer' retrieved from /home/airflow/.local/lib/python3.12/site-packages/airflow/example_dags/example_dataset_alias.py
[2025-08-20T08:43:25.535+0000] {logging_mixin.py:190} INFO - [2025-08-20T08:43:25.535+0000] {dag.py:3239} INFO - Sync 4 DAGs
[2025-08-20T08:43:25.568+0000] {logging_mixin.py:190} INFO - [2025-08-20T08:43:25.568+0000] {dag.py:4180} INFO - Setting next_dagrun for dataset_alias_example_alias_consumer to None, run_after=None
[2025-08-20T08:43:25.571+0000] {logging_mixin.py:190} INFO - [2025-08-20T08:43:25.571+0000] {dag.py:4180} INFO - Setting next_dagrun for dataset_alias_example_alias_producer to None, run_after=None
[2025-08-20T08:43:25.573+0000] {logging_mixin.py:190} INFO - [2025-08-20T08:43:25.572+0000] {dag.py:4180} INFO - Setting next_dagrun for dataset_s3_bucket_consumer to None, run_after=None
[2025-08-20T08:43:25.574+0000] {logging_mixin.py:190} INFO - [2025-08-20T08:43:25.574+0000] {dag.py:4180} INFO - Setting next_dagrun for dataset_s3_bucket_producer to None, run_after=None
[2025-08-20T08:43:25.604+0000] {processor.py:208} INFO - Processing /home/airflow/.local/lib/python3.12/site-packages/airflow/example_dags/example_dataset_alias.py took 0.380 seconds
[2025-08-20T08:43:55.729+0000] {processor.py:186} INFO - Started process (PID=382) to work on /home/airflow/.local/lib/python3.12/site-packages/airflow/example_dags/example_dataset_alias.py
[2025-08-20T08:43:55.730+0000] {processor.py:914} INFO - Processing file /home/airflow/.local/lib/python3.12/site-packages/airflow/example_dags/example_dataset_alias.py for tasks to queue
[2025-08-20T08:43:55.734+0000] {logging_mixin.py:190} INFO - [2025-08-20T08:43:55.734+0000] {dagbag.py:588} INFO - Filling up the DagBag from /home/airflow/.local/lib/python3.12/site-packages/airflow/example_dags/example_dataset_alias.py
[2025-08-20T08:43:55.960+0000] {processor.py:925} INFO - DAG(s) 'dataset_s3_bucket_producer', 'dataset_s3_bucket_consumer', 'dataset_alias_example_alias_consumer', 'dataset_alias_example_alias_producer' retrieved from /home/airflow/.local/lib/python3.12/site-packages/airflow/example_dags/example_dataset_alias.py
[2025-08-20T08:43:55.984+0000] {logging_mixin.py:190} INFO - [2025-08-20T08:43:55.984+0000] {dag.py:3239} INFO - Sync 4 DAGs
[2025-08-20T08:43:56.016+0000] {logging_mixin.py:190} INFO - [2025-08-20T08:43:56.016+0000] {dag.py:4180} INFO - Setting next_dagrun for dataset_alias_example_alias_consumer to None, run_after=None
[2025-08-20T08:43:56.019+0000] {logging_mixin.py:190} INFO - [2025-08-20T08:43:56.019+0000] {dag.py:4180} INFO - Setting next_dagrun for dataset_alias_example_alias_producer to None, run_after=None
[2025-08-20T08:43:56.021+0000] {logging_mixin.py:190} INFO - [2025-08-20T08:43:56.020+0000] {dag.py:4180} INFO - Setting next_dagrun for dataset_s3_bucket_consumer to None, run_after=None
[2025-08-20T08:43:56.022+0000] {logging_mixin.py:190} INFO - [2025-08-20T08:43:56.022+0000] {dag.py:4180} INFO - Setting next_dagrun for dataset_s3_bucket_producer to None, run_after=None
[2025-08-20T08:43:56.047+0000] {processor.py:208} INFO - Processing /home/airflow/.local/lib/python3.12/site-packages/airflow/example_dags/example_dataset_alias.py took 0.327 seconds
[2025-08-20T08:44:26.341+0000] {processor.py:186} INFO - Started process (PID=438) to work on /home/airflow/.local/lib/python3.12/site-packages/airflow/example_dags/example_dataset_alias.py
[2025-08-20T08:44:26.344+0000] {processor.py:914} INFO - Processing file /home/airflow/.local/lib/python3.12/site-packages/airflow/example_dags/example_dataset_alias.py for tasks to queue
[2025-08-20T08:44:26.347+0000] {logging_mixin.py:190} INFO - [2025-08-20T08:44:26.347+0000] {dagbag.py:588} INFO - Filling up the DagBag from /home/airflow/.local/lib/python3.12/site-packages/airflow/example_dags/example_dataset_alias.py
[2025-08-20T08:44:26.560+0000] {processor.py:925} INFO - DAG(s) 'dataset_alias_example_alias_consumer', 'dataset_alias_example_alias_producer', 'dataset_s3_bucket_producer', 'dataset_s3_bucket_consumer' retrieved from /home/airflow/.local/lib/python3.12/site-packages/airflow/example_dags/example_dataset_alias.py
[2025-08-20T08:44:26.587+0000] {logging_mixin.py:190} INFO - [2025-08-20T08:44:26.587+0000] {dag.py:3239} INFO - Sync 4 DAGs
[2025-08-20T08:44:26.620+0000] {logging_mixin.py:190} INFO - [2025-08-20T08:44:26.620+0000] {dag.py:4180} INFO - Setting next_dagrun for dataset_alias_example_alias_consumer to None, run_after=None
[2025-08-20T08:44:26.623+0000] {logging_mixin.py:190} INFO - [2025-08-20T08:44:26.623+0000] {dag.py:4180} INFO - Setting next_dagrun for dataset_alias_example_alias_producer to None, run_after=None
[2025-08-20T08:44:26.624+0000] {logging_mixin.py:190} INFO - [2025-08-20T08:44:26.624+0000] {dag.py:4180} INFO - Setting next_dagrun for dataset_s3_bucket_consumer to None, run_after=None
[2025-08-20T08:44:26.626+0000] {logging_mixin.py:190} INFO - [2025-08-20T08:44:26.625+0000] {dag.py:4180} INFO - Setting next_dagrun for dataset_s3_bucket_producer to None, run_after=None
[2025-08-20T08:44:26.651+0000] {processor.py:208} INFO - Processing /home/airflow/.local/lib/python3.12/site-packages/airflow/example_dags/example_dataset_alias.py took 0.319 seconds
[2025-08-20T08:44:56.802+0000] {processor.py:186} INFO - Started process (PID=494) to work on /home/airflow/.local/lib/python3.12/site-packages/airflow/example_dags/example_dataset_alias.py
[2025-08-20T08:44:56.804+0000] {processor.py:914} INFO - Processing file /home/airflow/.local/lib/python3.12/site-packages/airflow/example_dags/example_dataset_alias.py for tasks to queue
[2025-08-20T08:44:56.807+0000] {logging_mixin.py:190} INFO - [2025-08-20T08:44:56.807+0000] {dagbag.py:588} INFO - Filling up the DagBag from /home/airflow/.local/lib/python3.12/site-packages/airflow/example_dags/example_dataset_alias.py
[2025-08-20T08:44:57.012+0000] {processor.py:925} INFO - DAG(s) 'dataset_alias_example_alias_consumer', 'dataset_s3_bucket_consumer', 'dataset_alias_example_alias_producer', 'dataset_s3_bucket_producer' retrieved from /home/airflow/.local/lib/python3.12/site-packages/airflow/example_dags/example_dataset_alias.py
[2025-08-20T08:44:57.037+0000] {logging_mixin.py:190} INFO - [2025-08-20T08:44:57.037+0000] {dag.py:3239} INFO - Sync 4 DAGs
[2025-08-20T08:44:57.067+0000] {logging_mixin.py:190} INFO - [2025-08-20T08:44:57.066+0000] {dag.py:4180} INFO - Setting next_dagrun for dataset_alias_example_alias_consumer to None, run_after=None
[2025-08-20T08:44:57.070+0000] {logging_mixin.py:190} INFO - [2025-08-20T08:44:57.069+0000] {dag.py:4180} INFO - Setting next_dagrun for dataset_alias_example_alias_producer to None, run_after=None
[2025-08-20T08:44:57.071+0000] {logging_mixin.py:190} INFO - [2025-08-20T08:44:57.071+0000] {dag.py:4180} INFO - Setting next_dagrun for dataset_s3_bucket_consumer to None, run_after=None
[2025-08-20T08:44:57.072+0000] {logging_mixin.py:190} INFO - [2025-08-20T08:44:57.072+0000] {dag.py:4180} INFO - Setting next_dagrun for dataset_s3_bucket_producer to None, run_after=None
[2025-08-20T08:44:57.098+0000] {processor.py:208} INFO - Processing /home/airflow/.local/lib/python3.12/site-packages/airflow/example_dags/example_dataset_alias.py took 0.304 seconds
[2025-08-20T08:46:25.313+0000] {processor.py:186} INFO - Started process (PID=47) to work on /home/airflow/.local/lib/python3.12/site-packages/airflow/example_dags/example_dataset_alias.py
[2025-08-20T08:46:25.314+0000] {processor.py:914} INFO - Processing file /home/airflow/.local/lib/python3.12/site-packages/airflow/example_dags/example_dataset_alias.py for tasks to queue
[2025-08-20T08:46:25.318+0000] {logging_mixin.py:190} INFO - [2025-08-20T08:46:25.318+0000] {dagbag.py:588} INFO - Filling up the DagBag from /home/airflow/.local/lib/python3.12/site-packages/airflow/example_dags/example_dataset_alias.py
[2025-08-20T08:46:25.547+0000] {processor.py:925} INFO - DAG(s) 'dataset_s3_bucket_consumer', 'dataset_alias_example_alias_producer', 'dataset_alias_example_alias_consumer', 'dataset_s3_bucket_producer' retrieved from /home/airflow/.local/lib/python3.12/site-packages/airflow/example_dags/example_dataset_alias.py
[2025-08-20T08:46:25.574+0000] {logging_mixin.py:190} INFO - [2025-08-20T08:46:25.574+0000] {dag.py:3239} INFO - Sync 4 DAGs
[2025-08-20T08:46:25.607+0000] {logging_mixin.py:190} INFO - [2025-08-20T08:46:25.607+0000] {dag.py:4180} INFO - Setting next_dagrun for dataset_alias_example_alias_consumer to None, run_after=None
[2025-08-20T08:46:25.610+0000] {logging_mixin.py:190} INFO - [2025-08-20T08:46:25.610+0000] {dag.py:4180} INFO - Setting next_dagrun for dataset_alias_example_alias_producer to None, run_after=None
[2025-08-20T08:46:25.612+0000] {logging_mixin.py:190} INFO - [2025-08-20T08:46:25.611+0000] {dag.py:4180} INFO - Setting next_dagrun for dataset_s3_bucket_consumer to None, run_after=None
[2025-08-20T08:46:25.613+0000] {logging_mixin.py:190} INFO - [2025-08-20T08:46:25.613+0000] {dag.py:4180} INFO - Setting next_dagrun for dataset_s3_bucket_producer to None, run_after=None
[2025-08-20T08:46:25.770+0000] {processor.py:208} INFO - Processing /home/airflow/.local/lib/python3.12/site-packages/airflow/example_dags/example_dataset_alias.py took 0.467 seconds
[2025-08-20T08:46:56.253+0000] {processor.py:186} INFO - Started process (PID=103) to work on /home/airflow/.local/lib/python3.12/site-packages/airflow/example_dags/example_dataset_alias.py
[2025-08-20T08:46:56.254+0000] {processor.py:914} INFO - Processing file /home/airflow/.local/lib/python3.12/site-packages/airflow/example_dags/example_dataset_alias.py for tasks to queue
[2025-08-20T08:46:56.257+0000] {logging_mixin.py:190} INFO - [2025-08-20T08:46:56.257+0000] {dagbag.py:588} INFO - Filling up the DagBag from /home/airflow/.local/lib/python3.12/site-packages/airflow/example_dags/example_dataset_alias.py
[2025-08-20T08:46:56.458+0000] {processor.py:925} INFO - DAG(s) 'dataset_s3_bucket_producer', 'dataset_s3_bucket_consumer', 'dataset_alias_example_alias_consumer', 'dataset_alias_example_alias_producer' retrieved from /home/airflow/.local/lib/python3.12/site-packages/airflow/example_dags/example_dataset_alias.py
[2025-08-20T08:46:56.483+0000] {logging_mixin.py:190} INFO - [2025-08-20T08:46:56.482+0000] {dag.py:3239} INFO - Sync 4 DAGs
[2025-08-20T08:46:56.512+0000] {logging_mixin.py:190} INFO - [2025-08-20T08:46:56.511+0000] {dag.py:4180} INFO - Setting next_dagrun for dataset_alias_example_alias_consumer to None, run_after=None
[2025-08-20T08:46:56.517+0000] {logging_mixin.py:190} INFO - [2025-08-20T08:46:56.517+0000] {dag.py:4180} INFO - Setting next_dagrun for dataset_alias_example_alias_producer to None, run_after=None
[2025-08-20T08:46:56.518+0000] {logging_mixin.py:190} INFO - [2025-08-20T08:46:56.518+0000] {dag.py:4180} INFO - Setting next_dagrun for dataset_s3_bucket_consumer to None, run_after=None
[2025-08-20T08:46:56.519+0000] {logging_mixin.py:190} INFO - [2025-08-20T08:46:56.519+0000] {dag.py:4180} INFO - Setting next_dagrun for dataset_s3_bucket_producer to None, run_after=None
[2025-08-20T08:46:56.655+0000] {processor.py:208} INFO - Processing /home/airflow/.local/lib/python3.12/site-packages/airflow/example_dags/example_dataset_alias.py took 0.410 seconds
[2025-08-20T08:47:26.799+0000] {processor.py:186} INFO - Started process (PID=158) to work on /home/airflow/.local/lib/python3.12/site-packages/airflow/example_dags/example_dataset_alias.py
[2025-08-20T08:47:26.801+0000] {processor.py:914} INFO - Processing file /home/airflow/.local/lib/python3.12/site-packages/airflow/example_dags/example_dataset_alias.py for tasks to queue
[2025-08-20T08:47:26.804+0000] {logging_mixin.py:190} INFO - [2025-08-20T08:47:26.803+0000] {dagbag.py:588} INFO - Filling up the DagBag from /home/airflow/.local/lib/python3.12/site-packages/airflow/example_dags/example_dataset_alias.py
[2025-08-20T08:47:27.020+0000] {processor.py:925} INFO - DAG(s) 'dataset_alias_example_alias_producer', 'dataset_s3_bucket_producer', 'dataset_alias_example_alias_consumer', 'dataset_s3_bucket_consumer' retrieved from /home/airflow/.local/lib/python3.12/site-packages/airflow/example_dags/example_dataset_alias.py
[2025-08-20T08:47:27.049+0000] {logging_mixin.py:190} INFO - [2025-08-20T08:47:27.048+0000] {dag.py:3239} INFO - Sync 4 DAGs
[2025-08-20T08:47:27.079+0000] {logging_mixin.py:190} INFO - [2025-08-20T08:47:27.079+0000] {dag.py:4180} INFO - Setting next_dagrun for dataset_alias_example_alias_consumer to None, run_after=None
[2025-08-20T08:47:27.082+0000] {logging_mixin.py:190} INFO - [2025-08-20T08:47:27.082+0000] {dag.py:4180} INFO - Setting next_dagrun for dataset_alias_example_alias_producer to None, run_after=None
[2025-08-20T08:47:27.083+0000] {logging_mixin.py:190} INFO - [2025-08-20T08:47:27.083+0000] {dag.py:4180} INFO - Setting next_dagrun for dataset_s3_bucket_consumer to None, run_after=None
[2025-08-20T08:47:27.085+0000] {logging_mixin.py:190} INFO - [2025-08-20T08:47:27.084+0000] {dag.py:4180} INFO - Setting next_dagrun for dataset_s3_bucket_producer to None, run_after=None
[2025-08-20T08:47:27.309+0000] {processor.py:208} INFO - Processing /home/airflow/.local/lib/python3.12/site-packages/airflow/example_dags/example_dataset_alias.py took 0.518 seconds
[2025-08-20T08:47:57.667+0000] {processor.py:186} INFO - Started process (PID=214) to work on /home/airflow/.local/lib/python3.12/site-packages/airflow/example_dags/example_dataset_alias.py
[2025-08-20T08:47:57.669+0000] {processor.py:914} INFO - Processing file /home/airflow/.local/lib/python3.12/site-packages/airflow/example_dags/example_dataset_alias.py for tasks to queue
[2025-08-20T08:47:57.672+0000] {logging_mixin.py:190} INFO - [2025-08-20T08:47:57.671+0000] {dagbag.py:588} INFO - Filling up the DagBag from /home/airflow/.local/lib/python3.12/site-packages/airflow/example_dags/example_dataset_alias.py
[2025-08-20T08:47:57.909+0000] {processor.py:925} INFO - DAG(s) 'dataset_s3_bucket_consumer', 'dataset_s3_bucket_producer', 'dataset_alias_example_alias_producer', 'dataset_alias_example_alias_consumer' retrieved from /home/airflow/.local/lib/python3.12/site-packages/airflow/example_dags/example_dataset_alias.py
[2025-08-20T08:47:57.939+0000] {logging_mixin.py:190} INFO - [2025-08-20T08:47:57.939+0000] {dag.py:3239} INFO - Sync 4 DAGs
[2025-08-20T08:47:57.968+0000] {logging_mixin.py:190} INFO - [2025-08-20T08:47:57.968+0000] {dag.py:4180} INFO - Setting next_dagrun for dataset_alias_example_alias_consumer to None, run_after=None
[2025-08-20T08:47:57.972+0000] {logging_mixin.py:190} INFO - [2025-08-20T08:47:57.972+0000] {dag.py:4180} INFO - Setting next_dagrun for dataset_alias_example_alias_producer to None, run_after=None
[2025-08-20T08:47:57.973+0000] {logging_mixin.py:190} INFO - [2025-08-20T08:47:57.973+0000] {dag.py:4180} INFO - Setting next_dagrun for dataset_s3_bucket_consumer to None, run_after=None
[2025-08-20T08:47:57.975+0000] {logging_mixin.py:190} INFO - [2025-08-20T08:47:57.975+0000] {dag.py:4180} INFO - Setting next_dagrun for dataset_s3_bucket_producer to None, run_after=None
[2025-08-20T08:47:57.998+0000] {processor.py:208} INFO - Processing /home/airflow/.local/lib/python3.12/site-packages/airflow/example_dags/example_dataset_alias.py took 0.339 seconds
