[2025-08-20T08:25:58.751+0000] {processor.py:186} INFO - Started process (PID=70) to work on /home/airflow/.local/lib/python3.12/site-packages/airflow/example_dags/example_branch_datetime_operator.py
[2025-08-20T08:25:58.972+0000] {processor.py:914} INFO - Processing file /home/airflow/.local/lib/python3.12/site-packages/airflow/example_dags/example_branch_datetime_operator.py for tasks to queue
[2025-08-20T08:25:58.975+0000] {logging_mixin.py:190} INFO - [2025-08-20T08:25:58.975+0000] {dagbag.py:588} INFO - Filling up the DagBag from /home/airflow/.local/lib/python3.12/site-packages/airflow/example_dags/example_branch_datetime_operator.py
[2025-08-20T08:25:58.993+0000] {processor.py:925} INFO - DAG(s) 'example_branch_datetime_operator_3', 'example_branch_datetime_operator', 'example_branch_datetime_operator_2' retrieved from /home/airflow/.local/lib/python3.12/site-packages/airflow/example_dags/example_branch_datetime_operator.py
[2025-08-20T08:25:59.035+0000] {logging_mixin.py:190} INFO - [2025-08-20T08:25:59.035+0000] {dag.py:3239} INFO - Sync 3 DAGs
[2025-08-20T08:25:59.070+0000] {logging_mixin.py:190} INFO - [2025-08-20T08:25:59.070+0000] {dag.py:4180} INFO - Setting next_dagrun for example_branch_datetime_operator to 2025-08-19 00:00:00+00:00, run_after=2025-08-20 00:00:00+00:00
[2025-08-20T08:25:59.078+0000] {logging_mixin.py:190} INFO - [2025-08-20T08:25:59.077+0000] {dag.py:4180} INFO - Setting next_dagrun for example_branch_datetime_operator_2 to 2025-08-19 00:00:00+00:00, run_after=2025-08-20 00:00:00+00:00
[2025-08-20T08:25:59.081+0000] {logging_mixin.py:190} INFO - [2025-08-20T08:25:59.081+0000] {dag.py:4180} INFO - Setting next_dagrun for example_branch_datetime_operator_3 to 2025-08-19 00:00:00+00:00, run_after=2025-08-20 00:00:00+00:00
[2025-08-20T08:25:59.313+0000] {processor.py:208} INFO - Processing /home/airflow/.local/lib/python3.12/site-packages/airflow/example_dags/example_branch_datetime_operator.py took 0.571 seconds
[2025-08-20T08:26:30.289+0000] {processor.py:186} INFO - Started process (PID=126) to work on /home/airflow/.local/lib/python3.12/site-packages/airflow/example_dags/example_branch_datetime_operator.py
[2025-08-20T08:26:30.290+0000] {processor.py:914} INFO - Processing file /home/airflow/.local/lib/python3.12/site-packages/airflow/example_dags/example_branch_datetime_operator.py for tasks to queue
[2025-08-20T08:26:30.293+0000] {logging_mixin.py:190} INFO - [2025-08-20T08:26:30.293+0000] {dagbag.py:588} INFO - Filling up the DagBag from /home/airflow/.local/lib/python3.12/site-packages/airflow/example_dags/example_branch_datetime_operator.py
[2025-08-20T08:26:30.309+0000] {processor.py:925} INFO - DAG(s) 'example_branch_datetime_operator_3', 'example_branch_datetime_operator', 'example_branch_datetime_operator_2' retrieved from /home/airflow/.local/lib/python3.12/site-packages/airflow/example_dags/example_branch_datetime_operator.py
[2025-08-20T08:26:30.350+0000] {logging_mixin.py:190} INFO - [2025-08-20T08:26:30.349+0000] {dag.py:3239} INFO - Sync 3 DAGs
[2025-08-20T08:26:30.385+0000] {logging_mixin.py:190} INFO - [2025-08-20T08:26:30.385+0000] {dag.py:4180} INFO - Setting next_dagrun for example_branch_datetime_operator to 2025-08-19 00:00:00+00:00, run_after=2025-08-20 00:00:00+00:00
[2025-08-20T08:26:30.392+0000] {logging_mixin.py:190} INFO - [2025-08-20T08:26:30.392+0000] {dag.py:4180} INFO - Setting next_dagrun for example_branch_datetime_operator_2 to 2025-08-19 00:00:00+00:00, run_after=2025-08-20 00:00:00+00:00
[2025-08-20T08:26:30.395+0000] {logging_mixin.py:190} INFO - [2025-08-20T08:26:30.395+0000] {dag.py:4180} INFO - Setting next_dagrun for example_branch_datetime_operator_3 to 2025-08-19 00:00:00+00:00, run_after=2025-08-20 00:00:00+00:00
[2025-08-20T08:26:30.821+0000] {processor.py:208} INFO - Processing /home/airflow/.local/lib/python3.12/site-packages/airflow/example_dags/example_branch_datetime_operator.py took 0.540 seconds
[2025-08-20T08:27:01.638+0000] {processor.py:186} INFO - Started process (PID=182) to work on /home/airflow/.local/lib/python3.12/site-packages/airflow/example_dags/example_branch_datetime_operator.py
[2025-08-20T08:27:01.640+0000] {processor.py:914} INFO - Processing file /home/airflow/.local/lib/python3.12/site-packages/airflow/example_dags/example_branch_datetime_operator.py for tasks to queue
[2025-08-20T08:27:01.644+0000] {logging_mixin.py:190} INFO - [2025-08-20T08:27:01.643+0000] {dagbag.py:588} INFO - Filling up the DagBag from /home/airflow/.local/lib/python3.12/site-packages/airflow/example_dags/example_branch_datetime_operator.py
[2025-08-20T08:27:01.659+0000] {processor.py:925} INFO - DAG(s) 'example_branch_datetime_operator_3', 'example_branch_datetime_operator_2', 'example_branch_datetime_operator' retrieved from /home/airflow/.local/lib/python3.12/site-packages/airflow/example_dags/example_branch_datetime_operator.py
[2025-08-20T08:27:01.696+0000] {logging_mixin.py:190} INFO - [2025-08-20T08:27:01.695+0000] {dag.py:3239} INFO - Sync 3 DAGs
[2025-08-20T08:27:01.731+0000] {logging_mixin.py:190} INFO - [2025-08-20T08:27:01.730+0000] {dag.py:4180} INFO - Setting next_dagrun for example_branch_datetime_operator to 2025-08-19 00:00:00+00:00, run_after=2025-08-20 00:00:00+00:00
[2025-08-20T08:27:01.736+0000] {logging_mixin.py:190} INFO - [2025-08-20T08:27:01.736+0000] {dag.py:4180} INFO - Setting next_dagrun for example_branch_datetime_operator_2 to 2025-08-19 00:00:00+00:00, run_after=2025-08-20 00:00:00+00:00
[2025-08-20T08:27:01.739+0000] {logging_mixin.py:190} INFO - [2025-08-20T08:27:01.739+0000] {dag.py:4180} INFO - Setting next_dagrun for example_branch_datetime_operator_3 to 2025-08-19 00:00:00+00:00, run_after=2025-08-20 00:00:00+00:00
[2025-08-20T08:27:02.052+0000] {processor.py:208} INFO - Processing /home/airflow/.local/lib/python3.12/site-packages/airflow/example_dags/example_branch_datetime_operator.py took 0.425 seconds
[2025-08-20T08:27:32.421+0000] {processor.py:186} INFO - Started process (PID=238) to work on /home/airflow/.local/lib/python3.12/site-packages/airflow/example_dags/example_branch_datetime_operator.py
[2025-08-20T08:27:32.423+0000] {processor.py:914} INFO - Processing file /home/airflow/.local/lib/python3.12/site-packages/airflow/example_dags/example_branch_datetime_operator.py for tasks to queue
[2025-08-20T08:27:32.426+0000] {logging_mixin.py:190} INFO - [2025-08-20T08:27:32.426+0000] {dagbag.py:588} INFO - Filling up the DagBag from /home/airflow/.local/lib/python3.12/site-packages/airflow/example_dags/example_branch_datetime_operator.py
[2025-08-20T08:27:32.442+0000] {processor.py:925} INFO - DAG(s) 'example_branch_datetime_operator', 'example_branch_datetime_operator_3', 'example_branch_datetime_operator_2' retrieved from /home/airflow/.local/lib/python3.12/site-packages/airflow/example_dags/example_branch_datetime_operator.py
[2025-08-20T08:27:32.476+0000] {logging_mixin.py:190} INFO - [2025-08-20T08:27:32.476+0000] {dag.py:3239} INFO - Sync 3 DAGs
[2025-08-20T08:27:32.511+0000] {logging_mixin.py:190} INFO - [2025-08-20T08:27:32.511+0000] {dag.py:4180} INFO - Setting next_dagrun for example_branch_datetime_operator to 2025-08-19 00:00:00+00:00, run_after=2025-08-20 00:00:00+00:00
[2025-08-20T08:27:32.517+0000] {logging_mixin.py:190} INFO - [2025-08-20T08:27:32.517+0000] {dag.py:4180} INFO - Setting next_dagrun for example_branch_datetime_operator_2 to 2025-08-19 00:00:00+00:00, run_after=2025-08-20 00:00:00+00:00
[2025-08-20T08:27:32.520+0000] {logging_mixin.py:190} INFO - [2025-08-20T08:27:32.520+0000] {dag.py:4180} INFO - Setting next_dagrun for example_branch_datetime_operator_3 to 2025-08-19 00:00:00+00:00, run_after=2025-08-20 00:00:00+00:00
[2025-08-20T08:27:32.539+0000] {processor.py:208} INFO - Processing /home/airflow/.local/lib/python3.12/site-packages/airflow/example_dags/example_branch_datetime_operator.py took 0.126 seconds
[2025-08-20T08:28:02.822+0000] {processor.py:186} INFO - Started process (PID=294) to work on /home/airflow/.local/lib/python3.12/site-packages/airflow/example_dags/example_branch_datetime_operator.py
[2025-08-20T08:28:02.824+0000] {processor.py:914} INFO - Processing file /home/airflow/.local/lib/python3.12/site-packages/airflow/example_dags/example_branch_datetime_operator.py for tasks to queue
[2025-08-20T08:28:02.827+0000] {logging_mixin.py:190} INFO - [2025-08-20T08:28:02.827+0000] {dagbag.py:588} INFO - Filling up the DagBag from /home/airflow/.local/lib/python3.12/site-packages/airflow/example_dags/example_branch_datetime_operator.py
[2025-08-20T08:28:02.843+0000] {processor.py:925} INFO - DAG(s) 'example_branch_datetime_operator_3', 'example_branch_datetime_operator_2', 'example_branch_datetime_operator' retrieved from /home/airflow/.local/lib/python3.12/site-packages/airflow/example_dags/example_branch_datetime_operator.py
[2025-08-20T08:28:02.879+0000] {logging_mixin.py:190} INFO - [2025-08-20T08:28:02.878+0000] {dag.py:3239} INFO - Sync 3 DAGs
[2025-08-20T08:28:02.914+0000] {logging_mixin.py:190} INFO - [2025-08-20T08:28:02.914+0000] {dag.py:4180} INFO - Setting next_dagrun for example_branch_datetime_operator to 2025-08-19 00:00:00+00:00, run_after=2025-08-20 00:00:00+00:00
[2025-08-20T08:28:02.921+0000] {logging_mixin.py:190} INFO - [2025-08-20T08:28:02.921+0000] {dag.py:4180} INFO - Setting next_dagrun for example_branch_datetime_operator_2 to 2025-08-19 00:00:00+00:00, run_after=2025-08-20 00:00:00+00:00
[2025-08-20T08:28:02.924+0000] {logging_mixin.py:190} INFO - [2025-08-20T08:28:02.924+0000] {dag.py:4180} INFO - Setting next_dagrun for example_branch_datetime_operator_3 to 2025-08-19 00:00:00+00:00, run_after=2025-08-20 00:00:00+00:00
[2025-08-20T08:28:02.945+0000] {processor.py:208} INFO - Processing /home/airflow/.local/lib/python3.12/site-packages/airflow/example_dags/example_branch_datetime_operator.py took 0.132 seconds
[2025-08-20T08:28:33.291+0000] {processor.py:186} INFO - Started process (PID=350) to work on /home/airflow/.local/lib/python3.12/site-packages/airflow/example_dags/example_branch_datetime_operator.py
[2025-08-20T08:28:33.293+0000] {processor.py:914} INFO - Processing file /home/airflow/.local/lib/python3.12/site-packages/airflow/example_dags/example_branch_datetime_operator.py for tasks to queue
[2025-08-20T08:28:33.296+0000] {logging_mixin.py:190} INFO - [2025-08-20T08:28:33.296+0000] {dagbag.py:588} INFO - Filling up the DagBag from /home/airflow/.local/lib/python3.12/site-packages/airflow/example_dags/example_branch_datetime_operator.py
[2025-08-20T08:28:33.313+0000] {processor.py:925} INFO - DAG(s) 'example_branch_datetime_operator_3', 'example_branch_datetime_operator_2', 'example_branch_datetime_operator' retrieved from /home/airflow/.local/lib/python3.12/site-packages/airflow/example_dags/example_branch_datetime_operator.py
[2025-08-20T08:28:33.348+0000] {logging_mixin.py:190} INFO - [2025-08-20T08:28:33.348+0000] {dag.py:3239} INFO - Sync 3 DAGs
[2025-08-20T08:28:33.383+0000] {logging_mixin.py:190} INFO - [2025-08-20T08:28:33.382+0000] {dag.py:4180} INFO - Setting next_dagrun for example_branch_datetime_operator to 2025-08-19 00:00:00+00:00, run_after=2025-08-20 00:00:00+00:00
[2025-08-20T08:28:33.389+0000] {logging_mixin.py:190} INFO - [2025-08-20T08:28:33.389+0000] {dag.py:4180} INFO - Setting next_dagrun for example_branch_datetime_operator_2 to 2025-08-19 00:00:00+00:00, run_after=2025-08-20 00:00:00+00:00
[2025-08-20T08:28:33.392+0000] {logging_mixin.py:190} INFO - [2025-08-20T08:28:33.392+0000] {dag.py:4180} INFO - Setting next_dagrun for example_branch_datetime_operator_3 to 2025-08-19 00:00:00+00:00, run_after=2025-08-20 00:00:00+00:00
[2025-08-20T08:28:33.412+0000] {processor.py:208} INFO - Processing /home/airflow/.local/lib/python3.12/site-packages/airflow/example_dags/example_branch_datetime_operator.py took 0.130 seconds
[2025-08-20T08:29:03.737+0000] {processor.py:186} INFO - Started process (PID=406) to work on /home/airflow/.local/lib/python3.12/site-packages/airflow/example_dags/example_branch_datetime_operator.py
[2025-08-20T08:29:03.739+0000] {processor.py:914} INFO - Processing file /home/airflow/.local/lib/python3.12/site-packages/airflow/example_dags/example_branch_datetime_operator.py for tasks to queue
[2025-08-20T08:29:03.742+0000] {logging_mixin.py:190} INFO - [2025-08-20T08:29:03.741+0000] {dagbag.py:588} INFO - Filling up the DagBag from /home/airflow/.local/lib/python3.12/site-packages/airflow/example_dags/example_branch_datetime_operator.py
[2025-08-20T08:29:03.759+0000] {processor.py:925} INFO - DAG(s) 'example_branch_datetime_operator_2', 'example_branch_datetime_operator', 'example_branch_datetime_operator_3' retrieved from /home/airflow/.local/lib/python3.12/site-packages/airflow/example_dags/example_branch_datetime_operator.py
[2025-08-20T08:29:03.806+0000] {logging_mixin.py:190} INFO - [2025-08-20T08:29:03.806+0000] {dag.py:3239} INFO - Sync 3 DAGs
[2025-08-20T08:29:03.847+0000] {logging_mixin.py:190} INFO - [2025-08-20T08:29:03.846+0000] {dag.py:4180} INFO - Setting next_dagrun for example_branch_datetime_operator to 2025-08-19 00:00:00+00:00, run_after=2025-08-20 00:00:00+00:00
[2025-08-20T08:29:03.855+0000] {logging_mixin.py:190} INFO - [2025-08-20T08:29:03.855+0000] {dag.py:4180} INFO - Setting next_dagrun for example_branch_datetime_operator_2 to 2025-08-19 00:00:00+00:00, run_after=2025-08-20 00:00:00+00:00
[2025-08-20T08:29:03.859+0000] {logging_mixin.py:190} INFO - [2025-08-20T08:29:03.859+0000] {dag.py:4180} INFO - Setting next_dagrun for example_branch_datetime_operator_3 to 2025-08-19 00:00:00+00:00, run_after=2025-08-20 00:00:00+00:00
[2025-08-20T08:29:03.879+0000] {processor.py:208} INFO - Processing /home/airflow/.local/lib/python3.12/site-packages/airflow/example_dags/example_branch_datetime_operator.py took 0.151 seconds
[2025-08-20T08:30:27.995+0000] {processor.py:186} INFO - Started process (PID=68) to work on /home/airflow/.local/lib/python3.12/site-packages/airflow/example_dags/example_branch_datetime_operator.py
[2025-08-20T08:30:27.996+0000] {processor.py:914} INFO - Processing file /home/airflow/.local/lib/python3.12/site-packages/airflow/example_dags/example_branch_datetime_operator.py for tasks to queue
[2025-08-20T08:30:28.000+0000] {logging_mixin.py:190} INFO - [2025-08-20T08:30:28.000+0000] {dagbag.py:588} INFO - Filling up the DagBag from /home/airflow/.local/lib/python3.12/site-packages/airflow/example_dags/example_branch_datetime_operator.py
[2025-08-20T08:30:28.023+0000] {processor.py:925} INFO - DAG(s) 'example_branch_datetime_operator_2', 'example_branch_datetime_operator', 'example_branch_datetime_operator_3' retrieved from /home/airflow/.local/lib/python3.12/site-packages/airflow/example_dags/example_branch_datetime_operator.py
[2025-08-20T08:30:28.058+0000] {logging_mixin.py:190} INFO - [2025-08-20T08:30:28.058+0000] {dag.py:3239} INFO - Sync 3 DAGs
[2025-08-20T08:30:28.092+0000] {logging_mixin.py:190} INFO - [2025-08-20T08:30:28.092+0000] {dag.py:4180} INFO - Setting next_dagrun for example_branch_datetime_operator to 2025-08-19 00:00:00+00:00, run_after=2025-08-20 00:00:00+00:00
[2025-08-20T08:30:28.098+0000] {logging_mixin.py:190} INFO - [2025-08-20T08:30:28.098+0000] {dag.py:4180} INFO - Setting next_dagrun for example_branch_datetime_operator_2 to 2025-08-19 00:00:00+00:00, run_after=2025-08-20 00:00:00+00:00
[2025-08-20T08:30:28.101+0000] {logging_mixin.py:190} INFO - [2025-08-20T08:30:28.101+0000] {dag.py:4180} INFO - Setting next_dagrun for example_branch_datetime_operator_3 to 2025-08-19 00:00:00+00:00, run_after=2025-08-20 00:00:00+00:00
[2025-08-20T08:30:28.277+0000] {processor.py:208} INFO - Processing /home/airflow/.local/lib/python3.12/site-packages/airflow/example_dags/example_branch_datetime_operator.py took 0.293 seconds
[2025-08-20T08:31:00.314+0000] {processor.py:186} INFO - Started process (PID=124) to work on /home/airflow/.local/lib/python3.12/site-packages/airflow/example_dags/example_branch_datetime_operator.py
[2025-08-20T08:31:00.315+0000] {processor.py:914} INFO - Processing file /home/airflow/.local/lib/python3.12/site-packages/airflow/example_dags/example_branch_datetime_operator.py for tasks to queue
[2025-08-20T08:31:00.319+0000] {logging_mixin.py:190} INFO - [2025-08-20T08:31:00.318+0000] {dagbag.py:588} INFO - Filling up the DagBag from /home/airflow/.local/lib/python3.12/site-packages/airflow/example_dags/example_branch_datetime_operator.py
[2025-08-20T08:31:00.335+0000] {processor.py:925} INFO - DAG(s) 'example_branch_datetime_operator', 'example_branch_datetime_operator_3', 'example_branch_datetime_operator_2' retrieved from /home/airflow/.local/lib/python3.12/site-packages/airflow/example_dags/example_branch_datetime_operator.py
[2025-08-20T08:31:00.370+0000] {logging_mixin.py:190} INFO - [2025-08-20T08:31:00.370+0000] {dag.py:3239} INFO - Sync 3 DAGs
[2025-08-20T08:31:00.404+0000] {logging_mixin.py:190} INFO - [2025-08-20T08:31:00.404+0000] {dag.py:4180} INFO - Setting next_dagrun for example_branch_datetime_operator to 2025-08-19 00:00:00+00:00, run_after=2025-08-20 00:00:00+00:00
[2025-08-20T08:31:00.410+0000] {logging_mixin.py:190} INFO - [2025-08-20T08:31:00.410+0000] {dag.py:4180} INFO - Setting next_dagrun for example_branch_datetime_operator_2 to 2025-08-19 00:00:00+00:00, run_after=2025-08-20 00:00:00+00:00
[2025-08-20T08:31:00.413+0000] {logging_mixin.py:190} INFO - [2025-08-20T08:31:00.413+0000] {dag.py:4180} INFO - Setting next_dagrun for example_branch_datetime_operator_3 to 2025-08-19 00:00:00+00:00, run_after=2025-08-20 00:00:00+00:00
[2025-08-20T08:31:00.815+0000] {processor.py:208} INFO - Processing /home/airflow/.local/lib/python3.12/site-packages/airflow/example_dags/example_branch_datetime_operator.py took 0.510 seconds
[2025-08-20T08:31:31.036+0000] {processor.py:186} INFO - Started process (PID=180) to work on /home/airflow/.local/lib/python3.12/site-packages/airflow/example_dags/example_branch_datetime_operator.py
[2025-08-20T08:31:31.038+0000] {processor.py:914} INFO - Processing file /home/airflow/.local/lib/python3.12/site-packages/airflow/example_dags/example_branch_datetime_operator.py for tasks to queue
[2025-08-20T08:31:31.042+0000] {logging_mixin.py:190} INFO - [2025-08-20T08:31:31.041+0000] {dagbag.py:588} INFO - Filling up the DagBag from /home/airflow/.local/lib/python3.12/site-packages/airflow/example_dags/example_branch_datetime_operator.py
[2025-08-20T08:31:31.058+0000] {processor.py:925} INFO - DAG(s) 'example_branch_datetime_operator', 'example_branch_datetime_operator_3', 'example_branch_datetime_operator_2' retrieved from /home/airflow/.local/lib/python3.12/site-packages/airflow/example_dags/example_branch_datetime_operator.py
[2025-08-20T08:31:31.093+0000] {logging_mixin.py:190} INFO - [2025-08-20T08:31:31.092+0000] {dag.py:3239} INFO - Sync 3 DAGs
[2025-08-20T08:31:31.125+0000] {logging_mixin.py:190} INFO - [2025-08-20T08:31:31.125+0000] {dag.py:4180} INFO - Setting next_dagrun for example_branch_datetime_operator to 2025-08-19 00:00:00+00:00, run_after=2025-08-20 00:00:00+00:00
[2025-08-20T08:31:31.131+0000] {logging_mixin.py:190} INFO - [2025-08-20T08:31:31.131+0000] {dag.py:4180} INFO - Setting next_dagrun for example_branch_datetime_operator_2 to 2025-08-19 00:00:00+00:00, run_after=2025-08-20 00:00:00+00:00
[2025-08-20T08:31:31.134+0000] {logging_mixin.py:190} INFO - [2025-08-20T08:31:31.134+0000] {dag.py:4180} INFO - Setting next_dagrun for example_branch_datetime_operator_3 to 2025-08-19 00:00:00+00:00, run_after=2025-08-20 00:00:00+00:00
[2025-08-20T08:31:31.154+0000] {processor.py:208} INFO - Processing /home/airflow/.local/lib/python3.12/site-packages/airflow/example_dags/example_branch_datetime_operator.py took 0.126 seconds
[2025-08-20T08:32:20.371+0000] {processor.py:186} INFO - Started process (PID=69) to work on /home/airflow/.local/lib/python3.12/site-packages/airflow/example_dags/example_branch_datetime_operator.py
[2025-08-20T08:32:20.373+0000] {processor.py:914} INFO - Processing file /home/airflow/.local/lib/python3.12/site-packages/airflow/example_dags/example_branch_datetime_operator.py for tasks to queue
[2025-08-20T08:32:20.376+0000] {logging_mixin.py:190} INFO - [2025-08-20T08:32:20.375+0000] {dagbag.py:588} INFO - Filling up the DagBag from /home/airflow/.local/lib/python3.12/site-packages/airflow/example_dags/example_branch_datetime_operator.py
[2025-08-20T08:32:20.392+0000] {processor.py:925} INFO - DAG(s) 'example_branch_datetime_operator_2', 'example_branch_datetime_operator', 'example_branch_datetime_operator_3' retrieved from /home/airflow/.local/lib/python3.12/site-packages/airflow/example_dags/example_branch_datetime_operator.py
[2025-08-20T08:32:20.430+0000] {logging_mixin.py:190} INFO - [2025-08-20T08:32:20.429+0000] {dag.py:3239} INFO - Sync 3 DAGs
[2025-08-20T08:32:20.464+0000] {logging_mixin.py:190} INFO - [2025-08-20T08:32:20.464+0000] {dag.py:4180} INFO - Setting next_dagrun for example_branch_datetime_operator to 2025-08-19 00:00:00+00:00, run_after=2025-08-20 00:00:00+00:00
[2025-08-20T08:32:20.471+0000] {logging_mixin.py:190} INFO - [2025-08-20T08:32:20.470+0000] {dag.py:4180} INFO - Setting next_dagrun for example_branch_datetime_operator_2 to 2025-08-19 00:00:00+00:00, run_after=2025-08-20 00:00:00+00:00
[2025-08-20T08:32:20.474+0000] {logging_mixin.py:190} INFO - [2025-08-20T08:32:20.473+0000] {dag.py:4180} INFO - Setting next_dagrun for example_branch_datetime_operator_3 to 2025-08-19 00:00:00+00:00, run_after=2025-08-20 00:00:00+00:00
[2025-08-20T08:32:20.493+0000] {processor.py:208} INFO - Processing /home/airflow/.local/lib/python3.12/site-packages/airflow/example_dags/example_branch_datetime_operator.py took 0.130 seconds
[2025-08-20T08:32:51.591+0000] {processor.py:186} INFO - Started process (PID=125) to work on /home/airflow/.local/lib/python3.12/site-packages/airflow/example_dags/example_branch_datetime_operator.py
[2025-08-20T08:32:51.592+0000] {processor.py:914} INFO - Processing file /home/airflow/.local/lib/python3.12/site-packages/airflow/example_dags/example_branch_datetime_operator.py for tasks to queue
[2025-08-20T08:32:51.595+0000] {logging_mixin.py:190} INFO - [2025-08-20T08:32:51.594+0000] {dagbag.py:588} INFO - Filling up the DagBag from /home/airflow/.local/lib/python3.12/site-packages/airflow/example_dags/example_branch_datetime_operator.py
[2025-08-20T08:32:51.610+0000] {processor.py:925} INFO - DAG(s) 'example_branch_datetime_operator_3', 'example_branch_datetime_operator', 'example_branch_datetime_operator_2' retrieved from /home/airflow/.local/lib/python3.12/site-packages/airflow/example_dags/example_branch_datetime_operator.py
[2025-08-20T08:32:51.646+0000] {logging_mixin.py:190} INFO - [2025-08-20T08:32:51.646+0000] {dag.py:3239} INFO - Sync 3 DAGs
[2025-08-20T08:32:51.685+0000] {logging_mixin.py:190} INFO - [2025-08-20T08:32:51.684+0000] {dag.py:4180} INFO - Setting next_dagrun for example_branch_datetime_operator to 2025-08-19 00:00:00+00:00, run_after=2025-08-20 00:00:00+00:00
[2025-08-20T08:32:51.694+0000] {logging_mixin.py:190} INFO - [2025-08-20T08:32:51.694+0000] {dag.py:4180} INFO - Setting next_dagrun for example_branch_datetime_operator_2 to 2025-08-19 00:00:00+00:00, run_after=2025-08-20 00:00:00+00:00
[2025-08-20T08:32:51.700+0000] {logging_mixin.py:190} INFO - [2025-08-20T08:32:51.699+0000] {dag.py:4180} INFO - Setting next_dagrun for example_branch_datetime_operator_3 to 2025-08-19 00:00:00+00:00, run_after=2025-08-20 00:00:00+00:00
[2025-08-20T08:32:51.725+0000] {processor.py:208} INFO - Processing /home/airflow/.local/lib/python3.12/site-packages/airflow/example_dags/example_branch_datetime_operator.py took 0.142 seconds
[2025-08-20T08:33:21.787+0000] {processor.py:186} INFO - Started process (PID=180) to work on /home/airflow/.local/lib/python3.12/site-packages/airflow/example_dags/example_branch_datetime_operator.py
[2025-08-20T08:33:21.788+0000] {processor.py:914} INFO - Processing file /home/airflow/.local/lib/python3.12/site-packages/airflow/example_dags/example_branch_datetime_operator.py for tasks to queue
[2025-08-20T08:33:21.792+0000] {logging_mixin.py:190} INFO - [2025-08-20T08:33:21.791+0000] {dagbag.py:588} INFO - Filling up the DagBag from /home/airflow/.local/lib/python3.12/site-packages/airflow/example_dags/example_branch_datetime_operator.py
[2025-08-20T08:33:21.807+0000] {processor.py:925} INFO - DAG(s) 'example_branch_datetime_operator_2', 'example_branch_datetime_operator_3', 'example_branch_datetime_operator' retrieved from /home/airflow/.local/lib/python3.12/site-packages/airflow/example_dags/example_branch_datetime_operator.py
[2025-08-20T08:33:21.839+0000] {logging_mixin.py:190} INFO - [2025-08-20T08:33:21.839+0000] {dag.py:3239} INFO - Sync 3 DAGs
[2025-08-20T08:33:21.872+0000] {logging_mixin.py:190} INFO - [2025-08-20T08:33:21.871+0000] {dag.py:4180} INFO - Setting next_dagrun for example_branch_datetime_operator to 2025-08-19 00:00:00+00:00, run_after=2025-08-20 00:00:00+00:00
[2025-08-20T08:33:21.877+0000] {logging_mixin.py:190} INFO - [2025-08-20T08:33:21.877+0000] {dag.py:4180} INFO - Setting next_dagrun for example_branch_datetime_operator_2 to 2025-08-19 00:00:00+00:00, run_after=2025-08-20 00:00:00+00:00
[2025-08-20T08:33:21.880+0000] {logging_mixin.py:190} INFO - [2025-08-20T08:33:21.880+0000] {dag.py:4180} INFO - Setting next_dagrun for example_branch_datetime_operator_3 to 2025-08-19 00:00:00+00:00, run_after=2025-08-20 00:00:00+00:00
[2025-08-20T08:33:21.899+0000] {processor.py:208} INFO - Processing /home/airflow/.local/lib/python3.12/site-packages/airflow/example_dags/example_branch_datetime_operator.py took 0.120 seconds
[2025-08-20T08:33:52.192+0000] {processor.py:186} INFO - Started process (PID=236) to work on /home/airflow/.local/lib/python3.12/site-packages/airflow/example_dags/example_branch_datetime_operator.py
[2025-08-20T08:33:52.194+0000] {processor.py:914} INFO - Processing file /home/airflow/.local/lib/python3.12/site-packages/airflow/example_dags/example_branch_datetime_operator.py for tasks to queue
[2025-08-20T08:33:52.197+0000] {logging_mixin.py:190} INFO - [2025-08-20T08:33:52.197+0000] {dagbag.py:588} INFO - Filling up the DagBag from /home/airflow/.local/lib/python3.12/site-packages/airflow/example_dags/example_branch_datetime_operator.py
[2025-08-20T08:33:52.213+0000] {processor.py:925} INFO - DAG(s) 'example_branch_datetime_operator_2', 'example_branch_datetime_operator', 'example_branch_datetime_operator_3' retrieved from /home/airflow/.local/lib/python3.12/site-packages/airflow/example_dags/example_branch_datetime_operator.py
[2025-08-20T08:33:52.247+0000] {logging_mixin.py:190} INFO - [2025-08-20T08:33:52.246+0000] {dag.py:3239} INFO - Sync 3 DAGs
[2025-08-20T08:33:52.279+0000] {logging_mixin.py:190} INFO - [2025-08-20T08:33:52.279+0000] {dag.py:4180} INFO - Setting next_dagrun for example_branch_datetime_operator to 2025-08-19 00:00:00+00:00, run_after=2025-08-20 00:00:00+00:00
[2025-08-20T08:33:52.284+0000] {logging_mixin.py:190} INFO - [2025-08-20T08:33:52.284+0000] {dag.py:4180} INFO - Setting next_dagrun for example_branch_datetime_operator_2 to 2025-08-19 00:00:00+00:00, run_after=2025-08-20 00:00:00+00:00
[2025-08-20T08:33:52.287+0000] {logging_mixin.py:190} INFO - [2025-08-20T08:33:52.287+0000] {dag.py:4180} INFO - Setting next_dagrun for example_branch_datetime_operator_3 to 2025-08-19 00:00:00+00:00, run_after=2025-08-20 00:00:00+00:00
[2025-08-20T08:33:52.307+0000] {processor.py:208} INFO - Processing /home/airflow/.local/lib/python3.12/site-packages/airflow/example_dags/example_branch_datetime_operator.py took 0.123 seconds
[2025-08-20T08:34:22.652+0000] {processor.py:186} INFO - Started process (PID=292) to work on /home/airflow/.local/lib/python3.12/site-packages/airflow/example_dags/example_branch_datetime_operator.py
[2025-08-20T08:34:22.653+0000] {processor.py:914} INFO - Processing file /home/airflow/.local/lib/python3.12/site-packages/airflow/example_dags/example_branch_datetime_operator.py for tasks to queue
[2025-08-20T08:34:22.657+0000] {logging_mixin.py:190} INFO - [2025-08-20T08:34:22.656+0000] {dagbag.py:588} INFO - Filling up the DagBag from /home/airflow/.local/lib/python3.12/site-packages/airflow/example_dags/example_branch_datetime_operator.py
[2025-08-20T08:34:22.671+0000] {processor.py:925} INFO - DAG(s) 'example_branch_datetime_operator_3', 'example_branch_datetime_operator', 'example_branch_datetime_operator_2' retrieved from /home/airflow/.local/lib/python3.12/site-packages/airflow/example_dags/example_branch_datetime_operator.py
[2025-08-20T08:34:22.707+0000] {logging_mixin.py:190} INFO - [2025-08-20T08:34:22.706+0000] {dag.py:3239} INFO - Sync 3 DAGs
[2025-08-20T08:34:22.739+0000] {logging_mixin.py:190} INFO - [2025-08-20T08:34:22.739+0000] {dag.py:4180} INFO - Setting next_dagrun for example_branch_datetime_operator to 2025-08-19 00:00:00+00:00, run_after=2025-08-20 00:00:00+00:00
[2025-08-20T08:34:22.745+0000] {logging_mixin.py:190} INFO - [2025-08-20T08:34:22.745+0000] {dag.py:4180} INFO - Setting next_dagrun for example_branch_datetime_operator_2 to 2025-08-19 00:00:00+00:00, run_after=2025-08-20 00:00:00+00:00
[2025-08-20T08:34:22.748+0000] {logging_mixin.py:190} INFO - [2025-08-20T08:34:22.748+0000] {dag.py:4180} INFO - Setting next_dagrun for example_branch_datetime_operator_3 to 2025-08-19 00:00:00+00:00, run_after=2025-08-20 00:00:00+00:00
[2025-08-20T08:34:22.766+0000] {processor.py:208} INFO - Processing /home/airflow/.local/lib/python3.12/site-packages/airflow/example_dags/example_branch_datetime_operator.py took 0.122 seconds
[2025-08-20T08:34:53.653+0000] {processor.py:186} INFO - Started process (PID=348) to work on /home/airflow/.local/lib/python3.12/site-packages/airflow/example_dags/example_branch_datetime_operator.py
[2025-08-20T08:34:53.655+0000] {processor.py:914} INFO - Processing file /home/airflow/.local/lib/python3.12/site-packages/airflow/example_dags/example_branch_datetime_operator.py for tasks to queue
[2025-08-20T08:34:53.658+0000] {logging_mixin.py:190} INFO - [2025-08-20T08:34:53.658+0000] {dagbag.py:588} INFO - Filling up the DagBag from /home/airflow/.local/lib/python3.12/site-packages/airflow/example_dags/example_branch_datetime_operator.py
[2025-08-20T08:34:53.674+0000] {processor.py:925} INFO - DAG(s) 'example_branch_datetime_operator_2', 'example_branch_datetime_operator_3', 'example_branch_datetime_operator' retrieved from /home/airflow/.local/lib/python3.12/site-packages/airflow/example_dags/example_branch_datetime_operator.py
[2025-08-20T08:34:53.707+0000] {logging_mixin.py:190} INFO - [2025-08-20T08:34:53.706+0000] {dag.py:3239} INFO - Sync 3 DAGs
[2025-08-20T08:34:53.740+0000] {logging_mixin.py:190} INFO - [2025-08-20T08:34:53.740+0000] {dag.py:4180} INFO - Setting next_dagrun for example_branch_datetime_operator to 2025-08-19 00:00:00+00:00, run_after=2025-08-20 00:00:00+00:00
[2025-08-20T08:34:53.746+0000] {logging_mixin.py:190} INFO - [2025-08-20T08:34:53.746+0000] {dag.py:4180} INFO - Setting next_dagrun for example_branch_datetime_operator_2 to 2025-08-19 00:00:00+00:00, run_after=2025-08-20 00:00:00+00:00
[2025-08-20T08:34:53.749+0000] {logging_mixin.py:190} INFO - [2025-08-20T08:34:53.749+0000] {dag.py:4180} INFO - Setting next_dagrun for example_branch_datetime_operator_3 to 2025-08-19 00:00:00+00:00, run_after=2025-08-20 00:00:00+00:00
[2025-08-20T08:34:53.768+0000] {processor.py:208} INFO - Processing /home/airflow/.local/lib/python3.12/site-packages/airflow/example_dags/example_branch_datetime_operator.py took 0.123 seconds
[2025-08-20T08:35:24.307+0000] {processor.py:186} INFO - Started process (PID=404) to work on /home/airflow/.local/lib/python3.12/site-packages/airflow/example_dags/example_branch_datetime_operator.py
[2025-08-20T08:35:24.309+0000] {processor.py:914} INFO - Processing file /home/airflow/.local/lib/python3.12/site-packages/airflow/example_dags/example_branch_datetime_operator.py for tasks to queue
[2025-08-20T08:35:24.312+0000] {logging_mixin.py:190} INFO - [2025-08-20T08:35:24.312+0000] {dagbag.py:588} INFO - Filling up the DagBag from /home/airflow/.local/lib/python3.12/site-packages/airflow/example_dags/example_branch_datetime_operator.py
[2025-08-20T08:35:24.327+0000] {processor.py:925} INFO - DAG(s) 'example_branch_datetime_operator_3', 'example_branch_datetime_operator_2', 'example_branch_datetime_operator' retrieved from /home/airflow/.local/lib/python3.12/site-packages/airflow/example_dags/example_branch_datetime_operator.py
[2025-08-20T08:35:24.359+0000] {logging_mixin.py:190} INFO - [2025-08-20T08:35:24.358+0000] {dag.py:3239} INFO - Sync 3 DAGs
[2025-08-20T08:35:24.390+0000] {logging_mixin.py:190} INFO - [2025-08-20T08:35:24.390+0000] {dag.py:4180} INFO - Setting next_dagrun for example_branch_datetime_operator to 2025-08-19 00:00:00+00:00, run_after=2025-08-20 00:00:00+00:00
[2025-08-20T08:35:24.396+0000] {logging_mixin.py:190} INFO - [2025-08-20T08:35:24.396+0000] {dag.py:4180} INFO - Setting next_dagrun for example_branch_datetime_operator_2 to 2025-08-19 00:00:00+00:00, run_after=2025-08-20 00:00:00+00:00
[2025-08-20T08:35:24.399+0000] {logging_mixin.py:190} INFO - [2025-08-20T08:35:24.399+0000] {dag.py:4180} INFO - Setting next_dagrun for example_branch_datetime_operator_3 to 2025-08-19 00:00:00+00:00, run_after=2025-08-20 00:00:00+00:00
[2025-08-20T08:35:24.430+0000] {processor.py:208} INFO - Processing /home/airflow/.local/lib/python3.12/site-packages/airflow/example_dags/example_branch_datetime_operator.py took 0.130 seconds
[2025-08-20T08:36:43.471+0000] {processor.py:186} INFO - Started process (PID=69) to work on /home/airflow/.local/lib/python3.12/site-packages/airflow/example_dags/example_branch_datetime_operator.py
[2025-08-20T08:36:43.472+0000] {processor.py:914} INFO - Processing file /home/airflow/.local/lib/python3.12/site-packages/airflow/example_dags/example_branch_datetime_operator.py for tasks to queue
[2025-08-20T08:36:43.475+0000] {logging_mixin.py:190} INFO - [2025-08-20T08:36:43.475+0000] {dagbag.py:588} INFO - Filling up the DagBag from /home/airflow/.local/lib/python3.12/site-packages/airflow/example_dags/example_branch_datetime_operator.py
[2025-08-20T08:36:43.529+0000] {processor.py:925} INFO - DAG(s) 'example_branch_datetime_operator_2', 'example_branch_datetime_operator_3', 'example_branch_datetime_operator' retrieved from /home/airflow/.local/lib/python3.12/site-packages/airflow/example_dags/example_branch_datetime_operator.py
[2025-08-20T08:36:43.563+0000] {logging_mixin.py:190} INFO - [2025-08-20T08:36:43.562+0000] {dag.py:3239} INFO - Sync 3 DAGs
[2025-08-20T08:36:43.602+0000] {logging_mixin.py:190} INFO - [2025-08-20T08:36:43.602+0000] {dag.py:4180} INFO - Setting next_dagrun for example_branch_datetime_operator to 2025-08-19 00:00:00+00:00, run_after=2025-08-20 00:00:00+00:00
[2025-08-20T08:36:43.608+0000] {logging_mixin.py:190} INFO - [2025-08-20T08:36:43.608+0000] {dag.py:4180} INFO - Setting next_dagrun for example_branch_datetime_operator_2 to 2025-08-19 00:00:00+00:00, run_after=2025-08-20 00:00:00+00:00
[2025-08-20T08:36:43.611+0000] {logging_mixin.py:190} INFO - [2025-08-20T08:36:43.611+0000] {dag.py:4180} INFO - Setting next_dagrun for example_branch_datetime_operator_3 to 2025-08-19 00:00:00+00:00, run_after=2025-08-20 00:00:00+00:00
[2025-08-20T08:36:43.710+0000] {processor.py:208} INFO - Processing /home/airflow/.local/lib/python3.12/site-packages/airflow/example_dags/example_branch_datetime_operator.py took 0.248 seconds
[2025-08-20T08:37:14.715+0000] {processor.py:186} INFO - Started process (PID=125) to work on /home/airflow/.local/lib/python3.12/site-packages/airflow/example_dags/example_branch_datetime_operator.py
[2025-08-20T08:37:14.717+0000] {processor.py:914} INFO - Processing file /home/airflow/.local/lib/python3.12/site-packages/airflow/example_dags/example_branch_datetime_operator.py for tasks to queue
[2025-08-20T08:37:14.721+0000] {logging_mixin.py:190} INFO - [2025-08-20T08:37:14.721+0000] {dagbag.py:588} INFO - Filling up the DagBag from /home/airflow/.local/lib/python3.12/site-packages/airflow/example_dags/example_branch_datetime_operator.py
[2025-08-20T08:37:14.742+0000] {processor.py:925} INFO - DAG(s) 'example_branch_datetime_operator_2', 'example_branch_datetime_operator_3', 'example_branch_datetime_operator' retrieved from /home/airflow/.local/lib/python3.12/site-packages/airflow/example_dags/example_branch_datetime_operator.py
[2025-08-20T08:37:14.777+0000] {logging_mixin.py:190} INFO - [2025-08-20T08:37:14.777+0000] {dag.py:3239} INFO - Sync 3 DAGs
[2025-08-20T08:37:14.810+0000] {logging_mixin.py:190} INFO - [2025-08-20T08:37:14.810+0000] {dag.py:4180} INFO - Setting next_dagrun for example_branch_datetime_operator to 2025-08-19 00:00:00+00:00, run_after=2025-08-20 00:00:00+00:00
[2025-08-20T08:37:14.816+0000] {logging_mixin.py:190} INFO - [2025-08-20T08:37:14.816+0000] {dag.py:4180} INFO - Setting next_dagrun for example_branch_datetime_operator_2 to 2025-08-19 00:00:00+00:00, run_after=2025-08-20 00:00:00+00:00
[2025-08-20T08:37:14.819+0000] {logging_mixin.py:190} INFO - [2025-08-20T08:37:14.818+0000] {dag.py:4180} INFO - Setting next_dagrun for example_branch_datetime_operator_3 to 2025-08-19 00:00:00+00:00, run_after=2025-08-20 00:00:00+00:00
[2025-08-20T08:37:15.186+0000] {processor.py:208} INFO - Processing /home/airflow/.local/lib/python3.12/site-packages/airflow/example_dags/example_branch_datetime_operator.py took 0.481 seconds
[2025-08-20T08:37:45.434+0000] {processor.py:186} INFO - Started process (PID=181) to work on /home/airflow/.local/lib/python3.12/site-packages/airflow/example_dags/example_branch_datetime_operator.py
[2025-08-20T08:37:45.436+0000] {processor.py:914} INFO - Processing file /home/airflow/.local/lib/python3.12/site-packages/airflow/example_dags/example_branch_datetime_operator.py for tasks to queue
[2025-08-20T08:37:45.439+0000] {logging_mixin.py:190} INFO - [2025-08-20T08:37:45.439+0000] {dagbag.py:588} INFO - Filling up the DagBag from /home/airflow/.local/lib/python3.12/site-packages/airflow/example_dags/example_branch_datetime_operator.py
[2025-08-20T08:37:45.455+0000] {processor.py:925} INFO - DAG(s) 'example_branch_datetime_operator', 'example_branch_datetime_operator_3', 'example_branch_datetime_operator_2' retrieved from /home/airflow/.local/lib/python3.12/site-packages/airflow/example_dags/example_branch_datetime_operator.py
[2025-08-20T08:37:45.489+0000] {logging_mixin.py:190} INFO - [2025-08-20T08:37:45.488+0000] {dag.py:3239} INFO - Sync 3 DAGs
[2025-08-20T08:37:45.522+0000] {logging_mixin.py:190} INFO - [2025-08-20T08:37:45.522+0000] {dag.py:4180} INFO - Setting next_dagrun for example_branch_datetime_operator to 2025-08-19 00:00:00+00:00, run_after=2025-08-20 00:00:00+00:00
[2025-08-20T08:37:45.528+0000] {logging_mixin.py:190} INFO - [2025-08-20T08:37:45.528+0000] {dag.py:4180} INFO - Setting next_dagrun for example_branch_datetime_operator_2 to 2025-08-19 00:00:00+00:00, run_after=2025-08-20 00:00:00+00:00
[2025-08-20T08:37:45.531+0000] {logging_mixin.py:190} INFO - [2025-08-20T08:37:45.531+0000] {dag.py:4180} INFO - Setting next_dagrun for example_branch_datetime_operator_3 to 2025-08-19 00:00:00+00:00, run_after=2025-08-20 00:00:00+00:00
[2025-08-20T08:37:45.551+0000] {processor.py:208} INFO - Processing /home/airflow/.local/lib/python3.12/site-packages/airflow/example_dags/example_branch_datetime_operator.py took 0.126 seconds
[2025-08-20T08:38:15.830+0000] {processor.py:186} INFO - Started process (PID=237) to work on /home/airflow/.local/lib/python3.12/site-packages/airflow/example_dags/example_branch_datetime_operator.py
[2025-08-20T08:38:15.831+0000] {processor.py:914} INFO - Processing file /home/airflow/.local/lib/python3.12/site-packages/airflow/example_dags/example_branch_datetime_operator.py for tasks to queue
[2025-08-20T08:38:15.834+0000] {logging_mixin.py:190} INFO - [2025-08-20T08:38:15.834+0000] {dagbag.py:588} INFO - Filling up the DagBag from /home/airflow/.local/lib/python3.12/site-packages/airflow/example_dags/example_branch_datetime_operator.py
[2025-08-20T08:38:15.850+0000] {processor.py:925} INFO - DAG(s) 'example_branch_datetime_operator', 'example_branch_datetime_operator_2', 'example_branch_datetime_operator_3' retrieved from /home/airflow/.local/lib/python3.12/site-packages/airflow/example_dags/example_branch_datetime_operator.py
[2025-08-20T08:38:15.886+0000] {logging_mixin.py:190} INFO - [2025-08-20T08:38:15.886+0000] {dag.py:3239} INFO - Sync 3 DAGs
[2025-08-20T08:38:15.924+0000] {logging_mixin.py:190} INFO - [2025-08-20T08:38:15.924+0000] {dag.py:4180} INFO - Setting next_dagrun for example_branch_datetime_operator to 2025-08-19 00:00:00+00:00, run_after=2025-08-20 00:00:00+00:00
[2025-08-20T08:38:15.933+0000] {logging_mixin.py:190} INFO - [2025-08-20T08:38:15.933+0000] {dag.py:4180} INFO - Setting next_dagrun for example_branch_datetime_operator_2 to 2025-08-19 00:00:00+00:00, run_after=2025-08-20 00:00:00+00:00
[2025-08-20T08:38:15.936+0000] {logging_mixin.py:190} INFO - [2025-08-20T08:38:15.935+0000] {dag.py:4180} INFO - Setting next_dagrun for example_branch_datetime_operator_3 to 2025-08-19 00:00:00+00:00, run_after=2025-08-20 00:00:00+00:00
[2025-08-20T08:38:15.955+0000] {processor.py:208} INFO - Processing /home/airflow/.local/lib/python3.12/site-packages/airflow/example_dags/example_branch_datetime_operator.py took 0.134 seconds
[2025-08-20T08:38:46.393+0000] {processor.py:186} INFO - Started process (PID=293) to work on /home/airflow/.local/lib/python3.12/site-packages/airflow/example_dags/example_branch_datetime_operator.py
[2025-08-20T08:38:46.395+0000] {processor.py:914} INFO - Processing file /home/airflow/.local/lib/python3.12/site-packages/airflow/example_dags/example_branch_datetime_operator.py for tasks to queue
[2025-08-20T08:38:46.398+0000] {logging_mixin.py:190} INFO - [2025-08-20T08:38:46.397+0000] {dagbag.py:588} INFO - Filling up the DagBag from /home/airflow/.local/lib/python3.12/site-packages/airflow/example_dags/example_branch_datetime_operator.py
[2025-08-20T08:38:46.412+0000] {processor.py:925} INFO - DAG(s) 'example_branch_datetime_operator_2', 'example_branch_datetime_operator', 'example_branch_datetime_operator_3' retrieved from /home/airflow/.local/lib/python3.12/site-packages/airflow/example_dags/example_branch_datetime_operator.py
[2025-08-20T08:38:46.446+0000] {logging_mixin.py:190} INFO - [2025-08-20T08:38:46.446+0000] {dag.py:3239} INFO - Sync 3 DAGs
[2025-08-20T08:38:46.479+0000] {logging_mixin.py:190} INFO - [2025-08-20T08:38:46.479+0000] {dag.py:4180} INFO - Setting next_dagrun for example_branch_datetime_operator to 2025-08-19 00:00:00+00:00, run_after=2025-08-20 00:00:00+00:00
[2025-08-20T08:38:46.485+0000] {logging_mixin.py:190} INFO - [2025-08-20T08:38:46.485+0000] {dag.py:4180} INFO - Setting next_dagrun for example_branch_datetime_operator_2 to 2025-08-19 00:00:00+00:00, run_after=2025-08-20 00:00:00+00:00
[2025-08-20T08:38:46.487+0000] {logging_mixin.py:190} INFO - [2025-08-20T08:38:46.487+0000] {dag.py:4180} INFO - Setting next_dagrun for example_branch_datetime_operator_3 to 2025-08-19 00:00:00+00:00, run_after=2025-08-20 00:00:00+00:00
[2025-08-20T08:38:46.508+0000] {processor.py:208} INFO - Processing /home/airflow/.local/lib/python3.12/site-packages/airflow/example_dags/example_branch_datetime_operator.py took 0.123 seconds
[2025-08-20T08:39:16.975+0000] {processor.py:186} INFO - Started process (PID=349) to work on /home/airflow/.local/lib/python3.12/site-packages/airflow/example_dags/example_branch_datetime_operator.py
[2025-08-20T08:39:16.976+0000] {processor.py:914} INFO - Processing file /home/airflow/.local/lib/python3.12/site-packages/airflow/example_dags/example_branch_datetime_operator.py for tasks to queue
[2025-08-20T08:39:16.979+0000] {logging_mixin.py:190} INFO - [2025-08-20T08:39:16.979+0000] {dagbag.py:588} INFO - Filling up the DagBag from /home/airflow/.local/lib/python3.12/site-packages/airflow/example_dags/example_branch_datetime_operator.py
[2025-08-20T08:39:16.994+0000] {processor.py:925} INFO - DAG(s) 'example_branch_datetime_operator_2', 'example_branch_datetime_operator', 'example_branch_datetime_operator_3' retrieved from /home/airflow/.local/lib/python3.12/site-packages/airflow/example_dags/example_branch_datetime_operator.py
[2025-08-20T08:39:17.030+0000] {logging_mixin.py:190} INFO - [2025-08-20T08:39:17.030+0000] {dag.py:3239} INFO - Sync 3 DAGs
[2025-08-20T08:39:17.063+0000] {logging_mixin.py:190} INFO - [2025-08-20T08:39:17.063+0000] {dag.py:4180} INFO - Setting next_dagrun for example_branch_datetime_operator to 2025-08-19 00:00:00+00:00, run_after=2025-08-20 00:00:00+00:00
[2025-08-20T08:39:17.070+0000] {logging_mixin.py:190} INFO - [2025-08-20T08:39:17.069+0000] {dag.py:4180} INFO - Setting next_dagrun for example_branch_datetime_operator_2 to 2025-08-19 00:00:00+00:00, run_after=2025-08-20 00:00:00+00:00
[2025-08-20T08:39:17.073+0000] {logging_mixin.py:190} INFO - [2025-08-20T08:39:17.072+0000] {dag.py:4180} INFO - Setting next_dagrun for example_branch_datetime_operator_3 to 2025-08-19 00:00:00+00:00, run_after=2025-08-20 00:00:00+00:00
[2025-08-20T08:39:17.091+0000] {processor.py:208} INFO - Processing /home/airflow/.local/lib/python3.12/site-packages/airflow/example_dags/example_branch_datetime_operator.py took 0.124 seconds
[2025-08-20T08:40:57.140+0000] {processor.py:186} INFO - Started process (PID=69) to work on /home/airflow/.local/lib/python3.12/site-packages/airflow/example_dags/example_branch_datetime_operator.py
[2025-08-20T08:40:57.142+0000] {processor.py:914} INFO - Processing file /home/airflow/.local/lib/python3.12/site-packages/airflow/example_dags/example_branch_datetime_operator.py for tasks to queue
[2025-08-20T08:40:57.145+0000] {logging_mixin.py:190} INFO - [2025-08-20T08:40:57.144+0000] {dagbag.py:588} INFO - Filling up the DagBag from /home/airflow/.local/lib/python3.12/site-packages/airflow/example_dags/example_branch_datetime_operator.py
[2025-08-20T08:40:57.162+0000] {processor.py:925} INFO - DAG(s) 'example_branch_datetime_operator', 'example_branch_datetime_operator_3', 'example_branch_datetime_operator_2' retrieved from /home/airflow/.local/lib/python3.12/site-packages/airflow/example_dags/example_branch_datetime_operator.py
[2025-08-20T08:40:57.197+0000] {logging_mixin.py:190} INFO - [2025-08-20T08:40:57.197+0000] {dag.py:3239} INFO - Sync 3 DAGs
[2025-08-20T08:40:57.230+0000] {logging_mixin.py:190} INFO - [2025-08-20T08:40:57.230+0000] {dag.py:4180} INFO - Setting next_dagrun for example_branch_datetime_operator to 2025-08-19 00:00:00+00:00, run_after=2025-08-20 00:00:00+00:00
[2025-08-20T08:40:57.237+0000] {logging_mixin.py:190} INFO - [2025-08-20T08:40:57.236+0000] {dag.py:4180} INFO - Setting next_dagrun for example_branch_datetime_operator_2 to 2025-08-19 00:00:00+00:00, run_after=2025-08-20 00:00:00+00:00
[2025-08-20T08:40:57.240+0000] {logging_mixin.py:190} INFO - [2025-08-20T08:40:57.240+0000] {dag.py:4180} INFO - Setting next_dagrun for example_branch_datetime_operator_3 to 2025-08-19 00:00:00+00:00, run_after=2025-08-20 00:00:00+00:00
[2025-08-20T08:40:57.435+0000] {processor.py:208} INFO - Processing /home/airflow/.local/lib/python3.12/site-packages/airflow/example_dags/example_branch_datetime_operator.py took 0.303 seconds
[2025-08-20T08:41:28.496+0000] {processor.py:186} INFO - Started process (PID=125) to work on /home/airflow/.local/lib/python3.12/site-packages/airflow/example_dags/example_branch_datetime_operator.py
[2025-08-20T08:41:28.498+0000] {processor.py:914} INFO - Processing file /home/airflow/.local/lib/python3.12/site-packages/airflow/example_dags/example_branch_datetime_operator.py for tasks to queue
[2025-08-20T08:41:28.501+0000] {logging_mixin.py:190} INFO - [2025-08-20T08:41:28.501+0000] {dagbag.py:588} INFO - Filling up the DagBag from /home/airflow/.local/lib/python3.12/site-packages/airflow/example_dags/example_branch_datetime_operator.py
[2025-08-20T08:41:28.517+0000] {processor.py:925} INFO - DAG(s) 'example_branch_datetime_operator_2', 'example_branch_datetime_operator_3', 'example_branch_datetime_operator' retrieved from /home/airflow/.local/lib/python3.12/site-packages/airflow/example_dags/example_branch_datetime_operator.py
[2025-08-20T08:41:28.552+0000] {logging_mixin.py:190} INFO - [2025-08-20T08:41:28.551+0000] {dag.py:3239} INFO - Sync 3 DAGs
[2025-08-20T08:41:28.585+0000] {logging_mixin.py:190} INFO - [2025-08-20T08:41:28.585+0000] {dag.py:4180} INFO - Setting next_dagrun for example_branch_datetime_operator to 2025-08-19 00:00:00+00:00, run_after=2025-08-20 00:00:00+00:00
[2025-08-20T08:41:28.591+0000] {logging_mixin.py:190} INFO - [2025-08-20T08:41:28.591+0000] {dag.py:4180} INFO - Setting next_dagrun for example_branch_datetime_operator_2 to 2025-08-19 00:00:00+00:00, run_after=2025-08-20 00:00:00+00:00
[2025-08-20T08:41:28.594+0000] {logging_mixin.py:190} INFO - [2025-08-20T08:41:28.593+0000] {dag.py:4180} INFO - Setting next_dagrun for example_branch_datetime_operator_3 to 2025-08-19 00:00:00+00:00, run_after=2025-08-20 00:00:00+00:00
[2025-08-20T08:41:28.810+0000] {processor.py:208} INFO - Processing /home/airflow/.local/lib/python3.12/site-packages/airflow/example_dags/example_branch_datetime_operator.py took 0.323 seconds
[2025-08-20T08:41:59.463+0000] {processor.py:186} INFO - Started process (PID=181) to work on /home/airflow/.local/lib/python3.12/site-packages/airflow/example_dags/example_branch_datetime_operator.py
[2025-08-20T08:41:59.464+0000] {processor.py:914} INFO - Processing file /home/airflow/.local/lib/python3.12/site-packages/airflow/example_dags/example_branch_datetime_operator.py for tasks to queue
[2025-08-20T08:41:59.467+0000] {logging_mixin.py:190} INFO - [2025-08-20T08:41:59.467+0000] {dagbag.py:588} INFO - Filling up the DagBag from /home/airflow/.local/lib/python3.12/site-packages/airflow/example_dags/example_branch_datetime_operator.py
[2025-08-20T08:41:59.482+0000] {processor.py:925} INFO - DAG(s) 'example_branch_datetime_operator', 'example_branch_datetime_operator_2', 'example_branch_datetime_operator_3' retrieved from /home/airflow/.local/lib/python3.12/site-packages/airflow/example_dags/example_branch_datetime_operator.py
[2025-08-20T08:41:59.522+0000] {logging_mixin.py:190} INFO - [2025-08-20T08:41:59.522+0000] {dag.py:3239} INFO - Sync 3 DAGs
[2025-08-20T08:41:59.556+0000] {logging_mixin.py:190} INFO - [2025-08-20T08:41:59.555+0000] {dag.py:4180} INFO - Setting next_dagrun for example_branch_datetime_operator to 2025-08-19 00:00:00+00:00, run_after=2025-08-20 00:00:00+00:00
[2025-08-20T08:41:59.562+0000] {logging_mixin.py:190} INFO - [2025-08-20T08:41:59.561+0000] {dag.py:4180} INFO - Setting next_dagrun for example_branch_datetime_operator_2 to 2025-08-19 00:00:00+00:00, run_after=2025-08-20 00:00:00+00:00
[2025-08-20T08:41:59.565+0000] {logging_mixin.py:190} INFO - [2025-08-20T08:41:59.564+0000] {dag.py:4180} INFO - Setting next_dagrun for example_branch_datetime_operator_3 to 2025-08-19 00:00:00+00:00, run_after=2025-08-20 00:00:00+00:00
[2025-08-20T08:41:59.582+0000] {processor.py:208} INFO - Processing /home/airflow/.local/lib/python3.12/site-packages/airflow/example_dags/example_branch_datetime_operator.py took 0.128 seconds
[2025-08-20T08:42:29.963+0000] {processor.py:186} INFO - Started process (PID=237) to work on /home/airflow/.local/lib/python3.12/site-packages/airflow/example_dags/example_branch_datetime_operator.py
[2025-08-20T08:42:29.965+0000] {processor.py:914} INFO - Processing file /home/airflow/.local/lib/python3.12/site-packages/airflow/example_dags/example_branch_datetime_operator.py for tasks to queue
[2025-08-20T08:42:29.968+0000] {logging_mixin.py:190} INFO - [2025-08-20T08:42:29.968+0000] {dagbag.py:588} INFO - Filling up the DagBag from /home/airflow/.local/lib/python3.12/site-packages/airflow/example_dags/example_branch_datetime_operator.py
[2025-08-20T08:42:29.984+0000] {processor.py:925} INFO - DAG(s) 'example_branch_datetime_operator', 'example_branch_datetime_operator_3', 'example_branch_datetime_operator_2' retrieved from /home/airflow/.local/lib/python3.12/site-packages/airflow/example_dags/example_branch_datetime_operator.py
[2025-08-20T08:42:30.017+0000] {logging_mixin.py:190} INFO - [2025-08-20T08:42:30.017+0000] {dag.py:3239} INFO - Sync 3 DAGs
[2025-08-20T08:42:30.049+0000] {logging_mixin.py:190} INFO - [2025-08-20T08:42:30.049+0000] {dag.py:4180} INFO - Setting next_dagrun for example_branch_datetime_operator to 2025-08-19 00:00:00+00:00, run_after=2025-08-20 00:00:00+00:00
[2025-08-20T08:42:30.056+0000] {logging_mixin.py:190} INFO - [2025-08-20T08:42:30.056+0000] {dag.py:4180} INFO - Setting next_dagrun for example_branch_datetime_operator_2 to 2025-08-19 00:00:00+00:00, run_after=2025-08-20 00:00:00+00:00
[2025-08-20T08:42:30.059+0000] {logging_mixin.py:190} INFO - [2025-08-20T08:42:30.059+0000] {dag.py:4180} INFO - Setting next_dagrun for example_branch_datetime_operator_3 to 2025-08-19 00:00:00+00:00, run_after=2025-08-20 00:00:00+00:00
[2025-08-20T08:42:30.077+0000] {processor.py:208} INFO - Processing /home/airflow/.local/lib/python3.12/site-packages/airflow/example_dags/example_branch_datetime_operator.py took 0.123 seconds
[2025-08-20T08:43:00.542+0000] {processor.py:186} INFO - Started process (PID=293) to work on /home/airflow/.local/lib/python3.12/site-packages/airflow/example_dags/example_branch_datetime_operator.py
[2025-08-20T08:43:00.544+0000] {processor.py:914} INFO - Processing file /home/airflow/.local/lib/python3.12/site-packages/airflow/example_dags/example_branch_datetime_operator.py for tasks to queue
[2025-08-20T08:43:00.546+0000] {logging_mixin.py:190} INFO - [2025-08-20T08:43:00.546+0000] {dagbag.py:588} INFO - Filling up the DagBag from /home/airflow/.local/lib/python3.12/site-packages/airflow/example_dags/example_branch_datetime_operator.py
[2025-08-20T08:43:00.563+0000] {processor.py:925} INFO - DAG(s) 'example_branch_datetime_operator_3', 'example_branch_datetime_operator', 'example_branch_datetime_operator_2' retrieved from /home/airflow/.local/lib/python3.12/site-packages/airflow/example_dags/example_branch_datetime_operator.py
[2025-08-20T08:43:00.596+0000] {logging_mixin.py:190} INFO - [2025-08-20T08:43:00.596+0000] {dag.py:3239} INFO - Sync 3 DAGs
[2025-08-20T08:43:00.631+0000] {logging_mixin.py:190} INFO - [2025-08-20T08:43:00.630+0000] {dag.py:4180} INFO - Setting next_dagrun for example_branch_datetime_operator to 2025-08-19 00:00:00+00:00, run_after=2025-08-20 00:00:00+00:00
[2025-08-20T08:43:00.640+0000] {logging_mixin.py:190} INFO - [2025-08-20T08:43:00.639+0000] {dag.py:4180} INFO - Setting next_dagrun for example_branch_datetime_operator_2 to 2025-08-19 00:00:00+00:00, run_after=2025-08-20 00:00:00+00:00
[2025-08-20T08:43:00.644+0000] {logging_mixin.py:190} INFO - [2025-08-20T08:43:00.644+0000] {dag.py:4180} INFO - Setting next_dagrun for example_branch_datetime_operator_3 to 2025-08-19 00:00:00+00:00, run_after=2025-08-20 00:00:00+00:00
[2025-08-20T08:43:00.671+0000] {processor.py:208} INFO - Processing /home/airflow/.local/lib/python3.12/site-packages/airflow/example_dags/example_branch_datetime_operator.py took 0.138 seconds
[2025-08-20T08:43:30.991+0000] {processor.py:186} INFO - Started process (PID=348) to work on /home/airflow/.local/lib/python3.12/site-packages/airflow/example_dags/example_branch_datetime_operator.py
[2025-08-20T08:43:30.992+0000] {processor.py:914} INFO - Processing file /home/airflow/.local/lib/python3.12/site-packages/airflow/example_dags/example_branch_datetime_operator.py for tasks to queue
[2025-08-20T08:43:30.995+0000] {logging_mixin.py:190} INFO - [2025-08-20T08:43:30.995+0000] {dagbag.py:588} INFO - Filling up the DagBag from /home/airflow/.local/lib/python3.12/site-packages/airflow/example_dags/example_branch_datetime_operator.py
[2025-08-20T08:43:31.011+0000] {processor.py:925} INFO - DAG(s) 'example_branch_datetime_operator', 'example_branch_datetime_operator_3', 'example_branch_datetime_operator_2' retrieved from /home/airflow/.local/lib/python3.12/site-packages/airflow/example_dags/example_branch_datetime_operator.py
[2025-08-20T08:43:31.045+0000] {logging_mixin.py:190} INFO - [2025-08-20T08:43:31.045+0000] {dag.py:3239} INFO - Sync 3 DAGs
[2025-08-20T08:43:31.077+0000] {logging_mixin.py:190} INFO - [2025-08-20T08:43:31.076+0000] {dag.py:4180} INFO - Setting next_dagrun for example_branch_datetime_operator to 2025-08-19 00:00:00+00:00, run_after=2025-08-20 00:00:00+00:00
[2025-08-20T08:43:31.083+0000] {logging_mixin.py:190} INFO - [2025-08-20T08:43:31.082+0000] {dag.py:4180} INFO - Setting next_dagrun for example_branch_datetime_operator_2 to 2025-08-19 00:00:00+00:00, run_after=2025-08-20 00:00:00+00:00
[2025-08-20T08:43:31.085+0000] {logging_mixin.py:190} INFO - [2025-08-20T08:43:31.085+0000] {dag.py:4180} INFO - Setting next_dagrun for example_branch_datetime_operator_3 to 2025-08-19 00:00:00+00:00, run_after=2025-08-20 00:00:00+00:00
[2025-08-20T08:43:31.104+0000] {processor.py:208} INFO - Processing /home/airflow/.local/lib/python3.12/site-packages/airflow/example_dags/example_branch_datetime_operator.py took 0.121 seconds
[2025-08-20T08:44:01.373+0000] {processor.py:186} INFO - Started process (PID=404) to work on /home/airflow/.local/lib/python3.12/site-packages/airflow/example_dags/example_branch_datetime_operator.py
[2025-08-20T08:44:01.374+0000] {processor.py:914} INFO - Processing file /home/airflow/.local/lib/python3.12/site-packages/airflow/example_dags/example_branch_datetime_operator.py for tasks to queue
[2025-08-20T08:44:01.377+0000] {logging_mixin.py:190} INFO - [2025-08-20T08:44:01.377+0000] {dagbag.py:588} INFO - Filling up the DagBag from /home/airflow/.local/lib/python3.12/site-packages/airflow/example_dags/example_branch_datetime_operator.py
[2025-08-20T08:44:01.395+0000] {processor.py:925} INFO - DAG(s) 'example_branch_datetime_operator_3', 'example_branch_datetime_operator_2', 'example_branch_datetime_operator' retrieved from /home/airflow/.local/lib/python3.12/site-packages/airflow/example_dags/example_branch_datetime_operator.py
[2025-08-20T08:44:01.431+0000] {logging_mixin.py:190} INFO - [2025-08-20T08:44:01.430+0000] {dag.py:3239} INFO - Sync 3 DAGs
[2025-08-20T08:44:01.469+0000] {logging_mixin.py:190} INFO - [2025-08-20T08:44:01.468+0000] {dag.py:4180} INFO - Setting next_dagrun for example_branch_datetime_operator to 2025-08-19 00:00:00+00:00, run_after=2025-08-20 00:00:00+00:00
[2025-08-20T08:44:01.477+0000] {logging_mixin.py:190} INFO - [2025-08-20T08:44:01.477+0000] {dag.py:4180} INFO - Setting next_dagrun for example_branch_datetime_operator_2 to 2025-08-19 00:00:00+00:00, run_after=2025-08-20 00:00:00+00:00
[2025-08-20T08:44:01.480+0000] {logging_mixin.py:190} INFO - [2025-08-20T08:44:01.480+0000] {dag.py:4180} INFO - Setting next_dagrun for example_branch_datetime_operator_3 to 2025-08-19 00:00:00+00:00, run_after=2025-08-20 00:00:00+00:00
[2025-08-20T08:44:01.506+0000] {processor.py:208} INFO - Processing /home/airflow/.local/lib/python3.12/site-packages/airflow/example_dags/example_branch_datetime_operator.py took 0.142 seconds
[2025-08-20T08:44:31.867+0000] {processor.py:186} INFO - Started process (PID=460) to work on /home/airflow/.local/lib/python3.12/site-packages/airflow/example_dags/example_branch_datetime_operator.py
[2025-08-20T08:44:31.869+0000] {processor.py:914} INFO - Processing file /home/airflow/.local/lib/python3.12/site-packages/airflow/example_dags/example_branch_datetime_operator.py for tasks to queue
[2025-08-20T08:44:31.871+0000] {logging_mixin.py:190} INFO - [2025-08-20T08:44:31.871+0000] {dagbag.py:588} INFO - Filling up the DagBag from /home/airflow/.local/lib/python3.12/site-packages/airflow/example_dags/example_branch_datetime_operator.py
[2025-08-20T08:44:31.887+0000] {processor.py:925} INFO - DAG(s) 'example_branch_datetime_operator_2', 'example_branch_datetime_operator_3', 'example_branch_datetime_operator' retrieved from /home/airflow/.local/lib/python3.12/site-packages/airflow/example_dags/example_branch_datetime_operator.py
[2025-08-20T08:44:31.921+0000] {logging_mixin.py:190} INFO - [2025-08-20T08:44:31.921+0000] {dag.py:3239} INFO - Sync 3 DAGs
[2025-08-20T08:44:31.954+0000] {logging_mixin.py:190} INFO - [2025-08-20T08:44:31.954+0000] {dag.py:4180} INFO - Setting next_dagrun for example_branch_datetime_operator to 2025-08-19 00:00:00+00:00, run_after=2025-08-20 00:00:00+00:00
[2025-08-20T08:44:31.960+0000] {logging_mixin.py:190} INFO - [2025-08-20T08:44:31.960+0000] {dag.py:4180} INFO - Setting next_dagrun for example_branch_datetime_operator_2 to 2025-08-19 00:00:00+00:00, run_after=2025-08-20 00:00:00+00:00
[2025-08-20T08:44:31.963+0000] {logging_mixin.py:190} INFO - [2025-08-20T08:44:31.962+0000] {dag.py:4180} INFO - Setting next_dagrun for example_branch_datetime_operator_3 to 2025-08-19 00:00:00+00:00, run_after=2025-08-20 00:00:00+00:00
[2025-08-20T08:44:31.980+0000] {processor.py:208} INFO - Processing /home/airflow/.local/lib/python3.12/site-packages/airflow/example_dags/example_branch_datetime_operator.py took 0.121 seconds
[2025-08-20T08:45:02.361+0000] {processor.py:186} INFO - Started process (PID=516) to work on /home/airflow/.local/lib/python3.12/site-packages/airflow/example_dags/example_branch_datetime_operator.py
[2025-08-20T08:45:02.363+0000] {processor.py:914} INFO - Processing file /home/airflow/.local/lib/python3.12/site-packages/airflow/example_dags/example_branch_datetime_operator.py for tasks to queue
[2025-08-20T08:45:02.366+0000] {logging_mixin.py:190} INFO - [2025-08-20T08:45:02.366+0000] {dagbag.py:588} INFO - Filling up the DagBag from /home/airflow/.local/lib/python3.12/site-packages/airflow/example_dags/example_branch_datetime_operator.py
[2025-08-20T08:45:02.382+0000] {processor.py:925} INFO - DAG(s) 'example_branch_datetime_operator_3', 'example_branch_datetime_operator_2', 'example_branch_datetime_operator' retrieved from /home/airflow/.local/lib/python3.12/site-packages/airflow/example_dags/example_branch_datetime_operator.py
[2025-08-20T08:45:02.425+0000] {logging_mixin.py:190} INFO - [2025-08-20T08:45:02.425+0000] {dag.py:3239} INFO - Sync 3 DAGs
[2025-08-20T08:45:02.468+0000] {logging_mixin.py:190} INFO - [2025-08-20T08:45:02.467+0000] {dag.py:4180} INFO - Setting next_dagrun for example_branch_datetime_operator to 2025-08-19 00:00:00+00:00, run_after=2025-08-20 00:00:00+00:00
[2025-08-20T08:45:02.475+0000] {logging_mixin.py:190} INFO - [2025-08-20T08:45:02.475+0000] {dag.py:4180} INFO - Setting next_dagrun for example_branch_datetime_operator_2 to 2025-08-19 00:00:00+00:00, run_after=2025-08-20 00:00:00+00:00
[2025-08-20T08:45:02.478+0000] {logging_mixin.py:190} INFO - [2025-08-20T08:45:02.478+0000] {dag.py:4180} INFO - Setting next_dagrun for example_branch_datetime_operator_3 to 2025-08-19 00:00:00+00:00, run_after=2025-08-20 00:00:00+00:00
[2025-08-20T08:45:02.501+0000] {processor.py:208} INFO - Processing /home/airflow/.local/lib/python3.12/site-packages/airflow/example_dags/example_branch_datetime_operator.py took 0.148 seconds
[2025-08-20T08:46:29.683+0000] {processor.py:186} INFO - Started process (PID=69) to work on /home/airflow/.local/lib/python3.12/site-packages/airflow/example_dags/example_branch_datetime_operator.py
[2025-08-20T08:46:29.690+0000] {processor.py:914} INFO - Processing file /home/airflow/.local/lib/python3.12/site-packages/airflow/example_dags/example_branch_datetime_operator.py for tasks to queue
[2025-08-20T08:46:29.693+0000] {logging_mixin.py:190} INFO - [2025-08-20T08:46:29.693+0000] {dagbag.py:588} INFO - Filling up the DagBag from /home/airflow/.local/lib/python3.12/site-packages/airflow/example_dags/example_branch_datetime_operator.py
[2025-08-20T08:46:29.709+0000] {processor.py:925} INFO - DAG(s) 'example_branch_datetime_operator_3', 'example_branch_datetime_operator', 'example_branch_datetime_operator_2' retrieved from /home/airflow/.local/lib/python3.12/site-packages/airflow/example_dags/example_branch_datetime_operator.py
[2025-08-20T08:46:29.750+0000] {logging_mixin.py:190} INFO - [2025-08-20T08:46:29.750+0000] {dag.py:3239} INFO - Sync 3 DAGs
[2025-08-20T08:46:29.792+0000] {logging_mixin.py:190} INFO - [2025-08-20T08:46:29.792+0000] {dag.py:4180} INFO - Setting next_dagrun for example_branch_datetime_operator to 2025-08-19 00:00:00+00:00, run_after=2025-08-20 00:00:00+00:00
[2025-08-20T08:46:29.799+0000] {logging_mixin.py:190} INFO - [2025-08-20T08:46:29.799+0000] {dag.py:4180} INFO - Setting next_dagrun for example_branch_datetime_operator_2 to 2025-08-19 00:00:00+00:00, run_after=2025-08-20 00:00:00+00:00
[2025-08-20T08:46:29.802+0000] {logging_mixin.py:190} INFO - [2025-08-20T08:46:29.802+0000] {dag.py:4180} INFO - Setting next_dagrun for example_branch_datetime_operator_3 to 2025-08-19 00:00:00+00:00, run_after=2025-08-20 00:00:00+00:00
[2025-08-20T08:46:30.038+0000] {processor.py:208} INFO - Processing /home/airflow/.local/lib/python3.12/site-packages/airflow/example_dags/example_branch_datetime_operator.py took 0.364 seconds
[2025-08-20T08:47:01.847+0000] {processor.py:186} INFO - Started process (PID=125) to work on /home/airflow/.local/lib/python3.12/site-packages/airflow/example_dags/example_branch_datetime_operator.py
[2025-08-20T08:47:01.849+0000] {processor.py:914} INFO - Processing file /home/airflow/.local/lib/python3.12/site-packages/airflow/example_dags/example_branch_datetime_operator.py for tasks to queue
[2025-08-20T08:47:01.853+0000] {logging_mixin.py:190} INFO - [2025-08-20T08:47:01.852+0000] {dagbag.py:588} INFO - Filling up the DagBag from /home/airflow/.local/lib/python3.12/site-packages/airflow/example_dags/example_branch_datetime_operator.py
[2025-08-20T08:47:01.869+0000] {processor.py:925} INFO - DAG(s) 'example_branch_datetime_operator', 'example_branch_datetime_operator_3', 'example_branch_datetime_operator_2' retrieved from /home/airflow/.local/lib/python3.12/site-packages/airflow/example_dags/example_branch_datetime_operator.py
[2025-08-20T08:47:01.902+0000] {logging_mixin.py:190} INFO - [2025-08-20T08:47:01.901+0000] {dag.py:3239} INFO - Sync 3 DAGs
[2025-08-20T08:47:01.933+0000] {logging_mixin.py:190} INFO - [2025-08-20T08:47:01.933+0000] {dag.py:4180} INFO - Setting next_dagrun for example_branch_datetime_operator to 2025-08-19 00:00:00+00:00, run_after=2025-08-20 00:00:00+00:00
[2025-08-20T08:47:01.939+0000] {logging_mixin.py:190} INFO - [2025-08-20T08:47:01.939+0000] {dag.py:4180} INFO - Setting next_dagrun for example_branch_datetime_operator_2 to 2025-08-19 00:00:00+00:00, run_after=2025-08-20 00:00:00+00:00
[2025-08-20T08:47:01.942+0000] {logging_mixin.py:190} INFO - [2025-08-20T08:47:01.942+0000] {dag.py:4180} INFO - Setting next_dagrun for example_branch_datetime_operator_3 to 2025-08-19 00:00:00+00:00, run_after=2025-08-20 00:00:00+00:00
[2025-08-20T08:47:02.279+0000] {processor.py:208} INFO - Processing /home/airflow/.local/lib/python3.12/site-packages/airflow/example_dags/example_branch_datetime_operator.py took 0.439 seconds
[2025-08-20T08:47:32.768+0000] {processor.py:186} INFO - Started process (PID=181) to work on /home/airflow/.local/lib/python3.12/site-packages/airflow/example_dags/example_branch_datetime_operator.py
[2025-08-20T08:47:32.770+0000] {processor.py:914} INFO - Processing file /home/airflow/.local/lib/python3.12/site-packages/airflow/example_dags/example_branch_datetime_operator.py for tasks to queue
[2025-08-20T08:47:32.773+0000] {logging_mixin.py:190} INFO - [2025-08-20T08:47:32.773+0000] {dagbag.py:588} INFO - Filling up the DagBag from /home/airflow/.local/lib/python3.12/site-packages/airflow/example_dags/example_branch_datetime_operator.py
[2025-08-20T08:47:32.788+0000] {processor.py:925} INFO - DAG(s) 'example_branch_datetime_operator', 'example_branch_datetime_operator_2', 'example_branch_datetime_operator_3' retrieved from /home/airflow/.local/lib/python3.12/site-packages/airflow/example_dags/example_branch_datetime_operator.py
[2025-08-20T08:47:32.821+0000] {logging_mixin.py:190} INFO - [2025-08-20T08:47:32.820+0000] {dag.py:3239} INFO - Sync 3 DAGs
[2025-08-20T08:47:32.854+0000] {logging_mixin.py:190} INFO - [2025-08-20T08:47:32.853+0000] {dag.py:4180} INFO - Setting next_dagrun for example_branch_datetime_operator to 2025-08-19 00:00:00+00:00, run_after=2025-08-20 00:00:00+00:00
[2025-08-20T08:47:32.860+0000] {logging_mixin.py:190} INFO - [2025-08-20T08:47:32.860+0000] {dag.py:4180} INFO - Setting next_dagrun for example_branch_datetime_operator_2 to 2025-08-19 00:00:00+00:00, run_after=2025-08-20 00:00:00+00:00
[2025-08-20T08:47:32.863+0000] {logging_mixin.py:190} INFO - [2025-08-20T08:47:32.862+0000] {dag.py:4180} INFO - Setting next_dagrun for example_branch_datetime_operator_3 to 2025-08-19 00:00:00+00:00, run_after=2025-08-20 00:00:00+00:00
[2025-08-20T08:47:33.064+0000] {processor.py:208} INFO - Processing /home/airflow/.local/lib/python3.12/site-packages/airflow/example_dags/example_branch_datetime_operator.py took 0.304 seconds
[2025-08-20T08:48:03.816+0000] {processor.py:186} INFO - Started process (PID=237) to work on /home/airflow/.local/lib/python3.12/site-packages/airflow/example_dags/example_branch_datetime_operator.py
[2025-08-20T08:48:03.818+0000] {processor.py:914} INFO - Processing file /home/airflow/.local/lib/python3.12/site-packages/airflow/example_dags/example_branch_datetime_operator.py for tasks to queue
[2025-08-20T08:48:03.821+0000] {logging_mixin.py:190} INFO - [2025-08-20T08:48:03.821+0000] {dagbag.py:588} INFO - Filling up the DagBag from /home/airflow/.local/lib/python3.12/site-packages/airflow/example_dags/example_branch_datetime_operator.py
[2025-08-20T08:48:03.846+0000] {processor.py:925} INFO - DAG(s) 'example_branch_datetime_operator_3', 'example_branch_datetime_operator_2', 'example_branch_datetime_operator' retrieved from /home/airflow/.local/lib/python3.12/site-packages/airflow/example_dags/example_branch_datetime_operator.py
[2025-08-20T08:48:03.882+0000] {logging_mixin.py:190} INFO - [2025-08-20T08:48:03.882+0000] {dag.py:3239} INFO - Sync 3 DAGs
[2025-08-20T08:48:03.929+0000] {logging_mixin.py:190} INFO - [2025-08-20T08:48:03.929+0000] {dag.py:4180} INFO - Setting next_dagrun for example_branch_datetime_operator to 2025-08-19 00:00:00+00:00, run_after=2025-08-20 00:00:00+00:00
[2025-08-20T08:48:03.935+0000] {logging_mixin.py:190} INFO - [2025-08-20T08:48:03.935+0000] {dag.py:4180} INFO - Setting next_dagrun for example_branch_datetime_operator_2 to 2025-08-19 00:00:00+00:00, run_after=2025-08-20 00:00:00+00:00
[2025-08-20T08:48:03.938+0000] {logging_mixin.py:190} INFO - [2025-08-20T08:48:03.938+0000] {dag.py:4180} INFO - Setting next_dagrun for example_branch_datetime_operator_3 to 2025-08-19 00:00:00+00:00, run_after=2025-08-20 00:00:00+00:00
[2025-08-20T08:48:03.962+0000] {processor.py:208} INFO - Processing /home/airflow/.local/lib/python3.12/site-packages/airflow/example_dags/example_branch_datetime_operator.py took 0.159 seconds
