[2025-08-20T08:25:53.740+0000] {processor.py:186} INFO - Started process (PID=49) to work on /home/airflow/.local/lib/python3.12/site-packages/airflow/example_dags/example_xcomargs.py
[2025-08-20T08:25:53.741+0000] {processor.py:914} INFO - Processing file /home/airflow/.local/lib/python3.12/site-packages/airflow/example_dags/example_xcomargs.py for tasks to queue
[2025-08-20T08:25:53.744+0000] {logging_mixin.py:190} INFO - [2025-08-20T08:25:53.744+0000] {dagbag.py:588} INFO - Filling up the DagBag from /home/airflow/.local/lib/python3.12/site-packages/airflow/example_dags/example_xcomargs.py
[2025-08-20T08:25:53.954+0000] {processor.py:925} INFO - DAG(s) 'example_xcom_args', 'example_xcom_args_with_operators' retrieved from /home/airflow/.local/lib/python3.12/site-packages/airflow/example_dags/example_xcomargs.py
[2025-08-20T08:25:53.993+0000] {logging_mixin.py:190} INFO - [2025-08-20T08:25:53.993+0000] {dag.py:3239} INFO - Sync 2 DAGs
[2025-08-20T08:25:54.015+0000] {logging_mixin.py:190} INFO - [2025-08-20T08:25:54.015+0000] {dag.py:4180} INFO - Setting next_dagrun for example_xcom_args to None, run_after=None
[2025-08-20T08:25:54.020+0000] {logging_mixin.py:190} INFO - [2025-08-20T08:25:54.020+0000] {dag.py:4180} INFO - Setting next_dagrun for example_xcom_args_with_operators to None, run_after=None
[2025-08-20T08:25:54.135+0000] {processor.py:208} INFO - Processing /home/airflow/.local/lib/python3.12/site-packages/airflow/example_dags/example_xcomargs.py took 0.404 seconds
[2025-08-20T08:26:24.653+0000] {processor.py:186} INFO - Started process (PID=105) to work on /home/airflow/.local/lib/python3.12/site-packages/airflow/example_dags/example_xcomargs.py
[2025-08-20T08:26:24.655+0000] {processor.py:914} INFO - Processing file /home/airflow/.local/lib/python3.12/site-packages/airflow/example_dags/example_xcomargs.py for tasks to queue
[2025-08-20T08:26:24.659+0000] {logging_mixin.py:190} INFO - [2025-08-20T08:26:24.659+0000] {dagbag.py:588} INFO - Filling up the DagBag from /home/airflow/.local/lib/python3.12/site-packages/airflow/example_dags/example_xcomargs.py
[2025-08-20T08:26:24.676+0000] {processor.py:925} INFO - DAG(s) 'example_xcom_args', 'example_xcom_args_with_operators' retrieved from /home/airflow/.local/lib/python3.12/site-packages/airflow/example_dags/example_xcomargs.py
[2025-08-20T08:26:24.702+0000] {logging_mixin.py:190} INFO - [2025-08-20T08:26:24.702+0000] {dag.py:3239} INFO - Sync 2 DAGs
[2025-08-20T08:26:24.721+0000] {logging_mixin.py:190} INFO - [2025-08-20T08:26:24.721+0000] {dag.py:4180} INFO - Setting next_dagrun for example_xcom_args to None, run_after=None
[2025-08-20T08:26:24.726+0000] {logging_mixin.py:190} INFO - [2025-08-20T08:26:24.726+0000] {dag.py:4180} INFO - Setting next_dagrun for example_xcom_args_with_operators to None, run_after=None
[2025-08-20T08:26:25.126+0000] {processor.py:208} INFO - Processing /home/airflow/.local/lib/python3.12/site-packages/airflow/example_dags/example_xcomargs.py took 0.484 seconds
[2025-08-20T08:26:55.409+0000] {processor.py:186} INFO - Started process (PID=161) to work on /home/airflow/.local/lib/python3.12/site-packages/airflow/example_dags/example_xcomargs.py
[2025-08-20T08:26:55.410+0000] {processor.py:914} INFO - Processing file /home/airflow/.local/lib/python3.12/site-packages/airflow/example_dags/example_xcomargs.py for tasks to queue
[2025-08-20T08:26:55.413+0000] {logging_mixin.py:190} INFO - [2025-08-20T08:26:55.413+0000] {dagbag.py:588} INFO - Filling up the DagBag from /home/airflow/.local/lib/python3.12/site-packages/airflow/example_dags/example_xcomargs.py
[2025-08-20T08:26:55.428+0000] {processor.py:925} INFO - DAG(s) 'example_xcom_args', 'example_xcom_args_with_operators' retrieved from /home/airflow/.local/lib/python3.12/site-packages/airflow/example_dags/example_xcomargs.py
[2025-08-20T08:26:55.458+0000] {logging_mixin.py:190} INFO - [2025-08-20T08:26:55.458+0000] {dag.py:3239} INFO - Sync 2 DAGs
[2025-08-20T08:26:55.479+0000] {logging_mixin.py:190} INFO - [2025-08-20T08:26:55.479+0000] {dag.py:4180} INFO - Setting next_dagrun for example_xcom_args to None, run_after=None
[2025-08-20T08:26:55.484+0000] {logging_mixin.py:190} INFO - [2025-08-20T08:26:55.484+0000] {dag.py:4180} INFO - Setting next_dagrun for example_xcom_args_with_operators to None, run_after=None
[2025-08-20T08:26:55.698+0000] {processor.py:208} INFO - Processing /home/airflow/.local/lib/python3.12/site-packages/airflow/example_dags/example_xcomargs.py took 0.297 seconds
[2025-08-20T08:27:26.030+0000] {processor.py:186} INFO - Started process (PID=217) to work on /home/airflow/.local/lib/python3.12/site-packages/airflow/example_dags/example_xcomargs.py
[2025-08-20T08:27:26.031+0000] {processor.py:914} INFO - Processing file /home/airflow/.local/lib/python3.12/site-packages/airflow/example_dags/example_xcomargs.py for tasks to queue
[2025-08-20T08:27:26.034+0000] {logging_mixin.py:190} INFO - [2025-08-20T08:27:26.034+0000] {dagbag.py:588} INFO - Filling up the DagBag from /home/airflow/.local/lib/python3.12/site-packages/airflow/example_dags/example_xcomargs.py
[2025-08-20T08:27:26.048+0000] {processor.py:925} INFO - DAG(s) 'example_xcom_args', 'example_xcom_args_with_operators' retrieved from /home/airflow/.local/lib/python3.12/site-packages/airflow/example_dags/example_xcomargs.py
[2025-08-20T08:27:26.078+0000] {logging_mixin.py:190} INFO - [2025-08-20T08:27:26.077+0000] {dag.py:3239} INFO - Sync 2 DAGs
[2025-08-20T08:27:26.098+0000] {logging_mixin.py:190} INFO - [2025-08-20T08:27:26.098+0000] {dag.py:4180} INFO - Setting next_dagrun for example_xcom_args to None, run_after=None
[2025-08-20T08:27:26.103+0000] {logging_mixin.py:190} INFO - [2025-08-20T08:27:26.102+0000] {dag.py:4180} INFO - Setting next_dagrun for example_xcom_args_with_operators to None, run_after=None
[2025-08-20T08:27:26.121+0000] {processor.py:208} INFO - Processing /home/airflow/.local/lib/python3.12/site-packages/airflow/example_dags/example_xcomargs.py took 0.099 seconds
[2025-08-20T08:27:56.572+0000] {processor.py:186} INFO - Started process (PID=273) to work on /home/airflow/.local/lib/python3.12/site-packages/airflow/example_dags/example_xcomargs.py
[2025-08-20T08:27:56.574+0000] {processor.py:914} INFO - Processing file /home/airflow/.local/lib/python3.12/site-packages/airflow/example_dags/example_xcomargs.py for tasks to queue
[2025-08-20T08:27:56.577+0000] {logging_mixin.py:190} INFO - [2025-08-20T08:27:56.576+0000] {dagbag.py:588} INFO - Filling up the DagBag from /home/airflow/.local/lib/python3.12/site-packages/airflow/example_dags/example_xcomargs.py
[2025-08-20T08:27:56.591+0000] {processor.py:925} INFO - DAG(s) 'example_xcom_args', 'example_xcom_args_with_operators' retrieved from /home/airflow/.local/lib/python3.12/site-packages/airflow/example_dags/example_xcomargs.py
[2025-08-20T08:27:56.620+0000] {logging_mixin.py:190} INFO - [2025-08-20T08:27:56.619+0000] {dag.py:3239} INFO - Sync 2 DAGs
[2025-08-20T08:27:56.641+0000] {logging_mixin.py:190} INFO - [2025-08-20T08:27:56.641+0000] {dag.py:4180} INFO - Setting next_dagrun for example_xcom_args to None, run_after=None
[2025-08-20T08:27:56.646+0000] {logging_mixin.py:190} INFO - [2025-08-20T08:27:56.646+0000] {dag.py:4180} INFO - Setting next_dagrun for example_xcom_args_with_operators to None, run_after=None
[2025-08-20T08:27:56.666+0000] {processor.py:208} INFO - Processing /home/airflow/.local/lib/python3.12/site-packages/airflow/example_dags/example_xcomargs.py took 0.103 seconds
[2025-08-20T08:28:26.995+0000] {processor.py:186} INFO - Started process (PID=329) to work on /home/airflow/.local/lib/python3.12/site-packages/airflow/example_dags/example_xcomargs.py
[2025-08-20T08:28:26.997+0000] {processor.py:914} INFO - Processing file /home/airflow/.local/lib/python3.12/site-packages/airflow/example_dags/example_xcomargs.py for tasks to queue
[2025-08-20T08:28:27.001+0000] {logging_mixin.py:190} INFO - [2025-08-20T08:28:27.001+0000] {dagbag.py:588} INFO - Filling up the DagBag from /home/airflow/.local/lib/python3.12/site-packages/airflow/example_dags/example_xcomargs.py
[2025-08-20T08:28:27.021+0000] {processor.py:925} INFO - DAG(s) 'example_xcom_args_with_operators', 'example_xcom_args' retrieved from /home/airflow/.local/lib/python3.12/site-packages/airflow/example_dags/example_xcomargs.py
[2025-08-20T08:28:27.053+0000] {logging_mixin.py:190} INFO - [2025-08-20T08:28:27.052+0000] {dag.py:3239} INFO - Sync 2 DAGs
[2025-08-20T08:28:27.074+0000] {logging_mixin.py:190} INFO - [2025-08-20T08:28:27.074+0000] {dag.py:4180} INFO - Setting next_dagrun for example_xcom_args to None, run_after=None
[2025-08-20T08:28:27.079+0000] {logging_mixin.py:190} INFO - [2025-08-20T08:28:27.079+0000] {dag.py:4180} INFO - Setting next_dagrun for example_xcom_args_with_operators to None, run_after=None
[2025-08-20T08:28:27.099+0000] {processor.py:208} INFO - Processing /home/airflow/.local/lib/python3.12/site-packages/airflow/example_dags/example_xcomargs.py took 0.116 seconds
[2025-08-20T08:28:58.333+0000] {processor.py:186} INFO - Started process (PID=385) to work on /home/airflow/.local/lib/python3.12/site-packages/airflow/example_dags/example_xcomargs.py
[2025-08-20T08:28:58.335+0000] {processor.py:914} INFO - Processing file /home/airflow/.local/lib/python3.12/site-packages/airflow/example_dags/example_xcomargs.py for tasks to queue
[2025-08-20T08:28:58.338+0000] {logging_mixin.py:190} INFO - [2025-08-20T08:28:58.338+0000] {dagbag.py:588} INFO - Filling up the DagBag from /home/airflow/.local/lib/python3.12/site-packages/airflow/example_dags/example_xcomargs.py
[2025-08-20T08:28:58.353+0000] {processor.py:925} INFO - DAG(s) 'example_xcom_args', 'example_xcom_args_with_operators' retrieved from /home/airflow/.local/lib/python3.12/site-packages/airflow/example_dags/example_xcomargs.py
[2025-08-20T08:28:58.382+0000] {logging_mixin.py:190} INFO - [2025-08-20T08:28:58.382+0000] {dag.py:3239} INFO - Sync 2 DAGs
[2025-08-20T08:28:58.402+0000] {logging_mixin.py:190} INFO - [2025-08-20T08:28:58.401+0000] {dag.py:4180} INFO - Setting next_dagrun for example_xcom_args to None, run_after=None
[2025-08-20T08:28:58.406+0000] {logging_mixin.py:190} INFO - [2025-08-20T08:28:58.406+0000] {dag.py:4180} INFO - Setting next_dagrun for example_xcom_args_with_operators to None, run_after=None
[2025-08-20T08:28:58.424+0000] {processor.py:208} INFO - Processing /home/airflow/.local/lib/python3.12/site-packages/airflow/example_dags/example_xcomargs.py took 0.100 seconds
[2025-08-20T08:30:23.440+0000] {processor.py:186} INFO - Started process (PID=47) to work on /home/airflow/.local/lib/python3.12/site-packages/airflow/example_dags/example_xcomargs.py
[2025-08-20T08:30:23.442+0000] {processor.py:914} INFO - Processing file /home/airflow/.local/lib/python3.12/site-packages/airflow/example_dags/example_xcomargs.py for tasks to queue
[2025-08-20T08:30:23.446+0000] {logging_mixin.py:190} INFO - [2025-08-20T08:30:23.445+0000] {dagbag.py:588} INFO - Filling up the DagBag from /home/airflow/.local/lib/python3.12/site-packages/airflow/example_dags/example_xcomargs.py
[2025-08-20T08:30:23.464+0000] {processor.py:925} INFO - DAG(s) 'example_xcom_args', 'example_xcom_args_with_operators' retrieved from /home/airflow/.local/lib/python3.12/site-packages/airflow/example_dags/example_xcomargs.py
[2025-08-20T08:30:23.504+0000] {logging_mixin.py:190} INFO - [2025-08-20T08:30:23.504+0000] {dag.py:3239} INFO - Sync 2 DAGs
[2025-08-20T08:30:23.528+0000] {logging_mixin.py:190} INFO - [2025-08-20T08:30:23.527+0000] {dag.py:4180} INFO - Setting next_dagrun for example_xcom_args to None, run_after=None
[2025-08-20T08:30:23.533+0000] {logging_mixin.py:190} INFO - [2025-08-20T08:30:23.533+0000] {dag.py:4180} INFO - Setting next_dagrun for example_xcom_args_with_operators to None, run_after=None
[2025-08-20T08:30:23.792+0000] {processor.py:208} INFO - Processing /home/airflow/.local/lib/python3.12/site-packages/airflow/example_dags/example_xcomargs.py took 0.362 seconds
[2025-08-20T08:30:55.372+0000] {processor.py:186} INFO - Started process (PID=103) to work on /home/airflow/.local/lib/python3.12/site-packages/airflow/example_dags/example_xcomargs.py
[2025-08-20T08:30:55.373+0000] {processor.py:914} INFO - Processing file /home/airflow/.local/lib/python3.12/site-packages/airflow/example_dags/example_xcomargs.py for tasks to queue
[2025-08-20T08:30:55.376+0000] {logging_mixin.py:190} INFO - [2025-08-20T08:30:55.376+0000] {dagbag.py:588} INFO - Filling up the DagBag from /home/airflow/.local/lib/python3.12/site-packages/airflow/example_dags/example_xcomargs.py
[2025-08-20T08:30:55.390+0000] {processor.py:925} INFO - DAG(s) 'example_xcom_args_with_operators', 'example_xcom_args' retrieved from /home/airflow/.local/lib/python3.12/site-packages/airflow/example_dags/example_xcomargs.py
[2025-08-20T08:30:55.418+0000] {logging_mixin.py:190} INFO - [2025-08-20T08:30:55.418+0000] {dag.py:3239} INFO - Sync 2 DAGs
[2025-08-20T08:30:55.437+0000] {logging_mixin.py:190} INFO - [2025-08-20T08:30:55.437+0000] {dag.py:4180} INFO - Setting next_dagrun for example_xcom_args to None, run_after=None
[2025-08-20T08:30:55.442+0000] {logging_mixin.py:190} INFO - [2025-08-20T08:30:55.442+0000] {dag.py:4180} INFO - Setting next_dagrun for example_xcom_args_with_operators to None, run_after=None
[2025-08-20T08:30:55.669+0000] {processor.py:208} INFO - Processing /home/airflow/.local/lib/python3.12/site-packages/airflow/example_dags/example_xcomargs.py took 0.306 seconds
[2025-08-20T08:31:25.991+0000] {processor.py:186} INFO - Started process (PID=159) to work on /home/airflow/.local/lib/python3.12/site-packages/airflow/example_dags/example_xcomargs.py
[2025-08-20T08:31:25.993+0000] {processor.py:914} INFO - Processing file /home/airflow/.local/lib/python3.12/site-packages/airflow/example_dags/example_xcomargs.py for tasks to queue
[2025-08-20T08:31:25.996+0000] {logging_mixin.py:190} INFO - [2025-08-20T08:31:25.995+0000] {dagbag.py:588} INFO - Filling up the DagBag from /home/airflow/.local/lib/python3.12/site-packages/airflow/example_dags/example_xcomargs.py
[2025-08-20T08:31:26.010+0000] {processor.py:925} INFO - DAG(s) 'example_xcom_args', 'example_xcom_args_with_operators' retrieved from /home/airflow/.local/lib/python3.12/site-packages/airflow/example_dags/example_xcomargs.py
[2025-08-20T08:31:26.041+0000] {logging_mixin.py:190} INFO - [2025-08-20T08:31:26.040+0000] {dag.py:3239} INFO - Sync 2 DAGs
[2025-08-20T08:31:26.061+0000] {logging_mixin.py:190} INFO - [2025-08-20T08:31:26.060+0000] {dag.py:4180} INFO - Setting next_dagrun for example_xcom_args to None, run_after=None
[2025-08-20T08:31:26.065+0000] {logging_mixin.py:190} INFO - [2025-08-20T08:31:26.065+0000] {dag.py:4180} INFO - Setting next_dagrun for example_xcom_args_with_operators to None, run_after=None
[2025-08-20T08:31:26.339+0000] {processor.py:208} INFO - Processing /home/airflow/.local/lib/python3.12/site-packages/airflow/example_dags/example_xcomargs.py took 0.356 seconds
[2025-08-20T08:32:18.486+0000] {processor.py:186} INFO - Started process (PID=48) to work on /home/airflow/.local/lib/python3.12/site-packages/airflow/example_dags/example_xcomargs.py
[2025-08-20T08:32:18.487+0000] {processor.py:914} INFO - Processing file /home/airflow/.local/lib/python3.12/site-packages/airflow/example_dags/example_xcomargs.py for tasks to queue
[2025-08-20T08:32:18.491+0000] {logging_mixin.py:190} INFO - [2025-08-20T08:32:18.490+0000] {dagbag.py:588} INFO - Filling up the DagBag from /home/airflow/.local/lib/python3.12/site-packages/airflow/example_dags/example_xcomargs.py
[2025-08-20T08:32:18.505+0000] {processor.py:925} INFO - DAG(s) 'example_xcom_args', 'example_xcom_args_with_operators' retrieved from /home/airflow/.local/lib/python3.12/site-packages/airflow/example_dags/example_xcomargs.py
[2025-08-20T08:32:18.543+0000] {logging_mixin.py:190} INFO - [2025-08-20T08:32:18.542+0000] {dag.py:3239} INFO - Sync 2 DAGs
[2025-08-20T08:32:18.563+0000] {logging_mixin.py:190} INFO - [2025-08-20T08:32:18.563+0000] {dag.py:4180} INFO - Setting next_dagrun for example_xcom_args to None, run_after=None
[2025-08-20T08:32:18.568+0000] {logging_mixin.py:190} INFO - [2025-08-20T08:32:18.567+0000] {dag.py:4180} INFO - Setting next_dagrun for example_xcom_args_with_operators to None, run_after=None
[2025-08-20T08:32:18.586+0000] {processor.py:208} INFO - Processing /home/airflow/.local/lib/python3.12/site-packages/airflow/example_dags/example_xcomargs.py took 0.108 seconds
[2025-08-20T08:32:49.794+0000] {processor.py:186} INFO - Started process (PID=104) to work on /home/airflow/.local/lib/python3.12/site-packages/airflow/example_dags/example_xcomargs.py
[2025-08-20T08:32:49.795+0000] {processor.py:914} INFO - Processing file /home/airflow/.local/lib/python3.12/site-packages/airflow/example_dags/example_xcomargs.py for tasks to queue
[2025-08-20T08:32:49.798+0000] {logging_mixin.py:190} INFO - [2025-08-20T08:32:49.798+0000] {dagbag.py:588} INFO - Filling up the DagBag from /home/airflow/.local/lib/python3.12/site-packages/airflow/example_dags/example_xcomargs.py
[2025-08-20T08:32:49.812+0000] {processor.py:925} INFO - DAG(s) 'example_xcom_args', 'example_xcom_args_with_operators' retrieved from /home/airflow/.local/lib/python3.12/site-packages/airflow/example_dags/example_xcomargs.py
[2025-08-20T08:32:49.847+0000] {logging_mixin.py:190} INFO - [2025-08-20T08:32:49.846+0000] {dag.py:3239} INFO - Sync 2 DAGs
[2025-08-20T08:32:49.874+0000] {logging_mixin.py:190} INFO - [2025-08-20T08:32:49.874+0000] {dag.py:4180} INFO - Setting next_dagrun for example_xcom_args to None, run_after=None
[2025-08-20T08:32:49.883+0000] {logging_mixin.py:190} INFO - [2025-08-20T08:32:49.883+0000] {dag.py:4180} INFO - Setting next_dagrun for example_xcom_args_with_operators to None, run_after=None
[2025-08-20T08:32:49.905+0000] {processor.py:208} INFO - Processing /home/airflow/.local/lib/python3.12/site-packages/airflow/example_dags/example_xcomargs.py took 0.118 seconds
[2025-08-20T08:33:20.189+0000] {processor.py:186} INFO - Started process (PID=160) to work on /home/airflow/.local/lib/python3.12/site-packages/airflow/example_dags/example_xcomargs.py
[2025-08-20T08:33:20.191+0000] {processor.py:914} INFO - Processing file /home/airflow/.local/lib/python3.12/site-packages/airflow/example_dags/example_xcomargs.py for tasks to queue
[2025-08-20T08:33:20.194+0000] {logging_mixin.py:190} INFO - [2025-08-20T08:33:20.193+0000] {dagbag.py:588} INFO - Filling up the DagBag from /home/airflow/.local/lib/python3.12/site-packages/airflow/example_dags/example_xcomargs.py
[2025-08-20T08:33:20.206+0000] {processor.py:925} INFO - DAG(s) 'example_xcom_args', 'example_xcom_args_with_operators' retrieved from /home/airflow/.local/lib/python3.12/site-packages/airflow/example_dags/example_xcomargs.py
[2025-08-20T08:33:20.235+0000] {logging_mixin.py:190} INFO - [2025-08-20T08:33:20.235+0000] {dag.py:3239} INFO - Sync 2 DAGs
[2025-08-20T08:33:20.253+0000] {logging_mixin.py:190} INFO - [2025-08-20T08:33:20.253+0000] {dag.py:4180} INFO - Setting next_dagrun for example_xcom_args to None, run_after=None
[2025-08-20T08:33:20.258+0000] {logging_mixin.py:190} INFO - [2025-08-20T08:33:20.258+0000] {dag.py:4180} INFO - Setting next_dagrun for example_xcom_args_with_operators to None, run_after=None
[2025-08-20T08:33:20.275+0000] {processor.py:208} INFO - Processing /home/airflow/.local/lib/python3.12/site-packages/airflow/example_dags/example_xcomargs.py took 0.093 seconds
[2025-08-20T08:33:50.452+0000] {processor.py:186} INFO - Started process (PID=215) to work on /home/airflow/.local/lib/python3.12/site-packages/airflow/example_dags/example_xcomargs.py
[2025-08-20T08:33:50.458+0000] {processor.py:914} INFO - Processing file /home/airflow/.local/lib/python3.12/site-packages/airflow/example_dags/example_xcomargs.py for tasks to queue
[2025-08-20T08:33:50.461+0000] {logging_mixin.py:190} INFO - [2025-08-20T08:33:50.460+0000] {dagbag.py:588} INFO - Filling up the DagBag from /home/airflow/.local/lib/python3.12/site-packages/airflow/example_dags/example_xcomargs.py
[2025-08-20T08:33:50.473+0000] {processor.py:925} INFO - DAG(s) 'example_xcom_args_with_operators', 'example_xcom_args' retrieved from /home/airflow/.local/lib/python3.12/site-packages/airflow/example_dags/example_xcomargs.py
[2025-08-20T08:33:50.500+0000] {logging_mixin.py:190} INFO - [2025-08-20T08:33:50.500+0000] {dag.py:3239} INFO - Sync 2 DAGs
[2025-08-20T08:33:50.520+0000] {logging_mixin.py:190} INFO - [2025-08-20T08:33:50.519+0000] {dag.py:4180} INFO - Setting next_dagrun for example_xcom_args to None, run_after=None
[2025-08-20T08:33:50.524+0000] {logging_mixin.py:190} INFO - [2025-08-20T08:33:50.524+0000] {dag.py:4180} INFO - Setting next_dagrun for example_xcom_args_with_operators to None, run_after=None
[2025-08-20T08:33:50.543+0000] {processor.py:208} INFO - Processing /home/airflow/.local/lib/python3.12/site-packages/airflow/example_dags/example_xcomargs.py took 0.099 seconds
[2025-08-20T08:34:20.947+0000] {processor.py:186} INFO - Started process (PID=270) to work on /home/airflow/.local/lib/python3.12/site-packages/airflow/example_dags/example_xcomargs.py
[2025-08-20T08:34:20.948+0000] {processor.py:914} INFO - Processing file /home/airflow/.local/lib/python3.12/site-packages/airflow/example_dags/example_xcomargs.py for tasks to queue
[2025-08-20T08:34:20.951+0000] {logging_mixin.py:190} INFO - [2025-08-20T08:34:20.951+0000] {dagbag.py:588} INFO - Filling up the DagBag from /home/airflow/.local/lib/python3.12/site-packages/airflow/example_dags/example_xcomargs.py
[2025-08-20T08:34:20.963+0000] {processor.py:925} INFO - DAG(s) 'example_xcom_args', 'example_xcom_args_with_operators' retrieved from /home/airflow/.local/lib/python3.12/site-packages/airflow/example_dags/example_xcomargs.py
[2025-08-20T08:34:20.992+0000] {logging_mixin.py:190} INFO - [2025-08-20T08:34:20.992+0000] {dag.py:3239} INFO - Sync 2 DAGs
[2025-08-20T08:34:21.013+0000] {logging_mixin.py:190} INFO - [2025-08-20T08:34:21.012+0000] {dag.py:4180} INFO - Setting next_dagrun for example_xcom_args to None, run_after=None
[2025-08-20T08:34:21.018+0000] {logging_mixin.py:190} INFO - [2025-08-20T08:34:21.018+0000] {dag.py:4180} INFO - Setting next_dagrun for example_xcom_args_with_operators to None, run_after=None
[2025-08-20T08:34:21.036+0000] {processor.py:208} INFO - Processing /home/airflow/.local/lib/python3.12/site-packages/airflow/example_dags/example_xcomargs.py took 0.097 seconds
[2025-08-20T08:34:51.473+0000] {processor.py:186} INFO - Started process (PID=326) to work on /home/airflow/.local/lib/python3.12/site-packages/airflow/example_dags/example_xcomargs.py
[2025-08-20T08:34:51.475+0000] {processor.py:914} INFO - Processing file /home/airflow/.local/lib/python3.12/site-packages/airflow/example_dags/example_xcomargs.py for tasks to queue
[2025-08-20T08:34:51.478+0000] {logging_mixin.py:190} INFO - [2025-08-20T08:34:51.478+0000] {dagbag.py:588} INFO - Filling up the DagBag from /home/airflow/.local/lib/python3.12/site-packages/airflow/example_dags/example_xcomargs.py
[2025-08-20T08:34:51.492+0000] {processor.py:925} INFO - DAG(s) 'example_xcom_args_with_operators', 'example_xcom_args' retrieved from /home/airflow/.local/lib/python3.12/site-packages/airflow/example_dags/example_xcomargs.py
[2025-08-20T08:34:51.520+0000] {logging_mixin.py:190} INFO - [2025-08-20T08:34:51.520+0000] {dag.py:3239} INFO - Sync 2 DAGs
[2025-08-20T08:34:51.539+0000] {logging_mixin.py:190} INFO - [2025-08-20T08:34:51.539+0000] {dag.py:4180} INFO - Setting next_dagrun for example_xcom_args to None, run_after=None
[2025-08-20T08:34:51.544+0000] {logging_mixin.py:190} INFO - [2025-08-20T08:34:51.544+0000] {dag.py:4180} INFO - Setting next_dagrun for example_xcom_args_with_operators to None, run_after=None
[2025-08-20T08:34:51.561+0000] {processor.py:208} INFO - Processing /home/airflow/.local/lib/python3.12/site-packages/airflow/example_dags/example_xcomargs.py took 0.096 seconds
[2025-08-20T08:35:22.925+0000] {processor.py:186} INFO - Started process (PID=384) to work on /home/airflow/.local/lib/python3.12/site-packages/airflow/example_dags/example_xcomargs.py
[2025-08-20T08:35:22.933+0000] {processor.py:914} INFO - Processing file /home/airflow/.local/lib/python3.12/site-packages/airflow/example_dags/example_xcomargs.py for tasks to queue
[2025-08-20T08:35:22.936+0000] {logging_mixin.py:190} INFO - [2025-08-20T08:35:22.936+0000] {dagbag.py:588} INFO - Filling up the DagBag from /home/airflow/.local/lib/python3.12/site-packages/airflow/example_dags/example_xcomargs.py
[2025-08-20T08:35:22.950+0000] {processor.py:925} INFO - DAG(s) 'example_xcom_args', 'example_xcom_args_with_operators' retrieved from /home/airflow/.local/lib/python3.12/site-packages/airflow/example_dags/example_xcomargs.py
[2025-08-20T08:35:22.981+0000] {logging_mixin.py:190} INFO - [2025-08-20T08:35:22.981+0000] {dag.py:3239} INFO - Sync 2 DAGs
[2025-08-20T08:35:23.002+0000] {logging_mixin.py:190} INFO - [2025-08-20T08:35:23.001+0000] {dag.py:4180} INFO - Setting next_dagrun for example_xcom_args to None, run_after=None
[2025-08-20T08:35:23.007+0000] {logging_mixin.py:190} INFO - [2025-08-20T08:35:23.006+0000] {dag.py:4180} INFO - Setting next_dagrun for example_xcom_args_with_operators to None, run_after=None
[2025-08-20T08:35:23.027+0000] {processor.py:208} INFO - Processing /home/airflow/.local/lib/python3.12/site-packages/airflow/example_dags/example_xcomargs.py took 0.110 seconds
[2025-08-20T08:36:38.144+0000] {processor.py:186} INFO - Started process (PID=48) to work on /home/airflow/.local/lib/python3.12/site-packages/airflow/example_dags/example_xcomargs.py
[2025-08-20T08:36:38.146+0000] {processor.py:914} INFO - Processing file /home/airflow/.local/lib/python3.12/site-packages/airflow/example_dags/example_xcomargs.py for tasks to queue
[2025-08-20T08:36:38.149+0000] {logging_mixin.py:190} INFO - [2025-08-20T08:36:38.148+0000] {dagbag.py:588} INFO - Filling up the DagBag from /home/airflow/.local/lib/python3.12/site-packages/airflow/example_dags/example_xcomargs.py
[2025-08-20T08:36:38.165+0000] {processor.py:925} INFO - DAG(s) 'example_xcom_args_with_operators', 'example_xcom_args' retrieved from /home/airflow/.local/lib/python3.12/site-packages/airflow/example_dags/example_xcomargs.py
[2025-08-20T08:36:38.204+0000] {logging_mixin.py:190} INFO - [2025-08-20T08:36:38.203+0000] {dag.py:3239} INFO - Sync 2 DAGs
[2025-08-20T08:36:38.224+0000] {logging_mixin.py:190} INFO - [2025-08-20T08:36:38.224+0000] {dag.py:4180} INFO - Setting next_dagrun for example_xcom_args to None, run_after=None
[2025-08-20T08:36:38.658+0000] {logging_mixin.py:190} INFO - [2025-08-20T08:36:38.658+0000] {dag.py:4180} INFO - Setting next_dagrun for example_xcom_args_with_operators to None, run_after=None
[2025-08-20T08:36:38.749+0000] {processor.py:208} INFO - Processing /home/airflow/.local/lib/python3.12/site-packages/airflow/example_dags/example_xcomargs.py took 0.614 seconds
[2025-08-20T08:37:09.733+0000] {processor.py:186} INFO - Started process (PID=104) to work on /home/airflow/.local/lib/python3.12/site-packages/airflow/example_dags/example_xcomargs.py
[2025-08-20T08:37:09.734+0000] {processor.py:914} INFO - Processing file /home/airflow/.local/lib/python3.12/site-packages/airflow/example_dags/example_xcomargs.py for tasks to queue
[2025-08-20T08:37:09.737+0000] {logging_mixin.py:190} INFO - [2025-08-20T08:37:09.737+0000] {dagbag.py:588} INFO - Filling up the DagBag from /home/airflow/.local/lib/python3.12/site-packages/airflow/example_dags/example_xcomargs.py
[2025-08-20T08:37:09.751+0000] {processor.py:925} INFO - DAG(s) 'example_xcom_args', 'example_xcom_args_with_operators' retrieved from /home/airflow/.local/lib/python3.12/site-packages/airflow/example_dags/example_xcomargs.py
[2025-08-20T08:37:09.779+0000] {logging_mixin.py:190} INFO - [2025-08-20T08:37:09.779+0000] {dag.py:3239} INFO - Sync 2 DAGs
[2025-08-20T08:37:09.799+0000] {logging_mixin.py:190} INFO - [2025-08-20T08:37:09.799+0000] {dag.py:4180} INFO - Setting next_dagrun for example_xcom_args to None, run_after=None
[2025-08-20T08:37:09.803+0000] {logging_mixin.py:190} INFO - [2025-08-20T08:37:09.803+0000] {dag.py:4180} INFO - Setting next_dagrun for example_xcom_args_with_operators to None, run_after=None
[2025-08-20T08:37:10.079+0000] {processor.py:208} INFO - Processing /home/airflow/.local/lib/python3.12/site-packages/airflow/example_dags/example_xcomargs.py took 0.354 seconds
[2025-08-20T08:37:40.524+0000] {processor.py:186} INFO - Started process (PID=160) to work on /home/airflow/.local/lib/python3.12/site-packages/airflow/example_dags/example_xcomargs.py
[2025-08-20T08:37:40.525+0000] {processor.py:914} INFO - Processing file /home/airflow/.local/lib/python3.12/site-packages/airflow/example_dags/example_xcomargs.py for tasks to queue
[2025-08-20T08:37:40.528+0000] {logging_mixin.py:190} INFO - [2025-08-20T08:37:40.528+0000] {dagbag.py:588} INFO - Filling up the DagBag from /home/airflow/.local/lib/python3.12/site-packages/airflow/example_dags/example_xcomargs.py
[2025-08-20T08:37:40.542+0000] {processor.py:925} INFO - DAG(s) 'example_xcom_args_with_operators', 'example_xcom_args' retrieved from /home/airflow/.local/lib/python3.12/site-packages/airflow/example_dags/example_xcomargs.py
[2025-08-20T08:37:40.570+0000] {logging_mixin.py:190} INFO - [2025-08-20T08:37:40.570+0000] {dag.py:3239} INFO - Sync 2 DAGs
[2025-08-20T08:37:40.589+0000] {logging_mixin.py:190} INFO - [2025-08-20T08:37:40.589+0000] {dag.py:4180} INFO - Setting next_dagrun for example_xcom_args to None, run_after=None
[2025-08-20T08:37:40.594+0000] {logging_mixin.py:190} INFO - [2025-08-20T08:37:40.594+0000] {dag.py:4180} INFO - Setting next_dagrun for example_xcom_args_with_operators to None, run_after=None
[2025-08-20T08:37:40.849+0000] {processor.py:208} INFO - Processing /home/airflow/.local/lib/python3.12/site-packages/airflow/example_dags/example_xcomargs.py took 0.334 seconds
[2025-08-20T08:38:11.439+0000] {processor.py:186} INFO - Started process (PID=216) to work on /home/airflow/.local/lib/python3.12/site-packages/airflow/example_dags/example_xcomargs.py
[2025-08-20T08:38:11.440+0000] {processor.py:914} INFO - Processing file /home/airflow/.local/lib/python3.12/site-packages/airflow/example_dags/example_xcomargs.py for tasks to queue
[2025-08-20T08:38:11.443+0000] {logging_mixin.py:190} INFO - [2025-08-20T08:38:11.443+0000] {dagbag.py:588} INFO - Filling up the DagBag from /home/airflow/.local/lib/python3.12/site-packages/airflow/example_dags/example_xcomargs.py
[2025-08-20T08:38:11.458+0000] {processor.py:925} INFO - DAG(s) 'example_xcom_args_with_operators', 'example_xcom_args' retrieved from /home/airflow/.local/lib/python3.12/site-packages/airflow/example_dags/example_xcomargs.py
[2025-08-20T08:38:11.486+0000] {logging_mixin.py:190} INFO - [2025-08-20T08:38:11.485+0000] {dag.py:3239} INFO - Sync 2 DAGs
[2025-08-20T08:38:11.507+0000] {logging_mixin.py:190} INFO - [2025-08-20T08:38:11.506+0000] {dag.py:4180} INFO - Setting next_dagrun for example_xcom_args to None, run_after=None
[2025-08-20T08:38:11.511+0000] {logging_mixin.py:190} INFO - [2025-08-20T08:38:11.511+0000] {dag.py:4180} INFO - Setting next_dagrun for example_xcom_args_with_operators to None, run_after=None
[2025-08-20T08:38:11.531+0000] {processor.py:208} INFO - Processing /home/airflow/.local/lib/python3.12/site-packages/airflow/example_dags/example_xcomargs.py took 0.103 seconds
[2025-08-20T08:38:41.959+0000] {processor.py:186} INFO - Started process (PID=272) to work on /home/airflow/.local/lib/python3.12/site-packages/airflow/example_dags/example_xcomargs.py
[2025-08-20T08:38:41.961+0000] {processor.py:914} INFO - Processing file /home/airflow/.local/lib/python3.12/site-packages/airflow/example_dags/example_xcomargs.py for tasks to queue
[2025-08-20T08:38:41.964+0000] {logging_mixin.py:190} INFO - [2025-08-20T08:38:41.963+0000] {dagbag.py:588} INFO - Filling up the DagBag from /home/airflow/.local/lib/python3.12/site-packages/airflow/example_dags/example_xcomargs.py
[2025-08-20T08:38:41.978+0000] {processor.py:925} INFO - DAG(s) 'example_xcom_args_with_operators', 'example_xcom_args' retrieved from /home/airflow/.local/lib/python3.12/site-packages/airflow/example_dags/example_xcomargs.py
[2025-08-20T08:38:42.004+0000] {logging_mixin.py:190} INFO - [2025-08-20T08:38:42.004+0000] {dag.py:3239} INFO - Sync 2 DAGs
[2025-08-20T08:38:42.024+0000] {logging_mixin.py:190} INFO - [2025-08-20T08:38:42.024+0000] {dag.py:4180} INFO - Setting next_dagrun for example_xcom_args to None, run_after=None
[2025-08-20T08:38:42.029+0000] {logging_mixin.py:190} INFO - [2025-08-20T08:38:42.029+0000] {dag.py:4180} INFO - Setting next_dagrun for example_xcom_args_with_operators to None, run_after=None
[2025-08-20T08:38:42.047+0000] {processor.py:208} INFO - Processing /home/airflow/.local/lib/python3.12/site-packages/airflow/example_dags/example_xcomargs.py took 0.096 seconds
[2025-08-20T08:39:12.356+0000] {processor.py:186} INFO - Started process (PID=328) to work on /home/airflow/.local/lib/python3.12/site-packages/airflow/example_dags/example_xcomargs.py
[2025-08-20T08:39:12.357+0000] {processor.py:914} INFO - Processing file /home/airflow/.local/lib/python3.12/site-packages/airflow/example_dags/example_xcomargs.py for tasks to queue
[2025-08-20T08:39:12.361+0000] {logging_mixin.py:190} INFO - [2025-08-20T08:39:12.361+0000] {dagbag.py:588} INFO - Filling up the DagBag from /home/airflow/.local/lib/python3.12/site-packages/airflow/example_dags/example_xcomargs.py
[2025-08-20T08:39:12.379+0000] {processor.py:925} INFO - DAG(s) 'example_xcom_args', 'example_xcom_args_with_operators' retrieved from /home/airflow/.local/lib/python3.12/site-packages/airflow/example_dags/example_xcomargs.py
[2025-08-20T08:39:12.418+0000] {logging_mixin.py:190} INFO - [2025-08-20T08:39:12.418+0000] {dag.py:3239} INFO - Sync 2 DAGs
[2025-08-20T08:39:12.444+0000] {logging_mixin.py:190} INFO - [2025-08-20T08:39:12.443+0000] {dag.py:4180} INFO - Setting next_dagrun for example_xcom_args to None, run_after=None
[2025-08-20T08:39:12.450+0000] {logging_mixin.py:190} INFO - [2025-08-20T08:39:12.450+0000] {dag.py:4180} INFO - Setting next_dagrun for example_xcom_args_with_operators to None, run_after=None
[2025-08-20T08:39:12.473+0000] {processor.py:208} INFO - Processing /home/airflow/.local/lib/python3.12/site-packages/airflow/example_dags/example_xcomargs.py took 0.128 seconds
[2025-08-20T08:40:52.651+0000] {processor.py:186} INFO - Started process (PID=48) to work on /home/airflow/.local/lib/python3.12/site-packages/airflow/example_dags/example_xcomargs.py
[2025-08-20T08:40:52.652+0000] {processor.py:914} INFO - Processing file /home/airflow/.local/lib/python3.12/site-packages/airflow/example_dags/example_xcomargs.py for tasks to queue
[2025-08-20T08:40:52.656+0000] {logging_mixin.py:190} INFO - [2025-08-20T08:40:52.656+0000] {dagbag.py:588} INFO - Filling up the DagBag from /home/airflow/.local/lib/python3.12/site-packages/airflow/example_dags/example_xcomargs.py
[2025-08-20T08:40:52.672+0000] {processor.py:925} INFO - DAG(s) 'example_xcom_args_with_operators', 'example_xcom_args' retrieved from /home/airflow/.local/lib/python3.12/site-packages/airflow/example_dags/example_xcomargs.py
[2025-08-20T08:40:52.713+0000] {logging_mixin.py:190} INFO - [2025-08-20T08:40:52.712+0000] {dag.py:3239} INFO - Sync 2 DAGs
[2025-08-20T08:40:52.734+0000] {logging_mixin.py:190} INFO - [2025-08-20T08:40:52.733+0000] {dag.py:4180} INFO - Setting next_dagrun for example_xcom_args to None, run_after=None
[2025-08-20T08:40:52.738+0000] {logging_mixin.py:190} INFO - [2025-08-20T08:40:52.738+0000] {dag.py:4180} INFO - Setting next_dagrun for example_xcom_args_with_operators to None, run_after=None
[2025-08-20T08:40:52.887+0000] {processor.py:208} INFO - Processing /home/airflow/.local/lib/python3.12/site-packages/airflow/example_dags/example_xcomargs.py took 0.245 seconds
[2025-08-20T08:41:23.339+0000] {processor.py:186} INFO - Started process (PID=104) to work on /home/airflow/.local/lib/python3.12/site-packages/airflow/example_dags/example_xcomargs.py
[2025-08-20T08:41:23.341+0000] {processor.py:914} INFO - Processing file /home/airflow/.local/lib/python3.12/site-packages/airflow/example_dags/example_xcomargs.py for tasks to queue
[2025-08-20T08:41:23.344+0000] {logging_mixin.py:190} INFO - [2025-08-20T08:41:23.343+0000] {dagbag.py:588} INFO - Filling up the DagBag from /home/airflow/.local/lib/python3.12/site-packages/airflow/example_dags/example_xcomargs.py
[2025-08-20T08:41:23.358+0000] {processor.py:925} INFO - DAG(s) 'example_xcom_args_with_operators', 'example_xcom_args' retrieved from /home/airflow/.local/lib/python3.12/site-packages/airflow/example_dags/example_xcomargs.py
[2025-08-20T08:41:23.387+0000] {logging_mixin.py:190} INFO - [2025-08-20T08:41:23.387+0000] {dag.py:3239} INFO - Sync 2 DAGs
[2025-08-20T08:41:23.408+0000] {logging_mixin.py:190} INFO - [2025-08-20T08:41:23.408+0000] {dag.py:4180} INFO - Setting next_dagrun for example_xcom_args to None, run_after=None
[2025-08-20T08:41:23.413+0000] {logging_mixin.py:190} INFO - [2025-08-20T08:41:23.413+0000] {dag.py:4180} INFO - Setting next_dagrun for example_xcom_args_with_operators to None, run_after=None
[2025-08-20T08:41:23.593+0000] {processor.py:208} INFO - Processing /home/airflow/.local/lib/python3.12/site-packages/airflow/example_dags/example_xcomargs.py took 0.263 seconds
[2025-08-20T08:41:54.166+0000] {processor.py:186} INFO - Started process (PID=160) to work on /home/airflow/.local/lib/python3.12/site-packages/airflow/example_dags/example_xcomargs.py
[2025-08-20T08:41:54.168+0000] {processor.py:914} INFO - Processing file /home/airflow/.local/lib/python3.12/site-packages/airflow/example_dags/example_xcomargs.py for tasks to queue
[2025-08-20T08:41:54.171+0000] {logging_mixin.py:190} INFO - [2025-08-20T08:41:54.171+0000] {dagbag.py:588} INFO - Filling up the DagBag from /home/airflow/.local/lib/python3.12/site-packages/airflow/example_dags/example_xcomargs.py
[2025-08-20T08:41:54.185+0000] {processor.py:925} INFO - DAG(s) 'example_xcom_args_with_operators', 'example_xcom_args' retrieved from /home/airflow/.local/lib/python3.12/site-packages/airflow/example_dags/example_xcomargs.py
[2025-08-20T08:41:54.221+0000] {logging_mixin.py:190} INFO - [2025-08-20T08:41:54.221+0000] {dag.py:3239} INFO - Sync 2 DAGs
[2025-08-20T08:41:54.249+0000] {logging_mixin.py:190} INFO - [2025-08-20T08:41:54.249+0000] {dag.py:4180} INFO - Setting next_dagrun for example_xcom_args to None, run_after=None
[2025-08-20T08:41:54.256+0000] {logging_mixin.py:190} INFO - [2025-08-20T08:41:54.255+0000] {dag.py:4180} INFO - Setting next_dagrun for example_xcom_args_with_operators to None, run_after=None
[2025-08-20T08:41:54.278+0000] {processor.py:208} INFO - Processing /home/airflow/.local/lib/python3.12/site-packages/airflow/example_dags/example_xcomargs.py took 0.121 seconds
[2025-08-20T08:42:24.545+0000] {processor.py:186} INFO - Started process (PID=216) to work on /home/airflow/.local/lib/python3.12/site-packages/airflow/example_dags/example_xcomargs.py
[2025-08-20T08:42:24.547+0000] {processor.py:914} INFO - Processing file /home/airflow/.local/lib/python3.12/site-packages/airflow/example_dags/example_xcomargs.py for tasks to queue
[2025-08-20T08:42:24.550+0000] {logging_mixin.py:190} INFO - [2025-08-20T08:42:24.550+0000] {dagbag.py:588} INFO - Filling up the DagBag from /home/airflow/.local/lib/python3.12/site-packages/airflow/example_dags/example_xcomargs.py
[2025-08-20T08:42:24.564+0000] {processor.py:925} INFO - DAG(s) 'example_xcom_args', 'example_xcom_args_with_operators' retrieved from /home/airflow/.local/lib/python3.12/site-packages/airflow/example_dags/example_xcomargs.py
[2025-08-20T08:42:24.601+0000] {logging_mixin.py:190} INFO - [2025-08-20T08:42:24.600+0000] {dag.py:3239} INFO - Sync 2 DAGs
[2025-08-20T08:42:24.628+0000] {logging_mixin.py:190} INFO - [2025-08-20T08:42:24.628+0000] {dag.py:4180} INFO - Setting next_dagrun for example_xcom_args to None, run_after=None
[2025-08-20T08:42:24.635+0000] {logging_mixin.py:190} INFO - [2025-08-20T08:42:24.634+0000] {dag.py:4180} INFO - Setting next_dagrun for example_xcom_args_with_operators to None, run_after=None
[2025-08-20T08:42:24.657+0000] {processor.py:208} INFO - Processing /home/airflow/.local/lib/python3.12/site-packages/airflow/example_dags/example_xcomargs.py took 0.120 seconds
[2025-08-20T08:42:54.737+0000] {processor.py:186} INFO - Started process (PID=271) to work on /home/airflow/.local/lib/python3.12/site-packages/airflow/example_dags/example_xcomargs.py
[2025-08-20T08:42:54.738+0000] {processor.py:914} INFO - Processing file /home/airflow/.local/lib/python3.12/site-packages/airflow/example_dags/example_xcomargs.py for tasks to queue
[2025-08-20T08:42:54.742+0000] {logging_mixin.py:190} INFO - [2025-08-20T08:42:54.741+0000] {dagbag.py:588} INFO - Filling up the DagBag from /home/airflow/.local/lib/python3.12/site-packages/airflow/example_dags/example_xcomargs.py
[2025-08-20T08:42:54.756+0000] {processor.py:925} INFO - DAG(s) 'example_xcom_args_with_operators', 'example_xcom_args' retrieved from /home/airflow/.local/lib/python3.12/site-packages/airflow/example_dags/example_xcomargs.py
[2025-08-20T08:42:54.789+0000] {logging_mixin.py:190} INFO - [2025-08-20T08:42:54.789+0000] {dag.py:3239} INFO - Sync 2 DAGs
[2025-08-20T08:42:54.809+0000] {logging_mixin.py:190} INFO - [2025-08-20T08:42:54.809+0000] {dag.py:4180} INFO - Setting next_dagrun for example_xcom_args to None, run_after=None
[2025-08-20T08:42:54.814+0000] {logging_mixin.py:190} INFO - [2025-08-20T08:42:54.814+0000] {dag.py:4180} INFO - Setting next_dagrun for example_xcom_args_with_operators to None, run_after=None
[2025-08-20T08:42:54.848+0000] {processor.py:208} INFO - Processing /home/airflow/.local/lib/python3.12/site-packages/airflow/example_dags/example_xcomargs.py took 0.119 seconds
[2025-08-20T08:43:25.250+0000] {processor.py:186} INFO - Started process (PID=327) to work on /home/airflow/.local/lib/python3.12/site-packages/airflow/example_dags/example_xcomargs.py
[2025-08-20T08:43:25.251+0000] {processor.py:914} INFO - Processing file /home/airflow/.local/lib/python3.12/site-packages/airflow/example_dags/example_xcomargs.py for tasks to queue
[2025-08-20T08:43:25.256+0000] {logging_mixin.py:190} INFO - [2025-08-20T08:43:25.256+0000] {dagbag.py:588} INFO - Filling up the DagBag from /home/airflow/.local/lib/python3.12/site-packages/airflow/example_dags/example_xcomargs.py
[2025-08-20T08:43:25.276+0000] {processor.py:925} INFO - DAG(s) 'example_xcom_args_with_operators', 'example_xcom_args' retrieved from /home/airflow/.local/lib/python3.12/site-packages/airflow/example_dags/example_xcomargs.py
[2025-08-20T08:43:25.314+0000] {logging_mixin.py:190} INFO - [2025-08-20T08:43:25.314+0000] {dag.py:3239} INFO - Sync 2 DAGs
[2025-08-20T08:43:25.337+0000] {logging_mixin.py:190} INFO - [2025-08-20T08:43:25.337+0000] {dag.py:4180} INFO - Setting next_dagrun for example_xcom_args to None, run_after=None
[2025-08-20T08:43:25.344+0000] {logging_mixin.py:190} INFO - [2025-08-20T08:43:25.344+0000] {dag.py:4180} INFO - Setting next_dagrun for example_xcom_args_with_operators to None, run_after=None
[2025-08-20T08:43:25.373+0000] {processor.py:208} INFO - Processing /home/airflow/.local/lib/python3.12/site-packages/airflow/example_dags/example_xcomargs.py took 0.133 seconds
[2025-08-20T08:43:55.739+0000] {processor.py:186} INFO - Started process (PID=383) to work on /home/airflow/.local/lib/python3.12/site-packages/airflow/example_dags/example_xcomargs.py
[2025-08-20T08:43:55.740+0000] {processor.py:914} INFO - Processing file /home/airflow/.local/lib/python3.12/site-packages/airflow/example_dags/example_xcomargs.py for tasks to queue
[2025-08-20T08:43:55.744+0000] {logging_mixin.py:190} INFO - [2025-08-20T08:43:55.744+0000] {dagbag.py:588} INFO - Filling up the DagBag from /home/airflow/.local/lib/python3.12/site-packages/airflow/example_dags/example_xcomargs.py
[2025-08-20T08:43:55.758+0000] {processor.py:925} INFO - DAG(s) 'example_xcom_args_with_operators', 'example_xcom_args' retrieved from /home/airflow/.local/lib/python3.12/site-packages/airflow/example_dags/example_xcomargs.py
[2025-08-20T08:43:55.791+0000] {logging_mixin.py:190} INFO - [2025-08-20T08:43:55.791+0000] {dag.py:3239} INFO - Sync 2 DAGs
[2025-08-20T08:43:55.812+0000] {logging_mixin.py:190} INFO - [2025-08-20T08:43:55.811+0000] {dag.py:4180} INFO - Setting next_dagrun for example_xcom_args to None, run_after=None
[2025-08-20T08:43:55.817+0000] {logging_mixin.py:190} INFO - [2025-08-20T08:43:55.816+0000] {dag.py:4180} INFO - Setting next_dagrun for example_xcom_args_with_operators to None, run_after=None
[2025-08-20T08:43:55.837+0000] {processor.py:208} INFO - Processing /home/airflow/.local/lib/python3.12/site-packages/airflow/example_dags/example_xcomargs.py took 0.106 seconds
[2025-08-20T08:44:26.348+0000] {processor.py:186} INFO - Started process (PID=439) to work on /home/airflow/.local/lib/python3.12/site-packages/airflow/example_dags/example_xcomargs.py
[2025-08-20T08:44:26.352+0000] {processor.py:914} INFO - Processing file /home/airflow/.local/lib/python3.12/site-packages/airflow/example_dags/example_xcomargs.py for tasks to queue
[2025-08-20T08:44:26.356+0000] {logging_mixin.py:190} INFO - [2025-08-20T08:44:26.355+0000] {dagbag.py:588} INFO - Filling up the DagBag from /home/airflow/.local/lib/python3.12/site-packages/airflow/example_dags/example_xcomargs.py
[2025-08-20T08:44:26.369+0000] {processor.py:925} INFO - DAG(s) 'example_xcom_args', 'example_xcom_args_with_operators' retrieved from /home/airflow/.local/lib/python3.12/site-packages/airflow/example_dags/example_xcomargs.py
[2025-08-20T08:44:26.399+0000] {logging_mixin.py:190} INFO - [2025-08-20T08:44:26.398+0000] {dag.py:3239} INFO - Sync 2 DAGs
[2025-08-20T08:44:26.418+0000] {logging_mixin.py:190} INFO - [2025-08-20T08:44:26.418+0000] {dag.py:4180} INFO - Setting next_dagrun for example_xcom_args to None, run_after=None
[2025-08-20T08:44:26.423+0000] {logging_mixin.py:190} INFO - [2025-08-20T08:44:26.423+0000] {dag.py:4180} INFO - Setting next_dagrun for example_xcom_args_with_operators to None, run_after=None
[2025-08-20T08:44:26.442+0000] {processor.py:208} INFO - Processing /home/airflow/.local/lib/python3.12/site-packages/airflow/example_dags/example_xcomargs.py took 0.101 seconds
[2025-08-20T08:44:56.815+0000] {processor.py:186} INFO - Started process (PID=495) to work on /home/airflow/.local/lib/python3.12/site-packages/airflow/example_dags/example_xcomargs.py
[2025-08-20T08:44:56.817+0000] {processor.py:914} INFO - Processing file /home/airflow/.local/lib/python3.12/site-packages/airflow/example_dags/example_xcomargs.py for tasks to queue
[2025-08-20T08:44:56.822+0000] {logging_mixin.py:190} INFO - [2025-08-20T08:44:56.821+0000] {dagbag.py:588} INFO - Filling up the DagBag from /home/airflow/.local/lib/python3.12/site-packages/airflow/example_dags/example_xcomargs.py
[2025-08-20T08:44:56.839+0000] {processor.py:925} INFO - DAG(s) 'example_xcom_args', 'example_xcom_args_with_operators' retrieved from /home/airflow/.local/lib/python3.12/site-packages/airflow/example_dags/example_xcomargs.py
[2025-08-20T08:44:56.870+0000] {logging_mixin.py:190} INFO - [2025-08-20T08:44:56.870+0000] {dag.py:3239} INFO - Sync 2 DAGs
[2025-08-20T08:44:56.890+0000] {logging_mixin.py:190} INFO - [2025-08-20T08:44:56.889+0000] {dag.py:4180} INFO - Setting next_dagrun for example_xcom_args to None, run_after=None
[2025-08-20T08:44:56.894+0000] {logging_mixin.py:190} INFO - [2025-08-20T08:44:56.894+0000] {dag.py:4180} INFO - Setting next_dagrun for example_xcom_args_with_operators to None, run_after=None
[2025-08-20T08:44:56.914+0000] {processor.py:208} INFO - Processing /home/airflow/.local/lib/python3.12/site-packages/airflow/example_dags/example_xcomargs.py took 0.110 seconds
[2025-08-20T08:46:25.775+0000] {processor.py:186} INFO - Started process (PID=48) to work on /home/airflow/.local/lib/python3.12/site-packages/airflow/example_dags/example_xcomargs.py
[2025-08-20T08:46:25.777+0000] {processor.py:914} INFO - Processing file /home/airflow/.local/lib/python3.12/site-packages/airflow/example_dags/example_xcomargs.py for tasks to queue
[2025-08-20T08:46:25.780+0000] {logging_mixin.py:190} INFO - [2025-08-20T08:46:25.780+0000] {dagbag.py:588} INFO - Filling up the DagBag from /home/airflow/.local/lib/python3.12/site-packages/airflow/example_dags/example_xcomargs.py
[2025-08-20T08:46:25.796+0000] {processor.py:925} INFO - DAG(s) 'example_xcom_args_with_operators', 'example_xcom_args' retrieved from /home/airflow/.local/lib/python3.12/site-packages/airflow/example_dags/example_xcomargs.py
[2025-08-20T08:46:25.834+0000] {logging_mixin.py:190} INFO - [2025-08-20T08:46:25.833+0000] {dag.py:3239} INFO - Sync 2 DAGs
[2025-08-20T08:46:25.968+0000] {logging_mixin.py:190} INFO - [2025-08-20T08:46:25.967+0000] {dag.py:4180} INFO - Setting next_dagrun for example_xcom_args to None, run_after=None
[2025-08-20T08:46:25.974+0000] {logging_mixin.py:190} INFO - [2025-08-20T08:46:25.974+0000] {dag.py:4180} INFO - Setting next_dagrun for example_xcom_args_with_operators to None, run_after=None
[2025-08-20T08:46:26.135+0000] {processor.py:208} INFO - Processing /home/airflow/.local/lib/python3.12/site-packages/airflow/example_dags/example_xcomargs.py took 0.368 seconds
[2025-08-20T08:46:56.688+0000] {processor.py:186} INFO - Started process (PID=104) to work on /home/airflow/.local/lib/python3.12/site-packages/airflow/example_dags/example_xcomargs.py
[2025-08-20T08:46:56.690+0000] {processor.py:914} INFO - Processing file /home/airflow/.local/lib/python3.12/site-packages/airflow/example_dags/example_xcomargs.py for tasks to queue
[2025-08-20T08:46:56.693+0000] {logging_mixin.py:190} INFO - [2025-08-20T08:46:56.693+0000] {dagbag.py:588} INFO - Filling up the DagBag from /home/airflow/.local/lib/python3.12/site-packages/airflow/example_dags/example_xcomargs.py
[2025-08-20T08:46:56.708+0000] {processor.py:925} INFO - DAG(s) 'example_xcom_args_with_operators', 'example_xcom_args' retrieved from /home/airflow/.local/lib/python3.12/site-packages/airflow/example_dags/example_xcomargs.py
[2025-08-20T08:46:56.737+0000] {logging_mixin.py:190} INFO - [2025-08-20T08:46:56.737+0000] {dag.py:3239} INFO - Sync 2 DAGs
[2025-08-20T08:46:56.757+0000] {logging_mixin.py:190} INFO - [2025-08-20T08:46:56.756+0000] {dag.py:4180} INFO - Setting next_dagrun for example_xcom_args to None, run_after=None
[2025-08-20T08:46:56.761+0000] {logging_mixin.py:190} INFO - [2025-08-20T08:46:56.761+0000] {dag.py:4180} INFO - Setting next_dagrun for example_xcom_args_with_operators to None, run_after=None
[2025-08-20T08:46:56.947+0000] {processor.py:208} INFO - Processing /home/airflow/.local/lib/python3.12/site-packages/airflow/example_dags/example_xcomargs.py took 0.267 seconds
[2025-08-20T08:47:27.348+0000] {processor.py:186} INFO - Started process (PID=160) to work on /home/airflow/.local/lib/python3.12/site-packages/airflow/example_dags/example_xcomargs.py
[2025-08-20T08:47:27.350+0000] {processor.py:914} INFO - Processing file /home/airflow/.local/lib/python3.12/site-packages/airflow/example_dags/example_xcomargs.py for tasks to queue
[2025-08-20T08:47:27.353+0000] {logging_mixin.py:190} INFO - [2025-08-20T08:47:27.352+0000] {dagbag.py:588} INFO - Filling up the DagBag from /home/airflow/.local/lib/python3.12/site-packages/airflow/example_dags/example_xcomargs.py
[2025-08-20T08:47:27.366+0000] {processor.py:925} INFO - DAG(s) 'example_xcom_args', 'example_xcom_args_with_operators' retrieved from /home/airflow/.local/lib/python3.12/site-packages/airflow/example_dags/example_xcomargs.py
[2025-08-20T08:47:27.402+0000] {logging_mixin.py:190} INFO - [2025-08-20T08:47:27.401+0000] {dag.py:3239} INFO - Sync 2 DAGs
[2025-08-20T08:47:27.427+0000] {logging_mixin.py:190} INFO - [2025-08-20T08:47:27.426+0000] {dag.py:4180} INFO - Setting next_dagrun for example_xcom_args to None, run_after=None
[2025-08-20T08:47:27.431+0000] {logging_mixin.py:190} INFO - [2025-08-20T08:47:27.431+0000] {dag.py:4180} INFO - Setting next_dagrun for example_xcom_args_with_operators to None, run_after=None
[2025-08-20T08:47:27.656+0000] {processor.py:208} INFO - Processing /home/airflow/.local/lib/python3.12/site-packages/airflow/example_dags/example_xcomargs.py took 0.316 seconds
[2025-08-20T08:47:58.051+0000] {processor.py:186} INFO - Started process (PID=216) to work on /home/airflow/.local/lib/python3.12/site-packages/airflow/example_dags/example_xcomargs.py
[2025-08-20T08:47:58.056+0000] {processor.py:914} INFO - Processing file /home/airflow/.local/lib/python3.12/site-packages/airflow/example_dags/example_xcomargs.py for tasks to queue
[2025-08-20T08:47:58.060+0000] {logging_mixin.py:190} INFO - [2025-08-20T08:47:58.059+0000] {dagbag.py:588} INFO - Filling up the DagBag from /home/airflow/.local/lib/python3.12/site-packages/airflow/example_dags/example_xcomargs.py
[2025-08-20T08:47:58.073+0000] {processor.py:925} INFO - DAG(s) 'example_xcom_args', 'example_xcom_args_with_operators' retrieved from /home/airflow/.local/lib/python3.12/site-packages/airflow/example_dags/example_xcomargs.py
[2025-08-20T08:47:58.104+0000] {logging_mixin.py:190} INFO - [2025-08-20T08:47:58.104+0000] {dag.py:3239} INFO - Sync 2 DAGs
[2025-08-20T08:47:58.123+0000] {logging_mixin.py:190} INFO - [2025-08-20T08:47:58.123+0000] {dag.py:4180} INFO - Setting next_dagrun for example_xcom_args to None, run_after=None
[2025-08-20T08:47:58.128+0000] {logging_mixin.py:190} INFO - [2025-08-20T08:47:58.128+0000] {dag.py:4180} INFO - Setting next_dagrun for example_xcom_args_with_operators to None, run_after=None
[2025-08-20T08:47:58.152+0000] {processor.py:208} INFO - Processing /home/airflow/.local/lib/python3.12/site-packages/airflow/example_dags/example_xcomargs.py took 0.108 seconds
