[2025-08-20T08:25:45.893+0000] {processor.py:186} INFO - Started process (PID=37) to work on /home/airflow/.local/lib/python3.12/site-packages/airflow/example_dags/example_latest_only_with_trigger.py
[2025-08-20T08:25:45.895+0000] {processor.py:914} INFO - Processing file /home/airflow/.local/lib/python3.12/site-packages/airflow/example_dags/example_latest_only_with_trigger.py for tasks to queue
[2025-08-20T08:25:45.898+0000] {logging_mixin.py:190} INFO - [2025-08-20T08:25:45.898+0000] {dagbag.py:588} INFO - Filling up the DagBag from /home/airflow/.local/lib/python3.12/site-packages/airflow/example_dags/example_latest_only_with_trigger.py
[2025-08-20T08:25:45.914+0000] {processor.py:925} INFO - DAG(s) 'latest_only_with_trigger' retrieved from /home/airflow/.local/lib/python3.12/site-packages/airflow/example_dags/example_latest_only_with_trigger.py
[2025-08-20T08:25:45.962+0000] {logging_mixin.py:190} INFO - [2025-08-20T08:25:45.961+0000] {dag.py:3239} INFO - Sync 1 DAGs
[2025-08-20T08:25:46.001+0000] {logging_mixin.py:190} INFO - [2025-08-20T08:25:46.001+0000] {dag.py:4180} INFO - Setting next_dagrun for latest_only_with_trigger to 2025-08-20 04:00:00+00:00, run_after=2025-08-20 08:00:00+00:00
[2025-08-20T08:25:46.697+0000] {processor.py:208} INFO - Processing /home/airflow/.local/lib/python3.12/site-packages/airflow/example_dags/example_latest_only_with_trigger.py took 0.816 seconds
[2025-08-20T08:26:17.128+0000] {processor.py:186} INFO - Started process (PID=93) to work on /home/airflow/.local/lib/python3.12/site-packages/airflow/example_dags/example_latest_only_with_trigger.py
[2025-08-20T08:26:17.129+0000] {processor.py:914} INFO - Processing file /home/airflow/.local/lib/python3.12/site-packages/airflow/example_dags/example_latest_only_with_trigger.py for tasks to queue
[2025-08-20T08:26:17.132+0000] {logging_mixin.py:190} INFO - [2025-08-20T08:26:17.132+0000] {dagbag.py:588} INFO - Filling up the DagBag from /home/airflow/.local/lib/python3.12/site-packages/airflow/example_dags/example_latest_only_with_trigger.py
[2025-08-20T08:26:17.143+0000] {processor.py:925} INFO - DAG(s) 'latest_only_with_trigger' retrieved from /home/airflow/.local/lib/python3.12/site-packages/airflow/example_dags/example_latest_only_with_trigger.py
[2025-08-20T08:26:17.168+0000] {logging_mixin.py:190} INFO - [2025-08-20T08:26:17.168+0000] {dag.py:3239} INFO - Sync 1 DAGs
[2025-08-20T08:26:17.197+0000] {logging_mixin.py:190} INFO - [2025-08-20T08:26:17.196+0000] {dag.py:4180} INFO - Setting next_dagrun for latest_only_with_trigger to 2025-08-20 04:00:00+00:00, run_after=2025-08-20 08:00:00+00:00
[2025-08-20T08:26:17.568+0000] {processor.py:208} INFO - Processing /home/airflow/.local/lib/python3.12/site-packages/airflow/example_dags/example_latest_only_with_trigger.py took 0.450 seconds
[2025-08-20T08:26:47.907+0000] {processor.py:186} INFO - Started process (PID=149) to work on /home/airflow/.local/lib/python3.12/site-packages/airflow/example_dags/example_latest_only_with_trigger.py
[2025-08-20T08:26:47.908+0000] {processor.py:914} INFO - Processing file /home/airflow/.local/lib/python3.12/site-packages/airflow/example_dags/example_latest_only_with_trigger.py for tasks to queue
[2025-08-20T08:26:47.911+0000] {logging_mixin.py:190} INFO - [2025-08-20T08:26:47.910+0000] {dagbag.py:588} INFO - Filling up the DagBag from /home/airflow/.local/lib/python3.12/site-packages/airflow/example_dags/example_latest_only_with_trigger.py
[2025-08-20T08:26:47.921+0000] {processor.py:925} INFO - DAG(s) 'latest_only_with_trigger' retrieved from /home/airflow/.local/lib/python3.12/site-packages/airflow/example_dags/example_latest_only_with_trigger.py
[2025-08-20T08:26:47.948+0000] {logging_mixin.py:190} INFO - [2025-08-20T08:26:47.948+0000] {dag.py:3239} INFO - Sync 1 DAGs
[2025-08-20T08:26:47.980+0000] {logging_mixin.py:190} INFO - [2025-08-20T08:26:47.979+0000] {dag.py:4180} INFO - Setting next_dagrun for latest_only_with_trigger to 2025-08-20 04:00:00+00:00, run_after=2025-08-20 08:00:00+00:00
[2025-08-20T08:26:48.221+0000] {processor.py:208} INFO - Processing /home/airflow/.local/lib/python3.12/site-packages/airflow/example_dags/example_latest_only_with_trigger.py took 0.323 seconds
[2025-08-20T08:27:18.632+0000] {processor.py:186} INFO - Started process (PID=205) to work on /home/airflow/.local/lib/python3.12/site-packages/airflow/example_dags/example_latest_only_with_trigger.py
[2025-08-20T08:27:18.634+0000] {processor.py:914} INFO - Processing file /home/airflow/.local/lib/python3.12/site-packages/airflow/example_dags/example_latest_only_with_trigger.py for tasks to queue
[2025-08-20T08:27:18.637+0000] {logging_mixin.py:190} INFO - [2025-08-20T08:27:18.636+0000] {dagbag.py:588} INFO - Filling up the DagBag from /home/airflow/.local/lib/python3.12/site-packages/airflow/example_dags/example_latest_only_with_trigger.py
[2025-08-20T08:27:18.646+0000] {processor.py:925} INFO - DAG(s) 'latest_only_with_trigger' retrieved from /home/airflow/.local/lib/python3.12/site-packages/airflow/example_dags/example_latest_only_with_trigger.py
[2025-08-20T08:27:18.672+0000] {logging_mixin.py:190} INFO - [2025-08-20T08:27:18.671+0000] {dag.py:3239} INFO - Sync 1 DAGs
[2025-08-20T08:27:18.700+0000] {logging_mixin.py:190} INFO - [2025-08-20T08:27:18.700+0000] {dag.py:4180} INFO - Setting next_dagrun for latest_only_with_trigger to 2025-08-20 04:00:00+00:00, run_after=2025-08-20 08:00:00+00:00
[2025-08-20T08:27:18.721+0000] {processor.py:208} INFO - Processing /home/airflow/.local/lib/python3.12/site-packages/airflow/example_dags/example_latest_only_with_trigger.py took 0.098 seconds
[2025-08-20T08:27:49.363+0000] {processor.py:186} INFO - Started process (PID=261) to work on /home/airflow/.local/lib/python3.12/site-packages/airflow/example_dags/example_latest_only_with_trigger.py
[2025-08-20T08:27:49.365+0000] {processor.py:914} INFO - Processing file /home/airflow/.local/lib/python3.12/site-packages/airflow/example_dags/example_latest_only_with_trigger.py for tasks to queue
[2025-08-20T08:27:49.369+0000] {logging_mixin.py:190} INFO - [2025-08-20T08:27:49.368+0000] {dagbag.py:588} INFO - Filling up the DagBag from /home/airflow/.local/lib/python3.12/site-packages/airflow/example_dags/example_latest_only_with_trigger.py
[2025-08-20T08:27:49.379+0000] {processor.py:925} INFO - DAG(s) 'latest_only_with_trigger' retrieved from /home/airflow/.local/lib/python3.12/site-packages/airflow/example_dags/example_latest_only_with_trigger.py
[2025-08-20T08:27:49.405+0000] {logging_mixin.py:190} INFO - [2025-08-20T08:27:49.405+0000] {dag.py:3239} INFO - Sync 1 DAGs
[2025-08-20T08:27:49.437+0000] {logging_mixin.py:190} INFO - [2025-08-20T08:27:49.437+0000] {dag.py:4180} INFO - Setting next_dagrun for latest_only_with_trigger to 2025-08-20 04:00:00+00:00, run_after=2025-08-20 08:00:00+00:00
[2025-08-20T08:27:49.458+0000] {processor.py:208} INFO - Processing /home/airflow/.local/lib/python3.12/site-packages/airflow/example_dags/example_latest_only_with_trigger.py took 0.103 seconds
[2025-08-20T08:28:19.761+0000] {processor.py:186} INFO - Started process (PID=317) to work on /home/airflow/.local/lib/python3.12/site-packages/airflow/example_dags/example_latest_only_with_trigger.py
[2025-08-20T08:28:19.762+0000] {processor.py:914} INFO - Processing file /home/airflow/.local/lib/python3.12/site-packages/airflow/example_dags/example_latest_only_with_trigger.py for tasks to queue
[2025-08-20T08:28:19.765+0000] {logging_mixin.py:190} INFO - [2025-08-20T08:28:19.765+0000] {dagbag.py:588} INFO - Filling up the DagBag from /home/airflow/.local/lib/python3.12/site-packages/airflow/example_dags/example_latest_only_with_trigger.py
[2025-08-20T08:28:19.775+0000] {processor.py:925} INFO - DAG(s) 'latest_only_with_trigger' retrieved from /home/airflow/.local/lib/python3.12/site-packages/airflow/example_dags/example_latest_only_with_trigger.py
[2025-08-20T08:28:19.800+0000] {logging_mixin.py:190} INFO - [2025-08-20T08:28:19.800+0000] {dag.py:3239} INFO - Sync 1 DAGs
[2025-08-20T08:28:19.829+0000] {logging_mixin.py:190} INFO - [2025-08-20T08:28:19.829+0000] {dag.py:4180} INFO - Setting next_dagrun for latest_only_with_trigger to 2025-08-20 04:00:00+00:00, run_after=2025-08-20 08:00:00+00:00
[2025-08-20T08:28:19.859+0000] {processor.py:208} INFO - Processing /home/airflow/.local/lib/python3.12/site-packages/airflow/example_dags/example_latest_only_with_trigger.py took 0.107 seconds
[2025-08-20T08:28:50.106+0000] {processor.py:186} INFO - Started process (PID=373) to work on /home/airflow/.local/lib/python3.12/site-packages/airflow/example_dags/example_latest_only_with_trigger.py
[2025-08-20T08:28:50.107+0000] {processor.py:914} INFO - Processing file /home/airflow/.local/lib/python3.12/site-packages/airflow/example_dags/example_latest_only_with_trigger.py for tasks to queue
[2025-08-20T08:28:50.110+0000] {logging_mixin.py:190} INFO - [2025-08-20T08:28:50.110+0000] {dagbag.py:588} INFO - Filling up the DagBag from /home/airflow/.local/lib/python3.12/site-packages/airflow/example_dags/example_latest_only_with_trigger.py
[2025-08-20T08:28:50.119+0000] {processor.py:925} INFO - DAG(s) 'latest_only_with_trigger' retrieved from /home/airflow/.local/lib/python3.12/site-packages/airflow/example_dags/example_latest_only_with_trigger.py
[2025-08-20T08:28:50.149+0000] {logging_mixin.py:190} INFO - [2025-08-20T08:28:50.149+0000] {dag.py:3239} INFO - Sync 1 DAGs
[2025-08-20T08:28:50.179+0000] {logging_mixin.py:190} INFO - [2025-08-20T08:28:50.179+0000] {dag.py:4180} INFO - Setting next_dagrun for latest_only_with_trigger to 2025-08-20 04:00:00+00:00, run_after=2025-08-20 08:00:00+00:00
[2025-08-20T08:28:50.199+0000] {processor.py:208} INFO - Processing /home/airflow/.local/lib/python3.12/site-packages/airflow/example_dags/example_latest_only_with_trigger.py took 0.100 seconds
[2025-08-20T08:29:20.678+0000] {processor.py:186} INFO - Started process (PID=429) to work on /home/airflow/.local/lib/python3.12/site-packages/airflow/example_dags/example_latest_only_with_trigger.py
[2025-08-20T08:29:20.685+0000] {processor.py:914} INFO - Processing file /home/airflow/.local/lib/python3.12/site-packages/airflow/example_dags/example_latest_only_with_trigger.py for tasks to queue
[2025-08-20T08:29:20.688+0000] {logging_mixin.py:190} INFO - [2025-08-20T08:29:20.688+0000] {dagbag.py:588} INFO - Filling up the DagBag from /home/airflow/.local/lib/python3.12/site-packages/airflow/example_dags/example_latest_only_with_trigger.py
[2025-08-20T08:29:20.715+0000] {processor.py:925} INFO - DAG(s) 'latest_only_with_trigger' retrieved from /home/airflow/.local/lib/python3.12/site-packages/airflow/example_dags/example_latest_only_with_trigger.py
[2025-08-20T08:29:20.791+0000] {logging_mixin.py:190} INFO - [2025-08-20T08:29:20.791+0000] {dag.py:3239} INFO - Sync 1 DAGs
[2025-08-20T08:29:20.853+0000] {logging_mixin.py:190} INFO - [2025-08-20T08:29:20.853+0000] {dag.py:4180} INFO - Setting next_dagrun for latest_only_with_trigger to 2025-08-20 04:00:00+00:00, run_after=2025-08-20 08:00:00+00:00
[2025-08-20T08:29:20.894+0000] {processor.py:208} INFO - Processing /home/airflow/.local/lib/python3.12/site-packages/airflow/example_dags/example_latest_only_with_trigger.py took 0.234 seconds
[2025-08-20T08:30:20.490+0000] {processor.py:186} INFO - Started process (PID=35) to work on /home/airflow/.local/lib/python3.12/site-packages/airflow/example_dags/example_latest_only_with_trigger.py
[2025-08-20T08:30:20.492+0000] {processor.py:914} INFO - Processing file /home/airflow/.local/lib/python3.12/site-packages/airflow/example_dags/example_latest_only_with_trigger.py for tasks to queue
[2025-08-20T08:30:20.495+0000] {logging_mixin.py:190} INFO - [2025-08-20T08:30:20.494+0000] {dagbag.py:588} INFO - Filling up the DagBag from /home/airflow/.local/lib/python3.12/site-packages/airflow/example_dags/example_latest_only_with_trigger.py
[2025-08-20T08:30:20.508+0000] {processor.py:925} INFO - DAG(s) 'latest_only_with_trigger' retrieved from /home/airflow/.local/lib/python3.12/site-packages/airflow/example_dags/example_latest_only_with_trigger.py
[2025-08-20T08:30:20.545+0000] {logging_mixin.py:190} INFO - [2025-08-20T08:30:20.545+0000] {dag.py:3239} INFO - Sync 1 DAGs
[2025-08-20T08:30:20.781+0000] {logging_mixin.py:190} INFO - [2025-08-20T08:30:20.780+0000] {dag.py:4180} INFO - Setting next_dagrun for latest_only_with_trigger to 2025-08-20 04:00:00+00:00, run_after=2025-08-20 08:00:00+00:00
[2025-08-20T08:30:20.924+0000] {processor.py:208} INFO - Processing /home/airflow/.local/lib/python3.12/site-packages/airflow/example_dags/example_latest_only_with_trigger.py took 0.442 seconds
[2025-08-20T08:30:51.935+0000] {processor.py:186} INFO - Started process (PID=91) to work on /home/airflow/.local/lib/python3.12/site-packages/airflow/example_dags/example_latest_only_with_trigger.py
[2025-08-20T08:30:51.940+0000] {processor.py:914} INFO - Processing file /home/airflow/.local/lib/python3.12/site-packages/airflow/example_dags/example_latest_only_with_trigger.py for tasks to queue
[2025-08-20T08:30:51.943+0000] {logging_mixin.py:190} INFO - [2025-08-20T08:30:51.942+0000] {dagbag.py:588} INFO - Filling up the DagBag from /home/airflow/.local/lib/python3.12/site-packages/airflow/example_dags/example_latest_only_with_trigger.py
[2025-08-20T08:30:51.953+0000] {processor.py:925} INFO - DAG(s) 'latest_only_with_trigger' retrieved from /home/airflow/.local/lib/python3.12/site-packages/airflow/example_dags/example_latest_only_with_trigger.py
[2025-08-20T08:30:51.980+0000] {logging_mixin.py:190} INFO - [2025-08-20T08:30:51.980+0000] {dag.py:3239} INFO - Sync 1 DAGs
[2025-08-20T08:30:52.011+0000] {logging_mixin.py:190} INFO - [2025-08-20T08:30:52.010+0000] {dag.py:4180} INFO - Setting next_dagrun for latest_only_with_trigger to 2025-08-20 04:00:00+00:00, run_after=2025-08-20 08:00:00+00:00
[2025-08-20T08:30:52.308+0000] {processor.py:208} INFO - Processing /home/airflow/.local/lib/python3.12/site-packages/airflow/example_dags/example_latest_only_with_trigger.py took 0.381 seconds
[2025-08-20T08:31:22.565+0000] {processor.py:186} INFO - Started process (PID=147) to work on /home/airflow/.local/lib/python3.12/site-packages/airflow/example_dags/example_latest_only_with_trigger.py
[2025-08-20T08:31:22.567+0000] {processor.py:914} INFO - Processing file /home/airflow/.local/lib/python3.12/site-packages/airflow/example_dags/example_latest_only_with_trigger.py for tasks to queue
[2025-08-20T08:31:22.570+0000] {logging_mixin.py:190} INFO - [2025-08-20T08:31:22.569+0000] {dagbag.py:588} INFO - Filling up the DagBag from /home/airflow/.local/lib/python3.12/site-packages/airflow/example_dags/example_latest_only_with_trigger.py
[2025-08-20T08:31:22.580+0000] {processor.py:925} INFO - DAG(s) 'latest_only_with_trigger' retrieved from /home/airflow/.local/lib/python3.12/site-packages/airflow/example_dags/example_latest_only_with_trigger.py
[2025-08-20T08:31:22.605+0000] {logging_mixin.py:190} INFO - [2025-08-20T08:31:22.605+0000] {dag.py:3239} INFO - Sync 1 DAGs
[2025-08-20T08:31:22.639+0000] {logging_mixin.py:190} INFO - [2025-08-20T08:31:22.639+0000] {dag.py:4180} INFO - Setting next_dagrun for latest_only_with_trigger to 2025-08-20 04:00:00+00:00, run_after=2025-08-20 08:00:00+00:00
[2025-08-20T08:31:22.946+0000] {processor.py:208} INFO - Processing /home/airflow/.local/lib/python3.12/site-packages/airflow/example_dags/example_latest_only_with_trigger.py took 0.389 seconds
[2025-08-20T08:31:53.814+0000] {processor.py:186} INFO - Started process (PID=203) to work on /home/airflow/.local/lib/python3.12/site-packages/airflow/example_dags/example_latest_only_with_trigger.py
[2025-08-20T08:31:53.816+0000] {processor.py:914} INFO - Processing file /home/airflow/.local/lib/python3.12/site-packages/airflow/example_dags/example_latest_only_with_trigger.py for tasks to queue
[2025-08-20T08:31:53.819+0000] {logging_mixin.py:190} INFO - [2025-08-20T08:31:53.818+0000] {dagbag.py:588} INFO - Filling up the DagBag from /home/airflow/.local/lib/python3.12/site-packages/airflow/example_dags/example_latest_only_with_trigger.py
[2025-08-20T08:31:53.829+0000] {processor.py:925} INFO - DAG(s) 'latest_only_with_trigger' retrieved from /home/airflow/.local/lib/python3.12/site-packages/airflow/example_dags/example_latest_only_with_trigger.py
[2025-08-20T08:31:53.857+0000] {logging_mixin.py:190} INFO - [2025-08-20T08:31:53.857+0000] {dag.py:3239} INFO - Sync 1 DAGs
[2025-08-20T08:31:53.887+0000] {logging_mixin.py:190} INFO - [2025-08-20T08:31:53.886+0000] {dag.py:4180} INFO - Setting next_dagrun for latest_only_with_trigger to 2025-08-20 04:00:00+00:00, run_after=2025-08-20 08:00:00+00:00
[2025-08-20T08:31:53.915+0000] {processor.py:208} INFO - Processing /home/airflow/.local/lib/python3.12/site-packages/airflow/example_dags/example_latest_only_with_trigger.py took 0.110 seconds
[2025-08-20T08:32:17.229+0000] {processor.py:186} INFO - Started process (PID=36) to work on /home/airflow/.local/lib/python3.12/site-packages/airflow/example_dags/example_latest_only_with_trigger.py
[2025-08-20T08:32:17.231+0000] {processor.py:914} INFO - Processing file /home/airflow/.local/lib/python3.12/site-packages/airflow/example_dags/example_latest_only_with_trigger.py for tasks to queue
[2025-08-20T08:32:17.234+0000] {logging_mixin.py:190} INFO - [2025-08-20T08:32:17.233+0000] {dagbag.py:588} INFO - Filling up the DagBag from /home/airflow/.local/lib/python3.12/site-packages/airflow/example_dags/example_latest_only_with_trigger.py
[2025-08-20T08:32:17.244+0000] {processor.py:925} INFO - DAG(s) 'latest_only_with_trigger' retrieved from /home/airflow/.local/lib/python3.12/site-packages/airflow/example_dags/example_latest_only_with_trigger.py
[2025-08-20T08:32:17.283+0000] {logging_mixin.py:190} INFO - [2025-08-20T08:32:17.282+0000] {dag.py:3239} INFO - Sync 1 DAGs
[2025-08-20T08:32:17.345+0000] {logging_mixin.py:190} INFO - [2025-08-20T08:32:17.345+0000] {dag.py:4180} INFO - Setting next_dagrun for latest_only_with_trigger to 2025-08-20 04:00:00+00:00, run_after=2025-08-20 08:00:00+00:00
[2025-08-20T08:32:17.368+0000] {processor.py:208} INFO - Processing /home/airflow/.local/lib/python3.12/site-packages/airflow/example_dags/example_latest_only_with_trigger.py took 0.155 seconds
[2025-08-20T08:32:47.547+0000] {processor.py:186} INFO - Started process (PID=92) to work on /home/airflow/.local/lib/python3.12/site-packages/airflow/example_dags/example_latest_only_with_trigger.py
[2025-08-20T08:32:47.548+0000] {processor.py:914} INFO - Processing file /home/airflow/.local/lib/python3.12/site-packages/airflow/example_dags/example_latest_only_with_trigger.py for tasks to queue
[2025-08-20T08:32:47.551+0000] {logging_mixin.py:190} INFO - [2025-08-20T08:32:47.550+0000] {dagbag.py:588} INFO - Filling up the DagBag from /home/airflow/.local/lib/python3.12/site-packages/airflow/example_dags/example_latest_only_with_trigger.py
[2025-08-20T08:32:47.560+0000] {processor.py:925} INFO - DAG(s) 'latest_only_with_trigger' retrieved from /home/airflow/.local/lib/python3.12/site-packages/airflow/example_dags/example_latest_only_with_trigger.py
[2025-08-20T08:32:47.586+0000] {logging_mixin.py:190} INFO - [2025-08-20T08:32:47.586+0000] {dag.py:3239} INFO - Sync 1 DAGs
[2025-08-20T08:32:47.617+0000] {logging_mixin.py:190} INFO - [2025-08-20T08:32:47.616+0000] {dag.py:4180} INFO - Setting next_dagrun for latest_only_with_trigger to 2025-08-20 04:00:00+00:00, run_after=2025-08-20 08:00:00+00:00
[2025-08-20T08:32:47.638+0000] {processor.py:208} INFO - Processing /home/airflow/.local/lib/python3.12/site-packages/airflow/example_dags/example_latest_only_with_trigger.py took 0.098 seconds
[2025-08-20T08:33:18.951+0000] {processor.py:186} INFO - Started process (PID=148) to work on /home/airflow/.local/lib/python3.12/site-packages/airflow/example_dags/example_latest_only_with_trigger.py
[2025-08-20T08:33:18.953+0000] {processor.py:914} INFO - Processing file /home/airflow/.local/lib/python3.12/site-packages/airflow/example_dags/example_latest_only_with_trigger.py for tasks to queue
[2025-08-20T08:33:18.956+0000] {logging_mixin.py:190} INFO - [2025-08-20T08:33:18.955+0000] {dagbag.py:588} INFO - Filling up the DagBag from /home/airflow/.local/lib/python3.12/site-packages/airflow/example_dags/example_latest_only_with_trigger.py
[2025-08-20T08:33:18.965+0000] {processor.py:925} INFO - DAG(s) 'latest_only_with_trigger' retrieved from /home/airflow/.local/lib/python3.12/site-packages/airflow/example_dags/example_latest_only_with_trigger.py
[2025-08-20T08:33:18.990+0000] {logging_mixin.py:190} INFO - [2025-08-20T08:33:18.990+0000] {dag.py:3239} INFO - Sync 1 DAGs
[2025-08-20T08:33:19.021+0000] {logging_mixin.py:190} INFO - [2025-08-20T08:33:19.021+0000] {dag.py:4180} INFO - Setting next_dagrun for latest_only_with_trigger to 2025-08-20 04:00:00+00:00, run_after=2025-08-20 08:00:00+00:00
[2025-08-20T08:33:19.041+0000] {processor.py:208} INFO - Processing /home/airflow/.local/lib/python3.12/site-packages/airflow/example_dags/example_latest_only_with_trigger.py took 0.098 seconds
[2025-08-20T08:33:49.740+0000] {processor.py:186} INFO - Started process (PID=204) to work on /home/airflow/.local/lib/python3.12/site-packages/airflow/example_dags/example_latest_only_with_trigger.py
[2025-08-20T08:33:49.741+0000] {processor.py:914} INFO - Processing file /home/airflow/.local/lib/python3.12/site-packages/airflow/example_dags/example_latest_only_with_trigger.py for tasks to queue
[2025-08-20T08:33:49.745+0000] {logging_mixin.py:190} INFO - [2025-08-20T08:33:49.744+0000] {dagbag.py:588} INFO - Filling up the DagBag from /home/airflow/.local/lib/python3.12/site-packages/airflow/example_dags/example_latest_only_with_trigger.py
[2025-08-20T08:33:49.755+0000] {processor.py:925} INFO - DAG(s) 'latest_only_with_trigger' retrieved from /home/airflow/.local/lib/python3.12/site-packages/airflow/example_dags/example_latest_only_with_trigger.py
[2025-08-20T08:33:49.781+0000] {logging_mixin.py:190} INFO - [2025-08-20T08:33:49.781+0000] {dag.py:3239} INFO - Sync 1 DAGs
[2025-08-20T08:33:49.810+0000] {logging_mixin.py:190} INFO - [2025-08-20T08:33:49.809+0000] {dag.py:4180} INFO - Setting next_dagrun for latest_only_with_trigger to 2025-08-20 04:00:00+00:00, run_after=2025-08-20 08:00:00+00:00
[2025-08-20T08:33:49.830+0000] {processor.py:208} INFO - Processing /home/airflow/.local/lib/python3.12/site-packages/airflow/example_dags/example_latest_only_with_trigger.py took 0.099 seconds
[2025-08-20T08:34:20.146+0000] {processor.py:186} INFO - Started process (PID=260) to work on /home/airflow/.local/lib/python3.12/site-packages/airflow/example_dags/example_latest_only_with_trigger.py
[2025-08-20T08:34:20.148+0000] {processor.py:914} INFO - Processing file /home/airflow/.local/lib/python3.12/site-packages/airflow/example_dags/example_latest_only_with_trigger.py for tasks to queue
[2025-08-20T08:34:20.151+0000] {logging_mixin.py:190} INFO - [2025-08-20T08:34:20.150+0000] {dagbag.py:588} INFO - Filling up the DagBag from /home/airflow/.local/lib/python3.12/site-packages/airflow/example_dags/example_latest_only_with_trigger.py
[2025-08-20T08:34:20.162+0000] {processor.py:925} INFO - DAG(s) 'latest_only_with_trigger' retrieved from /home/airflow/.local/lib/python3.12/site-packages/airflow/example_dags/example_latest_only_with_trigger.py
[2025-08-20T08:34:20.186+0000] {logging_mixin.py:190} INFO - [2025-08-20T08:34:20.185+0000] {dag.py:3239} INFO - Sync 1 DAGs
[2025-08-20T08:34:20.216+0000] {logging_mixin.py:190} INFO - [2025-08-20T08:34:20.215+0000] {dag.py:4180} INFO - Setting next_dagrun for latest_only_with_trigger to 2025-08-20 04:00:00+00:00, run_after=2025-08-20 08:00:00+00:00
[2025-08-20T08:34:20.238+0000] {processor.py:208} INFO - Processing /home/airflow/.local/lib/python3.12/site-packages/airflow/example_dags/example_latest_only_with_trigger.py took 0.099 seconds
[2025-08-20T08:34:50.745+0000] {processor.py:186} INFO - Started process (PID=316) to work on /home/airflow/.local/lib/python3.12/site-packages/airflow/example_dags/example_latest_only_with_trigger.py
[2025-08-20T08:34:50.747+0000] {processor.py:914} INFO - Processing file /home/airflow/.local/lib/python3.12/site-packages/airflow/example_dags/example_latest_only_with_trigger.py for tasks to queue
[2025-08-20T08:34:50.749+0000] {logging_mixin.py:190} INFO - [2025-08-20T08:34:50.749+0000] {dagbag.py:588} INFO - Filling up the DagBag from /home/airflow/.local/lib/python3.12/site-packages/airflow/example_dags/example_latest_only_with_trigger.py
[2025-08-20T08:34:50.759+0000] {processor.py:925} INFO - DAG(s) 'latest_only_with_trigger' retrieved from /home/airflow/.local/lib/python3.12/site-packages/airflow/example_dags/example_latest_only_with_trigger.py
[2025-08-20T08:34:50.783+0000] {logging_mixin.py:190} INFO - [2025-08-20T08:34:50.783+0000] {dag.py:3239} INFO - Sync 1 DAGs
[2025-08-20T08:34:50.812+0000] {logging_mixin.py:190} INFO - [2025-08-20T08:34:50.812+0000] {dag.py:4180} INFO - Setting next_dagrun for latest_only_with_trigger to 2025-08-20 04:00:00+00:00, run_after=2025-08-20 08:00:00+00:00
[2025-08-20T08:34:50.849+0000] {processor.py:208} INFO - Processing /home/airflow/.local/lib/python3.12/site-packages/airflow/example_dags/example_latest_only_with_trigger.py took 0.112 seconds
[2025-08-20T08:35:21.618+0000] {processor.py:186} INFO - Started process (PID=372) to work on /home/airflow/.local/lib/python3.12/site-packages/airflow/example_dags/example_latest_only_with_trigger.py
[2025-08-20T08:35:21.620+0000] {processor.py:914} INFO - Processing file /home/airflow/.local/lib/python3.12/site-packages/airflow/example_dags/example_latest_only_with_trigger.py for tasks to queue
[2025-08-20T08:35:21.623+0000] {logging_mixin.py:190} INFO - [2025-08-20T08:35:21.622+0000] {dagbag.py:588} INFO - Filling up the DagBag from /home/airflow/.local/lib/python3.12/site-packages/airflow/example_dags/example_latest_only_with_trigger.py
[2025-08-20T08:35:21.633+0000] {processor.py:925} INFO - DAG(s) 'latest_only_with_trigger' retrieved from /home/airflow/.local/lib/python3.12/site-packages/airflow/example_dags/example_latest_only_with_trigger.py
[2025-08-20T08:35:21.660+0000] {logging_mixin.py:190} INFO - [2025-08-20T08:35:21.659+0000] {dag.py:3239} INFO - Sync 1 DAGs
[2025-08-20T08:35:21.688+0000] {logging_mixin.py:190} INFO - [2025-08-20T08:35:21.688+0000] {dag.py:4180} INFO - Setting next_dagrun for latest_only_with_trigger to 2025-08-20 04:00:00+00:00, run_after=2025-08-20 08:00:00+00:00
[2025-08-20T08:35:21.710+0000] {processor.py:208} INFO - Processing /home/airflow/.local/lib/python3.12/site-packages/airflow/example_dags/example_latest_only_with_trigger.py took 0.100 seconds
[2025-08-20T08:36:34.476+0000] {processor.py:186} INFO - Started process (PID=36) to work on /home/airflow/.local/lib/python3.12/site-packages/airflow/example_dags/example_latest_only_with_trigger.py
[2025-08-20T08:36:34.477+0000] {processor.py:914} INFO - Processing file /home/airflow/.local/lib/python3.12/site-packages/airflow/example_dags/example_latest_only_with_trigger.py for tasks to queue
[2025-08-20T08:36:34.480+0000] {logging_mixin.py:190} INFO - [2025-08-20T08:36:34.479+0000] {dagbag.py:588} INFO - Filling up the DagBag from /home/airflow/.local/lib/python3.12/site-packages/airflow/example_dags/example_latest_only_with_trigger.py
[2025-08-20T08:36:34.493+0000] {processor.py:925} INFO - DAG(s) 'latest_only_with_trigger' retrieved from /home/airflow/.local/lib/python3.12/site-packages/airflow/example_dags/example_latest_only_with_trigger.py
[2025-08-20T08:36:34.533+0000] {logging_mixin.py:190} INFO - [2025-08-20T08:36:34.532+0000] {dag.py:3239} INFO - Sync 1 DAGs
[2025-08-20T08:36:34.577+0000] {logging_mixin.py:190} INFO - [2025-08-20T08:36:34.576+0000] {dag.py:4180} INFO - Setting next_dagrun for latest_only_with_trigger to 2025-08-20 04:00:00+00:00, run_after=2025-08-20 08:00:00+00:00
[2025-08-20T08:36:34.801+0000] {processor.py:208} INFO - Processing /home/airflow/.local/lib/python3.12/site-packages/airflow/example_dags/example_latest_only_with_trigger.py took 0.334 seconds
[2025-08-20T08:37:05.319+0000] {processor.py:186} INFO - Started process (PID=92) to work on /home/airflow/.local/lib/python3.12/site-packages/airflow/example_dags/example_latest_only_with_trigger.py
[2025-08-20T08:37:05.320+0000] {processor.py:914} INFO - Processing file /home/airflow/.local/lib/python3.12/site-packages/airflow/example_dags/example_latest_only_with_trigger.py for tasks to queue
[2025-08-20T08:37:05.324+0000] {logging_mixin.py:190} INFO - [2025-08-20T08:37:05.324+0000] {dagbag.py:588} INFO - Filling up the DagBag from /home/airflow/.local/lib/python3.12/site-packages/airflow/example_dags/example_latest_only_with_trigger.py
[2025-08-20T08:37:05.333+0000] {processor.py:925} INFO - DAG(s) 'latest_only_with_trigger' retrieved from /home/airflow/.local/lib/python3.12/site-packages/airflow/example_dags/example_latest_only_with_trigger.py
[2025-08-20T08:37:05.360+0000] {logging_mixin.py:190} INFO - [2025-08-20T08:37:05.360+0000] {dag.py:3239} INFO - Sync 1 DAGs
[2025-08-20T08:37:05.389+0000] {logging_mixin.py:190} INFO - [2025-08-20T08:37:05.389+0000] {dag.py:4180} INFO - Setting next_dagrun for latest_only_with_trigger to 2025-08-20 04:00:00+00:00, run_after=2025-08-20 08:00:00+00:00
[2025-08-20T08:37:05.609+0000] {processor.py:208} INFO - Processing /home/airflow/.local/lib/python3.12/site-packages/airflow/example_dags/example_latest_only_with_trigger.py took 0.299 seconds
[2025-08-20T08:37:35.867+0000] {processor.py:186} INFO - Started process (PID=148) to work on /home/airflow/.local/lib/python3.12/site-packages/airflow/example_dags/example_latest_only_with_trigger.py
[2025-08-20T08:37:35.869+0000] {processor.py:914} INFO - Processing file /home/airflow/.local/lib/python3.12/site-packages/airflow/example_dags/example_latest_only_with_trigger.py for tasks to queue
[2025-08-20T08:37:35.872+0000] {logging_mixin.py:190} INFO - [2025-08-20T08:37:35.872+0000] {dagbag.py:588} INFO - Filling up the DagBag from /home/airflow/.local/lib/python3.12/site-packages/airflow/example_dags/example_latest_only_with_trigger.py
[2025-08-20T08:37:35.882+0000] {processor.py:925} INFO - DAG(s) 'latest_only_with_trigger' retrieved from /home/airflow/.local/lib/python3.12/site-packages/airflow/example_dags/example_latest_only_with_trigger.py
[2025-08-20T08:37:35.908+0000] {logging_mixin.py:190} INFO - [2025-08-20T08:37:35.907+0000] {dag.py:3239} INFO - Sync 1 DAGs
[2025-08-20T08:37:35.938+0000] {logging_mixin.py:190} INFO - [2025-08-20T08:37:35.937+0000] {dag.py:4180} INFO - Setting next_dagrun for latest_only_with_trigger to 2025-08-20 04:00:00+00:00, run_after=2025-08-20 08:00:00+00:00
[2025-08-20T08:37:36.253+0000] {processor.py:208} INFO - Processing /home/airflow/.local/lib/python3.12/site-packages/airflow/example_dags/example_latest_only_with_trigger.py took 0.395 seconds
[2025-08-20T08:38:06.356+0000] {processor.py:186} INFO - Started process (PID=204) to work on /home/airflow/.local/lib/python3.12/site-packages/airflow/example_dags/example_latest_only_with_trigger.py
[2025-08-20T08:38:06.357+0000] {processor.py:914} INFO - Processing file /home/airflow/.local/lib/python3.12/site-packages/airflow/example_dags/example_latest_only_with_trigger.py for tasks to queue
[2025-08-20T08:38:06.362+0000] {logging_mixin.py:190} INFO - [2025-08-20T08:38:06.361+0000] {dagbag.py:588} INFO - Filling up the DagBag from /home/airflow/.local/lib/python3.12/site-packages/airflow/example_dags/example_latest_only_with_trigger.py
[2025-08-20T08:38:06.374+0000] {processor.py:925} INFO - DAG(s) 'latest_only_with_trigger' retrieved from /home/airflow/.local/lib/python3.12/site-packages/airflow/example_dags/example_latest_only_with_trigger.py
[2025-08-20T08:38:06.405+0000] {logging_mixin.py:190} INFO - [2025-08-20T08:38:06.405+0000] {dag.py:3239} INFO - Sync 1 DAGs
[2025-08-20T08:38:06.443+0000] {logging_mixin.py:190} INFO - [2025-08-20T08:38:06.443+0000] {dag.py:4180} INFO - Setting next_dagrun for latest_only_with_trigger to 2025-08-20 04:00:00+00:00, run_after=2025-08-20 08:00:00+00:00
[2025-08-20T08:38:06.465+0000] {processor.py:208} INFO - Processing /home/airflow/.local/lib/python3.12/site-packages/airflow/example_dags/example_latest_only_with_trigger.py took 0.120 seconds
[2025-08-20T08:38:36.825+0000] {processor.py:186} INFO - Started process (PID=260) to work on /home/airflow/.local/lib/python3.12/site-packages/airflow/example_dags/example_latest_only_with_trigger.py
[2025-08-20T08:38:36.826+0000] {processor.py:914} INFO - Processing file /home/airflow/.local/lib/python3.12/site-packages/airflow/example_dags/example_latest_only_with_trigger.py for tasks to queue
[2025-08-20T08:38:36.830+0000] {logging_mixin.py:190} INFO - [2025-08-20T08:38:36.830+0000] {dagbag.py:588} INFO - Filling up the DagBag from /home/airflow/.local/lib/python3.12/site-packages/airflow/example_dags/example_latest_only_with_trigger.py
[2025-08-20T08:38:36.840+0000] {processor.py:925} INFO - DAG(s) 'latest_only_with_trigger' retrieved from /home/airflow/.local/lib/python3.12/site-packages/airflow/example_dags/example_latest_only_with_trigger.py
[2025-08-20T08:38:36.864+0000] {logging_mixin.py:190} INFO - [2025-08-20T08:38:36.864+0000] {dag.py:3239} INFO - Sync 1 DAGs
[2025-08-20T08:38:36.894+0000] {logging_mixin.py:190} INFO - [2025-08-20T08:38:36.894+0000] {dag.py:4180} INFO - Setting next_dagrun for latest_only_with_trigger to 2025-08-20 04:00:00+00:00, run_after=2025-08-20 08:00:00+00:00
[2025-08-20T08:38:36.914+0000] {processor.py:208} INFO - Processing /home/airflow/.local/lib/python3.12/site-packages/airflow/example_dags/example_latest_only_with_trigger.py took 0.097 seconds
[2025-08-20T08:39:07.352+0000] {processor.py:186} INFO - Started process (PID=316) to work on /home/airflow/.local/lib/python3.12/site-packages/airflow/example_dags/example_latest_only_with_trigger.py
[2025-08-20T08:39:07.353+0000] {processor.py:914} INFO - Processing file /home/airflow/.local/lib/python3.12/site-packages/airflow/example_dags/example_latest_only_with_trigger.py for tasks to queue
[2025-08-20T08:39:07.357+0000] {logging_mixin.py:190} INFO - [2025-08-20T08:39:07.356+0000] {dagbag.py:588} INFO - Filling up the DagBag from /home/airflow/.local/lib/python3.12/site-packages/airflow/example_dags/example_latest_only_with_trigger.py
[2025-08-20T08:39:07.366+0000] {processor.py:925} INFO - DAG(s) 'latest_only_with_trigger' retrieved from /home/airflow/.local/lib/python3.12/site-packages/airflow/example_dags/example_latest_only_with_trigger.py
[2025-08-20T08:39:07.391+0000] {logging_mixin.py:190} INFO - [2025-08-20T08:39:07.391+0000] {dag.py:3239} INFO - Sync 1 DAGs
[2025-08-20T08:39:07.421+0000] {logging_mixin.py:190} INFO - [2025-08-20T08:39:07.420+0000] {dag.py:4180} INFO - Setting next_dagrun for latest_only_with_trigger to 2025-08-20 04:00:00+00:00, run_after=2025-08-20 08:00:00+00:00
[2025-08-20T08:39:07.440+0000] {processor.py:208} INFO - Processing /home/airflow/.local/lib/python3.12/site-packages/airflow/example_dags/example_latest_only_with_trigger.py took 0.096 seconds
[2025-08-20T08:40:43.728+0000] {processor.py:186} INFO - Started process (PID=36) to work on /home/airflow/.local/lib/python3.12/site-packages/airflow/example_dags/example_latest_only_with_trigger.py
[2025-08-20T08:40:43.730+0000] {processor.py:914} INFO - Processing file /home/airflow/.local/lib/python3.12/site-packages/airflow/example_dags/example_latest_only_with_trigger.py for tasks to queue
[2025-08-20T08:40:43.733+0000] {logging_mixin.py:190} INFO - [2025-08-20T08:40:43.732+0000] {dagbag.py:588} INFO - Filling up the DagBag from /home/airflow/.local/lib/python3.12/site-packages/airflow/example_dags/example_latest_only_with_trigger.py
[2025-08-20T08:40:43.747+0000] {processor.py:925} INFO - DAG(s) 'latest_only_with_trigger' retrieved from /home/airflow/.local/lib/python3.12/site-packages/airflow/example_dags/example_latest_only_with_trigger.py
[2025-08-20T08:40:43.787+0000] {logging_mixin.py:190} INFO - [2025-08-20T08:40:43.786+0000] {dag.py:3239} INFO - Sync 1 DAGs
[2025-08-20T08:40:43.820+0000] {logging_mixin.py:190} INFO - [2025-08-20T08:40:43.820+0000] {dag.py:4180} INFO - Setting next_dagrun for latest_only_with_trigger to 2025-08-20 04:00:00+00:00, run_after=2025-08-20 08:00:00+00:00
[2025-08-20T08:40:44.012+0000] {processor.py:208} INFO - Processing /home/airflow/.local/lib/python3.12/site-packages/airflow/example_dags/example_latest_only_with_trigger.py took 0.293 seconds
[2025-08-20T08:41:14.530+0000] {processor.py:186} INFO - Started process (PID=92) to work on /home/airflow/.local/lib/python3.12/site-packages/airflow/example_dags/example_latest_only_with_trigger.py
[2025-08-20T08:41:14.532+0000] {processor.py:914} INFO - Processing file /home/airflow/.local/lib/python3.12/site-packages/airflow/example_dags/example_latest_only_with_trigger.py for tasks to queue
[2025-08-20T08:41:14.536+0000] {logging_mixin.py:190} INFO - [2025-08-20T08:41:14.535+0000] {dagbag.py:588} INFO - Filling up the DagBag from /home/airflow/.local/lib/python3.12/site-packages/airflow/example_dags/example_latest_only_with_trigger.py
[2025-08-20T08:41:14.547+0000] {processor.py:925} INFO - DAG(s) 'latest_only_with_trigger' retrieved from /home/airflow/.local/lib/python3.12/site-packages/airflow/example_dags/example_latest_only_with_trigger.py
[2025-08-20T08:41:14.577+0000] {logging_mixin.py:190} INFO - [2025-08-20T08:41:14.576+0000] {dag.py:3239} INFO - Sync 1 DAGs
[2025-08-20T08:41:14.612+0000] {logging_mixin.py:190} INFO - [2025-08-20T08:41:14.612+0000] {dag.py:4180} INFO - Setting next_dagrun for latest_only_with_trigger to 2025-08-20 04:00:00+00:00, run_after=2025-08-20 08:00:00+00:00
[2025-08-20T08:41:14.897+0000] {processor.py:208} INFO - Processing /home/airflow/.local/lib/python3.12/site-packages/airflow/example_dags/example_latest_only_with_trigger.py took 0.376 seconds
[2025-08-20T08:41:44.932+0000] {processor.py:186} INFO - Started process (PID=148) to work on /home/airflow/.local/lib/python3.12/site-packages/airflow/example_dags/example_latest_only_with_trigger.py
[2025-08-20T08:41:44.933+0000] {processor.py:914} INFO - Processing file /home/airflow/.local/lib/python3.12/site-packages/airflow/example_dags/example_latest_only_with_trigger.py for tasks to queue
[2025-08-20T08:41:44.936+0000] {logging_mixin.py:190} INFO - [2025-08-20T08:41:44.936+0000] {dagbag.py:588} INFO - Filling up the DagBag from /home/airflow/.local/lib/python3.12/site-packages/airflow/example_dags/example_latest_only_with_trigger.py
[2025-08-20T08:41:44.946+0000] {processor.py:925} INFO - DAG(s) 'latest_only_with_trigger' retrieved from /home/airflow/.local/lib/python3.12/site-packages/airflow/example_dags/example_latest_only_with_trigger.py
[2025-08-20T08:41:44.972+0000] {logging_mixin.py:190} INFO - [2025-08-20T08:41:44.972+0000] {dag.py:3239} INFO - Sync 1 DAGs
[2025-08-20T08:41:45.004+0000] {logging_mixin.py:190} INFO - [2025-08-20T08:41:45.004+0000] {dag.py:4180} INFO - Setting next_dagrun for latest_only_with_trigger to 2025-08-20 04:00:00+00:00, run_after=2025-08-20 08:00:00+00:00
[2025-08-20T08:41:45.026+0000] {processor.py:208} INFO - Processing /home/airflow/.local/lib/python3.12/site-packages/airflow/example_dags/example_latest_only_with_trigger.py took 0.102 seconds
[2025-08-20T08:42:15.459+0000] {processor.py:186} INFO - Started process (PID=204) to work on /home/airflow/.local/lib/python3.12/site-packages/airflow/example_dags/example_latest_only_with_trigger.py
[2025-08-20T08:42:15.461+0000] {processor.py:914} INFO - Processing file /home/airflow/.local/lib/python3.12/site-packages/airflow/example_dags/example_latest_only_with_trigger.py for tasks to queue
[2025-08-20T08:42:15.464+0000] {logging_mixin.py:190} INFO - [2025-08-20T08:42:15.463+0000] {dagbag.py:588} INFO - Filling up the DagBag from /home/airflow/.local/lib/python3.12/site-packages/airflow/example_dags/example_latest_only_with_trigger.py
[2025-08-20T08:42:15.473+0000] {processor.py:925} INFO - DAG(s) 'latest_only_with_trigger' retrieved from /home/airflow/.local/lib/python3.12/site-packages/airflow/example_dags/example_latest_only_with_trigger.py
[2025-08-20T08:42:15.501+0000] {logging_mixin.py:190} INFO - [2025-08-20T08:42:15.500+0000] {dag.py:3239} INFO - Sync 1 DAGs
[2025-08-20T08:42:15.531+0000] {logging_mixin.py:190} INFO - [2025-08-20T08:42:15.531+0000] {dag.py:4180} INFO - Setting next_dagrun for latest_only_with_trigger to 2025-08-20 04:00:00+00:00, run_after=2025-08-20 08:00:00+00:00
[2025-08-20T08:42:15.551+0000] {processor.py:208} INFO - Processing /home/airflow/.local/lib/python3.12/site-packages/airflow/example_dags/example_latest_only_with_trigger.py took 0.100 seconds
[2025-08-20T08:42:45.851+0000] {processor.py:186} INFO - Started process (PID=260) to work on /home/airflow/.local/lib/python3.12/site-packages/airflow/example_dags/example_latest_only_with_trigger.py
[2025-08-20T08:42:45.853+0000] {processor.py:914} INFO - Processing file /home/airflow/.local/lib/python3.12/site-packages/airflow/example_dags/example_latest_only_with_trigger.py for tasks to queue
[2025-08-20T08:42:45.856+0000] {logging_mixin.py:190} INFO - [2025-08-20T08:42:45.856+0000] {dagbag.py:588} INFO - Filling up the DagBag from /home/airflow/.local/lib/python3.12/site-packages/airflow/example_dags/example_latest_only_with_trigger.py
[2025-08-20T08:42:45.866+0000] {processor.py:925} INFO - DAG(s) 'latest_only_with_trigger' retrieved from /home/airflow/.local/lib/python3.12/site-packages/airflow/example_dags/example_latest_only_with_trigger.py
[2025-08-20T08:42:45.893+0000] {logging_mixin.py:190} INFO - [2025-08-20T08:42:45.893+0000] {dag.py:3239} INFO - Sync 1 DAGs
[2025-08-20T08:42:45.924+0000] {logging_mixin.py:190} INFO - [2025-08-20T08:42:45.924+0000] {dag.py:4180} INFO - Setting next_dagrun for latest_only_with_trigger to 2025-08-20 04:00:00+00:00, run_after=2025-08-20 08:00:00+00:00
[2025-08-20T08:42:45.945+0000] {processor.py:208} INFO - Processing /home/airflow/.local/lib/python3.12/site-packages/airflow/example_dags/example_latest_only_with_trigger.py took 0.102 seconds
[2025-08-20T08:43:16.598+0000] {processor.py:186} INFO - Started process (PID=316) to work on /home/airflow/.local/lib/python3.12/site-packages/airflow/example_dags/example_latest_only_with_trigger.py
[2025-08-20T08:43:16.602+0000] {processor.py:914} INFO - Processing file /home/airflow/.local/lib/python3.12/site-packages/airflow/example_dags/example_latest_only_with_trigger.py for tasks to queue
[2025-08-20T08:43:16.605+0000] {logging_mixin.py:190} INFO - [2025-08-20T08:43:16.605+0000] {dagbag.py:588} INFO - Filling up the DagBag from /home/airflow/.local/lib/python3.12/site-packages/airflow/example_dags/example_latest_only_with_trigger.py
[2025-08-20T08:43:16.615+0000] {processor.py:925} INFO - DAG(s) 'latest_only_with_trigger' retrieved from /home/airflow/.local/lib/python3.12/site-packages/airflow/example_dags/example_latest_only_with_trigger.py
[2025-08-20T08:43:16.641+0000] {logging_mixin.py:190} INFO - [2025-08-20T08:43:16.641+0000] {dag.py:3239} INFO - Sync 1 DAGs
[2025-08-20T08:43:16.675+0000] {logging_mixin.py:190} INFO - [2025-08-20T08:43:16.675+0000] {dag.py:4180} INFO - Setting next_dagrun for latest_only_with_trigger to 2025-08-20 04:00:00+00:00, run_after=2025-08-20 08:00:00+00:00
[2025-08-20T08:43:16.700+0000] {processor.py:208} INFO - Processing /home/airflow/.local/lib/python3.12/site-packages/airflow/example_dags/example_latest_only_with_trigger.py took 0.110 seconds
[2025-08-20T08:43:46.977+0000] {processor.py:186} INFO - Started process (PID=372) to work on /home/airflow/.local/lib/python3.12/site-packages/airflow/example_dags/example_latest_only_with_trigger.py
[2025-08-20T08:43:46.978+0000] {processor.py:914} INFO - Processing file /home/airflow/.local/lib/python3.12/site-packages/airflow/example_dags/example_latest_only_with_trigger.py for tasks to queue
[2025-08-20T08:43:46.982+0000] {logging_mixin.py:190} INFO - [2025-08-20T08:43:46.981+0000] {dagbag.py:588} INFO - Filling up the DagBag from /home/airflow/.local/lib/python3.12/site-packages/airflow/example_dags/example_latest_only_with_trigger.py
[2025-08-20T08:43:46.992+0000] {processor.py:925} INFO - DAG(s) 'latest_only_with_trigger' retrieved from /home/airflow/.local/lib/python3.12/site-packages/airflow/example_dags/example_latest_only_with_trigger.py
[2025-08-20T08:43:47.022+0000] {logging_mixin.py:190} INFO - [2025-08-20T08:43:47.022+0000] {dag.py:3239} INFO - Sync 1 DAGs
[2025-08-20T08:43:47.053+0000] {logging_mixin.py:190} INFO - [2025-08-20T08:43:47.053+0000] {dag.py:4180} INFO - Setting next_dagrun for latest_only_with_trigger to 2025-08-20 04:00:00+00:00, run_after=2025-08-20 08:00:00+00:00
[2025-08-20T08:43:47.075+0000] {processor.py:208} INFO - Processing /home/airflow/.local/lib/python3.12/site-packages/airflow/example_dags/example_latest_only_with_trigger.py took 0.107 seconds
[2025-08-20T08:44:17.481+0000] {processor.py:186} INFO - Started process (PID=428) to work on /home/airflow/.local/lib/python3.12/site-packages/airflow/example_dags/example_latest_only_with_trigger.py
[2025-08-20T08:44:17.483+0000] {processor.py:914} INFO - Processing file /home/airflow/.local/lib/python3.12/site-packages/airflow/example_dags/example_latest_only_with_trigger.py for tasks to queue
[2025-08-20T08:44:17.486+0000] {logging_mixin.py:190} INFO - [2025-08-20T08:44:17.485+0000] {dagbag.py:588} INFO - Filling up the DagBag from /home/airflow/.local/lib/python3.12/site-packages/airflow/example_dags/example_latest_only_with_trigger.py
[2025-08-20T08:44:17.495+0000] {processor.py:925} INFO - DAG(s) 'latest_only_with_trigger' retrieved from /home/airflow/.local/lib/python3.12/site-packages/airflow/example_dags/example_latest_only_with_trigger.py
[2025-08-20T08:44:17.519+0000] {logging_mixin.py:190} INFO - [2025-08-20T08:44:17.518+0000] {dag.py:3239} INFO - Sync 1 DAGs
[2025-08-20T08:44:17.551+0000] {logging_mixin.py:190} INFO - [2025-08-20T08:44:17.550+0000] {dag.py:4180} INFO - Setting next_dagrun for latest_only_with_trigger to 2025-08-20 04:00:00+00:00, run_after=2025-08-20 08:00:00+00:00
[2025-08-20T08:44:17.573+0000] {processor.py:208} INFO - Processing /home/airflow/.local/lib/python3.12/site-packages/airflow/example_dags/example_latest_only_with_trigger.py took 0.099 seconds
[2025-08-20T08:44:47.922+0000] {processor.py:186} INFO - Started process (PID=484) to work on /home/airflow/.local/lib/python3.12/site-packages/airflow/example_dags/example_latest_only_with_trigger.py
[2025-08-20T08:44:47.923+0000] {processor.py:914} INFO - Processing file /home/airflow/.local/lib/python3.12/site-packages/airflow/example_dags/example_latest_only_with_trigger.py for tasks to queue
[2025-08-20T08:44:47.925+0000] {logging_mixin.py:190} INFO - [2025-08-20T08:44:47.925+0000] {dagbag.py:588} INFO - Filling up the DagBag from /home/airflow/.local/lib/python3.12/site-packages/airflow/example_dags/example_latest_only_with_trigger.py
[2025-08-20T08:44:47.935+0000] {processor.py:925} INFO - DAG(s) 'latest_only_with_trigger' retrieved from /home/airflow/.local/lib/python3.12/site-packages/airflow/example_dags/example_latest_only_with_trigger.py
[2025-08-20T08:44:47.959+0000] {logging_mixin.py:190} INFO - [2025-08-20T08:44:47.958+0000] {dag.py:3239} INFO - Sync 1 DAGs
[2025-08-20T08:44:47.987+0000] {logging_mixin.py:190} INFO - [2025-08-20T08:44:47.987+0000] {dag.py:4180} INFO - Setting next_dagrun for latest_only_with_trigger to 2025-08-20 04:00:00+00:00, run_after=2025-08-20 08:00:00+00:00
[2025-08-20T08:44:48.008+0000] {processor.py:208} INFO - Processing /home/airflow/.local/lib/python3.12/site-packages/airflow/example_dags/example_latest_only_with_trigger.py took 0.094 seconds
[2025-08-20T08:45:18.271+0000] {processor.py:186} INFO - Started process (PID=540) to work on /home/airflow/.local/lib/python3.12/site-packages/airflow/example_dags/example_latest_only_with_trigger.py
[2025-08-20T08:45:18.272+0000] {processor.py:914} INFO - Processing file /home/airflow/.local/lib/python3.12/site-packages/airflow/example_dags/example_latest_only_with_trigger.py for tasks to queue
[2025-08-20T08:45:18.276+0000] {logging_mixin.py:190} INFO - [2025-08-20T08:45:18.275+0000] {dagbag.py:588} INFO - Filling up the DagBag from /home/airflow/.local/lib/python3.12/site-packages/airflow/example_dags/example_latest_only_with_trigger.py
[2025-08-20T08:45:18.286+0000] {processor.py:925} INFO - DAG(s) 'latest_only_with_trigger' retrieved from /home/airflow/.local/lib/python3.12/site-packages/airflow/example_dags/example_latest_only_with_trigger.py
[2025-08-20T08:45:18.311+0000] {logging_mixin.py:190} INFO - [2025-08-20T08:45:18.311+0000] {dag.py:3239} INFO - Sync 1 DAGs
[2025-08-20T08:45:18.340+0000] {logging_mixin.py:190} INFO - [2025-08-20T08:45:18.340+0000] {dag.py:4180} INFO - Setting next_dagrun for latest_only_with_trigger to 2025-08-20 04:00:00+00:00, run_after=2025-08-20 08:00:00+00:00
[2025-08-20T08:45:18.362+0000] {processor.py:208} INFO - Processing /home/airflow/.local/lib/python3.12/site-packages/airflow/example_dags/example_latest_only_with_trigger.py took 0.099 seconds
[2025-08-20T08:46:22.538+0000] {processor.py:186} INFO - Started process (PID=36) to work on /home/airflow/.local/lib/python3.12/site-packages/airflow/example_dags/example_latest_only_with_trigger.py
[2025-08-20T08:46:22.539+0000] {processor.py:914} INFO - Processing file /home/airflow/.local/lib/python3.12/site-packages/airflow/example_dags/example_latest_only_with_trigger.py for tasks to queue
[2025-08-20T08:46:22.542+0000] {logging_mixin.py:190} INFO - [2025-08-20T08:46:22.542+0000] {dagbag.py:588} INFO - Filling up the DagBag from /home/airflow/.local/lib/python3.12/site-packages/airflow/example_dags/example_latest_only_with_trigger.py
[2025-08-20T08:46:22.554+0000] {processor.py:925} INFO - DAG(s) 'latest_only_with_trigger' retrieved from /home/airflow/.local/lib/python3.12/site-packages/airflow/example_dags/example_latest_only_with_trigger.py
[2025-08-20T08:46:22.589+0000] {logging_mixin.py:190} INFO - [2025-08-20T08:46:22.589+0000] {dag.py:3239} INFO - Sync 1 DAGs
[2025-08-20T08:46:22.619+0000] {logging_mixin.py:190} INFO - [2025-08-20T08:46:22.618+0000] {dag.py:4180} INFO - Setting next_dagrun for latest_only_with_trigger to 2025-08-20 04:00:00+00:00, run_after=2025-08-20 08:00:00+00:00
[2025-08-20T08:46:22.932+0000] {processor.py:208} INFO - Processing /home/airflow/.local/lib/python3.12/site-packages/airflow/example_dags/example_latest_only_with_trigger.py took 0.403 seconds
[2025-08-20T08:46:53.296+0000] {processor.py:186} INFO - Started process (PID=92) to work on /home/airflow/.local/lib/python3.12/site-packages/airflow/example_dags/example_latest_only_with_trigger.py
[2025-08-20T08:46:53.298+0000] {processor.py:914} INFO - Processing file /home/airflow/.local/lib/python3.12/site-packages/airflow/example_dags/example_latest_only_with_trigger.py for tasks to queue
[2025-08-20T08:46:53.301+0000] {logging_mixin.py:190} INFO - [2025-08-20T08:46:53.301+0000] {dagbag.py:588} INFO - Filling up the DagBag from /home/airflow/.local/lib/python3.12/site-packages/airflow/example_dags/example_latest_only_with_trigger.py
[2025-08-20T08:46:53.312+0000] {processor.py:925} INFO - DAG(s) 'latest_only_with_trigger' retrieved from /home/airflow/.local/lib/python3.12/site-packages/airflow/example_dags/example_latest_only_with_trigger.py
[2025-08-20T08:46:53.340+0000] {logging_mixin.py:190} INFO - [2025-08-20T08:46:53.340+0000] {dag.py:3239} INFO - Sync 1 DAGs
[2025-08-20T08:46:53.377+0000] {logging_mixin.py:190} INFO - [2025-08-20T08:46:53.377+0000] {dag.py:4180} INFO - Setting next_dagrun for latest_only_with_trigger to 2025-08-20 04:00:00+00:00, run_after=2025-08-20 08:00:00+00:00
[2025-08-20T08:46:53.647+0000] {processor.py:208} INFO - Processing /home/airflow/.local/lib/python3.12/site-packages/airflow/example_dags/example_latest_only_with_trigger.py took 0.360 seconds
[2025-08-20T08:47:23.896+0000] {processor.py:186} INFO - Started process (PID=148) to work on /home/airflow/.local/lib/python3.12/site-packages/airflow/example_dags/example_latest_only_with_trigger.py
[2025-08-20T08:47:23.898+0000] {processor.py:914} INFO - Processing file /home/airflow/.local/lib/python3.12/site-packages/airflow/example_dags/example_latest_only_with_trigger.py for tasks to queue
[2025-08-20T08:47:23.902+0000] {logging_mixin.py:190} INFO - [2025-08-20T08:47:23.901+0000] {dagbag.py:588} INFO - Filling up the DagBag from /home/airflow/.local/lib/python3.12/site-packages/airflow/example_dags/example_latest_only_with_trigger.py
[2025-08-20T08:47:23.916+0000] {processor.py:925} INFO - DAG(s) 'latest_only_with_trigger' retrieved from /home/airflow/.local/lib/python3.12/site-packages/airflow/example_dags/example_latest_only_with_trigger.py
[2025-08-20T08:47:23.945+0000] {logging_mixin.py:190} INFO - [2025-08-20T08:47:23.944+0000] {dag.py:3239} INFO - Sync 1 DAGs
[2025-08-20T08:47:23.974+0000] {logging_mixin.py:190} INFO - [2025-08-20T08:47:23.974+0000] {dag.py:4180} INFO - Setting next_dagrun for latest_only_with_trigger to 2025-08-20 04:00:00+00:00, run_after=2025-08-20 08:00:00+00:00
[2025-08-20T08:47:24.255+0000] {processor.py:208} INFO - Processing /home/airflow/.local/lib/python3.12/site-packages/airflow/example_dags/example_latest_only_with_trigger.py took 0.371 seconds
[2025-08-20T08:47:54.697+0000] {processor.py:186} INFO - Started process (PID=204) to work on /home/airflow/.local/lib/python3.12/site-packages/airflow/example_dags/example_latest_only_with_trigger.py
[2025-08-20T08:47:54.698+0000] {processor.py:914} INFO - Processing file /home/airflow/.local/lib/python3.12/site-packages/airflow/example_dags/example_latest_only_with_trigger.py for tasks to queue
[2025-08-20T08:47:54.701+0000] {logging_mixin.py:190} INFO - [2025-08-20T08:47:54.701+0000] {dagbag.py:588} INFO - Filling up the DagBag from /home/airflow/.local/lib/python3.12/site-packages/airflow/example_dags/example_latest_only_with_trigger.py
[2025-08-20T08:47:54.712+0000] {processor.py:925} INFO - DAG(s) 'latest_only_with_trigger' retrieved from /home/airflow/.local/lib/python3.12/site-packages/airflow/example_dags/example_latest_only_with_trigger.py
[2025-08-20T08:47:54.739+0000] {logging_mixin.py:190} INFO - [2025-08-20T08:47:54.739+0000] {dag.py:3239} INFO - Sync 1 DAGs
[2025-08-20T08:47:54.768+0000] {logging_mixin.py:190} INFO - [2025-08-20T08:47:54.768+0000] {dag.py:4180} INFO - Setting next_dagrun for latest_only_with_trigger to 2025-08-20 04:00:00+00:00, run_after=2025-08-20 08:00:00+00:00
[2025-08-20T08:47:54.788+0000] {processor.py:208} INFO - Processing /home/airflow/.local/lib/python3.12/site-packages/airflow/example_dags/example_latest_only_with_trigger.py took 0.099 seconds
