[2025-08-20T08:25:58.544+0000] {processor.py:186} INFO - Started process (PID=69) to work on /home/airflow/.local/lib/python3.12/site-packages/airflow/example_dags/example_outlet_event_extra.py
[2025-08-20T08:25:58.545+0000] {processor.py:914} INFO - Processing file /home/airflow/.local/lib/python3.12/site-packages/airflow/example_dags/example_outlet_event_extra.py for tasks to queue
[2025-08-20T08:25:58.548+0000] {logging_mixin.py:190} INFO - [2025-08-20T08:25:58.548+0000] {dagbag.py:588} INFO - Filling up the DagBag from /home/airflow/.local/lib/python3.12/site-packages/airflow/example_dags/example_outlet_event_extra.py
[2025-08-20T08:25:58.745+0000] {processor.py:925} INFO - DAG(s) 'dataset_with_extra_from_classic_operator', 'dataset_with_extra_by_yield', 'dataset_with_extra_by_context' retrieved from /home/airflow/.local/lib/python3.12/site-packages/airflow/example_dags/example_outlet_event_extra.py
[2025-08-20T08:25:58.776+0000] {logging_mixin.py:190} INFO - [2025-08-20T08:25:58.776+0000] {dag.py:3239} INFO - Sync 3 DAGs
[2025-08-20T08:25:59.004+0000] {logging_mixin.py:190} INFO - [2025-08-20T08:25:59.004+0000] {dag.py:4180} INFO - Setting next_dagrun for dataset_with_extra_by_context to 2025-08-19 00:00:00+00:00, run_after=2025-08-20 00:00:00+00:00
[2025-08-20T08:25:59.016+0000] {logging_mixin.py:190} INFO - [2025-08-20T08:25:59.015+0000] {dag.py:4180} INFO - Setting next_dagrun for dataset_with_extra_by_yield to 2025-08-19 00:00:00+00:00, run_after=2025-08-20 00:00:00+00:00
[2025-08-20T08:25:59.019+0000] {logging_mixin.py:190} INFO - [2025-08-20T08:25:59.018+0000] {dag.py:4180} INFO - Setting next_dagrun for dataset_with_extra_from_classic_operator to 2025-08-19 00:00:00+00:00, run_after=2025-08-20 00:00:00+00:00
[2025-08-20T08:25:59.150+0000] {processor.py:208} INFO - Processing /home/airflow/.local/lib/python3.12/site-packages/airflow/example_dags/example_outlet_event_extra.py took 0.615 seconds
[2025-08-20T08:26:30.059+0000] {processor.py:186} INFO - Started process (PID=125) to work on /home/airflow/.local/lib/python3.12/site-packages/airflow/example_dags/example_outlet_event_extra.py
[2025-08-20T08:26:30.060+0000] {processor.py:914} INFO - Processing file /home/airflow/.local/lib/python3.12/site-packages/airflow/example_dags/example_outlet_event_extra.py for tasks to queue
[2025-08-20T08:26:30.064+0000] {logging_mixin.py:190} INFO - [2025-08-20T08:26:30.063+0000] {dagbag.py:588} INFO - Filling up the DagBag from /home/airflow/.local/lib/python3.12/site-packages/airflow/example_dags/example_outlet_event_extra.py
[2025-08-20T08:26:30.257+0000] {processor.py:925} INFO - DAG(s) 'dataset_with_extra_from_classic_operator', 'dataset_with_extra_by_context', 'dataset_with_extra_by_yield' retrieved from /home/airflow/.local/lib/python3.12/site-packages/airflow/example_dags/example_outlet_event_extra.py
[2025-08-20T08:26:30.294+0000] {logging_mixin.py:190} INFO - [2025-08-20T08:26:30.294+0000] {dag.py:3239} INFO - Sync 3 DAGs
[2025-08-20T08:26:30.333+0000] {logging_mixin.py:190} INFO - [2025-08-20T08:26:30.333+0000] {dag.py:4180} INFO - Setting next_dagrun for dataset_with_extra_by_context to 2025-08-19 00:00:00+00:00, run_after=2025-08-20 00:00:00+00:00
[2025-08-20T08:26:30.341+0000] {logging_mixin.py:190} INFO - [2025-08-20T08:26:30.340+0000] {dag.py:4180} INFO - Setting next_dagrun for dataset_with_extra_by_yield to 2025-08-19 00:00:00+00:00, run_after=2025-08-20 00:00:00+00:00
[2025-08-20T08:26:30.344+0000] {logging_mixin.py:190} INFO - [2025-08-20T08:26:30.343+0000] {dag.py:4180} INFO - Setting next_dagrun for dataset_with_extra_from_classic_operator to 2025-08-19 00:00:00+00:00, run_after=2025-08-20 00:00:00+00:00
[2025-08-20T08:26:30.618+0000] {processor.py:208} INFO - Processing /home/airflow/.local/lib/python3.12/site-packages/airflow/example_dags/example_outlet_event_extra.py took 0.568 seconds
[2025-08-20T08:27:01.163+0000] {processor.py:186} INFO - Started process (PID=181) to work on /home/airflow/.local/lib/python3.12/site-packages/airflow/example_dags/example_outlet_event_extra.py
[2025-08-20T08:27:01.165+0000] {processor.py:914} INFO - Processing file /home/airflow/.local/lib/python3.12/site-packages/airflow/example_dags/example_outlet_event_extra.py for tasks to queue
[2025-08-20T08:27:01.169+0000] {logging_mixin.py:190} INFO - [2025-08-20T08:27:01.169+0000] {dagbag.py:588} INFO - Filling up the DagBag from /home/airflow/.local/lib/python3.12/site-packages/airflow/example_dags/example_outlet_event_extra.py
[2025-08-20T08:27:01.356+0000] {processor.py:925} INFO - DAG(s) 'dataset_with_extra_by_context', 'dataset_with_extra_by_yield', 'dataset_with_extra_from_classic_operator' retrieved from /home/airflow/.local/lib/python3.12/site-packages/airflow/example_dags/example_outlet_event_extra.py
[2025-08-20T08:27:01.389+0000] {logging_mixin.py:190} INFO - [2025-08-20T08:27:01.388+0000] {dag.py:3239} INFO - Sync 3 DAGs
[2025-08-20T08:27:01.425+0000] {logging_mixin.py:190} INFO - [2025-08-20T08:27:01.424+0000] {dag.py:4180} INFO - Setting next_dagrun for dataset_with_extra_by_context to 2025-08-19 00:00:00+00:00, run_after=2025-08-20 00:00:00+00:00
[2025-08-20T08:27:01.431+0000] {logging_mixin.py:190} INFO - [2025-08-20T08:27:01.431+0000] {dag.py:4180} INFO - Setting next_dagrun for dataset_with_extra_by_yield to 2025-08-19 00:00:00+00:00, run_after=2025-08-20 00:00:00+00:00
[2025-08-20T08:27:01.433+0000] {logging_mixin.py:190} INFO - [2025-08-20T08:27:01.433+0000] {dag.py:4180} INFO - Setting next_dagrun for dataset_with_extra_from_classic_operator to 2025-08-19 00:00:00+00:00, run_after=2025-08-20 00:00:00+00:00
[2025-08-20T08:27:01.598+0000] {processor.py:208} INFO - Processing /home/airflow/.local/lib/python3.12/site-packages/airflow/example_dags/example_outlet_event_extra.py took 0.445 seconds
[2025-08-20T08:27:32.410+0000] {processor.py:186} INFO - Started process (PID=237) to work on /home/airflow/.local/lib/python3.12/site-packages/airflow/example_dags/example_outlet_event_extra.py
[2025-08-20T08:27:32.412+0000] {processor.py:914} INFO - Processing file /home/airflow/.local/lib/python3.12/site-packages/airflow/example_dags/example_outlet_event_extra.py for tasks to queue
[2025-08-20T08:27:32.415+0000] {logging_mixin.py:190} INFO - [2025-08-20T08:27:32.415+0000] {dagbag.py:588} INFO - Filling up the DagBag from /home/airflow/.local/lib/python3.12/site-packages/airflow/example_dags/example_outlet_event_extra.py
[2025-08-20T08:27:32.608+0000] {processor.py:925} INFO - DAG(s) 'dataset_with_extra_by_context', 'dataset_with_extra_from_classic_operator', 'dataset_with_extra_by_yield' retrieved from /home/airflow/.local/lib/python3.12/site-packages/airflow/example_dags/example_outlet_event_extra.py
[2025-08-20T08:27:32.645+0000] {logging_mixin.py:190} INFO - [2025-08-20T08:27:32.645+0000] {dag.py:3239} INFO - Sync 3 DAGs
[2025-08-20T08:27:32.680+0000] {logging_mixin.py:190} INFO - [2025-08-20T08:27:32.679+0000] {dag.py:4180} INFO - Setting next_dagrun for dataset_with_extra_by_context to 2025-08-19 00:00:00+00:00, run_after=2025-08-20 00:00:00+00:00
[2025-08-20T08:27:32.686+0000] {logging_mixin.py:190} INFO - [2025-08-20T08:27:32.686+0000] {dag.py:4180} INFO - Setting next_dagrun for dataset_with_extra_by_yield to 2025-08-19 00:00:00+00:00, run_after=2025-08-20 00:00:00+00:00
[2025-08-20T08:27:32.689+0000] {logging_mixin.py:190} INFO - [2025-08-20T08:27:32.689+0000] {dag.py:4180} INFO - Setting next_dagrun for dataset_with_extra_from_classic_operator to 2025-08-19 00:00:00+00:00, run_after=2025-08-20 00:00:00+00:00
[2025-08-20T08:27:32.717+0000] {processor.py:208} INFO - Processing /home/airflow/.local/lib/python3.12/site-packages/airflow/example_dags/example_outlet_event_extra.py took 0.314 seconds
[2025-08-20T08:28:02.810+0000] {processor.py:186} INFO - Started process (PID=293) to work on /home/airflow/.local/lib/python3.12/site-packages/airflow/example_dags/example_outlet_event_extra.py
[2025-08-20T08:28:02.812+0000] {processor.py:914} INFO - Processing file /home/airflow/.local/lib/python3.12/site-packages/airflow/example_dags/example_outlet_event_extra.py for tasks to queue
[2025-08-20T08:28:02.816+0000] {logging_mixin.py:190} INFO - [2025-08-20T08:28:02.815+0000] {dagbag.py:588} INFO - Filling up the DagBag from /home/airflow/.local/lib/python3.12/site-packages/airflow/example_dags/example_outlet_event_extra.py
[2025-08-20T08:28:03.023+0000] {processor.py:925} INFO - DAG(s) 'dataset_with_extra_by_context', 'dataset_with_extra_by_yield', 'dataset_with_extra_from_classic_operator' retrieved from /home/airflow/.local/lib/python3.12/site-packages/airflow/example_dags/example_outlet_event_extra.py
[2025-08-20T08:28:03.055+0000] {logging_mixin.py:190} INFO - [2025-08-20T08:28:03.055+0000] {dag.py:3239} INFO - Sync 3 DAGs
[2025-08-20T08:28:03.090+0000] {logging_mixin.py:190} INFO - [2025-08-20T08:28:03.090+0000] {dag.py:4180} INFO - Setting next_dagrun for dataset_with_extra_by_context to 2025-08-19 00:00:00+00:00, run_after=2025-08-20 00:00:00+00:00
[2025-08-20T08:28:03.097+0000] {logging_mixin.py:190} INFO - [2025-08-20T08:28:03.096+0000] {dag.py:4180} INFO - Setting next_dagrun for dataset_with_extra_by_yield to 2025-08-19 00:00:00+00:00, run_after=2025-08-20 00:00:00+00:00
[2025-08-20T08:28:03.100+0000] {logging_mixin.py:190} INFO - [2025-08-20T08:28:03.099+0000] {dag.py:4180} INFO - Setting next_dagrun for dataset_with_extra_from_classic_operator to 2025-08-19 00:00:00+00:00, run_after=2025-08-20 00:00:00+00:00
[2025-08-20T08:28:03.126+0000] {processor.py:208} INFO - Processing /home/airflow/.local/lib/python3.12/site-packages/airflow/example_dags/example_outlet_event_extra.py took 0.325 seconds
[2025-08-20T08:28:33.280+0000] {processor.py:186} INFO - Started process (PID=349) to work on /home/airflow/.local/lib/python3.12/site-packages/airflow/example_dags/example_outlet_event_extra.py
[2025-08-20T08:28:33.282+0000] {processor.py:914} INFO - Processing file /home/airflow/.local/lib/python3.12/site-packages/airflow/example_dags/example_outlet_event_extra.py for tasks to queue
[2025-08-20T08:28:33.286+0000] {logging_mixin.py:190} INFO - [2025-08-20T08:28:33.285+0000] {dagbag.py:588} INFO - Filling up the DagBag from /home/airflow/.local/lib/python3.12/site-packages/airflow/example_dags/example_outlet_event_extra.py
[2025-08-20T08:28:33.483+0000] {processor.py:925} INFO - DAG(s) 'dataset_with_extra_from_classic_operator', 'dataset_with_extra_by_context', 'dataset_with_extra_by_yield' retrieved from /home/airflow/.local/lib/python3.12/site-packages/airflow/example_dags/example_outlet_event_extra.py
[2025-08-20T08:28:33.513+0000] {logging_mixin.py:190} INFO - [2025-08-20T08:28:33.513+0000] {dag.py:3239} INFO - Sync 3 DAGs
[2025-08-20T08:28:33.548+0000] {logging_mixin.py:190} INFO - [2025-08-20T08:28:33.547+0000] {dag.py:4180} INFO - Setting next_dagrun for dataset_with_extra_by_context to 2025-08-19 00:00:00+00:00, run_after=2025-08-20 00:00:00+00:00
[2025-08-20T08:28:33.554+0000] {logging_mixin.py:190} INFO - [2025-08-20T08:28:33.554+0000] {dag.py:4180} INFO - Setting next_dagrun for dataset_with_extra_by_yield to 2025-08-19 00:00:00+00:00, run_after=2025-08-20 00:00:00+00:00
[2025-08-20T08:28:33.558+0000] {logging_mixin.py:190} INFO - [2025-08-20T08:28:33.557+0000] {dag.py:4180} INFO - Setting next_dagrun for dataset_with_extra_from_classic_operator to 2025-08-19 00:00:00+00:00, run_after=2025-08-20 00:00:00+00:00
[2025-08-20T08:28:33.585+0000] {processor.py:208} INFO - Processing /home/airflow/.local/lib/python3.12/site-packages/airflow/example_dags/example_outlet_event_extra.py took 0.313 seconds
[2025-08-20T08:29:03.730+0000] {processor.py:186} INFO - Started process (PID=405) to work on /home/airflow/.local/lib/python3.12/site-packages/airflow/example_dags/example_outlet_event_extra.py
[2025-08-20T08:29:03.731+0000] {processor.py:914} INFO - Processing file /home/airflow/.local/lib/python3.12/site-packages/airflow/example_dags/example_outlet_event_extra.py for tasks to queue
[2025-08-20T08:29:03.735+0000] {logging_mixin.py:190} INFO - [2025-08-20T08:29:03.734+0000] {dagbag.py:588} INFO - Filling up the DagBag from /home/airflow/.local/lib/python3.12/site-packages/airflow/example_dags/example_outlet_event_extra.py
[2025-08-20T08:29:03.990+0000] {processor.py:925} INFO - DAG(s) 'dataset_with_extra_from_classic_operator', 'dataset_with_extra_by_context', 'dataset_with_extra_by_yield' retrieved from /home/airflow/.local/lib/python3.12/site-packages/airflow/example_dags/example_outlet_event_extra.py
[2025-08-20T08:29:04.023+0000] {logging_mixin.py:190} INFO - [2025-08-20T08:29:04.023+0000] {dag.py:3239} INFO - Sync 3 DAGs
[2025-08-20T08:29:04.064+0000] {logging_mixin.py:190} INFO - [2025-08-20T08:29:04.064+0000] {dag.py:4180} INFO - Setting next_dagrun for dataset_with_extra_by_context to 2025-08-19 00:00:00+00:00, run_after=2025-08-20 00:00:00+00:00
[2025-08-20T08:29:04.071+0000] {logging_mixin.py:190} INFO - [2025-08-20T08:29:04.071+0000] {dag.py:4180} INFO - Setting next_dagrun for dataset_with_extra_by_yield to 2025-08-19 00:00:00+00:00, run_after=2025-08-20 00:00:00+00:00
[2025-08-20T08:29:04.074+0000] {logging_mixin.py:190} INFO - [2025-08-20T08:29:04.074+0000] {dag.py:4180} INFO - Setting next_dagrun for dataset_with_extra_from_classic_operator to 2025-08-19 00:00:00+00:00, run_after=2025-08-20 00:00:00+00:00
[2025-08-20T08:29:04.104+0000] {processor.py:208} INFO - Processing /home/airflow/.local/lib/python3.12/site-packages/airflow/example_dags/example_outlet_event_extra.py took 0.383 seconds
[2025-08-20T08:30:27.706+0000] {processor.py:186} INFO - Started process (PID=67) to work on /home/airflow/.local/lib/python3.12/site-packages/airflow/example_dags/example_outlet_event_extra.py
[2025-08-20T08:30:27.707+0000] {processor.py:914} INFO - Processing file /home/airflow/.local/lib/python3.12/site-packages/airflow/example_dags/example_outlet_event_extra.py for tasks to queue
[2025-08-20T08:30:27.711+0000] {logging_mixin.py:190} INFO - [2025-08-20T08:30:27.710+0000] {dagbag.py:588} INFO - Filling up the DagBag from /home/airflow/.local/lib/python3.12/site-packages/airflow/example_dags/example_outlet_event_extra.py
[2025-08-20T08:30:27.915+0000] {processor.py:925} INFO - DAG(s) 'dataset_with_extra_by_yield', 'dataset_with_extra_by_context', 'dataset_with_extra_from_classic_operator' retrieved from /home/airflow/.local/lib/python3.12/site-packages/airflow/example_dags/example_outlet_event_extra.py
[2025-08-20T08:30:27.946+0000] {logging_mixin.py:190} INFO - [2025-08-20T08:30:27.946+0000] {dag.py:3239} INFO - Sync 3 DAGs
[2025-08-20T08:30:27.990+0000] {logging_mixin.py:190} INFO - [2025-08-20T08:30:27.989+0000] {dag.py:4180} INFO - Setting next_dagrun for dataset_with_extra_by_context to 2025-08-19 00:00:00+00:00, run_after=2025-08-20 00:00:00+00:00
[2025-08-20T08:30:27.997+0000] {logging_mixin.py:190} INFO - [2025-08-20T08:30:27.997+0000] {dag.py:4180} INFO - Setting next_dagrun for dataset_with_extra_by_yield to 2025-08-19 00:00:00+00:00, run_after=2025-08-20 00:00:00+00:00
[2025-08-20T08:30:28.001+0000] {logging_mixin.py:190} INFO - [2025-08-20T08:30:28.001+0000] {dag.py:4180} INFO - Setting next_dagrun for dataset_with_extra_from_classic_operator to 2025-08-19 00:00:00+00:00, run_after=2025-08-20 00:00:00+00:00
[2025-08-20T08:30:28.144+0000] {processor.py:208} INFO - Processing /home/airflow/.local/lib/python3.12/site-packages/airflow/example_dags/example_outlet_event_extra.py took 0.448 seconds
[2025-08-20T08:31:00.100+0000] {processor.py:186} INFO - Started process (PID=123) to work on /home/airflow/.local/lib/python3.12/site-packages/airflow/example_dags/example_outlet_event_extra.py
[2025-08-20T08:31:00.101+0000] {processor.py:914} INFO - Processing file /home/airflow/.local/lib/python3.12/site-packages/airflow/example_dags/example_outlet_event_extra.py for tasks to queue
[2025-08-20T08:31:00.105+0000] {logging_mixin.py:190} INFO - [2025-08-20T08:31:00.105+0000] {dagbag.py:588} INFO - Filling up the DagBag from /home/airflow/.local/lib/python3.12/site-packages/airflow/example_dags/example_outlet_event_extra.py
[2025-08-20T08:31:00.305+0000] {processor.py:925} INFO - DAG(s) 'dataset_with_extra_from_classic_operator', 'dataset_with_extra_by_context', 'dataset_with_extra_by_yield' retrieved from /home/airflow/.local/lib/python3.12/site-packages/airflow/example_dags/example_outlet_event_extra.py
[2025-08-20T08:31:00.339+0000] {logging_mixin.py:190} INFO - [2025-08-20T08:31:00.338+0000] {dag.py:3239} INFO - Sync 3 DAGs
[2025-08-20T08:31:00.372+0000] {logging_mixin.py:190} INFO - [2025-08-20T08:31:00.371+0000] {dag.py:4180} INFO - Setting next_dagrun for dataset_with_extra_by_context to 2025-08-19 00:00:00+00:00, run_after=2025-08-20 00:00:00+00:00
[2025-08-20T08:31:00.378+0000] {logging_mixin.py:190} INFO - [2025-08-20T08:31:00.378+0000] {dag.py:4180} INFO - Setting next_dagrun for dataset_with_extra_by_yield to 2025-08-19 00:00:00+00:00, run_after=2025-08-20 00:00:00+00:00
[2025-08-20T08:31:00.381+0000] {logging_mixin.py:190} INFO - [2025-08-20T08:31:00.380+0000] {dag.py:4180} INFO - Setting next_dagrun for dataset_with_extra_from_classic_operator to 2025-08-19 00:00:00+00:00, run_after=2025-08-20 00:00:00+00:00
[2025-08-20T08:31:00.608+0000] {processor.py:208} INFO - Processing /home/airflow/.local/lib/python3.12/site-packages/airflow/example_dags/example_outlet_event_extra.py took 0.516 seconds
[2025-08-20T08:31:30.696+0000] {processor.py:186} INFO - Started process (PID=179) to work on /home/airflow/.local/lib/python3.12/site-packages/airflow/example_dags/example_outlet_event_extra.py
[2025-08-20T08:31:30.698+0000] {processor.py:914} INFO - Processing file /home/airflow/.local/lib/python3.12/site-packages/airflow/example_dags/example_outlet_event_extra.py for tasks to queue
[2025-08-20T08:31:30.702+0000] {logging_mixin.py:190} INFO - [2025-08-20T08:31:30.701+0000] {dagbag.py:588} INFO - Filling up the DagBag from /home/airflow/.local/lib/python3.12/site-packages/airflow/example_dags/example_outlet_event_extra.py
[2025-08-20T08:31:30.893+0000] {processor.py:925} INFO - DAG(s) 'dataset_with_extra_from_classic_operator', 'dataset_with_extra_by_yield', 'dataset_with_extra_by_context' retrieved from /home/airflow/.local/lib/python3.12/site-packages/airflow/example_dags/example_outlet_event_extra.py
[2025-08-20T08:31:30.931+0000] {logging_mixin.py:190} INFO - [2025-08-20T08:31:30.930+0000] {dag.py:3239} INFO - Sync 3 DAGs
[2025-08-20T08:31:30.966+0000] {logging_mixin.py:190} INFO - [2025-08-20T08:31:30.965+0000] {dag.py:4180} INFO - Setting next_dagrun for dataset_with_extra_by_context to 2025-08-19 00:00:00+00:00, run_after=2025-08-20 00:00:00+00:00
[2025-08-20T08:31:30.972+0000] {logging_mixin.py:190} INFO - [2025-08-20T08:31:30.971+0000] {dag.py:4180} INFO - Setting next_dagrun for dataset_with_extra_by_yield to 2025-08-19 00:00:00+00:00, run_after=2025-08-20 00:00:00+00:00
[2025-08-20T08:31:30.974+0000] {logging_mixin.py:190} INFO - [2025-08-20T08:31:30.974+0000] {dag.py:4180} INFO - Setting next_dagrun for dataset_with_extra_from_classic_operator to 2025-08-19 00:00:00+00:00, run_after=2025-08-20 00:00:00+00:00
[2025-08-20T08:31:30.998+0000] {processor.py:208} INFO - Processing /home/airflow/.local/lib/python3.12/site-packages/airflow/example_dags/example_outlet_event_extra.py took 0.310 seconds
[2025-08-20T08:32:20.339+0000] {processor.py:186} INFO - Started process (PID=68) to work on /home/airflow/.local/lib/python3.12/site-packages/airflow/example_dags/example_outlet_event_extra.py
[2025-08-20T08:32:20.341+0000] {processor.py:914} INFO - Processing file /home/airflow/.local/lib/python3.12/site-packages/airflow/example_dags/example_outlet_event_extra.py for tasks to queue
[2025-08-20T08:32:20.344+0000] {logging_mixin.py:190} INFO - [2025-08-20T08:32:20.344+0000] {dagbag.py:588} INFO - Filling up the DagBag from /home/airflow/.local/lib/python3.12/site-packages/airflow/example_dags/example_outlet_event_extra.py
[2025-08-20T08:32:20.538+0000] {processor.py:925} INFO - DAG(s) 'dataset_with_extra_from_classic_operator', 'dataset_with_extra_by_yield', 'dataset_with_extra_by_context' retrieved from /home/airflow/.local/lib/python3.12/site-packages/airflow/example_dags/example_outlet_event_extra.py
[2025-08-20T08:32:20.570+0000] {logging_mixin.py:190} INFO - [2025-08-20T08:32:20.569+0000] {dag.py:3239} INFO - Sync 3 DAGs
[2025-08-20T08:32:20.604+0000] {logging_mixin.py:190} INFO - [2025-08-20T08:32:20.604+0000] {dag.py:4180} INFO - Setting next_dagrun for dataset_with_extra_by_context to 2025-08-19 00:00:00+00:00, run_after=2025-08-20 00:00:00+00:00
[2025-08-20T08:32:20.610+0000] {logging_mixin.py:190} INFO - [2025-08-20T08:32:20.610+0000] {dag.py:4180} INFO - Setting next_dagrun for dataset_with_extra_by_yield to 2025-08-19 00:00:00+00:00, run_after=2025-08-20 00:00:00+00:00
[2025-08-20T08:32:20.613+0000] {logging_mixin.py:190} INFO - [2025-08-20T08:32:20.613+0000] {dag.py:4180} INFO - Setting next_dagrun for dataset_with_extra_from_classic_operator to 2025-08-19 00:00:00+00:00, run_after=2025-08-20 00:00:00+00:00
[2025-08-20T08:32:20.639+0000] {processor.py:208} INFO - Processing /home/airflow/.local/lib/python3.12/site-packages/airflow/example_dags/example_outlet_event_extra.py took 0.312 seconds
[2025-08-20T08:32:51.585+0000] {processor.py:186} INFO - Started process (PID=124) to work on /home/airflow/.local/lib/python3.12/site-packages/airflow/example_dags/example_outlet_event_extra.py
[2025-08-20T08:32:51.586+0000] {processor.py:914} INFO - Processing file /home/airflow/.local/lib/python3.12/site-packages/airflow/example_dags/example_outlet_event_extra.py for tasks to queue
[2025-08-20T08:32:51.591+0000] {logging_mixin.py:190} INFO - [2025-08-20T08:32:51.590+0000] {dagbag.py:588} INFO - Filling up the DagBag from /home/airflow/.local/lib/python3.12/site-packages/airflow/example_dags/example_outlet_event_extra.py
[2025-08-20T08:32:51.836+0000] {processor.py:925} INFO - DAG(s) 'dataset_with_extra_by_context', 'dataset_with_extra_by_yield', 'dataset_with_extra_from_classic_operator' retrieved from /home/airflow/.local/lib/python3.12/site-packages/airflow/example_dags/example_outlet_event_extra.py
[2025-08-20T08:32:51.873+0000] {logging_mixin.py:190} INFO - [2025-08-20T08:32:51.873+0000] {dag.py:3239} INFO - Sync 3 DAGs
[2025-08-20T08:32:51.909+0000] {logging_mixin.py:190} INFO - [2025-08-20T08:32:51.909+0000] {dag.py:4180} INFO - Setting next_dagrun for dataset_with_extra_by_context to 2025-08-19 00:00:00+00:00, run_after=2025-08-20 00:00:00+00:00
[2025-08-20T08:32:51.918+0000] {logging_mixin.py:190} INFO - [2025-08-20T08:32:51.917+0000] {dag.py:4180} INFO - Setting next_dagrun for dataset_with_extra_by_yield to 2025-08-19 00:00:00+00:00, run_after=2025-08-20 00:00:00+00:00
[2025-08-20T08:32:51.922+0000] {logging_mixin.py:190} INFO - [2025-08-20T08:32:51.921+0000] {dag.py:4180} INFO - Setting next_dagrun for dataset_with_extra_from_classic_operator to 2025-08-19 00:00:00+00:00, run_after=2025-08-20 00:00:00+00:00
[2025-08-20T08:32:52.018+0000] {processor.py:208} INFO - Processing /home/airflow/.local/lib/python3.12/site-packages/airflow/example_dags/example_outlet_event_extra.py took 0.444 seconds
[2025-08-20T08:33:22.804+0000] {processor.py:186} INFO - Started process (PID=181) to work on /home/airflow/.local/lib/python3.12/site-packages/airflow/example_dags/example_outlet_event_extra.py
[2025-08-20T08:33:22.805+0000] {processor.py:914} INFO - Processing file /home/airflow/.local/lib/python3.12/site-packages/airflow/example_dags/example_outlet_event_extra.py for tasks to queue
[2025-08-20T08:33:22.809+0000] {logging_mixin.py:190} INFO - [2025-08-20T08:33:22.809+0000] {dagbag.py:588} INFO - Filling up the DagBag from /home/airflow/.local/lib/python3.12/site-packages/airflow/example_dags/example_outlet_event_extra.py
[2025-08-20T08:33:23.023+0000] {processor.py:925} INFO - DAG(s) 'dataset_with_extra_from_classic_operator', 'dataset_with_extra_by_yield', 'dataset_with_extra_by_context' retrieved from /home/airflow/.local/lib/python3.12/site-packages/airflow/example_dags/example_outlet_event_extra.py
[2025-08-20T08:33:23.055+0000] {logging_mixin.py:190} INFO - [2025-08-20T08:33:23.054+0000] {dag.py:3239} INFO - Sync 3 DAGs
[2025-08-20T08:33:23.087+0000] {logging_mixin.py:190} INFO - [2025-08-20T08:33:23.087+0000] {dag.py:4180} INFO - Setting next_dagrun for dataset_with_extra_by_context to 2025-08-19 00:00:00+00:00, run_after=2025-08-20 00:00:00+00:00
[2025-08-20T08:33:23.095+0000] {logging_mixin.py:190} INFO - [2025-08-20T08:33:23.095+0000] {dag.py:4180} INFO - Setting next_dagrun for dataset_with_extra_by_yield to 2025-08-19 00:00:00+00:00, run_after=2025-08-20 00:00:00+00:00
[2025-08-20T08:33:23.100+0000] {logging_mixin.py:190} INFO - [2025-08-20T08:33:23.099+0000] {dag.py:4180} INFO - Setting next_dagrun for dataset_with_extra_from_classic_operator to 2025-08-19 00:00:00+00:00, run_after=2025-08-20 00:00:00+00:00
[2025-08-20T08:33:23.126+0000] {processor.py:208} INFO - Processing /home/airflow/.local/lib/python3.12/site-packages/airflow/example_dags/example_outlet_event_extra.py took 0.331 seconds
[2025-08-20T08:33:53.255+0000] {processor.py:186} INFO - Started process (PID=237) to work on /home/airflow/.local/lib/python3.12/site-packages/airflow/example_dags/example_outlet_event_extra.py
[2025-08-20T08:33:53.256+0000] {processor.py:914} INFO - Processing file /home/airflow/.local/lib/python3.12/site-packages/airflow/example_dags/example_outlet_event_extra.py for tasks to queue
[2025-08-20T08:33:53.260+0000] {logging_mixin.py:190} INFO - [2025-08-20T08:33:53.259+0000] {dagbag.py:588} INFO - Filling up the DagBag from /home/airflow/.local/lib/python3.12/site-packages/airflow/example_dags/example_outlet_event_extra.py
[2025-08-20T08:33:53.449+0000] {processor.py:925} INFO - DAG(s) 'dataset_with_extra_by_context', 'dataset_with_extra_from_classic_operator', 'dataset_with_extra_by_yield' retrieved from /home/airflow/.local/lib/python3.12/site-packages/airflow/example_dags/example_outlet_event_extra.py
[2025-08-20T08:33:53.477+0000] {logging_mixin.py:190} INFO - [2025-08-20T08:33:53.477+0000] {dag.py:3239} INFO - Sync 3 DAGs
[2025-08-20T08:33:53.508+0000] {logging_mixin.py:190} INFO - [2025-08-20T08:33:53.507+0000] {dag.py:4180} INFO - Setting next_dagrun for dataset_with_extra_by_context to 2025-08-19 00:00:00+00:00, run_after=2025-08-20 00:00:00+00:00
[2025-08-20T08:33:53.513+0000] {logging_mixin.py:190} INFO - [2025-08-20T08:33:53.513+0000] {dag.py:4180} INFO - Setting next_dagrun for dataset_with_extra_by_yield to 2025-08-19 00:00:00+00:00, run_after=2025-08-20 00:00:00+00:00
[2025-08-20T08:33:53.516+0000] {logging_mixin.py:190} INFO - [2025-08-20T08:33:53.516+0000] {dag.py:4180} INFO - Setting next_dagrun for dataset_with_extra_from_classic_operator to 2025-08-19 00:00:00+00:00, run_after=2025-08-20 00:00:00+00:00
[2025-08-20T08:33:53.540+0000] {processor.py:208} INFO - Processing /home/airflow/.local/lib/python3.12/site-packages/airflow/example_dags/example_outlet_event_extra.py took 0.293 seconds
[2025-08-20T08:34:23.721+0000] {processor.py:186} INFO - Started process (PID=293) to work on /home/airflow/.local/lib/python3.12/site-packages/airflow/example_dags/example_outlet_event_extra.py
[2025-08-20T08:34:23.723+0000] {processor.py:914} INFO - Processing file /home/airflow/.local/lib/python3.12/site-packages/airflow/example_dags/example_outlet_event_extra.py for tasks to queue
[2025-08-20T08:34:23.726+0000] {logging_mixin.py:190} INFO - [2025-08-20T08:34:23.726+0000] {dagbag.py:588} INFO - Filling up the DagBag from /home/airflow/.local/lib/python3.12/site-packages/airflow/example_dags/example_outlet_event_extra.py
[2025-08-20T08:34:23.913+0000] {processor.py:925} INFO - DAG(s) 'dataset_with_extra_by_context', 'dataset_with_extra_by_yield', 'dataset_with_extra_from_classic_operator' retrieved from /home/airflow/.local/lib/python3.12/site-packages/airflow/example_dags/example_outlet_event_extra.py
[2025-08-20T08:34:23.950+0000] {logging_mixin.py:190} INFO - [2025-08-20T08:34:23.950+0000] {dag.py:3239} INFO - Sync 3 DAGs
[2025-08-20T08:34:23.981+0000] {logging_mixin.py:190} INFO - [2025-08-20T08:34:23.981+0000] {dag.py:4180} INFO - Setting next_dagrun for dataset_with_extra_by_context to 2025-08-19 00:00:00+00:00, run_after=2025-08-20 00:00:00+00:00
[2025-08-20T08:34:23.986+0000] {logging_mixin.py:190} INFO - [2025-08-20T08:34:23.986+0000] {dag.py:4180} INFO - Setting next_dagrun for dataset_with_extra_by_yield to 2025-08-19 00:00:00+00:00, run_after=2025-08-20 00:00:00+00:00
[2025-08-20T08:34:23.989+0000] {logging_mixin.py:190} INFO - [2025-08-20T08:34:23.989+0000] {dag.py:4180} INFO - Setting next_dagrun for dataset_with_extra_from_classic_operator to 2025-08-19 00:00:00+00:00, run_after=2025-08-20 00:00:00+00:00
[2025-08-20T08:34:24.013+0000] {processor.py:208} INFO - Processing /home/airflow/.local/lib/python3.12/site-packages/airflow/example_dags/example_outlet_event_extra.py took 0.299 seconds
[2025-08-20T08:34:54.667+0000] {processor.py:186} INFO - Started process (PID=349) to work on /home/airflow/.local/lib/python3.12/site-packages/airflow/example_dags/example_outlet_event_extra.py
[2025-08-20T08:34:54.669+0000] {processor.py:914} INFO - Processing file /home/airflow/.local/lib/python3.12/site-packages/airflow/example_dags/example_outlet_event_extra.py for tasks to queue
[2025-08-20T08:34:54.672+0000] {logging_mixin.py:190} INFO - [2025-08-20T08:34:54.672+0000] {dagbag.py:588} INFO - Filling up the DagBag from /home/airflow/.local/lib/python3.12/site-packages/airflow/example_dags/example_outlet_event_extra.py
[2025-08-20T08:34:54.856+0000] {processor.py:925} INFO - DAG(s) 'dataset_with_extra_from_classic_operator', 'dataset_with_extra_by_yield', 'dataset_with_extra_by_context' retrieved from /home/airflow/.local/lib/python3.12/site-packages/airflow/example_dags/example_outlet_event_extra.py
[2025-08-20T08:34:54.886+0000] {logging_mixin.py:190} INFO - [2025-08-20T08:34:54.885+0000] {dag.py:3239} INFO - Sync 3 DAGs
[2025-08-20T08:34:54.920+0000] {logging_mixin.py:190} INFO - [2025-08-20T08:34:54.920+0000] {dag.py:4180} INFO - Setting next_dagrun for dataset_with_extra_by_context to 2025-08-19 00:00:00+00:00, run_after=2025-08-20 00:00:00+00:00
[2025-08-20T08:34:54.926+0000] {logging_mixin.py:190} INFO - [2025-08-20T08:34:54.925+0000] {dag.py:4180} INFO - Setting next_dagrun for dataset_with_extra_by_yield to 2025-08-19 00:00:00+00:00, run_after=2025-08-20 00:00:00+00:00
[2025-08-20T08:34:54.928+0000] {logging_mixin.py:190} INFO - [2025-08-20T08:34:54.928+0000] {dag.py:4180} INFO - Setting next_dagrun for dataset_with_extra_from_classic_operator to 2025-08-19 00:00:00+00:00, run_after=2025-08-20 00:00:00+00:00
[2025-08-20T08:34:54.951+0000] {processor.py:208} INFO - Processing /home/airflow/.local/lib/python3.12/site-packages/airflow/example_dags/example_outlet_event_extra.py took 0.293 seconds
[2025-08-20T08:35:25.386+0000] {processor.py:186} INFO - Started process (PID=405) to work on /home/airflow/.local/lib/python3.12/site-packages/airflow/example_dags/example_outlet_event_extra.py
[2025-08-20T08:35:25.388+0000] {processor.py:914} INFO - Processing file /home/airflow/.local/lib/python3.12/site-packages/airflow/example_dags/example_outlet_event_extra.py for tasks to queue
[2025-08-20T08:35:25.391+0000] {logging_mixin.py:190} INFO - [2025-08-20T08:35:25.391+0000] {dagbag.py:588} INFO - Filling up the DagBag from /home/airflow/.local/lib/python3.12/site-packages/airflow/example_dags/example_outlet_event_extra.py
[2025-08-20T08:35:25.577+0000] {processor.py:925} INFO - DAG(s) 'dataset_with_extra_from_classic_operator', 'dataset_with_extra_by_context', 'dataset_with_extra_by_yield' retrieved from /home/airflow/.local/lib/python3.12/site-packages/airflow/example_dags/example_outlet_event_extra.py
[2025-08-20T08:35:25.606+0000] {logging_mixin.py:190} INFO - [2025-08-20T08:35:25.606+0000] {dag.py:3239} INFO - Sync 3 DAGs
[2025-08-20T08:35:25.642+0000] {logging_mixin.py:190} INFO - [2025-08-20T08:35:25.641+0000] {dag.py:4180} INFO - Setting next_dagrun for dataset_with_extra_by_context to 2025-08-19 00:00:00+00:00, run_after=2025-08-20 00:00:00+00:00
[2025-08-20T08:35:25.650+0000] {logging_mixin.py:190} INFO - [2025-08-20T08:35:25.649+0000] {dag.py:4180} INFO - Setting next_dagrun for dataset_with_extra_by_yield to 2025-08-19 00:00:00+00:00, run_after=2025-08-20 00:00:00+00:00
[2025-08-20T08:35:25.653+0000] {logging_mixin.py:190} INFO - [2025-08-20T08:35:25.652+0000] {dag.py:4180} INFO - Setting next_dagrun for dataset_with_extra_from_classic_operator to 2025-08-19 00:00:00+00:00, run_after=2025-08-20 00:00:00+00:00
[2025-08-20T08:35:25.676+0000] {processor.py:208} INFO - Processing /home/airflow/.local/lib/python3.12/site-packages/airflow/example_dags/example_outlet_event_extra.py took 0.298 seconds
[2025-08-20T08:36:43.449+0000] {processor.py:186} INFO - Started process (PID=68) to work on /home/airflow/.local/lib/python3.12/site-packages/airflow/example_dags/example_outlet_event_extra.py
[2025-08-20T08:36:43.450+0000] {processor.py:914} INFO - Processing file /home/airflow/.local/lib/python3.12/site-packages/airflow/example_dags/example_outlet_event_extra.py for tasks to queue
[2025-08-20T08:36:43.453+0000] {logging_mixin.py:190} INFO - [2025-08-20T08:36:43.453+0000] {dagbag.py:588} INFO - Filling up the DagBag from /home/airflow/.local/lib/python3.12/site-packages/airflow/example_dags/example_outlet_event_extra.py
[2025-08-20T08:36:43.645+0000] {processor.py:925} INFO - DAG(s) 'dataset_with_extra_by_yield', 'dataset_with_extra_from_classic_operator', 'dataset_with_extra_by_context' retrieved from /home/airflow/.local/lib/python3.12/site-packages/airflow/example_dags/example_outlet_event_extra.py
[2025-08-20T08:36:43.676+0000] {logging_mixin.py:190} INFO - [2025-08-20T08:36:43.676+0000] {dag.py:3239} INFO - Sync 3 DAGs
[2025-08-20T08:36:43.709+0000] {logging_mixin.py:190} INFO - [2025-08-20T08:36:43.708+0000] {dag.py:4180} INFO - Setting next_dagrun for dataset_with_extra_by_context to 2025-08-19 00:00:00+00:00, run_after=2025-08-20 00:00:00+00:00
[2025-08-20T08:36:43.791+0000] {logging_mixin.py:190} INFO - [2025-08-20T08:36:43.791+0000] {dag.py:4180} INFO - Setting next_dagrun for dataset_with_extra_by_yield to 2025-08-19 00:00:00+00:00, run_after=2025-08-20 00:00:00+00:00
[2025-08-20T08:36:43.794+0000] {logging_mixin.py:190} INFO - [2025-08-20T08:36:43.794+0000] {dag.py:4180} INFO - Setting next_dagrun for dataset_with_extra_from_classic_operator to 2025-08-19 00:00:00+00:00, run_after=2025-08-20 00:00:00+00:00
[2025-08-20T08:36:43.873+0000] {processor.py:208} INFO - Processing /home/airflow/.local/lib/python3.12/site-packages/airflow/example_dags/example_outlet_event_extra.py took 0.432 seconds
[2025-08-20T08:37:14.410+0000] {processor.py:186} INFO - Started process (PID=124) to work on /home/airflow/.local/lib/python3.12/site-packages/airflow/example_dags/example_outlet_event_extra.py
[2025-08-20T08:37:14.411+0000] {processor.py:914} INFO - Processing file /home/airflow/.local/lib/python3.12/site-packages/airflow/example_dags/example_outlet_event_extra.py for tasks to queue
[2025-08-20T08:37:14.415+0000] {logging_mixin.py:190} INFO - [2025-08-20T08:37:14.414+0000] {dagbag.py:588} INFO - Filling up the DagBag from /home/airflow/.local/lib/python3.12/site-packages/airflow/example_dags/example_outlet_event_extra.py
[2025-08-20T08:37:14.601+0000] {processor.py:925} INFO - DAG(s) 'dataset_with_extra_from_classic_operator', 'dataset_with_extra_by_yield', 'dataset_with_extra_by_context' retrieved from /home/airflow/.local/lib/python3.12/site-packages/airflow/example_dags/example_outlet_event_extra.py
[2025-08-20T08:37:14.633+0000] {logging_mixin.py:190} INFO - [2025-08-20T08:37:14.633+0000] {dag.py:3239} INFO - Sync 3 DAGs
[2025-08-20T08:37:14.669+0000] {logging_mixin.py:190} INFO - [2025-08-20T08:37:14.668+0000] {dag.py:4180} INFO - Setting next_dagrun for dataset_with_extra_by_context to 2025-08-19 00:00:00+00:00, run_after=2025-08-20 00:00:00+00:00
[2025-08-20T08:37:14.674+0000] {logging_mixin.py:190} INFO - [2025-08-20T08:37:14.674+0000] {dag.py:4180} INFO - Setting next_dagrun for dataset_with_extra_by_yield to 2025-08-19 00:00:00+00:00, run_after=2025-08-20 00:00:00+00:00
[2025-08-20T08:37:14.677+0000] {logging_mixin.py:190} INFO - [2025-08-20T08:37:14.676+0000] {dag.py:4180} INFO - Setting next_dagrun for dataset_with_extra_from_classic_operator to 2025-08-19 00:00:00+00:00, run_after=2025-08-20 00:00:00+00:00
[2025-08-20T08:37:14.903+0000] {processor.py:208} INFO - Processing /home/airflow/.local/lib/python3.12/site-packages/airflow/example_dags/example_outlet_event_extra.py took 0.501 seconds
[2025-08-20T08:37:45.069+0000] {processor.py:186} INFO - Started process (PID=180) to work on /home/airflow/.local/lib/python3.12/site-packages/airflow/example_dags/example_outlet_event_extra.py
[2025-08-20T08:37:45.071+0000] {processor.py:914} INFO - Processing file /home/airflow/.local/lib/python3.12/site-packages/airflow/example_dags/example_outlet_event_extra.py for tasks to queue
[2025-08-20T08:37:45.074+0000] {logging_mixin.py:190} INFO - [2025-08-20T08:37:45.074+0000] {dagbag.py:588} INFO - Filling up the DagBag from /home/airflow/.local/lib/python3.12/site-packages/airflow/example_dags/example_outlet_event_extra.py
[2025-08-20T08:37:45.288+0000] {processor.py:925} INFO - DAG(s) 'dataset_with_extra_by_context', 'dataset_with_extra_by_yield', 'dataset_with_extra_from_classic_operator' retrieved from /home/airflow/.local/lib/python3.12/site-packages/airflow/example_dags/example_outlet_event_extra.py
[2025-08-20T08:37:45.321+0000] {logging_mixin.py:190} INFO - [2025-08-20T08:37:45.321+0000] {dag.py:3239} INFO - Sync 3 DAGs
[2025-08-20T08:37:45.357+0000] {logging_mixin.py:190} INFO - [2025-08-20T08:37:45.357+0000] {dag.py:4180} INFO - Setting next_dagrun for dataset_with_extra_by_context to 2025-08-19 00:00:00+00:00, run_after=2025-08-20 00:00:00+00:00
[2025-08-20T08:37:45.364+0000] {logging_mixin.py:190} INFO - [2025-08-20T08:37:45.363+0000] {dag.py:4180} INFO - Setting next_dagrun for dataset_with_extra_by_yield to 2025-08-19 00:00:00+00:00, run_after=2025-08-20 00:00:00+00:00
[2025-08-20T08:37:45.367+0000] {logging_mixin.py:190} INFO - [2025-08-20T08:37:45.366+0000] {dag.py:4180} INFO - Setting next_dagrun for dataset_with_extra_from_classic_operator to 2025-08-19 00:00:00+00:00, run_after=2025-08-20 00:00:00+00:00
[2025-08-20T08:37:45.397+0000] {processor.py:208} INFO - Processing /home/airflow/.local/lib/python3.12/site-packages/airflow/example_dags/example_outlet_event_extra.py took 0.336 seconds
[2025-08-20T08:38:15.818+0000] {processor.py:186} INFO - Started process (PID=236) to work on /home/airflow/.local/lib/python3.12/site-packages/airflow/example_dags/example_outlet_event_extra.py
[2025-08-20T08:38:15.819+0000] {processor.py:914} INFO - Processing file /home/airflow/.local/lib/python3.12/site-packages/airflow/example_dags/example_outlet_event_extra.py for tasks to queue
[2025-08-20T08:38:15.823+0000] {logging_mixin.py:190} INFO - [2025-08-20T08:38:15.823+0000] {dagbag.py:588} INFO - Filling up the DagBag from /home/airflow/.local/lib/python3.12/site-packages/airflow/example_dags/example_outlet_event_extra.py
[2025-08-20T08:38:16.019+0000] {processor.py:925} INFO - DAG(s) 'dataset_with_extra_by_yield', 'dataset_with_extra_from_classic_operator', 'dataset_with_extra_by_context' retrieved from /home/airflow/.local/lib/python3.12/site-packages/airflow/example_dags/example_outlet_event_extra.py
[2025-08-20T08:38:16.050+0000] {logging_mixin.py:190} INFO - [2025-08-20T08:38:16.050+0000] {dag.py:3239} INFO - Sync 3 DAGs
[2025-08-20T08:38:16.082+0000] {logging_mixin.py:190} INFO - [2025-08-20T08:38:16.082+0000] {dag.py:4180} INFO - Setting next_dagrun for dataset_with_extra_by_context to 2025-08-19 00:00:00+00:00, run_after=2025-08-20 00:00:00+00:00
[2025-08-20T08:38:16.088+0000] {logging_mixin.py:190} INFO - [2025-08-20T08:38:16.088+0000] {dag.py:4180} INFO - Setting next_dagrun for dataset_with_extra_by_yield to 2025-08-19 00:00:00+00:00, run_after=2025-08-20 00:00:00+00:00
[2025-08-20T08:38:16.093+0000] {logging_mixin.py:190} INFO - [2025-08-20T08:38:16.092+0000] {dag.py:4180} INFO - Setting next_dagrun for dataset_with_extra_from_classic_operator to 2025-08-19 00:00:00+00:00, run_after=2025-08-20 00:00:00+00:00
[2025-08-20T08:38:16.118+0000] {processor.py:208} INFO - Processing /home/airflow/.local/lib/python3.12/site-packages/airflow/example_dags/example_outlet_event_extra.py took 0.309 seconds
[2025-08-20T08:38:46.367+0000] {processor.py:186} INFO - Started process (PID=292) to work on /home/airflow/.local/lib/python3.12/site-packages/airflow/example_dags/example_outlet_event_extra.py
[2025-08-20T08:38:46.369+0000] {processor.py:914} INFO - Processing file /home/airflow/.local/lib/python3.12/site-packages/airflow/example_dags/example_outlet_event_extra.py for tasks to queue
[2025-08-20T08:38:46.372+0000] {logging_mixin.py:190} INFO - [2025-08-20T08:38:46.372+0000] {dagbag.py:588} INFO - Filling up the DagBag from /home/airflow/.local/lib/python3.12/site-packages/airflow/example_dags/example_outlet_event_extra.py
[2025-08-20T08:38:46.561+0000] {processor.py:925} INFO - DAG(s) 'dataset_with_extra_from_classic_operator', 'dataset_with_extra_by_context', 'dataset_with_extra_by_yield' retrieved from /home/airflow/.local/lib/python3.12/site-packages/airflow/example_dags/example_outlet_event_extra.py
[2025-08-20T08:38:46.590+0000] {logging_mixin.py:190} INFO - [2025-08-20T08:38:46.590+0000] {dag.py:3239} INFO - Sync 3 DAGs
[2025-08-20T08:38:46.622+0000] {logging_mixin.py:190} INFO - [2025-08-20T08:38:46.621+0000] {dag.py:4180} INFO - Setting next_dagrun for dataset_with_extra_by_context to 2025-08-19 00:00:00+00:00, run_after=2025-08-20 00:00:00+00:00
[2025-08-20T08:38:46.627+0000] {logging_mixin.py:190} INFO - [2025-08-20T08:38:46.627+0000] {dag.py:4180} INFO - Setting next_dagrun for dataset_with_extra_by_yield to 2025-08-19 00:00:00+00:00, run_after=2025-08-20 00:00:00+00:00
[2025-08-20T08:38:46.630+0000] {logging_mixin.py:190} INFO - [2025-08-20T08:38:46.630+0000] {dag.py:4180} INFO - Setting next_dagrun for dataset_with_extra_from_classic_operator to 2025-08-19 00:00:00+00:00, run_after=2025-08-20 00:00:00+00:00
[2025-08-20T08:38:46.655+0000] {processor.py:208} INFO - Processing /home/airflow/.local/lib/python3.12/site-packages/airflow/example_dags/example_outlet_event_extra.py took 0.296 seconds
[2025-08-20T08:39:16.944+0000] {processor.py:186} INFO - Started process (PID=348) to work on /home/airflow/.local/lib/python3.12/site-packages/airflow/example_dags/example_outlet_event_extra.py
[2025-08-20T08:39:16.945+0000] {processor.py:914} INFO - Processing file /home/airflow/.local/lib/python3.12/site-packages/airflow/example_dags/example_outlet_event_extra.py for tasks to queue
[2025-08-20T08:39:16.949+0000] {logging_mixin.py:190} INFO - [2025-08-20T08:39:16.948+0000] {dagbag.py:588} INFO - Filling up the DagBag from /home/airflow/.local/lib/python3.12/site-packages/airflow/example_dags/example_outlet_event_extra.py
[2025-08-20T08:39:17.133+0000] {processor.py:925} INFO - DAG(s) 'dataset_with_extra_by_yield', 'dataset_with_extra_by_context', 'dataset_with_extra_from_classic_operator' retrieved from /home/airflow/.local/lib/python3.12/site-packages/airflow/example_dags/example_outlet_event_extra.py
[2025-08-20T08:39:17.161+0000] {logging_mixin.py:190} INFO - [2025-08-20T08:39:17.161+0000] {dag.py:3239} INFO - Sync 3 DAGs
[2025-08-20T08:39:17.192+0000] {logging_mixin.py:190} INFO - [2025-08-20T08:39:17.191+0000] {dag.py:4180} INFO - Setting next_dagrun for dataset_with_extra_by_context to 2025-08-19 00:00:00+00:00, run_after=2025-08-20 00:00:00+00:00
[2025-08-20T08:39:17.197+0000] {logging_mixin.py:190} INFO - [2025-08-20T08:39:17.197+0000] {dag.py:4180} INFO - Setting next_dagrun for dataset_with_extra_by_yield to 2025-08-19 00:00:00+00:00, run_after=2025-08-20 00:00:00+00:00
[2025-08-20T08:39:17.200+0000] {logging_mixin.py:190} INFO - [2025-08-20T08:39:17.200+0000] {dag.py:4180} INFO - Setting next_dagrun for dataset_with_extra_from_classic_operator to 2025-08-19 00:00:00+00:00, run_after=2025-08-20 00:00:00+00:00
[2025-08-20T08:39:17.222+0000] {processor.py:208} INFO - Processing /home/airflow/.local/lib/python3.12/site-packages/airflow/example_dags/example_outlet_event_extra.py took 0.286 seconds
[2025-08-20T08:40:57.077+0000] {processor.py:186} INFO - Started process (PID=68) to work on /home/airflow/.local/lib/python3.12/site-packages/airflow/example_dags/example_outlet_event_extra.py
[2025-08-20T08:40:57.079+0000] {processor.py:914} INFO - Processing file /home/airflow/.local/lib/python3.12/site-packages/airflow/example_dags/example_outlet_event_extra.py for tasks to queue
[2025-08-20T08:40:57.082+0000] {logging_mixin.py:190} INFO - [2025-08-20T08:40:57.081+0000] {dagbag.py:588} INFO - Filling up the DagBag from /home/airflow/.local/lib/python3.12/site-packages/airflow/example_dags/example_outlet_event_extra.py
[2025-08-20T08:40:57.275+0000] {processor.py:925} INFO - DAG(s) 'dataset_with_extra_by_yield', 'dataset_with_extra_from_classic_operator', 'dataset_with_extra_by_context' retrieved from /home/airflow/.local/lib/python3.12/site-packages/airflow/example_dags/example_outlet_event_extra.py
[2025-08-20T08:40:57.304+0000] {logging_mixin.py:190} INFO - [2025-08-20T08:40:57.304+0000] {dag.py:3239} INFO - Sync 3 DAGs
[2025-08-20T08:40:57.338+0000] {logging_mixin.py:190} INFO - [2025-08-20T08:40:57.337+0000] {dag.py:4180} INFO - Setting next_dagrun for dataset_with_extra_by_context to 2025-08-19 00:00:00+00:00, run_after=2025-08-20 00:00:00+00:00
[2025-08-20T08:40:57.343+0000] {logging_mixin.py:190} INFO - [2025-08-20T08:40:57.343+0000] {dag.py:4180} INFO - Setting next_dagrun for dataset_with_extra_by_yield to 2025-08-19 00:00:00+00:00, run_after=2025-08-20 00:00:00+00:00
[2025-08-20T08:40:57.346+0000] {logging_mixin.py:190} INFO - [2025-08-20T08:40:57.346+0000] {dag.py:4180} INFO - Setting next_dagrun for dataset_with_extra_from_classic_operator to 2025-08-19 00:00:00+00:00, run_after=2025-08-20 00:00:00+00:00
[2025-08-20T08:40:57.679+0000] {processor.py:208} INFO - Processing /home/airflow/.local/lib/python3.12/site-packages/airflow/example_dags/example_outlet_event_extra.py took 0.609 seconds
[2025-08-20T08:41:28.466+0000] {processor.py:186} INFO - Started process (PID=124) to work on /home/airflow/.local/lib/python3.12/site-packages/airflow/example_dags/example_outlet_event_extra.py
[2025-08-20T08:41:28.468+0000] {processor.py:914} INFO - Processing file /home/airflow/.local/lib/python3.12/site-packages/airflow/example_dags/example_outlet_event_extra.py for tasks to queue
[2025-08-20T08:41:28.471+0000] {logging_mixin.py:190} INFO - [2025-08-20T08:41:28.470+0000] {dagbag.py:588} INFO - Filling up the DagBag from /home/airflow/.local/lib/python3.12/site-packages/airflow/example_dags/example_outlet_event_extra.py
[2025-08-20T08:41:28.658+0000] {processor.py:925} INFO - DAG(s) 'dataset_with_extra_by_context', 'dataset_with_extra_by_yield', 'dataset_with_extra_from_classic_operator' retrieved from /home/airflow/.local/lib/python3.12/site-packages/airflow/example_dags/example_outlet_event_extra.py
[2025-08-20T08:41:28.688+0000] {logging_mixin.py:190} INFO - [2025-08-20T08:41:28.687+0000] {dag.py:3239} INFO - Sync 3 DAGs
[2025-08-20T08:41:28.721+0000] {logging_mixin.py:190} INFO - [2025-08-20T08:41:28.721+0000] {dag.py:4180} INFO - Setting next_dagrun for dataset_with_extra_by_context to 2025-08-19 00:00:00+00:00, run_after=2025-08-20 00:00:00+00:00
[2025-08-20T08:41:28.727+0000] {logging_mixin.py:190} INFO - [2025-08-20T08:41:28.727+0000] {dag.py:4180} INFO - Setting next_dagrun for dataset_with_extra_by_yield to 2025-08-19 00:00:00+00:00, run_after=2025-08-20 00:00:00+00:00
[2025-08-20T08:41:28.730+0000] {logging_mixin.py:190} INFO - [2025-08-20T08:41:28.730+0000] {dag.py:4180} INFO - Setting next_dagrun for dataset_with_extra_from_classic_operator to 2025-08-19 00:00:00+00:00, run_after=2025-08-20 00:00:00+00:00
[2025-08-20T08:41:29.002+0000] {processor.py:208} INFO - Processing /home/airflow/.local/lib/python3.12/site-packages/airflow/example_dags/example_outlet_event_extra.py took 0.544 seconds
[2025-08-20T08:41:59.426+0000] {processor.py:186} INFO - Started process (PID=180) to work on /home/airflow/.local/lib/python3.12/site-packages/airflow/example_dags/example_outlet_event_extra.py
[2025-08-20T08:41:59.427+0000] {processor.py:914} INFO - Processing file /home/airflow/.local/lib/python3.12/site-packages/airflow/example_dags/example_outlet_event_extra.py for tasks to queue
[2025-08-20T08:41:59.431+0000] {logging_mixin.py:190} INFO - [2025-08-20T08:41:59.431+0000] {dagbag.py:588} INFO - Filling up the DagBag from /home/airflow/.local/lib/python3.12/site-packages/airflow/example_dags/example_outlet_event_extra.py
[2025-08-20T08:41:59.616+0000] {processor.py:925} INFO - DAG(s) 'dataset_with_extra_by_yield', 'dataset_with_extra_from_classic_operator', 'dataset_with_extra_by_context' retrieved from /home/airflow/.local/lib/python3.12/site-packages/airflow/example_dags/example_outlet_event_extra.py
[2025-08-20T08:41:59.645+0000] {logging_mixin.py:190} INFO - [2025-08-20T08:41:59.645+0000] {dag.py:3239} INFO - Sync 3 DAGs
[2025-08-20T08:41:59.677+0000] {logging_mixin.py:190} INFO - [2025-08-20T08:41:59.677+0000] {dag.py:4180} INFO - Setting next_dagrun for dataset_with_extra_by_context to 2025-08-19 00:00:00+00:00, run_after=2025-08-20 00:00:00+00:00
[2025-08-20T08:41:59.683+0000] {logging_mixin.py:190} INFO - [2025-08-20T08:41:59.682+0000] {dag.py:4180} INFO - Setting next_dagrun for dataset_with_extra_by_yield to 2025-08-19 00:00:00+00:00, run_after=2025-08-20 00:00:00+00:00
[2025-08-20T08:41:59.686+0000] {logging_mixin.py:190} INFO - [2025-08-20T08:41:59.685+0000] {dag.py:4180} INFO - Setting next_dagrun for dataset_with_extra_from_classic_operator to 2025-08-19 00:00:00+00:00, run_after=2025-08-20 00:00:00+00:00
[2025-08-20T08:41:59.710+0000] {processor.py:208} INFO - Processing /home/airflow/.local/lib/python3.12/site-packages/airflow/example_dags/example_outlet_event_extra.py took 0.292 seconds
[2025-08-20T08:42:29.928+0000] {processor.py:186} INFO - Started process (PID=236) to work on /home/airflow/.local/lib/python3.12/site-packages/airflow/example_dags/example_outlet_event_extra.py
[2025-08-20T08:42:29.929+0000] {processor.py:914} INFO - Processing file /home/airflow/.local/lib/python3.12/site-packages/airflow/example_dags/example_outlet_event_extra.py for tasks to queue
[2025-08-20T08:42:29.932+0000] {logging_mixin.py:190} INFO - [2025-08-20T08:42:29.932+0000] {dagbag.py:588} INFO - Filling up the DagBag from /home/airflow/.local/lib/python3.12/site-packages/airflow/example_dags/example_outlet_event_extra.py
[2025-08-20T08:42:30.124+0000] {processor.py:925} INFO - DAG(s) 'dataset_with_extra_from_classic_operator', 'dataset_with_extra_by_context', 'dataset_with_extra_by_yield' retrieved from /home/airflow/.local/lib/python3.12/site-packages/airflow/example_dags/example_outlet_event_extra.py
[2025-08-20T08:42:30.158+0000] {logging_mixin.py:190} INFO - [2025-08-20T08:42:30.158+0000] {dag.py:3239} INFO - Sync 3 DAGs
[2025-08-20T08:42:30.189+0000] {logging_mixin.py:190} INFO - [2025-08-20T08:42:30.189+0000] {dag.py:4180} INFO - Setting next_dagrun for dataset_with_extra_by_context to 2025-08-19 00:00:00+00:00, run_after=2025-08-20 00:00:00+00:00
[2025-08-20T08:42:30.195+0000] {logging_mixin.py:190} INFO - [2025-08-20T08:42:30.194+0000] {dag.py:4180} INFO - Setting next_dagrun for dataset_with_extra_by_yield to 2025-08-19 00:00:00+00:00, run_after=2025-08-20 00:00:00+00:00
[2025-08-20T08:42:30.197+0000] {logging_mixin.py:190} INFO - [2025-08-20T08:42:30.197+0000] {dag.py:4180} INFO - Setting next_dagrun for dataset_with_extra_from_classic_operator to 2025-08-19 00:00:00+00:00, run_after=2025-08-20 00:00:00+00:00
[2025-08-20T08:42:30.221+0000] {processor.py:208} INFO - Processing /home/airflow/.local/lib/python3.12/site-packages/airflow/example_dags/example_outlet_event_extra.py took 0.302 seconds
[2025-08-20T08:43:00.512+0000] {processor.py:186} INFO - Started process (PID=292) to work on /home/airflow/.local/lib/python3.12/site-packages/airflow/example_dags/example_outlet_event_extra.py
[2025-08-20T08:43:00.514+0000] {processor.py:914} INFO - Processing file /home/airflow/.local/lib/python3.12/site-packages/airflow/example_dags/example_outlet_event_extra.py for tasks to queue
[2025-08-20T08:43:00.517+0000] {logging_mixin.py:190} INFO - [2025-08-20T08:43:00.517+0000] {dagbag.py:588} INFO - Filling up the DagBag from /home/airflow/.local/lib/python3.12/site-packages/airflow/example_dags/example_outlet_event_extra.py
[2025-08-20T08:43:00.732+0000] {processor.py:925} INFO - DAG(s) 'dataset_with_extra_by_context', 'dataset_with_extra_by_yield', 'dataset_with_extra_from_classic_operator' retrieved from /home/airflow/.local/lib/python3.12/site-packages/airflow/example_dags/example_outlet_event_extra.py
[2025-08-20T08:43:00.766+0000] {logging_mixin.py:190} INFO - [2025-08-20T08:43:00.766+0000] {dag.py:3239} INFO - Sync 3 DAGs
[2025-08-20T08:43:00.804+0000] {logging_mixin.py:190} INFO - [2025-08-20T08:43:00.804+0000] {dag.py:4180} INFO - Setting next_dagrun for dataset_with_extra_by_context to 2025-08-19 00:00:00+00:00, run_after=2025-08-20 00:00:00+00:00
[2025-08-20T08:43:00.810+0000] {logging_mixin.py:190} INFO - [2025-08-20T08:43:00.810+0000] {dag.py:4180} INFO - Setting next_dagrun for dataset_with_extra_by_yield to 2025-08-19 00:00:00+00:00, run_after=2025-08-20 00:00:00+00:00
[2025-08-20T08:43:00.813+0000] {logging_mixin.py:190} INFO - [2025-08-20T08:43:00.813+0000] {dag.py:4180} INFO - Setting next_dagrun for dataset_with_extra_from_classic_operator to 2025-08-19 00:00:00+00:00, run_after=2025-08-20 00:00:00+00:00
[2025-08-20T08:43:00.837+0000] {processor.py:208} INFO - Processing /home/airflow/.local/lib/python3.12/site-packages/airflow/example_dags/example_outlet_event_extra.py took 0.335 seconds
[2025-08-20T08:43:31.132+0000] {processor.py:186} INFO - Started process (PID=350) to work on /home/airflow/.local/lib/python3.12/site-packages/airflow/example_dags/example_outlet_event_extra.py
[2025-08-20T08:43:31.133+0000] {processor.py:914} INFO - Processing file /home/airflow/.local/lib/python3.12/site-packages/airflow/example_dags/example_outlet_event_extra.py for tasks to queue
[2025-08-20T08:43:31.136+0000] {logging_mixin.py:190} INFO - [2025-08-20T08:43:31.136+0000] {dagbag.py:588} INFO - Filling up the DagBag from /home/airflow/.local/lib/python3.12/site-packages/airflow/example_dags/example_outlet_event_extra.py
[2025-08-20T08:43:31.326+0000] {processor.py:925} INFO - DAG(s) 'dataset_with_extra_by_yield', 'dataset_with_extra_from_classic_operator', 'dataset_with_extra_by_context' retrieved from /home/airflow/.local/lib/python3.12/site-packages/airflow/example_dags/example_outlet_event_extra.py
[2025-08-20T08:43:31.359+0000] {logging_mixin.py:190} INFO - [2025-08-20T08:43:31.358+0000] {dag.py:3239} INFO - Sync 3 DAGs
[2025-08-20T08:43:31.392+0000] {logging_mixin.py:190} INFO - [2025-08-20T08:43:31.391+0000] {dag.py:4180} INFO - Setting next_dagrun for dataset_with_extra_by_context to 2025-08-19 00:00:00+00:00, run_after=2025-08-20 00:00:00+00:00
[2025-08-20T08:43:31.397+0000] {logging_mixin.py:190} INFO - [2025-08-20T08:43:31.397+0000] {dag.py:4180} INFO - Setting next_dagrun for dataset_with_extra_by_yield to 2025-08-19 00:00:00+00:00, run_after=2025-08-20 00:00:00+00:00
[2025-08-20T08:43:31.400+0000] {logging_mixin.py:190} INFO - [2025-08-20T08:43:31.400+0000] {dag.py:4180} INFO - Setting next_dagrun for dataset_with_extra_from_classic_operator to 2025-08-19 00:00:00+00:00, run_after=2025-08-20 00:00:00+00:00
[2025-08-20T08:43:31.425+0000] {processor.py:208} INFO - Processing /home/airflow/.local/lib/python3.12/site-packages/airflow/example_dags/example_outlet_event_extra.py took 0.301 seconds
[2025-08-20T08:44:01.689+0000] {processor.py:186} INFO - Started process (PID=406) to work on /home/airflow/.local/lib/python3.12/site-packages/airflow/example_dags/example_outlet_event_extra.py
[2025-08-20T08:44:01.691+0000] {processor.py:914} INFO - Processing file /home/airflow/.local/lib/python3.12/site-packages/airflow/example_dags/example_outlet_event_extra.py for tasks to queue
[2025-08-20T08:44:01.694+0000] {logging_mixin.py:190} INFO - [2025-08-20T08:44:01.693+0000] {dagbag.py:588} INFO - Filling up the DagBag from /home/airflow/.local/lib/python3.12/site-packages/airflow/example_dags/example_outlet_event_extra.py
[2025-08-20T08:44:01.904+0000] {processor.py:925} INFO - DAG(s) 'dataset_with_extra_by_yield', 'dataset_with_extra_by_context', 'dataset_with_extra_from_classic_operator' retrieved from /home/airflow/.local/lib/python3.12/site-packages/airflow/example_dags/example_outlet_event_extra.py
[2025-08-20T08:44:01.942+0000] {logging_mixin.py:190} INFO - [2025-08-20T08:44:01.942+0000] {dag.py:3239} INFO - Sync 3 DAGs
[2025-08-20T08:44:01.975+0000] {logging_mixin.py:190} INFO - [2025-08-20T08:44:01.975+0000] {dag.py:4180} INFO - Setting next_dagrun for dataset_with_extra_by_context to 2025-08-19 00:00:00+00:00, run_after=2025-08-20 00:00:00+00:00
[2025-08-20T08:44:01.981+0000] {logging_mixin.py:190} INFO - [2025-08-20T08:44:01.981+0000] {dag.py:4180} INFO - Setting next_dagrun for dataset_with_extra_by_yield to 2025-08-19 00:00:00+00:00, run_after=2025-08-20 00:00:00+00:00
[2025-08-20T08:44:01.985+0000] {logging_mixin.py:190} INFO - [2025-08-20T08:44:01.985+0000] {dag.py:4180} INFO - Setting next_dagrun for dataset_with_extra_from_classic_operator to 2025-08-19 00:00:00+00:00, run_after=2025-08-20 00:00:00+00:00
[2025-08-20T08:44:02.011+0000] {processor.py:208} INFO - Processing /home/airflow/.local/lib/python3.12/site-packages/airflow/example_dags/example_outlet_event_extra.py took 0.332 seconds
[2025-08-20T08:44:32.169+0000] {processor.py:186} INFO - Started process (PID=463) to work on /home/airflow/.local/lib/python3.12/site-packages/airflow/example_dags/example_outlet_event_extra.py
[2025-08-20T08:44:32.171+0000] {processor.py:914} INFO - Processing file /home/airflow/.local/lib/python3.12/site-packages/airflow/example_dags/example_outlet_event_extra.py for tasks to queue
[2025-08-20T08:44:32.174+0000] {logging_mixin.py:190} INFO - [2025-08-20T08:44:32.173+0000] {dagbag.py:588} INFO - Filling up the DagBag from /home/airflow/.local/lib/python3.12/site-packages/airflow/example_dags/example_outlet_event_extra.py
[2025-08-20T08:44:32.372+0000] {processor.py:925} INFO - DAG(s) 'dataset_with_extra_from_classic_operator', 'dataset_with_extra_by_context', 'dataset_with_extra_by_yield' retrieved from /home/airflow/.local/lib/python3.12/site-packages/airflow/example_dags/example_outlet_event_extra.py
[2025-08-20T08:44:32.403+0000] {logging_mixin.py:190} INFO - [2025-08-20T08:44:32.403+0000] {dag.py:3239} INFO - Sync 3 DAGs
[2025-08-20T08:44:32.437+0000] {logging_mixin.py:190} INFO - [2025-08-20T08:44:32.437+0000] {dag.py:4180} INFO - Setting next_dagrun for dataset_with_extra_by_context to 2025-08-19 00:00:00+00:00, run_after=2025-08-20 00:00:00+00:00
[2025-08-20T08:44:32.443+0000] {logging_mixin.py:190} INFO - [2025-08-20T08:44:32.443+0000] {dag.py:4180} INFO - Setting next_dagrun for dataset_with_extra_by_yield to 2025-08-19 00:00:00+00:00, run_after=2025-08-20 00:00:00+00:00
[2025-08-20T08:44:32.446+0000] {logging_mixin.py:190} INFO - [2025-08-20T08:44:32.445+0000] {dag.py:4180} INFO - Setting next_dagrun for dataset_with_extra_from_classic_operator to 2025-08-19 00:00:00+00:00, run_after=2025-08-20 00:00:00+00:00
[2025-08-20T08:44:32.468+0000] {processor.py:208} INFO - Processing /home/airflow/.local/lib/python3.12/site-packages/airflow/example_dags/example_outlet_event_extra.py took 0.308 seconds
[2025-08-20T08:45:02.541+0000] {processor.py:186} INFO - Started process (PID=519) to work on /home/airflow/.local/lib/python3.12/site-packages/airflow/example_dags/example_outlet_event_extra.py
[2025-08-20T08:45:02.542+0000] {processor.py:914} INFO - Processing file /home/airflow/.local/lib/python3.12/site-packages/airflow/example_dags/example_outlet_event_extra.py for tasks to queue
[2025-08-20T08:45:02.545+0000] {logging_mixin.py:190} INFO - [2025-08-20T08:45:02.545+0000] {dagbag.py:588} INFO - Filling up the DagBag from /home/airflow/.local/lib/python3.12/site-packages/airflow/example_dags/example_outlet_event_extra.py
[2025-08-20T08:45:02.741+0000] {processor.py:925} INFO - DAG(s) 'dataset_with_extra_from_classic_operator', 'dataset_with_extra_by_yield', 'dataset_with_extra_by_context' retrieved from /home/airflow/.local/lib/python3.12/site-packages/airflow/example_dags/example_outlet_event_extra.py
[2025-08-20T08:45:02.771+0000] {logging_mixin.py:190} INFO - [2025-08-20T08:45:02.771+0000] {dag.py:3239} INFO - Sync 3 DAGs
[2025-08-20T08:45:02.808+0000] {logging_mixin.py:190} INFO - [2025-08-20T08:45:02.808+0000] {dag.py:4180} INFO - Setting next_dagrun for dataset_with_extra_by_context to 2025-08-19 00:00:00+00:00, run_after=2025-08-20 00:00:00+00:00
[2025-08-20T08:45:02.815+0000] {logging_mixin.py:190} INFO - [2025-08-20T08:45:02.814+0000] {dag.py:4180} INFO - Setting next_dagrun for dataset_with_extra_by_yield to 2025-08-19 00:00:00+00:00, run_after=2025-08-20 00:00:00+00:00
[2025-08-20T08:45:02.817+0000] {logging_mixin.py:190} INFO - [2025-08-20T08:45:02.817+0000] {dag.py:4180} INFO - Setting next_dagrun for dataset_with_extra_from_classic_operator to 2025-08-19 00:00:00+00:00, run_after=2025-08-20 00:00:00+00:00
[2025-08-20T08:45:02.840+0000] {processor.py:208} INFO - Processing /home/airflow/.local/lib/python3.12/site-packages/airflow/example_dags/example_outlet_event_extra.py took 0.307 seconds
[2025-08-20T08:46:29.524+0000] {processor.py:186} INFO - Started process (PID=68) to work on /home/airflow/.local/lib/python3.12/site-packages/airflow/example_dags/example_outlet_event_extra.py
[2025-08-20T08:46:29.527+0000] {processor.py:914} INFO - Processing file /home/airflow/.local/lib/python3.12/site-packages/airflow/example_dags/example_outlet_event_extra.py for tasks to queue
[2025-08-20T08:46:29.530+0000] {logging_mixin.py:190} INFO - [2025-08-20T08:46:29.530+0000] {dagbag.py:588} INFO - Filling up the DagBag from /home/airflow/.local/lib/python3.12/site-packages/airflow/example_dags/example_outlet_event_extra.py
[2025-08-20T08:46:29.718+0000] {processor.py:925} INFO - DAG(s) 'dataset_with_extra_from_classic_operator', 'dataset_with_extra_by_yield', 'dataset_with_extra_by_context' retrieved from /home/airflow/.local/lib/python3.12/site-packages/airflow/example_dags/example_outlet_event_extra.py
[2025-08-20T08:46:29.753+0000] {logging_mixin.py:190} INFO - [2025-08-20T08:46:29.753+0000] {dag.py:3239} INFO - Sync 3 DAGs
[2025-08-20T08:46:29.792+0000] {logging_mixin.py:190} INFO - [2025-08-20T08:46:29.792+0000] {dag.py:4180} INFO - Setting next_dagrun for dataset_with_extra_by_context to 2025-08-19 00:00:00+00:00, run_after=2025-08-20 00:00:00+00:00
[2025-08-20T08:46:29.799+0000] {logging_mixin.py:190} INFO - [2025-08-20T08:46:29.799+0000] {dag.py:4180} INFO - Setting next_dagrun for dataset_with_extra_by_yield to 2025-08-19 00:00:00+00:00, run_after=2025-08-20 00:00:00+00:00
[2025-08-20T08:46:29.802+0000] {logging_mixin.py:190} INFO - [2025-08-20T08:46:29.802+0000] {dag.py:4180} INFO - Setting next_dagrun for dataset_with_extra_from_classic_operator to 2025-08-19 00:00:00+00:00, run_after=2025-08-20 00:00:00+00:00
[2025-08-20T08:46:30.038+0000] {processor.py:208} INFO - Processing /home/airflow/.local/lib/python3.12/site-packages/airflow/example_dags/example_outlet_event_extra.py took 0.522 seconds
[2025-08-20T08:47:01.637+0000] {processor.py:186} INFO - Started process (PID=124) to work on /home/airflow/.local/lib/python3.12/site-packages/airflow/example_dags/example_outlet_event_extra.py
[2025-08-20T08:47:01.639+0000] {processor.py:914} INFO - Processing file /home/airflow/.local/lib/python3.12/site-packages/airflow/example_dags/example_outlet_event_extra.py for tasks to queue
[2025-08-20T08:47:01.643+0000] {logging_mixin.py:190} INFO - [2025-08-20T08:47:01.643+0000] {dagbag.py:588} INFO - Filling up the DagBag from /home/airflow/.local/lib/python3.12/site-packages/airflow/example_dags/example_outlet_event_extra.py
[2025-08-20T08:47:01.843+0000] {processor.py:925} INFO - DAG(s) 'dataset_with_extra_by_context', 'dataset_with_extra_by_yield', 'dataset_with_extra_from_classic_operator' retrieved from /home/airflow/.local/lib/python3.12/site-packages/airflow/example_dags/example_outlet_event_extra.py
[2025-08-20T08:47:01.872+0000] {logging_mixin.py:190} INFO - [2025-08-20T08:47:01.872+0000] {dag.py:3239} INFO - Sync 3 DAGs
[2025-08-20T08:47:01.904+0000] {logging_mixin.py:190} INFO - [2025-08-20T08:47:01.904+0000] {dag.py:4180} INFO - Setting next_dagrun for dataset_with_extra_by_context to 2025-08-19 00:00:00+00:00, run_after=2025-08-20 00:00:00+00:00
[2025-08-20T08:47:01.910+0000] {logging_mixin.py:190} INFO - [2025-08-20T08:47:01.909+0000] {dag.py:4180} INFO - Setting next_dagrun for dataset_with_extra_by_yield to 2025-08-19 00:00:00+00:00, run_after=2025-08-20 00:00:00+00:00
[2025-08-20T08:47:01.912+0000] {logging_mixin.py:190} INFO - [2025-08-20T08:47:01.912+0000] {dag.py:4180} INFO - Setting next_dagrun for dataset_with_extra_from_classic_operator to 2025-08-19 00:00:00+00:00, run_after=2025-08-20 00:00:00+00:00
[2025-08-20T08:47:02.279+0000] {processor.py:208} INFO - Processing /home/airflow/.local/lib/python3.12/site-packages/airflow/example_dags/example_outlet_event_extra.py took 0.651 seconds
[2025-08-20T08:47:32.756+0000] {processor.py:186} INFO - Started process (PID=180) to work on /home/airflow/.local/lib/python3.12/site-packages/airflow/example_dags/example_outlet_event_extra.py
[2025-08-20T08:47:32.757+0000] {processor.py:914} INFO - Processing file /home/airflow/.local/lib/python3.12/site-packages/airflow/example_dags/example_outlet_event_extra.py for tasks to queue
[2025-08-20T08:47:32.761+0000] {logging_mixin.py:190} INFO - [2025-08-20T08:47:32.761+0000] {dagbag.py:588} INFO - Filling up the DagBag from /home/airflow/.local/lib/python3.12/site-packages/airflow/example_dags/example_outlet_event_extra.py
[2025-08-20T08:47:32.946+0000] {processor.py:925} INFO - DAG(s) 'dataset_with_extra_by_yield', 'dataset_with_extra_from_classic_operator', 'dataset_with_extra_by_context' retrieved from /home/airflow/.local/lib/python3.12/site-packages/airflow/example_dags/example_outlet_event_extra.py
[2025-08-20T08:47:32.976+0000] {logging_mixin.py:190} INFO - [2025-08-20T08:47:32.976+0000] {dag.py:3239} INFO - Sync 3 DAGs
[2025-08-20T08:47:33.013+0000] {logging_mixin.py:190} INFO - [2025-08-20T08:47:33.013+0000] {dag.py:4180} INFO - Setting next_dagrun for dataset_with_extra_by_context to 2025-08-19 00:00:00+00:00, run_after=2025-08-20 00:00:00+00:00
[2025-08-20T08:47:33.192+0000] {logging_mixin.py:190} INFO - [2025-08-20T08:47:33.192+0000] {dag.py:4180} INFO - Setting next_dagrun for dataset_with_extra_by_yield to 2025-08-19 00:00:00+00:00, run_after=2025-08-20 00:00:00+00:00
[2025-08-20T08:47:33.195+0000] {logging_mixin.py:190} INFO - [2025-08-20T08:47:33.195+0000] {dag.py:4180} INFO - Setting next_dagrun for dataset_with_extra_from_classic_operator to 2025-08-19 00:00:00+00:00, run_after=2025-08-20 00:00:00+00:00
[2025-08-20T08:47:33.286+0000] {processor.py:208} INFO - Processing /home/airflow/.local/lib/python3.12/site-packages/airflow/example_dags/example_outlet_event_extra.py took 0.538 seconds
[2025-08-20T08:48:03.685+0000] {processor.py:186} INFO - Started process (PID=236) to work on /home/airflow/.local/lib/python3.12/site-packages/airflow/example_dags/example_outlet_event_extra.py
[2025-08-20T08:48:03.687+0000] {processor.py:914} INFO - Processing file /home/airflow/.local/lib/python3.12/site-packages/airflow/example_dags/example_outlet_event_extra.py for tasks to queue
[2025-08-20T08:48:03.690+0000] {logging_mixin.py:190} INFO - [2025-08-20T08:48:03.690+0000] {dagbag.py:588} INFO - Filling up the DagBag from /home/airflow/.local/lib/python3.12/site-packages/airflow/example_dags/example_outlet_event_extra.py
[2025-08-20T08:48:03.928+0000] {processor.py:925} INFO - DAG(s) 'dataset_with_extra_by_yield', 'dataset_with_extra_by_context', 'dataset_with_extra_from_classic_operator' retrieved from /home/airflow/.local/lib/python3.12/site-packages/airflow/example_dags/example_outlet_event_extra.py
[2025-08-20T08:48:03.966+0000] {logging_mixin.py:190} INFO - [2025-08-20T08:48:03.966+0000] {dag.py:3239} INFO - Sync 3 DAGs
[2025-08-20T08:48:04.009+0000] {logging_mixin.py:190} INFO - [2025-08-20T08:48:04.008+0000] {dag.py:4180} INFO - Setting next_dagrun for dataset_with_extra_by_context to 2025-08-19 00:00:00+00:00, run_after=2025-08-20 00:00:00+00:00
[2025-08-20T08:48:04.018+0000] {logging_mixin.py:190} INFO - [2025-08-20T08:48:04.018+0000] {dag.py:4180} INFO - Setting next_dagrun for dataset_with_extra_by_yield to 2025-08-19 00:00:00+00:00, run_after=2025-08-20 00:00:00+00:00
[2025-08-20T08:48:04.023+0000] {logging_mixin.py:190} INFO - [2025-08-20T08:48:04.022+0000] {dag.py:4180} INFO - Setting next_dagrun for dataset_with_extra_from_classic_operator to 2025-08-19 00:00:00+00:00, run_after=2025-08-20 00:00:00+00:00
[2025-08-20T08:48:04.054+0000] {processor.py:208} INFO - Processing /home/airflow/.local/lib/python3.12/site-packages/airflow/example_dags/example_outlet_event_extra.py took 0.377 seconds
