[2025-08-20T08:25:57.293+0000] {processor.py:186} INFO - Started process (PID=63) to work on /home/airflow/.local/lib/python3.12/site-packages/airflow/example_dags/example_branch_labels.py
[2025-08-20T08:25:57.294+0000] {processor.py:914} INFO - Processing file /home/airflow/.local/lib/python3.12/site-packages/airflow/example_dags/example_branch_labels.py for tasks to queue
[2025-08-20T08:25:57.297+0000] {logging_mixin.py:190} INFO - [2025-08-20T08:25:57.296+0000] {dagbag.py:588} INFO - Filling up the DagBag from /home/airflow/.local/lib/python3.12/site-packages/airflow/example_dags/example_branch_labels.py
[2025-08-20T08:25:57.311+0000] {processor.py:925} INFO - DAG(s) 'example_branch_labels' retrieved from /home/airflow/.local/lib/python3.12/site-packages/airflow/example_dags/example_branch_labels.py
[2025-08-20T08:25:57.339+0000] {logging_mixin.py:190} INFO - [2025-08-20T08:25:57.339+0000] {dag.py:3239} INFO - Sync 1 DAGs
[2025-08-20T08:25:57.369+0000] {logging_mixin.py:190} INFO - [2025-08-20T08:25:57.368+0000] {dag.py:4180} INFO - Setting next_dagrun for example_branch_labels to 2025-08-19 00:00:00+00:00, run_after=2025-08-20 00:00:00+00:00
[2025-08-20T08:25:57.675+0000] {processor.py:208} INFO - Processing /home/airflow/.local/lib/python3.12/site-packages/airflow/example_dags/example_branch_labels.py took 0.390 seconds
[2025-08-20T08:26:28.558+0000] {processor.py:186} INFO - Started process (PID=119) to work on /home/airflow/.local/lib/python3.12/site-packages/airflow/example_dags/example_branch_labels.py
[2025-08-20T08:26:28.559+0000] {processor.py:914} INFO - Processing file /home/airflow/.local/lib/python3.12/site-packages/airflow/example_dags/example_branch_labels.py for tasks to queue
[2025-08-20T08:26:28.562+0000] {logging_mixin.py:190} INFO - [2025-08-20T08:26:28.562+0000] {dagbag.py:588} INFO - Filling up the DagBag from /home/airflow/.local/lib/python3.12/site-packages/airflow/example_dags/example_branch_labels.py
[2025-08-20T08:26:28.575+0000] {processor.py:925} INFO - DAG(s) 'example_branch_labels' retrieved from /home/airflow/.local/lib/python3.12/site-packages/airflow/example_dags/example_branch_labels.py
[2025-08-20T08:26:28.601+0000] {logging_mixin.py:190} INFO - [2025-08-20T08:26:28.601+0000] {dag.py:3239} INFO - Sync 1 DAGs
[2025-08-20T08:26:28.638+0000] {logging_mixin.py:190} INFO - [2025-08-20T08:26:28.638+0000] {dag.py:4180} INFO - Setting next_dagrun for example_branch_labels to 2025-08-19 00:00:00+00:00, run_after=2025-08-20 00:00:00+00:00
[2025-08-20T08:26:28.928+0000] {processor.py:208} INFO - Processing /home/airflow/.local/lib/python3.12/site-packages/airflow/example_dags/example_branch_labels.py took 0.378 seconds
[2025-08-20T08:26:59.019+0000] {processor.py:186} INFO - Started process (PID=174) to work on /home/airflow/.local/lib/python3.12/site-packages/airflow/example_dags/example_branch_labels.py
[2025-08-20T08:26:59.021+0000] {processor.py:914} INFO - Processing file /home/airflow/.local/lib/python3.12/site-packages/airflow/example_dags/example_branch_labels.py for tasks to queue
[2025-08-20T08:26:59.024+0000] {logging_mixin.py:190} INFO - [2025-08-20T08:26:59.024+0000] {dagbag.py:588} INFO - Filling up the DagBag from /home/airflow/.local/lib/python3.12/site-packages/airflow/example_dags/example_branch_labels.py
[2025-08-20T08:26:59.040+0000] {processor.py:925} INFO - DAG(s) 'example_branch_labels' retrieved from /home/airflow/.local/lib/python3.12/site-packages/airflow/example_dags/example_branch_labels.py
[2025-08-20T08:26:59.069+0000] {logging_mixin.py:190} INFO - [2025-08-20T08:26:59.069+0000] {dag.py:3239} INFO - Sync 1 DAGs
[2025-08-20T08:26:59.103+0000] {logging_mixin.py:190} INFO - [2025-08-20T08:26:59.102+0000] {dag.py:4180} INFO - Setting next_dagrun for example_branch_labels to 2025-08-19 00:00:00+00:00, run_after=2025-08-20 00:00:00+00:00
[2025-08-20T08:26:59.648+0000] {processor.py:208} INFO - Processing /home/airflow/.local/lib/python3.12/site-packages/airflow/example_dags/example_branch_labels.py took 0.637 seconds
[2025-08-20T08:27:29.879+0000] {processor.py:186} INFO - Started process (PID=230) to work on /home/airflow/.local/lib/python3.12/site-packages/airflow/example_dags/example_branch_labels.py
[2025-08-20T08:27:29.881+0000] {processor.py:914} INFO - Processing file /home/airflow/.local/lib/python3.12/site-packages/airflow/example_dags/example_branch_labels.py for tasks to queue
[2025-08-20T08:27:29.884+0000] {logging_mixin.py:190} INFO - [2025-08-20T08:27:29.884+0000] {dagbag.py:588} INFO - Filling up the DagBag from /home/airflow/.local/lib/python3.12/site-packages/airflow/example_dags/example_branch_labels.py
[2025-08-20T08:27:29.897+0000] {processor.py:925} INFO - DAG(s) 'example_branch_labels' retrieved from /home/airflow/.local/lib/python3.12/site-packages/airflow/example_dags/example_branch_labels.py
[2025-08-20T08:27:29.922+0000] {logging_mixin.py:190} INFO - [2025-08-20T08:27:29.922+0000] {dag.py:3239} INFO - Sync 1 DAGs
[2025-08-20T08:27:29.953+0000] {logging_mixin.py:190} INFO - [2025-08-20T08:27:29.953+0000] {dag.py:4180} INFO - Setting next_dagrun for example_branch_labels to 2025-08-19 00:00:00+00:00, run_after=2025-08-20 00:00:00+00:00
[2025-08-20T08:27:29.973+0000] {processor.py:208} INFO - Processing /home/airflow/.local/lib/python3.12/site-packages/airflow/example_dags/example_branch_labels.py took 0.103 seconds
[2025-08-20T08:28:00.461+0000] {processor.py:186} INFO - Started process (PID=287) to work on /home/airflow/.local/lib/python3.12/site-packages/airflow/example_dags/example_branch_labels.py
[2025-08-20T08:28:00.463+0000] {processor.py:914} INFO - Processing file /home/airflow/.local/lib/python3.12/site-packages/airflow/example_dags/example_branch_labels.py for tasks to queue
[2025-08-20T08:28:00.466+0000] {logging_mixin.py:190} INFO - [2025-08-20T08:28:00.466+0000] {dagbag.py:588} INFO - Filling up the DagBag from /home/airflow/.local/lib/python3.12/site-packages/airflow/example_dags/example_branch_labels.py
[2025-08-20T08:28:00.482+0000] {processor.py:925} INFO - DAG(s) 'example_branch_labels' retrieved from /home/airflow/.local/lib/python3.12/site-packages/airflow/example_dags/example_branch_labels.py
[2025-08-20T08:28:00.509+0000] {logging_mixin.py:190} INFO - [2025-08-20T08:28:00.508+0000] {dag.py:3239} INFO - Sync 1 DAGs
[2025-08-20T08:28:00.540+0000] {logging_mixin.py:190} INFO - [2025-08-20T08:28:00.540+0000] {dag.py:4180} INFO - Setting next_dagrun for example_branch_labels to 2025-08-19 00:00:00+00:00, run_after=2025-08-20 00:00:00+00:00
[2025-08-20T08:28:00.561+0000] {processor.py:208} INFO - Processing /home/airflow/.local/lib/python3.12/site-packages/airflow/example_dags/example_branch_labels.py took 0.108 seconds
[2025-08-20T08:28:30.829+0000] {processor.py:186} INFO - Started process (PID=343) to work on /home/airflow/.local/lib/python3.12/site-packages/airflow/example_dags/example_branch_labels.py
[2025-08-20T08:28:30.831+0000] {processor.py:914} INFO - Processing file /home/airflow/.local/lib/python3.12/site-packages/airflow/example_dags/example_branch_labels.py for tasks to queue
[2025-08-20T08:28:30.834+0000] {logging_mixin.py:190} INFO - [2025-08-20T08:28:30.833+0000] {dagbag.py:588} INFO - Filling up the DagBag from /home/airflow/.local/lib/python3.12/site-packages/airflow/example_dags/example_branch_labels.py
[2025-08-20T08:28:30.848+0000] {processor.py:925} INFO - DAG(s) 'example_branch_labels' retrieved from /home/airflow/.local/lib/python3.12/site-packages/airflow/example_dags/example_branch_labels.py
[2025-08-20T08:28:30.874+0000] {logging_mixin.py:190} INFO - [2025-08-20T08:28:30.874+0000] {dag.py:3239} INFO - Sync 1 DAGs
[2025-08-20T08:28:30.905+0000] {logging_mixin.py:190} INFO - [2025-08-20T08:28:30.905+0000] {dag.py:4180} INFO - Setting next_dagrun for example_branch_labels to 2025-08-19 00:00:00+00:00, run_after=2025-08-20 00:00:00+00:00
[2025-08-20T08:28:30.926+0000] {processor.py:208} INFO - Processing /home/airflow/.local/lib/python3.12/site-packages/airflow/example_dags/example_branch_labels.py took 0.106 seconds
[2025-08-20T08:29:01.372+0000] {processor.py:186} INFO - Started process (PID=399) to work on /home/airflow/.local/lib/python3.12/site-packages/airflow/example_dags/example_branch_labels.py
[2025-08-20T08:29:01.373+0000] {processor.py:914} INFO - Processing file /home/airflow/.local/lib/python3.12/site-packages/airflow/example_dags/example_branch_labels.py for tasks to queue
[2025-08-20T08:29:01.379+0000] {logging_mixin.py:190} INFO - [2025-08-20T08:29:01.379+0000] {dagbag.py:588} INFO - Filling up the DagBag from /home/airflow/.local/lib/python3.12/site-packages/airflow/example_dags/example_branch_labels.py
[2025-08-20T08:29:01.394+0000] {processor.py:925} INFO - DAG(s) 'example_branch_labels' retrieved from /home/airflow/.local/lib/python3.12/site-packages/airflow/example_dags/example_branch_labels.py
[2025-08-20T08:29:01.421+0000] {logging_mixin.py:190} INFO - [2025-08-20T08:29:01.421+0000] {dag.py:3239} INFO - Sync 1 DAGs
[2025-08-20T08:29:01.455+0000] {logging_mixin.py:190} INFO - [2025-08-20T08:29:01.455+0000] {dag.py:4180} INFO - Setting next_dagrun for example_branch_labels to 2025-08-19 00:00:00+00:00, run_after=2025-08-20 00:00:00+00:00
[2025-08-20T08:29:01.478+0000] {processor.py:208} INFO - Processing /home/airflow/.local/lib/python3.12/site-packages/airflow/example_dags/example_branch_labels.py took 0.114 seconds
[2025-08-20T08:30:26.589+0000] {processor.py:186} INFO - Started process (PID=61) to work on /home/airflow/.local/lib/python3.12/site-packages/airflow/example_dags/example_branch_labels.py
[2025-08-20T08:30:26.591+0000] {processor.py:914} INFO - Processing file /home/airflow/.local/lib/python3.12/site-packages/airflow/example_dags/example_branch_labels.py for tasks to queue
[2025-08-20T08:30:26.594+0000] {logging_mixin.py:190} INFO - [2025-08-20T08:30:26.593+0000] {dagbag.py:588} INFO - Filling up the DagBag from /home/airflow/.local/lib/python3.12/site-packages/airflow/example_dags/example_branch_labels.py
[2025-08-20T08:30:26.609+0000] {processor.py:925} INFO - DAG(s) 'example_branch_labels' retrieved from /home/airflow/.local/lib/python3.12/site-packages/airflow/example_dags/example_branch_labels.py
[2025-08-20T08:30:26.639+0000] {logging_mixin.py:190} INFO - [2025-08-20T08:30:26.638+0000] {dag.py:3239} INFO - Sync 1 DAGs
[2025-08-20T08:30:26.672+0000] {logging_mixin.py:190} INFO - [2025-08-20T08:30:26.672+0000] {dag.py:4180} INFO - Setting next_dagrun for example_branch_labels to 2025-08-19 00:00:00+00:00, run_after=2025-08-20 00:00:00+00:00
[2025-08-20T08:30:26.915+0000] {processor.py:208} INFO - Processing /home/airflow/.local/lib/python3.12/site-packages/airflow/example_dags/example_branch_labels.py took 0.334 seconds
[2025-08-20T08:30:58.729+0000] {processor.py:186} INFO - Started process (PID=117) to work on /home/airflow/.local/lib/python3.12/site-packages/airflow/example_dags/example_branch_labels.py
[2025-08-20T08:30:58.730+0000] {processor.py:914} INFO - Processing file /home/airflow/.local/lib/python3.12/site-packages/airflow/example_dags/example_branch_labels.py for tasks to queue
[2025-08-20T08:30:58.734+0000] {logging_mixin.py:190} INFO - [2025-08-20T08:30:58.733+0000] {dagbag.py:588} INFO - Filling up the DagBag from /home/airflow/.local/lib/python3.12/site-packages/airflow/example_dags/example_branch_labels.py
[2025-08-20T08:30:58.749+0000] {processor.py:925} INFO - DAG(s) 'example_branch_labels' retrieved from /home/airflow/.local/lib/python3.12/site-packages/airflow/example_dags/example_branch_labels.py
[2025-08-20T08:30:58.776+0000] {logging_mixin.py:190} INFO - [2025-08-20T08:30:58.776+0000] {dag.py:3239} INFO - Sync 1 DAGs
[2025-08-20T08:30:58.806+0000] {logging_mixin.py:190} INFO - [2025-08-20T08:30:58.806+0000] {dag.py:4180} INFO - Setting next_dagrun for example_branch_labels to 2025-08-19 00:00:00+00:00, run_after=2025-08-20 00:00:00+00:00
[2025-08-20T08:30:59.107+0000] {processor.py:208} INFO - Processing /home/airflow/.local/lib/python3.12/site-packages/airflow/example_dags/example_branch_labels.py took 0.388 seconds
[2025-08-20T08:31:29.156+0000] {processor.py:186} INFO - Started process (PID=173) to work on /home/airflow/.local/lib/python3.12/site-packages/airflow/example_dags/example_branch_labels.py
[2025-08-20T08:31:29.157+0000] {processor.py:914} INFO - Processing file /home/airflow/.local/lib/python3.12/site-packages/airflow/example_dags/example_branch_labels.py for tasks to queue
[2025-08-20T08:31:29.160+0000] {logging_mixin.py:190} INFO - [2025-08-20T08:31:29.160+0000] {dagbag.py:588} INFO - Filling up the DagBag from /home/airflow/.local/lib/python3.12/site-packages/airflow/example_dags/example_branch_labels.py
[2025-08-20T08:31:29.173+0000] {processor.py:925} INFO - DAG(s) 'example_branch_labels' retrieved from /home/airflow/.local/lib/python3.12/site-packages/airflow/example_dags/example_branch_labels.py
[2025-08-20T08:31:29.200+0000] {logging_mixin.py:190} INFO - [2025-08-20T08:31:29.199+0000] {dag.py:3239} INFO - Sync 1 DAGs
[2025-08-20T08:31:29.232+0000] {logging_mixin.py:190} INFO - [2025-08-20T08:31:29.232+0000] {dag.py:4180} INFO - Setting next_dagrun for example_branch_labels to 2025-08-19 00:00:00+00:00, run_after=2025-08-20 00:00:00+00:00
[2025-08-20T08:31:29.271+0000] {processor.py:208} INFO - Processing /home/airflow/.local/lib/python3.12/site-packages/airflow/example_dags/example_branch_labels.py took 0.124 seconds
[2025-08-20T08:32:19.862+0000] {processor.py:186} INFO - Started process (PID=62) to work on /home/airflow/.local/lib/python3.12/site-packages/airflow/example_dags/example_branch_labels.py
[2025-08-20T08:32:19.864+0000] {processor.py:914} INFO - Processing file /home/airflow/.local/lib/python3.12/site-packages/airflow/example_dags/example_branch_labels.py for tasks to queue
[2025-08-20T08:32:19.867+0000] {logging_mixin.py:190} INFO - [2025-08-20T08:32:19.866+0000] {dagbag.py:588} INFO - Filling up the DagBag from /home/airflow/.local/lib/python3.12/site-packages/airflow/example_dags/example_branch_labels.py
[2025-08-20T08:32:19.881+0000] {processor.py:925} INFO - DAG(s) 'example_branch_labels' retrieved from /home/airflow/.local/lib/python3.12/site-packages/airflow/example_dags/example_branch_labels.py
[2025-08-20T08:32:19.912+0000] {logging_mixin.py:190} INFO - [2025-08-20T08:32:19.911+0000] {dag.py:3239} INFO - Sync 1 DAGs
[2025-08-20T08:32:19.946+0000] {logging_mixin.py:190} INFO - [2025-08-20T08:32:19.946+0000] {dag.py:4180} INFO - Setting next_dagrun for example_branch_labels to 2025-08-19 00:00:00+00:00, run_after=2025-08-20 00:00:00+00:00
[2025-08-20T08:32:19.968+0000] {processor.py:208} INFO - Processing /home/airflow/.local/lib/python3.12/site-packages/airflow/example_dags/example_branch_labels.py took 0.115 seconds
[2025-08-20T08:32:50.793+0000] {processor.py:186} INFO - Started process (PID=118) to work on /home/airflow/.local/lib/python3.12/site-packages/airflow/example_dags/example_branch_labels.py
[2025-08-20T08:32:50.794+0000] {processor.py:914} INFO - Processing file /home/airflow/.local/lib/python3.12/site-packages/airflow/example_dags/example_branch_labels.py for tasks to queue
[2025-08-20T08:32:50.797+0000] {logging_mixin.py:190} INFO - [2025-08-20T08:32:50.796+0000] {dagbag.py:588} INFO - Filling up the DagBag from /home/airflow/.local/lib/python3.12/site-packages/airflow/example_dags/example_branch_labels.py
[2025-08-20T08:32:50.810+0000] {processor.py:925} INFO - DAG(s) 'example_branch_labels' retrieved from /home/airflow/.local/lib/python3.12/site-packages/airflow/example_dags/example_branch_labels.py
[2025-08-20T08:32:50.844+0000] {logging_mixin.py:190} INFO - [2025-08-20T08:32:50.843+0000] {dag.py:3239} INFO - Sync 1 DAGs
[2025-08-20T08:32:50.886+0000] {logging_mixin.py:190} INFO - [2025-08-20T08:32:50.886+0000] {dag.py:4180} INFO - Setting next_dagrun for example_branch_labels to 2025-08-19 00:00:00+00:00, run_after=2025-08-20 00:00:00+00:00
[2025-08-20T08:32:50.914+0000] {processor.py:208} INFO - Processing /home/airflow/.local/lib/python3.12/site-packages/airflow/example_dags/example_branch_labels.py took 0.129 seconds
[2025-08-20T08:33:21.328+0000] {processor.py:186} INFO - Started process (PID=174) to work on /home/airflow/.local/lib/python3.12/site-packages/airflow/example_dags/example_branch_labels.py
[2025-08-20T08:33:21.330+0000] {processor.py:914} INFO - Processing file /home/airflow/.local/lib/python3.12/site-packages/airflow/example_dags/example_branch_labels.py for tasks to queue
[2025-08-20T08:33:21.333+0000] {logging_mixin.py:190} INFO - [2025-08-20T08:33:21.332+0000] {dagbag.py:588} INFO - Filling up the DagBag from /home/airflow/.local/lib/python3.12/site-packages/airflow/example_dags/example_branch_labels.py
[2025-08-20T08:33:21.346+0000] {processor.py:925} INFO - DAG(s) 'example_branch_labels' retrieved from /home/airflow/.local/lib/python3.12/site-packages/airflow/example_dags/example_branch_labels.py
[2025-08-20T08:33:21.379+0000] {logging_mixin.py:190} INFO - [2025-08-20T08:33:21.379+0000] {dag.py:3239} INFO - Sync 1 DAGs
[2025-08-20T08:33:21.414+0000] {logging_mixin.py:190} INFO - [2025-08-20T08:33:21.414+0000] {dag.py:4180} INFO - Setting next_dagrun for example_branch_labels to 2025-08-19 00:00:00+00:00, run_after=2025-08-20 00:00:00+00:00
[2025-08-20T08:33:21.434+0000] {processor.py:208} INFO - Processing /home/airflow/.local/lib/python3.12/site-packages/airflow/example_dags/example_branch_labels.py took 0.115 seconds
[2025-08-20T08:33:51.817+0000] {processor.py:186} INFO - Started process (PID=230) to work on /home/airflow/.local/lib/python3.12/site-packages/airflow/example_dags/example_branch_labels.py
[2025-08-20T08:33:51.819+0000] {processor.py:914} INFO - Processing file /home/airflow/.local/lib/python3.12/site-packages/airflow/example_dags/example_branch_labels.py for tasks to queue
[2025-08-20T08:33:51.822+0000] {logging_mixin.py:190} INFO - [2025-08-20T08:33:51.822+0000] {dagbag.py:588} INFO - Filling up the DagBag from /home/airflow/.local/lib/python3.12/site-packages/airflow/example_dags/example_branch_labels.py
[2025-08-20T08:33:51.835+0000] {processor.py:925} INFO - DAG(s) 'example_branch_labels' retrieved from /home/airflow/.local/lib/python3.12/site-packages/airflow/example_dags/example_branch_labels.py
[2025-08-20T08:33:51.861+0000] {logging_mixin.py:190} INFO - [2025-08-20T08:33:51.860+0000] {dag.py:3239} INFO - Sync 1 DAGs
[2025-08-20T08:33:51.892+0000] {logging_mixin.py:190} INFO - [2025-08-20T08:33:51.892+0000] {dag.py:4180} INFO - Setting next_dagrun for example_branch_labels to 2025-08-19 00:00:00+00:00, run_after=2025-08-20 00:00:00+00:00
[2025-08-20T08:33:51.913+0000] {processor.py:208} INFO - Processing /home/airflow/.local/lib/python3.12/site-packages/airflow/example_dags/example_branch_labels.py took 0.104 seconds
[2025-08-20T08:34:22.274+0000] {processor.py:186} INFO - Started process (PID=286) to work on /home/airflow/.local/lib/python3.12/site-packages/airflow/example_dags/example_branch_labels.py
[2025-08-20T08:34:22.276+0000] {processor.py:914} INFO - Processing file /home/airflow/.local/lib/python3.12/site-packages/airflow/example_dags/example_branch_labels.py for tasks to queue
[2025-08-20T08:34:22.279+0000] {logging_mixin.py:190} INFO - [2025-08-20T08:34:22.279+0000] {dagbag.py:588} INFO - Filling up the DagBag from /home/airflow/.local/lib/python3.12/site-packages/airflow/example_dags/example_branch_labels.py
[2025-08-20T08:34:22.294+0000] {processor.py:925} INFO - DAG(s) 'example_branch_labels' retrieved from /home/airflow/.local/lib/python3.12/site-packages/airflow/example_dags/example_branch_labels.py
[2025-08-20T08:34:22.327+0000] {logging_mixin.py:190} INFO - [2025-08-20T08:34:22.327+0000] {dag.py:3239} INFO - Sync 1 DAGs
[2025-08-20T08:34:22.359+0000] {logging_mixin.py:190} INFO - [2025-08-20T08:34:22.359+0000] {dag.py:4180} INFO - Setting next_dagrun for example_branch_labels to 2025-08-19 00:00:00+00:00, run_after=2025-08-20 00:00:00+00:00
[2025-08-20T08:34:22.379+0000] {processor.py:208} INFO - Processing /home/airflow/.local/lib/python3.12/site-packages/airflow/example_dags/example_branch_labels.py took 0.113 seconds
[2025-08-20T08:34:52.843+0000] {processor.py:186} INFO - Started process (PID=342) to work on /home/airflow/.local/lib/python3.12/site-packages/airflow/example_dags/example_branch_labels.py
[2025-08-20T08:34:52.845+0000] {processor.py:914} INFO - Processing file /home/airflow/.local/lib/python3.12/site-packages/airflow/example_dags/example_branch_labels.py for tasks to queue
[2025-08-20T08:34:52.847+0000] {logging_mixin.py:190} INFO - [2025-08-20T08:34:52.847+0000] {dagbag.py:588} INFO - Filling up the DagBag from /home/airflow/.local/lib/python3.12/site-packages/airflow/example_dags/example_branch_labels.py
[2025-08-20T08:34:52.859+0000] {processor.py:925} INFO - DAG(s) 'example_branch_labels' retrieved from /home/airflow/.local/lib/python3.12/site-packages/airflow/example_dags/example_branch_labels.py
[2025-08-20T08:34:52.885+0000] {logging_mixin.py:190} INFO - [2025-08-20T08:34:52.885+0000] {dag.py:3239} INFO - Sync 1 DAGs
[2025-08-20T08:34:52.917+0000] {logging_mixin.py:190} INFO - [2025-08-20T08:34:52.916+0000] {dag.py:4180} INFO - Setting next_dagrun for example_branch_labels to 2025-08-19 00:00:00+00:00, run_after=2025-08-20 00:00:00+00:00
[2025-08-20T08:34:52.938+0000] {processor.py:208} INFO - Processing /home/airflow/.local/lib/python3.12/site-packages/airflow/example_dags/example_branch_labels.py took 0.103 seconds
[2025-08-20T08:35:23.911+0000] {processor.py:186} INFO - Started process (PID=398) to work on /home/airflow/.local/lib/python3.12/site-packages/airflow/example_dags/example_branch_labels.py
[2025-08-20T08:35:23.913+0000] {processor.py:914} INFO - Processing file /home/airflow/.local/lib/python3.12/site-packages/airflow/example_dags/example_branch_labels.py for tasks to queue
[2025-08-20T08:35:23.917+0000] {logging_mixin.py:190} INFO - [2025-08-20T08:35:23.916+0000] {dagbag.py:588} INFO - Filling up the DagBag from /home/airflow/.local/lib/python3.12/site-packages/airflow/example_dags/example_branch_labels.py
[2025-08-20T08:35:23.933+0000] {processor.py:925} INFO - DAG(s) 'example_branch_labels' retrieved from /home/airflow/.local/lib/python3.12/site-packages/airflow/example_dags/example_branch_labels.py
[2025-08-20T08:35:23.961+0000] {logging_mixin.py:190} INFO - [2025-08-20T08:35:23.961+0000] {dag.py:3239} INFO - Sync 1 DAGs
[2025-08-20T08:35:23.996+0000] {logging_mixin.py:190} INFO - [2025-08-20T08:35:23.995+0000] {dag.py:4180} INFO - Setting next_dagrun for example_branch_labels to 2025-08-19 00:00:00+00:00, run_after=2025-08-20 00:00:00+00:00
[2025-08-20T08:35:24.018+0000] {processor.py:208} INFO - Processing /home/airflow/.local/lib/python3.12/site-packages/airflow/example_dags/example_branch_labels.py took 0.117 seconds
[2025-08-20T08:36:41.767+0000] {processor.py:186} INFO - Started process (PID=62) to work on /home/airflow/.local/lib/python3.12/site-packages/airflow/example_dags/example_branch_labels.py
[2025-08-20T08:36:41.769+0000] {processor.py:914} INFO - Processing file /home/airflow/.local/lib/python3.12/site-packages/airflow/example_dags/example_branch_labels.py for tasks to queue
[2025-08-20T08:36:41.772+0000] {logging_mixin.py:190} INFO - [2025-08-20T08:36:41.772+0000] {dagbag.py:588} INFO - Filling up the DagBag from /home/airflow/.local/lib/python3.12/site-packages/airflow/example_dags/example_branch_labels.py
[2025-08-20T08:36:41.787+0000] {processor.py:925} INFO - DAG(s) 'example_branch_labels' retrieved from /home/airflow/.local/lib/python3.12/site-packages/airflow/example_dags/example_branch_labels.py
[2025-08-20T08:36:41.886+0000] {logging_mixin.py:190} INFO - [2025-08-20T08:36:41.885+0000] {dag.py:3239} INFO - Sync 1 DAGs
[2025-08-20T08:36:41.920+0000] {logging_mixin.py:190} INFO - [2025-08-20T08:36:41.919+0000] {dag.py:4180} INFO - Setting next_dagrun for example_branch_labels to 2025-08-19 00:00:00+00:00, run_after=2025-08-20 00:00:00+00:00
[2025-08-20T08:36:42.089+0000] {processor.py:208} INFO - Processing /home/airflow/.local/lib/python3.12/site-packages/airflow/example_dags/example_branch_labels.py took 0.331 seconds
[2025-08-20T08:37:12.713+0000] {processor.py:186} INFO - Started process (PID=118) to work on /home/airflow/.local/lib/python3.12/site-packages/airflow/example_dags/example_branch_labels.py
[2025-08-20T08:37:12.715+0000] {processor.py:914} INFO - Processing file /home/airflow/.local/lib/python3.12/site-packages/airflow/example_dags/example_branch_labels.py for tasks to queue
[2025-08-20T08:37:12.718+0000] {logging_mixin.py:190} INFO - [2025-08-20T08:37:12.718+0000] {dagbag.py:588} INFO - Filling up the DagBag from /home/airflow/.local/lib/python3.12/site-packages/airflow/example_dags/example_branch_labels.py
[2025-08-20T08:37:12.733+0000] {processor.py:925} INFO - DAG(s) 'example_branch_labels' retrieved from /home/airflow/.local/lib/python3.12/site-packages/airflow/example_dags/example_branch_labels.py
[2025-08-20T08:37:12.763+0000] {logging_mixin.py:190} INFO - [2025-08-20T08:37:12.763+0000] {dag.py:3239} INFO - Sync 1 DAGs
[2025-08-20T08:37:12.799+0000] {logging_mixin.py:190} INFO - [2025-08-20T08:37:12.798+0000] {dag.py:4180} INFO - Setting next_dagrun for example_branch_labels to 2025-08-19 00:00:00+00:00, run_after=2025-08-20 00:00:00+00:00
[2025-08-20T08:37:13.080+0000] {processor.py:208} INFO - Processing /home/airflow/.local/lib/python3.12/site-packages/airflow/example_dags/example_branch_labels.py took 0.376 seconds
[2025-08-20T08:37:43.704+0000] {processor.py:186} INFO - Started process (PID=174) to work on /home/airflow/.local/lib/python3.12/site-packages/airflow/example_dags/example_branch_labels.py
[2025-08-20T08:37:43.705+0000] {processor.py:914} INFO - Processing file /home/airflow/.local/lib/python3.12/site-packages/airflow/example_dags/example_branch_labels.py for tasks to queue
[2025-08-20T08:37:43.708+0000] {logging_mixin.py:190} INFO - [2025-08-20T08:37:43.708+0000] {dagbag.py:588} INFO - Filling up the DagBag from /home/airflow/.local/lib/python3.12/site-packages/airflow/example_dags/example_branch_labels.py
[2025-08-20T08:37:43.721+0000] {processor.py:925} INFO - DAG(s) 'example_branch_labels' retrieved from /home/airflow/.local/lib/python3.12/site-packages/airflow/example_dags/example_branch_labels.py
[2025-08-20T08:37:43.747+0000] {logging_mixin.py:190} INFO - [2025-08-20T08:37:43.747+0000] {dag.py:3239} INFO - Sync 1 DAGs
[2025-08-20T08:37:43.778+0000] {logging_mixin.py:190} INFO - [2025-08-20T08:37:43.778+0000] {dag.py:4180} INFO - Setting next_dagrun for example_branch_labels to 2025-08-19 00:00:00+00:00, run_after=2025-08-20 00:00:00+00:00
[2025-08-20T08:37:44.086+0000] {processor.py:208} INFO - Processing /home/airflow/.local/lib/python3.12/site-packages/airflow/example_dags/example_branch_labels.py took 0.390 seconds
[2025-08-20T08:38:14.416+0000] {processor.py:186} INFO - Started process (PID=230) to work on /home/airflow/.local/lib/python3.12/site-packages/airflow/example_dags/example_branch_labels.py
[2025-08-20T08:38:14.417+0000] {processor.py:914} INFO - Processing file /home/airflow/.local/lib/python3.12/site-packages/airflow/example_dags/example_branch_labels.py for tasks to queue
[2025-08-20T08:38:14.420+0000] {logging_mixin.py:190} INFO - [2025-08-20T08:38:14.420+0000] {dagbag.py:588} INFO - Filling up the DagBag from /home/airflow/.local/lib/python3.12/site-packages/airflow/example_dags/example_branch_labels.py
[2025-08-20T08:38:14.433+0000] {processor.py:925} INFO - DAG(s) 'example_branch_labels' retrieved from /home/airflow/.local/lib/python3.12/site-packages/airflow/example_dags/example_branch_labels.py
[2025-08-20T08:38:14.459+0000] {logging_mixin.py:190} INFO - [2025-08-20T08:38:14.458+0000] {dag.py:3239} INFO - Sync 1 DAGs
[2025-08-20T08:38:14.488+0000] {logging_mixin.py:190} INFO - [2025-08-20T08:38:14.488+0000] {dag.py:4180} INFO - Setting next_dagrun for example_branch_labels to 2025-08-19 00:00:00+00:00, run_after=2025-08-20 00:00:00+00:00
[2025-08-20T08:38:14.509+0000] {processor.py:208} INFO - Processing /home/airflow/.local/lib/python3.12/site-packages/airflow/example_dags/example_branch_labels.py took 0.101 seconds
[2025-08-20T08:38:44.959+0000] {processor.py:186} INFO - Started process (PID=286) to work on /home/airflow/.local/lib/python3.12/site-packages/airflow/example_dags/example_branch_labels.py
[2025-08-20T08:38:44.961+0000] {processor.py:914} INFO - Processing file /home/airflow/.local/lib/python3.12/site-packages/airflow/example_dags/example_branch_labels.py for tasks to queue
[2025-08-20T08:38:44.964+0000] {logging_mixin.py:190} INFO - [2025-08-20T08:38:44.964+0000] {dagbag.py:588} INFO - Filling up the DagBag from /home/airflow/.local/lib/python3.12/site-packages/airflow/example_dags/example_branch_labels.py
[2025-08-20T08:38:44.980+0000] {processor.py:925} INFO - DAG(s) 'example_branch_labels' retrieved from /home/airflow/.local/lib/python3.12/site-packages/airflow/example_dags/example_branch_labels.py
[2025-08-20T08:38:45.012+0000] {logging_mixin.py:190} INFO - [2025-08-20T08:38:45.012+0000] {dag.py:3239} INFO - Sync 1 DAGs
[2025-08-20T08:38:45.044+0000] {logging_mixin.py:190} INFO - [2025-08-20T08:38:45.043+0000] {dag.py:4180} INFO - Setting next_dagrun for example_branch_labels to 2025-08-19 00:00:00+00:00, run_after=2025-08-20 00:00:00+00:00
[2025-08-20T08:38:45.065+0000] {processor.py:208} INFO - Processing /home/airflow/.local/lib/python3.12/site-packages/airflow/example_dags/example_branch_labels.py took 0.114 seconds
[2025-08-20T08:39:15.557+0000] {processor.py:186} INFO - Started process (PID=342) to work on /home/airflow/.local/lib/python3.12/site-packages/airflow/example_dags/example_branch_labels.py
[2025-08-20T08:39:15.558+0000] {processor.py:914} INFO - Processing file /home/airflow/.local/lib/python3.12/site-packages/airflow/example_dags/example_branch_labels.py for tasks to queue
[2025-08-20T08:39:15.561+0000] {logging_mixin.py:190} INFO - [2025-08-20T08:39:15.561+0000] {dagbag.py:588} INFO - Filling up the DagBag from /home/airflow/.local/lib/python3.12/site-packages/airflow/example_dags/example_branch_labels.py
[2025-08-20T08:39:15.575+0000] {processor.py:925} INFO - DAG(s) 'example_branch_labels' retrieved from /home/airflow/.local/lib/python3.12/site-packages/airflow/example_dags/example_branch_labels.py
[2025-08-20T08:39:15.601+0000] {logging_mixin.py:190} INFO - [2025-08-20T08:39:15.601+0000] {dag.py:3239} INFO - Sync 1 DAGs
[2025-08-20T08:39:15.635+0000] {logging_mixin.py:190} INFO - [2025-08-20T08:39:15.635+0000] {dag.py:4180} INFO - Setting next_dagrun for example_branch_labels to 2025-08-19 00:00:00+00:00, run_after=2025-08-20 00:00:00+00:00
[2025-08-20T08:39:15.658+0000] {processor.py:208} INFO - Processing /home/airflow/.local/lib/python3.12/site-packages/airflow/example_dags/example_branch_labels.py took 0.109 seconds
[2025-08-20T08:40:56.005+0000] {processor.py:186} INFO - Started process (PID=62) to work on /home/airflow/.local/lib/python3.12/site-packages/airflow/example_dags/example_branch_labels.py
[2025-08-20T08:40:56.007+0000] {processor.py:914} INFO - Processing file /home/airflow/.local/lib/python3.12/site-packages/airflow/example_dags/example_branch_labels.py for tasks to queue
[2025-08-20T08:40:56.010+0000] {logging_mixin.py:190} INFO - [2025-08-20T08:40:56.010+0000] {dagbag.py:588} INFO - Filling up the DagBag from /home/airflow/.local/lib/python3.12/site-packages/airflow/example_dags/example_branch_labels.py
[2025-08-20T08:40:56.025+0000] {processor.py:925} INFO - DAG(s) 'example_branch_labels' retrieved from /home/airflow/.local/lib/python3.12/site-packages/airflow/example_dags/example_branch_labels.py
[2025-08-20T08:40:56.054+0000] {logging_mixin.py:190} INFO - [2025-08-20T08:40:56.054+0000] {dag.py:3239} INFO - Sync 1 DAGs
[2025-08-20T08:40:56.087+0000] {logging_mixin.py:190} INFO - [2025-08-20T08:40:56.087+0000] {dag.py:4180} INFO - Setting next_dagrun for example_branch_labels to 2025-08-19 00:00:00+00:00, run_after=2025-08-20 00:00:00+00:00
[2025-08-20T08:40:56.235+0000] {processor.py:208} INFO - Processing /home/airflow/.local/lib/python3.12/site-packages/airflow/example_dags/example_branch_labels.py took 0.239 seconds
[2025-08-20T08:41:27.059+0000] {processor.py:186} INFO - Started process (PID=118) to work on /home/airflow/.local/lib/python3.12/site-packages/airflow/example_dags/example_branch_labels.py
[2025-08-20T08:41:27.061+0000] {processor.py:914} INFO - Processing file /home/airflow/.local/lib/python3.12/site-packages/airflow/example_dags/example_branch_labels.py for tasks to queue
[2025-08-20T08:41:27.063+0000] {logging_mixin.py:190} INFO - [2025-08-20T08:41:27.063+0000] {dagbag.py:588} INFO - Filling up the DagBag from /home/airflow/.local/lib/python3.12/site-packages/airflow/example_dags/example_branch_labels.py
[2025-08-20T08:41:27.077+0000] {processor.py:925} INFO - DAG(s) 'example_branch_labels' retrieved from /home/airflow/.local/lib/python3.12/site-packages/airflow/example_dags/example_branch_labels.py
[2025-08-20T08:41:27.104+0000] {logging_mixin.py:190} INFO - [2025-08-20T08:41:27.104+0000] {dag.py:3239} INFO - Sync 1 DAGs
[2025-08-20T08:41:27.136+0000] {logging_mixin.py:190} INFO - [2025-08-20T08:41:27.136+0000] {dag.py:4180} INFO - Setting next_dagrun for example_branch_labels to 2025-08-19 00:00:00+00:00, run_after=2025-08-20 00:00:00+00:00
[2025-08-20T08:41:27.432+0000] {processor.py:208} INFO - Processing /home/airflow/.local/lib/python3.12/site-packages/airflow/example_dags/example_branch_labels.py took 0.381 seconds
[2025-08-20T08:41:58.045+0000] {processor.py:186} INFO - Started process (PID=174) to work on /home/airflow/.local/lib/python3.12/site-packages/airflow/example_dags/example_branch_labels.py
[2025-08-20T08:41:58.047+0000] {processor.py:914} INFO - Processing file /home/airflow/.local/lib/python3.12/site-packages/airflow/example_dags/example_branch_labels.py for tasks to queue
[2025-08-20T08:41:58.050+0000] {logging_mixin.py:190} INFO - [2025-08-20T08:41:58.049+0000] {dagbag.py:588} INFO - Filling up the DagBag from /home/airflow/.local/lib/python3.12/site-packages/airflow/example_dags/example_branch_labels.py
[2025-08-20T08:41:58.063+0000] {processor.py:925} INFO - DAG(s) 'example_branch_labels' retrieved from /home/airflow/.local/lib/python3.12/site-packages/airflow/example_dags/example_branch_labels.py
[2025-08-20T08:41:58.088+0000] {logging_mixin.py:190} INFO - [2025-08-20T08:41:58.088+0000] {dag.py:3239} INFO - Sync 1 DAGs
[2025-08-20T08:41:58.119+0000] {logging_mixin.py:190} INFO - [2025-08-20T08:41:58.118+0000] {dag.py:4180} INFO - Setting next_dagrun for example_branch_labels to 2025-08-19 00:00:00+00:00, run_after=2025-08-20 00:00:00+00:00
[2025-08-20T08:41:58.139+0000] {processor.py:208} INFO - Processing /home/airflow/.local/lib/python3.12/site-packages/airflow/example_dags/example_branch_labels.py took 0.102 seconds
[2025-08-20T08:42:28.553+0000] {processor.py:186} INFO - Started process (PID=230) to work on /home/airflow/.local/lib/python3.12/site-packages/airflow/example_dags/example_branch_labels.py
[2025-08-20T08:42:28.554+0000] {processor.py:914} INFO - Processing file /home/airflow/.local/lib/python3.12/site-packages/airflow/example_dags/example_branch_labels.py for tasks to queue
[2025-08-20T08:42:28.557+0000] {logging_mixin.py:190} INFO - [2025-08-20T08:42:28.557+0000] {dagbag.py:588} INFO - Filling up the DagBag from /home/airflow/.local/lib/python3.12/site-packages/airflow/example_dags/example_branch_labels.py
[2025-08-20T08:42:28.570+0000] {processor.py:925} INFO - DAG(s) 'example_branch_labels' retrieved from /home/airflow/.local/lib/python3.12/site-packages/airflow/example_dags/example_branch_labels.py
[2025-08-20T08:42:28.596+0000] {logging_mixin.py:190} INFO - [2025-08-20T08:42:28.596+0000] {dag.py:3239} INFO - Sync 1 DAGs
[2025-08-20T08:42:28.627+0000] {logging_mixin.py:190} INFO - [2025-08-20T08:42:28.627+0000] {dag.py:4180} INFO - Setting next_dagrun for example_branch_labels to 2025-08-19 00:00:00+00:00, run_after=2025-08-20 00:00:00+00:00
[2025-08-20T08:42:28.649+0000] {processor.py:208} INFO - Processing /home/airflow/.local/lib/python3.12/site-packages/airflow/example_dags/example_branch_labels.py took 0.104 seconds
[2025-08-20T08:42:59.122+0000] {processor.py:186} INFO - Started process (PID=286) to work on /home/airflow/.local/lib/python3.12/site-packages/airflow/example_dags/example_branch_labels.py
[2025-08-20T08:42:59.125+0000] {processor.py:914} INFO - Processing file /home/airflow/.local/lib/python3.12/site-packages/airflow/example_dags/example_branch_labels.py for tasks to queue
[2025-08-20T08:42:59.128+0000] {logging_mixin.py:190} INFO - [2025-08-20T08:42:59.127+0000] {dagbag.py:588} INFO - Filling up the DagBag from /home/airflow/.local/lib/python3.12/site-packages/airflow/example_dags/example_branch_labels.py
[2025-08-20T08:42:59.142+0000] {processor.py:925} INFO - DAG(s) 'example_branch_labels' retrieved from /home/airflow/.local/lib/python3.12/site-packages/airflow/example_dags/example_branch_labels.py
[2025-08-20T08:42:59.169+0000] {logging_mixin.py:190} INFO - [2025-08-20T08:42:59.169+0000] {dag.py:3239} INFO - Sync 1 DAGs
[2025-08-20T08:42:59.198+0000] {logging_mixin.py:190} INFO - [2025-08-20T08:42:59.198+0000] {dag.py:4180} INFO - Setting next_dagrun for example_branch_labels to 2025-08-19 00:00:00+00:00, run_after=2025-08-20 00:00:00+00:00
[2025-08-20T08:42:59.220+0000] {processor.py:208} INFO - Processing /home/airflow/.local/lib/python3.12/site-packages/airflow/example_dags/example_branch_labels.py took 0.107 seconds
[2025-08-20T08:43:29.563+0000] {processor.py:186} INFO - Started process (PID=342) to work on /home/airflow/.local/lib/python3.12/site-packages/airflow/example_dags/example_branch_labels.py
[2025-08-20T08:43:29.565+0000] {processor.py:914} INFO - Processing file /home/airflow/.local/lib/python3.12/site-packages/airflow/example_dags/example_branch_labels.py for tasks to queue
[2025-08-20T08:43:29.568+0000] {logging_mixin.py:190} INFO - [2025-08-20T08:43:29.568+0000] {dagbag.py:588} INFO - Filling up the DagBag from /home/airflow/.local/lib/python3.12/site-packages/airflow/example_dags/example_branch_labels.py
[2025-08-20T08:43:29.582+0000] {processor.py:925} INFO - DAG(s) 'example_branch_labels' retrieved from /home/airflow/.local/lib/python3.12/site-packages/airflow/example_dags/example_branch_labels.py
[2025-08-20T08:43:29.609+0000] {logging_mixin.py:190} INFO - [2025-08-20T08:43:29.608+0000] {dag.py:3239} INFO - Sync 1 DAGs
[2025-08-20T08:43:29.641+0000] {logging_mixin.py:190} INFO - [2025-08-20T08:43:29.640+0000] {dag.py:4180} INFO - Setting next_dagrun for example_branch_labels to 2025-08-19 00:00:00+00:00, run_after=2025-08-20 00:00:00+00:00
[2025-08-20T08:43:29.661+0000] {processor.py:208} INFO - Processing /home/airflow/.local/lib/python3.12/site-packages/airflow/example_dags/example_branch_labels.py took 0.106 seconds
[2025-08-20T08:43:59.945+0000] {processor.py:186} INFO - Started process (PID=398) to work on /home/airflow/.local/lib/python3.12/site-packages/airflow/example_dags/example_branch_labels.py
[2025-08-20T08:43:59.947+0000] {processor.py:914} INFO - Processing file /home/airflow/.local/lib/python3.12/site-packages/airflow/example_dags/example_branch_labels.py for tasks to queue
[2025-08-20T08:43:59.950+0000] {logging_mixin.py:190} INFO - [2025-08-20T08:43:59.950+0000] {dagbag.py:588} INFO - Filling up the DagBag from /home/airflow/.local/lib/python3.12/site-packages/airflow/example_dags/example_branch_labels.py
[2025-08-20T08:43:59.963+0000] {processor.py:925} INFO - DAG(s) 'example_branch_labels' retrieved from /home/airflow/.local/lib/python3.12/site-packages/airflow/example_dags/example_branch_labels.py
[2025-08-20T08:43:59.991+0000] {logging_mixin.py:190} INFO - [2025-08-20T08:43:59.990+0000] {dag.py:3239} INFO - Sync 1 DAGs
[2025-08-20T08:44:00.028+0000] {logging_mixin.py:190} INFO - [2025-08-20T08:44:00.028+0000] {dag.py:4180} INFO - Setting next_dagrun for example_branch_labels to 2025-08-19 00:00:00+00:00, run_after=2025-08-20 00:00:00+00:00
[2025-08-20T08:44:00.055+0000] {processor.py:208} INFO - Processing /home/airflow/.local/lib/python3.12/site-packages/airflow/example_dags/example_branch_labels.py took 0.118 seconds
[2025-08-20T08:44:30.477+0000] {processor.py:186} INFO - Started process (PID=454) to work on /home/airflow/.local/lib/python3.12/site-packages/airflow/example_dags/example_branch_labels.py
[2025-08-20T08:44:30.478+0000] {processor.py:914} INFO - Processing file /home/airflow/.local/lib/python3.12/site-packages/airflow/example_dags/example_branch_labels.py for tasks to queue
[2025-08-20T08:44:30.481+0000] {logging_mixin.py:190} INFO - [2025-08-20T08:44:30.481+0000] {dagbag.py:588} INFO - Filling up the DagBag from /home/airflow/.local/lib/python3.12/site-packages/airflow/example_dags/example_branch_labels.py
[2025-08-20T08:44:30.493+0000] {processor.py:925} INFO - DAG(s) 'example_branch_labels' retrieved from /home/airflow/.local/lib/python3.12/site-packages/airflow/example_dags/example_branch_labels.py
[2025-08-20T08:44:30.521+0000] {logging_mixin.py:190} INFO - [2025-08-20T08:44:30.520+0000] {dag.py:3239} INFO - Sync 1 DAGs
[2025-08-20T08:44:30.552+0000] {logging_mixin.py:190} INFO - [2025-08-20T08:44:30.552+0000] {dag.py:4180} INFO - Setting next_dagrun for example_branch_labels to 2025-08-19 00:00:00+00:00, run_after=2025-08-20 00:00:00+00:00
[2025-08-20T08:44:30.572+0000] {processor.py:208} INFO - Processing /home/airflow/.local/lib/python3.12/site-packages/airflow/example_dags/example_branch_labels.py took 0.104 seconds
[2025-08-20T08:45:00.925+0000] {processor.py:186} INFO - Started process (PID=510) to work on /home/airflow/.local/lib/python3.12/site-packages/airflow/example_dags/example_branch_labels.py
[2025-08-20T08:45:00.927+0000] {processor.py:914} INFO - Processing file /home/airflow/.local/lib/python3.12/site-packages/airflow/example_dags/example_branch_labels.py for tasks to queue
[2025-08-20T08:45:00.931+0000] {logging_mixin.py:190} INFO - [2025-08-20T08:45:00.930+0000] {dagbag.py:588} INFO - Filling up the DagBag from /home/airflow/.local/lib/python3.12/site-packages/airflow/example_dags/example_branch_labels.py
[2025-08-20T08:45:00.947+0000] {processor.py:925} INFO - DAG(s) 'example_branch_labels' retrieved from /home/airflow/.local/lib/python3.12/site-packages/airflow/example_dags/example_branch_labels.py
[2025-08-20T08:45:00.974+0000] {logging_mixin.py:190} INFO - [2025-08-20T08:45:00.973+0000] {dag.py:3239} INFO - Sync 1 DAGs
[2025-08-20T08:45:01.004+0000] {logging_mixin.py:190} INFO - [2025-08-20T08:45:01.003+0000] {dag.py:4180} INFO - Setting next_dagrun for example_branch_labels to 2025-08-19 00:00:00+00:00, run_after=2025-08-20 00:00:00+00:00
[2025-08-20T08:45:01.023+0000] {processor.py:208} INFO - Processing /home/airflow/.local/lib/python3.12/site-packages/airflow/example_dags/example_branch_labels.py took 0.107 seconds
[2025-08-20T08:46:28.543+0000] {processor.py:186} INFO - Started process (PID=62) to work on /home/airflow/.local/lib/python3.12/site-packages/airflow/example_dags/example_branch_labels.py
[2025-08-20T08:46:28.545+0000] {processor.py:914} INFO - Processing file /home/airflow/.local/lib/python3.12/site-packages/airflow/example_dags/example_branch_labels.py for tasks to queue
[2025-08-20T08:46:28.548+0000] {logging_mixin.py:190} INFO - [2025-08-20T08:46:28.547+0000] {dagbag.py:588} INFO - Filling up the DagBag from /home/airflow/.local/lib/python3.12/site-packages/airflow/example_dags/example_branch_labels.py
[2025-08-20T08:46:28.562+0000] {processor.py:925} INFO - DAG(s) 'example_branch_labels' retrieved from /home/airflow/.local/lib/python3.12/site-packages/airflow/example_dags/example_branch_labels.py
[2025-08-20T08:46:28.690+0000] {logging_mixin.py:190} INFO - [2025-08-20T08:46:28.690+0000] {dag.py:3239} INFO - Sync 1 DAGs
[2025-08-20T08:46:28.724+0000] {logging_mixin.py:190} INFO - [2025-08-20T08:46:28.724+0000] {dag.py:4180} INFO - Setting next_dagrun for example_branch_labels to 2025-08-19 00:00:00+00:00, run_after=2025-08-20 00:00:00+00:00
[2025-08-20T08:46:28.833+0000] {processor.py:208} INFO - Processing /home/airflow/.local/lib/python3.12/site-packages/airflow/example_dags/example_branch_labels.py took 0.298 seconds
[2025-08-20T08:47:00.041+0000] {processor.py:186} INFO - Started process (PID=118) to work on /home/airflow/.local/lib/python3.12/site-packages/airflow/example_dags/example_branch_labels.py
[2025-08-20T08:47:00.042+0000] {processor.py:914} INFO - Processing file /home/airflow/.local/lib/python3.12/site-packages/airflow/example_dags/example_branch_labels.py for tasks to queue
[2025-08-20T08:47:00.046+0000] {logging_mixin.py:190} INFO - [2025-08-20T08:47:00.045+0000] {dagbag.py:588} INFO - Filling up the DagBag from /home/airflow/.local/lib/python3.12/site-packages/airflow/example_dags/example_branch_labels.py
[2025-08-20T08:47:00.059+0000] {processor.py:925} INFO - DAG(s) 'example_branch_labels' retrieved from /home/airflow/.local/lib/python3.12/site-packages/airflow/example_dags/example_branch_labels.py
[2025-08-20T08:47:00.088+0000] {logging_mixin.py:190} INFO - [2025-08-20T08:47:00.087+0000] {dag.py:3239} INFO - Sync 1 DAGs
[2025-08-20T08:47:00.120+0000] {logging_mixin.py:190} INFO - [2025-08-20T08:47:00.119+0000] {dag.py:4180} INFO - Setting next_dagrun for example_branch_labels to 2025-08-19 00:00:00+00:00, run_after=2025-08-20 00:00:00+00:00
[2025-08-20T08:47:00.625+0000] {processor.py:208} INFO - Processing /home/airflow/.local/lib/python3.12/site-packages/airflow/example_dags/example_branch_labels.py took 0.593 seconds
[2025-08-20T08:47:31.369+0000] {processor.py:186} INFO - Started process (PID=174) to work on /home/airflow/.local/lib/python3.12/site-packages/airflow/example_dags/example_branch_labels.py
[2025-08-20T08:47:31.370+0000] {processor.py:914} INFO - Processing file /home/airflow/.local/lib/python3.12/site-packages/airflow/example_dags/example_branch_labels.py for tasks to queue
[2025-08-20T08:47:31.373+0000] {logging_mixin.py:190} INFO - [2025-08-20T08:47:31.373+0000] {dagbag.py:588} INFO - Filling up the DagBag from /home/airflow/.local/lib/python3.12/site-packages/airflow/example_dags/example_branch_labels.py
[2025-08-20T08:47:31.387+0000] {processor.py:925} INFO - DAG(s) 'example_branch_labels' retrieved from /home/airflow/.local/lib/python3.12/site-packages/airflow/example_dags/example_branch_labels.py
[2025-08-20T08:47:31.415+0000] {logging_mixin.py:190} INFO - [2025-08-20T08:47:31.415+0000] {dag.py:3239} INFO - Sync 1 DAGs
[2025-08-20T08:47:31.446+0000] {logging_mixin.py:190} INFO - [2025-08-20T08:47:31.445+0000] {dag.py:4180} INFO - Setting next_dagrun for example_branch_labels to 2025-08-19 00:00:00+00:00, run_after=2025-08-20 00:00:00+00:00
[2025-08-20T08:47:31.634+0000] {processor.py:208} INFO - Processing /home/airflow/.local/lib/python3.12/site-packages/airflow/example_dags/example_branch_labels.py took 0.274 seconds
[2025-08-20T08:48:02.283+0000] {processor.py:186} INFO - Started process (PID=230) to work on /home/airflow/.local/lib/python3.12/site-packages/airflow/example_dags/example_branch_labels.py
[2025-08-20T08:48:02.284+0000] {processor.py:914} INFO - Processing file /home/airflow/.local/lib/python3.12/site-packages/airflow/example_dags/example_branch_labels.py for tasks to queue
[2025-08-20T08:48:02.288+0000] {logging_mixin.py:190} INFO - [2025-08-20T08:48:02.288+0000] {dagbag.py:588} INFO - Filling up the DagBag from /home/airflow/.local/lib/python3.12/site-packages/airflow/example_dags/example_branch_labels.py
[2025-08-20T08:48:02.301+0000] {processor.py:925} INFO - DAG(s) 'example_branch_labels' retrieved from /home/airflow/.local/lib/python3.12/site-packages/airflow/example_dags/example_branch_labels.py
[2025-08-20T08:48:02.328+0000] {logging_mixin.py:190} INFO - [2025-08-20T08:48:02.328+0000] {dag.py:3239} INFO - Sync 1 DAGs
[2025-08-20T08:48:02.359+0000] {logging_mixin.py:190} INFO - [2025-08-20T08:48:02.359+0000] {dag.py:4180} INFO - Setting next_dagrun for example_branch_labels to 2025-08-19 00:00:00+00:00, run_after=2025-08-20 00:00:00+00:00
[2025-08-20T08:48:02.381+0000] {processor.py:208} INFO - Processing /home/airflow/.local/lib/python3.12/site-packages/airflow/example_dags/example_branch_labels.py took 0.110 seconds
