[2025-08-20T08:25:45.259+0000] {processor.py:186} INFO - Started process (PID=34) to work on /home/airflow/.local/lib/python3.12/site-packages/airflow/example_dags/example_time_delta_sensor_async.py
[2025-08-20T08:25:45.260+0000] {processor.py:914} INFO - Processing file /home/airflow/.local/lib/python3.12/site-packages/airflow/example_dags/example_time_delta_sensor_async.py for tasks to queue
[2025-08-20T08:25:45.263+0000] {logging_mixin.py:190} INFO - [2025-08-20T08:25:45.263+0000] {dagbag.py:588} INFO - Filling up the DagBag from /home/airflow/.local/lib/python3.12/site-packages/airflow/example_dags/example_time_delta_sensor_async.py
[2025-08-20T08:25:45.275+0000] {processor.py:925} INFO - DAG(s) 'example_time_delta_sensor_async' retrieved from /home/airflow/.local/lib/python3.12/site-packages/airflow/example_dags/example_time_delta_sensor_async.py
[2025-08-20T08:25:45.317+0000] {logging_mixin.py:190} INFO - [2025-08-20T08:25:45.317+0000] {dag.py:3239} INFO - Sync 1 DAGs
[2025-08-20T08:25:45.343+0000] {logging_mixin.py:190} INFO - [2025-08-20T08:25:45.343+0000] {dag.py:4180} INFO - Setting next_dagrun for example_time_delta_sensor_async to None, run_after=None
[2025-08-20T08:25:45.631+0000] {processor.py:208} INFO - Processing /home/airflow/.local/lib/python3.12/site-packages/airflow/example_dags/example_time_delta_sensor_async.py took 0.381 seconds
[2025-08-20T08:26:16.212+0000] {processor.py:186} INFO - Started process (PID=90) to work on /home/airflow/.local/lib/python3.12/site-packages/airflow/example_dags/example_time_delta_sensor_async.py
[2025-08-20T08:26:16.213+0000] {processor.py:914} INFO - Processing file /home/airflow/.local/lib/python3.12/site-packages/airflow/example_dags/example_time_delta_sensor_async.py for tasks to queue
[2025-08-20T08:26:16.216+0000] {logging_mixin.py:190} INFO - [2025-08-20T08:26:16.216+0000] {dagbag.py:588} INFO - Filling up the DagBag from /home/airflow/.local/lib/python3.12/site-packages/airflow/example_dags/example_time_delta_sensor_async.py
[2025-08-20T08:26:16.225+0000] {processor.py:925} INFO - DAG(s) 'example_time_delta_sensor_async' retrieved from /home/airflow/.local/lib/python3.12/site-packages/airflow/example_dags/example_time_delta_sensor_async.py
[2025-08-20T08:26:16.250+0000] {logging_mixin.py:190} INFO - [2025-08-20T08:26:16.250+0000] {dag.py:3239} INFO - Sync 1 DAGs
[2025-08-20T08:26:16.269+0000] {logging_mixin.py:190} INFO - [2025-08-20T08:26:16.269+0000] {dag.py:4180} INFO - Setting next_dagrun for example_time_delta_sensor_async to None, run_after=None
[2025-08-20T08:26:16.557+0000] {processor.py:208} INFO - Processing /home/airflow/.local/lib/python3.12/site-packages/airflow/example_dags/example_time_delta_sensor_async.py took 0.354 seconds
[2025-08-20T08:26:46.753+0000] {processor.py:186} INFO - Started process (PID=146) to work on /home/airflow/.local/lib/python3.12/site-packages/airflow/example_dags/example_time_delta_sensor_async.py
[2025-08-20T08:26:46.754+0000] {processor.py:914} INFO - Processing file /home/airflow/.local/lib/python3.12/site-packages/airflow/example_dags/example_time_delta_sensor_async.py for tasks to queue
[2025-08-20T08:26:46.758+0000] {logging_mixin.py:190} INFO - [2025-08-20T08:26:46.757+0000] {dagbag.py:588} INFO - Filling up the DagBag from /home/airflow/.local/lib/python3.12/site-packages/airflow/example_dags/example_time_delta_sensor_async.py
[2025-08-20T08:26:46.767+0000] {processor.py:925} INFO - DAG(s) 'example_time_delta_sensor_async' retrieved from /home/airflow/.local/lib/python3.12/site-packages/airflow/example_dags/example_time_delta_sensor_async.py
[2025-08-20T08:26:46.793+0000] {logging_mixin.py:190} INFO - [2025-08-20T08:26:46.792+0000] {dag.py:3239} INFO - Sync 1 DAGs
[2025-08-20T08:26:46.812+0000] {logging_mixin.py:190} INFO - [2025-08-20T08:26:46.812+0000] {dag.py:4180} INFO - Setting next_dagrun for example_time_delta_sensor_async to None, run_after=None
[2025-08-20T08:26:47.066+0000] {processor.py:208} INFO - Processing /home/airflow/.local/lib/python3.12/site-packages/airflow/example_dags/example_time_delta_sensor_async.py took 0.321 seconds
[2025-08-20T08:27:17.495+0000] {processor.py:186} INFO - Started process (PID=202) to work on /home/airflow/.local/lib/python3.12/site-packages/airflow/example_dags/example_time_delta_sensor_async.py
[2025-08-20T08:27:17.497+0000] {processor.py:914} INFO - Processing file /home/airflow/.local/lib/python3.12/site-packages/airflow/example_dags/example_time_delta_sensor_async.py for tasks to queue
[2025-08-20T08:27:17.500+0000] {logging_mixin.py:190} INFO - [2025-08-20T08:27:17.500+0000] {dagbag.py:588} INFO - Filling up the DagBag from /home/airflow/.local/lib/python3.12/site-packages/airflow/example_dags/example_time_delta_sensor_async.py
[2025-08-20T08:27:17.509+0000] {processor.py:925} INFO - DAG(s) 'example_time_delta_sensor_async' retrieved from /home/airflow/.local/lib/python3.12/site-packages/airflow/example_dags/example_time_delta_sensor_async.py
[2025-08-20T08:27:17.534+0000] {logging_mixin.py:190} INFO - [2025-08-20T08:27:17.533+0000] {dag.py:3239} INFO - Sync 1 DAGs
[2025-08-20T08:27:17.554+0000] {logging_mixin.py:190} INFO - [2025-08-20T08:27:17.554+0000] {dag.py:4180} INFO - Setting next_dagrun for example_time_delta_sensor_async to None, run_after=None
[2025-08-20T08:27:17.574+0000] {processor.py:208} INFO - Processing /home/airflow/.local/lib/python3.12/site-packages/airflow/example_dags/example_time_delta_sensor_async.py took 0.087 seconds
[2025-08-20T08:27:48.228+0000] {processor.py:186} INFO - Started process (PID=258) to work on /home/airflow/.local/lib/python3.12/site-packages/airflow/example_dags/example_time_delta_sensor_async.py
[2025-08-20T08:27:48.229+0000] {processor.py:914} INFO - Processing file /home/airflow/.local/lib/python3.12/site-packages/airflow/example_dags/example_time_delta_sensor_async.py for tasks to queue
[2025-08-20T08:27:48.232+0000] {logging_mixin.py:190} INFO - [2025-08-20T08:27:48.232+0000] {dagbag.py:588} INFO - Filling up the DagBag from /home/airflow/.local/lib/python3.12/site-packages/airflow/example_dags/example_time_delta_sensor_async.py
[2025-08-20T08:27:48.241+0000] {processor.py:925} INFO - DAG(s) 'example_time_delta_sensor_async' retrieved from /home/airflow/.local/lib/python3.12/site-packages/airflow/example_dags/example_time_delta_sensor_async.py
[2025-08-20T08:27:48.266+0000] {logging_mixin.py:190} INFO - [2025-08-20T08:27:48.266+0000] {dag.py:3239} INFO - Sync 1 DAGs
[2025-08-20T08:27:48.285+0000] {logging_mixin.py:190} INFO - [2025-08-20T08:27:48.285+0000] {dag.py:4180} INFO - Setting next_dagrun for example_time_delta_sensor_async to None, run_after=None
[2025-08-20T08:27:48.306+0000] {processor.py:208} INFO - Processing /home/airflow/.local/lib/python3.12/site-packages/airflow/example_dags/example_time_delta_sensor_async.py took 0.087 seconds
[2025-08-20T08:28:18.497+0000] {processor.py:186} INFO - Started process (PID=313) to work on /home/airflow/.local/lib/python3.12/site-packages/airflow/example_dags/example_time_delta_sensor_async.py
[2025-08-20T08:28:18.499+0000] {processor.py:914} INFO - Processing file /home/airflow/.local/lib/python3.12/site-packages/airflow/example_dags/example_time_delta_sensor_async.py for tasks to queue
[2025-08-20T08:28:18.502+0000] {logging_mixin.py:190} INFO - [2025-08-20T08:28:18.501+0000] {dagbag.py:588} INFO - Filling up the DagBag from /home/airflow/.local/lib/python3.12/site-packages/airflow/example_dags/example_time_delta_sensor_async.py
[2025-08-20T08:28:18.513+0000] {processor.py:925} INFO - DAG(s) 'example_time_delta_sensor_async' retrieved from /home/airflow/.local/lib/python3.12/site-packages/airflow/example_dags/example_time_delta_sensor_async.py
[2025-08-20T08:28:18.538+0000] {logging_mixin.py:190} INFO - [2025-08-20T08:28:18.538+0000] {dag.py:3239} INFO - Sync 1 DAGs
[2025-08-20T08:28:18.555+0000] {logging_mixin.py:190} INFO - [2025-08-20T08:28:18.555+0000] {dag.py:4180} INFO - Setting next_dagrun for example_time_delta_sensor_async to None, run_after=None
[2025-08-20T08:28:18.579+0000] {processor.py:208} INFO - Processing /home/airflow/.local/lib/python3.12/site-packages/airflow/example_dags/example_time_delta_sensor_async.py took 0.090 seconds
[2025-08-20T08:28:48.838+0000] {processor.py:186} INFO - Started process (PID=369) to work on /home/airflow/.local/lib/python3.12/site-packages/airflow/example_dags/example_time_delta_sensor_async.py
[2025-08-20T08:28:48.840+0000] {processor.py:914} INFO - Processing file /home/airflow/.local/lib/python3.12/site-packages/airflow/example_dags/example_time_delta_sensor_async.py for tasks to queue
[2025-08-20T08:28:48.843+0000] {logging_mixin.py:190} INFO - [2025-08-20T08:28:48.843+0000] {dagbag.py:588} INFO - Filling up the DagBag from /home/airflow/.local/lib/python3.12/site-packages/airflow/example_dags/example_time_delta_sensor_async.py
[2025-08-20T08:28:48.852+0000] {processor.py:925} INFO - DAG(s) 'example_time_delta_sensor_async' retrieved from /home/airflow/.local/lib/python3.12/site-packages/airflow/example_dags/example_time_delta_sensor_async.py
[2025-08-20T08:28:48.880+0000] {logging_mixin.py:190} INFO - [2025-08-20T08:28:48.879+0000] {dag.py:3239} INFO - Sync 1 DAGs
[2025-08-20T08:28:48.898+0000] {logging_mixin.py:190} INFO - [2025-08-20T08:28:48.898+0000] {dag.py:4180} INFO - Setting next_dagrun for example_time_delta_sensor_async to None, run_after=None
[2025-08-20T08:28:48.920+0000] {processor.py:208} INFO - Processing /home/airflow/.local/lib/python3.12/site-packages/airflow/example_dags/example_time_delta_sensor_async.py took 0.090 seconds
[2025-08-20T08:29:19.518+0000] {processor.py:186} INFO - Started process (PID=426) to work on /home/airflow/.local/lib/python3.12/site-packages/airflow/example_dags/example_time_delta_sensor_async.py
[2025-08-20T08:29:19.521+0000] {processor.py:914} INFO - Processing file /home/airflow/.local/lib/python3.12/site-packages/airflow/example_dags/example_time_delta_sensor_async.py for tasks to queue
[2025-08-20T08:29:19.524+0000] {logging_mixin.py:190} INFO - [2025-08-20T08:29:19.524+0000] {dagbag.py:588} INFO - Filling up the DagBag from /home/airflow/.local/lib/python3.12/site-packages/airflow/example_dags/example_time_delta_sensor_async.py
[2025-08-20T08:29:19.536+0000] {processor.py:925} INFO - DAG(s) 'example_time_delta_sensor_async' retrieved from /home/airflow/.local/lib/python3.12/site-packages/airflow/example_dags/example_time_delta_sensor_async.py
[2025-08-20T08:29:19.562+0000] {logging_mixin.py:190} INFO - [2025-08-20T08:29:19.561+0000] {dag.py:3239} INFO - Sync 1 DAGs
[2025-08-20T08:29:19.579+0000] {logging_mixin.py:190} INFO - [2025-08-20T08:29:19.579+0000] {dag.py:4180} INFO - Setting next_dagrun for example_time_delta_sensor_async to None, run_after=None
[2025-08-20T08:29:19.600+0000] {processor.py:208} INFO - Processing /home/airflow/.local/lib/python3.12/site-packages/airflow/example_dags/example_time_delta_sensor_async.py took 0.092 seconds
[2025-08-20T08:30:19.936+0000] {processor.py:186} INFO - Started process (PID=32) to work on /home/airflow/.local/lib/python3.12/site-packages/airflow/example_dags/example_time_delta_sensor_async.py
[2025-08-20T08:30:19.937+0000] {processor.py:914} INFO - Processing file /home/airflow/.local/lib/python3.12/site-packages/airflow/example_dags/example_time_delta_sensor_async.py for tasks to queue
[2025-08-20T08:30:19.941+0000] {logging_mixin.py:190} INFO - [2025-08-20T08:30:19.940+0000] {dagbag.py:588} INFO - Filling up the DagBag from /home/airflow/.local/lib/python3.12/site-packages/airflow/example_dags/example_time_delta_sensor_async.py
[2025-08-20T08:30:19.953+0000] {processor.py:925} INFO - DAG(s) 'example_time_delta_sensor_async' retrieved from /home/airflow/.local/lib/python3.12/site-packages/airflow/example_dags/example_time_delta_sensor_async.py
[2025-08-20T08:30:19.986+0000] {logging_mixin.py:190} INFO - [2025-08-20T08:30:19.986+0000] {dag.py:3239} INFO - Sync 1 DAGs
[2025-08-20T08:30:20.005+0000] {logging_mixin.py:190} INFO - [2025-08-20T08:30:20.004+0000] {dag.py:4180} INFO - Setting next_dagrun for example_time_delta_sensor_async to None, run_after=None
[2025-08-20T08:30:20.223+0000] {processor.py:208} INFO - Processing /home/airflow/.local/lib/python3.12/site-packages/airflow/example_dags/example_time_delta_sensor_async.py took 0.297 seconds
[2025-08-20T08:30:51.396+0000] {processor.py:186} INFO - Started process (PID=88) to work on /home/airflow/.local/lib/python3.12/site-packages/airflow/example_dags/example_time_delta_sensor_async.py
[2025-08-20T08:30:51.397+0000] {processor.py:914} INFO - Processing file /home/airflow/.local/lib/python3.12/site-packages/airflow/example_dags/example_time_delta_sensor_async.py for tasks to queue
[2025-08-20T08:30:51.401+0000] {logging_mixin.py:190} INFO - [2025-08-20T08:30:51.400+0000] {dagbag.py:588} INFO - Filling up the DagBag from /home/airflow/.local/lib/python3.12/site-packages/airflow/example_dags/example_time_delta_sensor_async.py
[2025-08-20T08:30:51.412+0000] {processor.py:925} INFO - DAG(s) 'example_time_delta_sensor_async' retrieved from /home/airflow/.local/lib/python3.12/site-packages/airflow/example_dags/example_time_delta_sensor_async.py
[2025-08-20T08:30:51.441+0000] {logging_mixin.py:190} INFO - [2025-08-20T08:30:51.441+0000] {dag.py:3239} INFO - Sync 1 DAGs
[2025-08-20T08:30:51.462+0000] {logging_mixin.py:190} INFO - [2025-08-20T08:30:51.462+0000] {dag.py:4180} INFO - Setting next_dagrun for example_time_delta_sensor_async to None, run_after=None
[2025-08-20T08:30:51.688+0000] {processor.py:208} INFO - Processing /home/airflow/.local/lib/python3.12/site-packages/airflow/example_dags/example_time_delta_sensor_async.py took 0.302 seconds
[2025-08-20T08:31:22.035+0000] {processor.py:186} INFO - Started process (PID=144) to work on /home/airflow/.local/lib/python3.12/site-packages/airflow/example_dags/example_time_delta_sensor_async.py
[2025-08-20T08:31:22.037+0000] {processor.py:914} INFO - Processing file /home/airflow/.local/lib/python3.12/site-packages/airflow/example_dags/example_time_delta_sensor_async.py for tasks to queue
[2025-08-20T08:31:22.040+0000] {logging_mixin.py:190} INFO - [2025-08-20T08:31:22.039+0000] {dagbag.py:588} INFO - Filling up the DagBag from /home/airflow/.local/lib/python3.12/site-packages/airflow/example_dags/example_time_delta_sensor_async.py
[2025-08-20T08:31:22.050+0000] {processor.py:925} INFO - DAG(s) 'example_time_delta_sensor_async' retrieved from /home/airflow/.local/lib/python3.12/site-packages/airflow/example_dags/example_time_delta_sensor_async.py
[2025-08-20T08:31:22.078+0000] {logging_mixin.py:190} INFO - [2025-08-20T08:31:22.078+0000] {dag.py:3239} INFO - Sync 1 DAGs
[2025-08-20T08:31:22.096+0000] {logging_mixin.py:190} INFO - [2025-08-20T08:31:22.096+0000] {dag.py:4180} INFO - Setting next_dagrun for example_time_delta_sensor_async to None, run_after=None
[2025-08-20T08:31:22.324+0000] {processor.py:208} INFO - Processing /home/airflow/.local/lib/python3.12/site-packages/airflow/example_dags/example_time_delta_sensor_async.py took 0.297 seconds
[2025-08-20T08:31:52.649+0000] {processor.py:186} INFO - Started process (PID=200) to work on /home/airflow/.local/lib/python3.12/site-packages/airflow/example_dags/example_time_delta_sensor_async.py
[2025-08-20T08:31:52.650+0000] {processor.py:914} INFO - Processing file /home/airflow/.local/lib/python3.12/site-packages/airflow/example_dags/example_time_delta_sensor_async.py for tasks to queue
[2025-08-20T08:31:52.653+0000] {logging_mixin.py:190} INFO - [2025-08-20T08:31:52.653+0000] {dagbag.py:588} INFO - Filling up the DagBag from /home/airflow/.local/lib/python3.12/site-packages/airflow/example_dags/example_time_delta_sensor_async.py
[2025-08-20T08:31:52.662+0000] {processor.py:925} INFO - DAG(s) 'example_time_delta_sensor_async' retrieved from /home/airflow/.local/lib/python3.12/site-packages/airflow/example_dags/example_time_delta_sensor_async.py
[2025-08-20T08:31:52.687+0000] {logging_mixin.py:190} INFO - [2025-08-20T08:31:52.686+0000] {dag.py:3239} INFO - Sync 1 DAGs
[2025-08-20T08:31:52.707+0000] {logging_mixin.py:190} INFO - [2025-08-20T08:31:52.707+0000] {dag.py:4180} INFO - Setting next_dagrun for example_time_delta_sensor_async to None, run_after=None
[2025-08-20T08:31:52.728+0000] {processor.py:208} INFO - Processing /home/airflow/.local/lib/python3.12/site-packages/airflow/example_dags/example_time_delta_sensor_async.py took 0.088 seconds
[2025-08-20T08:32:16.964+0000] {processor.py:186} INFO - Started process (PID=33) to work on /home/airflow/.local/lib/python3.12/site-packages/airflow/example_dags/example_time_delta_sensor_async.py
[2025-08-20T08:32:16.966+0000] {processor.py:914} INFO - Processing file /home/airflow/.local/lib/python3.12/site-packages/airflow/example_dags/example_time_delta_sensor_async.py for tasks to queue
[2025-08-20T08:32:16.969+0000] {logging_mixin.py:190} INFO - [2025-08-20T08:32:16.969+0000] {dagbag.py:588} INFO - Filling up the DagBag from /home/airflow/.local/lib/python3.12/site-packages/airflow/example_dags/example_time_delta_sensor_async.py
[2025-08-20T08:32:16.980+0000] {processor.py:925} INFO - DAG(s) 'example_time_delta_sensor_async' retrieved from /home/airflow/.local/lib/python3.12/site-packages/airflow/example_dags/example_time_delta_sensor_async.py
[2025-08-20T08:32:17.022+0000] {logging_mixin.py:190} INFO - [2025-08-20T08:32:17.021+0000] {dag.py:3239} INFO - Sync 1 DAGs
[2025-08-20T08:32:17.042+0000] {logging_mixin.py:190} INFO - [2025-08-20T08:32:17.042+0000] {dag.py:4180} INFO - Setting next_dagrun for example_time_delta_sensor_async to None, run_after=None
[2025-08-20T08:32:17.063+0000] {processor.py:208} INFO - Processing /home/airflow/.local/lib/python3.12/site-packages/airflow/example_dags/example_time_delta_sensor_async.py took 0.107 seconds
[2025-08-20T08:32:47.392+0000] {processor.py:186} INFO - Started process (PID=89) to work on /home/airflow/.local/lib/python3.12/site-packages/airflow/example_dags/example_time_delta_sensor_async.py
[2025-08-20T08:32:47.393+0000] {processor.py:914} INFO - Processing file /home/airflow/.local/lib/python3.12/site-packages/airflow/example_dags/example_time_delta_sensor_async.py for tasks to queue
[2025-08-20T08:32:47.396+0000] {logging_mixin.py:190} INFO - [2025-08-20T08:32:47.396+0000] {dagbag.py:588} INFO - Filling up the DagBag from /home/airflow/.local/lib/python3.12/site-packages/airflow/example_dags/example_time_delta_sensor_async.py
[2025-08-20T08:32:47.406+0000] {processor.py:925} INFO - DAG(s) 'example_time_delta_sensor_async' retrieved from /home/airflow/.local/lib/python3.12/site-packages/airflow/example_dags/example_time_delta_sensor_async.py
[2025-08-20T08:32:47.430+0000] {logging_mixin.py:190} INFO - [2025-08-20T08:32:47.430+0000] {dag.py:3239} INFO - Sync 1 DAGs
[2025-08-20T08:32:47.450+0000] {logging_mixin.py:190} INFO - [2025-08-20T08:32:47.449+0000] {dag.py:4180} INFO - Setting next_dagrun for example_time_delta_sensor_async to None, run_after=None
[2025-08-20T08:32:47.469+0000] {processor.py:208} INFO - Processing /home/airflow/.local/lib/python3.12/site-packages/airflow/example_dags/example_time_delta_sensor_async.py took 0.085 seconds
[2025-08-20T08:33:18.434+0000] {processor.py:186} INFO - Started process (PID=145) to work on /home/airflow/.local/lib/python3.12/site-packages/airflow/example_dags/example_time_delta_sensor_async.py
[2025-08-20T08:33:18.435+0000] {processor.py:914} INFO - Processing file /home/airflow/.local/lib/python3.12/site-packages/airflow/example_dags/example_time_delta_sensor_async.py for tasks to queue
[2025-08-20T08:33:18.438+0000] {logging_mixin.py:190} INFO - [2025-08-20T08:33:18.437+0000] {dagbag.py:588} INFO - Filling up the DagBag from /home/airflow/.local/lib/python3.12/site-packages/airflow/example_dags/example_time_delta_sensor_async.py
[2025-08-20T08:33:18.447+0000] {processor.py:925} INFO - DAG(s) 'example_time_delta_sensor_async' retrieved from /home/airflow/.local/lib/python3.12/site-packages/airflow/example_dags/example_time_delta_sensor_async.py
[2025-08-20T08:33:18.471+0000] {logging_mixin.py:190} INFO - [2025-08-20T08:33:18.471+0000] {dag.py:3239} INFO - Sync 1 DAGs
[2025-08-20T08:33:18.490+0000] {logging_mixin.py:190} INFO - [2025-08-20T08:33:18.490+0000] {dag.py:4180} INFO - Setting next_dagrun for example_time_delta_sensor_async to None, run_after=None
[2025-08-20T08:33:18.812+0000] {processor.py:208} INFO - Processing /home/airflow/.local/lib/python3.12/site-packages/airflow/example_dags/example_time_delta_sensor_async.py took 0.386 seconds
[2025-08-20T08:33:49.499+0000] {processor.py:186} INFO - Started process (PID=201) to work on /home/airflow/.local/lib/python3.12/site-packages/airflow/example_dags/example_time_delta_sensor_async.py
[2025-08-20T08:33:49.501+0000] {processor.py:914} INFO - Processing file /home/airflow/.local/lib/python3.12/site-packages/airflow/example_dags/example_time_delta_sensor_async.py for tasks to queue
[2025-08-20T08:33:49.504+0000] {logging_mixin.py:190} INFO - [2025-08-20T08:33:49.503+0000] {dagbag.py:588} INFO - Filling up the DagBag from /home/airflow/.local/lib/python3.12/site-packages/airflow/example_dags/example_time_delta_sensor_async.py
[2025-08-20T08:33:49.513+0000] {processor.py:925} INFO - DAG(s) 'example_time_delta_sensor_async' retrieved from /home/airflow/.local/lib/python3.12/site-packages/airflow/example_dags/example_time_delta_sensor_async.py
[2025-08-20T08:33:49.535+0000] {logging_mixin.py:190} INFO - [2025-08-20T08:33:49.535+0000] {dag.py:3239} INFO - Sync 1 DAGs
[2025-08-20T08:33:49.553+0000] {logging_mixin.py:190} INFO - [2025-08-20T08:33:49.553+0000] {dag.py:4180} INFO - Setting next_dagrun for example_time_delta_sensor_async to None, run_after=None
[2025-08-20T08:33:49.573+0000] {processor.py:208} INFO - Processing /home/airflow/.local/lib/python3.12/site-packages/airflow/example_dags/example_time_delta_sensor_async.py took 0.082 seconds
[2025-08-20T08:34:19.878+0000] {processor.py:186} INFO - Started process (PID=257) to work on /home/airflow/.local/lib/python3.12/site-packages/airflow/example_dags/example_time_delta_sensor_async.py
[2025-08-20T08:34:19.880+0000] {processor.py:914} INFO - Processing file /home/airflow/.local/lib/python3.12/site-packages/airflow/example_dags/example_time_delta_sensor_async.py for tasks to queue
[2025-08-20T08:34:19.882+0000] {logging_mixin.py:190} INFO - [2025-08-20T08:34:19.882+0000] {dagbag.py:588} INFO - Filling up the DagBag from /home/airflow/.local/lib/python3.12/site-packages/airflow/example_dags/example_time_delta_sensor_async.py
[2025-08-20T08:34:19.891+0000] {processor.py:925} INFO - DAG(s) 'example_time_delta_sensor_async' retrieved from /home/airflow/.local/lib/python3.12/site-packages/airflow/example_dags/example_time_delta_sensor_async.py
[2025-08-20T08:34:19.914+0000] {logging_mixin.py:190} INFO - [2025-08-20T08:34:19.913+0000] {dag.py:3239} INFO - Sync 1 DAGs
[2025-08-20T08:34:19.934+0000] {logging_mixin.py:190} INFO - [2025-08-20T08:34:19.933+0000] {dag.py:4180} INFO - Setting next_dagrun for example_time_delta_sensor_async to None, run_after=None
[2025-08-20T08:34:19.955+0000] {processor.py:208} INFO - Processing /home/airflow/.local/lib/python3.12/site-packages/airflow/example_dags/example_time_delta_sensor_async.py took 0.085 seconds
[2025-08-20T08:34:50.493+0000] {processor.py:186} INFO - Started process (PID=313) to work on /home/airflow/.local/lib/python3.12/site-packages/airflow/example_dags/example_time_delta_sensor_async.py
[2025-08-20T08:34:50.494+0000] {processor.py:914} INFO - Processing file /home/airflow/.local/lib/python3.12/site-packages/airflow/example_dags/example_time_delta_sensor_async.py for tasks to queue
[2025-08-20T08:34:50.497+0000] {logging_mixin.py:190} INFO - [2025-08-20T08:34:50.497+0000] {dagbag.py:588} INFO - Filling up the DagBag from /home/airflow/.local/lib/python3.12/site-packages/airflow/example_dags/example_time_delta_sensor_async.py
[2025-08-20T08:34:50.506+0000] {processor.py:925} INFO - DAG(s) 'example_time_delta_sensor_async' retrieved from /home/airflow/.local/lib/python3.12/site-packages/airflow/example_dags/example_time_delta_sensor_async.py
[2025-08-20T08:34:50.530+0000] {logging_mixin.py:190} INFO - [2025-08-20T08:34:50.530+0000] {dag.py:3239} INFO - Sync 1 DAGs
[2025-08-20T08:34:50.548+0000] {logging_mixin.py:190} INFO - [2025-08-20T08:34:50.548+0000] {dag.py:4180} INFO - Setting next_dagrun for example_time_delta_sensor_async to None, run_after=None
[2025-08-20T08:34:50.568+0000] {processor.py:208} INFO - Processing /home/airflow/.local/lib/python3.12/site-packages/airflow/example_dags/example_time_delta_sensor_async.py took 0.082 seconds
[2025-08-20T08:35:21.329+0000] {processor.py:186} INFO - Started process (PID=369) to work on /home/airflow/.local/lib/python3.12/site-packages/airflow/example_dags/example_time_delta_sensor_async.py
[2025-08-20T08:35:21.331+0000] {processor.py:914} INFO - Processing file /home/airflow/.local/lib/python3.12/site-packages/airflow/example_dags/example_time_delta_sensor_async.py for tasks to queue
[2025-08-20T08:35:21.334+0000] {logging_mixin.py:190} INFO - [2025-08-20T08:35:21.334+0000] {dagbag.py:588} INFO - Filling up the DagBag from /home/airflow/.local/lib/python3.12/site-packages/airflow/example_dags/example_time_delta_sensor_async.py
[2025-08-20T08:35:21.344+0000] {processor.py:925} INFO - DAG(s) 'example_time_delta_sensor_async' retrieved from /home/airflow/.local/lib/python3.12/site-packages/airflow/example_dags/example_time_delta_sensor_async.py
[2025-08-20T08:35:21.371+0000] {logging_mixin.py:190} INFO - [2025-08-20T08:35:21.371+0000] {dag.py:3239} INFO - Sync 1 DAGs
[2025-08-20T08:35:21.391+0000] {logging_mixin.py:190} INFO - [2025-08-20T08:35:21.391+0000] {dag.py:4180} INFO - Setting next_dagrun for example_time_delta_sensor_async to None, run_after=None
[2025-08-20T08:35:21.414+0000] {processor.py:208} INFO - Processing /home/airflow/.local/lib/python3.12/site-packages/airflow/example_dags/example_time_delta_sensor_async.py took 0.094 seconds
[2025-08-20T08:36:34.022+0000] {processor.py:186} INFO - Started process (PID=33) to work on /home/airflow/.local/lib/python3.12/site-packages/airflow/example_dags/example_time_delta_sensor_async.py
[2025-08-20T08:36:34.023+0000] {processor.py:914} INFO - Processing file /home/airflow/.local/lib/python3.12/site-packages/airflow/example_dags/example_time_delta_sensor_async.py for tasks to queue
[2025-08-20T08:36:34.026+0000] {logging_mixin.py:190} INFO - [2025-08-20T08:36:34.026+0000] {dagbag.py:588} INFO - Filling up the DagBag from /home/airflow/.local/lib/python3.12/site-packages/airflow/example_dags/example_time_delta_sensor_async.py
[2025-08-20T08:36:34.038+0000] {processor.py:925} INFO - DAG(s) 'example_time_delta_sensor_async' retrieved from /home/airflow/.local/lib/python3.12/site-packages/airflow/example_dags/example_time_delta_sensor_async.py
[2025-08-20T08:36:34.074+0000] {logging_mixin.py:190} INFO - [2025-08-20T08:36:34.074+0000] {dag.py:3239} INFO - Sync 1 DAGs
[2025-08-20T08:36:34.093+0000] {logging_mixin.py:190} INFO - [2025-08-20T08:36:34.092+0000] {dag.py:4180} INFO - Setting next_dagrun for example_time_delta_sensor_async to None, run_after=None
[2025-08-20T08:36:34.226+0000] {processor.py:208} INFO - Processing /home/airflow/.local/lib/python3.12/site-packages/airflow/example_dags/example_time_delta_sensor_async.py took 0.213 seconds
[2025-08-20T08:37:04.649+0000] {processor.py:186} INFO - Started process (PID=89) to work on /home/airflow/.local/lib/python3.12/site-packages/airflow/example_dags/example_time_delta_sensor_async.py
[2025-08-20T08:37:04.651+0000] {processor.py:914} INFO - Processing file /home/airflow/.local/lib/python3.12/site-packages/airflow/example_dags/example_time_delta_sensor_async.py for tasks to queue
[2025-08-20T08:37:04.654+0000] {logging_mixin.py:190} INFO - [2025-08-20T08:37:04.653+0000] {dagbag.py:588} INFO - Filling up the DagBag from /home/airflow/.local/lib/python3.12/site-packages/airflow/example_dags/example_time_delta_sensor_async.py
[2025-08-20T08:37:04.663+0000] {processor.py:925} INFO - DAG(s) 'example_time_delta_sensor_async' retrieved from /home/airflow/.local/lib/python3.12/site-packages/airflow/example_dags/example_time_delta_sensor_async.py
[2025-08-20T08:37:04.689+0000] {logging_mixin.py:190} INFO - [2025-08-20T08:37:04.689+0000] {dag.py:3239} INFO - Sync 1 DAGs
[2025-08-20T08:37:04.708+0000] {logging_mixin.py:190} INFO - [2025-08-20T08:37:04.708+0000] {dag.py:4180} INFO - Setting next_dagrun for example_time_delta_sensor_async to None, run_after=None
[2025-08-20T08:37:04.909+0000] {processor.py:208} INFO - Processing /home/airflow/.local/lib/python3.12/site-packages/airflow/example_dags/example_time_delta_sensor_async.py took 0.268 seconds
[2025-08-20T08:37:35.252+0000] {processor.py:186} INFO - Started process (PID=145) to work on /home/airflow/.local/lib/python3.12/site-packages/airflow/example_dags/example_time_delta_sensor_async.py
[2025-08-20T08:37:35.255+0000] {processor.py:914} INFO - Processing file /home/airflow/.local/lib/python3.12/site-packages/airflow/example_dags/example_time_delta_sensor_async.py for tasks to queue
[2025-08-20T08:37:35.258+0000] {logging_mixin.py:190} INFO - [2025-08-20T08:37:35.258+0000] {dagbag.py:588} INFO - Filling up the DagBag from /home/airflow/.local/lib/python3.12/site-packages/airflow/example_dags/example_time_delta_sensor_async.py
[2025-08-20T08:37:35.270+0000] {processor.py:925} INFO - DAG(s) 'example_time_delta_sensor_async' retrieved from /home/airflow/.local/lib/python3.12/site-packages/airflow/example_dags/example_time_delta_sensor_async.py
[2025-08-20T08:37:35.297+0000] {logging_mixin.py:190} INFO - [2025-08-20T08:37:35.296+0000] {dag.py:3239} INFO - Sync 1 DAGs
[2025-08-20T08:37:35.317+0000] {logging_mixin.py:190} INFO - [2025-08-20T08:37:35.316+0000] {dag.py:4180} INFO - Setting next_dagrun for example_time_delta_sensor_async to None, run_after=None
[2025-08-20T08:37:35.626+0000] {processor.py:208} INFO - Processing /home/airflow/.local/lib/python3.12/site-packages/airflow/example_dags/example_time_delta_sensor_async.py took 0.384 seconds
[2025-08-20T08:38:06.079+0000] {processor.py:186} INFO - Started process (PID=201) to work on /home/airflow/.local/lib/python3.12/site-packages/airflow/example_dags/example_time_delta_sensor_async.py
[2025-08-20T08:38:06.080+0000] {processor.py:914} INFO - Processing file /home/airflow/.local/lib/python3.12/site-packages/airflow/example_dags/example_time_delta_sensor_async.py for tasks to queue
[2025-08-20T08:38:06.083+0000] {logging_mixin.py:190} INFO - [2025-08-20T08:38:06.083+0000] {dagbag.py:588} INFO - Filling up the DagBag from /home/airflow/.local/lib/python3.12/site-packages/airflow/example_dags/example_time_delta_sensor_async.py
[2025-08-20T08:38:06.093+0000] {processor.py:925} INFO - DAG(s) 'example_time_delta_sensor_async' retrieved from /home/airflow/.local/lib/python3.12/site-packages/airflow/example_dags/example_time_delta_sensor_async.py
[2025-08-20T08:38:06.118+0000] {logging_mixin.py:190} INFO - [2025-08-20T08:38:06.118+0000] {dag.py:3239} INFO - Sync 1 DAGs
[2025-08-20T08:38:06.139+0000] {logging_mixin.py:190} INFO - [2025-08-20T08:38:06.139+0000] {dag.py:4180} INFO - Setting next_dagrun for example_time_delta_sensor_async to None, run_after=None
[2025-08-20T08:38:06.160+0000] {processor.py:208} INFO - Processing /home/airflow/.local/lib/python3.12/site-packages/airflow/example_dags/example_time_delta_sensor_async.py took 0.090 seconds
[2025-08-20T08:38:36.550+0000] {processor.py:186} INFO - Started process (PID=257) to work on /home/airflow/.local/lib/python3.12/site-packages/airflow/example_dags/example_time_delta_sensor_async.py
[2025-08-20T08:38:36.552+0000] {processor.py:914} INFO - Processing file /home/airflow/.local/lib/python3.12/site-packages/airflow/example_dags/example_time_delta_sensor_async.py for tasks to queue
[2025-08-20T08:38:36.555+0000] {logging_mixin.py:190} INFO - [2025-08-20T08:38:36.555+0000] {dagbag.py:588} INFO - Filling up the DagBag from /home/airflow/.local/lib/python3.12/site-packages/airflow/example_dags/example_time_delta_sensor_async.py
[2025-08-20T08:38:36.564+0000] {processor.py:925} INFO - DAG(s) 'example_time_delta_sensor_async' retrieved from /home/airflow/.local/lib/python3.12/site-packages/airflow/example_dags/example_time_delta_sensor_async.py
[2025-08-20T08:38:36.588+0000] {logging_mixin.py:190} INFO - [2025-08-20T08:38:36.588+0000] {dag.py:3239} INFO - Sync 1 DAGs
[2025-08-20T08:38:36.606+0000] {logging_mixin.py:190} INFO - [2025-08-20T08:38:36.605+0000] {dag.py:4180} INFO - Setting next_dagrun for example_time_delta_sensor_async to None, run_after=None
[2025-08-20T08:38:36.627+0000] {processor.py:208} INFO - Processing /home/airflow/.local/lib/python3.12/site-packages/airflow/example_dags/example_time_delta_sensor_async.py took 0.085 seconds
[2025-08-20T08:39:07.111+0000] {processor.py:186} INFO - Started process (PID=313) to work on /home/airflow/.local/lib/python3.12/site-packages/airflow/example_dags/example_time_delta_sensor_async.py
[2025-08-20T08:39:07.112+0000] {processor.py:914} INFO - Processing file /home/airflow/.local/lib/python3.12/site-packages/airflow/example_dags/example_time_delta_sensor_async.py for tasks to queue
[2025-08-20T08:39:07.115+0000] {logging_mixin.py:190} INFO - [2025-08-20T08:39:07.114+0000] {dagbag.py:588} INFO - Filling up the DagBag from /home/airflow/.local/lib/python3.12/site-packages/airflow/example_dags/example_time_delta_sensor_async.py
[2025-08-20T08:39:07.124+0000] {processor.py:925} INFO - DAG(s) 'example_time_delta_sensor_async' retrieved from /home/airflow/.local/lib/python3.12/site-packages/airflow/example_dags/example_time_delta_sensor_async.py
[2025-08-20T08:39:07.152+0000] {logging_mixin.py:190} INFO - [2025-08-20T08:39:07.152+0000] {dag.py:3239} INFO - Sync 1 DAGs
[2025-08-20T08:39:07.171+0000] {logging_mixin.py:190} INFO - [2025-08-20T08:39:07.171+0000] {dag.py:4180} INFO - Setting next_dagrun for example_time_delta_sensor_async to None, run_after=None
[2025-08-20T08:39:07.191+0000] {processor.py:208} INFO - Processing /home/airflow/.local/lib/python3.12/site-packages/airflow/example_dags/example_time_delta_sensor_async.py took 0.089 seconds
[2025-08-20T08:40:43.252+0000] {processor.py:186} INFO - Started process (PID=33) to work on /home/airflow/.local/lib/python3.12/site-packages/airflow/example_dags/example_time_delta_sensor_async.py
[2025-08-20T08:40:43.254+0000] {processor.py:914} INFO - Processing file /home/airflow/.local/lib/python3.12/site-packages/airflow/example_dags/example_time_delta_sensor_async.py for tasks to queue
[2025-08-20T08:40:43.257+0000] {logging_mixin.py:190} INFO - [2025-08-20T08:40:43.256+0000] {dagbag.py:588} INFO - Filling up the DagBag from /home/airflow/.local/lib/python3.12/site-packages/airflow/example_dags/example_time_delta_sensor_async.py
[2025-08-20T08:40:43.269+0000] {processor.py:925} INFO - DAG(s) 'example_time_delta_sensor_async' retrieved from /home/airflow/.local/lib/python3.12/site-packages/airflow/example_dags/example_time_delta_sensor_async.py
[2025-08-20T08:40:43.305+0000] {logging_mixin.py:190} INFO - [2025-08-20T08:40:43.304+0000] {dag.py:3239} INFO - Sync 1 DAGs
[2025-08-20T08:40:43.326+0000] {logging_mixin.py:190} INFO - [2025-08-20T08:40:43.325+0000] {dag.py:4180} INFO - Setting next_dagrun for example_time_delta_sensor_async to None, run_after=None
[2025-08-20T08:40:43.466+0000] {processor.py:208} INFO - Processing /home/airflow/.local/lib/python3.12/site-packages/airflow/example_dags/example_time_delta_sensor_async.py took 0.223 seconds
[2025-08-20T08:41:13.912+0000] {processor.py:186} INFO - Started process (PID=89) to work on /home/airflow/.local/lib/python3.12/site-packages/airflow/example_dags/example_time_delta_sensor_async.py
[2025-08-20T08:41:13.914+0000] {processor.py:914} INFO - Processing file /home/airflow/.local/lib/python3.12/site-packages/airflow/example_dags/example_time_delta_sensor_async.py for tasks to queue
[2025-08-20T08:41:13.918+0000] {logging_mixin.py:190} INFO - [2025-08-20T08:41:13.917+0000] {dagbag.py:588} INFO - Filling up the DagBag from /home/airflow/.local/lib/python3.12/site-packages/airflow/example_dags/example_time_delta_sensor_async.py
[2025-08-20T08:41:13.927+0000] {processor.py:925} INFO - DAG(s) 'example_time_delta_sensor_async' retrieved from /home/airflow/.local/lib/python3.12/site-packages/airflow/example_dags/example_time_delta_sensor_async.py
[2025-08-20T08:41:13.955+0000] {logging_mixin.py:190} INFO - [2025-08-20T08:41:13.955+0000] {dag.py:3239} INFO - Sync 1 DAGs
[2025-08-20T08:41:13.977+0000] {logging_mixin.py:190} INFO - [2025-08-20T08:41:13.976+0000] {dag.py:4180} INFO - Setting next_dagrun for example_time_delta_sensor_async to None, run_after=None
[2025-08-20T08:41:14.274+0000] {processor.py:208} INFO - Processing /home/airflow/.local/lib/python3.12/site-packages/airflow/example_dags/example_time_delta_sensor_async.py took 0.370 seconds
[2025-08-20T08:41:44.745+0000] {processor.py:186} INFO - Started process (PID=145) to work on /home/airflow/.local/lib/python3.12/site-packages/airflow/example_dags/example_time_delta_sensor_async.py
[2025-08-20T08:41:44.747+0000] {processor.py:914} INFO - Processing file /home/airflow/.local/lib/python3.12/site-packages/airflow/example_dags/example_time_delta_sensor_async.py for tasks to queue
[2025-08-20T08:41:44.750+0000] {logging_mixin.py:190} INFO - [2025-08-20T08:41:44.750+0000] {dagbag.py:588} INFO - Filling up the DagBag from /home/airflow/.local/lib/python3.12/site-packages/airflow/example_dags/example_time_delta_sensor_async.py
[2025-08-20T08:41:44.759+0000] {processor.py:925} INFO - DAG(s) 'example_time_delta_sensor_async' retrieved from /home/airflow/.local/lib/python3.12/site-packages/airflow/example_dags/example_time_delta_sensor_async.py
[2025-08-20T08:41:44.786+0000] {logging_mixin.py:190} INFO - [2025-08-20T08:41:44.786+0000] {dag.py:3239} INFO - Sync 1 DAGs
[2025-08-20T08:41:44.807+0000] {logging_mixin.py:190} INFO - [2025-08-20T08:41:44.807+0000] {dag.py:4180} INFO - Setting next_dagrun for example_time_delta_sensor_async to None, run_after=None
[2025-08-20T08:41:44.829+0000] {processor.py:208} INFO - Processing /home/airflow/.local/lib/python3.12/site-packages/airflow/example_dags/example_time_delta_sensor_async.py took 0.092 seconds
[2025-08-20T08:42:15.202+0000] {processor.py:186} INFO - Started process (PID=201) to work on /home/airflow/.local/lib/python3.12/site-packages/airflow/example_dags/example_time_delta_sensor_async.py
[2025-08-20T08:42:15.203+0000] {processor.py:914} INFO - Processing file /home/airflow/.local/lib/python3.12/site-packages/airflow/example_dags/example_time_delta_sensor_async.py for tasks to queue
[2025-08-20T08:42:15.206+0000] {logging_mixin.py:190} INFO - [2025-08-20T08:42:15.206+0000] {dagbag.py:588} INFO - Filling up the DagBag from /home/airflow/.local/lib/python3.12/site-packages/airflow/example_dags/example_time_delta_sensor_async.py
[2025-08-20T08:42:15.215+0000] {processor.py:925} INFO - DAG(s) 'example_time_delta_sensor_async' retrieved from /home/airflow/.local/lib/python3.12/site-packages/airflow/example_dags/example_time_delta_sensor_async.py
[2025-08-20T08:42:15.237+0000] {logging_mixin.py:190} INFO - [2025-08-20T08:42:15.237+0000] {dag.py:3239} INFO - Sync 1 DAGs
[2025-08-20T08:42:15.256+0000] {logging_mixin.py:190} INFO - [2025-08-20T08:42:15.255+0000] {dag.py:4180} INFO - Setting next_dagrun for example_time_delta_sensor_async to None, run_after=None
[2025-08-20T08:42:15.277+0000] {processor.py:208} INFO - Processing /home/airflow/.local/lib/python3.12/site-packages/airflow/example_dags/example_time_delta_sensor_async.py took 0.083 seconds
[2025-08-20T08:42:45.581+0000] {processor.py:186} INFO - Started process (PID=257) to work on /home/airflow/.local/lib/python3.12/site-packages/airflow/example_dags/example_time_delta_sensor_async.py
[2025-08-20T08:42:45.583+0000] {processor.py:914} INFO - Processing file /home/airflow/.local/lib/python3.12/site-packages/airflow/example_dags/example_time_delta_sensor_async.py for tasks to queue
[2025-08-20T08:42:45.586+0000] {logging_mixin.py:190} INFO - [2025-08-20T08:42:45.585+0000] {dagbag.py:588} INFO - Filling up the DagBag from /home/airflow/.local/lib/python3.12/site-packages/airflow/example_dags/example_time_delta_sensor_async.py
[2025-08-20T08:42:45.595+0000] {processor.py:925} INFO - DAG(s) 'example_time_delta_sensor_async' retrieved from /home/airflow/.local/lib/python3.12/site-packages/airflow/example_dags/example_time_delta_sensor_async.py
[2025-08-20T08:42:45.622+0000] {logging_mixin.py:190} INFO - [2025-08-20T08:42:45.621+0000] {dag.py:3239} INFO - Sync 1 DAGs
[2025-08-20T08:42:45.643+0000] {logging_mixin.py:190} INFO - [2025-08-20T08:42:45.643+0000] {dag.py:4180} INFO - Setting next_dagrun for example_time_delta_sensor_async to None, run_after=None
[2025-08-20T08:42:45.665+0000] {processor.py:208} INFO - Processing /home/airflow/.local/lib/python3.12/site-packages/airflow/example_dags/example_time_delta_sensor_async.py took 0.093 seconds
[2025-08-20T08:43:16.335+0000] {processor.py:186} INFO - Started process (PID=313) to work on /home/airflow/.local/lib/python3.12/site-packages/airflow/example_dags/example_time_delta_sensor_async.py
[2025-08-20T08:43:16.337+0000] {processor.py:914} INFO - Processing file /home/airflow/.local/lib/python3.12/site-packages/airflow/example_dags/example_time_delta_sensor_async.py for tasks to queue
[2025-08-20T08:43:16.341+0000] {logging_mixin.py:190} INFO - [2025-08-20T08:43:16.341+0000] {dagbag.py:588} INFO - Filling up the DagBag from /home/airflow/.local/lib/python3.12/site-packages/airflow/example_dags/example_time_delta_sensor_async.py
[2025-08-20T08:43:16.351+0000] {processor.py:925} INFO - DAG(s) 'example_time_delta_sensor_async' retrieved from /home/airflow/.local/lib/python3.12/site-packages/airflow/example_dags/example_time_delta_sensor_async.py
[2025-08-20T08:43:16.374+0000] {logging_mixin.py:190} INFO - [2025-08-20T08:43:16.374+0000] {dag.py:3239} INFO - Sync 1 DAGs
[2025-08-20T08:43:16.392+0000] {logging_mixin.py:190} INFO - [2025-08-20T08:43:16.392+0000] {dag.py:4180} INFO - Setting next_dagrun for example_time_delta_sensor_async to None, run_after=None
[2025-08-20T08:43:16.413+0000] {processor.py:208} INFO - Processing /home/airflow/.local/lib/python3.12/site-packages/airflow/example_dags/example_time_delta_sensor_async.py took 0.086 seconds
[2025-08-20T08:43:46.779+0000] {processor.py:186} INFO - Started process (PID=369) to work on /home/airflow/.local/lib/python3.12/site-packages/airflow/example_dags/example_time_delta_sensor_async.py
[2025-08-20T08:43:46.785+0000] {processor.py:914} INFO - Processing file /home/airflow/.local/lib/python3.12/site-packages/airflow/example_dags/example_time_delta_sensor_async.py for tasks to queue
[2025-08-20T08:43:46.788+0000] {logging_mixin.py:190} INFO - [2025-08-20T08:43:46.788+0000] {dagbag.py:588} INFO - Filling up the DagBag from /home/airflow/.local/lib/python3.12/site-packages/airflow/example_dags/example_time_delta_sensor_async.py
[2025-08-20T08:43:46.798+0000] {processor.py:925} INFO - DAG(s) 'example_time_delta_sensor_async' retrieved from /home/airflow/.local/lib/python3.12/site-packages/airflow/example_dags/example_time_delta_sensor_async.py
[2025-08-20T08:43:46.823+0000] {logging_mixin.py:190} INFO - [2025-08-20T08:43:46.823+0000] {dag.py:3239} INFO - Sync 1 DAGs
[2025-08-20T08:43:46.842+0000] {logging_mixin.py:190} INFO - [2025-08-20T08:43:46.842+0000] {dag.py:4180} INFO - Setting next_dagrun for example_time_delta_sensor_async to None, run_after=None
[2025-08-20T08:43:46.867+0000] {processor.py:208} INFO - Processing /home/airflow/.local/lib/python3.12/site-packages/airflow/example_dags/example_time_delta_sensor_async.py took 0.098 seconds
[2025-08-20T08:44:17.207+0000] {processor.py:186} INFO - Started process (PID=425) to work on /home/airflow/.local/lib/python3.12/site-packages/airflow/example_dags/example_time_delta_sensor_async.py
[2025-08-20T08:44:17.209+0000] {processor.py:914} INFO - Processing file /home/airflow/.local/lib/python3.12/site-packages/airflow/example_dags/example_time_delta_sensor_async.py for tasks to queue
[2025-08-20T08:44:17.212+0000] {logging_mixin.py:190} INFO - [2025-08-20T08:44:17.212+0000] {dagbag.py:588} INFO - Filling up the DagBag from /home/airflow/.local/lib/python3.12/site-packages/airflow/example_dags/example_time_delta_sensor_async.py
[2025-08-20T08:44:17.221+0000] {processor.py:925} INFO - DAG(s) 'example_time_delta_sensor_async' retrieved from /home/airflow/.local/lib/python3.12/site-packages/airflow/example_dags/example_time_delta_sensor_async.py
[2025-08-20T08:44:17.246+0000] {logging_mixin.py:190} INFO - [2025-08-20T08:44:17.246+0000] {dag.py:3239} INFO - Sync 1 DAGs
[2025-08-20T08:44:17.265+0000] {logging_mixin.py:190} INFO - [2025-08-20T08:44:17.265+0000] {dag.py:4180} INFO - Setting next_dagrun for example_time_delta_sensor_async to None, run_after=None
[2025-08-20T08:44:17.289+0000] {processor.py:208} INFO - Processing /home/airflow/.local/lib/python3.12/site-packages/airflow/example_dags/example_time_delta_sensor_async.py took 0.090 seconds
[2025-08-20T08:44:47.654+0000] {processor.py:186} INFO - Started process (PID=481) to work on /home/airflow/.local/lib/python3.12/site-packages/airflow/example_dags/example_time_delta_sensor_async.py
[2025-08-20T08:44:47.656+0000] {processor.py:914} INFO - Processing file /home/airflow/.local/lib/python3.12/site-packages/airflow/example_dags/example_time_delta_sensor_async.py for tasks to queue
[2025-08-20T08:44:47.659+0000] {logging_mixin.py:190} INFO - [2025-08-20T08:44:47.658+0000] {dagbag.py:588} INFO - Filling up the DagBag from /home/airflow/.local/lib/python3.12/site-packages/airflow/example_dags/example_time_delta_sensor_async.py
[2025-08-20T08:44:47.667+0000] {processor.py:925} INFO - DAG(s) 'example_time_delta_sensor_async' retrieved from /home/airflow/.local/lib/python3.12/site-packages/airflow/example_dags/example_time_delta_sensor_async.py
[2025-08-20T08:44:47.691+0000] {logging_mixin.py:190} INFO - [2025-08-20T08:44:47.690+0000] {dag.py:3239} INFO - Sync 1 DAGs
[2025-08-20T08:44:47.709+0000] {logging_mixin.py:190} INFO - [2025-08-20T08:44:47.709+0000] {dag.py:4180} INFO - Setting next_dagrun for example_time_delta_sensor_async to None, run_after=None
[2025-08-20T08:44:47.733+0000] {processor.py:208} INFO - Processing /home/airflow/.local/lib/python3.12/site-packages/airflow/example_dags/example_time_delta_sensor_async.py took 0.087 seconds
[2025-08-20T08:45:17.997+0000] {processor.py:186} INFO - Started process (PID=537) to work on /home/airflow/.local/lib/python3.12/site-packages/airflow/example_dags/example_time_delta_sensor_async.py
[2025-08-20T08:45:17.998+0000] {processor.py:914} INFO - Processing file /home/airflow/.local/lib/python3.12/site-packages/airflow/example_dags/example_time_delta_sensor_async.py for tasks to queue
[2025-08-20T08:45:18.002+0000] {logging_mixin.py:190} INFO - [2025-08-20T08:45:18.001+0000] {dagbag.py:588} INFO - Filling up the DagBag from /home/airflow/.local/lib/python3.12/site-packages/airflow/example_dags/example_time_delta_sensor_async.py
[2025-08-20T08:45:18.011+0000] {processor.py:925} INFO - DAG(s) 'example_time_delta_sensor_async' retrieved from /home/airflow/.local/lib/python3.12/site-packages/airflow/example_dags/example_time_delta_sensor_async.py
[2025-08-20T08:45:18.034+0000] {logging_mixin.py:190} INFO - [2025-08-20T08:45:18.034+0000] {dag.py:3239} INFO - Sync 1 DAGs
[2025-08-20T08:45:18.054+0000] {logging_mixin.py:190} INFO - [2025-08-20T08:45:18.053+0000] {dag.py:4180} INFO - Setting next_dagrun for example_time_delta_sensor_async to None, run_after=None
[2025-08-20T08:45:18.075+0000] {processor.py:208} INFO - Processing /home/airflow/.local/lib/python3.12/site-packages/airflow/example_dags/example_time_delta_sensor_async.py took 0.087 seconds
[2025-08-20T08:46:22.116+0000] {processor.py:186} INFO - Started process (PID=33) to work on /home/airflow/.local/lib/python3.12/site-packages/airflow/example_dags/example_time_delta_sensor_async.py
[2025-08-20T08:46:22.118+0000] {processor.py:914} INFO - Processing file /home/airflow/.local/lib/python3.12/site-packages/airflow/example_dags/example_time_delta_sensor_async.py for tasks to queue
[2025-08-20T08:46:22.121+0000] {logging_mixin.py:190} INFO - [2025-08-20T08:46:22.120+0000] {dagbag.py:588} INFO - Filling up the DagBag from /home/airflow/.local/lib/python3.12/site-packages/airflow/example_dags/example_time_delta_sensor_async.py
[2025-08-20T08:46:22.132+0000] {processor.py:925} INFO - DAG(s) 'example_time_delta_sensor_async' retrieved from /home/airflow/.local/lib/python3.12/site-packages/airflow/example_dags/example_time_delta_sensor_async.py
[2025-08-20T08:46:22.166+0000] {logging_mixin.py:190} INFO - [2025-08-20T08:46:22.166+0000] {dag.py:3239} INFO - Sync 1 DAGs
[2025-08-20T08:46:22.184+0000] {logging_mixin.py:190} INFO - [2025-08-20T08:46:22.184+0000] {dag.py:4180} INFO - Setting next_dagrun for example_time_delta_sensor_async to None, run_after=None
[2025-08-20T08:46:22.347+0000] {processor.py:208} INFO - Processing /home/airflow/.local/lib/python3.12/site-packages/airflow/example_dags/example_time_delta_sensor_async.py took 0.239 seconds
[2025-08-20T08:46:52.777+0000] {processor.py:186} INFO - Started process (PID=89) to work on /home/airflow/.local/lib/python3.12/site-packages/airflow/example_dags/example_time_delta_sensor_async.py
[2025-08-20T08:46:52.779+0000] {processor.py:914} INFO - Processing file /home/airflow/.local/lib/python3.12/site-packages/airflow/example_dags/example_time_delta_sensor_async.py for tasks to queue
[2025-08-20T08:46:52.782+0000] {logging_mixin.py:190} INFO - [2025-08-20T08:46:52.782+0000] {dagbag.py:588} INFO - Filling up the DagBag from /home/airflow/.local/lib/python3.12/site-packages/airflow/example_dags/example_time_delta_sensor_async.py
[2025-08-20T08:46:52.793+0000] {processor.py:925} INFO - DAG(s) 'example_time_delta_sensor_async' retrieved from /home/airflow/.local/lib/python3.12/site-packages/airflow/example_dags/example_time_delta_sensor_async.py
[2025-08-20T08:46:52.823+0000] {logging_mixin.py:190} INFO - [2025-08-20T08:46:52.823+0000] {dag.py:3239} INFO - Sync 1 DAGs
[2025-08-20T08:46:52.844+0000] {logging_mixin.py:190} INFO - [2025-08-20T08:46:52.844+0000] {dag.py:4180} INFO - Setting next_dagrun for example_time_delta_sensor_async to None, run_after=None
[2025-08-20T08:46:53.041+0000] {processor.py:208} INFO - Processing /home/airflow/.local/lib/python3.12/site-packages/airflow/example_dags/example_time_delta_sensor_async.py took 0.274 seconds
[2025-08-20T08:47:23.420+0000] {processor.py:186} INFO - Started process (PID=145) to work on /home/airflow/.local/lib/python3.12/site-packages/airflow/example_dags/example_time_delta_sensor_async.py
[2025-08-20T08:47:23.422+0000] {processor.py:914} INFO - Processing file /home/airflow/.local/lib/python3.12/site-packages/airflow/example_dags/example_time_delta_sensor_async.py for tasks to queue
[2025-08-20T08:47:23.425+0000] {logging_mixin.py:190} INFO - [2025-08-20T08:47:23.425+0000] {dagbag.py:588} INFO - Filling up the DagBag from /home/airflow/.local/lib/python3.12/site-packages/airflow/example_dags/example_time_delta_sensor_async.py
[2025-08-20T08:47:23.435+0000] {processor.py:925} INFO - DAG(s) 'example_time_delta_sensor_async' retrieved from /home/airflow/.local/lib/python3.12/site-packages/airflow/example_dags/example_time_delta_sensor_async.py
[2025-08-20T08:47:23.459+0000] {logging_mixin.py:190} INFO - [2025-08-20T08:47:23.458+0000] {dag.py:3239} INFO - Sync 1 DAGs
[2025-08-20T08:47:23.479+0000] {logging_mixin.py:190} INFO - [2025-08-20T08:47:23.479+0000] {dag.py:4180} INFO - Setting next_dagrun for example_time_delta_sensor_async to None, run_after=None
[2025-08-20T08:47:23.693+0000] {processor.py:208} INFO - Processing /home/airflow/.local/lib/python3.12/site-packages/airflow/example_dags/example_time_delta_sensor_async.py took 0.280 seconds
[2025-08-20T08:47:54.424+0000] {processor.py:186} INFO - Started process (PID=201) to work on /home/airflow/.local/lib/python3.12/site-packages/airflow/example_dags/example_time_delta_sensor_async.py
[2025-08-20T08:47:54.426+0000] {processor.py:914} INFO - Processing file /home/airflow/.local/lib/python3.12/site-packages/airflow/example_dags/example_time_delta_sensor_async.py for tasks to queue
[2025-08-20T08:47:54.429+0000] {logging_mixin.py:190} INFO - [2025-08-20T08:47:54.428+0000] {dagbag.py:588} INFO - Filling up the DagBag from /home/airflow/.local/lib/python3.12/site-packages/airflow/example_dags/example_time_delta_sensor_async.py
[2025-08-20T08:47:54.438+0000] {processor.py:925} INFO - DAG(s) 'example_time_delta_sensor_async' retrieved from /home/airflow/.local/lib/python3.12/site-packages/airflow/example_dags/example_time_delta_sensor_async.py
[2025-08-20T08:47:54.463+0000] {logging_mixin.py:190} INFO - [2025-08-20T08:47:54.462+0000] {dag.py:3239} INFO - Sync 1 DAGs
[2025-08-20T08:47:54.482+0000] {logging_mixin.py:190} INFO - [2025-08-20T08:47:54.481+0000] {dag.py:4180} INFO - Setting next_dagrun for example_time_delta_sensor_async to None, run_after=None
[2025-08-20T08:47:54.503+0000] {processor.py:208} INFO - Processing /home/airflow/.local/lib/python3.12/site-packages/airflow/example_dags/example_time_delta_sensor_async.py took 0.086 seconds
