[2025-08-20T08:25:56.131+0000] {processor.py:186} INFO - Started process (PID=57) to work on /home/airflow/.local/lib/python3.12/site-packages/airflow/example_dags/example_task_group.py
[2025-08-20T08:25:56.132+0000] {processor.py:914} INFO - Processing file /home/airflow/.local/lib/python3.12/site-packages/airflow/example_dags/example_task_group.py for tasks to queue
[2025-08-20T08:25:56.135+0000] {logging_mixin.py:190} INFO - [2025-08-20T08:25:56.135+0000] {dagbag.py:588} INFO - Filling up the DagBag from /home/airflow/.local/lib/python3.12/site-packages/airflow/example_dags/example_task_group.py
[2025-08-20T08:25:56.148+0000] {processor.py:925} INFO - DAG(s) 'example_task_group' retrieved from /home/airflow/.local/lib/python3.12/site-packages/airflow/example_dags/example_task_group.py
[2025-08-20T08:25:56.185+0000] {logging_mixin.py:190} INFO - [2025-08-20T08:25:56.185+0000] {dag.py:3239} INFO - Sync 1 DAGs
[2025-08-20T08:25:56.203+0000] {logging_mixin.py:190} INFO - [2025-08-20T08:25:56.203+0000] {dag.py:4180} INFO - Setting next_dagrun for example_task_group to None, run_after=None
[2025-08-20T08:25:56.427+0000] {processor.py:208} INFO - Processing /home/airflow/.local/lib/python3.12/site-packages/airflow/example_dags/example_task_group.py took 0.304 seconds
[2025-08-20T08:26:26.935+0000] {processor.py:186} INFO - Started process (PID=113) to work on /home/airflow/.local/lib/python3.12/site-packages/airflow/example_dags/example_task_group.py
[2025-08-20T08:26:26.936+0000] {processor.py:914} INFO - Processing file /home/airflow/.local/lib/python3.12/site-packages/airflow/example_dags/example_task_group.py for tasks to queue
[2025-08-20T08:26:26.939+0000] {logging_mixin.py:190} INFO - [2025-08-20T08:26:26.938+0000] {dagbag.py:588} INFO - Filling up the DagBag from /home/airflow/.local/lib/python3.12/site-packages/airflow/example_dags/example_task_group.py
[2025-08-20T08:26:26.951+0000] {processor.py:925} INFO - DAG(s) 'example_task_group' retrieved from /home/airflow/.local/lib/python3.12/site-packages/airflow/example_dags/example_task_group.py
[2025-08-20T08:26:26.979+0000] {logging_mixin.py:190} INFO - [2025-08-20T08:26:26.979+0000] {dag.py:3239} INFO - Sync 1 DAGs
[2025-08-20T08:26:26.998+0000] {logging_mixin.py:190} INFO - [2025-08-20T08:26:26.998+0000] {dag.py:4180} INFO - Setting next_dagrun for example_task_group to None, run_after=None
[2025-08-20T08:26:27.287+0000] {processor.py:208} INFO - Processing /home/airflow/.local/lib/python3.12/site-packages/airflow/example_dags/example_task_group.py took 0.361 seconds
[2025-08-20T08:26:57.509+0000] {processor.py:186} INFO - Started process (PID=169) to work on /home/airflow/.local/lib/python3.12/site-packages/airflow/example_dags/example_task_group.py
[2025-08-20T08:26:57.642+0000] {processor.py:914} INFO - Processing file /home/airflow/.local/lib/python3.12/site-packages/airflow/example_dags/example_task_group.py for tasks to queue
[2025-08-20T08:26:57.645+0000] {logging_mixin.py:190} INFO - [2025-08-20T08:26:57.644+0000] {dagbag.py:588} INFO - Filling up the DagBag from /home/airflow/.local/lib/python3.12/site-packages/airflow/example_dags/example_task_group.py
[2025-08-20T08:26:57.657+0000] {processor.py:925} INFO - DAG(s) 'example_task_group' retrieved from /home/airflow/.local/lib/python3.12/site-packages/airflow/example_dags/example_task_group.py
[2025-08-20T08:26:57.683+0000] {logging_mixin.py:190} INFO - [2025-08-20T08:26:57.683+0000] {dag.py:3239} INFO - Sync 1 DAGs
[2025-08-20T08:26:57.703+0000] {logging_mixin.py:190} INFO - [2025-08-20T08:26:57.703+0000] {dag.py:4180} INFO - Setting next_dagrun for example_task_group to None, run_after=None
[2025-08-20T08:26:57.815+0000] {processor.py:208} INFO - Processing /home/airflow/.local/lib/python3.12/site-packages/airflow/example_dags/example_task_group.py took 0.315 seconds
[2025-08-20T08:27:28.547+0000] {processor.py:186} INFO - Started process (PID=225) to work on /home/airflow/.local/lib/python3.12/site-packages/airflow/example_dags/example_task_group.py
[2025-08-20T08:27:28.548+0000] {processor.py:914} INFO - Processing file /home/airflow/.local/lib/python3.12/site-packages/airflow/example_dags/example_task_group.py for tasks to queue
[2025-08-20T08:27:28.551+0000] {logging_mixin.py:190} INFO - [2025-08-20T08:27:28.551+0000] {dagbag.py:588} INFO - Filling up the DagBag from /home/airflow/.local/lib/python3.12/site-packages/airflow/example_dags/example_task_group.py
[2025-08-20T08:27:28.563+0000] {processor.py:925} INFO - DAG(s) 'example_task_group' retrieved from /home/airflow/.local/lib/python3.12/site-packages/airflow/example_dags/example_task_group.py
[2025-08-20T08:27:28.590+0000] {logging_mixin.py:190} INFO - [2025-08-20T08:27:28.589+0000] {dag.py:3239} INFO - Sync 1 DAGs
[2025-08-20T08:27:28.609+0000] {logging_mixin.py:190} INFO - [2025-08-20T08:27:28.608+0000] {dag.py:4180} INFO - Setting next_dagrun for example_task_group to None, run_after=None
[2025-08-20T08:27:28.628+0000] {processor.py:208} INFO - Processing /home/airflow/.local/lib/python3.12/site-packages/airflow/example_dags/example_task_group.py took 0.090 seconds
[2025-08-20T08:27:59.033+0000] {processor.py:186} INFO - Started process (PID=281) to work on /home/airflow/.local/lib/python3.12/site-packages/airflow/example_dags/example_task_group.py
[2025-08-20T08:27:59.035+0000] {processor.py:914} INFO - Processing file /home/airflow/.local/lib/python3.12/site-packages/airflow/example_dags/example_task_group.py for tasks to queue
[2025-08-20T08:27:59.037+0000] {logging_mixin.py:190} INFO - [2025-08-20T08:27:59.037+0000] {dagbag.py:588} INFO - Filling up the DagBag from /home/airflow/.local/lib/python3.12/site-packages/airflow/example_dags/example_task_group.py
[2025-08-20T08:27:59.049+0000] {processor.py:925} INFO - DAG(s) 'example_task_group' retrieved from /home/airflow/.local/lib/python3.12/site-packages/airflow/example_dags/example_task_group.py
[2025-08-20T08:27:59.077+0000] {logging_mixin.py:190} INFO - [2025-08-20T08:27:59.076+0000] {dag.py:3239} INFO - Sync 1 DAGs
[2025-08-20T08:27:59.095+0000] {logging_mixin.py:190} INFO - [2025-08-20T08:27:59.095+0000] {dag.py:4180} INFO - Setting next_dagrun for example_task_group to None, run_after=None
[2025-08-20T08:27:59.120+0000] {processor.py:208} INFO - Processing /home/airflow/.local/lib/python3.12/site-packages/airflow/example_dags/example_task_group.py took 0.095 seconds
[2025-08-20T08:28:29.438+0000] {processor.py:186} INFO - Started process (PID=337) to work on /home/airflow/.local/lib/python3.12/site-packages/airflow/example_dags/example_task_group.py
[2025-08-20T08:28:29.440+0000] {processor.py:914} INFO - Processing file /home/airflow/.local/lib/python3.12/site-packages/airflow/example_dags/example_task_group.py for tasks to queue
[2025-08-20T08:28:29.443+0000] {logging_mixin.py:190} INFO - [2025-08-20T08:28:29.442+0000] {dagbag.py:588} INFO - Filling up the DagBag from /home/airflow/.local/lib/python3.12/site-packages/airflow/example_dags/example_task_group.py
[2025-08-20T08:28:29.454+0000] {processor.py:925} INFO - DAG(s) 'example_task_group' retrieved from /home/airflow/.local/lib/python3.12/site-packages/airflow/example_dags/example_task_group.py
[2025-08-20T08:28:29.481+0000] {logging_mixin.py:190} INFO - [2025-08-20T08:28:29.481+0000] {dag.py:3239} INFO - Sync 1 DAGs
[2025-08-20T08:28:29.500+0000] {logging_mixin.py:190} INFO - [2025-08-20T08:28:29.499+0000] {dag.py:4180} INFO - Setting next_dagrun for example_task_group to None, run_after=None
[2025-08-20T08:28:29.521+0000] {processor.py:208} INFO - Processing /home/airflow/.local/lib/python3.12/site-packages/airflow/example_dags/example_task_group.py took 0.090 seconds
[2025-08-20T08:28:59.836+0000] {processor.py:186} INFO - Started process (PID=393) to work on /home/airflow/.local/lib/python3.12/site-packages/airflow/example_dags/example_task_group.py
[2025-08-20T08:28:59.837+0000] {processor.py:914} INFO - Processing file /home/airflow/.local/lib/python3.12/site-packages/airflow/example_dags/example_task_group.py for tasks to queue
[2025-08-20T08:28:59.847+0000] {logging_mixin.py:190} INFO - [2025-08-20T08:28:59.843+0000] {dagbag.py:588} INFO - Filling up the DagBag from /home/airflow/.local/lib/python3.12/site-packages/airflow/example_dags/example_task_group.py
[2025-08-20T08:28:59.875+0000] {processor.py:925} INFO - DAG(s) 'example_task_group' retrieved from /home/airflow/.local/lib/python3.12/site-packages/airflow/example_dags/example_task_group.py
[2025-08-20T08:28:59.933+0000] {logging_mixin.py:190} INFO - [2025-08-20T08:28:59.933+0000] {dag.py:3239} INFO - Sync 1 DAGs
[2025-08-20T08:28:59.973+0000] {logging_mixin.py:190} INFO - [2025-08-20T08:28:59.972+0000] {dag.py:4180} INFO - Setting next_dagrun for example_task_group to None, run_after=None
[2025-08-20T08:29:00.010+0000] {processor.py:208} INFO - Processing /home/airflow/.local/lib/python3.12/site-packages/airflow/example_dags/example_task_group.py took 0.215 seconds
[2025-08-20T08:30:25.337+0000] {processor.py:186} INFO - Started process (PID=55) to work on /home/airflow/.local/lib/python3.12/site-packages/airflow/example_dags/example_task_group.py
[2025-08-20T08:30:25.341+0000] {processor.py:914} INFO - Processing file /home/airflow/.local/lib/python3.12/site-packages/airflow/example_dags/example_task_group.py for tasks to queue
[2025-08-20T08:30:25.346+0000] {logging_mixin.py:190} INFO - [2025-08-20T08:30:25.345+0000] {dagbag.py:588} INFO - Filling up the DagBag from /home/airflow/.local/lib/python3.12/site-packages/airflow/example_dags/example_task_group.py
[2025-08-20T08:30:25.362+0000] {processor.py:925} INFO - DAG(s) 'example_task_group' retrieved from /home/airflow/.local/lib/python3.12/site-packages/airflow/example_dags/example_task_group.py
[2025-08-20T08:30:25.405+0000] {logging_mixin.py:190} INFO - [2025-08-20T08:30:25.405+0000] {dag.py:3239} INFO - Sync 1 DAGs
[2025-08-20T08:30:25.425+0000] {logging_mixin.py:190} INFO - [2025-08-20T08:30:25.424+0000] {dag.py:4180} INFO - Setting next_dagrun for example_task_group to None, run_after=None
[2025-08-20T08:30:25.585+0000] {processor.py:208} INFO - Processing /home/airflow/.local/lib/python3.12/site-packages/airflow/example_dags/example_task_group.py took 0.259 seconds
[2025-08-20T08:30:57.441+0000] {processor.py:186} INFO - Started process (PID=111) to work on /home/airflow/.local/lib/python3.12/site-packages/airflow/example_dags/example_task_group.py
[2025-08-20T08:30:57.442+0000] {processor.py:914} INFO - Processing file /home/airflow/.local/lib/python3.12/site-packages/airflow/example_dags/example_task_group.py for tasks to queue
[2025-08-20T08:30:57.445+0000] {logging_mixin.py:190} INFO - [2025-08-20T08:30:57.445+0000] {dagbag.py:588} INFO - Filling up the DagBag from /home/airflow/.local/lib/python3.12/site-packages/airflow/example_dags/example_task_group.py
[2025-08-20T08:30:57.456+0000] {processor.py:925} INFO - DAG(s) 'example_task_group' retrieved from /home/airflow/.local/lib/python3.12/site-packages/airflow/example_dags/example_task_group.py
[2025-08-20T08:30:57.485+0000] {logging_mixin.py:190} INFO - [2025-08-20T08:30:57.485+0000] {dag.py:3239} INFO - Sync 1 DAGs
[2025-08-20T08:30:57.505+0000] {logging_mixin.py:190} INFO - [2025-08-20T08:30:57.504+0000] {dag.py:4180} INFO - Setting next_dagrun for example_task_group to None, run_after=None
[2025-08-20T08:30:57.732+0000] {processor.py:208} INFO - Processing /home/airflow/.local/lib/python3.12/site-packages/airflow/example_dags/example_task_group.py took 0.299 seconds
[2025-08-20T08:31:28.067+0000] {processor.py:186} INFO - Started process (PID=167) to work on /home/airflow/.local/lib/python3.12/site-packages/airflow/example_dags/example_task_group.py
[2025-08-20T08:31:28.068+0000] {processor.py:914} INFO - Processing file /home/airflow/.local/lib/python3.12/site-packages/airflow/example_dags/example_task_group.py for tasks to queue
[2025-08-20T08:31:28.071+0000] {logging_mixin.py:190} INFO - [2025-08-20T08:31:28.070+0000] {dagbag.py:588} INFO - Filling up the DagBag from /home/airflow/.local/lib/python3.12/site-packages/airflow/example_dags/example_task_group.py
[2025-08-20T08:31:28.082+0000] {processor.py:925} INFO - DAG(s) 'example_task_group' retrieved from /home/airflow/.local/lib/python3.12/site-packages/airflow/example_dags/example_task_group.py
[2025-08-20T08:31:28.109+0000] {logging_mixin.py:190} INFO - [2025-08-20T08:31:28.108+0000] {dag.py:3239} INFO - Sync 1 DAGs
[2025-08-20T08:31:28.128+0000] {logging_mixin.py:190} INFO - [2025-08-20T08:31:28.128+0000] {dag.py:4180} INFO - Setting next_dagrun for example_task_group to None, run_after=None
[2025-08-20T08:31:28.246+0000] {processor.py:208} INFO - Processing /home/airflow/.local/lib/python3.12/site-packages/airflow/example_dags/example_task_group.py took 0.189 seconds
[2025-08-20T08:32:19.254+0000] {processor.py:186} INFO - Started process (PID=56) to work on /home/airflow/.local/lib/python3.12/site-packages/airflow/example_dags/example_task_group.py
[2025-08-20T08:32:19.256+0000] {processor.py:914} INFO - Processing file /home/airflow/.local/lib/python3.12/site-packages/airflow/example_dags/example_task_group.py for tasks to queue
[2025-08-20T08:32:19.258+0000] {logging_mixin.py:190} INFO - [2025-08-20T08:32:19.258+0000] {dagbag.py:588} INFO - Filling up the DagBag from /home/airflow/.local/lib/python3.12/site-packages/airflow/example_dags/example_task_group.py
[2025-08-20T08:32:19.271+0000] {processor.py:925} INFO - DAG(s) 'example_task_group' retrieved from /home/airflow/.local/lib/python3.12/site-packages/airflow/example_dags/example_task_group.py
[2025-08-20T08:32:19.316+0000] {logging_mixin.py:190} INFO - [2025-08-20T08:32:19.315+0000] {dag.py:3239} INFO - Sync 1 DAGs
[2025-08-20T08:32:19.342+0000] {logging_mixin.py:190} INFO - [2025-08-20T08:32:19.341+0000] {dag.py:4180} INFO - Setting next_dagrun for example_task_group to None, run_after=None
[2025-08-20T08:32:19.369+0000] {processor.py:208} INFO - Processing /home/airflow/.local/lib/python3.12/site-packages/airflow/example_dags/example_task_group.py took 0.123 seconds
[2025-08-20T08:32:50.272+0000] {processor.py:186} INFO - Started process (PID=111) to work on /home/airflow/.local/lib/python3.12/site-packages/airflow/example_dags/example_task_group.py
[2025-08-20T08:32:50.273+0000] {processor.py:914} INFO - Processing file /home/airflow/.local/lib/python3.12/site-packages/airflow/example_dags/example_task_group.py for tasks to queue
[2025-08-20T08:32:50.276+0000] {logging_mixin.py:190} INFO - [2025-08-20T08:32:50.275+0000] {dagbag.py:588} INFO - Filling up the DagBag from /home/airflow/.local/lib/python3.12/site-packages/airflow/example_dags/example_task_group.py
[2025-08-20T08:32:50.287+0000] {processor.py:925} INFO - DAG(s) 'example_task_group' retrieved from /home/airflow/.local/lib/python3.12/site-packages/airflow/example_dags/example_task_group.py
[2025-08-20T08:32:50.317+0000] {logging_mixin.py:190} INFO - [2025-08-20T08:32:50.317+0000] {dag.py:3239} INFO - Sync 1 DAGs
[2025-08-20T08:32:50.338+0000] {logging_mixin.py:190} INFO - [2025-08-20T08:32:50.338+0000] {dag.py:4180} INFO - Setting next_dagrun for example_task_group to None, run_after=None
[2025-08-20T08:32:50.367+0000] {processor.py:208} INFO - Processing /home/airflow/.local/lib/python3.12/site-packages/airflow/example_dags/example_task_group.py took 0.103 seconds
[2025-08-20T08:33:20.913+0000] {processor.py:186} INFO - Started process (PID=168) to work on /home/airflow/.local/lib/python3.12/site-packages/airflow/example_dags/example_task_group.py
[2025-08-20T08:33:20.915+0000] {processor.py:914} INFO - Processing file /home/airflow/.local/lib/python3.12/site-packages/airflow/example_dags/example_task_group.py for tasks to queue
[2025-08-20T08:33:20.919+0000] {logging_mixin.py:190} INFO - [2025-08-20T08:33:20.918+0000] {dagbag.py:588} INFO - Filling up the DagBag from /home/airflow/.local/lib/python3.12/site-packages/airflow/example_dags/example_task_group.py
[2025-08-20T08:33:20.931+0000] {processor.py:925} INFO - DAG(s) 'example_task_group' retrieved from /home/airflow/.local/lib/python3.12/site-packages/airflow/example_dags/example_task_group.py
[2025-08-20T08:33:20.959+0000] {logging_mixin.py:190} INFO - [2025-08-20T08:33:20.958+0000] {dag.py:3239} INFO - Sync 1 DAGs
[2025-08-20T08:33:20.977+0000] {logging_mixin.py:190} INFO - [2025-08-20T08:33:20.977+0000] {dag.py:4180} INFO - Setting next_dagrun for example_task_group to None, run_after=None
[2025-08-20T08:33:20.998+0000] {processor.py:208} INFO - Processing /home/airflow/.local/lib/python3.12/site-packages/airflow/example_dags/example_task_group.py took 0.094 seconds
[2025-08-20T08:33:51.356+0000] {processor.py:186} INFO - Started process (PID=224) to work on /home/airflow/.local/lib/python3.12/site-packages/airflow/example_dags/example_task_group.py
[2025-08-20T08:33:51.357+0000] {processor.py:914} INFO - Processing file /home/airflow/.local/lib/python3.12/site-packages/airflow/example_dags/example_task_group.py for tasks to queue
[2025-08-20T08:33:51.360+0000] {logging_mixin.py:190} INFO - [2025-08-20T08:33:51.360+0000] {dagbag.py:588} INFO - Filling up the DagBag from /home/airflow/.local/lib/python3.12/site-packages/airflow/example_dags/example_task_group.py
[2025-08-20T08:33:51.371+0000] {processor.py:925} INFO - DAG(s) 'example_task_group' retrieved from /home/airflow/.local/lib/python3.12/site-packages/airflow/example_dags/example_task_group.py
[2025-08-20T08:33:51.401+0000] {logging_mixin.py:190} INFO - [2025-08-20T08:33:51.400+0000] {dag.py:3239} INFO - Sync 1 DAGs
[2025-08-20T08:33:51.424+0000] {logging_mixin.py:190} INFO - [2025-08-20T08:33:51.424+0000] {dag.py:4180} INFO - Setting next_dagrun for example_task_group to None, run_after=None
[2025-08-20T08:33:51.446+0000] {processor.py:208} INFO - Processing /home/airflow/.local/lib/python3.12/site-packages/airflow/example_dags/example_task_group.py took 0.098 seconds
[2025-08-20T08:34:21.814+0000] {processor.py:186} INFO - Started process (PID=280) to work on /home/airflow/.local/lib/python3.12/site-packages/airflow/example_dags/example_task_group.py
[2025-08-20T08:34:21.816+0000] {processor.py:914} INFO - Processing file /home/airflow/.local/lib/python3.12/site-packages/airflow/example_dags/example_task_group.py for tasks to queue
[2025-08-20T08:34:21.818+0000] {logging_mixin.py:190} INFO - [2025-08-20T08:34:21.818+0000] {dagbag.py:588} INFO - Filling up the DagBag from /home/airflow/.local/lib/python3.12/site-packages/airflow/example_dags/example_task_group.py
[2025-08-20T08:34:21.829+0000] {processor.py:925} INFO - DAG(s) 'example_task_group' retrieved from /home/airflow/.local/lib/python3.12/site-packages/airflow/example_dags/example_task_group.py
[2025-08-20T08:34:21.855+0000] {logging_mixin.py:190} INFO - [2025-08-20T08:34:21.855+0000] {dag.py:3239} INFO - Sync 1 DAGs
[2025-08-20T08:34:21.872+0000] {logging_mixin.py:190} INFO - [2025-08-20T08:34:21.872+0000] {dag.py:4180} INFO - Setting next_dagrun for example_task_group to None, run_after=None
[2025-08-20T08:34:21.893+0000] {processor.py:208} INFO - Processing /home/airflow/.local/lib/python3.12/site-packages/airflow/example_dags/example_task_group.py took 0.088 seconds
[2025-08-20T08:34:52.348+0000] {processor.py:186} INFO - Started process (PID=336) to work on /home/airflow/.local/lib/python3.12/site-packages/airflow/example_dags/example_task_group.py
[2025-08-20T08:34:52.349+0000] {processor.py:914} INFO - Processing file /home/airflow/.local/lib/python3.12/site-packages/airflow/example_dags/example_task_group.py for tasks to queue
[2025-08-20T08:34:52.352+0000] {logging_mixin.py:190} INFO - [2025-08-20T08:34:52.352+0000] {dagbag.py:588} INFO - Filling up the DagBag from /home/airflow/.local/lib/python3.12/site-packages/airflow/example_dags/example_task_group.py
[2025-08-20T08:34:52.363+0000] {processor.py:925} INFO - DAG(s) 'example_task_group' retrieved from /home/airflow/.local/lib/python3.12/site-packages/airflow/example_dags/example_task_group.py
[2025-08-20T08:34:52.391+0000] {logging_mixin.py:190} INFO - [2025-08-20T08:34:52.390+0000] {dag.py:3239} INFO - Sync 1 DAGs
[2025-08-20T08:34:52.408+0000] {logging_mixin.py:190} INFO - [2025-08-20T08:34:52.408+0000] {dag.py:4180} INFO - Setting next_dagrun for example_task_group to None, run_after=None
[2025-08-20T08:34:52.428+0000] {processor.py:208} INFO - Processing /home/airflow/.local/lib/python3.12/site-packages/airflow/example_dags/example_task_group.py took 0.089 seconds
[2025-08-20T08:35:23.462+0000] {processor.py:186} INFO - Started process (PID=392) to work on /home/airflow/.local/lib/python3.12/site-packages/airflow/example_dags/example_task_group.py
[2025-08-20T08:35:23.464+0000] {processor.py:914} INFO - Processing file /home/airflow/.local/lib/python3.12/site-packages/airflow/example_dags/example_task_group.py for tasks to queue
[2025-08-20T08:35:23.466+0000] {logging_mixin.py:190} INFO - [2025-08-20T08:35:23.466+0000] {dagbag.py:588} INFO - Filling up the DagBag from /home/airflow/.local/lib/python3.12/site-packages/airflow/example_dags/example_task_group.py
[2025-08-20T08:35:23.478+0000] {processor.py:925} INFO - DAG(s) 'example_task_group' retrieved from /home/airflow/.local/lib/python3.12/site-packages/airflow/example_dags/example_task_group.py
[2025-08-20T08:35:23.507+0000] {logging_mixin.py:190} INFO - [2025-08-20T08:35:23.507+0000] {dag.py:3239} INFO - Sync 1 DAGs
[2025-08-20T08:35:23.530+0000] {logging_mixin.py:190} INFO - [2025-08-20T08:35:23.529+0000] {dag.py:4180} INFO - Setting next_dagrun for example_task_group to None, run_after=None
[2025-08-20T08:35:23.551+0000] {processor.py:208} INFO - Processing /home/airflow/.local/lib/python3.12/site-packages/airflow/example_dags/example_task_group.py took 0.097 seconds
[2025-08-20T08:36:39.887+0000] {processor.py:186} INFO - Started process (PID=56) to work on /home/airflow/.local/lib/python3.12/site-packages/airflow/example_dags/example_task_group.py
[2025-08-20T08:36:39.889+0000] {processor.py:914} INFO - Processing file /home/airflow/.local/lib/python3.12/site-packages/airflow/example_dags/example_task_group.py for tasks to queue
[2025-08-20T08:36:39.892+0000] {logging_mixin.py:190} INFO - [2025-08-20T08:36:39.892+0000] {dagbag.py:588} INFO - Filling up the DagBag from /home/airflow/.local/lib/python3.12/site-packages/airflow/example_dags/example_task_group.py
[2025-08-20T08:36:39.906+0000] {processor.py:925} INFO - DAG(s) 'example_task_group' retrieved from /home/airflow/.local/lib/python3.12/site-packages/airflow/example_dags/example_task_group.py
[2025-08-20T08:36:39.943+0000] {logging_mixin.py:190} INFO - [2025-08-20T08:36:39.943+0000] {dag.py:3239} INFO - Sync 1 DAGs
[2025-08-20T08:36:39.962+0000] {logging_mixin.py:190} INFO - [2025-08-20T08:36:39.962+0000] {dag.py:4180} INFO - Setting next_dagrun for example_task_group to None, run_after=None
[2025-08-20T08:36:40.202+0000] {processor.py:208} INFO - Processing /home/airflow/.local/lib/python3.12/site-packages/airflow/example_dags/example_task_group.py took 0.323 seconds
[2025-08-20T08:37:11.330+0000] {processor.py:186} INFO - Started process (PID=112) to work on /home/airflow/.local/lib/python3.12/site-packages/airflow/example_dags/example_task_group.py
[2025-08-20T08:37:11.333+0000] {processor.py:914} INFO - Processing file /home/airflow/.local/lib/python3.12/site-packages/airflow/example_dags/example_task_group.py for tasks to queue
[2025-08-20T08:37:11.336+0000] {logging_mixin.py:190} INFO - [2025-08-20T08:37:11.336+0000] {dagbag.py:588} INFO - Filling up the DagBag from /home/airflow/.local/lib/python3.12/site-packages/airflow/example_dags/example_task_group.py
[2025-08-20T08:37:11.349+0000] {processor.py:925} INFO - DAG(s) 'example_task_group' retrieved from /home/airflow/.local/lib/python3.12/site-packages/airflow/example_dags/example_task_group.py
[2025-08-20T08:37:11.377+0000] {logging_mixin.py:190} INFO - [2025-08-20T08:37:11.376+0000] {dag.py:3239} INFO - Sync 1 DAGs
[2025-08-20T08:37:11.395+0000] {logging_mixin.py:190} INFO - [2025-08-20T08:37:11.395+0000] {dag.py:4180} INFO - Setting next_dagrun for example_task_group to None, run_after=None
[2025-08-20T08:37:11.710+0000] {processor.py:208} INFO - Processing /home/airflow/.local/lib/python3.12/site-packages/airflow/example_dags/example_task_group.py took 0.389 seconds
[2025-08-20T08:37:42.554+0000] {processor.py:186} INFO - Started process (PID=168) to work on /home/airflow/.local/lib/python3.12/site-packages/airflow/example_dags/example_task_group.py
[2025-08-20T08:37:42.556+0000] {processor.py:914} INFO - Processing file /home/airflow/.local/lib/python3.12/site-packages/airflow/example_dags/example_task_group.py for tasks to queue
[2025-08-20T08:37:42.559+0000] {logging_mixin.py:190} INFO - [2025-08-20T08:37:42.558+0000] {dagbag.py:588} INFO - Filling up the DagBag from /home/airflow/.local/lib/python3.12/site-packages/airflow/example_dags/example_task_group.py
[2025-08-20T08:37:42.570+0000] {processor.py:925} INFO - DAG(s) 'example_task_group' retrieved from /home/airflow/.local/lib/python3.12/site-packages/airflow/example_dags/example_task_group.py
[2025-08-20T08:37:42.598+0000] {logging_mixin.py:190} INFO - [2025-08-20T08:37:42.597+0000] {dag.py:3239} INFO - Sync 1 DAGs
[2025-08-20T08:37:42.617+0000] {logging_mixin.py:190} INFO - [2025-08-20T08:37:42.617+0000] {dag.py:4180} INFO - Setting next_dagrun for example_task_group to None, run_after=None
[2025-08-20T08:37:42.842+0000] {processor.py:208} INFO - Processing /home/airflow/.local/lib/python3.12/site-packages/airflow/example_dags/example_task_group.py took 0.296 seconds
[2025-08-20T08:38:13.035+0000] {processor.py:186} INFO - Started process (PID=224) to work on /home/airflow/.local/lib/python3.12/site-packages/airflow/example_dags/example_task_group.py
[2025-08-20T08:38:13.037+0000] {processor.py:914} INFO - Processing file /home/airflow/.local/lib/python3.12/site-packages/airflow/example_dags/example_task_group.py for tasks to queue
[2025-08-20T08:38:13.040+0000] {logging_mixin.py:190} INFO - [2025-08-20T08:38:13.039+0000] {dagbag.py:588} INFO - Filling up the DagBag from /home/airflow/.local/lib/python3.12/site-packages/airflow/example_dags/example_task_group.py
[2025-08-20T08:38:13.053+0000] {processor.py:925} INFO - DAG(s) 'example_task_group' retrieved from /home/airflow/.local/lib/python3.12/site-packages/airflow/example_dags/example_task_group.py
[2025-08-20T08:38:13.080+0000] {logging_mixin.py:190} INFO - [2025-08-20T08:38:13.080+0000] {dag.py:3239} INFO - Sync 1 DAGs
[2025-08-20T08:38:13.100+0000] {logging_mixin.py:190} INFO - [2025-08-20T08:38:13.100+0000] {dag.py:4180} INFO - Setting next_dagrun for example_task_group to None, run_after=None
[2025-08-20T08:38:13.121+0000] {processor.py:208} INFO - Processing /home/airflow/.local/lib/python3.12/site-packages/airflow/example_dags/example_task_group.py took 0.095 seconds
[2025-08-20T08:38:43.519+0000] {processor.py:186} INFO - Started process (PID=280) to work on /home/airflow/.local/lib/python3.12/site-packages/airflow/example_dags/example_task_group.py
[2025-08-20T08:38:43.520+0000] {processor.py:914} INFO - Processing file /home/airflow/.local/lib/python3.12/site-packages/airflow/example_dags/example_task_group.py for tasks to queue
[2025-08-20T08:38:43.523+0000] {logging_mixin.py:190} INFO - [2025-08-20T08:38:43.523+0000] {dagbag.py:588} INFO - Filling up the DagBag from /home/airflow/.local/lib/python3.12/site-packages/airflow/example_dags/example_task_group.py
[2025-08-20T08:38:43.535+0000] {processor.py:925} INFO - DAG(s) 'example_task_group' retrieved from /home/airflow/.local/lib/python3.12/site-packages/airflow/example_dags/example_task_group.py
[2025-08-20T08:38:43.562+0000] {logging_mixin.py:190} INFO - [2025-08-20T08:38:43.562+0000] {dag.py:3239} INFO - Sync 1 DAGs
[2025-08-20T08:38:43.581+0000] {logging_mixin.py:190} INFO - [2025-08-20T08:38:43.581+0000] {dag.py:4180} INFO - Setting next_dagrun for example_task_group to None, run_after=None
[2025-08-20T08:38:43.601+0000] {processor.py:208} INFO - Processing /home/airflow/.local/lib/python3.12/site-packages/airflow/example_dags/example_task_group.py took 0.091 seconds
[2025-08-20T08:39:14.137+0000] {processor.py:186} INFO - Started process (PID=336) to work on /home/airflow/.local/lib/python3.12/site-packages/airflow/example_dags/example_task_group.py
[2025-08-20T08:39:14.138+0000] {processor.py:914} INFO - Processing file /home/airflow/.local/lib/python3.12/site-packages/airflow/example_dags/example_task_group.py for tasks to queue
[2025-08-20T08:39:14.141+0000] {logging_mixin.py:190} INFO - [2025-08-20T08:39:14.140+0000] {dagbag.py:588} INFO - Filling up the DagBag from /home/airflow/.local/lib/python3.12/site-packages/airflow/example_dags/example_task_group.py
[2025-08-20T08:39:14.152+0000] {processor.py:925} INFO - DAG(s) 'example_task_group' retrieved from /home/airflow/.local/lib/python3.12/site-packages/airflow/example_dags/example_task_group.py
[2025-08-20T08:39:14.179+0000] {logging_mixin.py:190} INFO - [2025-08-20T08:39:14.178+0000] {dag.py:3239} INFO - Sync 1 DAGs
[2025-08-20T08:39:14.198+0000] {logging_mixin.py:190} INFO - [2025-08-20T08:39:14.198+0000] {dag.py:4180} INFO - Setting next_dagrun for example_task_group to None, run_after=None
[2025-08-20T08:39:14.220+0000] {processor.py:208} INFO - Processing /home/airflow/.local/lib/python3.12/site-packages/airflow/example_dags/example_task_group.py took 0.091 seconds
[2025-08-20T08:40:54.457+0000] {processor.py:186} INFO - Started process (PID=56) to work on /home/airflow/.local/lib/python3.12/site-packages/airflow/example_dags/example_task_group.py
[2025-08-20T08:40:54.458+0000] {processor.py:914} INFO - Processing file /home/airflow/.local/lib/python3.12/site-packages/airflow/example_dags/example_task_group.py for tasks to queue
[2025-08-20T08:40:54.461+0000] {logging_mixin.py:190} INFO - [2025-08-20T08:40:54.461+0000] {dagbag.py:588} INFO - Filling up the DagBag from /home/airflow/.local/lib/python3.12/site-packages/airflow/example_dags/example_task_group.py
[2025-08-20T08:40:54.475+0000] {processor.py:925} INFO - DAG(s) 'example_task_group' retrieved from /home/airflow/.local/lib/python3.12/site-packages/airflow/example_dags/example_task_group.py
[2025-08-20T08:40:54.511+0000] {logging_mixin.py:190} INFO - [2025-08-20T08:40:54.511+0000] {dag.py:3239} INFO - Sync 1 DAGs
[2025-08-20T08:40:54.531+0000] {logging_mixin.py:190} INFO - [2025-08-20T08:40:54.530+0000] {dag.py:4180} INFO - Setting next_dagrun for example_task_group to None, run_after=None
[2025-08-20T08:40:55.156+0000] {processor.py:208} INFO - Processing /home/airflow/.local/lib/python3.12/site-packages/airflow/example_dags/example_task_group.py took 0.709 seconds
[2025-08-20T08:41:25.685+0000] {processor.py:186} INFO - Started process (PID=112) to work on /home/airflow/.local/lib/python3.12/site-packages/airflow/example_dags/example_task_group.py
[2025-08-20T08:41:25.686+0000] {processor.py:914} INFO - Processing file /home/airflow/.local/lib/python3.12/site-packages/airflow/example_dags/example_task_group.py for tasks to queue
[2025-08-20T08:41:25.690+0000] {logging_mixin.py:190} INFO - [2025-08-20T08:41:25.689+0000] {dagbag.py:588} INFO - Filling up the DagBag from /home/airflow/.local/lib/python3.12/site-packages/airflow/example_dags/example_task_group.py
[2025-08-20T08:41:25.702+0000] {processor.py:925} INFO - DAG(s) 'example_task_group' retrieved from /home/airflow/.local/lib/python3.12/site-packages/airflow/example_dags/example_task_group.py
[2025-08-20T08:41:25.732+0000] {logging_mixin.py:190} INFO - [2025-08-20T08:41:25.731+0000] {dag.py:3239} INFO - Sync 1 DAGs
[2025-08-20T08:41:25.752+0000] {logging_mixin.py:190} INFO - [2025-08-20T08:41:25.751+0000] {dag.py:4180} INFO - Setting next_dagrun for example_task_group to None, run_after=None
[2025-08-20T08:41:25.980+0000] {processor.py:208} INFO - Processing /home/airflow/.local/lib/python3.12/site-packages/airflow/example_dags/example_task_group.py took 0.303 seconds
[2025-08-20T08:41:56.590+0000] {processor.py:186} INFO - Started process (PID=168) to work on /home/airflow/.local/lib/python3.12/site-packages/airflow/example_dags/example_task_group.py
[2025-08-20T08:41:56.592+0000] {processor.py:914} INFO - Processing file /home/airflow/.local/lib/python3.12/site-packages/airflow/example_dags/example_task_group.py for tasks to queue
[2025-08-20T08:41:56.595+0000] {logging_mixin.py:190} INFO - [2025-08-20T08:41:56.594+0000] {dagbag.py:588} INFO - Filling up the DagBag from /home/airflow/.local/lib/python3.12/site-packages/airflow/example_dags/example_task_group.py
[2025-08-20T08:41:56.605+0000] {processor.py:925} INFO - DAG(s) 'example_task_group' retrieved from /home/airflow/.local/lib/python3.12/site-packages/airflow/example_dags/example_task_group.py
[2025-08-20T08:41:56.633+0000] {logging_mixin.py:190} INFO - [2025-08-20T08:41:56.633+0000] {dag.py:3239} INFO - Sync 1 DAGs
[2025-08-20T08:41:56.653+0000] {logging_mixin.py:190} INFO - [2025-08-20T08:41:56.653+0000] {dag.py:4180} INFO - Setting next_dagrun for example_task_group to None, run_after=None
[2025-08-20T08:41:56.675+0000] {processor.py:208} INFO - Processing /home/airflow/.local/lib/python3.12/site-packages/airflow/example_dags/example_task_group.py took 0.093 seconds
[2025-08-20T08:42:27.107+0000] {processor.py:186} INFO - Started process (PID=224) to work on /home/airflow/.local/lib/python3.12/site-packages/airflow/example_dags/example_task_group.py
[2025-08-20T08:42:27.111+0000] {processor.py:914} INFO - Processing file /home/airflow/.local/lib/python3.12/site-packages/airflow/example_dags/example_task_group.py for tasks to queue
[2025-08-20T08:42:27.114+0000] {logging_mixin.py:190} INFO - [2025-08-20T08:42:27.113+0000] {dagbag.py:588} INFO - Filling up the DagBag from /home/airflow/.local/lib/python3.12/site-packages/airflow/example_dags/example_task_group.py
[2025-08-20T08:42:27.125+0000] {processor.py:925} INFO - DAG(s) 'example_task_group' retrieved from /home/airflow/.local/lib/python3.12/site-packages/airflow/example_dags/example_task_group.py
[2025-08-20T08:42:27.152+0000] {logging_mixin.py:190} INFO - [2025-08-20T08:42:27.152+0000] {dag.py:3239} INFO - Sync 1 DAGs
[2025-08-20T08:42:27.172+0000] {logging_mixin.py:190} INFO - [2025-08-20T08:42:27.171+0000] {dag.py:4180} INFO - Setting next_dagrun for example_task_group to None, run_after=None
[2025-08-20T08:42:27.194+0000] {processor.py:208} INFO - Processing /home/airflow/.local/lib/python3.12/site-packages/airflow/example_dags/example_task_group.py took 0.094 seconds
[2025-08-20T08:42:57.667+0000] {processor.py:186} INFO - Started process (PID=280) to work on /home/airflow/.local/lib/python3.12/site-packages/airflow/example_dags/example_task_group.py
[2025-08-20T08:42:57.668+0000] {processor.py:914} INFO - Processing file /home/airflow/.local/lib/python3.12/site-packages/airflow/example_dags/example_task_group.py for tasks to queue
[2025-08-20T08:42:57.671+0000] {logging_mixin.py:190} INFO - [2025-08-20T08:42:57.671+0000] {dagbag.py:588} INFO - Filling up the DagBag from /home/airflow/.local/lib/python3.12/site-packages/airflow/example_dags/example_task_group.py
[2025-08-20T08:42:57.682+0000] {processor.py:925} INFO - DAG(s) 'example_task_group' retrieved from /home/airflow/.local/lib/python3.12/site-packages/airflow/example_dags/example_task_group.py
[2025-08-20T08:42:57.711+0000] {logging_mixin.py:190} INFO - [2025-08-20T08:42:57.711+0000] {dag.py:3239} INFO - Sync 1 DAGs
[2025-08-20T08:42:57.730+0000] {logging_mixin.py:190} INFO - [2025-08-20T08:42:57.730+0000] {dag.py:4180} INFO - Setting next_dagrun for example_task_group to None, run_after=None
[2025-08-20T08:42:57.751+0000] {processor.py:208} INFO - Processing /home/airflow/.local/lib/python3.12/site-packages/airflow/example_dags/example_task_group.py took 0.093 seconds
[2025-08-20T08:43:28.105+0000] {processor.py:186} INFO - Started process (PID=336) to work on /home/airflow/.local/lib/python3.12/site-packages/airflow/example_dags/example_task_group.py
[2025-08-20T08:43:28.107+0000] {processor.py:914} INFO - Processing file /home/airflow/.local/lib/python3.12/site-packages/airflow/example_dags/example_task_group.py for tasks to queue
[2025-08-20T08:43:28.111+0000] {logging_mixin.py:190} INFO - [2025-08-20T08:43:28.110+0000] {dagbag.py:588} INFO - Filling up the DagBag from /home/airflow/.local/lib/python3.12/site-packages/airflow/example_dags/example_task_group.py
[2025-08-20T08:43:28.122+0000] {processor.py:925} INFO - DAG(s) 'example_task_group' retrieved from /home/airflow/.local/lib/python3.12/site-packages/airflow/example_dags/example_task_group.py
[2025-08-20T08:43:28.151+0000] {logging_mixin.py:190} INFO - [2025-08-20T08:43:28.151+0000] {dag.py:3239} INFO - Sync 1 DAGs
[2025-08-20T08:43:28.169+0000] {logging_mixin.py:190} INFO - [2025-08-20T08:43:28.169+0000] {dag.py:4180} INFO - Setting next_dagrun for example_task_group to None, run_after=None
[2025-08-20T08:43:28.191+0000] {processor.py:208} INFO - Processing /home/airflow/.local/lib/python3.12/site-packages/airflow/example_dags/example_task_group.py took 0.095 seconds
[2025-08-20T08:43:58.495+0000] {processor.py:186} INFO - Started process (PID=392) to work on /home/airflow/.local/lib/python3.12/site-packages/airflow/example_dags/example_task_group.py
[2025-08-20T08:43:58.497+0000] {processor.py:914} INFO - Processing file /home/airflow/.local/lib/python3.12/site-packages/airflow/example_dags/example_task_group.py for tasks to queue
[2025-08-20T08:43:58.500+0000] {logging_mixin.py:190} INFO - [2025-08-20T08:43:58.499+0000] {dagbag.py:588} INFO - Filling up the DagBag from /home/airflow/.local/lib/python3.12/site-packages/airflow/example_dags/example_task_group.py
[2025-08-20T08:43:58.512+0000] {processor.py:925} INFO - DAG(s) 'example_task_group' retrieved from /home/airflow/.local/lib/python3.12/site-packages/airflow/example_dags/example_task_group.py
[2025-08-20T08:43:58.541+0000] {logging_mixin.py:190} INFO - [2025-08-20T08:43:58.540+0000] {dag.py:3239} INFO - Sync 1 DAGs
[2025-08-20T08:43:58.559+0000] {logging_mixin.py:190} INFO - [2025-08-20T08:43:58.559+0000] {dag.py:4180} INFO - Setting next_dagrun for example_task_group to None, run_after=None
[2025-08-20T08:43:58.581+0000] {processor.py:208} INFO - Processing /home/airflow/.local/lib/python3.12/site-packages/airflow/example_dags/example_task_group.py took 0.095 seconds
[2025-08-20T08:44:28.967+0000] {processor.py:186} INFO - Started process (PID=448) to work on /home/airflow/.local/lib/python3.12/site-packages/airflow/example_dags/example_task_group.py
[2025-08-20T08:44:28.969+0000] {processor.py:914} INFO - Processing file /home/airflow/.local/lib/python3.12/site-packages/airflow/example_dags/example_task_group.py for tasks to queue
[2025-08-20T08:44:28.972+0000] {logging_mixin.py:190} INFO - [2025-08-20T08:44:28.972+0000] {dagbag.py:588} INFO - Filling up the DagBag from /home/airflow/.local/lib/python3.12/site-packages/airflow/example_dags/example_task_group.py
[2025-08-20T08:44:28.984+0000] {processor.py:925} INFO - DAG(s) 'example_task_group' retrieved from /home/airflow/.local/lib/python3.12/site-packages/airflow/example_dags/example_task_group.py
[2025-08-20T08:44:29.018+0000] {logging_mixin.py:190} INFO - [2025-08-20T08:44:29.018+0000] {dag.py:3239} INFO - Sync 1 DAGs
[2025-08-20T08:44:29.043+0000] {logging_mixin.py:190} INFO - [2025-08-20T08:44:29.043+0000] {dag.py:4180} INFO - Setting next_dagrun for example_task_group to None, run_after=None
[2025-08-20T08:44:29.065+0000] {processor.py:208} INFO - Processing /home/airflow/.local/lib/python3.12/site-packages/airflow/example_dags/example_task_group.py took 0.106 seconds
[2025-08-20T08:44:59.475+0000] {processor.py:186} INFO - Started process (PID=504) to work on /home/airflow/.local/lib/python3.12/site-packages/airflow/example_dags/example_task_group.py
[2025-08-20T08:44:59.477+0000] {processor.py:914} INFO - Processing file /home/airflow/.local/lib/python3.12/site-packages/airflow/example_dags/example_task_group.py for tasks to queue
[2025-08-20T08:44:59.480+0000] {logging_mixin.py:190} INFO - [2025-08-20T08:44:59.479+0000] {dagbag.py:588} INFO - Filling up the DagBag from /home/airflow/.local/lib/python3.12/site-packages/airflow/example_dags/example_task_group.py
[2025-08-20T08:44:59.491+0000] {processor.py:925} INFO - DAG(s) 'example_task_group' retrieved from /home/airflow/.local/lib/python3.12/site-packages/airflow/example_dags/example_task_group.py
[2025-08-20T08:44:59.518+0000] {logging_mixin.py:190} INFO - [2025-08-20T08:44:59.518+0000] {dag.py:3239} INFO - Sync 1 DAGs
[2025-08-20T08:44:59.538+0000] {logging_mixin.py:190} INFO - [2025-08-20T08:44:59.537+0000] {dag.py:4180} INFO - Setting next_dagrun for example_task_group to None, run_after=None
[2025-08-20T08:44:59.557+0000] {processor.py:208} INFO - Processing /home/airflow/.local/lib/python3.12/site-packages/airflow/example_dags/example_task_group.py took 0.090 seconds
[2025-08-20T08:46:27.536+0000] {processor.py:186} INFO - Started process (PID=56) to work on /home/airflow/.local/lib/python3.12/site-packages/airflow/example_dags/example_task_group.py
[2025-08-20T08:46:27.538+0000] {processor.py:914} INFO - Processing file /home/airflow/.local/lib/python3.12/site-packages/airflow/example_dags/example_task_group.py for tasks to queue
[2025-08-20T08:46:27.541+0000] {logging_mixin.py:190} INFO - [2025-08-20T08:46:27.541+0000] {dagbag.py:588} INFO - Filling up the DagBag from /home/airflow/.local/lib/python3.12/site-packages/airflow/example_dags/example_task_group.py
[2025-08-20T08:46:27.554+0000] {processor.py:925} INFO - DAG(s) 'example_task_group' retrieved from /home/airflow/.local/lib/python3.12/site-packages/airflow/example_dags/example_task_group.py
[2025-08-20T08:46:27.591+0000] {logging_mixin.py:190} INFO - [2025-08-20T08:46:27.590+0000] {dag.py:3239} INFO - Sync 1 DAGs
[2025-08-20T08:46:27.611+0000] {logging_mixin.py:190} INFO - [2025-08-20T08:46:27.611+0000] {dag.py:4180} INFO - Setting next_dagrun for example_task_group to None, run_after=None
[2025-08-20T08:46:27.851+0000] {processor.py:208} INFO - Processing /home/airflow/.local/lib/python3.12/site-packages/airflow/example_dags/example_task_group.py took 0.323 seconds
[2025-08-20T08:46:58.644+0000] {processor.py:186} INFO - Started process (PID=112) to work on /home/airflow/.local/lib/python3.12/site-packages/airflow/example_dags/example_task_group.py
[2025-08-20T08:46:58.646+0000] {processor.py:914} INFO - Processing file /home/airflow/.local/lib/python3.12/site-packages/airflow/example_dags/example_task_group.py for tasks to queue
[2025-08-20T08:46:58.648+0000] {logging_mixin.py:190} INFO - [2025-08-20T08:46:58.648+0000] {dagbag.py:588} INFO - Filling up the DagBag from /home/airflow/.local/lib/python3.12/site-packages/airflow/example_dags/example_task_group.py
[2025-08-20T08:46:58.660+0000] {processor.py:925} INFO - DAG(s) 'example_task_group' retrieved from /home/airflow/.local/lib/python3.12/site-packages/airflow/example_dags/example_task_group.py
[2025-08-20T08:46:58.688+0000] {logging_mixin.py:190} INFO - [2025-08-20T08:46:58.687+0000] {dag.py:3239} INFO - Sync 1 DAGs
[2025-08-20T08:46:58.706+0000] {logging_mixin.py:190} INFO - [2025-08-20T08:46:58.706+0000] {dag.py:4180} INFO - Setting next_dagrun for example_task_group to None, run_after=None
[2025-08-20T08:46:59.117+0000] {processor.py:208} INFO - Processing /home/airflow/.local/lib/python3.12/site-packages/airflow/example_dags/example_task_group.py took 0.481 seconds
[2025-08-20T08:47:29.866+0000] {processor.py:186} INFO - Started process (PID=168) to work on /home/airflow/.local/lib/python3.12/site-packages/airflow/example_dags/example_task_group.py
[2025-08-20T08:47:29.868+0000] {processor.py:914} INFO - Processing file /home/airflow/.local/lib/python3.12/site-packages/airflow/example_dags/example_task_group.py for tasks to queue
[2025-08-20T08:47:29.871+0000] {logging_mixin.py:190} INFO - [2025-08-20T08:47:29.871+0000] {dagbag.py:588} INFO - Filling up the DagBag from /home/airflow/.local/lib/python3.12/site-packages/airflow/example_dags/example_task_group.py
[2025-08-20T08:47:29.883+0000] {processor.py:925} INFO - DAG(s) 'example_task_group' retrieved from /home/airflow/.local/lib/python3.12/site-packages/airflow/example_dags/example_task_group.py
[2025-08-20T08:47:29.910+0000] {logging_mixin.py:190} INFO - [2025-08-20T08:47:29.910+0000] {dag.py:3239} INFO - Sync 1 DAGs
[2025-08-20T08:47:29.928+0000] {logging_mixin.py:190} INFO - [2025-08-20T08:47:29.928+0000] {dag.py:4180} INFO - Setting next_dagrun for example_task_group to None, run_after=None
[2025-08-20T08:47:30.243+0000] {processor.py:208} INFO - Processing /home/airflow/.local/lib/python3.12/site-packages/airflow/example_dags/example_task_group.py took 0.385 seconds
[2025-08-20T08:48:00.893+0000] {processor.py:186} INFO - Started process (PID=224) to work on /home/airflow/.local/lib/python3.12/site-packages/airflow/example_dags/example_task_group.py
[2025-08-20T08:48:00.895+0000] {processor.py:914} INFO - Processing file /home/airflow/.local/lib/python3.12/site-packages/airflow/example_dags/example_task_group.py for tasks to queue
[2025-08-20T08:48:00.898+0000] {logging_mixin.py:190} INFO - [2025-08-20T08:48:00.898+0000] {dagbag.py:588} INFO - Filling up the DagBag from /home/airflow/.local/lib/python3.12/site-packages/airflow/example_dags/example_task_group.py
[2025-08-20T08:48:00.910+0000] {processor.py:925} INFO - DAG(s) 'example_task_group' retrieved from /home/airflow/.local/lib/python3.12/site-packages/airflow/example_dags/example_task_group.py
[2025-08-20T08:48:00.940+0000] {logging_mixin.py:190} INFO - [2025-08-20T08:48:00.939+0000] {dag.py:3239} INFO - Sync 1 DAGs
[2025-08-20T08:48:00.959+0000] {logging_mixin.py:190} INFO - [2025-08-20T08:48:00.958+0000] {dag.py:4180} INFO - Setting next_dagrun for example_task_group to None, run_after=None
[2025-08-20T08:48:00.980+0000] {processor.py:208} INFO - Processing /home/airflow/.local/lib/python3.12/site-packages/airflow/example_dags/example_task_group.py took 0.095 seconds
