[2025-08-20T08:25:45.456+0000] {processor.py:186} INFO - Started process (PID=35) to work on /home/airflow/.local/lib/python3.12/site-packages/airflow/example_dags/example_subdag_operator.py
[2025-08-20T08:25:45.457+0000] {processor.py:914} INFO - Processing file /home/airflow/.local/lib/python3.12/site-packages/airflow/example_dags/example_subdag_operator.py for tasks to queue
[2025-08-20T08:25:45.460+0000] {logging_mixin.py:190} INFO - [2025-08-20T08:25:45.460+0000] {dagbag.py:588} INFO - Filling up the DagBag from /home/airflow/.local/lib/python3.12/site-packages/airflow/example_dags/example_subdag_operator.py
[2025-08-20T08:25:45.496+0000] {processor.py:925} INFO - DAG(s) 'example_subdag_operator.section-1', 'example_subdag_operator.section-2', 'example_subdag_operator' retrieved from /home/airflow/.local/lib/python3.12/site-packages/airflow/example_dags/example_subdag_operator.py
[2025-08-20T08:25:45.526+0000] {logging_mixin.py:190} INFO - [2025-08-20T08:25:45.525+0000] {dag.py:3239} INFO - Sync 3 DAGs
[2025-08-20T08:25:45.561+0000] {logging_mixin.py:190} INFO - [2025-08-20T08:25:45.560+0000] {dag.py:4180} INFO - Setting next_dagrun for example_subdag_operator to 2022-01-01 00:00:00+00:00, run_after=2022-01-01 00:00:00+00:00
[2025-08-20T08:25:45.566+0000] {logging_mixin.py:190} INFO - [2025-08-20T08:25:45.566+0000] {dag.py:4180} INFO - Setting next_dagrun for example_subdag_operator.section-1 to None, run_after=None
[2025-08-20T08:25:45.567+0000] {logging_mixin.py:190} INFO - [2025-08-20T08:25:45.567+0000] {dag.py:4180} INFO - Setting next_dagrun for example_subdag_operator.section-2 to None, run_after=None
[2025-08-20T08:25:45.576+0000] {logging_mixin.py:190} INFO - [2025-08-20T08:25:45.575+0000] {dag.py:3239} INFO - Sync 2 DAGs
[2025-08-20T08:25:45.582+0000] {logging_mixin.py:190} INFO - [2025-08-20T08:25:45.582+0000] {dag.py:4180} INFO - Setting next_dagrun for example_subdag_operator.section-1 to None, run_after=None
[2025-08-20T08:25:45.583+0000] {logging_mixin.py:190} INFO - [2025-08-20T08:25:45.582+0000] {dag.py:4180} INFO - Setting next_dagrun for example_subdag_operator.section-2 to None, run_after=None
[2025-08-20T08:25:45.835+0000] {processor.py:208} INFO - Processing /home/airflow/.local/lib/python3.12/site-packages/airflow/example_dags/example_subdag_operator.py took 0.388 seconds
[2025-08-20T08:26:16.674+0000] {processor.py:186} INFO - Started process (PID=91) to work on /home/airflow/.local/lib/python3.12/site-packages/airflow/example_dags/example_subdag_operator.py
[2025-08-20T08:26:16.675+0000] {processor.py:914} INFO - Processing file /home/airflow/.local/lib/python3.12/site-packages/airflow/example_dags/example_subdag_operator.py for tasks to queue
[2025-08-20T08:26:16.678+0000] {logging_mixin.py:190} INFO - [2025-08-20T08:26:16.678+0000] {dagbag.py:588} INFO - Filling up the DagBag from /home/airflow/.local/lib/python3.12/site-packages/airflow/example_dags/example_subdag_operator.py
[2025-08-20T08:26:16.716+0000] {processor.py:925} INFO - DAG(s) 'example_subdag_operator.section-1', 'example_subdag_operator.section-2', 'example_subdag_operator' retrieved from /home/airflow/.local/lib/python3.12/site-packages/airflow/example_dags/example_subdag_operator.py
[2025-08-20T08:26:16.736+0000] {logging_mixin.py:190} INFO - [2025-08-20T08:26:16.735+0000] {dag.py:3239} INFO - Sync 3 DAGs
[2025-08-20T08:26:16.767+0000] {logging_mixin.py:190} INFO - [2025-08-20T08:26:16.767+0000] {dag.py:4180} INFO - Setting next_dagrun for example_subdag_operator to 2022-01-01 00:00:00+00:00, run_after=2022-01-01 00:00:00+00:00
[2025-08-20T08:26:16.771+0000] {logging_mixin.py:190} INFO - [2025-08-20T08:26:16.771+0000] {dag.py:4180} INFO - Setting next_dagrun for example_subdag_operator.section-1 to None, run_after=None
[2025-08-20T08:26:16.773+0000] {logging_mixin.py:190} INFO - [2025-08-20T08:26:16.772+0000] {dag.py:4180} INFO - Setting next_dagrun for example_subdag_operator.section-2 to None, run_after=None
[2025-08-20T08:26:16.783+0000] {logging_mixin.py:190} INFO - [2025-08-20T08:26:16.782+0000] {dag.py:3239} INFO - Sync 2 DAGs
[2025-08-20T08:26:16.789+0000] {logging_mixin.py:190} INFO - [2025-08-20T08:26:16.788+0000] {dag.py:4180} INFO - Setting next_dagrun for example_subdag_operator.section-1 to None, run_after=None
[2025-08-20T08:26:16.789+0000] {logging_mixin.py:190} INFO - [2025-08-20T08:26:16.789+0000] {dag.py:4180} INFO - Setting next_dagrun for example_subdag_operator.section-2 to None, run_after=None
[2025-08-20T08:26:16.988+0000] {processor.py:208} INFO - Processing /home/airflow/.local/lib/python3.12/site-packages/airflow/example_dags/example_subdag_operator.py took 0.323 seconds
[2025-08-20T08:26:47.204+0000] {processor.py:186} INFO - Started process (PID=147) to work on /home/airflow/.local/lib/python3.12/site-packages/airflow/example_dags/example_subdag_operator.py
[2025-08-20T08:26:47.205+0000] {processor.py:914} INFO - Processing file /home/airflow/.local/lib/python3.12/site-packages/airflow/example_dags/example_subdag_operator.py for tasks to queue
[2025-08-20T08:26:47.208+0000] {logging_mixin.py:190} INFO - [2025-08-20T08:26:47.208+0000] {dagbag.py:588} INFO - Filling up the DagBag from /home/airflow/.local/lib/python3.12/site-packages/airflow/example_dags/example_subdag_operator.py
[2025-08-20T08:26:47.243+0000] {processor.py:925} INFO - DAG(s) 'example_subdag_operator.section-1', 'example_subdag_operator.section-2', 'example_subdag_operator' retrieved from /home/airflow/.local/lib/python3.12/site-packages/airflow/example_dags/example_subdag_operator.py
[2025-08-20T08:26:47.263+0000] {logging_mixin.py:190} INFO - [2025-08-20T08:26:47.262+0000] {dag.py:3239} INFO - Sync 3 DAGs
[2025-08-20T08:26:47.295+0000] {logging_mixin.py:190} INFO - [2025-08-20T08:26:47.294+0000] {dag.py:4180} INFO - Setting next_dagrun for example_subdag_operator to 2022-01-01 00:00:00+00:00, run_after=2022-01-01 00:00:00+00:00
[2025-08-20T08:26:47.301+0000] {logging_mixin.py:190} INFO - [2025-08-20T08:26:47.300+0000] {dag.py:4180} INFO - Setting next_dagrun for example_subdag_operator.section-1 to None, run_after=None
[2025-08-20T08:26:47.302+0000] {logging_mixin.py:190} INFO - [2025-08-20T08:26:47.302+0000] {dag.py:4180} INFO - Setting next_dagrun for example_subdag_operator.section-2 to None, run_after=None
[2025-08-20T08:26:47.310+0000] {logging_mixin.py:190} INFO - [2025-08-20T08:26:47.310+0000] {dag.py:3239} INFO - Sync 2 DAGs
[2025-08-20T08:26:47.316+0000] {logging_mixin.py:190} INFO - [2025-08-20T08:26:47.316+0000] {dag.py:4180} INFO - Setting next_dagrun for example_subdag_operator.section-1 to None, run_after=None
[2025-08-20T08:26:47.317+0000] {logging_mixin.py:190} INFO - [2025-08-20T08:26:47.317+0000] {dag.py:4180} INFO - Setting next_dagrun for example_subdag_operator.section-2 to None, run_after=None
[2025-08-20T08:26:47.534+0000] {processor.py:208} INFO - Processing /home/airflow/.local/lib/python3.12/site-packages/airflow/example_dags/example_subdag_operator.py took 0.339 seconds
[2025-08-20T08:27:17.608+0000] {processor.py:186} INFO - Started process (PID=203) to work on /home/airflow/.local/lib/python3.12/site-packages/airflow/example_dags/example_subdag_operator.py
[2025-08-20T08:27:17.609+0000] {processor.py:914} INFO - Processing file /home/airflow/.local/lib/python3.12/site-packages/airflow/example_dags/example_subdag_operator.py for tasks to queue
[2025-08-20T08:27:17.612+0000] {logging_mixin.py:190} INFO - [2025-08-20T08:27:17.612+0000] {dagbag.py:588} INFO - Filling up the DagBag from /home/airflow/.local/lib/python3.12/site-packages/airflow/example_dags/example_subdag_operator.py
[2025-08-20T08:27:17.646+0000] {processor.py:925} INFO - DAG(s) 'example_subdag_operator.section-1', 'example_subdag_operator.section-2', 'example_subdag_operator' retrieved from /home/airflow/.local/lib/python3.12/site-packages/airflow/example_dags/example_subdag_operator.py
[2025-08-20T08:27:17.665+0000] {logging_mixin.py:190} INFO - [2025-08-20T08:27:17.665+0000] {dag.py:3239} INFO - Sync 3 DAGs
[2025-08-20T08:27:17.696+0000] {logging_mixin.py:190} INFO - [2025-08-20T08:27:17.696+0000] {dag.py:4180} INFO - Setting next_dagrun for example_subdag_operator to 2022-01-01 00:00:00+00:00, run_after=2022-01-01 00:00:00+00:00
[2025-08-20T08:27:17.701+0000] {logging_mixin.py:190} INFO - [2025-08-20T08:27:17.701+0000] {dag.py:4180} INFO - Setting next_dagrun for example_subdag_operator.section-1 to None, run_after=None
[2025-08-20T08:27:17.702+0000] {logging_mixin.py:190} INFO - [2025-08-20T08:27:17.702+0000] {dag.py:4180} INFO - Setting next_dagrun for example_subdag_operator.section-2 to None, run_after=None
[2025-08-20T08:27:17.711+0000] {logging_mixin.py:190} INFO - [2025-08-20T08:27:17.711+0000] {dag.py:3239} INFO - Sync 2 DAGs
[2025-08-20T08:27:17.719+0000] {logging_mixin.py:190} INFO - [2025-08-20T08:27:17.718+0000] {dag.py:4180} INFO - Setting next_dagrun for example_subdag_operator.section-1 to None, run_after=None
[2025-08-20T08:27:17.719+0000] {logging_mixin.py:190} INFO - [2025-08-20T08:27:17.719+0000] {dag.py:4180} INFO - Setting next_dagrun for example_subdag_operator.section-2 to None, run_after=None
[2025-08-20T08:27:17.732+0000] {processor.py:208} INFO - Processing /home/airflow/.local/lib/python3.12/site-packages/airflow/example_dags/example_subdag_operator.py took 0.132 seconds
[2025-08-20T08:27:48.339+0000] {processor.py:186} INFO - Started process (PID=259) to work on /home/airflow/.local/lib/python3.12/site-packages/airflow/example_dags/example_subdag_operator.py
[2025-08-20T08:27:48.341+0000] {processor.py:914} INFO - Processing file /home/airflow/.local/lib/python3.12/site-packages/airflow/example_dags/example_subdag_operator.py for tasks to queue
[2025-08-20T08:27:48.344+0000] {logging_mixin.py:190} INFO - [2025-08-20T08:27:48.343+0000] {dagbag.py:588} INFO - Filling up the DagBag from /home/airflow/.local/lib/python3.12/site-packages/airflow/example_dags/example_subdag_operator.py
[2025-08-20T08:27:48.377+0000] {processor.py:925} INFO - DAG(s) 'example_subdag_operator.section-1', 'example_subdag_operator.section-2', 'example_subdag_operator' retrieved from /home/airflow/.local/lib/python3.12/site-packages/airflow/example_dags/example_subdag_operator.py
[2025-08-20T08:27:48.396+0000] {logging_mixin.py:190} INFO - [2025-08-20T08:27:48.396+0000] {dag.py:3239} INFO - Sync 3 DAGs
[2025-08-20T08:27:48.426+0000] {logging_mixin.py:190} INFO - [2025-08-20T08:27:48.426+0000] {dag.py:4180} INFO - Setting next_dagrun for example_subdag_operator to 2022-01-01 00:00:00+00:00, run_after=2022-01-01 00:00:00+00:00
[2025-08-20T08:27:48.430+0000] {logging_mixin.py:190} INFO - [2025-08-20T08:27:48.430+0000] {dag.py:4180} INFO - Setting next_dagrun for example_subdag_operator.section-1 to None, run_after=None
[2025-08-20T08:27:48.432+0000] {logging_mixin.py:190} INFO - [2025-08-20T08:27:48.431+0000] {dag.py:4180} INFO - Setting next_dagrun for example_subdag_operator.section-2 to None, run_after=None
[2025-08-20T08:27:48.441+0000] {logging_mixin.py:190} INFO - [2025-08-20T08:27:48.440+0000] {dag.py:3239} INFO - Sync 2 DAGs
[2025-08-20T08:27:48.446+0000] {logging_mixin.py:190} INFO - [2025-08-20T08:27:48.446+0000] {dag.py:4180} INFO - Setting next_dagrun for example_subdag_operator.section-1 to None, run_after=None
[2025-08-20T08:27:48.447+0000] {logging_mixin.py:190} INFO - [2025-08-20T08:27:48.447+0000] {dag.py:4180} INFO - Setting next_dagrun for example_subdag_operator.section-2 to None, run_after=None
[2025-08-20T08:27:48.458+0000] {processor.py:208} INFO - Processing /home/airflow/.local/lib/python3.12/site-packages/airflow/example_dags/example_subdag_operator.py took 0.128 seconds
[2025-08-20T08:28:18.739+0000] {processor.py:186} INFO - Started process (PID=315) to work on /home/airflow/.local/lib/python3.12/site-packages/airflow/example_dags/example_subdag_operator.py
[2025-08-20T08:28:18.740+0000] {processor.py:914} INFO - Processing file /home/airflow/.local/lib/python3.12/site-packages/airflow/example_dags/example_subdag_operator.py for tasks to queue
[2025-08-20T08:28:18.743+0000] {logging_mixin.py:190} INFO - [2025-08-20T08:28:18.743+0000] {dagbag.py:588} INFO - Filling up the DagBag from /home/airflow/.local/lib/python3.12/site-packages/airflow/example_dags/example_subdag_operator.py
[2025-08-20T08:28:18.777+0000] {processor.py:925} INFO - DAG(s) 'example_subdag_operator.section-1', 'example_subdag_operator.section-2', 'example_subdag_operator' retrieved from /home/airflow/.local/lib/python3.12/site-packages/airflow/example_dags/example_subdag_operator.py
[2025-08-20T08:28:18.795+0000] {logging_mixin.py:190} INFO - [2025-08-20T08:28:18.795+0000] {dag.py:3239} INFO - Sync 3 DAGs
[2025-08-20T08:28:18.826+0000] {logging_mixin.py:190} INFO - [2025-08-20T08:28:18.825+0000] {dag.py:4180} INFO - Setting next_dagrun for example_subdag_operator to 2022-01-01 00:00:00+00:00, run_after=2022-01-01 00:00:00+00:00
[2025-08-20T08:28:18.830+0000] {logging_mixin.py:190} INFO - [2025-08-20T08:28:18.830+0000] {dag.py:4180} INFO - Setting next_dagrun for example_subdag_operator.section-1 to None, run_after=None
[2025-08-20T08:28:18.831+0000] {logging_mixin.py:190} INFO - [2025-08-20T08:28:18.831+0000] {dag.py:4180} INFO - Setting next_dagrun for example_subdag_operator.section-2 to None, run_after=None
[2025-08-20T08:28:18.839+0000] {logging_mixin.py:190} INFO - [2025-08-20T08:28:18.839+0000] {dag.py:3239} INFO - Sync 2 DAGs
[2025-08-20T08:28:18.846+0000] {logging_mixin.py:190} INFO - [2025-08-20T08:28:18.845+0000] {dag.py:4180} INFO - Setting next_dagrun for example_subdag_operator.section-1 to None, run_after=None
[2025-08-20T08:28:18.846+0000] {logging_mixin.py:190} INFO - [2025-08-20T08:28:18.846+0000] {dag.py:4180} INFO - Setting next_dagrun for example_subdag_operator.section-2 to None, run_after=None
[2025-08-20T08:28:18.858+0000] {processor.py:208} INFO - Processing /home/airflow/.local/lib/python3.12/site-packages/airflow/example_dags/example_subdag_operator.py took 0.127 seconds
[2025-08-20T08:28:48.963+0000] {processor.py:186} INFO - Started process (PID=371) to work on /home/airflow/.local/lib/python3.12/site-packages/airflow/example_dags/example_subdag_operator.py
[2025-08-20T08:28:48.965+0000] {processor.py:914} INFO - Processing file /home/airflow/.local/lib/python3.12/site-packages/airflow/example_dags/example_subdag_operator.py for tasks to queue
[2025-08-20T08:28:48.968+0000] {logging_mixin.py:190} INFO - [2025-08-20T08:28:48.967+0000] {dagbag.py:588} INFO - Filling up the DagBag from /home/airflow/.local/lib/python3.12/site-packages/airflow/example_dags/example_subdag_operator.py
[2025-08-20T08:28:48.998+0000] {processor.py:925} INFO - DAG(s) 'example_subdag_operator.section-1', 'example_subdag_operator.section-2', 'example_subdag_operator' retrieved from /home/airflow/.local/lib/python3.12/site-packages/airflow/example_dags/example_subdag_operator.py
[2025-08-20T08:28:49.020+0000] {logging_mixin.py:190} INFO - [2025-08-20T08:28:49.020+0000] {dag.py:3239} INFO - Sync 3 DAGs
[2025-08-20T08:28:49.050+0000] {logging_mixin.py:190} INFO - [2025-08-20T08:28:49.050+0000] {dag.py:4180} INFO - Setting next_dagrun for example_subdag_operator to 2022-01-01 00:00:00+00:00, run_after=2022-01-01 00:00:00+00:00
[2025-08-20T08:28:49.054+0000] {logging_mixin.py:190} INFO - [2025-08-20T08:28:49.054+0000] {dag.py:4180} INFO - Setting next_dagrun for example_subdag_operator.section-1 to None, run_after=None
[2025-08-20T08:28:49.055+0000] {logging_mixin.py:190} INFO - [2025-08-20T08:28:49.055+0000] {dag.py:4180} INFO - Setting next_dagrun for example_subdag_operator.section-2 to None, run_after=None
[2025-08-20T08:28:49.064+0000] {logging_mixin.py:190} INFO - [2025-08-20T08:28:49.064+0000] {dag.py:3239} INFO - Sync 2 DAGs
[2025-08-20T08:28:49.070+0000] {logging_mixin.py:190} INFO - [2025-08-20T08:28:49.070+0000] {dag.py:4180} INFO - Setting next_dagrun for example_subdag_operator.section-1 to None, run_after=None
[2025-08-20T08:28:49.071+0000] {logging_mixin.py:190} INFO - [2025-08-20T08:28:49.071+0000] {dag.py:4180} INFO - Setting next_dagrun for example_subdag_operator.section-2 to None, run_after=None
[2025-08-20T08:28:49.082+0000] {processor.py:208} INFO - Processing /home/airflow/.local/lib/python3.12/site-packages/airflow/example_dags/example_subdag_operator.py took 0.126 seconds
[2025-08-20T08:29:19.631+0000] {processor.py:186} INFO - Started process (PID=427) to work on /home/airflow/.local/lib/python3.12/site-packages/airflow/example_dags/example_subdag_operator.py
[2025-08-20T08:29:19.633+0000] {processor.py:914} INFO - Processing file /home/airflow/.local/lib/python3.12/site-packages/airflow/example_dags/example_subdag_operator.py for tasks to queue
[2025-08-20T08:29:19.636+0000] {logging_mixin.py:190} INFO - [2025-08-20T08:29:19.636+0000] {dagbag.py:588} INFO - Filling up the DagBag from /home/airflow/.local/lib/python3.12/site-packages/airflow/example_dags/example_subdag_operator.py
[2025-08-20T08:29:19.667+0000] {processor.py:925} INFO - DAG(s) 'example_subdag_operator.section-1', 'example_subdag_operator.section-2', 'example_subdag_operator' retrieved from /home/airflow/.local/lib/python3.12/site-packages/airflow/example_dags/example_subdag_operator.py
[2025-08-20T08:29:19.686+0000] {logging_mixin.py:190} INFO - [2025-08-20T08:29:19.686+0000] {dag.py:3239} INFO - Sync 3 DAGs
[2025-08-20T08:29:19.715+0000] {logging_mixin.py:190} INFO - [2025-08-20T08:29:19.714+0000] {dag.py:4180} INFO - Setting next_dagrun for example_subdag_operator to 2022-01-01 00:00:00+00:00, run_after=2022-01-01 00:00:00+00:00
[2025-08-20T08:29:19.719+0000] {logging_mixin.py:190} INFO - [2025-08-20T08:29:19.719+0000] {dag.py:4180} INFO - Setting next_dagrun for example_subdag_operator.section-1 to None, run_after=None
[2025-08-20T08:29:19.720+0000] {logging_mixin.py:190} INFO - [2025-08-20T08:29:19.720+0000] {dag.py:4180} INFO - Setting next_dagrun for example_subdag_operator.section-2 to None, run_after=None
[2025-08-20T08:29:19.729+0000] {logging_mixin.py:190} INFO - [2025-08-20T08:29:19.728+0000] {dag.py:3239} INFO - Sync 2 DAGs
[2025-08-20T08:29:19.735+0000] {logging_mixin.py:190} INFO - [2025-08-20T08:29:19.735+0000] {dag.py:4180} INFO - Setting next_dagrun for example_subdag_operator.section-1 to None, run_after=None
[2025-08-20T08:29:19.735+0000] {logging_mixin.py:190} INFO - [2025-08-20T08:29:19.735+0000] {dag.py:4180} INFO - Setting next_dagrun for example_subdag_operator.section-2 to None, run_after=None
[2025-08-20T08:29:19.750+0000] {processor.py:208} INFO - Processing /home/airflow/.local/lib/python3.12/site-packages/airflow/example_dags/example_subdag_operator.py took 0.127 seconds
[2025-08-20T08:30:20.191+0000] {processor.py:186} INFO - Started process (PID=33) to work on /home/airflow/.local/lib/python3.12/site-packages/airflow/example_dags/example_subdag_operator.py
[2025-08-20T08:30:20.193+0000] {processor.py:914} INFO - Processing file /home/airflow/.local/lib/python3.12/site-packages/airflow/example_dags/example_subdag_operator.py for tasks to queue
[2025-08-20T08:30:20.196+0000] {logging_mixin.py:190} INFO - [2025-08-20T08:30:20.196+0000] {dagbag.py:588} INFO - Filling up the DagBag from /home/airflow/.local/lib/python3.12/site-packages/airflow/example_dags/example_subdag_operator.py
[2025-08-20T08:30:20.234+0000] {processor.py:925} INFO - DAG(s) 'example_subdag_operator.section-1', 'example_subdag_operator.section-2', 'example_subdag_operator' retrieved from /home/airflow/.local/lib/python3.12/site-packages/airflow/example_dags/example_subdag_operator.py
[2025-08-20T08:30:20.262+0000] {logging_mixin.py:190} INFO - [2025-08-20T08:30:20.262+0000] {dag.py:3239} INFO - Sync 3 DAGs
[2025-08-20T08:30:20.295+0000] {logging_mixin.py:190} INFO - [2025-08-20T08:30:20.294+0000] {dag.py:4180} INFO - Setting next_dagrun for example_subdag_operator to 2022-01-01 00:00:00+00:00, run_after=2022-01-01 00:00:00+00:00
[2025-08-20T08:30:20.299+0000] {logging_mixin.py:190} INFO - [2025-08-20T08:30:20.299+0000] {dag.py:4180} INFO - Setting next_dagrun for example_subdag_operator.section-1 to None, run_after=None
[2025-08-20T08:30:20.300+0000] {logging_mixin.py:190} INFO - [2025-08-20T08:30:20.300+0000] {dag.py:4180} INFO - Setting next_dagrun for example_subdag_operator.section-2 to None, run_after=None
[2025-08-20T08:30:20.308+0000] {logging_mixin.py:190} INFO - [2025-08-20T08:30:20.308+0000] {dag.py:3239} INFO - Sync 2 DAGs
[2025-08-20T08:30:20.315+0000] {logging_mixin.py:190} INFO - [2025-08-20T08:30:20.314+0000] {dag.py:4180} INFO - Setting next_dagrun for example_subdag_operator.section-1 to None, run_after=None
[2025-08-20T08:30:20.315+0000] {logging_mixin.py:190} INFO - [2025-08-20T08:30:20.315+0000] {dag.py:4180} INFO - Setting next_dagrun for example_subdag_operator.section-2 to None, run_after=None
[2025-08-20T08:30:20.455+0000] {processor.py:208} INFO - Processing /home/airflow/.local/lib/python3.12/site-packages/airflow/example_dags/example_subdag_operator.py took 0.272 seconds
[2025-08-20T08:30:51.406+0000] {processor.py:186} INFO - Started process (PID=89) to work on /home/airflow/.local/lib/python3.12/site-packages/airflow/example_dags/example_subdag_operator.py
[2025-08-20T08:30:51.408+0000] {processor.py:914} INFO - Processing file /home/airflow/.local/lib/python3.12/site-packages/airflow/example_dags/example_subdag_operator.py for tasks to queue
[2025-08-20T08:30:51.411+0000] {logging_mixin.py:190} INFO - [2025-08-20T08:30:51.411+0000] {dagbag.py:588} INFO - Filling up the DagBag from /home/airflow/.local/lib/python3.12/site-packages/airflow/example_dags/example_subdag_operator.py
[2025-08-20T08:30:51.450+0000] {processor.py:925} INFO - DAG(s) 'example_subdag_operator.section-1', 'example_subdag_operator.section-2', 'example_subdag_operator' retrieved from /home/airflow/.local/lib/python3.12/site-packages/airflow/example_dags/example_subdag_operator.py
[2025-08-20T08:30:51.479+0000] {logging_mixin.py:190} INFO - [2025-08-20T08:30:51.478+0000] {dag.py:3239} INFO - Sync 3 DAGs
[2025-08-20T08:30:51.521+0000] {logging_mixin.py:190} INFO - [2025-08-20T08:30:51.520+0000] {dag.py:4180} INFO - Setting next_dagrun for example_subdag_operator to 2022-01-01 00:00:00+00:00, run_after=2022-01-01 00:00:00+00:00
[2025-08-20T08:30:51.525+0000] {logging_mixin.py:190} INFO - [2025-08-20T08:30:51.525+0000] {dag.py:4180} INFO - Setting next_dagrun for example_subdag_operator.section-1 to None, run_after=None
[2025-08-20T08:30:51.527+0000] {logging_mixin.py:190} INFO - [2025-08-20T08:30:51.527+0000] {dag.py:4180} INFO - Setting next_dagrun for example_subdag_operator.section-2 to None, run_after=None
[2025-08-20T08:30:51.535+0000] {logging_mixin.py:190} INFO - [2025-08-20T08:30:51.535+0000] {dag.py:3239} INFO - Sync 2 DAGs
[2025-08-20T08:30:51.542+0000] {logging_mixin.py:190} INFO - [2025-08-20T08:30:51.541+0000] {dag.py:4180} INFO - Setting next_dagrun for example_subdag_operator.section-1 to None, run_after=None
[2025-08-20T08:30:51.542+0000] {logging_mixin.py:190} INFO - [2025-08-20T08:30:51.542+0000] {dag.py:4180} INFO - Setting next_dagrun for example_subdag_operator.section-2 to None, run_after=None
[2025-08-20T08:30:51.893+0000] {processor.py:208} INFO - Processing /home/airflow/.local/lib/python3.12/site-packages/airflow/example_dags/example_subdag_operator.py took 0.496 seconds
[2025-08-20T08:31:22.045+0000] {processor.py:186} INFO - Started process (PID=145) to work on /home/airflow/.local/lib/python3.12/site-packages/airflow/example_dags/example_subdag_operator.py
[2025-08-20T08:31:22.047+0000] {processor.py:914} INFO - Processing file /home/airflow/.local/lib/python3.12/site-packages/airflow/example_dags/example_subdag_operator.py for tasks to queue
[2025-08-20T08:31:22.050+0000] {logging_mixin.py:190} INFO - [2025-08-20T08:31:22.050+0000] {dagbag.py:588} INFO - Filling up the DagBag from /home/airflow/.local/lib/python3.12/site-packages/airflow/example_dags/example_subdag_operator.py
[2025-08-20T08:31:22.085+0000] {processor.py:925} INFO - DAG(s) 'example_subdag_operator.section-1', 'example_subdag_operator.section-2', 'example_subdag_operator' retrieved from /home/airflow/.local/lib/python3.12/site-packages/airflow/example_dags/example_subdag_operator.py
[2025-08-20T08:31:22.104+0000] {logging_mixin.py:190} INFO - [2025-08-20T08:31:22.103+0000] {dag.py:3239} INFO - Sync 3 DAGs
[2025-08-20T08:31:22.132+0000] {logging_mixin.py:190} INFO - [2025-08-20T08:31:22.132+0000] {dag.py:4180} INFO - Setting next_dagrun for example_subdag_operator to 2022-01-01 00:00:00+00:00, run_after=2022-01-01 00:00:00+00:00
[2025-08-20T08:31:22.138+0000] {logging_mixin.py:190} INFO - [2025-08-20T08:31:22.138+0000] {dag.py:4180} INFO - Setting next_dagrun for example_subdag_operator.section-1 to None, run_after=None
[2025-08-20T08:31:22.139+0000] {logging_mixin.py:190} INFO - [2025-08-20T08:31:22.139+0000] {dag.py:4180} INFO - Setting next_dagrun for example_subdag_operator.section-2 to None, run_after=None
[2025-08-20T08:31:22.148+0000] {logging_mixin.py:190} INFO - [2025-08-20T08:31:22.148+0000] {dag.py:3239} INFO - Sync 2 DAGs
[2025-08-20T08:31:22.154+0000] {logging_mixin.py:190} INFO - [2025-08-20T08:31:22.154+0000] {dag.py:4180} INFO - Setting next_dagrun for example_subdag_operator.section-1 to None, run_after=None
[2025-08-20T08:31:22.155+0000] {logging_mixin.py:190} INFO - [2025-08-20T08:31:22.155+0000] {dag.py:4180} INFO - Setting next_dagrun for example_subdag_operator.section-2 to None, run_after=None
[2025-08-20T08:31:22.530+0000] {processor.py:208} INFO - Processing /home/airflow/.local/lib/python3.12/site-packages/airflow/example_dags/example_subdag_operator.py took 0.493 seconds
[2025-08-20T08:31:52.768+0000] {processor.py:186} INFO - Started process (PID=201) to work on /home/airflow/.local/lib/python3.12/site-packages/airflow/example_dags/example_subdag_operator.py
[2025-08-20T08:31:52.770+0000] {processor.py:914} INFO - Processing file /home/airflow/.local/lib/python3.12/site-packages/airflow/example_dags/example_subdag_operator.py for tasks to queue
[2025-08-20T08:31:52.773+0000] {logging_mixin.py:190} INFO - [2025-08-20T08:31:52.772+0000] {dagbag.py:588} INFO - Filling up the DagBag from /home/airflow/.local/lib/python3.12/site-packages/airflow/example_dags/example_subdag_operator.py
[2025-08-20T08:31:52.815+0000] {processor.py:925} INFO - DAG(s) 'example_subdag_operator.section-1', 'example_subdag_operator.section-2', 'example_subdag_operator' retrieved from /home/airflow/.local/lib/python3.12/site-packages/airflow/example_dags/example_subdag_operator.py
[2025-08-20T08:31:52.839+0000] {logging_mixin.py:190} INFO - [2025-08-20T08:31:52.838+0000] {dag.py:3239} INFO - Sync 3 DAGs
[2025-08-20T08:31:52.870+0000] {logging_mixin.py:190} INFO - [2025-08-20T08:31:52.870+0000] {dag.py:4180} INFO - Setting next_dagrun for example_subdag_operator to 2022-01-01 00:00:00+00:00, run_after=2022-01-01 00:00:00+00:00
[2025-08-20T08:31:52.874+0000] {logging_mixin.py:190} INFO - [2025-08-20T08:31:52.874+0000] {dag.py:4180} INFO - Setting next_dagrun for example_subdag_operator.section-1 to None, run_after=None
[2025-08-20T08:31:52.876+0000] {logging_mixin.py:190} INFO - [2025-08-20T08:31:52.876+0000] {dag.py:4180} INFO - Setting next_dagrun for example_subdag_operator.section-2 to None, run_after=None
[2025-08-20T08:31:52.885+0000] {logging_mixin.py:190} INFO - [2025-08-20T08:31:52.884+0000] {dag.py:3239} INFO - Sync 2 DAGs
[2025-08-20T08:31:52.891+0000] {logging_mixin.py:190} INFO - [2025-08-20T08:31:52.891+0000] {dag.py:4180} INFO - Setting next_dagrun for example_subdag_operator.section-1 to None, run_after=None
[2025-08-20T08:31:52.892+0000] {logging_mixin.py:190} INFO - [2025-08-20T08:31:52.892+0000] {dag.py:4180} INFO - Setting next_dagrun for example_subdag_operator.section-2 to None, run_after=None
[2025-08-20T08:31:52.904+0000] {processor.py:208} INFO - Processing /home/airflow/.local/lib/python3.12/site-packages/airflow/example_dags/example_subdag_operator.py took 0.145 seconds
[2025-08-20T08:32:17.055+0000] {processor.py:186} INFO - Started process (PID=34) to work on /home/airflow/.local/lib/python3.12/site-packages/airflow/example_dags/example_subdag_operator.py
[2025-08-20T08:32:17.056+0000] {processor.py:914} INFO - Processing file /home/airflow/.local/lib/python3.12/site-packages/airflow/example_dags/example_subdag_operator.py for tasks to queue
[2025-08-20T08:32:17.059+0000] {logging_mixin.py:190} INFO - [2025-08-20T08:32:17.059+0000] {dagbag.py:588} INFO - Filling up the DagBag from /home/airflow/.local/lib/python3.12/site-packages/airflow/example_dags/example_subdag_operator.py
[2025-08-20T08:32:17.100+0000] {processor.py:925} INFO - DAG(s) 'example_subdag_operator.section-1', 'example_subdag_operator.section-2', 'example_subdag_operator' retrieved from /home/airflow/.local/lib/python3.12/site-packages/airflow/example_dags/example_subdag_operator.py
[2025-08-20T08:32:17.126+0000] {logging_mixin.py:190} INFO - [2025-08-20T08:32:17.126+0000] {dag.py:3239} INFO - Sync 3 DAGs
[2025-08-20T08:32:17.155+0000] {logging_mixin.py:190} INFO - [2025-08-20T08:32:17.155+0000] {dag.py:4180} INFO - Setting next_dagrun for example_subdag_operator to 2022-01-01 00:00:00+00:00, run_after=2022-01-01 00:00:00+00:00
[2025-08-20T08:32:17.159+0000] {logging_mixin.py:190} INFO - [2025-08-20T08:32:17.159+0000] {dag.py:4180} INFO - Setting next_dagrun for example_subdag_operator.section-1 to None, run_after=None
[2025-08-20T08:32:17.160+0000] {logging_mixin.py:190} INFO - [2025-08-20T08:32:17.160+0000] {dag.py:4180} INFO - Setting next_dagrun for example_subdag_operator.section-2 to None, run_after=None
[2025-08-20T08:32:17.167+0000] {logging_mixin.py:190} INFO - [2025-08-20T08:32:17.167+0000] {dag.py:3239} INFO - Sync 2 DAGs
[2025-08-20T08:32:17.173+0000] {logging_mixin.py:190} INFO - [2025-08-20T08:32:17.173+0000] {dag.py:4180} INFO - Setting next_dagrun for example_subdag_operator.section-1 to None, run_after=None
[2025-08-20T08:32:17.173+0000] {logging_mixin.py:190} INFO - [2025-08-20T08:32:17.173+0000] {dag.py:4180} INFO - Setting next_dagrun for example_subdag_operator.section-2 to None, run_after=None
[2025-08-20T08:32:17.183+0000] {processor.py:208} INFO - Processing /home/airflow/.local/lib/python3.12/site-packages/airflow/example_dags/example_subdag_operator.py took 0.136 seconds
[2025-08-20T08:32:47.400+0000] {processor.py:186} INFO - Started process (PID=90) to work on /home/airflow/.local/lib/python3.12/site-packages/airflow/example_dags/example_subdag_operator.py
[2025-08-20T08:32:47.401+0000] {processor.py:914} INFO - Processing file /home/airflow/.local/lib/python3.12/site-packages/airflow/example_dags/example_subdag_operator.py for tasks to queue
[2025-08-20T08:32:47.404+0000] {logging_mixin.py:190} INFO - [2025-08-20T08:32:47.404+0000] {dagbag.py:588} INFO - Filling up the DagBag from /home/airflow/.local/lib/python3.12/site-packages/airflow/example_dags/example_subdag_operator.py
[2025-08-20T08:32:47.435+0000] {processor.py:925} INFO - DAG(s) 'example_subdag_operator.section-1', 'example_subdag_operator.section-2', 'example_subdag_operator' retrieved from /home/airflow/.local/lib/python3.12/site-packages/airflow/example_dags/example_subdag_operator.py
[2025-08-20T08:32:47.453+0000] {logging_mixin.py:190} INFO - [2025-08-20T08:32:47.453+0000] {dag.py:3239} INFO - Sync 3 DAGs
[2025-08-20T08:32:47.481+0000] {logging_mixin.py:190} INFO - [2025-08-20T08:32:47.481+0000] {dag.py:4180} INFO - Setting next_dagrun for example_subdag_operator to 2022-01-01 00:00:00+00:00, run_after=2022-01-01 00:00:00+00:00
[2025-08-20T08:32:47.485+0000] {logging_mixin.py:190} INFO - [2025-08-20T08:32:47.485+0000] {dag.py:4180} INFO - Setting next_dagrun for example_subdag_operator.section-1 to None, run_after=None
[2025-08-20T08:32:47.486+0000] {logging_mixin.py:190} INFO - [2025-08-20T08:32:47.486+0000] {dag.py:4180} INFO - Setting next_dagrun for example_subdag_operator.section-2 to None, run_after=None
[2025-08-20T08:32:47.494+0000] {logging_mixin.py:190} INFO - [2025-08-20T08:32:47.494+0000] {dag.py:3239} INFO - Sync 2 DAGs
[2025-08-20T08:32:47.500+0000] {logging_mixin.py:190} INFO - [2025-08-20T08:32:47.500+0000] {dag.py:4180} INFO - Setting next_dagrun for example_subdag_operator.section-1 to None, run_after=None
[2025-08-20T08:32:47.500+0000] {logging_mixin.py:190} INFO - [2025-08-20T08:32:47.500+0000] {dag.py:4180} INFO - Setting next_dagrun for example_subdag_operator.section-2 to None, run_after=None
[2025-08-20T08:32:47.511+0000] {processor.py:208} INFO - Processing /home/airflow/.local/lib/python3.12/site-packages/airflow/example_dags/example_subdag_operator.py took 0.119 seconds
[2025-08-20T08:33:18.805+0000] {processor.py:186} INFO - Started process (PID=146) to work on /home/airflow/.local/lib/python3.12/site-packages/airflow/example_dags/example_subdag_operator.py
[2025-08-20T08:33:18.806+0000] {processor.py:914} INFO - Processing file /home/airflow/.local/lib/python3.12/site-packages/airflow/example_dags/example_subdag_operator.py for tasks to queue
[2025-08-20T08:33:18.809+0000] {logging_mixin.py:190} INFO - [2025-08-20T08:33:18.809+0000] {dagbag.py:588} INFO - Filling up the DagBag from /home/airflow/.local/lib/python3.12/site-packages/airflow/example_dags/example_subdag_operator.py
[2025-08-20T08:33:18.842+0000] {processor.py:925} INFO - DAG(s) 'example_subdag_operator.section-1', 'example_subdag_operator.section-2', 'example_subdag_operator' retrieved from /home/airflow/.local/lib/python3.12/site-packages/airflow/example_dags/example_subdag_operator.py
[2025-08-20T08:33:18.859+0000] {logging_mixin.py:190} INFO - [2025-08-20T08:33:18.859+0000] {dag.py:3239} INFO - Sync 3 DAGs
[2025-08-20T08:33:18.889+0000] {logging_mixin.py:190} INFO - [2025-08-20T08:33:18.888+0000] {dag.py:4180} INFO - Setting next_dagrun for example_subdag_operator to 2022-01-01 00:00:00+00:00, run_after=2022-01-01 00:00:00+00:00
[2025-08-20T08:33:18.893+0000] {logging_mixin.py:190} INFO - [2025-08-20T08:33:18.893+0000] {dag.py:4180} INFO - Setting next_dagrun for example_subdag_operator.section-1 to None, run_after=None
[2025-08-20T08:33:18.895+0000] {logging_mixin.py:190} INFO - [2025-08-20T08:33:18.895+0000] {dag.py:4180} INFO - Setting next_dagrun for example_subdag_operator.section-2 to None, run_after=None
[2025-08-20T08:33:18.902+0000] {logging_mixin.py:190} INFO - [2025-08-20T08:33:18.902+0000] {dag.py:3239} INFO - Sync 2 DAGs
[2025-08-20T08:33:18.909+0000] {logging_mixin.py:190} INFO - [2025-08-20T08:33:18.908+0000] {dag.py:4180} INFO - Setting next_dagrun for example_subdag_operator.section-1 to None, run_after=None
[2025-08-20T08:33:18.909+0000] {logging_mixin.py:190} INFO - [2025-08-20T08:33:18.909+0000] {dag.py:4180} INFO - Setting next_dagrun for example_subdag_operator.section-2 to None, run_after=None
[2025-08-20T08:33:18.920+0000] {processor.py:208} INFO - Processing /home/airflow/.local/lib/python3.12/site-packages/airflow/example_dags/example_subdag_operator.py took 0.123 seconds
[2025-08-20T08:33:49.615+0000] {processor.py:186} INFO - Started process (PID=202) to work on /home/airflow/.local/lib/python3.12/site-packages/airflow/example_dags/example_subdag_operator.py
[2025-08-20T08:33:49.617+0000] {processor.py:914} INFO - Processing file /home/airflow/.local/lib/python3.12/site-packages/airflow/example_dags/example_subdag_operator.py for tasks to queue
[2025-08-20T08:33:49.620+0000] {logging_mixin.py:190} INFO - [2025-08-20T08:33:49.619+0000] {dagbag.py:588} INFO - Filling up the DagBag from /home/airflow/.local/lib/python3.12/site-packages/airflow/example_dags/example_subdag_operator.py
[2025-08-20T08:33:49.652+0000] {processor.py:925} INFO - DAG(s) 'example_subdag_operator.section-1', 'example_subdag_operator.section-2', 'example_subdag_operator' retrieved from /home/airflow/.local/lib/python3.12/site-packages/airflow/example_dags/example_subdag_operator.py
[2025-08-20T08:33:49.671+0000] {logging_mixin.py:190} INFO - [2025-08-20T08:33:49.670+0000] {dag.py:3239} INFO - Sync 3 DAGs
[2025-08-20T08:33:49.699+0000] {logging_mixin.py:190} INFO - [2025-08-20T08:33:49.699+0000] {dag.py:4180} INFO - Setting next_dagrun for example_subdag_operator to 2022-01-01 00:00:00+00:00, run_after=2022-01-01 00:00:00+00:00
[2025-08-20T08:33:49.703+0000] {logging_mixin.py:190} INFO - [2025-08-20T08:33:49.703+0000] {dag.py:4180} INFO - Setting next_dagrun for example_subdag_operator.section-1 to None, run_after=None
[2025-08-20T08:33:49.705+0000] {logging_mixin.py:190} INFO - [2025-08-20T08:33:49.705+0000] {dag.py:4180} INFO - Setting next_dagrun for example_subdag_operator.section-2 to None, run_after=None
[2025-08-20T08:33:49.713+0000] {logging_mixin.py:190} INFO - [2025-08-20T08:33:49.712+0000] {dag.py:3239} INFO - Sync 2 DAGs
[2025-08-20T08:33:49.719+0000] {logging_mixin.py:190} INFO - [2025-08-20T08:33:49.719+0000] {dag.py:4180} INFO - Setting next_dagrun for example_subdag_operator.section-1 to None, run_after=None
[2025-08-20T08:33:49.720+0000] {logging_mixin.py:190} INFO - [2025-08-20T08:33:49.719+0000] {dag.py:4180} INFO - Setting next_dagrun for example_subdag_operator.section-2 to None, run_after=None
[2025-08-20T08:33:49.731+0000] {processor.py:208} INFO - Processing /home/airflow/.local/lib/python3.12/site-packages/airflow/example_dags/example_subdag_operator.py took 0.123 seconds
[2025-08-20T08:34:19.984+0000] {processor.py:186} INFO - Started process (PID=258) to work on /home/airflow/.local/lib/python3.12/site-packages/airflow/example_dags/example_subdag_operator.py
[2025-08-20T08:34:19.986+0000] {processor.py:914} INFO - Processing file /home/airflow/.local/lib/python3.12/site-packages/airflow/example_dags/example_subdag_operator.py for tasks to queue
[2025-08-20T08:34:19.989+0000] {logging_mixin.py:190} INFO - [2025-08-20T08:34:19.988+0000] {dagbag.py:588} INFO - Filling up the DagBag from /home/airflow/.local/lib/python3.12/site-packages/airflow/example_dags/example_subdag_operator.py
[2025-08-20T08:34:20.023+0000] {processor.py:925} INFO - DAG(s) 'example_subdag_operator.section-1', 'example_subdag_operator.section-2', 'example_subdag_operator' retrieved from /home/airflow/.local/lib/python3.12/site-packages/airflow/example_dags/example_subdag_operator.py
[2025-08-20T08:34:20.041+0000] {logging_mixin.py:190} INFO - [2025-08-20T08:34:20.041+0000] {dag.py:3239} INFO - Sync 3 DAGs
[2025-08-20T08:34:20.072+0000] {logging_mixin.py:190} INFO - [2025-08-20T08:34:20.072+0000] {dag.py:4180} INFO - Setting next_dagrun for example_subdag_operator to 2022-01-01 00:00:00+00:00, run_after=2022-01-01 00:00:00+00:00
[2025-08-20T08:34:20.077+0000] {logging_mixin.py:190} INFO - [2025-08-20T08:34:20.077+0000] {dag.py:4180} INFO - Setting next_dagrun for example_subdag_operator.section-1 to None, run_after=None
[2025-08-20T08:34:20.078+0000] {logging_mixin.py:190} INFO - [2025-08-20T08:34:20.078+0000] {dag.py:4180} INFO - Setting next_dagrun for example_subdag_operator.section-2 to None, run_after=None
[2025-08-20T08:34:20.087+0000] {logging_mixin.py:190} INFO - [2025-08-20T08:34:20.086+0000] {dag.py:3239} INFO - Sync 2 DAGs
[2025-08-20T08:34:20.093+0000] {logging_mixin.py:190} INFO - [2025-08-20T08:34:20.093+0000] {dag.py:4180} INFO - Setting next_dagrun for example_subdag_operator.section-1 to None, run_after=None
[2025-08-20T08:34:20.093+0000] {logging_mixin.py:190} INFO - [2025-08-20T08:34:20.093+0000] {dag.py:4180} INFO - Setting next_dagrun for example_subdag_operator.section-2 to None, run_after=None
[2025-08-20T08:34:20.105+0000] {processor.py:208} INFO - Processing /home/airflow/.local/lib/python3.12/site-packages/airflow/example_dags/example_subdag_operator.py took 0.129 seconds
[2025-08-20T08:34:50.618+0000] {processor.py:186} INFO - Started process (PID=314) to work on /home/airflow/.local/lib/python3.12/site-packages/airflow/example_dags/example_subdag_operator.py
[2025-08-20T08:34:50.619+0000] {processor.py:914} INFO - Processing file /home/airflow/.local/lib/python3.12/site-packages/airflow/example_dags/example_subdag_operator.py for tasks to queue
[2025-08-20T08:34:50.622+0000] {logging_mixin.py:190} INFO - [2025-08-20T08:34:50.622+0000] {dagbag.py:588} INFO - Filling up the DagBag from /home/airflow/.local/lib/python3.12/site-packages/airflow/example_dags/example_subdag_operator.py
[2025-08-20T08:34:50.657+0000] {processor.py:925} INFO - DAG(s) 'example_subdag_operator.section-1', 'example_subdag_operator.section-2', 'example_subdag_operator' retrieved from /home/airflow/.local/lib/python3.12/site-packages/airflow/example_dags/example_subdag_operator.py
[2025-08-20T08:34:50.676+0000] {logging_mixin.py:190} INFO - [2025-08-20T08:34:50.676+0000] {dag.py:3239} INFO - Sync 3 DAGs
[2025-08-20T08:34:50.706+0000] {logging_mixin.py:190} INFO - [2025-08-20T08:34:50.706+0000] {dag.py:4180} INFO - Setting next_dagrun for example_subdag_operator to 2022-01-01 00:00:00+00:00, run_after=2022-01-01 00:00:00+00:00
[2025-08-20T08:34:50.711+0000] {logging_mixin.py:190} INFO - [2025-08-20T08:34:50.711+0000] {dag.py:4180} INFO - Setting next_dagrun for example_subdag_operator.section-1 to None, run_after=None
[2025-08-20T08:34:50.714+0000] {logging_mixin.py:190} INFO - [2025-08-20T08:34:50.713+0000] {dag.py:4180} INFO - Setting next_dagrun for example_subdag_operator.section-2 to None, run_after=None
[2025-08-20T08:34:50.722+0000] {logging_mixin.py:190} INFO - [2025-08-20T08:34:50.722+0000] {dag.py:3239} INFO - Sync 2 DAGs
[2025-08-20T08:34:50.728+0000] {logging_mixin.py:190} INFO - [2025-08-20T08:34:50.728+0000] {dag.py:4180} INFO - Setting next_dagrun for example_subdag_operator.section-1 to None, run_after=None
[2025-08-20T08:34:50.729+0000] {logging_mixin.py:190} INFO - [2025-08-20T08:34:50.728+0000] {dag.py:4180} INFO - Setting next_dagrun for example_subdag_operator.section-2 to None, run_after=None
[2025-08-20T08:34:50.739+0000] {processor.py:208} INFO - Processing /home/airflow/.local/lib/python3.12/site-packages/airflow/example_dags/example_subdag_operator.py took 0.129 seconds
[2025-08-20T08:35:21.448+0000] {processor.py:186} INFO - Started process (PID=370) to work on /home/airflow/.local/lib/python3.12/site-packages/airflow/example_dags/example_subdag_operator.py
[2025-08-20T08:35:21.449+0000] {processor.py:914} INFO - Processing file /home/airflow/.local/lib/python3.12/site-packages/airflow/example_dags/example_subdag_operator.py for tasks to queue
[2025-08-20T08:35:21.452+0000] {logging_mixin.py:190} INFO - [2025-08-20T08:35:21.452+0000] {dagbag.py:588} INFO - Filling up the DagBag from /home/airflow/.local/lib/python3.12/site-packages/airflow/example_dags/example_subdag_operator.py
[2025-08-20T08:35:21.487+0000] {processor.py:925} INFO - DAG(s) 'example_subdag_operator.section-1', 'example_subdag_operator.section-2', 'example_subdag_operator' retrieved from /home/airflow/.local/lib/python3.12/site-packages/airflow/example_dags/example_subdag_operator.py
[2025-08-20T08:35:21.506+0000] {logging_mixin.py:190} INFO - [2025-08-20T08:35:21.506+0000] {dag.py:3239} INFO - Sync 3 DAGs
[2025-08-20T08:35:21.539+0000] {logging_mixin.py:190} INFO - [2025-08-20T08:35:21.538+0000] {dag.py:4180} INFO - Setting next_dagrun for example_subdag_operator to 2022-01-01 00:00:00+00:00, run_after=2022-01-01 00:00:00+00:00
[2025-08-20T08:35:21.543+0000] {logging_mixin.py:190} INFO - [2025-08-20T08:35:21.543+0000] {dag.py:4180} INFO - Setting next_dagrun for example_subdag_operator.section-1 to None, run_after=None
[2025-08-20T08:35:21.544+0000] {logging_mixin.py:190} INFO - [2025-08-20T08:35:21.544+0000] {dag.py:4180} INFO - Setting next_dagrun for example_subdag_operator.section-2 to None, run_after=None
[2025-08-20T08:35:21.552+0000] {logging_mixin.py:190} INFO - [2025-08-20T08:35:21.552+0000] {dag.py:3239} INFO - Sync 2 DAGs
[2025-08-20T08:35:21.558+0000] {logging_mixin.py:190} INFO - [2025-08-20T08:35:21.558+0000] {dag.py:4180} INFO - Setting next_dagrun for example_subdag_operator.section-1 to None, run_after=None
[2025-08-20T08:35:21.559+0000] {logging_mixin.py:190} INFO - [2025-08-20T08:35:21.559+0000] {dag.py:4180} INFO - Setting next_dagrun for example_subdag_operator.section-2 to None, run_after=None
[2025-08-20T08:35:21.570+0000] {processor.py:208} INFO - Processing /home/airflow/.local/lib/python3.12/site-packages/airflow/example_dags/example_subdag_operator.py took 0.130 seconds
[2025-08-20T08:36:34.124+0000] {processor.py:186} INFO - Started process (PID=34) to work on /home/airflow/.local/lib/python3.12/site-packages/airflow/example_dags/example_subdag_operator.py
[2025-08-20T08:36:34.126+0000] {processor.py:914} INFO - Processing file /home/airflow/.local/lib/python3.12/site-packages/airflow/example_dags/example_subdag_operator.py for tasks to queue
[2025-08-20T08:36:34.129+0000] {logging_mixin.py:190} INFO - [2025-08-20T08:36:34.128+0000] {dagbag.py:588} INFO - Filling up the DagBag from /home/airflow/.local/lib/python3.12/site-packages/airflow/example_dags/example_subdag_operator.py
[2025-08-20T08:36:34.170+0000] {processor.py:925} INFO - DAG(s) 'example_subdag_operator.section-1', 'example_subdag_operator.section-2', 'example_subdag_operator' retrieved from /home/airflow/.local/lib/python3.12/site-packages/airflow/example_dags/example_subdag_operator.py
[2025-08-20T08:36:34.199+0000] {logging_mixin.py:190} INFO - [2025-08-20T08:36:34.198+0000] {dag.py:3239} INFO - Sync 3 DAGs
[2025-08-20T08:36:34.230+0000] {logging_mixin.py:190} INFO - [2025-08-20T08:36:34.230+0000] {dag.py:4180} INFO - Setting next_dagrun for example_subdag_operator to 2022-01-01 00:00:00+00:00, run_after=2022-01-01 00:00:00+00:00
[2025-08-20T08:36:34.235+0000] {logging_mixin.py:190} INFO - [2025-08-20T08:36:34.235+0000] {dag.py:4180} INFO - Setting next_dagrun for example_subdag_operator.section-1 to None, run_after=None
[2025-08-20T08:36:34.237+0000] {logging_mixin.py:190} INFO - [2025-08-20T08:36:34.237+0000] {dag.py:4180} INFO - Setting next_dagrun for example_subdag_operator.section-2 to None, run_after=None
[2025-08-20T08:36:34.247+0000] {logging_mixin.py:190} INFO - [2025-08-20T08:36:34.247+0000] {dag.py:3239} INFO - Sync 2 DAGs
[2025-08-20T08:36:34.254+0000] {logging_mixin.py:190} INFO - [2025-08-20T08:36:34.254+0000] {dag.py:4180} INFO - Setting next_dagrun for example_subdag_operator.section-1 to None, run_after=None
[2025-08-20T08:36:34.255+0000] {logging_mixin.py:190} INFO - [2025-08-20T08:36:34.255+0000] {dag.py:4180} INFO - Setting next_dagrun for example_subdag_operator.section-2 to None, run_after=None
[2025-08-20T08:36:34.440+0000] {processor.py:208} INFO - Processing /home/airflow/.local/lib/python3.12/site-packages/airflow/example_dags/example_subdag_operator.py took 0.324 seconds
[2025-08-20T08:37:04.885+0000] {processor.py:186} INFO - Started process (PID=90) to work on /home/airflow/.local/lib/python3.12/site-packages/airflow/example_dags/example_subdag_operator.py
[2025-08-20T08:37:04.886+0000] {processor.py:914} INFO - Processing file /home/airflow/.local/lib/python3.12/site-packages/airflow/example_dags/example_subdag_operator.py for tasks to queue
[2025-08-20T08:37:04.889+0000] {logging_mixin.py:190} INFO - [2025-08-20T08:37:04.889+0000] {dagbag.py:588} INFO - Filling up the DagBag from /home/airflow/.local/lib/python3.12/site-packages/airflow/example_dags/example_subdag_operator.py
[2025-08-20T08:37:04.923+0000] {processor.py:925} INFO - DAG(s) 'example_subdag_operator.section-1', 'example_subdag_operator.section-2', 'example_subdag_operator' retrieved from /home/airflow/.local/lib/python3.12/site-packages/airflow/example_dags/example_subdag_operator.py
[2025-08-20T08:37:04.941+0000] {logging_mixin.py:190} INFO - [2025-08-20T08:37:04.941+0000] {dag.py:3239} INFO - Sync 3 DAGs
[2025-08-20T08:37:04.970+0000] {logging_mixin.py:190} INFO - [2025-08-20T08:37:04.970+0000] {dag.py:4180} INFO - Setting next_dagrun for example_subdag_operator to 2022-01-01 00:00:00+00:00, run_after=2022-01-01 00:00:00+00:00
[2025-08-20T08:37:04.976+0000] {logging_mixin.py:190} INFO - [2025-08-20T08:37:04.975+0000] {dag.py:4180} INFO - Setting next_dagrun for example_subdag_operator.section-1 to None, run_after=None
[2025-08-20T08:37:04.977+0000] {logging_mixin.py:190} INFO - [2025-08-20T08:37:04.977+0000] {dag.py:4180} INFO - Setting next_dagrun for example_subdag_operator.section-2 to None, run_after=None
[2025-08-20T08:37:04.985+0000] {logging_mixin.py:190} INFO - [2025-08-20T08:37:04.985+0000] {dag.py:3239} INFO - Sync 2 DAGs
[2025-08-20T08:37:04.992+0000] {logging_mixin.py:190} INFO - [2025-08-20T08:37:04.992+0000] {dag.py:4180} INFO - Setting next_dagrun for example_subdag_operator.section-1 to None, run_after=None
[2025-08-20T08:37:04.992+0000] {logging_mixin.py:190} INFO - [2025-08-20T08:37:04.992+0000] {dag.py:4180} INFO - Setting next_dagrun for example_subdag_operator.section-2 to None, run_after=None
[2025-08-20T08:37:05.285+0000] {processor.py:208} INFO - Processing /home/airflow/.local/lib/python3.12/site-packages/airflow/example_dags/example_subdag_operator.py took 0.408 seconds
[2025-08-20T08:37:35.461+0000] {processor.py:186} INFO - Started process (PID=146) to work on /home/airflow/.local/lib/python3.12/site-packages/airflow/example_dags/example_subdag_operator.py
[2025-08-20T08:37:35.463+0000] {processor.py:914} INFO - Processing file /home/airflow/.local/lib/python3.12/site-packages/airflow/example_dags/example_subdag_operator.py for tasks to queue
[2025-08-20T08:37:35.466+0000] {logging_mixin.py:190} INFO - [2025-08-20T08:37:35.465+0000] {dagbag.py:588} INFO - Filling up the DagBag from /home/airflow/.local/lib/python3.12/site-packages/airflow/example_dags/example_subdag_operator.py
[2025-08-20T08:37:35.499+0000] {processor.py:925} INFO - DAG(s) 'example_subdag_operator.section-1', 'example_subdag_operator.section-2', 'example_subdag_operator' retrieved from /home/airflow/.local/lib/python3.12/site-packages/airflow/example_dags/example_subdag_operator.py
[2025-08-20T08:37:35.517+0000] {logging_mixin.py:190} INFO - [2025-08-20T08:37:35.516+0000] {dag.py:3239} INFO - Sync 3 DAGs
[2025-08-20T08:37:35.547+0000] {logging_mixin.py:190} INFO - [2025-08-20T08:37:35.547+0000] {dag.py:4180} INFO - Setting next_dagrun for example_subdag_operator to 2022-01-01 00:00:00+00:00, run_after=2022-01-01 00:00:00+00:00
[2025-08-20T08:37:35.552+0000] {logging_mixin.py:190} INFO - [2025-08-20T08:37:35.551+0000] {dag.py:4180} INFO - Setting next_dagrun for example_subdag_operator.section-1 to None, run_after=None
[2025-08-20T08:37:35.553+0000] {logging_mixin.py:190} INFO - [2025-08-20T08:37:35.553+0000] {dag.py:4180} INFO - Setting next_dagrun for example_subdag_operator.section-2 to None, run_after=None
[2025-08-20T08:37:35.561+0000] {logging_mixin.py:190} INFO - [2025-08-20T08:37:35.561+0000] {dag.py:3239} INFO - Sync 2 DAGs
[2025-08-20T08:37:35.568+0000] {logging_mixin.py:190} INFO - [2025-08-20T08:37:35.567+0000] {dag.py:4180} INFO - Setting next_dagrun for example_subdag_operator.section-1 to None, run_after=None
[2025-08-20T08:37:35.568+0000] {logging_mixin.py:190} INFO - [2025-08-20T08:37:35.568+0000] {dag.py:4180} INFO - Setting next_dagrun for example_subdag_operator.section-2 to None, run_after=None
[2025-08-20T08:37:35.832+0000] {processor.py:208} INFO - Processing /home/airflow/.local/lib/python3.12/site-packages/airflow/example_dags/example_subdag_operator.py took 0.382 seconds
[2025-08-20T08:38:06.194+0000] {processor.py:186} INFO - Started process (PID=202) to work on /home/airflow/.local/lib/python3.12/site-packages/airflow/example_dags/example_subdag_operator.py
[2025-08-20T08:38:06.195+0000] {processor.py:914} INFO - Processing file /home/airflow/.local/lib/python3.12/site-packages/airflow/example_dags/example_subdag_operator.py for tasks to queue
[2025-08-20T08:38:06.198+0000] {logging_mixin.py:190} INFO - [2025-08-20T08:38:06.197+0000] {dagbag.py:588} INFO - Filling up the DagBag from /home/airflow/.local/lib/python3.12/site-packages/airflow/example_dags/example_subdag_operator.py
[2025-08-20T08:38:06.232+0000] {processor.py:925} INFO - DAG(s) 'example_subdag_operator.section-1', 'example_subdag_operator.section-2', 'example_subdag_operator' retrieved from /home/airflow/.local/lib/python3.12/site-packages/airflow/example_dags/example_subdag_operator.py
[2025-08-20T08:38:06.250+0000] {logging_mixin.py:190} INFO - [2025-08-20T08:38:06.249+0000] {dag.py:3239} INFO - Sync 3 DAGs
[2025-08-20T08:38:06.279+0000] {logging_mixin.py:190} INFO - [2025-08-20T08:38:06.279+0000] {dag.py:4180} INFO - Setting next_dagrun for example_subdag_operator to 2022-01-01 00:00:00+00:00, run_after=2022-01-01 00:00:00+00:00
[2025-08-20T08:38:06.284+0000] {logging_mixin.py:190} INFO - [2025-08-20T08:38:06.283+0000] {dag.py:4180} INFO - Setting next_dagrun for example_subdag_operator.section-1 to None, run_after=None
[2025-08-20T08:38:06.285+0000] {logging_mixin.py:190} INFO - [2025-08-20T08:38:06.285+0000] {dag.py:4180} INFO - Setting next_dagrun for example_subdag_operator.section-2 to None, run_after=None
[2025-08-20T08:38:06.293+0000] {logging_mixin.py:190} INFO - [2025-08-20T08:38:06.293+0000] {dag.py:3239} INFO - Sync 2 DAGs
[2025-08-20T08:38:06.299+0000] {logging_mixin.py:190} INFO - [2025-08-20T08:38:06.299+0000] {dag.py:4180} INFO - Setting next_dagrun for example_subdag_operator.section-1 to None, run_after=None
[2025-08-20T08:38:06.299+0000] {logging_mixin.py:190} INFO - [2025-08-20T08:38:06.299+0000] {dag.py:4180} INFO - Setting next_dagrun for example_subdag_operator.section-2 to None, run_after=None
[2025-08-20T08:38:06.310+0000] {processor.py:208} INFO - Processing /home/airflow/.local/lib/python3.12/site-packages/airflow/example_dags/example_subdag_operator.py took 0.125 seconds
[2025-08-20T08:38:36.662+0000] {processor.py:186} INFO - Started process (PID=258) to work on /home/airflow/.local/lib/python3.12/site-packages/airflow/example_dags/example_subdag_operator.py
[2025-08-20T08:38:36.663+0000] {processor.py:914} INFO - Processing file /home/airflow/.local/lib/python3.12/site-packages/airflow/example_dags/example_subdag_operator.py for tasks to queue
[2025-08-20T08:38:36.666+0000] {logging_mixin.py:190} INFO - [2025-08-20T08:38:36.666+0000] {dagbag.py:588} INFO - Filling up the DagBag from /home/airflow/.local/lib/python3.12/site-packages/airflow/example_dags/example_subdag_operator.py
[2025-08-20T08:38:36.700+0000] {processor.py:925} INFO - DAG(s) 'example_subdag_operator.section-1', 'example_subdag_operator.section-2', 'example_subdag_operator' retrieved from /home/airflow/.local/lib/python3.12/site-packages/airflow/example_dags/example_subdag_operator.py
[2025-08-20T08:38:36.721+0000] {logging_mixin.py:190} INFO - [2025-08-20T08:38:36.720+0000] {dag.py:3239} INFO - Sync 3 DAGs
[2025-08-20T08:38:36.751+0000] {logging_mixin.py:190} INFO - [2025-08-20T08:38:36.751+0000] {dag.py:4180} INFO - Setting next_dagrun for example_subdag_operator to 2022-01-01 00:00:00+00:00, run_after=2022-01-01 00:00:00+00:00
[2025-08-20T08:38:36.755+0000] {logging_mixin.py:190} INFO - [2025-08-20T08:38:36.755+0000] {dag.py:4180} INFO - Setting next_dagrun for example_subdag_operator.section-1 to None, run_after=None
[2025-08-20T08:38:36.757+0000] {logging_mixin.py:190} INFO - [2025-08-20T08:38:36.757+0000] {dag.py:4180} INFO - Setting next_dagrun for example_subdag_operator.section-2 to None, run_after=None
[2025-08-20T08:38:36.765+0000] {logging_mixin.py:190} INFO - [2025-08-20T08:38:36.765+0000] {dag.py:3239} INFO - Sync 2 DAGs
[2025-08-20T08:38:36.771+0000] {logging_mixin.py:190} INFO - [2025-08-20T08:38:36.771+0000] {dag.py:4180} INFO - Setting next_dagrun for example_subdag_operator.section-1 to None, run_after=None
[2025-08-20T08:38:36.772+0000] {logging_mixin.py:190} INFO - [2025-08-20T08:38:36.772+0000] {dag.py:4180} INFO - Setting next_dagrun for example_subdag_operator.section-2 to None, run_after=None
[2025-08-20T08:38:36.783+0000] {processor.py:208} INFO - Processing /home/airflow/.local/lib/python3.12/site-packages/airflow/example_dags/example_subdag_operator.py took 0.130 seconds
[2025-08-20T08:39:07.224+0000] {processor.py:186} INFO - Started process (PID=314) to work on /home/airflow/.local/lib/python3.12/site-packages/airflow/example_dags/example_subdag_operator.py
[2025-08-20T08:39:07.225+0000] {processor.py:914} INFO - Processing file /home/airflow/.local/lib/python3.12/site-packages/airflow/example_dags/example_subdag_operator.py for tasks to queue
[2025-08-20T08:39:07.227+0000] {logging_mixin.py:190} INFO - [2025-08-20T08:39:07.227+0000] {dagbag.py:588} INFO - Filling up the DagBag from /home/airflow/.local/lib/python3.12/site-packages/airflow/example_dags/example_subdag_operator.py
[2025-08-20T08:39:07.262+0000] {processor.py:925} INFO - DAG(s) 'example_subdag_operator.section-1', 'example_subdag_operator.section-2', 'example_subdag_operator' retrieved from /home/airflow/.local/lib/python3.12/site-packages/airflow/example_dags/example_subdag_operator.py
[2025-08-20T08:39:07.282+0000] {logging_mixin.py:190} INFO - [2025-08-20T08:39:07.282+0000] {dag.py:3239} INFO - Sync 3 DAGs
[2025-08-20T08:39:07.311+0000] {logging_mixin.py:190} INFO - [2025-08-20T08:39:07.311+0000] {dag.py:4180} INFO - Setting next_dagrun for example_subdag_operator to 2022-01-01 00:00:00+00:00, run_after=2022-01-01 00:00:00+00:00
[2025-08-20T08:39:07.316+0000] {logging_mixin.py:190} INFO - [2025-08-20T08:39:07.316+0000] {dag.py:4180} INFO - Setting next_dagrun for example_subdag_operator.section-1 to None, run_after=None
[2025-08-20T08:39:07.317+0000] {logging_mixin.py:190} INFO - [2025-08-20T08:39:07.317+0000] {dag.py:4180} INFO - Setting next_dagrun for example_subdag_operator.section-2 to None, run_after=None
[2025-08-20T08:39:07.325+0000] {logging_mixin.py:190} INFO - [2025-08-20T08:39:07.325+0000] {dag.py:3239} INFO - Sync 2 DAGs
[2025-08-20T08:39:07.331+0000] {logging_mixin.py:190} INFO - [2025-08-20T08:39:07.331+0000] {dag.py:4180} INFO - Setting next_dagrun for example_subdag_operator.section-1 to None, run_after=None
[2025-08-20T08:39:07.332+0000] {logging_mixin.py:190} INFO - [2025-08-20T08:39:07.332+0000] {dag.py:4180} INFO - Setting next_dagrun for example_subdag_operator.section-2 to None, run_after=None
[2025-08-20T08:39:07.343+0000] {processor.py:208} INFO - Processing /home/airflow/.local/lib/python3.12/site-packages/airflow/example_dags/example_subdag_operator.py took 0.128 seconds
[2025-08-20T08:40:43.337+0000] {processor.py:186} INFO - Started process (PID=34) to work on /home/airflow/.local/lib/python3.12/site-packages/airflow/example_dags/example_subdag_operator.py
[2025-08-20T08:40:43.410+0000] {processor.py:914} INFO - Processing file /home/airflow/.local/lib/python3.12/site-packages/airflow/example_dags/example_subdag_operator.py for tasks to queue
[2025-08-20T08:40:43.414+0000] {logging_mixin.py:190} INFO - [2025-08-20T08:40:43.413+0000] {dagbag.py:588} INFO - Filling up the DagBag from /home/airflow/.local/lib/python3.12/site-packages/airflow/example_dags/example_subdag_operator.py
[2025-08-20T08:40:43.457+0000] {processor.py:925} INFO - DAG(s) 'example_subdag_operator.section-1', 'example_subdag_operator.section-2', 'example_subdag_operator' retrieved from /home/airflow/.local/lib/python3.12/site-packages/airflow/example_dags/example_subdag_operator.py
[2025-08-20T08:40:43.489+0000] {logging_mixin.py:190} INFO - [2025-08-20T08:40:43.488+0000] {dag.py:3239} INFO - Sync 3 DAGs
[2025-08-20T08:40:43.528+0000] {logging_mixin.py:190} INFO - [2025-08-20T08:40:43.527+0000] {dag.py:4180} INFO - Setting next_dagrun for example_subdag_operator to 2022-01-01 00:00:00+00:00, run_after=2022-01-01 00:00:00+00:00
[2025-08-20T08:40:43.606+0000] {logging_mixin.py:190} INFO - [2025-08-20T08:40:43.606+0000] {dag.py:4180} INFO - Setting next_dagrun for example_subdag_operator.section-1 to None, run_after=None
[2025-08-20T08:40:43.609+0000] {logging_mixin.py:190} INFO - [2025-08-20T08:40:43.608+0000] {dag.py:4180} INFO - Setting next_dagrun for example_subdag_operator.section-2 to None, run_after=None
[2025-08-20T08:40:43.620+0000] {logging_mixin.py:190} INFO - [2025-08-20T08:40:43.620+0000] {dag.py:3239} INFO - Sync 2 DAGs
[2025-08-20T08:40:43.627+0000] {logging_mixin.py:190} INFO - [2025-08-20T08:40:43.627+0000] {dag.py:4180} INFO - Setting next_dagrun for example_subdag_operator.section-1 to None, run_after=None
[2025-08-20T08:40:43.628+0000] {logging_mixin.py:190} INFO - [2025-08-20T08:40:43.628+0000] {dag.py:4180} INFO - Setting next_dagrun for example_subdag_operator.section-2 to None, run_after=None
[2025-08-20T08:40:43.686+0000] {processor.py:208} INFO - Processing /home/airflow/.local/lib/python3.12/site-packages/airflow/example_dags/example_subdag_operator.py took 0.358 seconds
[2025-08-20T08:41:14.110+0000] {processor.py:186} INFO - Started process (PID=90) to work on /home/airflow/.local/lib/python3.12/site-packages/airflow/example_dags/example_subdag_operator.py
[2025-08-20T08:41:14.121+0000] {processor.py:914} INFO - Processing file /home/airflow/.local/lib/python3.12/site-packages/airflow/example_dags/example_subdag_operator.py for tasks to queue
[2025-08-20T08:41:14.124+0000] {logging_mixin.py:190} INFO - [2025-08-20T08:41:14.124+0000] {dagbag.py:588} INFO - Filling up the DagBag from /home/airflow/.local/lib/python3.12/site-packages/airflow/example_dags/example_subdag_operator.py
[2025-08-20T08:41:14.163+0000] {processor.py:925} INFO - DAG(s) 'example_subdag_operator.section-1', 'example_subdag_operator.section-2', 'example_subdag_operator' retrieved from /home/airflow/.local/lib/python3.12/site-packages/airflow/example_dags/example_subdag_operator.py
[2025-08-20T08:41:14.185+0000] {logging_mixin.py:190} INFO - [2025-08-20T08:41:14.184+0000] {dag.py:3239} INFO - Sync 3 DAGs
[2025-08-20T08:41:14.221+0000] {logging_mixin.py:190} INFO - [2025-08-20T08:41:14.221+0000] {dag.py:4180} INFO - Setting next_dagrun for example_subdag_operator to 2022-01-01 00:00:00+00:00, run_after=2022-01-01 00:00:00+00:00
[2025-08-20T08:41:14.226+0000] {logging_mixin.py:190} INFO - [2025-08-20T08:41:14.226+0000] {dag.py:4180} INFO - Setting next_dagrun for example_subdag_operator.section-1 to None, run_after=None
[2025-08-20T08:41:14.228+0000] {logging_mixin.py:190} INFO - [2025-08-20T08:41:14.227+0000] {dag.py:4180} INFO - Setting next_dagrun for example_subdag_operator.section-2 to None, run_after=None
[2025-08-20T08:41:14.238+0000] {logging_mixin.py:190} INFO - [2025-08-20T08:41:14.237+0000] {dag.py:3239} INFO - Sync 2 DAGs
[2025-08-20T08:41:14.245+0000] {logging_mixin.py:190} INFO - [2025-08-20T08:41:14.245+0000] {dag.py:4180} INFO - Setting next_dagrun for example_subdag_operator.section-1 to None, run_after=None
[2025-08-20T08:41:14.245+0000] {logging_mixin.py:190} INFO - [2025-08-20T08:41:14.245+0000] {dag.py:4180} INFO - Setting next_dagrun for example_subdag_operator.section-2 to None, run_after=None
[2025-08-20T08:41:14.483+0000] {processor.py:208} INFO - Processing /home/airflow/.local/lib/python3.12/site-packages/airflow/example_dags/example_subdag_operator.py took 0.384 seconds
[2025-08-20T08:41:44.768+0000] {processor.py:186} INFO - Started process (PID=146) to work on /home/airflow/.local/lib/python3.12/site-packages/airflow/example_dags/example_subdag_operator.py
[2025-08-20T08:41:44.769+0000] {processor.py:914} INFO - Processing file /home/airflow/.local/lib/python3.12/site-packages/airflow/example_dags/example_subdag_operator.py for tasks to queue
[2025-08-20T08:41:44.773+0000] {logging_mixin.py:190} INFO - [2025-08-20T08:41:44.772+0000] {dagbag.py:588} INFO - Filling up the DagBag from /home/airflow/.local/lib/python3.12/site-packages/airflow/example_dags/example_subdag_operator.py
[2025-08-20T08:41:44.809+0000] {processor.py:925} INFO - DAG(s) 'example_subdag_operator.section-1', 'example_subdag_operator.section-2', 'example_subdag_operator' retrieved from /home/airflow/.local/lib/python3.12/site-packages/airflow/example_dags/example_subdag_operator.py
[2025-08-20T08:41:44.829+0000] {logging_mixin.py:190} INFO - [2025-08-20T08:41:44.828+0000] {dag.py:3239} INFO - Sync 3 DAGs
[2025-08-20T08:41:44.860+0000] {logging_mixin.py:190} INFO - [2025-08-20T08:41:44.859+0000] {dag.py:4180} INFO - Setting next_dagrun for example_subdag_operator to 2022-01-01 00:00:00+00:00, run_after=2022-01-01 00:00:00+00:00
[2025-08-20T08:41:44.866+0000] {logging_mixin.py:190} INFO - [2025-08-20T08:41:44.865+0000] {dag.py:4180} INFO - Setting next_dagrun for example_subdag_operator.section-1 to None, run_after=None
[2025-08-20T08:41:44.867+0000] {logging_mixin.py:190} INFO - [2025-08-20T08:41:44.867+0000] {dag.py:4180} INFO - Setting next_dagrun for example_subdag_operator.section-2 to None, run_after=None
[2025-08-20T08:41:44.876+0000] {logging_mixin.py:190} INFO - [2025-08-20T08:41:44.876+0000] {dag.py:3239} INFO - Sync 2 DAGs
[2025-08-20T08:41:44.883+0000] {logging_mixin.py:190} INFO - [2025-08-20T08:41:44.883+0000] {dag.py:4180} INFO - Setting next_dagrun for example_subdag_operator.section-1 to None, run_after=None
[2025-08-20T08:41:44.884+0000] {logging_mixin.py:190} INFO - [2025-08-20T08:41:44.883+0000] {dag.py:4180} INFO - Setting next_dagrun for example_subdag_operator.section-2 to None, run_after=None
[2025-08-20T08:41:44.896+0000] {processor.py:208} INFO - Processing /home/airflow/.local/lib/python3.12/site-packages/airflow/example_dags/example_subdag_operator.py took 0.139 seconds
[2025-08-20T08:42:15.311+0000] {processor.py:186} INFO - Started process (PID=202) to work on /home/airflow/.local/lib/python3.12/site-packages/airflow/example_dags/example_subdag_operator.py
[2025-08-20T08:42:15.312+0000] {processor.py:914} INFO - Processing file /home/airflow/.local/lib/python3.12/site-packages/airflow/example_dags/example_subdag_operator.py for tasks to queue
[2025-08-20T08:42:15.315+0000] {logging_mixin.py:190} INFO - [2025-08-20T08:42:15.315+0000] {dagbag.py:588} INFO - Filling up the DagBag from /home/airflow/.local/lib/python3.12/site-packages/airflow/example_dags/example_subdag_operator.py
[2025-08-20T08:42:15.348+0000] {processor.py:925} INFO - DAG(s) 'example_subdag_operator.section-1', 'example_subdag_operator.section-2', 'example_subdag_operator' retrieved from /home/airflow/.local/lib/python3.12/site-packages/airflow/example_dags/example_subdag_operator.py
[2025-08-20T08:42:15.367+0000] {logging_mixin.py:190} INFO - [2025-08-20T08:42:15.367+0000] {dag.py:3239} INFO - Sync 3 DAGs
[2025-08-20T08:42:15.396+0000] {logging_mixin.py:190} INFO - [2025-08-20T08:42:15.396+0000] {dag.py:4180} INFO - Setting next_dagrun for example_subdag_operator to 2022-01-01 00:00:00+00:00, run_after=2022-01-01 00:00:00+00:00
[2025-08-20T08:42:15.400+0000] {logging_mixin.py:190} INFO - [2025-08-20T08:42:15.400+0000] {dag.py:4180} INFO - Setting next_dagrun for example_subdag_operator.section-1 to None, run_after=None
[2025-08-20T08:42:15.402+0000] {logging_mixin.py:190} INFO - [2025-08-20T08:42:15.401+0000] {dag.py:4180} INFO - Setting next_dagrun for example_subdag_operator.section-2 to None, run_after=None
[2025-08-20T08:42:15.410+0000] {logging_mixin.py:190} INFO - [2025-08-20T08:42:15.410+0000] {dag.py:3239} INFO - Sync 2 DAGs
[2025-08-20T08:42:15.416+0000] {logging_mixin.py:190} INFO - [2025-08-20T08:42:15.416+0000] {dag.py:4180} INFO - Setting next_dagrun for example_subdag_operator.section-1 to None, run_after=None
[2025-08-20T08:42:15.416+0000] {logging_mixin.py:190} INFO - [2025-08-20T08:42:15.416+0000] {dag.py:4180} INFO - Setting next_dagrun for example_subdag_operator.section-2 to None, run_after=None
[2025-08-20T08:42:15.427+0000] {processor.py:208} INFO - Processing /home/airflow/.local/lib/python3.12/site-packages/airflow/example_dags/example_subdag_operator.py took 0.124 seconds
[2025-08-20T08:42:45.700+0000] {processor.py:186} INFO - Started process (PID=258) to work on /home/airflow/.local/lib/python3.12/site-packages/airflow/example_dags/example_subdag_operator.py
[2025-08-20T08:42:45.702+0000] {processor.py:914} INFO - Processing file /home/airflow/.local/lib/python3.12/site-packages/airflow/example_dags/example_subdag_operator.py for tasks to queue
[2025-08-20T08:42:45.705+0000] {logging_mixin.py:190} INFO - [2025-08-20T08:42:45.705+0000] {dagbag.py:588} INFO - Filling up the DagBag from /home/airflow/.local/lib/python3.12/site-packages/airflow/example_dags/example_subdag_operator.py
[2025-08-20T08:42:45.737+0000] {processor.py:925} INFO - DAG(s) 'example_subdag_operator.section-1', 'example_subdag_operator.section-2', 'example_subdag_operator' retrieved from /home/airflow/.local/lib/python3.12/site-packages/airflow/example_dags/example_subdag_operator.py
[2025-08-20T08:42:45.756+0000] {logging_mixin.py:190} INFO - [2025-08-20T08:42:45.756+0000] {dag.py:3239} INFO - Sync 3 DAGs
[2025-08-20T08:42:45.785+0000] {logging_mixin.py:190} INFO - [2025-08-20T08:42:45.785+0000] {dag.py:4180} INFO - Setting next_dagrun for example_subdag_operator to 2022-01-01 00:00:00+00:00, run_after=2022-01-01 00:00:00+00:00
[2025-08-20T08:42:45.790+0000] {logging_mixin.py:190} INFO - [2025-08-20T08:42:45.789+0000] {dag.py:4180} INFO - Setting next_dagrun for example_subdag_operator.section-1 to None, run_after=None
[2025-08-20T08:42:45.791+0000] {logging_mixin.py:190} INFO - [2025-08-20T08:42:45.791+0000] {dag.py:4180} INFO - Setting next_dagrun for example_subdag_operator.section-2 to None, run_after=None
[2025-08-20T08:42:45.799+0000] {logging_mixin.py:190} INFO - [2025-08-20T08:42:45.799+0000] {dag.py:3239} INFO - Sync 2 DAGs
[2025-08-20T08:42:45.806+0000] {logging_mixin.py:190} INFO - [2025-08-20T08:42:45.806+0000] {dag.py:4180} INFO - Setting next_dagrun for example_subdag_operator.section-1 to None, run_after=None
[2025-08-20T08:42:45.807+0000] {logging_mixin.py:190} INFO - [2025-08-20T08:42:45.806+0000] {dag.py:4180} INFO - Setting next_dagrun for example_subdag_operator.section-2 to None, run_after=None
[2025-08-20T08:42:45.818+0000] {processor.py:208} INFO - Processing /home/airflow/.local/lib/python3.12/site-packages/airflow/example_dags/example_subdag_operator.py took 0.125 seconds
[2025-08-20T08:43:16.446+0000] {processor.py:186} INFO - Started process (PID=314) to work on /home/airflow/.local/lib/python3.12/site-packages/airflow/example_dags/example_subdag_operator.py
[2025-08-20T08:43:16.447+0000] {processor.py:914} INFO - Processing file /home/airflow/.local/lib/python3.12/site-packages/airflow/example_dags/example_subdag_operator.py for tasks to queue
[2025-08-20T08:43:16.450+0000] {logging_mixin.py:190} INFO - [2025-08-20T08:43:16.450+0000] {dagbag.py:588} INFO - Filling up the DagBag from /home/airflow/.local/lib/python3.12/site-packages/airflow/example_dags/example_subdag_operator.py
[2025-08-20T08:43:16.481+0000] {processor.py:925} INFO - DAG(s) 'example_subdag_operator.section-1', 'example_subdag_operator.section-2', 'example_subdag_operator' retrieved from /home/airflow/.local/lib/python3.12/site-packages/airflow/example_dags/example_subdag_operator.py
[2025-08-20T08:43:16.503+0000] {logging_mixin.py:190} INFO - [2025-08-20T08:43:16.502+0000] {dag.py:3239} INFO - Sync 3 DAGs
[2025-08-20T08:43:16.542+0000] {logging_mixin.py:190} INFO - [2025-08-20T08:43:16.542+0000] {dag.py:4180} INFO - Setting next_dagrun for example_subdag_operator to 2022-01-01 00:00:00+00:00, run_after=2022-01-01 00:00:00+00:00
[2025-08-20T08:43:16.548+0000] {logging_mixin.py:190} INFO - [2025-08-20T08:43:16.548+0000] {dag.py:4180} INFO - Setting next_dagrun for example_subdag_operator.section-1 to None, run_after=None
[2025-08-20T08:43:16.549+0000] {logging_mixin.py:190} INFO - [2025-08-20T08:43:16.549+0000] {dag.py:4180} INFO - Setting next_dagrun for example_subdag_operator.section-2 to None, run_after=None
[2025-08-20T08:43:16.559+0000] {logging_mixin.py:190} INFO - [2025-08-20T08:43:16.559+0000] {dag.py:3239} INFO - Sync 2 DAGs
[2025-08-20T08:43:16.566+0000] {logging_mixin.py:190} INFO - [2025-08-20T08:43:16.566+0000] {dag.py:4180} INFO - Setting next_dagrun for example_subdag_operator.section-1 to None, run_after=None
[2025-08-20T08:43:16.566+0000] {logging_mixin.py:190} INFO - [2025-08-20T08:43:16.566+0000] {dag.py:4180} INFO - Setting next_dagrun for example_subdag_operator.section-2 to None, run_after=None
[2025-08-20T08:43:16.578+0000] {processor.py:208} INFO - Processing /home/airflow/.local/lib/python3.12/site-packages/airflow/example_dags/example_subdag_operator.py took 0.140 seconds
[2025-08-20T08:43:46.813+0000] {processor.py:186} INFO - Started process (PID=370) to work on /home/airflow/.local/lib/python3.12/site-packages/airflow/example_dags/example_subdag_operator.py
[2025-08-20T08:43:46.815+0000] {processor.py:914} INFO - Processing file /home/airflow/.local/lib/python3.12/site-packages/airflow/example_dags/example_subdag_operator.py for tasks to queue
[2025-08-20T08:43:46.819+0000] {logging_mixin.py:190} INFO - [2025-08-20T08:43:46.818+0000] {dagbag.py:588} INFO - Filling up the DagBag from /home/airflow/.local/lib/python3.12/site-packages/airflow/example_dags/example_subdag_operator.py
[2025-08-20T08:43:46.854+0000] {processor.py:925} INFO - DAG(s) 'example_subdag_operator.section-1', 'example_subdag_operator.section-2', 'example_subdag_operator' retrieved from /home/airflow/.local/lib/python3.12/site-packages/airflow/example_dags/example_subdag_operator.py
[2025-08-20T08:43:46.873+0000] {logging_mixin.py:190} INFO - [2025-08-20T08:43:46.873+0000] {dag.py:3239} INFO - Sync 3 DAGs
[2025-08-20T08:43:46.905+0000] {logging_mixin.py:190} INFO - [2025-08-20T08:43:46.905+0000] {dag.py:4180} INFO - Setting next_dagrun for example_subdag_operator to 2022-01-01 00:00:00+00:00, run_after=2022-01-01 00:00:00+00:00
[2025-08-20T08:43:46.910+0000] {logging_mixin.py:190} INFO - [2025-08-20T08:43:46.910+0000] {dag.py:4180} INFO - Setting next_dagrun for example_subdag_operator.section-1 to None, run_after=None
[2025-08-20T08:43:46.911+0000] {logging_mixin.py:190} INFO - [2025-08-20T08:43:46.911+0000] {dag.py:4180} INFO - Setting next_dagrun for example_subdag_operator.section-2 to None, run_after=None
[2025-08-20T08:43:46.920+0000] {logging_mixin.py:190} INFO - [2025-08-20T08:43:46.920+0000] {dag.py:3239} INFO - Sync 2 DAGs
[2025-08-20T08:43:46.926+0000] {logging_mixin.py:190} INFO - [2025-08-20T08:43:46.926+0000] {dag.py:4180} INFO - Setting next_dagrun for example_subdag_operator.section-1 to None, run_after=None
[2025-08-20T08:43:46.927+0000] {logging_mixin.py:190} INFO - [2025-08-20T08:43:46.927+0000] {dag.py:4180} INFO - Setting next_dagrun for example_subdag_operator.section-2 to None, run_after=None
[2025-08-20T08:43:46.939+0000] {processor.py:208} INFO - Processing /home/airflow/.local/lib/python3.12/site-packages/airflow/example_dags/example_subdag_operator.py took 0.136 seconds
[2025-08-20T08:44:17.321+0000] {processor.py:186} INFO - Started process (PID=426) to work on /home/airflow/.local/lib/python3.12/site-packages/airflow/example_dags/example_subdag_operator.py
[2025-08-20T08:44:17.323+0000] {processor.py:914} INFO - Processing file /home/airflow/.local/lib/python3.12/site-packages/airflow/example_dags/example_subdag_operator.py for tasks to queue
[2025-08-20T08:44:17.326+0000] {logging_mixin.py:190} INFO - [2025-08-20T08:44:17.325+0000] {dagbag.py:588} INFO - Filling up the DagBag from /home/airflow/.local/lib/python3.12/site-packages/airflow/example_dags/example_subdag_operator.py
[2025-08-20T08:44:17.360+0000] {processor.py:925} INFO - DAG(s) 'example_subdag_operator.section-1', 'example_subdag_operator.section-2', 'example_subdag_operator' retrieved from /home/airflow/.local/lib/python3.12/site-packages/airflow/example_dags/example_subdag_operator.py
[2025-08-20T08:44:17.378+0000] {logging_mixin.py:190} INFO - [2025-08-20T08:44:17.378+0000] {dag.py:3239} INFO - Sync 3 DAGs
[2025-08-20T08:44:17.406+0000] {logging_mixin.py:190} INFO - [2025-08-20T08:44:17.406+0000] {dag.py:4180} INFO - Setting next_dagrun for example_subdag_operator to 2022-01-01 00:00:00+00:00, run_after=2022-01-01 00:00:00+00:00
[2025-08-20T08:44:17.410+0000] {logging_mixin.py:190} INFO - [2025-08-20T08:44:17.410+0000] {dag.py:4180} INFO - Setting next_dagrun for example_subdag_operator.section-1 to None, run_after=None
[2025-08-20T08:44:17.412+0000] {logging_mixin.py:190} INFO - [2025-08-20T08:44:17.412+0000] {dag.py:4180} INFO - Setting next_dagrun for example_subdag_operator.section-2 to None, run_after=None
[2025-08-20T08:44:17.422+0000] {logging_mixin.py:190} INFO - [2025-08-20T08:44:17.422+0000] {dag.py:3239} INFO - Sync 2 DAGs
[2025-08-20T08:44:17.428+0000] {logging_mixin.py:190} INFO - [2025-08-20T08:44:17.428+0000] {dag.py:4180} INFO - Setting next_dagrun for example_subdag_operator.section-1 to None, run_after=None
[2025-08-20T08:44:17.429+0000] {logging_mixin.py:190} INFO - [2025-08-20T08:44:17.428+0000] {dag.py:4180} INFO - Setting next_dagrun for example_subdag_operator.section-2 to None, run_after=None
[2025-08-20T08:44:17.441+0000] {processor.py:208} INFO - Processing /home/airflow/.local/lib/python3.12/site-packages/airflow/example_dags/example_subdag_operator.py took 0.128 seconds
[2025-08-20T08:44:47.769+0000] {processor.py:186} INFO - Started process (PID=482) to work on /home/airflow/.local/lib/python3.12/site-packages/airflow/example_dags/example_subdag_operator.py
[2025-08-20T08:44:47.770+0000] {processor.py:914} INFO - Processing file /home/airflow/.local/lib/python3.12/site-packages/airflow/example_dags/example_subdag_operator.py for tasks to queue
[2025-08-20T08:44:47.772+0000] {logging_mixin.py:190} INFO - [2025-08-20T08:44:47.772+0000] {dagbag.py:588} INFO - Filling up the DagBag from /home/airflow/.local/lib/python3.12/site-packages/airflow/example_dags/example_subdag_operator.py
[2025-08-20T08:44:47.805+0000] {processor.py:925} INFO - DAG(s) 'example_subdag_operator.section-1', 'example_subdag_operator.section-2', 'example_subdag_operator' retrieved from /home/airflow/.local/lib/python3.12/site-packages/airflow/example_dags/example_subdag_operator.py
[2025-08-20T08:44:47.823+0000] {logging_mixin.py:190} INFO - [2025-08-20T08:44:47.822+0000] {dag.py:3239} INFO - Sync 3 DAGs
[2025-08-20T08:44:47.852+0000] {logging_mixin.py:190} INFO - [2025-08-20T08:44:47.852+0000] {dag.py:4180} INFO - Setting next_dagrun for example_subdag_operator to 2022-01-01 00:00:00+00:00, run_after=2022-01-01 00:00:00+00:00
[2025-08-20T08:44:47.857+0000] {logging_mixin.py:190} INFO - [2025-08-20T08:44:47.856+0000] {dag.py:4180} INFO - Setting next_dagrun for example_subdag_operator.section-1 to None, run_after=None
[2025-08-20T08:44:47.858+0000] {logging_mixin.py:190} INFO - [2025-08-20T08:44:47.858+0000] {dag.py:4180} INFO - Setting next_dagrun for example_subdag_operator.section-2 to None, run_after=None
[2025-08-20T08:44:47.865+0000] {logging_mixin.py:190} INFO - [2025-08-20T08:44:47.865+0000] {dag.py:3239} INFO - Sync 2 DAGs
[2025-08-20T08:44:47.871+0000] {logging_mixin.py:190} INFO - [2025-08-20T08:44:47.871+0000] {dag.py:4180} INFO - Setting next_dagrun for example_subdag_operator.section-1 to None, run_after=None
[2025-08-20T08:44:47.872+0000] {logging_mixin.py:190} INFO - [2025-08-20T08:44:47.871+0000] {dag.py:4180} INFO - Setting next_dagrun for example_subdag_operator.section-2 to None, run_after=None
[2025-08-20T08:44:47.883+0000] {processor.py:208} INFO - Processing /home/airflow/.local/lib/python3.12/site-packages/airflow/example_dags/example_subdag_operator.py took 0.122 seconds
[2025-08-20T08:45:18.107+0000] {processor.py:186} INFO - Started process (PID=538) to work on /home/airflow/.local/lib/python3.12/site-packages/airflow/example_dags/example_subdag_operator.py
[2025-08-20T08:45:18.108+0000] {processor.py:914} INFO - Processing file /home/airflow/.local/lib/python3.12/site-packages/airflow/example_dags/example_subdag_operator.py for tasks to queue
[2025-08-20T08:45:18.111+0000] {logging_mixin.py:190} INFO - [2025-08-20T08:45:18.111+0000] {dagbag.py:588} INFO - Filling up the DagBag from /home/airflow/.local/lib/python3.12/site-packages/airflow/example_dags/example_subdag_operator.py
[2025-08-20T08:45:18.144+0000] {processor.py:925} INFO - DAG(s) 'example_subdag_operator.section-1', 'example_subdag_operator.section-2', 'example_subdag_operator' retrieved from /home/airflow/.local/lib/python3.12/site-packages/airflow/example_dags/example_subdag_operator.py
[2025-08-20T08:45:18.163+0000] {logging_mixin.py:190} INFO - [2025-08-20T08:45:18.163+0000] {dag.py:3239} INFO - Sync 3 DAGs
[2025-08-20T08:45:18.193+0000] {logging_mixin.py:190} INFO - [2025-08-20T08:45:18.193+0000] {dag.py:4180} INFO - Setting next_dagrun for example_subdag_operator to 2022-01-01 00:00:00+00:00, run_after=2022-01-01 00:00:00+00:00
[2025-08-20T08:45:18.198+0000] {logging_mixin.py:190} INFO - [2025-08-20T08:45:18.198+0000] {dag.py:4180} INFO - Setting next_dagrun for example_subdag_operator.section-1 to None, run_after=None
[2025-08-20T08:45:18.199+0000] {logging_mixin.py:190} INFO - [2025-08-20T08:45:18.199+0000] {dag.py:4180} INFO - Setting next_dagrun for example_subdag_operator.section-2 to None, run_after=None
[2025-08-20T08:45:18.208+0000] {logging_mixin.py:190} INFO - [2025-08-20T08:45:18.207+0000] {dag.py:3239} INFO - Sync 2 DAGs
[2025-08-20T08:45:18.214+0000] {logging_mixin.py:190} INFO - [2025-08-20T08:45:18.214+0000] {dag.py:4180} INFO - Setting next_dagrun for example_subdag_operator.section-1 to None, run_after=None
[2025-08-20T08:45:18.215+0000] {logging_mixin.py:190} INFO - [2025-08-20T08:45:18.215+0000] {dag.py:4180} INFO - Setting next_dagrun for example_subdag_operator.section-2 to None, run_after=None
[2025-08-20T08:45:18.226+0000] {processor.py:208} INFO - Processing /home/airflow/.local/lib/python3.12/site-packages/airflow/example_dags/example_subdag_operator.py took 0.128 seconds
[2025-08-20T08:46:22.170+0000] {processor.py:186} INFO - Started process (PID=34) to work on /home/airflow/.local/lib/python3.12/site-packages/airflow/example_dags/example_subdag_operator.py
[2025-08-20T08:46:22.171+0000] {processor.py:914} INFO - Processing file /home/airflow/.local/lib/python3.12/site-packages/airflow/example_dags/example_subdag_operator.py for tasks to queue
[2025-08-20T08:46:22.174+0000] {logging_mixin.py:190} INFO - [2025-08-20T08:46:22.173+0000] {dagbag.py:588} INFO - Filling up the DagBag from /home/airflow/.local/lib/python3.12/site-packages/airflow/example_dags/example_subdag_operator.py
[2025-08-20T08:46:22.211+0000] {processor.py:925} INFO - DAG(s) 'example_subdag_operator.section-1', 'example_subdag_operator.section-2', 'example_subdag_operator' retrieved from /home/airflow/.local/lib/python3.12/site-packages/airflow/example_dags/example_subdag_operator.py
[2025-08-20T08:46:22.242+0000] {logging_mixin.py:190} INFO - [2025-08-20T08:46:22.241+0000] {dag.py:3239} INFO - Sync 3 DAGs
[2025-08-20T08:46:22.272+0000] {logging_mixin.py:190} INFO - [2025-08-20T08:46:22.271+0000] {dag.py:4180} INFO - Setting next_dagrun for example_subdag_operator to 2022-01-01 00:00:00+00:00, run_after=2022-01-01 00:00:00+00:00
[2025-08-20T08:46:22.276+0000] {logging_mixin.py:190} INFO - [2025-08-20T08:46:22.276+0000] {dag.py:4180} INFO - Setting next_dagrun for example_subdag_operator.section-1 to None, run_after=None
[2025-08-20T08:46:22.277+0000] {logging_mixin.py:190} INFO - [2025-08-20T08:46:22.277+0000] {dag.py:4180} INFO - Setting next_dagrun for example_subdag_operator.section-2 to None, run_after=None
[2025-08-20T08:46:22.286+0000] {logging_mixin.py:190} INFO - [2025-08-20T08:46:22.286+0000] {dag.py:3239} INFO - Sync 2 DAGs
[2025-08-20T08:46:22.292+0000] {logging_mixin.py:190} INFO - [2025-08-20T08:46:22.292+0000] {dag.py:4180} INFO - Setting next_dagrun for example_subdag_operator.section-1 to None, run_after=None
[2025-08-20T08:46:22.293+0000] {logging_mixin.py:190} INFO - [2025-08-20T08:46:22.293+0000] {dag.py:4180} INFO - Setting next_dagrun for example_subdag_operator.section-2 to None, run_after=None
[2025-08-20T08:46:22.499+0000] {processor.py:208} INFO - Processing /home/airflow/.local/lib/python3.12/site-packages/airflow/example_dags/example_subdag_operator.py took 0.338 seconds
[2025-08-20T08:46:53.019+0000] {processor.py:186} INFO - Started process (PID=90) to work on /home/airflow/.local/lib/python3.12/site-packages/airflow/example_dags/example_subdag_operator.py
[2025-08-20T08:46:53.020+0000] {processor.py:914} INFO - Processing file /home/airflow/.local/lib/python3.12/site-packages/airflow/example_dags/example_subdag_operator.py for tasks to queue
[2025-08-20T08:46:53.024+0000] {logging_mixin.py:190} INFO - [2025-08-20T08:46:53.023+0000] {dagbag.py:588} INFO - Filling up the DagBag from /home/airflow/.local/lib/python3.12/site-packages/airflow/example_dags/example_subdag_operator.py
[2025-08-20T08:46:53.057+0000] {processor.py:925} INFO - DAG(s) 'example_subdag_operator.section-1', 'example_subdag_operator.section-2', 'example_subdag_operator' retrieved from /home/airflow/.local/lib/python3.12/site-packages/airflow/example_dags/example_subdag_operator.py
[2025-08-20T08:46:53.076+0000] {logging_mixin.py:190} INFO - [2025-08-20T08:46:53.075+0000] {dag.py:3239} INFO - Sync 3 DAGs
[2025-08-20T08:46:53.106+0000] {logging_mixin.py:190} INFO - [2025-08-20T08:46:53.106+0000] {dag.py:4180} INFO - Setting next_dagrun for example_subdag_operator to 2022-01-01 00:00:00+00:00, run_after=2022-01-01 00:00:00+00:00
[2025-08-20T08:46:53.111+0000] {logging_mixin.py:190} INFO - [2025-08-20T08:46:53.111+0000] {dag.py:4180} INFO - Setting next_dagrun for example_subdag_operator.section-1 to None, run_after=None
[2025-08-20T08:46:53.112+0000] {logging_mixin.py:190} INFO - [2025-08-20T08:46:53.112+0000] {dag.py:4180} INFO - Setting next_dagrun for example_subdag_operator.section-2 to None, run_after=None
[2025-08-20T08:46:53.120+0000] {logging_mixin.py:190} INFO - [2025-08-20T08:46:53.120+0000] {dag.py:3239} INFO - Sync 2 DAGs
[2025-08-20T08:46:53.127+0000] {logging_mixin.py:190} INFO - [2025-08-20T08:46:53.126+0000] {dag.py:4180} INFO - Setting next_dagrun for example_subdag_operator.section-1 to None, run_after=None
[2025-08-20T08:46:53.127+0000] {logging_mixin.py:190} INFO - [2025-08-20T08:46:53.127+0000] {dag.py:4180} INFO - Setting next_dagrun for example_subdag_operator.section-2 to None, run_after=None
[2025-08-20T08:46:53.261+0000] {processor.py:208} INFO - Processing /home/airflow/.local/lib/python3.12/site-packages/airflow/example_dags/example_subdag_operator.py took 0.251 seconds
[2025-08-20T08:47:23.569+0000] {processor.py:186} INFO - Started process (PID=146) to work on /home/airflow/.local/lib/python3.12/site-packages/airflow/example_dags/example_subdag_operator.py
[2025-08-20T08:47:23.571+0000] {processor.py:914} INFO - Processing file /home/airflow/.local/lib/python3.12/site-packages/airflow/example_dags/example_subdag_operator.py for tasks to queue
[2025-08-20T08:47:23.574+0000] {logging_mixin.py:190} INFO - [2025-08-20T08:47:23.574+0000] {dagbag.py:588} INFO - Filling up the DagBag from /home/airflow/.local/lib/python3.12/site-packages/airflow/example_dags/example_subdag_operator.py
[2025-08-20T08:47:23.608+0000] {processor.py:925} INFO - DAG(s) 'example_subdag_operator.section-1', 'example_subdag_operator.section-2', 'example_subdag_operator' retrieved from /home/airflow/.local/lib/python3.12/site-packages/airflow/example_dags/example_subdag_operator.py
[2025-08-20T08:47:23.627+0000] {logging_mixin.py:190} INFO - [2025-08-20T08:47:23.626+0000] {dag.py:3239} INFO - Sync 3 DAGs
[2025-08-20T08:47:23.655+0000] {logging_mixin.py:190} INFO - [2025-08-20T08:47:23.655+0000] {dag.py:4180} INFO - Setting next_dagrun for example_subdag_operator to 2022-01-01 00:00:00+00:00, run_after=2022-01-01 00:00:00+00:00
[2025-08-20T08:47:23.659+0000] {logging_mixin.py:190} INFO - [2025-08-20T08:47:23.659+0000] {dag.py:4180} INFO - Setting next_dagrun for example_subdag_operator.section-1 to None, run_after=None
[2025-08-20T08:47:23.660+0000] {logging_mixin.py:190} INFO - [2025-08-20T08:47:23.660+0000] {dag.py:4180} INFO - Setting next_dagrun for example_subdag_operator.section-2 to None, run_after=None
[2025-08-20T08:47:23.668+0000] {logging_mixin.py:190} INFO - [2025-08-20T08:47:23.668+0000] {dag.py:3239} INFO - Sync 2 DAGs
[2025-08-20T08:47:23.675+0000] {logging_mixin.py:190} INFO - [2025-08-20T08:47:23.674+0000] {dag.py:4180} INFO - Setting next_dagrun for example_subdag_operator.section-1 to None, run_after=None
[2025-08-20T08:47:23.675+0000] {logging_mixin.py:190} INFO - [2025-08-20T08:47:23.675+0000] {dag.py:4180} INFO - Setting next_dagrun for example_subdag_operator.section-2 to None, run_after=None
[2025-08-20T08:47:23.855+0000] {processor.py:208} INFO - Processing /home/airflow/.local/lib/python3.12/site-packages/airflow/example_dags/example_subdag_operator.py took 0.294 seconds
[2025-08-20T08:47:54.542+0000] {processor.py:186} INFO - Started process (PID=202) to work on /home/airflow/.local/lib/python3.12/site-packages/airflow/example_dags/example_subdag_operator.py
[2025-08-20T08:47:54.544+0000] {processor.py:914} INFO - Processing file /home/airflow/.local/lib/python3.12/site-packages/airflow/example_dags/example_subdag_operator.py for tasks to queue
[2025-08-20T08:47:54.547+0000] {logging_mixin.py:190} INFO - [2025-08-20T08:47:54.546+0000] {dagbag.py:588} INFO - Filling up the DagBag from /home/airflow/.local/lib/python3.12/site-packages/airflow/example_dags/example_subdag_operator.py
[2025-08-20T08:47:54.583+0000] {processor.py:925} INFO - DAG(s) 'example_subdag_operator.section-1', 'example_subdag_operator.section-2', 'example_subdag_operator' retrieved from /home/airflow/.local/lib/python3.12/site-packages/airflow/example_dags/example_subdag_operator.py
[2025-08-20T08:47:54.605+0000] {logging_mixin.py:190} INFO - [2025-08-20T08:47:54.604+0000] {dag.py:3239} INFO - Sync 3 DAGs
[2025-08-20T08:47:54.638+0000] {logging_mixin.py:190} INFO - [2025-08-20T08:47:54.637+0000] {dag.py:4180} INFO - Setting next_dagrun for example_subdag_operator to 2022-01-01 00:00:00+00:00, run_after=2022-01-01 00:00:00+00:00
[2025-08-20T08:47:54.642+0000] {logging_mixin.py:190} INFO - [2025-08-20T08:47:54.642+0000] {dag.py:4180} INFO - Setting next_dagrun for example_subdag_operator.section-1 to None, run_after=None
[2025-08-20T08:47:54.644+0000] {logging_mixin.py:190} INFO - [2025-08-20T08:47:54.643+0000] {dag.py:4180} INFO - Setting next_dagrun for example_subdag_operator.section-2 to None, run_after=None
[2025-08-20T08:47:54.652+0000] {logging_mixin.py:190} INFO - [2025-08-20T08:47:54.651+0000] {dag.py:3239} INFO - Sync 2 DAGs
[2025-08-20T08:47:54.658+0000] {logging_mixin.py:190} INFO - [2025-08-20T08:47:54.658+0000] {dag.py:4180} INFO - Setting next_dagrun for example_subdag_operator.section-1 to None, run_after=None
[2025-08-20T08:47:54.659+0000] {logging_mixin.py:190} INFO - [2025-08-20T08:47:54.658+0000] {dag.py:4180} INFO - Setting next_dagrun for example_subdag_operator.section-2 to None, run_after=None
[2025-08-20T08:47:54.671+0000] {processor.py:208} INFO - Processing /home/airflow/.local/lib/python3.12/site-packages/airflow/example_dags/example_subdag_operator.py took 0.140 seconds
