[2025-08-20T08:25:44.825+0000] {processor.py:186} INFO - Started process (PID=32) to work on /home/airflow/.local/lib/python3.12/site-packages/airflow/example_dags/example_python_operator.py
[2025-08-20T08:25:44.826+0000] {processor.py:914} INFO - Processing file /home/airflow/.local/lib/python3.12/site-packages/airflow/example_dags/example_python_operator.py for tasks to queue
[2025-08-20T08:25:44.829+0000] {logging_mixin.py:190} INFO - [2025-08-20T08:25:44.828+0000] {dagbag.py:588} INFO - Filling up the DagBag from /home/airflow/.local/lib/python3.12/site-packages/airflow/example_dags/example_python_operator.py
[2025-08-20T08:25:44.847+0000] {processor.py:925} INFO - DAG(s) 'example_python_operator' retrieved from /home/airflow/.local/lib/python3.12/site-packages/airflow/example_dags/example_python_operator.py
[2025-08-20T08:25:45.004+0000] {logging_mixin.py:190} INFO - [2025-08-20T08:25:45.003+0000] {dag.py:3239} INFO - Sync 1 DAGs
[2025-08-20T08:25:45.021+0000] {logging_mixin.py:190} INFO - [2025-08-20T08:25:45.021+0000] {dag.py:4180} INFO - Setting next_dagrun for example_python_operator to None, run_after=None
[2025-08-20T08:25:45.219+0000] {processor.py:208} INFO - Processing /home/airflow/.local/lib/python3.12/site-packages/airflow/example_dags/example_python_operator.py took 0.403 seconds
[2025-08-20T08:26:15.682+0000] {processor.py:186} INFO - Started process (PID=88) to work on /home/airflow/.local/lib/python3.12/site-packages/airflow/example_dags/example_python_operator.py
[2025-08-20T08:26:15.683+0000] {processor.py:914} INFO - Processing file /home/airflow/.local/lib/python3.12/site-packages/airflow/example_dags/example_python_operator.py for tasks to queue
[2025-08-20T08:26:15.686+0000] {logging_mixin.py:190} INFO - [2025-08-20T08:26:15.686+0000] {dagbag.py:588} INFO - Filling up the DagBag from /home/airflow/.local/lib/python3.12/site-packages/airflow/example_dags/example_python_operator.py
[2025-08-20T08:26:15.704+0000] {processor.py:925} INFO - DAG(s) 'example_python_operator' retrieved from /home/airflow/.local/lib/python3.12/site-packages/airflow/example_dags/example_python_operator.py
[2025-08-20T08:26:15.733+0000] {logging_mixin.py:190} INFO - [2025-08-20T08:26:15.733+0000] {dag.py:3239} INFO - Sync 1 DAGs
[2025-08-20T08:26:15.758+0000] {logging_mixin.py:190} INFO - [2025-08-20T08:26:15.758+0000] {dag.py:4180} INFO - Setting next_dagrun for example_python_operator to None, run_after=None
[2025-08-20T08:26:16.143+0000] {processor.py:208} INFO - Processing /home/airflow/.local/lib/python3.12/site-packages/airflow/example_dags/example_python_operator.py took 0.470 seconds
[2025-08-20T08:26:46.305+0000] {processor.py:186} INFO - Started process (PID=144) to work on /home/airflow/.local/lib/python3.12/site-packages/airflow/example_dags/example_python_operator.py
[2025-08-20T08:26:46.306+0000] {processor.py:914} INFO - Processing file /home/airflow/.local/lib/python3.12/site-packages/airflow/example_dags/example_python_operator.py for tasks to queue
[2025-08-20T08:26:46.309+0000] {logging_mixin.py:190} INFO - [2025-08-20T08:26:46.308+0000] {dagbag.py:588} INFO - Filling up the DagBag from /home/airflow/.local/lib/python3.12/site-packages/airflow/example_dags/example_python_operator.py
[2025-08-20T08:26:46.325+0000] {processor.py:925} INFO - DAG(s) 'example_python_operator' retrieved from /home/airflow/.local/lib/python3.12/site-packages/airflow/example_dags/example_python_operator.py
[2025-08-20T08:26:46.356+0000] {logging_mixin.py:190} INFO - [2025-08-20T08:26:46.355+0000] {dag.py:3239} INFO - Sync 1 DAGs
[2025-08-20T08:26:46.375+0000] {logging_mixin.py:190} INFO - [2025-08-20T08:26:46.375+0000] {dag.py:4180} INFO - Setting next_dagrun for example_python_operator to None, run_after=None
[2025-08-20T08:26:46.719+0000] {processor.py:208} INFO - Processing /home/airflow/.local/lib/python3.12/site-packages/airflow/example_dags/example_python_operator.py took 0.423 seconds
[2025-08-20T08:27:17.366+0000] {processor.py:186} INFO - Started process (PID=200) to work on /home/airflow/.local/lib/python3.12/site-packages/airflow/example_dags/example_python_operator.py
[2025-08-20T08:27:17.368+0000] {processor.py:914} INFO - Processing file /home/airflow/.local/lib/python3.12/site-packages/airflow/example_dags/example_python_operator.py for tasks to queue
[2025-08-20T08:27:17.371+0000] {logging_mixin.py:190} INFO - [2025-08-20T08:27:17.371+0000] {dagbag.py:588} INFO - Filling up the DagBag from /home/airflow/.local/lib/python3.12/site-packages/airflow/example_dags/example_python_operator.py
[2025-08-20T08:27:17.388+0000] {processor.py:925} INFO - DAG(s) 'example_python_operator' retrieved from /home/airflow/.local/lib/python3.12/site-packages/airflow/example_dags/example_python_operator.py
[2025-08-20T08:27:17.415+0000] {logging_mixin.py:190} INFO - [2025-08-20T08:27:17.414+0000] {dag.py:3239} INFO - Sync 1 DAGs
[2025-08-20T08:27:17.435+0000] {logging_mixin.py:190} INFO - [2025-08-20T08:27:17.434+0000] {dag.py:4180} INFO - Setting next_dagrun for example_python_operator to None, run_after=None
[2025-08-20T08:27:17.454+0000] {processor.py:208} INFO - Processing /home/airflow/.local/lib/python3.12/site-packages/airflow/example_dags/example_python_operator.py took 0.097 seconds
[2025-08-20T08:27:48.099+0000] {processor.py:186} INFO - Started process (PID=256) to work on /home/airflow/.local/lib/python3.12/site-packages/airflow/example_dags/example_python_operator.py
[2025-08-20T08:27:48.101+0000] {processor.py:914} INFO - Processing file /home/airflow/.local/lib/python3.12/site-packages/airflow/example_dags/example_python_operator.py for tasks to queue
[2025-08-20T08:27:48.104+0000] {logging_mixin.py:190} INFO - [2025-08-20T08:27:48.103+0000] {dagbag.py:588} INFO - Filling up the DagBag from /home/airflow/.local/lib/python3.12/site-packages/airflow/example_dags/example_python_operator.py
[2025-08-20T08:27:48.120+0000] {processor.py:925} INFO - DAG(s) 'example_python_operator' retrieved from /home/airflow/.local/lib/python3.12/site-packages/airflow/example_dags/example_python_operator.py
[2025-08-20T08:27:48.149+0000] {logging_mixin.py:190} INFO - [2025-08-20T08:27:48.148+0000] {dag.py:3239} INFO - Sync 1 DAGs
[2025-08-20T08:27:48.167+0000] {logging_mixin.py:190} INFO - [2025-08-20T08:27:48.167+0000] {dag.py:4180} INFO - Setting next_dagrun for example_python_operator to None, run_after=None
[2025-08-20T08:27:48.187+0000] {processor.py:208} INFO - Processing /home/airflow/.local/lib/python3.12/site-packages/airflow/example_dags/example_python_operator.py took 0.096 seconds
[2025-08-20T08:28:18.478+0000] {processor.py:186} INFO - Started process (PID=312) to work on /home/airflow/.local/lib/python3.12/site-packages/airflow/example_dags/example_python_operator.py
[2025-08-20T08:28:18.480+0000] {processor.py:914} INFO - Processing file /home/airflow/.local/lib/python3.12/site-packages/airflow/example_dags/example_python_operator.py for tasks to queue
[2025-08-20T08:28:18.483+0000] {logging_mixin.py:190} INFO - [2025-08-20T08:28:18.483+0000] {dagbag.py:588} INFO - Filling up the DagBag from /home/airflow/.local/lib/python3.12/site-packages/airflow/example_dags/example_python_operator.py
[2025-08-20T08:28:18.499+0000] {processor.py:925} INFO - DAG(s) 'example_python_operator' retrieved from /home/airflow/.local/lib/python3.12/site-packages/airflow/example_dags/example_python_operator.py
[2025-08-20T08:28:18.528+0000] {logging_mixin.py:190} INFO - [2025-08-20T08:28:18.527+0000] {dag.py:3239} INFO - Sync 1 DAGs
[2025-08-20T08:28:18.546+0000] {logging_mixin.py:190} INFO - [2025-08-20T08:28:18.546+0000] {dag.py:4180} INFO - Setting next_dagrun for example_python_operator to None, run_after=None
[2025-08-20T08:28:18.568+0000] {processor.py:208} INFO - Processing /home/airflow/.local/lib/python3.12/site-packages/airflow/example_dags/example_python_operator.py took 0.097 seconds
[2025-08-20T08:28:48.711+0000] {processor.py:186} INFO - Started process (PID=368) to work on /home/airflow/.local/lib/python3.12/site-packages/airflow/example_dags/example_python_operator.py
[2025-08-20T08:28:48.714+0000] {processor.py:914} INFO - Processing file /home/airflow/.local/lib/python3.12/site-packages/airflow/example_dags/example_python_operator.py for tasks to queue
[2025-08-20T08:28:48.717+0000] {logging_mixin.py:190} INFO - [2025-08-20T08:28:48.717+0000] {dagbag.py:588} INFO - Filling up the DagBag from /home/airflow/.local/lib/python3.12/site-packages/airflow/example_dags/example_python_operator.py
[2025-08-20T08:28:48.734+0000] {processor.py:925} INFO - DAG(s) 'example_python_operator' retrieved from /home/airflow/.local/lib/python3.12/site-packages/airflow/example_dags/example_python_operator.py
[2025-08-20T08:28:48.766+0000] {logging_mixin.py:190} INFO - [2025-08-20T08:28:48.766+0000] {dag.py:3239} INFO - Sync 1 DAGs
[2025-08-20T08:28:48.784+0000] {logging_mixin.py:190} INFO - [2025-08-20T08:28:48.784+0000] {dag.py:4180} INFO - Setting next_dagrun for example_python_operator to None, run_after=None
[2025-08-20T08:28:48.805+0000] {processor.py:208} INFO - Processing /home/airflow/.local/lib/python3.12/site-packages/airflow/example_dags/example_python_operator.py took 0.102 seconds
[2025-08-20T08:29:19.366+0000] {processor.py:186} INFO - Started process (PID=424) to work on /home/airflow/.local/lib/python3.12/site-packages/airflow/example_dags/example_python_operator.py
[2025-08-20T08:29:19.368+0000] {processor.py:914} INFO - Processing file /home/airflow/.local/lib/python3.12/site-packages/airflow/example_dags/example_python_operator.py for tasks to queue
[2025-08-20T08:29:19.371+0000] {logging_mixin.py:190} INFO - [2025-08-20T08:29:19.371+0000] {dagbag.py:588} INFO - Filling up the DagBag from /home/airflow/.local/lib/python3.12/site-packages/airflow/example_dags/example_python_operator.py
[2025-08-20T08:29:19.388+0000] {processor.py:925} INFO - DAG(s) 'example_python_operator' retrieved from /home/airflow/.local/lib/python3.12/site-packages/airflow/example_dags/example_python_operator.py
[2025-08-20T08:29:19.422+0000] {logging_mixin.py:190} INFO - [2025-08-20T08:29:19.422+0000] {dag.py:3239} INFO - Sync 1 DAGs
[2025-08-20T08:29:19.444+0000] {logging_mixin.py:190} INFO - [2025-08-20T08:29:19.444+0000] {dag.py:4180} INFO - Setting next_dagrun for example_python_operator to None, run_after=None
[2025-08-20T08:29:19.469+0000] {processor.py:208} INFO - Processing /home/airflow/.local/lib/python3.12/site-packages/airflow/example_dags/example_python_operator.py took 0.112 seconds
[2025-08-20T08:30:19.466+0000] {processor.py:186} INFO - Started process (PID=30) to work on /home/airflow/.local/lib/python3.12/site-packages/airflow/example_dags/example_python_operator.py
[2025-08-20T08:30:19.467+0000] {processor.py:914} INFO - Processing file /home/airflow/.local/lib/python3.12/site-packages/airflow/example_dags/example_python_operator.py for tasks to queue
[2025-08-20T08:30:19.470+0000] {logging_mixin.py:190} INFO - [2025-08-20T08:30:19.469+0000] {dagbag.py:588} INFO - Filling up the DagBag from /home/airflow/.local/lib/python3.12/site-packages/airflow/example_dags/example_python_operator.py
[2025-08-20T08:30:19.489+0000] {processor.py:925} INFO - DAG(s) 'example_python_operator' retrieved from /home/airflow/.local/lib/python3.12/site-packages/airflow/example_dags/example_python_operator.py
[2025-08-20T08:30:19.643+0000] {logging_mixin.py:190} INFO - [2025-08-20T08:30:19.643+0000] {dag.py:3239} INFO - Sync 1 DAGs
[2025-08-20T08:30:19.659+0000] {logging_mixin.py:190} INFO - [2025-08-20T08:30:19.658+0000] {dag.py:4180} INFO - Setting next_dagrun for example_python_operator to None, run_after=None
[2025-08-20T08:30:19.876+0000] {processor.py:208} INFO - Processing /home/airflow/.local/lib/python3.12/site-packages/airflow/example_dags/example_python_operator.py took 0.419 seconds
[2025-08-20T08:30:50.557+0000] {processor.py:186} INFO - Started process (PID=86) to work on /home/airflow/.local/lib/python3.12/site-packages/airflow/example_dags/example_python_operator.py
[2025-08-20T08:30:50.559+0000] {processor.py:914} INFO - Processing file /home/airflow/.local/lib/python3.12/site-packages/airflow/example_dags/example_python_operator.py for tasks to queue
[2025-08-20T08:30:50.564+0000] {logging_mixin.py:190} INFO - [2025-08-20T08:30:50.563+0000] {dagbag.py:588} INFO - Filling up the DagBag from /home/airflow/.local/lib/python3.12/site-packages/airflow/example_dags/example_python_operator.py
[2025-08-20T08:30:50.586+0000] {processor.py:925} INFO - DAG(s) 'example_python_operator' retrieved from /home/airflow/.local/lib/python3.12/site-packages/airflow/example_dags/example_python_operator.py
[2025-08-20T08:30:50.616+0000] {logging_mixin.py:190} INFO - [2025-08-20T08:30:50.616+0000] {dag.py:3239} INFO - Sync 1 DAGs
[2025-08-20T08:30:50.634+0000] {logging_mixin.py:190} INFO - [2025-08-20T08:30:50.633+0000] {dag.py:4180} INFO - Setting next_dagrun for example_python_operator to None, run_after=None
[2025-08-20T08:30:50.931+0000] {processor.py:208} INFO - Processing /home/airflow/.local/lib/python3.12/site-packages/airflow/example_dags/example_python_operator.py took 0.386 seconds
[2025-08-20T08:31:21.211+0000] {processor.py:186} INFO - Started process (PID=142) to work on /home/airflow/.local/lib/python3.12/site-packages/airflow/example_dags/example_python_operator.py
[2025-08-20T08:31:21.213+0000] {processor.py:914} INFO - Processing file /home/airflow/.local/lib/python3.12/site-packages/airflow/example_dags/example_python_operator.py for tasks to queue
[2025-08-20T08:31:21.216+0000] {logging_mixin.py:190} INFO - [2025-08-20T08:31:21.216+0000] {dagbag.py:588} INFO - Filling up the DagBag from /home/airflow/.local/lib/python3.12/site-packages/airflow/example_dags/example_python_operator.py
[2025-08-20T08:31:21.234+0000] {processor.py:925} INFO - DAG(s) 'example_python_operator' retrieved from /home/airflow/.local/lib/python3.12/site-packages/airflow/example_dags/example_python_operator.py
[2025-08-20T08:31:21.264+0000] {logging_mixin.py:190} INFO - [2025-08-20T08:31:21.263+0000] {dag.py:3239} INFO - Sync 1 DAGs
[2025-08-20T08:31:21.282+0000] {logging_mixin.py:190} INFO - [2025-08-20T08:31:21.282+0000] {dag.py:4180} INFO - Setting next_dagrun for example_python_operator to None, run_after=None
[2025-08-20T08:31:21.584+0000] {processor.py:208} INFO - Processing /home/airflow/.local/lib/python3.12/site-packages/airflow/example_dags/example_python_operator.py took 0.383 seconds
[2025-08-20T08:31:51.626+0000] {processor.py:186} INFO - Started process (PID=198) to work on /home/airflow/.local/lib/python3.12/site-packages/airflow/example_dags/example_python_operator.py
[2025-08-20T08:31:51.628+0000] {processor.py:914} INFO - Processing file /home/airflow/.local/lib/python3.12/site-packages/airflow/example_dags/example_python_operator.py for tasks to queue
[2025-08-20T08:31:51.631+0000] {logging_mixin.py:190} INFO - [2025-08-20T08:31:51.631+0000] {dagbag.py:588} INFO - Filling up the DagBag from /home/airflow/.local/lib/python3.12/site-packages/airflow/example_dags/example_python_operator.py
[2025-08-20T08:31:51.649+0000] {processor.py:925} INFO - DAG(s) 'example_python_operator' retrieved from /home/airflow/.local/lib/python3.12/site-packages/airflow/example_dags/example_python_operator.py
[2025-08-20T08:31:51.681+0000] {logging_mixin.py:190} INFO - [2025-08-20T08:31:51.680+0000] {dag.py:3239} INFO - Sync 1 DAGs
[2025-08-20T08:31:51.699+0000] {logging_mixin.py:190} INFO - [2025-08-20T08:31:51.699+0000] {dag.py:4180} INFO - Setting next_dagrun for example_python_operator to None, run_after=None
[2025-08-20T08:31:51.721+0000] {processor.py:208} INFO - Processing /home/airflow/.local/lib/python3.12/site-packages/airflow/example_dags/example_python_operator.py took 0.104 seconds
[2025-08-20T08:32:16.803+0000] {processor.py:186} INFO - Started process (PID=31) to work on /home/airflow/.local/lib/python3.12/site-packages/airflow/example_dags/example_python_operator.py
[2025-08-20T08:32:16.804+0000] {processor.py:914} INFO - Processing file /home/airflow/.local/lib/python3.12/site-packages/airflow/example_dags/example_python_operator.py for tasks to queue
[2025-08-20T08:32:16.807+0000] {logging_mixin.py:190} INFO - [2025-08-20T08:32:16.807+0000] {dagbag.py:588} INFO - Filling up the DagBag from /home/airflow/.local/lib/python3.12/site-packages/airflow/example_dags/example_python_operator.py
[2025-08-20T08:32:16.828+0000] {processor.py:925} INFO - DAG(s) 'example_python_operator' retrieved from /home/airflow/.local/lib/python3.12/site-packages/airflow/example_dags/example_python_operator.py
[2025-08-20T08:32:16.979+0000] {logging_mixin.py:190} INFO - [2025-08-20T08:32:16.978+0000] {dag.py:3239} INFO - Sync 1 DAGs
[2025-08-20T08:32:16.994+0000] {logging_mixin.py:190} INFO - [2025-08-20T08:32:16.993+0000] {dag.py:4180} INFO - Setting next_dagrun for example_python_operator to None, run_after=None
[2025-08-20T08:32:17.017+0000] {processor.py:208} INFO - Processing /home/airflow/.local/lib/python3.12/site-packages/airflow/example_dags/example_python_operator.py took 0.221 seconds
[2025-08-20T08:32:47.278+0000] {processor.py:186} INFO - Started process (PID=88) to work on /home/airflow/.local/lib/python3.12/site-packages/airflow/example_dags/example_python_operator.py
[2025-08-20T08:32:47.279+0000] {processor.py:914} INFO - Processing file /home/airflow/.local/lib/python3.12/site-packages/airflow/example_dags/example_python_operator.py for tasks to queue
[2025-08-20T08:32:47.282+0000] {logging_mixin.py:190} INFO - [2025-08-20T08:32:47.282+0000] {dagbag.py:588} INFO - Filling up the DagBag from /home/airflow/.local/lib/python3.12/site-packages/airflow/example_dags/example_python_operator.py
[2025-08-20T08:32:47.297+0000] {processor.py:925} INFO - DAG(s) 'example_python_operator' retrieved from /home/airflow/.local/lib/python3.12/site-packages/airflow/example_dags/example_python_operator.py
[2025-08-20T08:32:47.325+0000] {logging_mixin.py:190} INFO - [2025-08-20T08:32:47.325+0000] {dag.py:3239} INFO - Sync 1 DAGs
[2025-08-20T08:32:47.343+0000] {logging_mixin.py:190} INFO - [2025-08-20T08:32:47.343+0000] {dag.py:4180} INFO - Setting next_dagrun for example_python_operator to None, run_after=None
[2025-08-20T08:32:47.363+0000] {processor.py:208} INFO - Processing /home/airflow/.local/lib/python3.12/site-packages/airflow/example_dags/example_python_operator.py took 0.093 seconds
[2025-08-20T08:33:17.546+0000] {processor.py:186} INFO - Started process (PID=143) to work on /home/airflow/.local/lib/python3.12/site-packages/airflow/example_dags/example_python_operator.py
[2025-08-20T08:33:17.548+0000] {processor.py:914} INFO - Processing file /home/airflow/.local/lib/python3.12/site-packages/airflow/example_dags/example_python_operator.py for tasks to queue
[2025-08-20T08:33:17.551+0000] {logging_mixin.py:190} INFO - [2025-08-20T08:33:17.551+0000] {dagbag.py:588} INFO - Filling up the DagBag from /home/airflow/.local/lib/python3.12/site-packages/airflow/example_dags/example_python_operator.py
[2025-08-20T08:33:17.567+0000] {processor.py:925} INFO - DAG(s) 'example_python_operator' retrieved from /home/airflow/.local/lib/python3.12/site-packages/airflow/example_dags/example_python_operator.py
[2025-08-20T08:33:17.595+0000] {logging_mixin.py:190} INFO - [2025-08-20T08:33:17.595+0000] {dag.py:3239} INFO - Sync 1 DAGs
[2025-08-20T08:33:17.614+0000] {logging_mixin.py:190} INFO - [2025-08-20T08:33:17.614+0000] {dag.py:4180} INFO - Setting next_dagrun for example_python_operator to None, run_after=None
[2025-08-20T08:33:18.401+0000] {processor.py:208} INFO - Processing /home/airflow/.local/lib/python3.12/site-packages/airflow/example_dags/example_python_operator.py took 0.863 seconds
[2025-08-20T08:33:48.477+0000] {processor.py:186} INFO - Started process (PID=199) to work on /home/airflow/.local/lib/python3.12/site-packages/airflow/example_dags/example_python_operator.py
[2025-08-20T08:33:48.479+0000] {processor.py:914} INFO - Processing file /home/airflow/.local/lib/python3.12/site-packages/airflow/example_dags/example_python_operator.py for tasks to queue
[2025-08-20T08:33:48.482+0000] {logging_mixin.py:190} INFO - [2025-08-20T08:33:48.481+0000] {dagbag.py:588} INFO - Filling up the DagBag from /home/airflow/.local/lib/python3.12/site-packages/airflow/example_dags/example_python_operator.py
[2025-08-20T08:33:48.498+0000] {processor.py:925} INFO - DAG(s) 'example_python_operator' retrieved from /home/airflow/.local/lib/python3.12/site-packages/airflow/example_dags/example_python_operator.py
[2025-08-20T08:33:48.526+0000] {logging_mixin.py:190} INFO - [2025-08-20T08:33:48.526+0000] {dag.py:3239} INFO - Sync 1 DAGs
[2025-08-20T08:33:48.545+0000] {logging_mixin.py:190} INFO - [2025-08-20T08:33:48.545+0000] {dag.py:4180} INFO - Setting next_dagrun for example_python_operator to None, run_after=None
[2025-08-20T08:33:48.565+0000] {processor.py:208} INFO - Processing /home/airflow/.local/lib/python3.12/site-packages/airflow/example_dags/example_python_operator.py took 0.096 seconds
[2025-08-20T08:34:18.837+0000] {processor.py:186} INFO - Started process (PID=255) to work on /home/airflow/.local/lib/python3.12/site-packages/airflow/example_dags/example_python_operator.py
[2025-08-20T08:34:18.839+0000] {processor.py:914} INFO - Processing file /home/airflow/.local/lib/python3.12/site-packages/airflow/example_dags/example_python_operator.py for tasks to queue
[2025-08-20T08:34:18.842+0000] {logging_mixin.py:190} INFO - [2025-08-20T08:34:18.842+0000] {dagbag.py:588} INFO - Filling up the DagBag from /home/airflow/.local/lib/python3.12/site-packages/airflow/example_dags/example_python_operator.py
[2025-08-20T08:34:18.857+0000] {processor.py:925} INFO - DAG(s) 'example_python_operator' retrieved from /home/airflow/.local/lib/python3.12/site-packages/airflow/example_dags/example_python_operator.py
[2025-08-20T08:34:18.883+0000] {logging_mixin.py:190} INFO - [2025-08-20T08:34:18.883+0000] {dag.py:3239} INFO - Sync 1 DAGs
[2025-08-20T08:34:18.903+0000] {logging_mixin.py:190} INFO - [2025-08-20T08:34:18.903+0000] {dag.py:4180} INFO - Setting next_dagrun for example_python_operator to None, run_after=None
[2025-08-20T08:34:18.923+0000] {processor.py:208} INFO - Processing /home/airflow/.local/lib/python3.12/site-packages/airflow/example_dags/example_python_operator.py took 0.096 seconds
[2025-08-20T08:34:49.471+0000] {processor.py:186} INFO - Started process (PID=311) to work on /home/airflow/.local/lib/python3.12/site-packages/airflow/example_dags/example_python_operator.py
[2025-08-20T08:34:49.473+0000] {processor.py:914} INFO - Processing file /home/airflow/.local/lib/python3.12/site-packages/airflow/example_dags/example_python_operator.py for tasks to queue
[2025-08-20T08:34:49.476+0000] {logging_mixin.py:190} INFO - [2025-08-20T08:34:49.475+0000] {dagbag.py:588} INFO - Filling up the DagBag from /home/airflow/.local/lib/python3.12/site-packages/airflow/example_dags/example_python_operator.py
[2025-08-20T08:34:49.493+0000] {processor.py:925} INFO - DAG(s) 'example_python_operator' retrieved from /home/airflow/.local/lib/python3.12/site-packages/airflow/example_dags/example_python_operator.py
[2025-08-20T08:34:49.521+0000] {logging_mixin.py:190} INFO - [2025-08-20T08:34:49.520+0000] {dag.py:3239} INFO - Sync 1 DAGs
[2025-08-20T08:34:49.539+0000] {logging_mixin.py:190} INFO - [2025-08-20T08:34:49.539+0000] {dag.py:4180} INFO - Setting next_dagrun for example_python_operator to None, run_after=None
[2025-08-20T08:34:49.559+0000] {processor.py:208} INFO - Processing /home/airflow/.local/lib/python3.12/site-packages/airflow/example_dags/example_python_operator.py took 0.096 seconds
[2025-08-20T08:35:20.265+0000] {processor.py:186} INFO - Started process (PID=367) to work on /home/airflow/.local/lib/python3.12/site-packages/airflow/example_dags/example_python_operator.py
[2025-08-20T08:35:20.267+0000] {processor.py:914} INFO - Processing file /home/airflow/.local/lib/python3.12/site-packages/airflow/example_dags/example_python_operator.py for tasks to queue
[2025-08-20T08:35:20.270+0000] {logging_mixin.py:190} INFO - [2025-08-20T08:35:20.269+0000] {dagbag.py:588} INFO - Filling up the DagBag from /home/airflow/.local/lib/python3.12/site-packages/airflow/example_dags/example_python_operator.py
[2025-08-20T08:35:20.285+0000] {processor.py:925} INFO - DAG(s) 'example_python_operator' retrieved from /home/airflow/.local/lib/python3.12/site-packages/airflow/example_dags/example_python_operator.py
[2025-08-20T08:35:20.311+0000] {logging_mixin.py:190} INFO - [2025-08-20T08:35:20.311+0000] {dag.py:3239} INFO - Sync 1 DAGs
[2025-08-20T08:35:20.330+0000] {logging_mixin.py:190} INFO - [2025-08-20T08:35:20.330+0000] {dag.py:4180} INFO - Setting next_dagrun for example_python_operator to None, run_after=None
[2025-08-20T08:35:20.353+0000] {processor.py:208} INFO - Processing /home/airflow/.local/lib/python3.12/site-packages/airflow/example_dags/example_python_operator.py took 0.096 seconds
[2025-08-20T08:36:33.498+0000] {processor.py:186} INFO - Started process (PID=31) to work on /home/airflow/.local/lib/python3.12/site-packages/airflow/example_dags/example_python_operator.py
[2025-08-20T08:36:33.500+0000] {processor.py:914} INFO - Processing file /home/airflow/.local/lib/python3.12/site-packages/airflow/example_dags/example_python_operator.py for tasks to queue
[2025-08-20T08:36:33.503+0000] {logging_mixin.py:190} INFO - [2025-08-20T08:36:33.503+0000] {dagbag.py:588} INFO - Filling up the DagBag from /home/airflow/.local/lib/python3.12/site-packages/airflow/example_dags/example_python_operator.py
[2025-08-20T08:36:33.528+0000] {processor.py:925} INFO - DAG(s) 'example_python_operator' retrieved from /home/airflow/.local/lib/python3.12/site-packages/airflow/example_dags/example_python_operator.py
[2025-08-20T08:36:33.683+0000] {logging_mixin.py:190} INFO - [2025-08-20T08:36:33.683+0000] {dag.py:3239} INFO - Sync 1 DAGs
[2025-08-20T08:36:33.699+0000] {logging_mixin.py:190} INFO - [2025-08-20T08:36:33.698+0000] {dag.py:4180} INFO - Setting next_dagrun for example_python_operator to None, run_after=None
[2025-08-20T08:36:33.980+0000] {processor.py:208} INFO - Processing /home/airflow/.local/lib/python3.12/site-packages/airflow/example_dags/example_python_operator.py took 0.491 seconds
[2025-08-20T08:37:04.038+0000] {processor.py:186} INFO - Started process (PID=87) to work on /home/airflow/.local/lib/python3.12/site-packages/airflow/example_dags/example_python_operator.py
[2025-08-20T08:37:04.193+0000] {processor.py:914} INFO - Processing file /home/airflow/.local/lib/python3.12/site-packages/airflow/example_dags/example_python_operator.py for tasks to queue
[2025-08-20T08:37:04.197+0000] {logging_mixin.py:190} INFO - [2025-08-20T08:37:04.196+0000] {dagbag.py:588} INFO - Filling up the DagBag from /home/airflow/.local/lib/python3.12/site-packages/airflow/example_dags/example_python_operator.py
[2025-08-20T08:37:04.214+0000] {processor.py:925} INFO - DAG(s) 'example_python_operator' retrieved from /home/airflow/.local/lib/python3.12/site-packages/airflow/example_dags/example_python_operator.py
[2025-08-20T08:37:04.240+0000] {logging_mixin.py:190} INFO - [2025-08-20T08:37:04.240+0000] {dag.py:3239} INFO - Sync 1 DAGs
[2025-08-20T08:37:04.258+0000] {logging_mixin.py:190} INFO - [2025-08-20T08:37:04.258+0000] {dag.py:4180} INFO - Setting next_dagrun for example_python_operator to None, run_after=None
[2025-08-20T08:37:04.371+0000] {processor.py:208} INFO - Processing /home/airflow/.local/lib/python3.12/site-packages/airflow/example_dags/example_python_operator.py took 0.341 seconds
[2025-08-20T08:37:34.538+0000] {processor.py:186} INFO - Started process (PID=142) to work on /home/airflow/.local/lib/python3.12/site-packages/airflow/example_dags/example_python_operator.py
[2025-08-20T08:37:34.539+0000] {processor.py:914} INFO - Processing file /home/airflow/.local/lib/python3.12/site-packages/airflow/example_dags/example_python_operator.py for tasks to queue
[2025-08-20T08:37:34.542+0000] {logging_mixin.py:190} INFO - [2025-08-20T08:37:34.542+0000] {dagbag.py:588} INFO - Filling up the DagBag from /home/airflow/.local/lib/python3.12/site-packages/airflow/example_dags/example_python_operator.py
[2025-08-20T08:37:34.559+0000] {processor.py:925} INFO - DAG(s) 'example_python_operator' retrieved from /home/airflow/.local/lib/python3.12/site-packages/airflow/example_dags/example_python_operator.py
[2025-08-20T08:37:34.587+0000] {logging_mixin.py:190} INFO - [2025-08-20T08:37:34.587+0000] {dag.py:3239} INFO - Sync 1 DAGs
[2025-08-20T08:37:34.607+0000] {logging_mixin.py:190} INFO - [2025-08-20T08:37:34.606+0000] {dag.py:4180} INFO - Setting next_dagrun for example_python_operator to None, run_after=None
[2025-08-20T08:37:34.874+0000] {processor.py:208} INFO - Processing /home/airflow/.local/lib/python3.12/site-packages/airflow/example_dags/example_python_operator.py took 0.344 seconds
[2025-08-20T08:38:04.938+0000] {processor.py:186} INFO - Started process (PID=198) to work on /home/airflow/.local/lib/python3.12/site-packages/airflow/example_dags/example_python_operator.py
[2025-08-20T08:38:04.939+0000] {processor.py:914} INFO - Processing file /home/airflow/.local/lib/python3.12/site-packages/airflow/example_dags/example_python_operator.py for tasks to queue
[2025-08-20T08:38:04.941+0000] {logging_mixin.py:190} INFO - [2025-08-20T08:38:04.941+0000] {dagbag.py:588} INFO - Filling up the DagBag from /home/airflow/.local/lib/python3.12/site-packages/airflow/example_dags/example_python_operator.py
[2025-08-20T08:38:04.958+0000] {processor.py:925} INFO - DAG(s) 'example_python_operator' retrieved from /home/airflow/.local/lib/python3.12/site-packages/airflow/example_dags/example_python_operator.py
[2025-08-20T08:38:04.987+0000] {logging_mixin.py:190} INFO - [2025-08-20T08:38:04.987+0000] {dag.py:3239} INFO - Sync 1 DAGs
[2025-08-20T08:38:05.006+0000] {logging_mixin.py:190} INFO - [2025-08-20T08:38:05.005+0000] {dag.py:4180} INFO - Setting next_dagrun for example_python_operator to None, run_after=None
[2025-08-20T08:38:05.031+0000] {processor.py:208} INFO - Processing /home/airflow/.local/lib/python3.12/site-packages/airflow/example_dags/example_python_operator.py took 0.101 seconds
[2025-08-20T08:38:35.294+0000] {processor.py:186} INFO - Started process (PID=254) to work on /home/airflow/.local/lib/python3.12/site-packages/airflow/example_dags/example_python_operator.py
[2025-08-20T08:38:35.295+0000] {processor.py:914} INFO - Processing file /home/airflow/.local/lib/python3.12/site-packages/airflow/example_dags/example_python_operator.py for tasks to queue
[2025-08-20T08:38:35.298+0000] {logging_mixin.py:190} INFO - [2025-08-20T08:38:35.298+0000] {dagbag.py:588} INFO - Filling up the DagBag from /home/airflow/.local/lib/python3.12/site-packages/airflow/example_dags/example_python_operator.py
[2025-08-20T08:38:35.316+0000] {processor.py:925} INFO - DAG(s) 'example_python_operator' retrieved from /home/airflow/.local/lib/python3.12/site-packages/airflow/example_dags/example_python_operator.py
[2025-08-20T08:38:35.345+0000] {logging_mixin.py:190} INFO - [2025-08-20T08:38:35.344+0000] {dag.py:3239} INFO - Sync 1 DAGs
[2025-08-20T08:38:35.365+0000] {logging_mixin.py:190} INFO - [2025-08-20T08:38:35.365+0000] {dag.py:4180} INFO - Setting next_dagrun for example_python_operator to None, run_after=None
[2025-08-20T08:38:35.386+0000] {processor.py:208} INFO - Processing /home/airflow/.local/lib/python3.12/site-packages/airflow/example_dags/example_python_operator.py took 0.103 seconds
[2025-08-20T08:39:05.866+0000] {processor.py:186} INFO - Started process (PID=310) to work on /home/airflow/.local/lib/python3.12/site-packages/airflow/example_dags/example_python_operator.py
[2025-08-20T08:39:05.867+0000] {processor.py:914} INFO - Processing file /home/airflow/.local/lib/python3.12/site-packages/airflow/example_dags/example_python_operator.py for tasks to queue
[2025-08-20T08:39:05.870+0000] {logging_mixin.py:190} INFO - [2025-08-20T08:39:05.870+0000] {dagbag.py:588} INFO - Filling up the DagBag from /home/airflow/.local/lib/python3.12/site-packages/airflow/example_dags/example_python_operator.py
[2025-08-20T08:39:05.887+0000] {processor.py:925} INFO - DAG(s) 'example_python_operator' retrieved from /home/airflow/.local/lib/python3.12/site-packages/airflow/example_dags/example_python_operator.py
[2025-08-20T08:39:05.916+0000] {logging_mixin.py:190} INFO - [2025-08-20T08:39:05.915+0000] {dag.py:3239} INFO - Sync 1 DAGs
[2025-08-20T08:39:05.935+0000] {logging_mixin.py:190} INFO - [2025-08-20T08:39:05.935+0000] {dag.py:4180} INFO - Setting next_dagrun for example_python_operator to None, run_after=None
[2025-08-20T08:39:05.958+0000] {processor.py:208} INFO - Processing /home/airflow/.local/lib/python3.12/site-packages/airflow/example_dags/example_python_operator.py took 0.101 seconds
[2025-08-20T08:40:42.751+0000] {processor.py:186} INFO - Started process (PID=31) to work on /home/airflow/.local/lib/python3.12/site-packages/airflow/example_dags/example_python_operator.py
[2025-08-20T08:40:42.753+0000] {processor.py:914} INFO - Processing file /home/airflow/.local/lib/python3.12/site-packages/airflow/example_dags/example_python_operator.py for tasks to queue
[2025-08-20T08:40:42.756+0000] {logging_mixin.py:190} INFO - [2025-08-20T08:40:42.756+0000] {dagbag.py:588} INFO - Filling up the DagBag from /home/airflow/.local/lib/python3.12/site-packages/airflow/example_dags/example_python_operator.py
[2025-08-20T08:40:42.777+0000] {processor.py:925} INFO - DAG(s) 'example_python_operator' retrieved from /home/airflow/.local/lib/python3.12/site-packages/airflow/example_dags/example_python_operator.py
[2025-08-20T08:40:43.065+0000] {logging_mixin.py:190} INFO - [2025-08-20T08:40:43.065+0000] {dag.py:3239} INFO - Sync 1 DAGs
[2025-08-20T08:40:43.082+0000] {logging_mixin.py:190} INFO - [2025-08-20T08:40:43.082+0000] {dag.py:4180} INFO - Setting next_dagrun for example_python_operator to None, run_after=None
[2025-08-20T08:40:43.295+0000] {processor.py:208} INFO - Processing /home/airflow/.local/lib/python3.12/site-packages/airflow/example_dags/example_python_operator.py took 0.553 seconds
[2025-08-20T08:41:13.718+0000] {processor.py:186} INFO - Started process (PID=88) to work on /home/airflow/.local/lib/python3.12/site-packages/airflow/example_dags/example_python_operator.py
[2025-08-20T08:41:13.719+0000] {processor.py:914} INFO - Processing file /home/airflow/.local/lib/python3.12/site-packages/airflow/example_dags/example_python_operator.py for tasks to queue
[2025-08-20T08:41:13.722+0000] {logging_mixin.py:190} INFO - [2025-08-20T08:41:13.722+0000] {dagbag.py:588} INFO - Filling up the DagBag from /home/airflow/.local/lib/python3.12/site-packages/airflow/example_dags/example_python_operator.py
[2025-08-20T08:41:13.739+0000] {processor.py:925} INFO - DAG(s) 'example_python_operator' retrieved from /home/airflow/.local/lib/python3.12/site-packages/airflow/example_dags/example_python_operator.py
[2025-08-20T08:41:13.777+0000] {logging_mixin.py:190} INFO - [2025-08-20T08:41:13.776+0000] {dag.py:3239} INFO - Sync 1 DAGs
[2025-08-20T08:41:13.801+0000] {logging_mixin.py:190} INFO - [2025-08-20T08:41:13.801+0000] {dag.py:4180} INFO - Setting next_dagrun for example_python_operator to None, run_after=None
[2025-08-20T08:41:14.066+0000] {processor.py:208} INFO - Processing /home/airflow/.local/lib/python3.12/site-packages/airflow/example_dags/example_python_operator.py took 0.357 seconds
[2025-08-20T08:41:44.613+0000] {processor.py:186} INFO - Started process (PID=143) to work on /home/airflow/.local/lib/python3.12/site-packages/airflow/example_dags/example_python_operator.py
[2025-08-20T08:41:44.614+0000] {processor.py:914} INFO - Processing file /home/airflow/.local/lib/python3.12/site-packages/airflow/example_dags/example_python_operator.py for tasks to queue
[2025-08-20T08:41:44.618+0000] {logging_mixin.py:190} INFO - [2025-08-20T08:41:44.617+0000] {dagbag.py:588} INFO - Filling up the DagBag from /home/airflow/.local/lib/python3.12/site-packages/airflow/example_dags/example_python_operator.py
[2025-08-20T08:41:44.634+0000] {processor.py:925} INFO - DAG(s) 'example_python_operator' retrieved from /home/airflow/.local/lib/python3.12/site-packages/airflow/example_dags/example_python_operator.py
[2025-08-20T08:41:44.669+0000] {logging_mixin.py:190} INFO - [2025-08-20T08:41:44.669+0000] {dag.py:3239} INFO - Sync 1 DAGs
[2025-08-20T08:41:44.688+0000] {logging_mixin.py:190} INFO - [2025-08-20T08:41:44.687+0000] {dag.py:4180} INFO - Setting next_dagrun for example_python_operator to None, run_after=None
[2025-08-20T08:41:44.710+0000] {processor.py:208} INFO - Processing /home/airflow/.local/lib/python3.12/site-packages/airflow/example_dags/example_python_operator.py took 0.107 seconds
[2025-08-20T08:42:15.070+0000] {processor.py:186} INFO - Started process (PID=199) to work on /home/airflow/.local/lib/python3.12/site-packages/airflow/example_dags/example_python_operator.py
[2025-08-20T08:42:15.071+0000] {processor.py:914} INFO - Processing file /home/airflow/.local/lib/python3.12/site-packages/airflow/example_dags/example_python_operator.py for tasks to queue
[2025-08-20T08:42:15.074+0000] {logging_mixin.py:190} INFO - [2025-08-20T08:42:15.074+0000] {dagbag.py:588} INFO - Filling up the DagBag from /home/airflow/.local/lib/python3.12/site-packages/airflow/example_dags/example_python_operator.py
[2025-08-20T08:42:15.091+0000] {processor.py:925} INFO - DAG(s) 'example_python_operator' retrieved from /home/airflow/.local/lib/python3.12/site-packages/airflow/example_dags/example_python_operator.py
[2025-08-20T08:42:15.119+0000] {logging_mixin.py:190} INFO - [2025-08-20T08:42:15.119+0000] {dag.py:3239} INFO - Sync 1 DAGs
[2025-08-20T08:42:15.139+0000] {logging_mixin.py:190} INFO - [2025-08-20T08:42:15.138+0000] {dag.py:4180} INFO - Setting next_dagrun for example_python_operator to None, run_after=None
[2025-08-20T08:42:15.161+0000] {processor.py:208} INFO - Processing /home/airflow/.local/lib/python3.12/site-packages/airflow/example_dags/example_python_operator.py took 0.100 seconds
[2025-08-20T08:42:45.446+0000] {processor.py:186} INFO - Started process (PID=255) to work on /home/airflow/.local/lib/python3.12/site-packages/airflow/example_dags/example_python_operator.py
[2025-08-20T08:42:45.448+0000] {processor.py:914} INFO - Processing file /home/airflow/.local/lib/python3.12/site-packages/airflow/example_dags/example_python_operator.py for tasks to queue
[2025-08-20T08:42:45.451+0000] {logging_mixin.py:190} INFO - [2025-08-20T08:42:45.451+0000] {dagbag.py:588} INFO - Filling up the DagBag from /home/airflow/.local/lib/python3.12/site-packages/airflow/example_dags/example_python_operator.py
[2025-08-20T08:42:45.467+0000] {processor.py:925} INFO - DAG(s) 'example_python_operator' retrieved from /home/airflow/.local/lib/python3.12/site-packages/airflow/example_dags/example_python_operator.py
[2025-08-20T08:42:45.497+0000] {logging_mixin.py:190} INFO - [2025-08-20T08:42:45.497+0000] {dag.py:3239} INFO - Sync 1 DAGs
[2025-08-20T08:42:45.515+0000] {logging_mixin.py:190} INFO - [2025-08-20T08:42:45.514+0000] {dag.py:4180} INFO - Setting next_dagrun for example_python_operator to None, run_after=None
[2025-08-20T08:42:45.536+0000] {processor.py:208} INFO - Processing /home/airflow/.local/lib/python3.12/site-packages/airflow/example_dags/example_python_operator.py took 0.097 seconds
[2025-08-20T08:43:16.197+0000] {processor.py:186} INFO - Started process (PID=311) to work on /home/airflow/.local/lib/python3.12/site-packages/airflow/example_dags/example_python_operator.py
[2025-08-20T08:43:16.199+0000] {processor.py:914} INFO - Processing file /home/airflow/.local/lib/python3.12/site-packages/airflow/example_dags/example_python_operator.py for tasks to queue
[2025-08-20T08:43:16.203+0000] {logging_mixin.py:190} INFO - [2025-08-20T08:43:16.202+0000] {dagbag.py:588} INFO - Filling up the DagBag from /home/airflow/.local/lib/python3.12/site-packages/airflow/example_dags/example_python_operator.py
[2025-08-20T08:43:16.224+0000] {processor.py:925} INFO - DAG(s) 'example_python_operator' retrieved from /home/airflow/.local/lib/python3.12/site-packages/airflow/example_dags/example_python_operator.py
[2025-08-20T08:43:16.255+0000] {logging_mixin.py:190} INFO - [2025-08-20T08:43:16.255+0000] {dag.py:3239} INFO - Sync 1 DAGs
[2025-08-20T08:43:16.275+0000] {logging_mixin.py:190} INFO - [2025-08-20T08:43:16.275+0000] {dag.py:4180} INFO - Setting next_dagrun for example_python_operator to None, run_after=None
[2025-08-20T08:43:16.296+0000] {processor.py:208} INFO - Processing /home/airflow/.local/lib/python3.12/site-packages/airflow/example_dags/example_python_operator.py took 0.109 seconds
[2025-08-20T08:43:46.646+0000] {processor.py:186} INFO - Started process (PID=367) to work on /home/airflow/.local/lib/python3.12/site-packages/airflow/example_dags/example_python_operator.py
[2025-08-20T08:43:46.647+0000] {processor.py:914} INFO - Processing file /home/airflow/.local/lib/python3.12/site-packages/airflow/example_dags/example_python_operator.py for tasks to queue
[2025-08-20T08:43:46.651+0000] {logging_mixin.py:190} INFO - [2025-08-20T08:43:46.650+0000] {dagbag.py:588} INFO - Filling up the DagBag from /home/airflow/.local/lib/python3.12/site-packages/airflow/example_dags/example_python_operator.py
[2025-08-20T08:43:46.668+0000] {processor.py:925} INFO - DAG(s) 'example_python_operator' retrieved from /home/airflow/.local/lib/python3.12/site-packages/airflow/example_dags/example_python_operator.py
[2025-08-20T08:43:46.696+0000] {logging_mixin.py:190} INFO - [2025-08-20T08:43:46.696+0000] {dag.py:3239} INFO - Sync 1 DAGs
[2025-08-20T08:43:46.718+0000] {logging_mixin.py:190} INFO - [2025-08-20T08:43:46.717+0000] {dag.py:4180} INFO - Setting next_dagrun for example_python_operator to None, run_after=None
[2025-08-20T08:43:46.741+0000] {processor.py:208} INFO - Processing /home/airflow/.local/lib/python3.12/site-packages/airflow/example_dags/example_python_operator.py took 0.104 seconds
[2025-08-20T08:44:17.075+0000] {processor.py:186} INFO - Started process (PID=423) to work on /home/airflow/.local/lib/python3.12/site-packages/airflow/example_dags/example_python_operator.py
[2025-08-20T08:44:17.076+0000] {processor.py:914} INFO - Processing file /home/airflow/.local/lib/python3.12/site-packages/airflow/example_dags/example_python_operator.py for tasks to queue
[2025-08-20T08:44:17.079+0000] {logging_mixin.py:190} INFO - [2025-08-20T08:44:17.079+0000] {dagbag.py:588} INFO - Filling up the DagBag from /home/airflow/.local/lib/python3.12/site-packages/airflow/example_dags/example_python_operator.py
[2025-08-20T08:44:17.096+0000] {processor.py:925} INFO - DAG(s) 'example_python_operator' retrieved from /home/airflow/.local/lib/python3.12/site-packages/airflow/example_dags/example_python_operator.py
[2025-08-20T08:44:17.123+0000] {logging_mixin.py:190} INFO - [2025-08-20T08:44:17.123+0000] {dag.py:3239} INFO - Sync 1 DAGs
[2025-08-20T08:44:17.141+0000] {logging_mixin.py:190} INFO - [2025-08-20T08:44:17.141+0000] {dag.py:4180} INFO - Setting next_dagrun for example_python_operator to None, run_after=None
[2025-08-20T08:44:17.162+0000] {processor.py:208} INFO - Processing /home/airflow/.local/lib/python3.12/site-packages/airflow/example_dags/example_python_operator.py took 0.096 seconds
[2025-08-20T08:44:47.519+0000] {processor.py:186} INFO - Started process (PID=479) to work on /home/airflow/.local/lib/python3.12/site-packages/airflow/example_dags/example_python_operator.py
[2025-08-20T08:44:47.520+0000] {processor.py:914} INFO - Processing file /home/airflow/.local/lib/python3.12/site-packages/airflow/example_dags/example_python_operator.py for tasks to queue
[2025-08-20T08:44:47.523+0000] {logging_mixin.py:190} INFO - [2025-08-20T08:44:47.523+0000] {dagbag.py:588} INFO - Filling up the DagBag from /home/airflow/.local/lib/python3.12/site-packages/airflow/example_dags/example_python_operator.py
[2025-08-20T08:44:47.542+0000] {processor.py:925} INFO - DAG(s) 'example_python_operator' retrieved from /home/airflow/.local/lib/python3.12/site-packages/airflow/example_dags/example_python_operator.py
[2025-08-20T08:44:47.570+0000] {logging_mixin.py:190} INFO - [2025-08-20T08:44:47.570+0000] {dag.py:3239} INFO - Sync 1 DAGs
[2025-08-20T08:44:47.589+0000] {logging_mixin.py:190} INFO - [2025-08-20T08:44:47.588+0000] {dag.py:4180} INFO - Setting next_dagrun for example_python_operator to None, run_after=None
[2025-08-20T08:44:47.611+0000] {processor.py:208} INFO - Processing /home/airflow/.local/lib/python3.12/site-packages/airflow/example_dags/example_python_operator.py took 0.100 seconds
[2025-08-20T08:45:17.852+0000] {processor.py:186} INFO - Started process (PID=535) to work on /home/airflow/.local/lib/python3.12/site-packages/airflow/example_dags/example_python_operator.py
[2025-08-20T08:45:17.853+0000] {processor.py:914} INFO - Processing file /home/airflow/.local/lib/python3.12/site-packages/airflow/example_dags/example_python_operator.py for tasks to queue
[2025-08-20T08:45:17.857+0000] {logging_mixin.py:190} INFO - [2025-08-20T08:45:17.856+0000] {dagbag.py:588} INFO - Filling up the DagBag from /home/airflow/.local/lib/python3.12/site-packages/airflow/example_dags/example_python_operator.py
[2025-08-20T08:45:17.873+0000] {processor.py:925} INFO - DAG(s) 'example_python_operator' retrieved from /home/airflow/.local/lib/python3.12/site-packages/airflow/example_dags/example_python_operator.py
[2025-08-20T08:45:17.904+0000] {logging_mixin.py:190} INFO - [2025-08-20T08:45:17.903+0000] {dag.py:3239} INFO - Sync 1 DAGs
[2025-08-20T08:45:17.927+0000] {logging_mixin.py:190} INFO - [2025-08-20T08:45:17.927+0000] {dag.py:4180} INFO - Setting next_dagrun for example_python_operator to None, run_after=None
[2025-08-20T08:45:17.953+0000] {processor.py:208} INFO - Processing /home/airflow/.local/lib/python3.12/site-packages/airflow/example_dags/example_python_operator.py took 0.110 seconds
[2025-08-20T08:46:21.519+0000] {processor.py:186} INFO - Started process (PID=31) to work on /home/airflow/.local/lib/python3.12/site-packages/airflow/example_dags/example_python_operator.py
[2025-08-20T08:46:21.521+0000] {processor.py:914} INFO - Processing file /home/airflow/.local/lib/python3.12/site-packages/airflow/example_dags/example_python_operator.py for tasks to queue
[2025-08-20T08:46:21.524+0000] {logging_mixin.py:190} INFO - [2025-08-20T08:46:21.523+0000] {dagbag.py:588} INFO - Filling up the DagBag from /home/airflow/.local/lib/python3.12/site-packages/airflow/example_dags/example_python_operator.py
[2025-08-20T08:46:21.544+0000] {processor.py:925} INFO - DAG(s) 'example_python_operator' retrieved from /home/airflow/.local/lib/python3.12/site-packages/airflow/example_dags/example_python_operator.py
[2025-08-20T08:46:21.697+0000] {logging_mixin.py:190} INFO - [2025-08-20T08:46:21.696+0000] {dag.py:3239} INFO - Sync 1 DAGs
[2025-08-20T08:46:21.713+0000] {logging_mixin.py:190} INFO - [2025-08-20T08:46:21.712+0000] {dag.py:4180} INFO - Setting next_dagrun for example_python_operator to None, run_after=None
[2025-08-20T08:46:22.077+0000] {processor.py:208} INFO - Processing /home/airflow/.local/lib/python3.12/site-packages/airflow/example_dags/example_python_operator.py took 0.568 seconds
[2025-08-20T08:46:52.429+0000] {processor.py:186} INFO - Started process (PID=87) to work on /home/airflow/.local/lib/python3.12/site-packages/airflow/example_dags/example_python_operator.py
[2025-08-20T08:46:52.431+0000] {processor.py:914} INFO - Processing file /home/airflow/.local/lib/python3.12/site-packages/airflow/example_dags/example_python_operator.py for tasks to queue
[2025-08-20T08:46:52.434+0000] {logging_mixin.py:190} INFO - [2025-08-20T08:46:52.433+0000] {dagbag.py:588} INFO - Filling up the DagBag from /home/airflow/.local/lib/python3.12/site-packages/airflow/example_dags/example_python_operator.py
[2025-08-20T08:46:52.450+0000] {processor.py:925} INFO - DAG(s) 'example_python_operator' retrieved from /home/airflow/.local/lib/python3.12/site-packages/airflow/example_dags/example_python_operator.py
[2025-08-20T08:46:52.480+0000] {logging_mixin.py:190} INFO - [2025-08-20T08:46:52.479+0000] {dag.py:3239} INFO - Sync 1 DAGs
[2025-08-20T08:46:52.501+0000] {logging_mixin.py:190} INFO - [2025-08-20T08:46:52.499+0000] {dag.py:4180} INFO - Setting next_dagrun for example_python_operator to None, run_after=None
[2025-08-20T08:46:52.733+0000] {processor.py:208} INFO - Processing /home/airflow/.local/lib/python3.12/site-packages/airflow/example_dags/example_python_operator.py took 0.312 seconds
[2025-08-20T08:47:23.194+0000] {processor.py:186} INFO - Started process (PID=143) to work on /home/airflow/.local/lib/python3.12/site-packages/airflow/example_dags/example_python_operator.py
[2025-08-20T08:47:23.202+0000] {processor.py:914} INFO - Processing file /home/airflow/.local/lib/python3.12/site-packages/airflow/example_dags/example_python_operator.py for tasks to queue
[2025-08-20T08:47:23.205+0000] {logging_mixin.py:190} INFO - [2025-08-20T08:47:23.205+0000] {dagbag.py:588} INFO - Filling up the DagBag from /home/airflow/.local/lib/python3.12/site-packages/airflow/example_dags/example_python_operator.py
[2025-08-20T08:47:23.224+0000] {processor.py:925} INFO - DAG(s) 'example_python_operator' retrieved from /home/airflow/.local/lib/python3.12/site-packages/airflow/example_dags/example_python_operator.py
[2025-08-20T08:47:23.253+0000] {logging_mixin.py:190} INFO - [2025-08-20T08:47:23.252+0000] {dag.py:3239} INFO - Sync 1 DAGs
[2025-08-20T08:47:23.272+0000] {logging_mixin.py:190} INFO - [2025-08-20T08:47:23.272+0000] {dag.py:4180} INFO - Setting next_dagrun for example_python_operator to None, run_after=None
[2025-08-20T08:47:23.386+0000] {processor.py:208} INFO - Processing /home/airflow/.local/lib/python3.12/site-packages/airflow/example_dags/example_python_operator.py took 0.200 seconds
[2025-08-20T08:47:54.280+0000] {processor.py:186} INFO - Started process (PID=199) to work on /home/airflow/.local/lib/python3.12/site-packages/airflow/example_dags/example_python_operator.py
[2025-08-20T08:47:54.282+0000] {processor.py:914} INFO - Processing file /home/airflow/.local/lib/python3.12/site-packages/airflow/example_dags/example_python_operator.py for tasks to queue
[2025-08-20T08:47:54.285+0000] {logging_mixin.py:190} INFO - [2025-08-20T08:47:54.285+0000] {dagbag.py:588} INFO - Filling up the DagBag from /home/airflow/.local/lib/python3.12/site-packages/airflow/example_dags/example_python_operator.py
[2025-08-20T08:47:54.304+0000] {processor.py:925} INFO - DAG(s) 'example_python_operator' retrieved from /home/airflow/.local/lib/python3.12/site-packages/airflow/example_dags/example_python_operator.py
[2025-08-20T08:47:54.337+0000] {logging_mixin.py:190} INFO - [2025-08-20T08:47:54.336+0000] {dag.py:3239} INFO - Sync 1 DAGs
[2025-08-20T08:47:54.355+0000] {logging_mixin.py:190} INFO - [2025-08-20T08:47:54.355+0000] {dag.py:4180} INFO - Setting next_dagrun for example_python_operator to None, run_after=None
[2025-08-20T08:47:54.379+0000] {processor.py:208} INFO - Processing /home/airflow/.local/lib/python3.12/site-packages/airflow/example_dags/example_python_operator.py took 0.108 seconds
