[2025-08-20T08:25:46.628+0000] {processor.py:186} INFO - Started process (PID=38) to work on /home/airflow/.local/lib/python3.12/site-packages/airflow/example_dags/example_bash_operator.py
[2025-08-20T08:25:46.629+0000] {processor.py:914} INFO - Processing file /home/airflow/.local/lib/python3.12/site-packages/airflow/example_dags/example_bash_operator.py for tasks to queue
[2025-08-20T08:25:46.633+0000] {logging_mixin.py:190} INFO - [2025-08-20T08:25:46.632+0000] {dagbag.py:588} INFO - Filling up the DagBag from /home/airflow/.local/lib/python3.12/site-packages/airflow/example_dags/example_bash_operator.py
[2025-08-20T08:25:46.655+0000] {processor.py:925} INFO - DAG(s) 'example_bash_operator' retrieved from /home/airflow/.local/lib/python3.12/site-packages/airflow/example_dags/example_bash_operator.py
[2025-08-20T08:25:46.703+0000] {logging_mixin.py:190} INFO - [2025-08-20T08:25:46.703+0000] {dag.py:3239} INFO - Sync 1 DAGs
[2025-08-20T08:25:46.737+0000] {logging_mixin.py:190} INFO - [2025-08-20T08:25:46.736+0000] {dag.py:4180} INFO - Setting next_dagrun for example_bash_operator to 2025-08-19 00:00:00+00:00, run_after=2025-08-20 00:00:00+00:00
[2025-08-20T08:25:46.834+0000] {processor.py:208} INFO - Processing /home/airflow/.local/lib/python3.12/site-packages/airflow/example_dags/example_bash_operator.py took 0.215 seconds
[2025-08-20T08:26:17.513+0000] {processor.py:186} INFO - Started process (PID=94) to work on /home/airflow/.local/lib/python3.12/site-packages/airflow/example_dags/example_bash_operator.py
[2025-08-20T08:26:17.514+0000] {processor.py:914} INFO - Processing file /home/airflow/.local/lib/python3.12/site-packages/airflow/example_dags/example_bash_operator.py for tasks to queue
[2025-08-20T08:26:17.517+0000] {logging_mixin.py:190} INFO - [2025-08-20T08:26:17.517+0000] {dagbag.py:588} INFO - Filling up the DagBag from /home/airflow/.local/lib/python3.12/site-packages/airflow/example_dags/example_bash_operator.py
[2025-08-20T08:26:17.535+0000] {processor.py:925} INFO - DAG(s) 'example_bash_operator' retrieved from /home/airflow/.local/lib/python3.12/site-packages/airflow/example_dags/example_bash_operator.py
[2025-08-20T08:26:17.571+0000] {logging_mixin.py:190} INFO - [2025-08-20T08:26:17.571+0000] {dag.py:3239} INFO - Sync 1 DAGs
[2025-08-20T08:26:17.606+0000] {logging_mixin.py:190} INFO - [2025-08-20T08:26:17.605+0000] {dag.py:4180} INFO - Setting next_dagrun for example_bash_operator to 2025-08-19 00:00:00+00:00, run_after=2025-08-20 00:00:00+00:00
[2025-08-20T08:26:17.839+0000] {processor.py:208} INFO - Processing /home/airflow/.local/lib/python3.12/site-packages/airflow/example_dags/example_bash_operator.py took 0.336 seconds
[2025-08-20T08:26:47.917+0000] {processor.py:186} INFO - Started process (PID=150) to work on /home/airflow/.local/lib/python3.12/site-packages/airflow/example_dags/example_bash_operator.py
[2025-08-20T08:26:47.918+0000] {processor.py:914} INFO - Processing file /home/airflow/.local/lib/python3.12/site-packages/airflow/example_dags/example_bash_operator.py for tasks to queue
[2025-08-20T08:26:47.922+0000] {logging_mixin.py:190} INFO - [2025-08-20T08:26:47.921+0000] {dagbag.py:588} INFO - Filling up the DagBag from /home/airflow/.local/lib/python3.12/site-packages/airflow/example_dags/example_bash_operator.py
[2025-08-20T08:26:47.940+0000] {processor.py:925} INFO - DAG(s) 'example_bash_operator' retrieved from /home/airflow/.local/lib/python3.12/site-packages/airflow/example_dags/example_bash_operator.py
[2025-08-20T08:26:47.976+0000] {logging_mixin.py:190} INFO - [2025-08-20T08:26:47.975+0000] {dag.py:3239} INFO - Sync 1 DAGs
[2025-08-20T08:26:48.014+0000] {logging_mixin.py:190} INFO - [2025-08-20T08:26:48.014+0000] {dag.py:4180} INFO - Setting next_dagrun for example_bash_operator to 2025-08-19 00:00:00+00:00, run_after=2025-08-20 00:00:00+00:00
[2025-08-20T08:26:48.429+0000] {processor.py:208} INFO - Processing /home/airflow/.local/lib/python3.12/site-packages/airflow/example_dags/example_bash_operator.py took 0.521 seconds
[2025-08-20T08:27:18.741+0000] {processor.py:186} INFO - Started process (PID=206) to work on /home/airflow/.local/lib/python3.12/site-packages/airflow/example_dags/example_bash_operator.py
[2025-08-20T08:27:18.743+0000] {processor.py:914} INFO - Processing file /home/airflow/.local/lib/python3.12/site-packages/airflow/example_dags/example_bash_operator.py for tasks to queue
[2025-08-20T08:27:18.746+0000] {logging_mixin.py:190} INFO - [2025-08-20T08:27:18.745+0000] {dagbag.py:588} INFO - Filling up the DagBag from /home/airflow/.local/lib/python3.12/site-packages/airflow/example_dags/example_bash_operator.py
[2025-08-20T08:27:18.764+0000] {processor.py:925} INFO - DAG(s) 'example_bash_operator' retrieved from /home/airflow/.local/lib/python3.12/site-packages/airflow/example_dags/example_bash_operator.py
[2025-08-20T08:27:18.798+0000] {logging_mixin.py:190} INFO - [2025-08-20T08:27:18.798+0000] {dag.py:3239} INFO - Sync 1 DAGs
[2025-08-20T08:27:18.830+0000] {logging_mixin.py:190} INFO - [2025-08-20T08:27:18.830+0000] {dag.py:4180} INFO - Setting next_dagrun for example_bash_operator to 2025-08-19 00:00:00+00:00, run_after=2025-08-20 00:00:00+00:00
[2025-08-20T08:27:18.852+0000] {processor.py:208} INFO - Processing /home/airflow/.local/lib/python3.12/site-packages/airflow/example_dags/example_bash_operator.py took 0.120 seconds
[2025-08-20T08:27:49.479+0000] {processor.py:186} INFO - Started process (PID=262) to work on /home/airflow/.local/lib/python3.12/site-packages/airflow/example_dags/example_bash_operator.py
[2025-08-20T08:27:49.481+0000] {processor.py:914} INFO - Processing file /home/airflow/.local/lib/python3.12/site-packages/airflow/example_dags/example_bash_operator.py for tasks to queue
[2025-08-20T08:27:49.484+0000] {logging_mixin.py:190} INFO - [2025-08-20T08:27:49.483+0000] {dagbag.py:588} INFO - Filling up the DagBag from /home/airflow/.local/lib/python3.12/site-packages/airflow/example_dags/example_bash_operator.py
[2025-08-20T08:27:49.502+0000] {processor.py:925} INFO - DAG(s) 'example_bash_operator' retrieved from /home/airflow/.local/lib/python3.12/site-packages/airflow/example_dags/example_bash_operator.py
[2025-08-20T08:27:49.538+0000] {logging_mixin.py:190} INFO - [2025-08-20T08:27:49.537+0000] {dag.py:3239} INFO - Sync 1 DAGs
[2025-08-20T08:27:49.568+0000] {logging_mixin.py:190} INFO - [2025-08-20T08:27:49.568+0000] {dag.py:4180} INFO - Setting next_dagrun for example_bash_operator to 2025-08-19 00:00:00+00:00, run_after=2025-08-20 00:00:00+00:00
[2025-08-20T08:27:49.589+0000] {processor.py:208} INFO - Processing /home/airflow/.local/lib/python3.12/site-packages/airflow/example_dags/example_bash_operator.py took 0.118 seconds
[2025-08-20T08:28:19.896+0000] {processor.py:186} INFO - Started process (PID=318) to work on /home/airflow/.local/lib/python3.12/site-packages/airflow/example_dags/example_bash_operator.py
[2025-08-20T08:28:19.898+0000] {processor.py:914} INFO - Processing file /home/airflow/.local/lib/python3.12/site-packages/airflow/example_dags/example_bash_operator.py for tasks to queue
[2025-08-20T08:28:19.901+0000] {logging_mixin.py:190} INFO - [2025-08-20T08:28:19.900+0000] {dagbag.py:588} INFO - Filling up the DagBag from /home/airflow/.local/lib/python3.12/site-packages/airflow/example_dags/example_bash_operator.py
[2025-08-20T08:28:19.919+0000] {processor.py:925} INFO - DAG(s) 'example_bash_operator' retrieved from /home/airflow/.local/lib/python3.12/site-packages/airflow/example_dags/example_bash_operator.py
[2025-08-20T08:28:19.953+0000] {logging_mixin.py:190} INFO - [2025-08-20T08:28:19.952+0000] {dag.py:3239} INFO - Sync 1 DAGs
[2025-08-20T08:28:19.983+0000] {logging_mixin.py:190} INFO - [2025-08-20T08:28:19.983+0000] {dag.py:4180} INFO - Setting next_dagrun for example_bash_operator to 2025-08-19 00:00:00+00:00, run_after=2025-08-20 00:00:00+00:00
[2025-08-20T08:28:20.004+0000] {processor.py:208} INFO - Processing /home/airflow/.local/lib/python3.12/site-packages/airflow/example_dags/example_bash_operator.py took 0.116 seconds
[2025-08-20T08:28:50.232+0000] {processor.py:186} INFO - Started process (PID=374) to work on /home/airflow/.local/lib/python3.12/site-packages/airflow/example_dags/example_bash_operator.py
[2025-08-20T08:28:50.234+0000] {processor.py:914} INFO - Processing file /home/airflow/.local/lib/python3.12/site-packages/airflow/example_dags/example_bash_operator.py for tasks to queue
[2025-08-20T08:28:50.237+0000] {logging_mixin.py:190} INFO - [2025-08-20T08:28:50.236+0000] {dagbag.py:588} INFO - Filling up the DagBag from /home/airflow/.local/lib/python3.12/site-packages/airflow/example_dags/example_bash_operator.py
[2025-08-20T08:28:50.255+0000] {processor.py:925} INFO - DAG(s) 'example_bash_operator' retrieved from /home/airflow/.local/lib/python3.12/site-packages/airflow/example_dags/example_bash_operator.py
[2025-08-20T08:28:50.289+0000] {logging_mixin.py:190} INFO - [2025-08-20T08:28:50.289+0000] {dag.py:3239} INFO - Sync 1 DAGs
[2025-08-20T08:28:50.320+0000] {logging_mixin.py:190} INFO - [2025-08-20T08:28:50.320+0000] {dag.py:4180} INFO - Setting next_dagrun for example_bash_operator to 2025-08-19 00:00:00+00:00, run_after=2025-08-20 00:00:00+00:00
[2025-08-20T08:28:50.341+0000] {processor.py:208} INFO - Processing /home/airflow/.local/lib/python3.12/site-packages/airflow/example_dags/example_bash_operator.py took 0.118 seconds
[2025-08-20T08:29:20.933+0000] {processor.py:186} INFO - Started process (PID=430) to work on /home/airflow/.local/lib/python3.12/site-packages/airflow/example_dags/example_bash_operator.py
[2025-08-20T08:29:20.942+0000] {processor.py:914} INFO - Processing file /home/airflow/.local/lib/python3.12/site-packages/airflow/example_dags/example_bash_operator.py for tasks to queue
[2025-08-20T08:29:20.945+0000] {logging_mixin.py:190} INFO - [2025-08-20T08:29:20.945+0000] {dagbag.py:588} INFO - Filling up the DagBag from /home/airflow/.local/lib/python3.12/site-packages/airflow/example_dags/example_bash_operator.py
[2025-08-20T08:29:20.964+0000] {processor.py:925} INFO - DAG(s) 'example_bash_operator' retrieved from /home/airflow/.local/lib/python3.12/site-packages/airflow/example_dags/example_bash_operator.py
[2025-08-20T08:29:21.000+0000] {logging_mixin.py:190} INFO - [2025-08-20T08:29:20.999+0000] {dag.py:3239} INFO - Sync 1 DAGs
[2025-08-20T08:29:21.399+0000] {logging_mixin.py:190} INFO - [2025-08-20T08:29:21.399+0000] {process_utils.py:266} INFO - Waiting up to 5 seconds for processes to exit...
[2025-08-20T08:30:20.783+0000] {processor.py:186} INFO - Started process (PID=36) to work on /home/airflow/.local/lib/python3.12/site-packages/airflow/example_dags/example_bash_operator.py
[2025-08-20T08:30:20.784+0000] {processor.py:914} INFO - Processing file /home/airflow/.local/lib/python3.12/site-packages/airflow/example_dags/example_bash_operator.py for tasks to queue
[2025-08-20T08:30:20.787+0000] {logging_mixin.py:190} INFO - [2025-08-20T08:30:20.787+0000] {dagbag.py:588} INFO - Filling up the DagBag from /home/airflow/.local/lib/python3.12/site-packages/airflow/example_dags/example_bash_operator.py
[2025-08-20T08:30:20.807+0000] {processor.py:925} INFO - DAG(s) 'example_bash_operator' retrieved from /home/airflow/.local/lib/python3.12/site-packages/airflow/example_dags/example_bash_operator.py
[2025-08-20T08:30:20.851+0000] {logging_mixin.py:190} INFO - [2025-08-20T08:30:20.850+0000] {dag.py:3239} INFO - Sync 1 DAGs
[2025-08-20T08:30:20.881+0000] {logging_mixin.py:190} INFO - [2025-08-20T08:30:20.881+0000] {dag.py:4180} INFO - Setting next_dagrun for example_bash_operator to 2025-08-19 00:00:00+00:00, run_after=2025-08-20 00:00:00+00:00
[2025-08-20T08:30:21.162+0000] {processor.py:208} INFO - Processing /home/airflow/.local/lib/python3.12/site-packages/airflow/example_dags/example_bash_operator.py took 0.387 seconds
[2025-08-20T08:30:52.344+0000] {processor.py:186} INFO - Started process (PID=92) to work on /home/airflow/.local/lib/python3.12/site-packages/airflow/example_dags/example_bash_operator.py
[2025-08-20T08:30:52.346+0000] {processor.py:914} INFO - Processing file /home/airflow/.local/lib/python3.12/site-packages/airflow/example_dags/example_bash_operator.py for tasks to queue
[2025-08-20T08:30:52.349+0000] {logging_mixin.py:190} INFO - [2025-08-20T08:30:52.349+0000] {dagbag.py:588} INFO - Filling up the DagBag from /home/airflow/.local/lib/python3.12/site-packages/airflow/example_dags/example_bash_operator.py
[2025-08-20T08:30:52.370+0000] {processor.py:925} INFO - DAG(s) 'example_bash_operator' retrieved from /home/airflow/.local/lib/python3.12/site-packages/airflow/example_dags/example_bash_operator.py
[2025-08-20T08:30:52.406+0000] {logging_mixin.py:190} INFO - [2025-08-20T08:30:52.405+0000] {dag.py:3239} INFO - Sync 1 DAGs
[2025-08-20T08:30:52.436+0000] {logging_mixin.py:190} INFO - [2025-08-20T08:30:52.436+0000] {dag.py:4180} INFO - Setting next_dagrun for example_bash_operator to 2025-08-19 00:00:00+00:00, run_after=2025-08-20 00:00:00+00:00
[2025-08-20T08:30:52.725+0000] {processor.py:208} INFO - Processing /home/airflow/.local/lib/python3.12/site-packages/airflow/example_dags/example_bash_operator.py took 0.390 seconds
[2025-08-20T08:31:23.082+0000] {processor.py:186} INFO - Started process (PID=149) to work on /home/airflow/.local/lib/python3.12/site-packages/airflow/example_dags/example_bash_operator.py
[2025-08-20T08:31:23.085+0000] {processor.py:914} INFO - Processing file /home/airflow/.local/lib/python3.12/site-packages/airflow/example_dags/example_bash_operator.py for tasks to queue
[2025-08-20T08:31:23.088+0000] {logging_mixin.py:190} INFO - [2025-08-20T08:31:23.087+0000] {dagbag.py:588} INFO - Filling up the DagBag from /home/airflow/.local/lib/python3.12/site-packages/airflow/example_dags/example_bash_operator.py
[2025-08-20T08:31:23.106+0000] {processor.py:925} INFO - DAG(s) 'example_bash_operator' retrieved from /home/airflow/.local/lib/python3.12/site-packages/airflow/example_dags/example_bash_operator.py
[2025-08-20T08:31:23.143+0000] {logging_mixin.py:190} INFO - [2025-08-20T08:31:23.142+0000] {dag.py:3239} INFO - Sync 1 DAGs
[2025-08-20T08:31:23.173+0000] {logging_mixin.py:190} INFO - [2025-08-20T08:31:23.173+0000] {dag.py:4180} INFO - Setting next_dagrun for example_bash_operator to 2025-08-19 00:00:00+00:00, run_after=2025-08-20 00:00:00+00:00
[2025-08-20T08:31:23.245+0000] {processor.py:208} INFO - Processing /home/airflow/.local/lib/python3.12/site-packages/airflow/example_dags/example_bash_operator.py took 0.171 seconds
[2025-08-20T08:31:53.825+0000] {processor.py:186} INFO - Started process (PID=204) to work on /home/airflow/.local/lib/python3.12/site-packages/airflow/example_dags/example_bash_operator.py
[2025-08-20T08:31:53.827+0000] {processor.py:914} INFO - Processing file /home/airflow/.local/lib/python3.12/site-packages/airflow/example_dags/example_bash_operator.py for tasks to queue
[2025-08-20T08:31:53.830+0000] {logging_mixin.py:190} INFO - [2025-08-20T08:31:53.830+0000] {dagbag.py:588} INFO - Filling up the DagBag from /home/airflow/.local/lib/python3.12/site-packages/airflow/example_dags/example_bash_operator.py
[2025-08-20T08:31:53.849+0000] {processor.py:925} INFO - DAG(s) 'example_bash_operator' retrieved from /home/airflow/.local/lib/python3.12/site-packages/airflow/example_dags/example_bash_operator.py
[2025-08-20T08:31:53.882+0000] {logging_mixin.py:190} INFO - [2025-08-20T08:31:53.881+0000] {dag.py:3239} INFO - Sync 1 DAGs
[2025-08-20T08:31:53.917+0000] {logging_mixin.py:190} INFO - [2025-08-20T08:31:53.917+0000] {dag.py:4180} INFO - Setting next_dagrun for example_bash_operator to 2025-08-19 00:00:00+00:00, run_after=2025-08-20 00:00:00+00:00
[2025-08-20T08:31:53.938+0000] {processor.py:208} INFO - Processing /home/airflow/.local/lib/python3.12/site-packages/airflow/example_dags/example_bash_operator.py took 0.121 seconds
[2025-08-20T08:32:17.247+0000] {processor.py:186} INFO - Started process (PID=37) to work on /home/airflow/.local/lib/python3.12/site-packages/airflow/example_dags/example_bash_operator.py
[2025-08-20T08:32:17.249+0000] {processor.py:914} INFO - Processing file /home/airflow/.local/lib/python3.12/site-packages/airflow/example_dags/example_bash_operator.py for tasks to queue
[2025-08-20T08:32:17.253+0000] {logging_mixin.py:190} INFO - [2025-08-20T08:32:17.252+0000] {dagbag.py:588} INFO - Filling up the DagBag from /home/airflow/.local/lib/python3.12/site-packages/airflow/example_dags/example_bash_operator.py
[2025-08-20T08:32:17.278+0000] {processor.py:925} INFO - DAG(s) 'example_bash_operator' retrieved from /home/airflow/.local/lib/python3.12/site-packages/airflow/example_dags/example_bash_operator.py
[2025-08-20T08:32:17.336+0000] {logging_mixin.py:190} INFO - [2025-08-20T08:32:17.336+0000] {dag.py:3239} INFO - Sync 1 DAGs
[2025-08-20T08:32:17.369+0000] {logging_mixin.py:190} INFO - [2025-08-20T08:32:17.369+0000] {dag.py:4180} INFO - Setting next_dagrun for example_bash_operator to 2025-08-19 00:00:00+00:00, run_after=2025-08-20 00:00:00+00:00
[2025-08-20T08:32:17.393+0000] {processor.py:208} INFO - Processing /home/airflow/.local/lib/python3.12/site-packages/airflow/example_dags/example_bash_operator.py took 0.156 seconds
[2025-08-20T08:32:47.630+0000] {processor.py:186} INFO - Started process (PID=93) to work on /home/airflow/.local/lib/python3.12/site-packages/airflow/example_dags/example_bash_operator.py
[2025-08-20T08:32:47.631+0000] {processor.py:914} INFO - Processing file /home/airflow/.local/lib/python3.12/site-packages/airflow/example_dags/example_bash_operator.py for tasks to queue
[2025-08-20T08:32:47.635+0000] {logging_mixin.py:190} INFO - [2025-08-20T08:32:47.634+0000] {dagbag.py:588} INFO - Filling up the DagBag from /home/airflow/.local/lib/python3.12/site-packages/airflow/example_dags/example_bash_operator.py
[2025-08-20T08:32:47.660+0000] {processor.py:925} INFO - DAG(s) 'example_bash_operator' retrieved from /home/airflow/.local/lib/python3.12/site-packages/airflow/example_dags/example_bash_operator.py
[2025-08-20T08:32:47.705+0000] {logging_mixin.py:190} INFO - [2025-08-20T08:32:47.704+0000] {dag.py:3239} INFO - Sync 1 DAGs
[2025-08-20T08:32:47.749+0000] {logging_mixin.py:190} INFO - [2025-08-20T08:32:47.749+0000] {dag.py:4180} INFO - Setting next_dagrun for example_bash_operator to 2025-08-19 00:00:00+00:00, run_after=2025-08-20 00:00:00+00:00
[2025-08-20T08:32:47.768+0000] {processor.py:208} INFO - Processing /home/airflow/.local/lib/python3.12/site-packages/airflow/example_dags/example_bash_operator.py took 0.149 seconds
[2025-08-20T08:33:19.078+0000] {processor.py:186} INFO - Started process (PID=149) to work on /home/airflow/.local/lib/python3.12/site-packages/airflow/example_dags/example_bash_operator.py
[2025-08-20T08:33:19.080+0000] {processor.py:914} INFO - Processing file /home/airflow/.local/lib/python3.12/site-packages/airflow/example_dags/example_bash_operator.py for tasks to queue
[2025-08-20T08:33:19.083+0000] {logging_mixin.py:190} INFO - [2025-08-20T08:33:19.083+0000] {dagbag.py:588} INFO - Filling up the DagBag from /home/airflow/.local/lib/python3.12/site-packages/airflow/example_dags/example_bash_operator.py
[2025-08-20T08:33:19.100+0000] {processor.py:925} INFO - DAG(s) 'example_bash_operator' retrieved from /home/airflow/.local/lib/python3.12/site-packages/airflow/example_dags/example_bash_operator.py
[2025-08-20T08:33:19.133+0000] {logging_mixin.py:190} INFO - [2025-08-20T08:33:19.133+0000] {dag.py:3239} INFO - Sync 1 DAGs
[2025-08-20T08:33:19.164+0000] {logging_mixin.py:190} INFO - [2025-08-20T08:33:19.164+0000] {dag.py:4180} INFO - Setting next_dagrun for example_bash_operator to 2025-08-19 00:00:00+00:00, run_after=2025-08-20 00:00:00+00:00
[2025-08-20T08:33:19.183+0000] {processor.py:208} INFO - Processing /home/airflow/.local/lib/python3.12/site-packages/airflow/example_dags/example_bash_operator.py took 0.113 seconds
[2025-08-20T08:33:49.770+0000] {processor.py:186} INFO - Started process (PID=205) to work on /home/airflow/.local/lib/python3.12/site-packages/airflow/example_dags/example_bash_operator.py
[2025-08-20T08:33:49.772+0000] {processor.py:914} INFO - Processing file /home/airflow/.local/lib/python3.12/site-packages/airflow/example_dags/example_bash_operator.py for tasks to queue
[2025-08-20T08:33:49.775+0000] {logging_mixin.py:190} INFO - [2025-08-20T08:33:49.774+0000] {dagbag.py:588} INFO - Filling up the DagBag from /home/airflow/.local/lib/python3.12/site-packages/airflow/example_dags/example_bash_operator.py
[2025-08-20T08:33:49.792+0000] {processor.py:925} INFO - DAG(s) 'example_bash_operator' retrieved from /home/airflow/.local/lib/python3.12/site-packages/airflow/example_dags/example_bash_operator.py
[2025-08-20T08:33:49.824+0000] {logging_mixin.py:190} INFO - [2025-08-20T08:33:49.824+0000] {dag.py:3239} INFO - Sync 1 DAGs
[2025-08-20T08:33:49.855+0000] {logging_mixin.py:190} INFO - [2025-08-20T08:33:49.854+0000] {dag.py:4180} INFO - Setting next_dagrun for example_bash_operator to 2025-08-19 00:00:00+00:00, run_after=2025-08-20 00:00:00+00:00
[2025-08-20T08:33:49.877+0000] {processor.py:208} INFO - Processing /home/airflow/.local/lib/python3.12/site-packages/airflow/example_dags/example_bash_operator.py took 0.116 seconds
[2025-08-20T08:34:20.266+0000] {processor.py:186} INFO - Started process (PID=261) to work on /home/airflow/.local/lib/python3.12/site-packages/airflow/example_dags/example_bash_operator.py
[2025-08-20T08:34:20.268+0000] {processor.py:914} INFO - Processing file /home/airflow/.local/lib/python3.12/site-packages/airflow/example_dags/example_bash_operator.py for tasks to queue
[2025-08-20T08:34:20.271+0000] {logging_mixin.py:190} INFO - [2025-08-20T08:34:20.271+0000] {dagbag.py:588} INFO - Filling up the DagBag from /home/airflow/.local/lib/python3.12/site-packages/airflow/example_dags/example_bash_operator.py
[2025-08-20T08:34:20.291+0000] {processor.py:925} INFO - DAG(s) 'example_bash_operator' retrieved from /home/airflow/.local/lib/python3.12/site-packages/airflow/example_dags/example_bash_operator.py
[2025-08-20T08:34:20.327+0000] {logging_mixin.py:190} INFO - [2025-08-20T08:34:20.327+0000] {dag.py:3239} INFO - Sync 1 DAGs
[2025-08-20T08:34:20.365+0000] {logging_mixin.py:190} INFO - [2025-08-20T08:34:20.365+0000] {dag.py:4180} INFO - Setting next_dagrun for example_bash_operator to 2025-08-19 00:00:00+00:00, run_after=2025-08-20 00:00:00+00:00
[2025-08-20T08:34:20.391+0000] {processor.py:208} INFO - Processing /home/airflow/.local/lib/python3.12/site-packages/airflow/example_dags/example_bash_operator.py took 0.133 seconds
[2025-08-20T08:34:50.775+0000] {processor.py:186} INFO - Started process (PID=317) to work on /home/airflow/.local/lib/python3.12/site-packages/airflow/example_dags/example_bash_operator.py
[2025-08-20T08:34:50.776+0000] {processor.py:914} INFO - Processing file /home/airflow/.local/lib/python3.12/site-packages/airflow/example_dags/example_bash_operator.py for tasks to queue
[2025-08-20T08:34:50.780+0000] {logging_mixin.py:190} INFO - [2025-08-20T08:34:50.779+0000] {dagbag.py:588} INFO - Filling up the DagBag from /home/airflow/.local/lib/python3.12/site-packages/airflow/example_dags/example_bash_operator.py
[2025-08-20T08:34:50.796+0000] {processor.py:925} INFO - DAG(s) 'example_bash_operator' retrieved from /home/airflow/.local/lib/python3.12/site-packages/airflow/example_dags/example_bash_operator.py
[2025-08-20T08:34:50.830+0000] {logging_mixin.py:190} INFO - [2025-08-20T08:34:50.829+0000] {dag.py:3239} INFO - Sync 1 DAGs
[2025-08-20T08:34:50.860+0000] {logging_mixin.py:190} INFO - [2025-08-20T08:34:50.859+0000] {dag.py:4180} INFO - Setting next_dagrun for example_bash_operator to 2025-08-19 00:00:00+00:00, run_after=2025-08-20 00:00:00+00:00
[2025-08-20T08:34:50.927+0000] {processor.py:208} INFO - Processing /home/airflow/.local/lib/python3.12/site-packages/airflow/example_dags/example_bash_operator.py took 0.160 seconds
[2025-08-20T08:35:21.731+0000] {processor.py:186} INFO - Started process (PID=373) to work on /home/airflow/.local/lib/python3.12/site-packages/airflow/example_dags/example_bash_operator.py
[2025-08-20T08:35:21.735+0000] {processor.py:914} INFO - Processing file /home/airflow/.local/lib/python3.12/site-packages/airflow/example_dags/example_bash_operator.py for tasks to queue
[2025-08-20T08:35:21.738+0000] {logging_mixin.py:190} INFO - [2025-08-20T08:35:21.737+0000] {dagbag.py:588} INFO - Filling up the DagBag from /home/airflow/.local/lib/python3.12/site-packages/airflow/example_dags/example_bash_operator.py
[2025-08-20T08:35:21.761+0000] {processor.py:925} INFO - DAG(s) 'example_bash_operator' retrieved from /home/airflow/.local/lib/python3.12/site-packages/airflow/example_dags/example_bash_operator.py
[2025-08-20T08:35:21.803+0000] {logging_mixin.py:190} INFO - [2025-08-20T08:35:21.803+0000] {dag.py:3239} INFO - Sync 1 DAGs
[2025-08-20T08:35:21.840+0000] {logging_mixin.py:190} INFO - [2025-08-20T08:35:21.839+0000] {dag.py:4180} INFO - Setting next_dagrun for example_bash_operator to 2025-08-19 00:00:00+00:00, run_after=2025-08-20 00:00:00+00:00
[2025-08-20T08:35:21.866+0000] {processor.py:208} INFO - Processing /home/airflow/.local/lib/python3.12/site-packages/airflow/example_dags/example_bash_operator.py took 0.145 seconds
[2025-08-20T08:36:34.755+0000] {processor.py:186} INFO - Started process (PID=37) to work on /home/airflow/.local/lib/python3.12/site-packages/airflow/example_dags/example_bash_operator.py
[2025-08-20T08:36:34.757+0000] {processor.py:914} INFO - Processing file /home/airflow/.local/lib/python3.12/site-packages/airflow/example_dags/example_bash_operator.py for tasks to queue
[2025-08-20T08:36:34.760+0000] {logging_mixin.py:190} INFO - [2025-08-20T08:36:34.760+0000] {dagbag.py:588} INFO - Filling up the DagBag from /home/airflow/.local/lib/python3.12/site-packages/airflow/example_dags/example_bash_operator.py
[2025-08-20T08:36:34.781+0000] {processor.py:925} INFO - DAG(s) 'example_bash_operator' retrieved from /home/airflow/.local/lib/python3.12/site-packages/airflow/example_dags/example_bash_operator.py
[2025-08-20T08:36:34.825+0000] {logging_mixin.py:190} INFO - [2025-08-20T08:36:34.824+0000] {dag.py:3239} INFO - Sync 1 DAGs
[2025-08-20T08:36:34.856+0000] {logging_mixin.py:190} INFO - [2025-08-20T08:36:34.855+0000] {dag.py:4180} INFO - Setting next_dagrun for example_bash_operator to 2025-08-19 00:00:00+00:00, run_after=2025-08-20 00:00:00+00:00
[2025-08-20T08:36:35.588+0000] {processor.py:208} INFO - Processing /home/airflow/.local/lib/python3.12/site-packages/airflow/example_dags/example_bash_operator.py took 0.843 seconds
[2025-08-20T08:37:05.643+0000] {processor.py:186} INFO - Started process (PID=93) to work on /home/airflow/.local/lib/python3.12/site-packages/airflow/example_dags/example_bash_operator.py
[2025-08-20T08:37:05.644+0000] {processor.py:914} INFO - Processing file /home/airflow/.local/lib/python3.12/site-packages/airflow/example_dags/example_bash_operator.py for tasks to queue
[2025-08-20T08:37:05.649+0000] {logging_mixin.py:190} INFO - [2025-08-20T08:37:05.648+0000] {dagbag.py:588} INFO - Filling up the DagBag from /home/airflow/.local/lib/python3.12/site-packages/airflow/example_dags/example_bash_operator.py
[2025-08-20T08:37:05.673+0000] {processor.py:925} INFO - DAG(s) 'example_bash_operator' retrieved from /home/airflow/.local/lib/python3.12/site-packages/airflow/example_dags/example_bash_operator.py
[2025-08-20T08:37:05.706+0000] {logging_mixin.py:190} INFO - [2025-08-20T08:37:05.705+0000] {dag.py:3239} INFO - Sync 1 DAGs
[2025-08-20T08:37:05.744+0000] {logging_mixin.py:190} INFO - [2025-08-20T08:37:05.744+0000] {dag.py:4180} INFO - Setting next_dagrun for example_bash_operator to 2025-08-19 00:00:00+00:00, run_after=2025-08-20 00:00:00+00:00
[2025-08-20T08:37:06.078+0000] {processor.py:208} INFO - Processing /home/airflow/.local/lib/python3.12/site-packages/airflow/example_dags/example_bash_operator.py took 0.444 seconds
[2025-08-20T08:37:36.284+0000] {processor.py:186} INFO - Started process (PID=149) to work on /home/airflow/.local/lib/python3.12/site-packages/airflow/example_dags/example_bash_operator.py
[2025-08-20T08:37:36.286+0000] {processor.py:914} INFO - Processing file /home/airflow/.local/lib/python3.12/site-packages/airflow/example_dags/example_bash_operator.py for tasks to queue
[2025-08-20T08:37:36.289+0000] {logging_mixin.py:190} INFO - [2025-08-20T08:37:36.289+0000] {dagbag.py:588} INFO - Filling up the DagBag from /home/airflow/.local/lib/python3.12/site-packages/airflow/example_dags/example_bash_operator.py
[2025-08-20T08:37:36.307+0000] {processor.py:925} INFO - DAG(s) 'example_bash_operator' retrieved from /home/airflow/.local/lib/python3.12/site-packages/airflow/example_dags/example_bash_operator.py
[2025-08-20T08:37:36.344+0000] {logging_mixin.py:190} INFO - [2025-08-20T08:37:36.343+0000] {dag.py:3239} INFO - Sync 1 DAGs
[2025-08-20T08:37:36.372+0000] {logging_mixin.py:190} INFO - [2025-08-20T08:37:36.372+0000] {dag.py:4180} INFO - Setting next_dagrun for example_bash_operator to 2025-08-19 00:00:00+00:00, run_after=2025-08-20 00:00:00+00:00
[2025-08-20T08:37:36.795+0000] {processor.py:208} INFO - Processing /home/airflow/.local/lib/python3.12/site-packages/airflow/example_dags/example_bash_operator.py took 0.518 seconds
[2025-08-20T08:38:07.489+0000] {processor.py:186} INFO - Started process (PID=205) to work on /home/airflow/.local/lib/python3.12/site-packages/airflow/example_dags/example_bash_operator.py
[2025-08-20T08:38:07.490+0000] {processor.py:914} INFO - Processing file /home/airflow/.local/lib/python3.12/site-packages/airflow/example_dags/example_bash_operator.py for tasks to queue
[2025-08-20T08:38:07.494+0000] {logging_mixin.py:190} INFO - [2025-08-20T08:38:07.494+0000] {dagbag.py:588} INFO - Filling up the DagBag from /home/airflow/.local/lib/python3.12/site-packages/airflow/example_dags/example_bash_operator.py
[2025-08-20T08:38:07.519+0000] {processor.py:925} INFO - DAG(s) 'example_bash_operator' retrieved from /home/airflow/.local/lib/python3.12/site-packages/airflow/example_dags/example_bash_operator.py
[2025-08-20T08:38:07.553+0000] {logging_mixin.py:190} INFO - [2025-08-20T08:38:07.552+0000] {dag.py:3239} INFO - Sync 1 DAGs
[2025-08-20T08:38:07.581+0000] {logging_mixin.py:190} INFO - [2025-08-20T08:38:07.581+0000] {dag.py:4180} INFO - Setting next_dagrun for example_bash_operator to 2025-08-19 00:00:00+00:00, run_after=2025-08-20 00:00:00+00:00
[2025-08-20T08:38:07.602+0000] {processor.py:208} INFO - Processing /home/airflow/.local/lib/python3.12/site-packages/airflow/example_dags/example_bash_operator.py took 0.121 seconds
[2025-08-20T08:38:37.951+0000] {processor.py:186} INFO - Started process (PID=261) to work on /home/airflow/.local/lib/python3.12/site-packages/airflow/example_dags/example_bash_operator.py
[2025-08-20T08:38:37.953+0000] {processor.py:914} INFO - Processing file /home/airflow/.local/lib/python3.12/site-packages/airflow/example_dags/example_bash_operator.py for tasks to queue
[2025-08-20T08:38:37.957+0000] {logging_mixin.py:190} INFO - [2025-08-20T08:38:37.956+0000] {dagbag.py:588} INFO - Filling up the DagBag from /home/airflow/.local/lib/python3.12/site-packages/airflow/example_dags/example_bash_operator.py
[2025-08-20T08:38:37.973+0000] {processor.py:925} INFO - DAG(s) 'example_bash_operator' retrieved from /home/airflow/.local/lib/python3.12/site-packages/airflow/example_dags/example_bash_operator.py
[2025-08-20T08:38:38.007+0000] {logging_mixin.py:190} INFO - [2025-08-20T08:38:38.007+0000] {dag.py:3239} INFO - Sync 1 DAGs
[2025-08-20T08:38:38.040+0000] {logging_mixin.py:190} INFO - [2025-08-20T08:38:38.040+0000] {dag.py:4180} INFO - Setting next_dagrun for example_bash_operator to 2025-08-19 00:00:00+00:00, run_after=2025-08-20 00:00:00+00:00
[2025-08-20T08:38:38.071+0000] {processor.py:208} INFO - Processing /home/airflow/.local/lib/python3.12/site-packages/airflow/example_dags/example_bash_operator.py took 0.130 seconds
[2025-08-20T08:39:08.385+0000] {processor.py:186} INFO - Started process (PID=317) to work on /home/airflow/.local/lib/python3.12/site-packages/airflow/example_dags/example_bash_operator.py
[2025-08-20T08:39:08.387+0000] {processor.py:914} INFO - Processing file /home/airflow/.local/lib/python3.12/site-packages/airflow/example_dags/example_bash_operator.py for tasks to queue
[2025-08-20T08:39:08.390+0000] {logging_mixin.py:190} INFO - [2025-08-20T08:39:08.390+0000] {dagbag.py:588} INFO - Filling up the DagBag from /home/airflow/.local/lib/python3.12/site-packages/airflow/example_dags/example_bash_operator.py
[2025-08-20T08:39:08.408+0000] {processor.py:925} INFO - DAG(s) 'example_bash_operator' retrieved from /home/airflow/.local/lib/python3.12/site-packages/airflow/example_dags/example_bash_operator.py
[2025-08-20T08:39:08.446+0000] {logging_mixin.py:190} INFO - [2025-08-20T08:39:08.445+0000] {dag.py:3239} INFO - Sync 1 DAGs
[2025-08-20T08:39:08.479+0000] {logging_mixin.py:190} INFO - [2025-08-20T08:39:08.479+0000] {dag.py:4180} INFO - Setting next_dagrun for example_bash_operator to 2025-08-19 00:00:00+00:00, run_after=2025-08-20 00:00:00+00:00
[2025-08-20T08:39:08.503+0000] {processor.py:208} INFO - Processing /home/airflow/.local/lib/python3.12/site-packages/airflow/example_dags/example_bash_operator.py took 0.126 seconds
[2025-08-20T08:40:43.813+0000] {processor.py:186} INFO - Started process (PID=37) to work on /home/airflow/.local/lib/python3.12/site-packages/airflow/example_dags/example_bash_operator.py
[2025-08-20T08:40:43.815+0000] {processor.py:914} INFO - Processing file /home/airflow/.local/lib/python3.12/site-packages/airflow/example_dags/example_bash_operator.py for tasks to queue
[2025-08-20T08:40:43.818+0000] {logging_mixin.py:190} INFO - [2025-08-20T08:40:43.818+0000] {dagbag.py:588} INFO - Filling up the DagBag from /home/airflow/.local/lib/python3.12/site-packages/airflow/example_dags/example_bash_operator.py
[2025-08-20T08:40:43.840+0000] {processor.py:925} INFO - DAG(s) 'example_bash_operator' retrieved from /home/airflow/.local/lib/python3.12/site-packages/airflow/example_dags/example_bash_operator.py
[2025-08-20T08:40:43.887+0000] {logging_mixin.py:190} INFO - [2025-08-20T08:40:43.886+0000] {dag.py:3239} INFO - Sync 1 DAGs
[2025-08-20T08:40:43.922+0000] {logging_mixin.py:190} INFO - [2025-08-20T08:40:43.921+0000] {dag.py:4180} INFO - Setting next_dagrun for example_bash_operator to 2025-08-19 00:00:00+00:00, run_after=2025-08-20 00:00:00+00:00
[2025-08-20T08:40:44.151+0000] {processor.py:208} INFO - Processing /home/airflow/.local/lib/python3.12/site-packages/airflow/example_dags/example_bash_operator.py took 0.347 seconds
[2025-08-20T08:41:14.731+0000] {processor.py:186} INFO - Started process (PID=93) to work on /home/airflow/.local/lib/python3.12/site-packages/airflow/example_dags/example_bash_operator.py
[2025-08-20T08:41:14.733+0000] {processor.py:914} INFO - Processing file /home/airflow/.local/lib/python3.12/site-packages/airflow/example_dags/example_bash_operator.py for tasks to queue
[2025-08-20T08:41:14.737+0000] {logging_mixin.py:190} INFO - [2025-08-20T08:41:14.737+0000] {dagbag.py:588} INFO - Filling up the DagBag from /home/airflow/.local/lib/python3.12/site-packages/airflow/example_dags/example_bash_operator.py
[2025-08-20T08:41:14.756+0000] {processor.py:925} INFO - DAG(s) 'example_bash_operator' retrieved from /home/airflow/.local/lib/python3.12/site-packages/airflow/example_dags/example_bash_operator.py
[2025-08-20T08:41:14.801+0000] {logging_mixin.py:190} INFO - [2025-08-20T08:41:14.801+0000] {dag.py:3239} INFO - Sync 1 DAGs
[2025-08-20T08:41:14.843+0000] {logging_mixin.py:190} INFO - [2025-08-20T08:41:14.843+0000] {dag.py:4180} INFO - Setting next_dagrun for example_bash_operator to 2025-08-19 00:00:00+00:00, run_after=2025-08-20 00:00:00+00:00
[2025-08-20T08:41:15.103+0000] {processor.py:208} INFO - Processing /home/airflow/.local/lib/python3.12/site-packages/airflow/example_dags/example_bash_operator.py took 0.384 seconds
[2025-08-20T08:41:46.002+0000] {processor.py:186} INFO - Started process (PID=149) to work on /home/airflow/.local/lib/python3.12/site-packages/airflow/example_dags/example_bash_operator.py
[2025-08-20T08:41:46.004+0000] {processor.py:914} INFO - Processing file /home/airflow/.local/lib/python3.12/site-packages/airflow/example_dags/example_bash_operator.py for tasks to queue
[2025-08-20T08:41:46.008+0000] {logging_mixin.py:190} INFO - [2025-08-20T08:41:46.008+0000] {dagbag.py:588} INFO - Filling up the DagBag from /home/airflow/.local/lib/python3.12/site-packages/airflow/example_dags/example_bash_operator.py
[2025-08-20T08:41:46.035+0000] {processor.py:925} INFO - DAG(s) 'example_bash_operator' retrieved from /home/airflow/.local/lib/python3.12/site-packages/airflow/example_dags/example_bash_operator.py
[2025-08-20T08:41:46.082+0000] {logging_mixin.py:190} INFO - [2025-08-20T08:41:46.081+0000] {dag.py:3239} INFO - Sync 1 DAGs
[2025-08-20T08:41:46.114+0000] {logging_mixin.py:190} INFO - [2025-08-20T08:41:46.114+0000] {dag.py:4180} INFO - Setting next_dagrun for example_bash_operator to 2025-08-19 00:00:00+00:00, run_after=2025-08-20 00:00:00+00:00
[2025-08-20T08:41:46.138+0000] {processor.py:208} INFO - Processing /home/airflow/.local/lib/python3.12/site-packages/airflow/example_dags/example_bash_operator.py took 0.145 seconds
[2025-08-20T08:42:16.474+0000] {processor.py:186} INFO - Started process (PID=205) to work on /home/airflow/.local/lib/python3.12/site-packages/airflow/example_dags/example_bash_operator.py
[2025-08-20T08:42:16.476+0000] {processor.py:914} INFO - Processing file /home/airflow/.local/lib/python3.12/site-packages/airflow/example_dags/example_bash_operator.py for tasks to queue
[2025-08-20T08:42:16.479+0000] {logging_mixin.py:190} INFO - [2025-08-20T08:42:16.479+0000] {dagbag.py:588} INFO - Filling up the DagBag from /home/airflow/.local/lib/python3.12/site-packages/airflow/example_dags/example_bash_operator.py
[2025-08-20T08:42:16.497+0000] {processor.py:925} INFO - DAG(s) 'example_bash_operator' retrieved from /home/airflow/.local/lib/python3.12/site-packages/airflow/example_dags/example_bash_operator.py
[2025-08-20T08:42:16.534+0000] {logging_mixin.py:190} INFO - [2025-08-20T08:42:16.534+0000] {dag.py:3239} INFO - Sync 1 DAGs
[2025-08-20T08:42:16.564+0000] {logging_mixin.py:190} INFO - [2025-08-20T08:42:16.563+0000] {dag.py:4180} INFO - Setting next_dagrun for example_bash_operator to 2025-08-19 00:00:00+00:00, run_after=2025-08-20 00:00:00+00:00
[2025-08-20T08:42:16.583+0000] {processor.py:208} INFO - Processing /home/airflow/.local/lib/python3.12/site-packages/airflow/example_dags/example_bash_operator.py took 0.118 seconds
[2025-08-20T08:42:46.880+0000] {processor.py:186} INFO - Started process (PID=261) to work on /home/airflow/.local/lib/python3.12/site-packages/airflow/example_dags/example_bash_operator.py
[2025-08-20T08:42:46.882+0000] {processor.py:914} INFO - Processing file /home/airflow/.local/lib/python3.12/site-packages/airflow/example_dags/example_bash_operator.py for tasks to queue
[2025-08-20T08:42:46.885+0000] {logging_mixin.py:190} INFO - [2025-08-20T08:42:46.885+0000] {dagbag.py:588} INFO - Filling up the DagBag from /home/airflow/.local/lib/python3.12/site-packages/airflow/example_dags/example_bash_operator.py
[2025-08-20T08:42:46.904+0000] {processor.py:925} INFO - DAG(s) 'example_bash_operator' retrieved from /home/airflow/.local/lib/python3.12/site-packages/airflow/example_dags/example_bash_operator.py
[2025-08-20T08:42:46.943+0000] {logging_mixin.py:190} INFO - [2025-08-20T08:42:46.943+0000] {dag.py:3239} INFO - Sync 1 DAGs
[2025-08-20T08:42:46.975+0000] {logging_mixin.py:190} INFO - [2025-08-20T08:42:46.975+0000] {dag.py:4180} INFO - Setting next_dagrun for example_bash_operator to 2025-08-19 00:00:00+00:00, run_after=2025-08-20 00:00:00+00:00
[2025-08-20T08:42:47.001+0000] {processor.py:208} INFO - Processing /home/airflow/.local/lib/python3.12/site-packages/airflow/example_dags/example_bash_operator.py took 0.131 seconds
[2025-08-20T08:43:17.618+0000] {processor.py:186} INFO - Started process (PID=317) to work on /home/airflow/.local/lib/python3.12/site-packages/airflow/example_dags/example_bash_operator.py
[2025-08-20T08:43:17.620+0000] {processor.py:914} INFO - Processing file /home/airflow/.local/lib/python3.12/site-packages/airflow/example_dags/example_bash_operator.py for tasks to queue
[2025-08-20T08:43:17.624+0000] {logging_mixin.py:190} INFO - [2025-08-20T08:43:17.623+0000] {dagbag.py:588} INFO - Filling up the DagBag from /home/airflow/.local/lib/python3.12/site-packages/airflow/example_dags/example_bash_operator.py
[2025-08-20T08:43:17.646+0000] {processor.py:925} INFO - DAG(s) 'example_bash_operator' retrieved from /home/airflow/.local/lib/python3.12/site-packages/airflow/example_dags/example_bash_operator.py
[2025-08-20T08:43:17.683+0000] {logging_mixin.py:190} INFO - [2025-08-20T08:43:17.683+0000] {dag.py:3239} INFO - Sync 1 DAGs
[2025-08-20T08:43:17.715+0000] {logging_mixin.py:190} INFO - [2025-08-20T08:43:17.715+0000] {dag.py:4180} INFO - Setting next_dagrun for example_bash_operator to 2025-08-19 00:00:00+00:00, run_after=2025-08-20 00:00:00+00:00
[2025-08-20T08:43:17.737+0000] {processor.py:208} INFO - Processing /home/airflow/.local/lib/python3.12/site-packages/airflow/example_dags/example_bash_operator.py took 0.130 seconds
[2025-08-20T08:43:48.037+0000] {processor.py:186} INFO - Started process (PID=373) to work on /home/airflow/.local/lib/python3.12/site-packages/airflow/example_dags/example_bash_operator.py
[2025-08-20T08:43:48.039+0000] {processor.py:914} INFO - Processing file /home/airflow/.local/lib/python3.12/site-packages/airflow/example_dags/example_bash_operator.py for tasks to queue
[2025-08-20T08:43:48.042+0000] {logging_mixin.py:190} INFO - [2025-08-20T08:43:48.041+0000] {dagbag.py:588} INFO - Filling up the DagBag from /home/airflow/.local/lib/python3.12/site-packages/airflow/example_dags/example_bash_operator.py
[2025-08-20T08:43:48.059+0000] {processor.py:925} INFO - DAG(s) 'example_bash_operator' retrieved from /home/airflow/.local/lib/python3.12/site-packages/airflow/example_dags/example_bash_operator.py
[2025-08-20T08:43:48.100+0000] {logging_mixin.py:190} INFO - [2025-08-20T08:43:48.099+0000] {dag.py:3239} INFO - Sync 1 DAGs
[2025-08-20T08:43:48.138+0000] {logging_mixin.py:190} INFO - [2025-08-20T08:43:48.137+0000] {dag.py:4180} INFO - Setting next_dagrun for example_bash_operator to 2025-08-19 00:00:00+00:00, run_after=2025-08-20 00:00:00+00:00
[2025-08-20T08:43:48.160+0000] {processor.py:208} INFO - Processing /home/airflow/.local/lib/python3.12/site-packages/airflow/example_dags/example_bash_operator.py took 0.131 seconds
[2025-08-20T08:44:18.598+0000] {processor.py:186} INFO - Started process (PID=429) to work on /home/airflow/.local/lib/python3.12/site-packages/airflow/example_dags/example_bash_operator.py
[2025-08-20T08:44:18.600+0000] {processor.py:914} INFO - Processing file /home/airflow/.local/lib/python3.12/site-packages/airflow/example_dags/example_bash_operator.py for tasks to queue
[2025-08-20T08:44:18.603+0000] {logging_mixin.py:190} INFO - [2025-08-20T08:44:18.603+0000] {dagbag.py:588} INFO - Filling up the DagBag from /home/airflow/.local/lib/python3.12/site-packages/airflow/example_dags/example_bash_operator.py
[2025-08-20T08:44:18.620+0000] {processor.py:925} INFO - DAG(s) 'example_bash_operator' retrieved from /home/airflow/.local/lib/python3.12/site-packages/airflow/example_dags/example_bash_operator.py
[2025-08-20T08:44:18.655+0000] {logging_mixin.py:190} INFO - [2025-08-20T08:44:18.654+0000] {dag.py:3239} INFO - Sync 1 DAGs
[2025-08-20T08:44:18.683+0000] {logging_mixin.py:190} INFO - [2025-08-20T08:44:18.682+0000] {dag.py:4180} INFO - Setting next_dagrun for example_bash_operator to 2025-08-19 00:00:00+00:00, run_after=2025-08-20 00:00:00+00:00
[2025-08-20T08:44:18.703+0000] {processor.py:208} INFO - Processing /home/airflow/.local/lib/python3.12/site-packages/airflow/example_dags/example_bash_operator.py took 0.113 seconds
[2025-08-20T08:44:49.040+0000] {processor.py:186} INFO - Started process (PID=485) to work on /home/airflow/.local/lib/python3.12/site-packages/airflow/example_dags/example_bash_operator.py
[2025-08-20T08:44:49.042+0000] {processor.py:914} INFO - Processing file /home/airflow/.local/lib/python3.12/site-packages/airflow/example_dags/example_bash_operator.py for tasks to queue
[2025-08-20T08:44:49.045+0000] {logging_mixin.py:190} INFO - [2025-08-20T08:44:49.045+0000] {dagbag.py:588} INFO - Filling up the DagBag from /home/airflow/.local/lib/python3.12/site-packages/airflow/example_dags/example_bash_operator.py
[2025-08-20T08:44:49.063+0000] {processor.py:925} INFO - DAG(s) 'example_bash_operator' retrieved from /home/airflow/.local/lib/python3.12/site-packages/airflow/example_dags/example_bash_operator.py
[2025-08-20T08:44:49.097+0000] {logging_mixin.py:190} INFO - [2025-08-20T08:44:49.097+0000] {dag.py:3239} INFO - Sync 1 DAGs
[2025-08-20T08:44:49.127+0000] {logging_mixin.py:190} INFO - [2025-08-20T08:44:49.127+0000] {dag.py:4180} INFO - Setting next_dagrun for example_bash_operator to 2025-08-19 00:00:00+00:00, run_after=2025-08-20 00:00:00+00:00
[2025-08-20T08:44:49.146+0000] {processor.py:208} INFO - Processing /home/airflow/.local/lib/python3.12/site-packages/airflow/example_dags/example_bash_operator.py took 0.114 seconds
[2025-08-20T08:45:19.390+0000] {processor.py:186} INFO - Started process (PID=541) to work on /home/airflow/.local/lib/python3.12/site-packages/airflow/example_dags/example_bash_operator.py
[2025-08-20T08:45:19.392+0000] {processor.py:914} INFO - Processing file /home/airflow/.local/lib/python3.12/site-packages/airflow/example_dags/example_bash_operator.py for tasks to queue
[2025-08-20T08:45:19.395+0000] {logging_mixin.py:190} INFO - [2025-08-20T08:45:19.395+0000] {dagbag.py:588} INFO - Filling up the DagBag from /home/airflow/.local/lib/python3.12/site-packages/airflow/example_dags/example_bash_operator.py
[2025-08-20T08:45:19.413+0000] {processor.py:925} INFO - DAG(s) 'example_bash_operator' retrieved from /home/airflow/.local/lib/python3.12/site-packages/airflow/example_dags/example_bash_operator.py
[2025-08-20T08:45:19.446+0000] {logging_mixin.py:190} INFO - [2025-08-20T08:45:19.446+0000] {dag.py:3239} INFO - Sync 1 DAGs
[2025-08-20T08:45:19.475+0000] {logging_mixin.py:190} INFO - [2025-08-20T08:45:19.475+0000] {dag.py:4180} INFO - Setting next_dagrun for example_bash_operator to 2025-08-19 00:00:00+00:00, run_after=2025-08-20 00:00:00+00:00
[2025-08-20T08:45:19.494+0000] {processor.py:208} INFO - Processing /home/airflow/.local/lib/python3.12/site-packages/airflow/example_dags/example_bash_operator.py took 0.113 seconds
[2025-08-20T08:46:22.728+0000] {processor.py:186} INFO - Started process (PID=37) to work on /home/airflow/.local/lib/python3.12/site-packages/airflow/example_dags/example_bash_operator.py
[2025-08-20T08:46:22.731+0000] {processor.py:914} INFO - Processing file /home/airflow/.local/lib/python3.12/site-packages/airflow/example_dags/example_bash_operator.py for tasks to queue
[2025-08-20T08:46:22.734+0000] {logging_mixin.py:190} INFO - [2025-08-20T08:46:22.733+0000] {dagbag.py:588} INFO - Filling up the DagBag from /home/airflow/.local/lib/python3.12/site-packages/airflow/example_dags/example_bash_operator.py
[2025-08-20T08:46:22.754+0000] {processor.py:925} INFO - DAG(s) 'example_bash_operator' retrieved from /home/airflow/.local/lib/python3.12/site-packages/airflow/example_dags/example_bash_operator.py
[2025-08-20T08:46:22.801+0000] {logging_mixin.py:190} INFO - [2025-08-20T08:46:22.801+0000] {dag.py:3239} INFO - Sync 1 DAGs
[2025-08-20T08:46:22.832+0000] {logging_mixin.py:190} INFO - [2025-08-20T08:46:22.832+0000] {dag.py:4180} INFO - Setting next_dagrun for example_bash_operator to 2025-08-19 00:00:00+00:00, run_after=2025-08-20 00:00:00+00:00
[2025-08-20T08:46:23.188+0000] {processor.py:208} INFO - Processing /home/airflow/.local/lib/python3.12/site-packages/airflow/example_dags/example_bash_operator.py took 0.470 seconds
[2025-08-20T08:46:53.599+0000] {processor.py:186} INFO - Started process (PID=93) to work on /home/airflow/.local/lib/python3.12/site-packages/airflow/example_dags/example_bash_operator.py
[2025-08-20T08:46:53.600+0000] {processor.py:914} INFO - Processing file /home/airflow/.local/lib/python3.12/site-packages/airflow/example_dags/example_bash_operator.py for tasks to queue
[2025-08-20T08:46:53.604+0000] {logging_mixin.py:190} INFO - [2025-08-20T08:46:53.603+0000] {dagbag.py:588} INFO - Filling up the DagBag from /home/airflow/.local/lib/python3.12/site-packages/airflow/example_dags/example_bash_operator.py
[2025-08-20T08:46:53.621+0000] {processor.py:925} INFO - DAG(s) 'example_bash_operator' retrieved from /home/airflow/.local/lib/python3.12/site-packages/airflow/example_dags/example_bash_operator.py
[2025-08-20T08:46:53.658+0000] {logging_mixin.py:190} INFO - [2025-08-20T08:46:53.658+0000] {dag.py:3239} INFO - Sync 1 DAGs
[2025-08-20T08:46:53.691+0000] {logging_mixin.py:190} INFO - [2025-08-20T08:46:53.690+0000] {dag.py:4180} INFO - Setting next_dagrun for example_bash_operator to 2025-08-19 00:00:00+00:00, run_after=2025-08-20 00:00:00+00:00
[2025-08-20T08:46:54.002+0000] {processor.py:208} INFO - Processing /home/airflow/.local/lib/python3.12/site-packages/airflow/example_dags/example_bash_operator.py took 0.411 seconds
[2025-08-20T08:47:24.086+0000] {processor.py:186} INFO - Started process (PID=149) to work on /home/airflow/.local/lib/python3.12/site-packages/airflow/example_dags/example_bash_operator.py
[2025-08-20T08:47:24.088+0000] {processor.py:914} INFO - Processing file /home/airflow/.local/lib/python3.12/site-packages/airflow/example_dags/example_bash_operator.py for tasks to queue
[2025-08-20T08:47:24.091+0000] {logging_mixin.py:190} INFO - [2025-08-20T08:47:24.091+0000] {dagbag.py:588} INFO - Filling up the DagBag from /home/airflow/.local/lib/python3.12/site-packages/airflow/example_dags/example_bash_operator.py
[2025-08-20T08:47:24.111+0000] {processor.py:925} INFO - DAG(s) 'example_bash_operator' retrieved from /home/airflow/.local/lib/python3.12/site-packages/airflow/example_dags/example_bash_operator.py
[2025-08-20T08:47:24.148+0000] {logging_mixin.py:190} INFO - [2025-08-20T08:47:24.148+0000] {dag.py:3239} INFO - Sync 1 DAGs
[2025-08-20T08:47:24.184+0000] {logging_mixin.py:190} INFO - [2025-08-20T08:47:24.183+0000] {dag.py:4180} INFO - Setting next_dagrun for example_bash_operator to 2025-08-19 00:00:00+00:00, run_after=2025-08-20 00:00:00+00:00
[2025-08-20T08:47:24.463+0000] {processor.py:208} INFO - Processing /home/airflow/.local/lib/python3.12/site-packages/airflow/example_dags/example_bash_operator.py took 0.386 seconds
[2025-08-20T08:47:54.824+0000] {processor.py:186} INFO - Started process (PID=205) to work on /home/airflow/.local/lib/python3.12/site-packages/airflow/example_dags/example_bash_operator.py
[2025-08-20T08:47:54.826+0000] {processor.py:914} INFO - Processing file /home/airflow/.local/lib/python3.12/site-packages/airflow/example_dags/example_bash_operator.py for tasks to queue
[2025-08-20T08:47:54.829+0000] {logging_mixin.py:190} INFO - [2025-08-20T08:47:54.828+0000] {dagbag.py:588} INFO - Filling up the DagBag from /home/airflow/.local/lib/python3.12/site-packages/airflow/example_dags/example_bash_operator.py
[2025-08-20T08:47:54.846+0000] {processor.py:925} INFO - DAG(s) 'example_bash_operator' retrieved from /home/airflow/.local/lib/python3.12/site-packages/airflow/example_dags/example_bash_operator.py
[2025-08-20T08:47:54.881+0000] {logging_mixin.py:190} INFO - [2025-08-20T08:47:54.881+0000] {dag.py:3239} INFO - Sync 1 DAGs
[2025-08-20T08:47:54.912+0000] {logging_mixin.py:190} INFO - [2025-08-20T08:47:54.912+0000] {dag.py:4180} INFO - Setting next_dagrun for example_bash_operator to 2025-08-19 00:00:00+00:00, run_after=2025-08-20 00:00:00+00:00
[2025-08-20T08:47:54.940+0000] {processor.py:208} INFO - Processing /home/airflow/.local/lib/python3.12/site-packages/airflow/example_dags/example_bash_operator.py took 0.124 seconds
