[2025-08-20T08:25:54.711+0000] {processor.py:186} INFO - Started process (PID=53) to work on /home/airflow/.local/lib/python3.12/site-packages/airflow/example_dags/example_sensors.py
[2025-08-20T08:25:54.712+0000] {processor.py:914} INFO - Processing file /home/airflow/.local/lib/python3.12/site-packages/airflow/example_dags/example_sensors.py for tasks to queue
[2025-08-20T08:25:54.715+0000] {logging_mixin.py:190} INFO - [2025-08-20T08:25:54.714+0000] {dagbag.py:588} INFO - Filling up the DagBag from /home/airflow/.local/lib/python3.12/site-packages/airflow/example_dags/example_sensors.py
[2025-08-20T08:25:54.731+0000] {processor.py:925} INFO - DAG(s) 'example_sensors' retrieved from /home/airflow/.local/lib/python3.12/site-packages/airflow/example_dags/example_sensors.py
[2025-08-20T08:25:54.778+0000] {logging_mixin.py:190} INFO - [2025-08-20T08:25:54.776+0000] {dag.py:3239} INFO - Sync 1 DAGs
[2025-08-20T08:25:54.797+0000] {logging_mixin.py:190} INFO - [2025-08-20T08:25:54.796+0000] {dag.py:4180} INFO - Setting next_dagrun for example_sensors to None, run_after=None
[2025-08-20T08:25:55.081+0000] {processor.py:208} INFO - Processing /home/airflow/.local/lib/python3.12/site-packages/airflow/example_dags/example_sensors.py took 0.379 seconds
[2025-08-20T08:26:26.012+0000] {processor.py:186} INFO - Started process (PID=109) to work on /home/airflow/.local/lib/python3.12/site-packages/airflow/example_dags/example_sensors.py
[2025-08-20T08:26:26.014+0000] {processor.py:914} INFO - Processing file /home/airflow/.local/lib/python3.12/site-packages/airflow/example_dags/example_sensors.py for tasks to queue
[2025-08-20T08:26:26.017+0000] {logging_mixin.py:190} INFO - [2025-08-20T08:26:26.017+0000] {dagbag.py:588} INFO - Filling up the DagBag from /home/airflow/.local/lib/python3.12/site-packages/airflow/example_dags/example_sensors.py
[2025-08-20T08:26:26.034+0000] {processor.py:925} INFO - DAG(s) 'example_sensors' retrieved from /home/airflow/.local/lib/python3.12/site-packages/airflow/example_dags/example_sensors.py
[2025-08-20T08:26:26.069+0000] {logging_mixin.py:190} INFO - [2025-08-20T08:26:26.068+0000] {dag.py:3239} INFO - Sync 1 DAGs
[2025-08-20T08:26:26.088+0000] {logging_mixin.py:190} INFO - [2025-08-20T08:26:26.088+0000] {dag.py:4180} INFO - Setting next_dagrun for example_sensors to None, run_after=None
[2025-08-20T08:26:26.476+0000] {processor.py:208} INFO - Processing /home/airflow/.local/lib/python3.12/site-packages/airflow/example_dags/example_sensors.py took 0.473 seconds
[2025-08-20T08:26:56.913+0000] {processor.py:186} INFO - Started process (PID=165) to work on /home/airflow/.local/lib/python3.12/site-packages/airflow/example_dags/example_sensors.py
[2025-08-20T08:26:56.915+0000] {processor.py:914} INFO - Processing file /home/airflow/.local/lib/python3.12/site-packages/airflow/example_dags/example_sensors.py for tasks to queue
[2025-08-20T08:26:56.919+0000] {logging_mixin.py:190} INFO - [2025-08-20T08:26:56.918+0000] {dagbag.py:588} INFO - Filling up the DagBag from /home/airflow/.local/lib/python3.12/site-packages/airflow/example_dags/example_sensors.py
[2025-08-20T08:26:56.933+0000] {processor.py:925} INFO - DAG(s) 'example_sensors' retrieved from /home/airflow/.local/lib/python3.12/site-packages/airflow/example_dags/example_sensors.py
[2025-08-20T08:26:56.967+0000] {logging_mixin.py:190} INFO - [2025-08-20T08:26:56.966+0000] {dag.py:3239} INFO - Sync 1 DAGs
[2025-08-20T08:26:56.987+0000] {logging_mixin.py:190} INFO - [2025-08-20T08:26:56.986+0000] {dag.py:4180} INFO - Setting next_dagrun for example_sensors to None, run_after=None
[2025-08-20T08:26:57.121+0000] {processor.py:208} INFO - Processing /home/airflow/.local/lib/python3.12/site-packages/airflow/example_dags/example_sensors.py took 0.216 seconds
[2025-08-20T08:27:27.199+0000] {processor.py:186} INFO - Started process (PID=220) to work on /home/airflow/.local/lib/python3.12/site-packages/airflow/example_dags/example_sensors.py
[2025-08-20T08:27:27.201+0000] {processor.py:914} INFO - Processing file /home/airflow/.local/lib/python3.12/site-packages/airflow/example_dags/example_sensors.py for tasks to queue
[2025-08-20T08:27:27.204+0000] {logging_mixin.py:190} INFO - [2025-08-20T08:27:27.204+0000] {dagbag.py:588} INFO - Filling up the DagBag from /home/airflow/.local/lib/python3.12/site-packages/airflow/example_dags/example_sensors.py
[2025-08-20T08:27:27.218+0000] {processor.py:925} INFO - DAG(s) 'example_sensors' retrieved from /home/airflow/.local/lib/python3.12/site-packages/airflow/example_dags/example_sensors.py
[2025-08-20T08:27:27.252+0000] {logging_mixin.py:190} INFO - [2025-08-20T08:27:27.252+0000] {dag.py:3239} INFO - Sync 1 DAGs
[2025-08-20T08:27:27.271+0000] {logging_mixin.py:190} INFO - [2025-08-20T08:27:27.271+0000] {dag.py:4180} INFO - Setting next_dagrun for example_sensors to None, run_after=None
[2025-08-20T08:27:27.294+0000] {processor.py:208} INFO - Processing /home/airflow/.local/lib/python3.12/site-packages/airflow/example_dags/example_sensors.py took 0.103 seconds
[2025-08-20T08:27:57.780+0000] {processor.py:186} INFO - Started process (PID=277) to work on /home/airflow/.local/lib/python3.12/site-packages/airflow/example_dags/example_sensors.py
[2025-08-20T08:27:57.781+0000] {processor.py:914} INFO - Processing file /home/airflow/.local/lib/python3.12/site-packages/airflow/example_dags/example_sensors.py for tasks to queue
[2025-08-20T08:27:57.784+0000] {logging_mixin.py:190} INFO - [2025-08-20T08:27:57.784+0000] {dagbag.py:588} INFO - Filling up the DagBag from /home/airflow/.local/lib/python3.12/site-packages/airflow/example_dags/example_sensors.py
[2025-08-20T08:27:57.802+0000] {processor.py:925} INFO - DAG(s) 'example_sensors' retrieved from /home/airflow/.local/lib/python3.12/site-packages/airflow/example_dags/example_sensors.py
[2025-08-20T08:27:57.842+0000] {logging_mixin.py:190} INFO - [2025-08-20T08:27:57.842+0000] {dag.py:3239} INFO - Sync 1 DAGs
[2025-08-20T08:27:57.861+0000] {logging_mixin.py:190} INFO - [2025-08-20T08:27:57.860+0000] {dag.py:4180} INFO - Setting next_dagrun for example_sensors to None, run_after=None
[2025-08-20T08:27:57.884+0000] {processor.py:208} INFO - Processing /home/airflow/.local/lib/python3.12/site-packages/airflow/example_dags/example_sensors.py took 0.113 seconds
[2025-08-20T08:28:28.196+0000] {processor.py:186} INFO - Started process (PID=333) to work on /home/airflow/.local/lib/python3.12/site-packages/airflow/example_dags/example_sensors.py
[2025-08-20T08:28:28.198+0000] {processor.py:914} INFO - Processing file /home/airflow/.local/lib/python3.12/site-packages/airflow/example_dags/example_sensors.py for tasks to queue
[2025-08-20T08:28:28.201+0000] {logging_mixin.py:190} INFO - [2025-08-20T08:28:28.200+0000] {dagbag.py:588} INFO - Filling up the DagBag from /home/airflow/.local/lib/python3.12/site-packages/airflow/example_dags/example_sensors.py
[2025-08-20T08:28:28.217+0000] {processor.py:925} INFO - DAG(s) 'example_sensors' retrieved from /home/airflow/.local/lib/python3.12/site-packages/airflow/example_dags/example_sensors.py
[2025-08-20T08:28:28.249+0000] {logging_mixin.py:190} INFO - [2025-08-20T08:28:28.249+0000] {dag.py:3239} INFO - Sync 1 DAGs
[2025-08-20T08:28:28.270+0000] {logging_mixin.py:190} INFO - [2025-08-20T08:28:28.270+0000] {dag.py:4180} INFO - Setting next_dagrun for example_sensors to None, run_after=None
[2025-08-20T08:28:28.293+0000] {processor.py:208} INFO - Processing /home/airflow/.local/lib/python3.12/site-packages/airflow/example_dags/example_sensors.py took 0.106 seconds
[2025-08-20T08:28:58.579+0000] {processor.py:186} INFO - Started process (PID=389) to work on /home/airflow/.local/lib/python3.12/site-packages/airflow/example_dags/example_sensors.py
[2025-08-20T08:28:58.581+0000] {processor.py:914} INFO - Processing file /home/airflow/.local/lib/python3.12/site-packages/airflow/example_dags/example_sensors.py for tasks to queue
[2025-08-20T08:28:58.584+0000] {logging_mixin.py:190} INFO - [2025-08-20T08:28:58.583+0000] {dagbag.py:588} INFO - Filling up the DagBag from /home/airflow/.local/lib/python3.12/site-packages/airflow/example_dags/example_sensors.py
[2025-08-20T08:28:58.598+0000] {processor.py:925} INFO - DAG(s) 'example_sensors' retrieved from /home/airflow/.local/lib/python3.12/site-packages/airflow/example_dags/example_sensors.py
[2025-08-20T08:28:58.629+0000] {logging_mixin.py:190} INFO - [2025-08-20T08:28:58.629+0000] {dag.py:3239} INFO - Sync 1 DAGs
[2025-08-20T08:28:58.648+0000] {logging_mixin.py:190} INFO - [2025-08-20T08:28:58.648+0000] {dag.py:4180} INFO - Setting next_dagrun for example_sensors to None, run_after=None
[2025-08-20T08:28:58.669+0000] {processor.py:208} INFO - Processing /home/airflow/.local/lib/python3.12/site-packages/airflow/example_dags/example_sensors.py took 0.098 seconds
[2025-08-20T08:30:24.638+0000] {processor.py:186} INFO - Started process (PID=51) to work on /home/airflow/.local/lib/python3.12/site-packages/airflow/example_dags/example_sensors.py
[2025-08-20T08:30:24.640+0000] {processor.py:914} INFO - Processing file /home/airflow/.local/lib/python3.12/site-packages/airflow/example_dags/example_sensors.py for tasks to queue
[2025-08-20T08:30:24.644+0000] {logging_mixin.py:190} INFO - [2025-08-20T08:30:24.643+0000] {dagbag.py:588} INFO - Filling up the DagBag from /home/airflow/.local/lib/python3.12/site-packages/airflow/example_dags/example_sensors.py
[2025-08-20T08:30:24.661+0000] {processor.py:925} INFO - DAG(s) 'example_sensors' retrieved from /home/airflow/.local/lib/python3.12/site-packages/airflow/example_dags/example_sensors.py
[2025-08-20T08:30:24.705+0000] {logging_mixin.py:190} INFO - [2025-08-20T08:30:24.705+0000] {dag.py:3239} INFO - Sync 1 DAGs
[2025-08-20T08:30:24.727+0000] {logging_mixin.py:190} INFO - [2025-08-20T08:30:24.726+0000] {dag.py:4180} INFO - Setting next_dagrun for example_sensors to None, run_after=None
[2025-08-20T08:30:24.903+0000] {processor.py:208} INFO - Processing /home/airflow/.local/lib/python3.12/site-packages/airflow/example_dags/example_sensors.py took 0.274 seconds
[2025-08-20T08:30:56.252+0000] {processor.py:186} INFO - Started process (PID=107) to work on /home/airflow/.local/lib/python3.12/site-packages/airflow/example_dags/example_sensors.py
[2025-08-20T08:30:56.254+0000] {processor.py:914} INFO - Processing file /home/airflow/.local/lib/python3.12/site-packages/airflow/example_dags/example_sensors.py for tasks to queue
[2025-08-20T08:30:56.257+0000] {logging_mixin.py:190} INFO - [2025-08-20T08:30:56.256+0000] {dagbag.py:588} INFO - Filling up the DagBag from /home/airflow/.local/lib/python3.12/site-packages/airflow/example_dags/example_sensors.py
[2025-08-20T08:30:56.273+0000] {processor.py:925} INFO - DAG(s) 'example_sensors' retrieved from /home/airflow/.local/lib/python3.12/site-packages/airflow/example_dags/example_sensors.py
[2025-08-20T08:30:56.306+0000] {logging_mixin.py:190} INFO - [2025-08-20T08:30:56.305+0000] {dag.py:3239} INFO - Sync 1 DAGs
[2025-08-20T08:30:56.324+0000] {logging_mixin.py:190} INFO - [2025-08-20T08:30:56.323+0000] {dag.py:4180} INFO - Setting next_dagrun for example_sensors to None, run_after=None
[2025-08-20T08:30:56.630+0000] {processor.py:208} INFO - Processing /home/airflow/.local/lib/python3.12/site-packages/airflow/example_dags/example_sensors.py took 0.386 seconds
[2025-08-20T08:31:26.775+0000] {processor.py:186} INFO - Started process (PID=163) to work on /home/airflow/.local/lib/python3.12/site-packages/airflow/example_dags/example_sensors.py
[2025-08-20T08:31:26.777+0000] {processor.py:914} INFO - Processing file /home/airflow/.local/lib/python3.12/site-packages/airflow/example_dags/example_sensors.py for tasks to queue
[2025-08-20T08:31:26.780+0000] {logging_mixin.py:190} INFO - [2025-08-20T08:31:26.779+0000] {dagbag.py:588} INFO - Filling up the DagBag from /home/airflow/.local/lib/python3.12/site-packages/airflow/example_dags/example_sensors.py
[2025-08-20T08:31:26.795+0000] {processor.py:925} INFO - DAG(s) 'example_sensors' retrieved from /home/airflow/.local/lib/python3.12/site-packages/airflow/example_dags/example_sensors.py
[2025-08-20T08:31:26.829+0000] {logging_mixin.py:190} INFO - [2025-08-20T08:31:26.828+0000] {dag.py:3239} INFO - Sync 1 DAGs
[2025-08-20T08:31:26.847+0000] {logging_mixin.py:190} INFO - [2025-08-20T08:31:26.847+0000] {dag.py:4180} INFO - Setting next_dagrun for example_sensors to None, run_after=None
[2025-08-20T08:31:27.123+0000] {processor.py:208} INFO - Processing /home/airflow/.local/lib/python3.12/site-packages/airflow/example_dags/example_sensors.py took 0.356 seconds
[2025-08-20T08:32:18.920+0000] {processor.py:186} INFO - Started process (PID=52) to work on /home/airflow/.local/lib/python3.12/site-packages/airflow/example_dags/example_sensors.py
[2025-08-20T08:32:18.922+0000] {processor.py:914} INFO - Processing file /home/airflow/.local/lib/python3.12/site-packages/airflow/example_dags/example_sensors.py for tasks to queue
[2025-08-20T08:32:18.925+0000] {logging_mixin.py:190} INFO - [2025-08-20T08:32:18.924+0000] {dagbag.py:588} INFO - Filling up the DagBag from /home/airflow/.local/lib/python3.12/site-packages/airflow/example_dags/example_sensors.py
[2025-08-20T08:32:18.954+0000] {processor.py:925} INFO - DAG(s) 'example_sensors' retrieved from /home/airflow/.local/lib/python3.12/site-packages/airflow/example_dags/example_sensors.py
[2025-08-20T08:32:18.993+0000] {logging_mixin.py:190} INFO - [2025-08-20T08:32:18.993+0000] {dag.py:3239} INFO - Sync 1 DAGs
[2025-08-20T08:32:19.026+0000] {logging_mixin.py:190} INFO - [2025-08-20T08:32:19.026+0000] {dag.py:4180} INFO - Setting next_dagrun for example_sensors to None, run_after=None
[2025-08-20T08:32:19.059+0000] {processor.py:208} INFO - Processing /home/airflow/.local/lib/python3.12/site-packages/airflow/example_dags/example_sensors.py took 0.146 seconds
[2025-08-20T08:32:50.070+0000] {processor.py:186} INFO - Started process (PID=108) to work on /home/airflow/.local/lib/python3.12/site-packages/airflow/example_dags/example_sensors.py
[2025-08-20T08:32:50.072+0000] {processor.py:914} INFO - Processing file /home/airflow/.local/lib/python3.12/site-packages/airflow/example_dags/example_sensors.py for tasks to queue
[2025-08-20T08:32:50.076+0000] {logging_mixin.py:190} INFO - [2025-08-20T08:32:50.075+0000] {dagbag.py:588} INFO - Filling up the DagBag from /home/airflow/.local/lib/python3.12/site-packages/airflow/example_dags/example_sensors.py
[2025-08-20T08:32:50.095+0000] {processor.py:925} INFO - DAG(s) 'example_sensors' retrieved from /home/airflow/.local/lib/python3.12/site-packages/airflow/example_dags/example_sensors.py
[2025-08-20T08:32:50.130+0000] {logging_mixin.py:190} INFO - [2025-08-20T08:32:50.130+0000] {dag.py:3239} INFO - Sync 1 DAGs
[2025-08-20T08:32:50.149+0000] {logging_mixin.py:190} INFO - [2025-08-20T08:32:50.148+0000] {dag.py:4180} INFO - Setting next_dagrun for example_sensors to None, run_after=None
[2025-08-20T08:32:50.174+0000] {processor.py:208} INFO - Processing /home/airflow/.local/lib/python3.12/site-packages/airflow/example_dags/example_sensors.py took 0.114 seconds
[2025-08-20T08:33:20.673+0000] {processor.py:186} INFO - Started process (PID=164) to work on /home/airflow/.local/lib/python3.12/site-packages/airflow/example_dags/example_sensors.py
[2025-08-20T08:33:20.674+0000] {processor.py:914} INFO - Processing file /home/airflow/.local/lib/python3.12/site-packages/airflow/example_dags/example_sensors.py for tasks to queue
[2025-08-20T08:33:20.677+0000] {logging_mixin.py:190} INFO - [2025-08-20T08:33:20.677+0000] {dagbag.py:588} INFO - Filling up the DagBag from /home/airflow/.local/lib/python3.12/site-packages/airflow/example_dags/example_sensors.py
[2025-08-20T08:33:20.691+0000] {processor.py:925} INFO - DAG(s) 'example_sensors' retrieved from /home/airflow/.local/lib/python3.12/site-packages/airflow/example_dags/example_sensors.py
[2025-08-20T08:33:20.723+0000] {logging_mixin.py:190} INFO - [2025-08-20T08:33:20.723+0000] {dag.py:3239} INFO - Sync 1 DAGs
[2025-08-20T08:33:20.740+0000] {logging_mixin.py:190} INFO - [2025-08-20T08:33:20.740+0000] {dag.py:4180} INFO - Setting next_dagrun for example_sensors to None, run_after=None
[2025-08-20T08:33:20.760+0000] {processor.py:208} INFO - Processing /home/airflow/.local/lib/python3.12/site-packages/airflow/example_dags/example_sensors.py took 0.096 seconds
[2025-08-20T08:33:51.109+0000] {processor.py:186} INFO - Started process (PID=220) to work on /home/airflow/.local/lib/python3.12/site-packages/airflow/example_dags/example_sensors.py
[2025-08-20T08:33:51.110+0000] {processor.py:914} INFO - Processing file /home/airflow/.local/lib/python3.12/site-packages/airflow/example_dags/example_sensors.py for tasks to queue
[2025-08-20T08:33:51.113+0000] {logging_mixin.py:190} INFO - [2025-08-20T08:33:51.113+0000] {dagbag.py:588} INFO - Filling up the DagBag from /home/airflow/.local/lib/python3.12/site-packages/airflow/example_dags/example_sensors.py
[2025-08-20T08:33:51.128+0000] {processor.py:925} INFO - DAG(s) 'example_sensors' retrieved from /home/airflow/.local/lib/python3.12/site-packages/airflow/example_dags/example_sensors.py
[2025-08-20T08:33:51.162+0000] {logging_mixin.py:190} INFO - [2025-08-20T08:33:51.161+0000] {dag.py:3239} INFO - Sync 1 DAGs
[2025-08-20T08:33:51.181+0000] {logging_mixin.py:190} INFO - [2025-08-20T08:33:51.180+0000] {dag.py:4180} INFO - Setting next_dagrun for example_sensors to None, run_after=None
[2025-08-20T08:33:51.200+0000] {processor.py:208} INFO - Processing /home/airflow/.local/lib/python3.12/site-packages/airflow/example_dags/example_sensors.py took 0.099 seconds
[2025-08-20T08:34:21.569+0000] {processor.py:186} INFO - Started process (PID=276) to work on /home/airflow/.local/lib/python3.12/site-packages/airflow/example_dags/example_sensors.py
[2025-08-20T08:34:21.571+0000] {processor.py:914} INFO - Processing file /home/airflow/.local/lib/python3.12/site-packages/airflow/example_dags/example_sensors.py for tasks to queue
[2025-08-20T08:34:21.574+0000] {logging_mixin.py:190} INFO - [2025-08-20T08:34:21.573+0000] {dagbag.py:588} INFO - Filling up the DagBag from /home/airflow/.local/lib/python3.12/site-packages/airflow/example_dags/example_sensors.py
[2025-08-20T08:34:21.587+0000] {processor.py:925} INFO - DAG(s) 'example_sensors' retrieved from /home/airflow/.local/lib/python3.12/site-packages/airflow/example_dags/example_sensors.py
[2025-08-20T08:34:21.621+0000] {logging_mixin.py:190} INFO - [2025-08-20T08:34:21.621+0000] {dag.py:3239} INFO - Sync 1 DAGs
[2025-08-20T08:34:21.641+0000] {logging_mixin.py:190} INFO - [2025-08-20T08:34:21.641+0000] {dag.py:4180} INFO - Setting next_dagrun for example_sensors to None, run_after=None
[2025-08-20T08:34:21.664+0000] {processor.py:208} INFO - Processing /home/airflow/.local/lib/python3.12/site-packages/airflow/example_dags/example_sensors.py took 0.103 seconds
[2025-08-20T08:34:52.102+0000] {processor.py:186} INFO - Started process (PID=332) to work on /home/airflow/.local/lib/python3.12/site-packages/airflow/example_dags/example_sensors.py
[2025-08-20T08:34:52.104+0000] {processor.py:914} INFO - Processing file /home/airflow/.local/lib/python3.12/site-packages/airflow/example_dags/example_sensors.py for tasks to queue
[2025-08-20T08:34:52.108+0000] {logging_mixin.py:190} INFO - [2025-08-20T08:34:52.108+0000] {dagbag.py:588} INFO - Filling up the DagBag from /home/airflow/.local/lib/python3.12/site-packages/airflow/example_dags/example_sensors.py
[2025-08-20T08:34:52.127+0000] {processor.py:925} INFO - DAG(s) 'example_sensors' retrieved from /home/airflow/.local/lib/python3.12/site-packages/airflow/example_dags/example_sensors.py
[2025-08-20T08:34:52.161+0000] {logging_mixin.py:190} INFO - [2025-08-20T08:34:52.160+0000] {dag.py:3239} INFO - Sync 1 DAGs
[2025-08-20T08:34:52.178+0000] {logging_mixin.py:190} INFO - [2025-08-20T08:34:52.178+0000] {dag.py:4180} INFO - Setting next_dagrun for example_sensors to None, run_after=None
[2025-08-20T08:34:52.198+0000] {processor.py:208} INFO - Processing /home/airflow/.local/lib/python3.12/site-packages/airflow/example_dags/example_sensors.py took 0.106 seconds
[2025-08-20T08:35:23.188+0000] {processor.py:186} INFO - Started process (PID=388) to work on /home/airflow/.local/lib/python3.12/site-packages/airflow/example_dags/example_sensors.py
[2025-08-20T08:35:23.198+0000] {processor.py:914} INFO - Processing file /home/airflow/.local/lib/python3.12/site-packages/airflow/example_dags/example_sensors.py for tasks to queue
[2025-08-20T08:35:23.201+0000] {logging_mixin.py:190} INFO - [2025-08-20T08:35:23.201+0000] {dagbag.py:588} INFO - Filling up the DagBag from /home/airflow/.local/lib/python3.12/site-packages/airflow/example_dags/example_sensors.py
[2025-08-20T08:35:23.216+0000] {processor.py:925} INFO - DAG(s) 'example_sensors' retrieved from /home/airflow/.local/lib/python3.12/site-packages/airflow/example_dags/example_sensors.py
[2025-08-20T08:35:23.254+0000] {logging_mixin.py:190} INFO - [2025-08-20T08:35:23.253+0000] {dag.py:3239} INFO - Sync 1 DAGs
[2025-08-20T08:35:23.273+0000] {logging_mixin.py:190} INFO - [2025-08-20T08:35:23.273+0000] {dag.py:4180} INFO - Setting next_dagrun for example_sensors to None, run_after=None
[2025-08-20T08:35:23.296+0000] {processor.py:208} INFO - Processing /home/airflow/.local/lib/python3.12/site-packages/airflow/example_dags/example_sensors.py took 0.117 seconds
[2025-08-20T08:36:39.246+0000] {processor.py:186} INFO - Started process (PID=52) to work on /home/airflow/.local/lib/python3.12/site-packages/airflow/example_dags/example_sensors.py
[2025-08-20T08:36:39.247+0000] {processor.py:914} INFO - Processing file /home/airflow/.local/lib/python3.12/site-packages/airflow/example_dags/example_sensors.py for tasks to queue
[2025-08-20T08:36:39.250+0000] {logging_mixin.py:190} INFO - [2025-08-20T08:36:39.250+0000] {dagbag.py:588} INFO - Filling up the DagBag from /home/airflow/.local/lib/python3.12/site-packages/airflow/example_dags/example_sensors.py
[2025-08-20T08:36:39.268+0000] {processor.py:925} INFO - DAG(s) 'example_sensors' retrieved from /home/airflow/.local/lib/python3.12/site-packages/airflow/example_dags/example_sensors.py
[2025-08-20T08:36:39.310+0000] {logging_mixin.py:190} INFO - [2025-08-20T08:36:39.310+0000] {dag.py:3239} INFO - Sync 1 DAGs
[2025-08-20T08:36:39.328+0000] {logging_mixin.py:190} INFO - [2025-08-20T08:36:39.328+0000] {dag.py:4180} INFO - Setting next_dagrun for example_sensors to None, run_after=None
[2025-08-20T08:36:39.524+0000] {processor.py:208} INFO - Processing /home/airflow/.local/lib/python3.12/site-packages/airflow/example_dags/example_sensors.py took 0.287 seconds
[2025-08-20T08:37:10.507+0000] {processor.py:186} INFO - Started process (PID=108) to work on /home/airflow/.local/lib/python3.12/site-packages/airflow/example_dags/example_sensors.py
[2025-08-20T08:37:10.508+0000] {processor.py:914} INFO - Processing file /home/airflow/.local/lib/python3.12/site-packages/airflow/example_dags/example_sensors.py for tasks to queue
[2025-08-20T08:37:10.512+0000] {logging_mixin.py:190} INFO - [2025-08-20T08:37:10.511+0000] {dagbag.py:588} INFO - Filling up the DagBag from /home/airflow/.local/lib/python3.12/site-packages/airflow/example_dags/example_sensors.py
[2025-08-20T08:37:10.528+0000] {processor.py:925} INFO - DAG(s) 'example_sensors' retrieved from /home/airflow/.local/lib/python3.12/site-packages/airflow/example_dags/example_sensors.py
[2025-08-20T08:37:10.565+0000] {logging_mixin.py:190} INFO - [2025-08-20T08:37:10.565+0000] {dag.py:3239} INFO - Sync 1 DAGs
[2025-08-20T08:37:10.586+0000] {logging_mixin.py:190} INFO - [2025-08-20T08:37:10.585+0000] {dag.py:4180} INFO - Setting next_dagrun for example_sensors to None, run_after=None
[2025-08-20T08:37:10.879+0000] {processor.py:208} INFO - Processing /home/airflow/.local/lib/python3.12/site-packages/airflow/example_dags/example_sensors.py took 0.384 seconds
[2025-08-20T08:37:41.263+0000] {processor.py:186} INFO - Started process (PID=164) to work on /home/airflow/.local/lib/python3.12/site-packages/airflow/example_dags/example_sensors.py
[2025-08-20T08:37:41.264+0000] {processor.py:914} INFO - Processing file /home/airflow/.local/lib/python3.12/site-packages/airflow/example_dags/example_sensors.py for tasks to queue
[2025-08-20T08:37:41.267+0000] {logging_mixin.py:190} INFO - [2025-08-20T08:37:41.266+0000] {dagbag.py:588} INFO - Filling up the DagBag from /home/airflow/.local/lib/python3.12/site-packages/airflow/example_dags/example_sensors.py
[2025-08-20T08:37:41.281+0000] {processor.py:925} INFO - DAG(s) 'example_sensors' retrieved from /home/airflow/.local/lib/python3.12/site-packages/airflow/example_dags/example_sensors.py
[2025-08-20T08:37:41.318+0000] {logging_mixin.py:190} INFO - [2025-08-20T08:37:41.317+0000] {dag.py:3239} INFO - Sync 1 DAGs
[2025-08-20T08:37:41.336+0000] {logging_mixin.py:190} INFO - [2025-08-20T08:37:41.335+0000] {dag.py:4180} INFO - Setting next_dagrun for example_sensors to None, run_after=None
[2025-08-20T08:37:41.659+0000] {processor.py:208} INFO - Processing /home/airflow/.local/lib/python3.12/site-packages/airflow/example_dags/example_sensors.py took 0.405 seconds
[2025-08-20T08:38:11.726+0000] {processor.py:186} INFO - Started process (PID=220) to work on /home/airflow/.local/lib/python3.12/site-packages/airflow/example_dags/example_sensors.py
[2025-08-20T08:38:11.727+0000] {processor.py:914} INFO - Processing file /home/airflow/.local/lib/python3.12/site-packages/airflow/example_dags/example_sensors.py for tasks to queue
[2025-08-20T08:38:11.730+0000] {logging_mixin.py:190} INFO - [2025-08-20T08:38:11.730+0000] {dagbag.py:588} INFO - Filling up the DagBag from /home/airflow/.local/lib/python3.12/site-packages/airflow/example_dags/example_sensors.py
[2025-08-20T08:38:11.745+0000] {processor.py:925} INFO - DAG(s) 'example_sensors' retrieved from /home/airflow/.local/lib/python3.12/site-packages/airflow/example_dags/example_sensors.py
[2025-08-20T08:38:11.779+0000] {logging_mixin.py:190} INFO - [2025-08-20T08:38:11.779+0000] {dag.py:3239} INFO - Sync 1 DAGs
[2025-08-20T08:38:11.797+0000] {logging_mixin.py:190} INFO - [2025-08-20T08:38:11.797+0000] {dag.py:4180} INFO - Setting next_dagrun for example_sensors to None, run_after=None
[2025-08-20T08:38:11.819+0000] {processor.py:208} INFO - Processing /home/airflow/.local/lib/python3.12/site-packages/airflow/example_dags/example_sensors.py took 0.101 seconds
[2025-08-20T08:38:42.199+0000] {processor.py:186} INFO - Started process (PID=276) to work on /home/airflow/.local/lib/python3.12/site-packages/airflow/example_dags/example_sensors.py
[2025-08-20T08:38:42.201+0000] {processor.py:914} INFO - Processing file /home/airflow/.local/lib/python3.12/site-packages/airflow/example_dags/example_sensors.py for tasks to queue
[2025-08-20T08:38:42.204+0000] {logging_mixin.py:190} INFO - [2025-08-20T08:38:42.204+0000] {dagbag.py:588} INFO - Filling up the DagBag from /home/airflow/.local/lib/python3.12/site-packages/airflow/example_dags/example_sensors.py
[2025-08-20T08:38:42.220+0000] {processor.py:925} INFO - DAG(s) 'example_sensors' retrieved from /home/airflow/.local/lib/python3.12/site-packages/airflow/example_dags/example_sensors.py
[2025-08-20T08:38:42.253+0000] {logging_mixin.py:190} INFO - [2025-08-20T08:38:42.253+0000] {dag.py:3239} INFO - Sync 1 DAGs
[2025-08-20T08:38:42.276+0000] {logging_mixin.py:190} INFO - [2025-08-20T08:38:42.275+0000] {dag.py:4180} INFO - Setting next_dagrun for example_sensors to None, run_after=None
[2025-08-20T08:38:42.304+0000] {processor.py:208} INFO - Processing /home/airflow/.local/lib/python3.12/site-packages/airflow/example_dags/example_sensors.py took 0.116 seconds
[2025-08-20T08:39:12.768+0000] {processor.py:186} INFO - Started process (PID=332) to work on /home/airflow/.local/lib/python3.12/site-packages/airflow/example_dags/example_sensors.py
[2025-08-20T08:39:12.770+0000] {processor.py:914} INFO - Processing file /home/airflow/.local/lib/python3.12/site-packages/airflow/example_dags/example_sensors.py for tasks to queue
[2025-08-20T08:39:12.774+0000] {logging_mixin.py:190} INFO - [2025-08-20T08:39:12.773+0000] {dagbag.py:588} INFO - Filling up the DagBag from /home/airflow/.local/lib/python3.12/site-packages/airflow/example_dags/example_sensors.py
[2025-08-20T08:39:12.791+0000] {processor.py:925} INFO - DAG(s) 'example_sensors' retrieved from /home/airflow/.local/lib/python3.12/site-packages/airflow/example_dags/example_sensors.py
[2025-08-20T08:39:12.824+0000] {logging_mixin.py:190} INFO - [2025-08-20T08:39:12.824+0000] {dag.py:3239} INFO - Sync 1 DAGs
[2025-08-20T08:39:12.847+0000] {logging_mixin.py:190} INFO - [2025-08-20T08:39:12.846+0000] {dag.py:4180} INFO - Setting next_dagrun for example_sensors to None, run_after=None
[2025-08-20T08:39:12.874+0000] {processor.py:208} INFO - Processing /home/airflow/.local/lib/python3.12/site-packages/airflow/example_dags/example_sensors.py took 0.117 seconds
[2025-08-20T08:40:53.752+0000] {processor.py:186} INFO - Started process (PID=52) to work on /home/airflow/.local/lib/python3.12/site-packages/airflow/example_dags/example_sensors.py
[2025-08-20T08:40:53.754+0000] {processor.py:914} INFO - Processing file /home/airflow/.local/lib/python3.12/site-packages/airflow/example_dags/example_sensors.py for tasks to queue
[2025-08-20T08:40:53.757+0000] {logging_mixin.py:190} INFO - [2025-08-20T08:40:53.756+0000] {dagbag.py:588} INFO - Filling up the DagBag from /home/airflow/.local/lib/python3.12/site-packages/airflow/example_dags/example_sensors.py
[2025-08-20T08:40:53.774+0000] {processor.py:925} INFO - DAG(s) 'example_sensors' retrieved from /home/airflow/.local/lib/python3.12/site-packages/airflow/example_dags/example_sensors.py
[2025-08-20T08:40:53.816+0000] {logging_mixin.py:190} INFO - [2025-08-20T08:40:53.815+0000] {dag.py:3239} INFO - Sync 1 DAGs
[2025-08-20T08:40:53.835+0000] {logging_mixin.py:190} INFO - [2025-08-20T08:40:53.834+0000] {dag.py:4180} INFO - Setting next_dagrun for example_sensors to None, run_after=None
[2025-08-20T08:40:54.095+0000] {processor.py:208} INFO - Processing /home/airflow/.local/lib/python3.12/site-packages/airflow/example_dags/example_sensors.py took 0.350 seconds
[2025-08-20T08:41:24.648+0000] {processor.py:186} INFO - Started process (PID=109) to work on /home/airflow/.local/lib/python3.12/site-packages/airflow/example_dags/example_sensors.py
[2025-08-20T08:41:24.650+0000] {processor.py:914} INFO - Processing file /home/airflow/.local/lib/python3.12/site-packages/airflow/example_dags/example_sensors.py for tasks to queue
[2025-08-20T08:41:24.653+0000] {logging_mixin.py:190} INFO - [2025-08-20T08:41:24.653+0000] {dagbag.py:588} INFO - Filling up the DagBag from /home/airflow/.local/lib/python3.12/site-packages/airflow/example_dags/example_sensors.py
[2025-08-20T08:41:24.668+0000] {processor.py:925} INFO - DAG(s) 'example_sensors' retrieved from /home/airflow/.local/lib/python3.12/site-packages/airflow/example_dags/example_sensors.py
[2025-08-20T08:41:24.701+0000] {logging_mixin.py:190} INFO - [2025-08-20T08:41:24.701+0000] {dag.py:3239} INFO - Sync 1 DAGs
[2025-08-20T08:41:24.720+0000] {logging_mixin.py:190} INFO - [2025-08-20T08:41:24.720+0000] {dag.py:4180} INFO - Setting next_dagrun for example_sensors to None, run_after=None
[2025-08-20T08:41:25.026+0000] {processor.py:208} INFO - Processing /home/airflow/.local/lib/python3.12/site-packages/airflow/example_dags/example_sensors.py took 0.388 seconds
[2025-08-20T08:41:55.446+0000] {processor.py:186} INFO - Started process (PID=164) to work on /home/airflow/.local/lib/python3.12/site-packages/airflow/example_dags/example_sensors.py
[2025-08-20T08:41:55.448+0000] {processor.py:914} INFO - Processing file /home/airflow/.local/lib/python3.12/site-packages/airflow/example_dags/example_sensors.py for tasks to queue
[2025-08-20T08:41:55.451+0000] {logging_mixin.py:190} INFO - [2025-08-20T08:41:55.450+0000] {dagbag.py:588} INFO - Filling up the DagBag from /home/airflow/.local/lib/python3.12/site-packages/airflow/example_dags/example_sensors.py
[2025-08-20T08:41:55.465+0000] {processor.py:925} INFO - DAG(s) 'example_sensors' retrieved from /home/airflow/.local/lib/python3.12/site-packages/airflow/example_dags/example_sensors.py
[2025-08-20T08:41:55.497+0000] {logging_mixin.py:190} INFO - [2025-08-20T08:41:55.497+0000] {dag.py:3239} INFO - Sync 1 DAGs
[2025-08-20T08:41:55.514+0000] {logging_mixin.py:190} INFO - [2025-08-20T08:41:55.514+0000] {dag.py:4180} INFO - Setting next_dagrun for example_sensors to None, run_after=None
[2025-08-20T08:41:55.537+0000] {processor.py:208} INFO - Processing /home/airflow/.local/lib/python3.12/site-packages/airflow/example_dags/example_sensors.py took 0.101 seconds
[2025-08-20T08:42:25.957+0000] {processor.py:186} INFO - Started process (PID=220) to work on /home/airflow/.local/lib/python3.12/site-packages/airflow/example_dags/example_sensors.py
[2025-08-20T08:42:25.959+0000] {processor.py:914} INFO - Processing file /home/airflow/.local/lib/python3.12/site-packages/airflow/example_dags/example_sensors.py for tasks to queue
[2025-08-20T08:42:25.962+0000] {logging_mixin.py:190} INFO - [2025-08-20T08:42:25.961+0000] {dagbag.py:588} INFO - Filling up the DagBag from /home/airflow/.local/lib/python3.12/site-packages/airflow/example_dags/example_sensors.py
[2025-08-20T08:42:25.976+0000] {processor.py:925} INFO - DAG(s) 'example_sensors' retrieved from /home/airflow/.local/lib/python3.12/site-packages/airflow/example_dags/example_sensors.py
[2025-08-20T08:42:26.011+0000] {logging_mixin.py:190} INFO - [2025-08-20T08:42:26.011+0000] {dag.py:3239} INFO - Sync 1 DAGs
[2025-08-20T08:42:26.030+0000] {logging_mixin.py:190} INFO - [2025-08-20T08:42:26.030+0000] {dag.py:4180} INFO - Setting next_dagrun for example_sensors to None, run_after=None
[2025-08-20T08:42:26.055+0000] {processor.py:208} INFO - Processing /home/airflow/.local/lib/python3.12/site-packages/airflow/example_dags/example_sensors.py took 0.108 seconds
[2025-08-20T08:42:56.522+0000] {processor.py:186} INFO - Started process (PID=276) to work on /home/airflow/.local/lib/python3.12/site-packages/airflow/example_dags/example_sensors.py
[2025-08-20T08:42:56.524+0000] {processor.py:914} INFO - Processing file /home/airflow/.local/lib/python3.12/site-packages/airflow/example_dags/example_sensors.py for tasks to queue
[2025-08-20T08:42:56.527+0000] {logging_mixin.py:190} INFO - [2025-08-20T08:42:56.527+0000] {dagbag.py:588} INFO - Filling up the DagBag from /home/airflow/.local/lib/python3.12/site-packages/airflow/example_dags/example_sensors.py
[2025-08-20T08:42:56.542+0000] {processor.py:925} INFO - DAG(s) 'example_sensors' retrieved from /home/airflow/.local/lib/python3.12/site-packages/airflow/example_dags/example_sensors.py
[2025-08-20T08:42:56.573+0000] {logging_mixin.py:190} INFO - [2025-08-20T08:42:56.573+0000] {dag.py:3239} INFO - Sync 1 DAGs
[2025-08-20T08:42:56.590+0000] {logging_mixin.py:190} INFO - [2025-08-20T08:42:56.590+0000] {dag.py:4180} INFO - Setting next_dagrun for example_sensors to None, run_after=None
[2025-08-20T08:42:56.611+0000] {processor.py:208} INFO - Processing /home/airflow/.local/lib/python3.12/site-packages/airflow/example_dags/example_sensors.py took 0.097 seconds
[2025-08-20T08:43:26.954+0000] {processor.py:186} INFO - Started process (PID=332) to work on /home/airflow/.local/lib/python3.12/site-packages/airflow/example_dags/example_sensors.py
[2025-08-20T08:43:26.956+0000] {processor.py:914} INFO - Processing file /home/airflow/.local/lib/python3.12/site-packages/airflow/example_dags/example_sensors.py for tasks to queue
[2025-08-20T08:43:26.959+0000] {logging_mixin.py:190} INFO - [2025-08-20T08:43:26.959+0000] {dagbag.py:588} INFO - Filling up the DagBag from /home/airflow/.local/lib/python3.12/site-packages/airflow/example_dags/example_sensors.py
[2025-08-20T08:43:26.974+0000] {processor.py:925} INFO - DAG(s) 'example_sensors' retrieved from /home/airflow/.local/lib/python3.12/site-packages/airflow/example_dags/example_sensors.py
[2025-08-20T08:43:27.007+0000] {logging_mixin.py:190} INFO - [2025-08-20T08:43:27.006+0000] {dag.py:3239} INFO - Sync 1 DAGs
[2025-08-20T08:43:27.025+0000] {logging_mixin.py:190} INFO - [2025-08-20T08:43:27.025+0000] {dag.py:4180} INFO - Setting next_dagrun for example_sensors to None, run_after=None
[2025-08-20T08:43:27.046+0000] {processor.py:208} INFO - Processing /home/airflow/.local/lib/python3.12/site-packages/airflow/example_dags/example_sensors.py took 0.100 seconds
[2025-08-20T08:43:57.346+0000] {processor.py:186} INFO - Started process (PID=388) to work on /home/airflow/.local/lib/python3.12/site-packages/airflow/example_dags/example_sensors.py
[2025-08-20T08:43:57.348+0000] {processor.py:914} INFO - Processing file /home/airflow/.local/lib/python3.12/site-packages/airflow/example_dags/example_sensors.py for tasks to queue
[2025-08-20T08:43:57.351+0000] {logging_mixin.py:190} INFO - [2025-08-20T08:43:57.351+0000] {dagbag.py:588} INFO - Filling up the DagBag from /home/airflow/.local/lib/python3.12/site-packages/airflow/example_dags/example_sensors.py
[2025-08-20T08:43:57.366+0000] {processor.py:925} INFO - DAG(s) 'example_sensors' retrieved from /home/airflow/.local/lib/python3.12/site-packages/airflow/example_dags/example_sensors.py
[2025-08-20T08:43:57.399+0000] {logging_mixin.py:190} INFO - [2025-08-20T08:43:57.399+0000] {dag.py:3239} INFO - Sync 1 DAGs
[2025-08-20T08:43:57.417+0000] {logging_mixin.py:190} INFO - [2025-08-20T08:43:57.417+0000] {dag.py:4180} INFO - Setting next_dagrun for example_sensors to None, run_after=None
[2025-08-20T08:43:57.438+0000] {processor.py:208} INFO - Processing /home/airflow/.local/lib/python3.12/site-packages/airflow/example_dags/example_sensors.py took 0.099 seconds
[2025-08-20T08:44:27.820+0000] {processor.py:186} INFO - Started process (PID=444) to work on /home/airflow/.local/lib/python3.12/site-packages/airflow/example_dags/example_sensors.py
[2025-08-20T08:44:27.821+0000] {processor.py:914} INFO - Processing file /home/airflow/.local/lib/python3.12/site-packages/airflow/example_dags/example_sensors.py for tasks to queue
[2025-08-20T08:44:27.825+0000] {logging_mixin.py:190} INFO - [2025-08-20T08:44:27.824+0000] {dagbag.py:588} INFO - Filling up the DagBag from /home/airflow/.local/lib/python3.12/site-packages/airflow/example_dags/example_sensors.py
[2025-08-20T08:44:27.839+0000] {processor.py:925} INFO - DAG(s) 'example_sensors' retrieved from /home/airflow/.local/lib/python3.12/site-packages/airflow/example_dags/example_sensors.py
[2025-08-20T08:44:27.872+0000] {logging_mixin.py:190} INFO - [2025-08-20T08:44:27.872+0000] {dag.py:3239} INFO - Sync 1 DAGs
[2025-08-20T08:44:27.889+0000] {logging_mixin.py:190} INFO - [2025-08-20T08:44:27.889+0000] {dag.py:4180} INFO - Setting next_dagrun for example_sensors to None, run_after=None
[2025-08-20T08:44:27.909+0000] {processor.py:208} INFO - Processing /home/airflow/.local/lib/python3.12/site-packages/airflow/example_dags/example_sensors.py took 0.098 seconds
[2025-08-20T08:44:58.337+0000] {processor.py:186} INFO - Started process (PID=500) to work on /home/airflow/.local/lib/python3.12/site-packages/airflow/example_dags/example_sensors.py
[2025-08-20T08:44:58.338+0000] {processor.py:914} INFO - Processing file /home/airflow/.local/lib/python3.12/site-packages/airflow/example_dags/example_sensors.py for tasks to queue
[2025-08-20T08:44:58.342+0000] {logging_mixin.py:190} INFO - [2025-08-20T08:44:58.341+0000] {dagbag.py:588} INFO - Filling up the DagBag from /home/airflow/.local/lib/python3.12/site-packages/airflow/example_dags/example_sensors.py
[2025-08-20T08:44:58.356+0000] {processor.py:925} INFO - DAG(s) 'example_sensors' retrieved from /home/airflow/.local/lib/python3.12/site-packages/airflow/example_dags/example_sensors.py
[2025-08-20T08:44:58.389+0000] {logging_mixin.py:190} INFO - [2025-08-20T08:44:58.389+0000] {dag.py:3239} INFO - Sync 1 DAGs
[2025-08-20T08:44:58.408+0000] {logging_mixin.py:190} INFO - [2025-08-20T08:44:58.407+0000] {dag.py:4180} INFO - Setting next_dagrun for example_sensors to None, run_after=None
[2025-08-20T08:44:58.428+0000] {processor.py:208} INFO - Processing /home/airflow/.local/lib/python3.12/site-packages/airflow/example_dags/example_sensors.py took 0.099 seconds
[2025-08-20T08:46:26.578+0000] {processor.py:186} INFO - Started process (PID=52) to work on /home/airflow/.local/lib/python3.12/site-packages/airflow/example_dags/example_sensors.py
[2025-08-20T08:46:26.580+0000] {processor.py:914} INFO - Processing file /home/airflow/.local/lib/python3.12/site-packages/airflow/example_dags/example_sensors.py for tasks to queue
[2025-08-20T08:46:26.583+0000] {logging_mixin.py:190} INFO - [2025-08-20T08:46:26.582+0000] {dagbag.py:588} INFO - Filling up the DagBag from /home/airflow/.local/lib/python3.12/site-packages/airflow/example_dags/example_sensors.py
[2025-08-20T08:46:26.601+0000] {processor.py:925} INFO - DAG(s) 'example_sensors' retrieved from /home/airflow/.local/lib/python3.12/site-packages/airflow/example_dags/example_sensors.py
[2025-08-20T08:46:26.649+0000] {logging_mixin.py:190} INFO - [2025-08-20T08:46:26.649+0000] {dag.py:3239} INFO - Sync 1 DAGs
[2025-08-20T08:46:26.669+0000] {logging_mixin.py:190} INFO - [2025-08-20T08:46:26.669+0000] {dag.py:4180} INFO - Setting next_dagrun for example_sensors to None, run_after=None
[2025-08-20T08:46:26.964+0000] {processor.py:208} INFO - Processing /home/airflow/.local/lib/python3.12/site-packages/airflow/example_dags/example_sensors.py took 0.395 seconds
[2025-08-20T08:46:57.718+0000] {processor.py:186} INFO - Started process (PID=108) to work on /home/airflow/.local/lib/python3.12/site-packages/airflow/example_dags/example_sensors.py
[2025-08-20T08:46:57.720+0000] {processor.py:914} INFO - Processing file /home/airflow/.local/lib/python3.12/site-packages/airflow/example_dags/example_sensors.py for tasks to queue
[2025-08-20T08:46:57.724+0000] {logging_mixin.py:190} INFO - [2025-08-20T08:46:57.723+0000] {dagbag.py:588} INFO - Filling up the DagBag from /home/airflow/.local/lib/python3.12/site-packages/airflow/example_dags/example_sensors.py
[2025-08-20T08:46:57.745+0000] {processor.py:925} INFO - DAG(s) 'example_sensors' retrieved from /home/airflow/.local/lib/python3.12/site-packages/airflow/example_dags/example_sensors.py
[2025-08-20T08:46:57.779+0000] {logging_mixin.py:190} INFO - [2025-08-20T08:46:57.779+0000] {dag.py:3239} INFO - Sync 1 DAGs
[2025-08-20T08:46:57.798+0000] {logging_mixin.py:190} INFO - [2025-08-20T08:46:57.798+0000] {dag.py:4180} INFO - Setting next_dagrun for example_sensors to None, run_after=None
[2025-08-20T08:46:58.347+0000] {processor.py:208} INFO - Processing /home/airflow/.local/lib/python3.12/site-packages/airflow/example_dags/example_sensors.py took 0.640 seconds
[2025-08-20T08:47:28.398+0000] {processor.py:186} INFO - Started process (PID=164) to work on /home/airflow/.local/lib/python3.12/site-packages/airflow/example_dags/example_sensors.py
[2025-08-20T08:47:28.399+0000] {processor.py:914} INFO - Processing file /home/airflow/.local/lib/python3.12/site-packages/airflow/example_dags/example_sensors.py for tasks to queue
[2025-08-20T08:47:28.402+0000] {logging_mixin.py:190} INFO - [2025-08-20T08:47:28.402+0000] {dagbag.py:588} INFO - Filling up the DagBag from /home/airflow/.local/lib/python3.12/site-packages/airflow/example_dags/example_sensors.py
[2025-08-20T08:47:28.417+0000] {processor.py:925} INFO - DAG(s) 'example_sensors' retrieved from /home/airflow/.local/lib/python3.12/site-packages/airflow/example_dags/example_sensors.py
[2025-08-20T08:47:28.449+0000] {logging_mixin.py:190} INFO - [2025-08-20T08:47:28.449+0000] {dag.py:3239} INFO - Sync 1 DAGs
[2025-08-20T08:47:28.469+0000] {logging_mixin.py:190} INFO - [2025-08-20T08:47:28.468+0000] {dag.py:4180} INFO - Setting next_dagrun for example_sensors to None, run_after=None
[2025-08-20T08:47:28.601+0000] {processor.py:208} INFO - Processing /home/airflow/.local/lib/python3.12/site-packages/airflow/example_dags/example_sensors.py took 0.212 seconds
[2025-08-20T08:47:58.716+0000] {processor.py:186} INFO - Started process (PID=220) to work on /home/airflow/.local/lib/python3.12/site-packages/airflow/example_dags/example_sensors.py
[2025-08-20T08:47:58.717+0000] {processor.py:914} INFO - Processing file /home/airflow/.local/lib/python3.12/site-packages/airflow/example_dags/example_sensors.py for tasks to queue
[2025-08-20T08:47:58.720+0000] {logging_mixin.py:190} INFO - [2025-08-20T08:47:58.720+0000] {dagbag.py:588} INFO - Filling up the DagBag from /home/airflow/.local/lib/python3.12/site-packages/airflow/example_dags/example_sensors.py
[2025-08-20T08:47:58.740+0000] {processor.py:925} INFO - DAG(s) 'example_sensors' retrieved from /home/airflow/.local/lib/python3.12/site-packages/airflow/example_dags/example_sensors.py
[2025-08-20T08:47:58.781+0000] {logging_mixin.py:190} INFO - [2025-08-20T08:47:58.781+0000] {dag.py:3239} INFO - Sync 1 DAGs
[2025-08-20T08:47:58.801+0000] {logging_mixin.py:190} INFO - [2025-08-20T08:47:58.800+0000] {dag.py:4180} INFO - Setting next_dagrun for example_sensors to None, run_after=None
[2025-08-20T08:47:58.822+0000] {processor.py:208} INFO - Processing /home/airflow/.local/lib/python3.12/site-packages/airflow/example_dags/example_sensors.py took 0.114 seconds
