[2025-08-20T08:25:47.006+0000] {processor.py:186} INFO - Started process (PID=41) to work on /home/airflow/.local/lib/python3.12/site-packages/airflow/example_dags/example_skip_dag.py
[2025-08-20T08:25:47.007+0000] {processor.py:914} INFO - Processing file /home/airflow/.local/lib/python3.12/site-packages/airflow/example_dags/example_skip_dag.py for tasks to queue
[2025-08-20T08:25:47.011+0000] {logging_mixin.py:190} INFO - [2025-08-20T08:25:47.010+0000] {dagbag.py:588} INFO - Filling up the DagBag from /home/airflow/.local/lib/python3.12/site-packages/airflow/example_dags/example_skip_dag.py
[2025-08-20T08:25:47.024+0000] {processor.py:925} INFO - DAG(s) 'example_skip_dag' retrieved from /home/airflow/.local/lib/python3.12/site-packages/airflow/example_dags/example_skip_dag.py
[2025-08-20T08:25:47.062+0000] {logging_mixin.py:190} INFO - [2025-08-20T08:25:47.062+0000] {dag.py:3239} INFO - Sync 1 DAGs
[2025-08-20T08:25:47.094+0000] {logging_mixin.py:190} INFO - [2025-08-20T08:25:47.094+0000] {dag.py:4180} INFO - Setting next_dagrun for example_skip_dag to 2025-08-19 00:00:00+00:00, run_after=2025-08-20 00:00:00+00:00
[2025-08-20T08:25:47.345+0000] {processor.py:208} INFO - Processing /home/airflow/.local/lib/python3.12/site-packages/airflow/example_dags/example_skip_dag.py took 0.349 seconds
[2025-08-20T08:26:18.112+0000] {processor.py:186} INFO - Started process (PID=97) to work on /home/airflow/.local/lib/python3.12/site-packages/airflow/example_dags/example_skip_dag.py
[2025-08-20T08:26:18.113+0000] {processor.py:914} INFO - Processing file /home/airflow/.local/lib/python3.12/site-packages/airflow/example_dags/example_skip_dag.py for tasks to queue
[2025-08-20T08:26:18.117+0000] {logging_mixin.py:190} INFO - [2025-08-20T08:26:18.116+0000] {dagbag.py:588} INFO - Filling up the DagBag from /home/airflow/.local/lib/python3.12/site-packages/airflow/example_dags/example_skip_dag.py
[2025-08-20T08:26:18.127+0000] {processor.py:925} INFO - DAG(s) 'example_skip_dag' retrieved from /home/airflow/.local/lib/python3.12/site-packages/airflow/example_dags/example_skip_dag.py
[2025-08-20T08:26:18.157+0000] {logging_mixin.py:190} INFO - [2025-08-20T08:26:18.157+0000] {dag.py:3239} INFO - Sync 1 DAGs
[2025-08-20T08:26:18.189+0000] {logging_mixin.py:190} INFO - [2025-08-20T08:26:18.189+0000] {dag.py:4180} INFO - Setting next_dagrun for example_skip_dag to 2025-08-19 00:00:00+00:00, run_after=2025-08-20 00:00:00+00:00
[2025-08-20T08:26:18.459+0000] {processor.py:208} INFO - Processing /home/airflow/.local/lib/python3.12/site-packages/airflow/example_dags/example_skip_dag.py took 0.356 seconds
[2025-08-20T08:26:48.700+0000] {processor.py:186} INFO - Started process (PID=153) to work on /home/airflow/.local/lib/python3.12/site-packages/airflow/example_dags/example_skip_dag.py
[2025-08-20T08:26:48.701+0000] {processor.py:914} INFO - Processing file /home/airflow/.local/lib/python3.12/site-packages/airflow/example_dags/example_skip_dag.py for tasks to queue
[2025-08-20T08:26:48.705+0000] {logging_mixin.py:190} INFO - [2025-08-20T08:26:48.704+0000] {dagbag.py:588} INFO - Filling up the DagBag from /home/airflow/.local/lib/python3.12/site-packages/airflow/example_dags/example_skip_dag.py
[2025-08-20T08:26:48.716+0000] {processor.py:925} INFO - DAG(s) 'example_skip_dag' retrieved from /home/airflow/.local/lib/python3.12/site-packages/airflow/example_dags/example_skip_dag.py
[2025-08-20T08:26:48.748+0000] {logging_mixin.py:190} INFO - [2025-08-20T08:26:48.748+0000] {dag.py:3239} INFO - Sync 1 DAGs
[2025-08-20T08:26:48.786+0000] {logging_mixin.py:190} INFO - [2025-08-20T08:26:48.785+0000] {dag.py:4180} INFO - Setting next_dagrun for example_skip_dag to 2025-08-19 00:00:00+00:00, run_after=2025-08-20 00:00:00+00:00
[2025-08-20T08:26:49.393+0000] {processor.py:208} INFO - Processing /home/airflow/.local/lib/python3.12/site-packages/airflow/example_dags/example_skip_dag.py took 0.702 seconds
[2025-08-20T08:27:20.052+0000] {processor.py:186} INFO - Started process (PID=209) to work on /home/airflow/.local/lib/python3.12/site-packages/airflow/example_dags/example_skip_dag.py
[2025-08-20T08:27:20.055+0000] {processor.py:914} INFO - Processing file /home/airflow/.local/lib/python3.12/site-packages/airflow/example_dags/example_skip_dag.py for tasks to queue
[2025-08-20T08:27:20.058+0000] {logging_mixin.py:190} INFO - [2025-08-20T08:27:20.058+0000] {dagbag.py:588} INFO - Filling up the DagBag from /home/airflow/.local/lib/python3.12/site-packages/airflow/example_dags/example_skip_dag.py
[2025-08-20T08:27:20.069+0000] {processor.py:925} INFO - DAG(s) 'example_skip_dag' retrieved from /home/airflow/.local/lib/python3.12/site-packages/airflow/example_dags/example_skip_dag.py
[2025-08-20T08:27:20.098+0000] {logging_mixin.py:190} INFO - [2025-08-20T08:27:20.098+0000] {dag.py:3239} INFO - Sync 1 DAGs
[2025-08-20T08:27:20.128+0000] {logging_mixin.py:190} INFO - [2025-08-20T08:27:20.127+0000] {dag.py:4180} INFO - Setting next_dagrun for example_skip_dag to 2025-08-19 00:00:00+00:00, run_after=2025-08-20 00:00:00+00:00
[2025-08-20T08:27:20.296+0000] {processor.py:208} INFO - Processing /home/airflow/.local/lib/python3.12/site-packages/airflow/example_dags/example_skip_dag.py took 0.252 seconds
[2025-08-20T08:27:50.764+0000] {processor.py:186} INFO - Started process (PID=265) to work on /home/airflow/.local/lib/python3.12/site-packages/airflow/example_dags/example_skip_dag.py
[2025-08-20T08:27:50.765+0000] {processor.py:914} INFO - Processing file /home/airflow/.local/lib/python3.12/site-packages/airflow/example_dags/example_skip_dag.py for tasks to queue
[2025-08-20T08:27:50.769+0000] {logging_mixin.py:190} INFO - [2025-08-20T08:27:50.768+0000] {dagbag.py:588} INFO - Filling up the DagBag from /home/airflow/.local/lib/python3.12/site-packages/airflow/example_dags/example_skip_dag.py
[2025-08-20T08:27:50.780+0000] {processor.py:925} INFO - DAG(s) 'example_skip_dag' retrieved from /home/airflow/.local/lib/python3.12/site-packages/airflow/example_dags/example_skip_dag.py
[2025-08-20T08:27:50.814+0000] {logging_mixin.py:190} INFO - [2025-08-20T08:27:50.814+0000] {dag.py:3239} INFO - Sync 1 DAGs
[2025-08-20T08:27:50.848+0000] {logging_mixin.py:190} INFO - [2025-08-20T08:27:50.848+0000] {dag.py:4180} INFO - Setting next_dagrun for example_skip_dag to 2025-08-19 00:00:00+00:00, run_after=2025-08-20 00:00:00+00:00
[2025-08-20T08:27:50.870+0000] {processor.py:208} INFO - Processing /home/airflow/.local/lib/python3.12/site-packages/airflow/example_dags/example_skip_dag.py took 0.115 seconds
[2025-08-20T08:28:21.196+0000] {processor.py:186} INFO - Started process (PID=321) to work on /home/airflow/.local/lib/python3.12/site-packages/airflow/example_dags/example_skip_dag.py
[2025-08-20T08:28:21.198+0000] {processor.py:914} INFO - Processing file /home/airflow/.local/lib/python3.12/site-packages/airflow/example_dags/example_skip_dag.py for tasks to queue
[2025-08-20T08:28:21.201+0000] {logging_mixin.py:190} INFO - [2025-08-20T08:28:21.201+0000] {dagbag.py:588} INFO - Filling up the DagBag from /home/airflow/.local/lib/python3.12/site-packages/airflow/example_dags/example_skip_dag.py
[2025-08-20T08:28:21.211+0000] {processor.py:925} INFO - DAG(s) 'example_skip_dag' retrieved from /home/airflow/.local/lib/python3.12/site-packages/airflow/example_dags/example_skip_dag.py
[2025-08-20T08:28:21.239+0000] {logging_mixin.py:190} INFO - [2025-08-20T08:28:21.239+0000] {dag.py:3239} INFO - Sync 1 DAGs
[2025-08-20T08:28:21.271+0000] {logging_mixin.py:190} INFO - [2025-08-20T08:28:21.271+0000] {dag.py:4180} INFO - Setting next_dagrun for example_skip_dag to 2025-08-19 00:00:00+00:00, run_after=2025-08-20 00:00:00+00:00
[2025-08-20T08:28:21.292+0000] {processor.py:208} INFO - Processing /home/airflow/.local/lib/python3.12/site-packages/airflow/example_dags/example_skip_dag.py took 0.104 seconds
[2025-08-20T08:28:51.516+0000] {processor.py:186} INFO - Started process (PID=377) to work on /home/airflow/.local/lib/python3.12/site-packages/airflow/example_dags/example_skip_dag.py
[2025-08-20T08:28:51.518+0000] {processor.py:914} INFO - Processing file /home/airflow/.local/lib/python3.12/site-packages/airflow/example_dags/example_skip_dag.py for tasks to queue
[2025-08-20T08:28:51.522+0000] {logging_mixin.py:190} INFO - [2025-08-20T08:28:51.522+0000] {dagbag.py:588} INFO - Filling up the DagBag from /home/airflow/.local/lib/python3.12/site-packages/airflow/example_dags/example_skip_dag.py
[2025-08-20T08:28:51.537+0000] {processor.py:925} INFO - DAG(s) 'example_skip_dag' retrieved from /home/airflow/.local/lib/python3.12/site-packages/airflow/example_dags/example_skip_dag.py
[2025-08-20T08:28:51.565+0000] {logging_mixin.py:190} INFO - [2025-08-20T08:28:51.565+0000] {dag.py:3239} INFO - Sync 1 DAGs
[2025-08-20T08:28:51.597+0000] {logging_mixin.py:190} INFO - [2025-08-20T08:28:51.597+0000] {dag.py:4180} INFO - Setting next_dagrun for example_skip_dag to 2025-08-19 00:00:00+00:00, run_after=2025-08-20 00:00:00+00:00
[2025-08-20T08:28:51.618+0000] {processor.py:208} INFO - Processing /home/airflow/.local/lib/python3.12/site-packages/airflow/example_dags/example_skip_dag.py took 0.111 seconds
[2025-08-20T08:30:21.265+0000] {processor.py:186} INFO - Started process (PID=39) to work on /home/airflow/.local/lib/python3.12/site-packages/airflow/example_dags/example_skip_dag.py
[2025-08-20T08:30:21.267+0000] {processor.py:914} INFO - Processing file /home/airflow/.local/lib/python3.12/site-packages/airflow/example_dags/example_skip_dag.py for tasks to queue
[2025-08-20T08:30:21.270+0000] {logging_mixin.py:190} INFO - [2025-08-20T08:30:21.269+0000] {dagbag.py:588} INFO - Filling up the DagBag from /home/airflow/.local/lib/python3.12/site-packages/airflow/example_dags/example_skip_dag.py
[2025-08-20T08:30:21.283+0000] {processor.py:925} INFO - DAG(s) 'example_skip_dag' retrieved from /home/airflow/.local/lib/python3.12/site-packages/airflow/example_dags/example_skip_dag.py
[2025-08-20T08:30:21.320+0000] {logging_mixin.py:190} INFO - [2025-08-20T08:30:21.320+0000] {dag.py:3239} INFO - Sync 1 DAGs
[2025-08-20T08:30:21.351+0000] {logging_mixin.py:190} INFO - [2025-08-20T08:30:21.351+0000] {dag.py:4180} INFO - Setting next_dagrun for example_skip_dag to 2025-08-19 00:00:00+00:00, run_after=2025-08-20 00:00:00+00:00
[2025-08-20T08:30:21.748+0000] {processor.py:208} INFO - Processing /home/airflow/.local/lib/python3.12/site-packages/airflow/example_dags/example_skip_dag.py took 0.491 seconds
[2025-08-20T08:30:53.206+0000] {processor.py:186} INFO - Started process (PID=95) to work on /home/airflow/.local/lib/python3.12/site-packages/airflow/example_dags/example_skip_dag.py
[2025-08-20T08:30:53.208+0000] {processor.py:914} INFO - Processing file /home/airflow/.local/lib/python3.12/site-packages/airflow/example_dags/example_skip_dag.py for tasks to queue
[2025-08-20T08:30:53.213+0000] {logging_mixin.py:190} INFO - [2025-08-20T08:30:53.212+0000] {dagbag.py:588} INFO - Filling up the DagBag from /home/airflow/.local/lib/python3.12/site-packages/airflow/example_dags/example_skip_dag.py
[2025-08-20T08:30:53.227+0000] {processor.py:925} INFO - DAG(s) 'example_skip_dag' retrieved from /home/airflow/.local/lib/python3.12/site-packages/airflow/example_dags/example_skip_dag.py
[2025-08-20T08:30:53.258+0000] {logging_mixin.py:190} INFO - [2025-08-20T08:30:53.257+0000] {dag.py:3239} INFO - Sync 1 DAGs
[2025-08-20T08:30:53.292+0000] {logging_mixin.py:190} INFO - [2025-08-20T08:30:53.291+0000] {dag.py:4180} INFO - Setting next_dagrun for example_skip_dag to 2025-08-19 00:00:00+00:00, run_after=2025-08-20 00:00:00+00:00
[2025-08-20T08:30:53.645+0000] {processor.py:208} INFO - Processing /home/airflow/.local/lib/python3.12/site-packages/airflow/example_dags/example_skip_dag.py took 0.449 seconds
[2025-08-20T08:31:24.296+0000] {processor.py:186} INFO - Started process (PID=151) to work on /home/airflow/.local/lib/python3.12/site-packages/airflow/example_dags/example_skip_dag.py
[2025-08-20T08:31:24.297+0000] {processor.py:914} INFO - Processing file /home/airflow/.local/lib/python3.12/site-packages/airflow/example_dags/example_skip_dag.py for tasks to queue
[2025-08-20T08:31:24.300+0000] {logging_mixin.py:190} INFO - [2025-08-20T08:31:24.300+0000] {dagbag.py:588} INFO - Filling up the DagBag from /home/airflow/.local/lib/python3.12/site-packages/airflow/example_dags/example_skip_dag.py
[2025-08-20T08:31:24.310+0000] {processor.py:925} INFO - DAG(s) 'example_skip_dag' retrieved from /home/airflow/.local/lib/python3.12/site-packages/airflow/example_dags/example_skip_dag.py
[2025-08-20T08:31:24.339+0000] {logging_mixin.py:190} INFO - [2025-08-20T08:31:24.339+0000] {dag.py:3239} INFO - Sync 1 DAGs
[2025-08-20T08:31:24.369+0000] {logging_mixin.py:190} INFO - [2025-08-20T08:31:24.369+0000] {dag.py:4180} INFO - Setting next_dagrun for example_skip_dag to 2025-08-19 00:00:00+00:00, run_after=2025-08-20 00:00:00+00:00
[2025-08-20T08:31:24.499+0000] {processor.py:208} INFO - Processing /home/airflow/.local/lib/python3.12/site-packages/airflow/example_dags/example_skip_dag.py took 0.212 seconds
[2025-08-20T08:31:55.112+0000] {processor.py:186} INFO - Started process (PID=207) to work on /home/airflow/.local/lib/python3.12/site-packages/airflow/example_dags/example_skip_dag.py
[2025-08-20T08:31:55.113+0000] {processor.py:914} INFO - Processing file /home/airflow/.local/lib/python3.12/site-packages/airflow/example_dags/example_skip_dag.py for tasks to queue
[2025-08-20T08:31:55.121+0000] {logging_mixin.py:190} INFO - [2025-08-20T08:31:55.121+0000] {dagbag.py:588} INFO - Filling up the DagBag from /home/airflow/.local/lib/python3.12/site-packages/airflow/example_dags/example_skip_dag.py
[2025-08-20T08:31:55.132+0000] {processor.py:925} INFO - DAG(s) 'example_skip_dag' retrieved from /home/airflow/.local/lib/python3.12/site-packages/airflow/example_dags/example_skip_dag.py
[2025-08-20T08:31:55.166+0000] {logging_mixin.py:190} INFO - [2025-08-20T08:31:55.165+0000] {dag.py:3239} INFO - Sync 1 DAGs
[2025-08-20T08:31:55.220+0000] {logging_mixin.py:190} INFO - [2025-08-20T08:31:55.219+0000] {dag.py:4180} INFO - Setting next_dagrun for example_skip_dag to 2025-08-19 00:00:00+00:00, run_after=2025-08-20 00:00:00+00:00
[2025-08-20T08:31:55.243+0000] {processor.py:208} INFO - Processing /home/airflow/.local/lib/python3.12/site-packages/airflow/example_dags/example_skip_dag.py took 0.158 seconds
[2025-08-20T08:32:17.557+0000] {processor.py:186} INFO - Started process (PID=40) to work on /home/airflow/.local/lib/python3.12/site-packages/airflow/example_dags/example_skip_dag.py
[2025-08-20T08:32:17.561+0000] {processor.py:914} INFO - Processing file /home/airflow/.local/lib/python3.12/site-packages/airflow/example_dags/example_skip_dag.py for tasks to queue
[2025-08-20T08:32:17.566+0000] {logging_mixin.py:190} INFO - [2025-08-20T08:32:17.565+0000] {dagbag.py:588} INFO - Filling up the DagBag from /home/airflow/.local/lib/python3.12/site-packages/airflow/example_dags/example_skip_dag.py
[2025-08-20T08:32:17.582+0000] {processor.py:925} INFO - DAG(s) 'example_skip_dag' retrieved from /home/airflow/.local/lib/python3.12/site-packages/airflow/example_dags/example_skip_dag.py
[2025-08-20T08:32:17.620+0000] {logging_mixin.py:190} INFO - [2025-08-20T08:32:17.619+0000] {dag.py:3239} INFO - Sync 1 DAGs
[2025-08-20T08:32:17.651+0000] {logging_mixin.py:190} INFO - [2025-08-20T08:32:17.650+0000] {dag.py:4180} INFO - Setting next_dagrun for example_skip_dag to 2025-08-19 00:00:00+00:00, run_after=2025-08-20 00:00:00+00:00
[2025-08-20T08:32:17.674+0000] {processor.py:208} INFO - Processing /home/airflow/.local/lib/python3.12/site-packages/airflow/example_dags/example_skip_dag.py took 0.128 seconds
[2025-08-20T08:32:47.944+0000] {processor.py:186} INFO - Started process (PID=96) to work on /home/airflow/.local/lib/python3.12/site-packages/airflow/example_dags/example_skip_dag.py
[2025-08-20T08:32:47.946+0000] {processor.py:914} INFO - Processing file /home/airflow/.local/lib/python3.12/site-packages/airflow/example_dags/example_skip_dag.py for tasks to queue
[2025-08-20T08:32:47.948+0000] {logging_mixin.py:190} INFO - [2025-08-20T08:32:47.948+0000] {dagbag.py:588} INFO - Filling up the DagBag from /home/airflow/.local/lib/python3.12/site-packages/airflow/example_dags/example_skip_dag.py
[2025-08-20T08:32:47.961+0000] {processor.py:925} INFO - DAG(s) 'example_skip_dag' retrieved from /home/airflow/.local/lib/python3.12/site-packages/airflow/example_dags/example_skip_dag.py
[2025-08-20T08:32:47.988+0000] {logging_mixin.py:190} INFO - [2025-08-20T08:32:47.988+0000] {dag.py:3239} INFO - Sync 1 DAGs
[2025-08-20T08:32:48.020+0000] {logging_mixin.py:190} INFO - [2025-08-20T08:32:48.019+0000] {dag.py:4180} INFO - Setting next_dagrun for example_skip_dag to 2025-08-19 00:00:00+00:00, run_after=2025-08-20 00:00:00+00:00
[2025-08-20T08:32:48.040+0000] {processor.py:208} INFO - Processing /home/airflow/.local/lib/python3.12/site-packages/airflow/example_dags/example_skip_dag.py took 0.105 seconds
[2025-08-20T08:33:19.354+0000] {processor.py:186} INFO - Started process (PID=152) to work on /home/airflow/.local/lib/python3.12/site-packages/airflow/example_dags/example_skip_dag.py
[2025-08-20T08:33:19.356+0000] {processor.py:914} INFO - Processing file /home/airflow/.local/lib/python3.12/site-packages/airflow/example_dags/example_skip_dag.py for tasks to queue
[2025-08-20T08:33:19.359+0000] {logging_mixin.py:190} INFO - [2025-08-20T08:33:19.359+0000] {dagbag.py:588} INFO - Filling up the DagBag from /home/airflow/.local/lib/python3.12/site-packages/airflow/example_dags/example_skip_dag.py
[2025-08-20T08:33:19.373+0000] {processor.py:925} INFO - DAG(s) 'example_skip_dag' retrieved from /home/airflow/.local/lib/python3.12/site-packages/airflow/example_dags/example_skip_dag.py
[2025-08-20T08:33:19.403+0000] {logging_mixin.py:190} INFO - [2025-08-20T08:33:19.402+0000] {dag.py:3239} INFO - Sync 1 DAGs
[2025-08-20T08:33:19.430+0000] {logging_mixin.py:190} INFO - [2025-08-20T08:33:19.430+0000] {dag.py:4180} INFO - Setting next_dagrun for example_skip_dag to 2025-08-19 00:00:00+00:00, run_after=2025-08-20 00:00:00+00:00
[2025-08-20T08:33:19.453+0000] {processor.py:208} INFO - Processing /home/airflow/.local/lib/python3.12/site-packages/airflow/example_dags/example_skip_dag.py took 0.108 seconds
[2025-08-20T08:33:49.990+0000] {processor.py:186} INFO - Started process (PID=208) to work on /home/airflow/.local/lib/python3.12/site-packages/airflow/example_dags/example_skip_dag.py
[2025-08-20T08:33:49.992+0000] {processor.py:914} INFO - Processing file /home/airflow/.local/lib/python3.12/site-packages/airflow/example_dags/example_skip_dag.py for tasks to queue
[2025-08-20T08:33:49.995+0000] {logging_mixin.py:190} INFO - [2025-08-20T08:33:49.995+0000] {dagbag.py:588} INFO - Filling up the DagBag from /home/airflow/.local/lib/python3.12/site-packages/airflow/example_dags/example_skip_dag.py
[2025-08-20T08:33:50.005+0000] {processor.py:925} INFO - DAG(s) 'example_skip_dag' retrieved from /home/airflow/.local/lib/python3.12/site-packages/airflow/example_dags/example_skip_dag.py
[2025-08-20T08:33:50.034+0000] {logging_mixin.py:190} INFO - [2025-08-20T08:33:50.034+0000] {dag.py:3239} INFO - Sync 1 DAGs
[2025-08-20T08:33:50.063+0000] {logging_mixin.py:190} INFO - [2025-08-20T08:33:50.062+0000] {dag.py:4180} INFO - Setting next_dagrun for example_skip_dag to 2025-08-19 00:00:00+00:00, run_after=2025-08-20 00:00:00+00:00
[2025-08-20T08:33:50.082+0000] {processor.py:208} INFO - Processing /home/airflow/.local/lib/python3.12/site-packages/airflow/example_dags/example_skip_dag.py took 0.100 seconds
[2025-08-20T08:34:20.554+0000] {processor.py:186} INFO - Started process (PID=264) to work on /home/airflow/.local/lib/python3.12/site-packages/airflow/example_dags/example_skip_dag.py
[2025-08-20T08:34:20.555+0000] {processor.py:914} INFO - Processing file /home/airflow/.local/lib/python3.12/site-packages/airflow/example_dags/example_skip_dag.py for tasks to queue
[2025-08-20T08:34:20.558+0000] {logging_mixin.py:190} INFO - [2025-08-20T08:34:20.558+0000] {dagbag.py:588} INFO - Filling up the DagBag from /home/airflow/.local/lib/python3.12/site-packages/airflow/example_dags/example_skip_dag.py
[2025-08-20T08:34:20.568+0000] {processor.py:925} INFO - DAG(s) 'example_skip_dag' retrieved from /home/airflow/.local/lib/python3.12/site-packages/airflow/example_dags/example_skip_dag.py
[2025-08-20T08:34:20.593+0000] {logging_mixin.py:190} INFO - [2025-08-20T08:34:20.593+0000] {dag.py:3239} INFO - Sync 1 DAGs
[2025-08-20T08:34:20.622+0000] {logging_mixin.py:190} INFO - [2025-08-20T08:34:20.622+0000] {dag.py:4180} INFO - Setting next_dagrun for example_skip_dag to 2025-08-19 00:00:00+00:00, run_after=2025-08-20 00:00:00+00:00
[2025-08-20T08:34:20.642+0000] {processor.py:208} INFO - Processing /home/airflow/.local/lib/python3.12/site-packages/airflow/example_dags/example_skip_dag.py took 0.096 seconds
[2025-08-20T08:34:51.051+0000] {processor.py:186} INFO - Started process (PID=320) to work on /home/airflow/.local/lib/python3.12/site-packages/airflow/example_dags/example_skip_dag.py
[2025-08-20T08:34:51.053+0000] {processor.py:914} INFO - Processing file /home/airflow/.local/lib/python3.12/site-packages/airflow/example_dags/example_skip_dag.py for tasks to queue
[2025-08-20T08:34:51.056+0000] {logging_mixin.py:190} INFO - [2025-08-20T08:34:51.055+0000] {dagbag.py:588} INFO - Filling up the DagBag from /home/airflow/.local/lib/python3.12/site-packages/airflow/example_dags/example_skip_dag.py
[2025-08-20T08:34:51.066+0000] {processor.py:925} INFO - DAG(s) 'example_skip_dag' retrieved from /home/airflow/.local/lib/python3.12/site-packages/airflow/example_dags/example_skip_dag.py
[2025-08-20T08:34:51.096+0000] {logging_mixin.py:190} INFO - [2025-08-20T08:34:51.096+0000] {dag.py:3239} INFO - Sync 1 DAGs
[2025-08-20T08:34:51.128+0000] {logging_mixin.py:190} INFO - [2025-08-20T08:34:51.128+0000] {dag.py:4180} INFO - Setting next_dagrun for example_skip_dag to 2025-08-19 00:00:00+00:00, run_after=2025-08-20 00:00:00+00:00
[2025-08-20T08:34:51.148+0000] {processor.py:208} INFO - Processing /home/airflow/.local/lib/python3.12/site-packages/airflow/example_dags/example_skip_dag.py took 0.106 seconds
[2025-08-20T08:35:22.058+0000] {processor.py:186} INFO - Started process (PID=376) to work on /home/airflow/.local/lib/python3.12/site-packages/airflow/example_dags/example_skip_dag.py
[2025-08-20T08:35:22.060+0000] {processor.py:914} INFO - Processing file /home/airflow/.local/lib/python3.12/site-packages/airflow/example_dags/example_skip_dag.py for tasks to queue
[2025-08-20T08:35:22.063+0000] {logging_mixin.py:190} INFO - [2025-08-20T08:35:22.063+0000] {dagbag.py:588} INFO - Filling up the DagBag from /home/airflow/.local/lib/python3.12/site-packages/airflow/example_dags/example_skip_dag.py
[2025-08-20T08:35:22.073+0000] {processor.py:925} INFO - DAG(s) 'example_skip_dag' retrieved from /home/airflow/.local/lib/python3.12/site-packages/airflow/example_dags/example_skip_dag.py
[2025-08-20T08:35:22.102+0000] {logging_mixin.py:190} INFO - [2025-08-20T08:35:22.102+0000] {dag.py:3239} INFO - Sync 1 DAGs
[2025-08-20T08:35:22.136+0000] {logging_mixin.py:190} INFO - [2025-08-20T08:35:22.135+0000] {dag.py:4180} INFO - Setting next_dagrun for example_skip_dag to 2025-08-19 00:00:00+00:00, run_after=2025-08-20 00:00:00+00:00
[2025-08-20T08:35:22.159+0000] {processor.py:208} INFO - Processing /home/airflow/.local/lib/python3.12/site-packages/airflow/example_dags/example_skip_dag.py took 0.110 seconds
[2025-08-20T08:36:35.856+0000] {processor.py:186} INFO - Started process (PID=40) to work on /home/airflow/.local/lib/python3.12/site-packages/airflow/example_dags/example_skip_dag.py
[2025-08-20T08:36:35.857+0000] {processor.py:914} INFO - Processing file /home/airflow/.local/lib/python3.12/site-packages/airflow/example_dags/example_skip_dag.py for tasks to queue
[2025-08-20T08:36:35.860+0000] {logging_mixin.py:190} INFO - [2025-08-20T08:36:35.860+0000] {dagbag.py:588} INFO - Filling up the DagBag from /home/airflow/.local/lib/python3.12/site-packages/airflow/example_dags/example_skip_dag.py
[2025-08-20T08:36:35.874+0000] {processor.py:925} INFO - DAG(s) 'example_skip_dag' retrieved from /home/airflow/.local/lib/python3.12/site-packages/airflow/example_dags/example_skip_dag.py
[2025-08-20T08:36:35.914+0000] {logging_mixin.py:190} INFO - [2025-08-20T08:36:35.914+0000] {dag.py:3239} INFO - Sync 1 DAGs
[2025-08-20T08:36:35.945+0000] {logging_mixin.py:190} INFO - [2025-08-20T08:36:35.944+0000] {dag.py:4180} INFO - Setting next_dagrun for example_skip_dag to 2025-08-19 00:00:00+00:00, run_after=2025-08-20 00:00:00+00:00
[2025-08-20T08:36:36.335+0000] {processor.py:208} INFO - Processing /home/airflow/.local/lib/python3.12/site-packages/airflow/example_dags/example_skip_dag.py took 0.488 seconds
[2025-08-20T08:37:06.676+0000] {processor.py:186} INFO - Started process (PID=96) to work on /home/airflow/.local/lib/python3.12/site-packages/airflow/example_dags/example_skip_dag.py
[2025-08-20T08:37:06.678+0000] {processor.py:914} INFO - Processing file /home/airflow/.local/lib/python3.12/site-packages/airflow/example_dags/example_skip_dag.py for tasks to queue
[2025-08-20T08:37:06.681+0000] {logging_mixin.py:190} INFO - [2025-08-20T08:37:06.680+0000] {dagbag.py:588} INFO - Filling up the DagBag from /home/airflow/.local/lib/python3.12/site-packages/airflow/example_dags/example_skip_dag.py
[2025-08-20T08:37:06.691+0000] {processor.py:925} INFO - DAG(s) 'example_skip_dag' retrieved from /home/airflow/.local/lib/python3.12/site-packages/airflow/example_dags/example_skip_dag.py
[2025-08-20T08:37:06.727+0000] {logging_mixin.py:190} INFO - [2025-08-20T08:37:06.727+0000] {dag.py:3239} INFO - Sync 1 DAGs
[2025-08-20T08:37:06.760+0000] {logging_mixin.py:190} INFO - [2025-08-20T08:37:06.760+0000] {dag.py:4180} INFO - Setting next_dagrun for example_skip_dag to 2025-08-19 00:00:00+00:00, run_after=2025-08-20 00:00:00+00:00
[2025-08-20T08:37:06.942+0000] {processor.py:208} INFO - Processing /home/airflow/.local/lib/python3.12/site-packages/airflow/example_dags/example_skip_dag.py took 0.274 seconds
[2025-08-20T08:37:37.639+0000] {processor.py:186} INFO - Started process (PID=152) to work on /home/airflow/.local/lib/python3.12/site-packages/airflow/example_dags/example_skip_dag.py
[2025-08-20T08:37:37.641+0000] {processor.py:914} INFO - Processing file /home/airflow/.local/lib/python3.12/site-packages/airflow/example_dags/example_skip_dag.py for tasks to queue
[2025-08-20T08:37:37.644+0000] {logging_mixin.py:190} INFO - [2025-08-20T08:37:37.644+0000] {dagbag.py:588} INFO - Filling up the DagBag from /home/airflow/.local/lib/python3.12/site-packages/airflow/example_dags/example_skip_dag.py
[2025-08-20T08:37:37.655+0000] {processor.py:925} INFO - DAG(s) 'example_skip_dag' retrieved from /home/airflow/.local/lib/python3.12/site-packages/airflow/example_dags/example_skip_dag.py
[2025-08-20T08:37:37.684+0000] {logging_mixin.py:190} INFO - [2025-08-20T08:37:37.683+0000] {dag.py:3239} INFO - Sync 1 DAGs
[2025-08-20T08:37:37.714+0000] {logging_mixin.py:190} INFO - [2025-08-20T08:37:37.713+0000] {dag.py:4180} INFO - Setting next_dagrun for example_skip_dag to 2025-08-19 00:00:00+00:00, run_after=2025-08-20 00:00:00+00:00
[2025-08-20T08:37:37.944+0000] {processor.py:208} INFO - Processing /home/airflow/.local/lib/python3.12/site-packages/airflow/example_dags/example_skip_dag.py took 0.313 seconds
[2025-08-20T08:38:08.635+0000] {processor.py:186} INFO - Started process (PID=208) to work on /home/airflow/.local/lib/python3.12/site-packages/airflow/example_dags/example_skip_dag.py
[2025-08-20T08:38:08.636+0000] {processor.py:914} INFO - Processing file /home/airflow/.local/lib/python3.12/site-packages/airflow/example_dags/example_skip_dag.py for tasks to queue
[2025-08-20T08:38:08.639+0000] {logging_mixin.py:190} INFO - [2025-08-20T08:38:08.639+0000] {dagbag.py:588} INFO - Filling up the DagBag from /home/airflow/.local/lib/python3.12/site-packages/airflow/example_dags/example_skip_dag.py
[2025-08-20T08:38:08.649+0000] {processor.py:925} INFO - DAG(s) 'example_skip_dag' retrieved from /home/airflow/.local/lib/python3.12/site-packages/airflow/example_dags/example_skip_dag.py
[2025-08-20T08:38:08.676+0000] {logging_mixin.py:190} INFO - [2025-08-20T08:38:08.675+0000] {dag.py:3239} INFO - Sync 1 DAGs
[2025-08-20T08:38:08.706+0000] {logging_mixin.py:190} INFO - [2025-08-20T08:38:08.706+0000] {dag.py:4180} INFO - Setting next_dagrun for example_skip_dag to 2025-08-19 00:00:00+00:00, run_after=2025-08-20 00:00:00+00:00
[2025-08-20T08:38:08.726+0000] {processor.py:208} INFO - Processing /home/airflow/.local/lib/python3.12/site-packages/airflow/example_dags/example_skip_dag.py took 0.098 seconds
[2025-08-20T08:38:39.105+0000] {processor.py:186} INFO - Started process (PID=264) to work on /home/airflow/.local/lib/python3.12/site-packages/airflow/example_dags/example_skip_dag.py
[2025-08-20T08:38:39.107+0000] {processor.py:914} INFO - Processing file /home/airflow/.local/lib/python3.12/site-packages/airflow/example_dags/example_skip_dag.py for tasks to queue
[2025-08-20T08:38:39.110+0000] {logging_mixin.py:190} INFO - [2025-08-20T08:38:39.110+0000] {dagbag.py:588} INFO - Filling up the DagBag from /home/airflow/.local/lib/python3.12/site-packages/airflow/example_dags/example_skip_dag.py
[2025-08-20T08:38:39.119+0000] {processor.py:925} INFO - DAG(s) 'example_skip_dag' retrieved from /home/airflow/.local/lib/python3.12/site-packages/airflow/example_dags/example_skip_dag.py
[2025-08-20T08:38:39.148+0000] {logging_mixin.py:190} INFO - [2025-08-20T08:38:39.147+0000] {dag.py:3239} INFO - Sync 1 DAGs
[2025-08-20T08:38:39.177+0000] {logging_mixin.py:190} INFO - [2025-08-20T08:38:39.177+0000] {dag.py:4180} INFO - Setting next_dagrun for example_skip_dag to 2025-08-19 00:00:00+00:00, run_after=2025-08-20 00:00:00+00:00
[2025-08-20T08:38:39.197+0000] {processor.py:208} INFO - Processing /home/airflow/.local/lib/python3.12/site-packages/airflow/example_dags/example_skip_dag.py took 0.101 seconds
[2025-08-20T08:39:09.501+0000] {processor.py:186} INFO - Started process (PID=320) to work on /home/airflow/.local/lib/python3.12/site-packages/airflow/example_dags/example_skip_dag.py
[2025-08-20T08:39:09.502+0000] {processor.py:914} INFO - Processing file /home/airflow/.local/lib/python3.12/site-packages/airflow/example_dags/example_skip_dag.py for tasks to queue
[2025-08-20T08:39:09.505+0000] {logging_mixin.py:190} INFO - [2025-08-20T08:39:09.505+0000] {dagbag.py:588} INFO - Filling up the DagBag from /home/airflow/.local/lib/python3.12/site-packages/airflow/example_dags/example_skip_dag.py
[2025-08-20T08:39:09.516+0000] {processor.py:925} INFO - DAG(s) 'example_skip_dag' retrieved from /home/airflow/.local/lib/python3.12/site-packages/airflow/example_dags/example_skip_dag.py
[2025-08-20T08:39:09.546+0000] {logging_mixin.py:190} INFO - [2025-08-20T08:39:09.546+0000] {dag.py:3239} INFO - Sync 1 DAGs
[2025-08-20T08:39:09.579+0000] {logging_mixin.py:190} INFO - [2025-08-20T08:39:09.579+0000] {dag.py:4180} INFO - Setting next_dagrun for example_skip_dag to 2025-08-19 00:00:00+00:00, run_after=2025-08-20 00:00:00+00:00
[2025-08-20T08:39:09.622+0000] {processor.py:208} INFO - Processing /home/airflow/.local/lib/python3.12/site-packages/airflow/example_dags/example_skip_dag.py took 0.129 seconds
[2025-08-20T08:40:44.479+0000] {processor.py:186} INFO - Started process (PID=40) to work on /home/airflow/.local/lib/python3.12/site-packages/airflow/example_dags/example_skip_dag.py
[2025-08-20T08:40:44.481+0000] {processor.py:914} INFO - Processing file /home/airflow/.local/lib/python3.12/site-packages/airflow/example_dags/example_skip_dag.py for tasks to queue
[2025-08-20T08:40:44.484+0000] {logging_mixin.py:190} INFO - [2025-08-20T08:40:44.483+0000] {dagbag.py:588} INFO - Filling up the DagBag from /home/airflow/.local/lib/python3.12/site-packages/airflow/example_dags/example_skip_dag.py
[2025-08-20T08:40:44.499+0000] {processor.py:925} INFO - DAG(s) 'example_skip_dag' retrieved from /home/airflow/.local/lib/python3.12/site-packages/airflow/example_dags/example_skip_dag.py
[2025-08-20T08:40:44.539+0000] {logging_mixin.py:190} INFO - [2025-08-20T08:40:44.539+0000] {dag.py:3239} INFO - Sync 1 DAGs
[2025-08-20T08:40:44.573+0000] {logging_mixin.py:190} INFO - [2025-08-20T08:40:44.573+0000] {dag.py:4180} INFO - Setting next_dagrun for example_skip_dag to 2025-08-19 00:00:00+00:00, run_after=2025-08-20 00:00:00+00:00
[2025-08-20T08:40:44.774+0000] {processor.py:208} INFO - Processing /home/airflow/.local/lib/python3.12/site-packages/airflow/example_dags/example_skip_dag.py took 0.305 seconds
[2025-08-20T08:41:15.350+0000] {processor.py:186} INFO - Started process (PID=96) to work on /home/airflow/.local/lib/python3.12/site-packages/airflow/example_dags/example_skip_dag.py
[2025-08-20T08:41:15.352+0000] {processor.py:914} INFO - Processing file /home/airflow/.local/lib/python3.12/site-packages/airflow/example_dags/example_skip_dag.py for tasks to queue
[2025-08-20T08:41:15.355+0000] {logging_mixin.py:190} INFO - [2025-08-20T08:41:15.354+0000] {dagbag.py:588} INFO - Filling up the DagBag from /home/airflow/.local/lib/python3.12/site-packages/airflow/example_dags/example_skip_dag.py
[2025-08-20T08:41:15.366+0000] {processor.py:925} INFO - DAG(s) 'example_skip_dag' retrieved from /home/airflow/.local/lib/python3.12/site-packages/airflow/example_dags/example_skip_dag.py
[2025-08-20T08:41:15.398+0000] {logging_mixin.py:190} INFO - [2025-08-20T08:41:15.397+0000] {dag.py:3239} INFO - Sync 1 DAGs
[2025-08-20T08:41:15.434+0000] {logging_mixin.py:190} INFO - [2025-08-20T08:41:15.433+0000] {dag.py:4180} INFO - Setting next_dagrun for example_skip_dag to 2025-08-19 00:00:00+00:00, run_after=2025-08-20 00:00:00+00:00
[2025-08-20T08:41:15.937+0000] {processor.py:208} INFO - Processing /home/airflow/.local/lib/python3.12/site-packages/airflow/example_dags/example_skip_dag.py took 0.595 seconds
[2025-08-20T08:41:46.177+0000] {processor.py:186} INFO - Started process (PID=152) to work on /home/airflow/.local/lib/python3.12/site-packages/airflow/example_dags/example_skip_dag.py
[2025-08-20T08:41:46.179+0000] {processor.py:914} INFO - Processing file /home/airflow/.local/lib/python3.12/site-packages/airflow/example_dags/example_skip_dag.py for tasks to queue
[2025-08-20T08:41:46.182+0000] {logging_mixin.py:190} INFO - [2025-08-20T08:41:46.182+0000] {dagbag.py:588} INFO - Filling up the DagBag from /home/airflow/.local/lib/python3.12/site-packages/airflow/example_dags/example_skip_dag.py
[2025-08-20T08:41:46.193+0000] {processor.py:925} INFO - DAG(s) 'example_skip_dag' retrieved from /home/airflow/.local/lib/python3.12/site-packages/airflow/example_dags/example_skip_dag.py
[2025-08-20T08:41:46.219+0000] {logging_mixin.py:190} INFO - [2025-08-20T08:41:46.219+0000] {dag.py:3239} INFO - Sync 1 DAGs
[2025-08-20T08:41:46.251+0000] {logging_mixin.py:190} INFO - [2025-08-20T08:41:46.251+0000] {dag.py:4180} INFO - Setting next_dagrun for example_skip_dag to 2025-08-19 00:00:00+00:00, run_after=2025-08-20 00:00:00+00:00
[2025-08-20T08:41:46.275+0000] {processor.py:208} INFO - Processing /home/airflow/.local/lib/python3.12/site-packages/airflow/example_dags/example_skip_dag.py took 0.108 seconds
[2025-08-20T08:42:16.764+0000] {processor.py:186} INFO - Started process (PID=208) to work on /home/airflow/.local/lib/python3.12/site-packages/airflow/example_dags/example_skip_dag.py
[2025-08-20T08:42:16.766+0000] {processor.py:914} INFO - Processing file /home/airflow/.local/lib/python3.12/site-packages/airflow/example_dags/example_skip_dag.py for tasks to queue
[2025-08-20T08:42:16.769+0000] {logging_mixin.py:190} INFO - [2025-08-20T08:42:16.768+0000] {dagbag.py:588} INFO - Filling up the DagBag from /home/airflow/.local/lib/python3.12/site-packages/airflow/example_dags/example_skip_dag.py
[2025-08-20T08:42:16.780+0000] {processor.py:925} INFO - DAG(s) 'example_skip_dag' retrieved from /home/airflow/.local/lib/python3.12/site-packages/airflow/example_dags/example_skip_dag.py
[2025-08-20T08:42:16.808+0000] {logging_mixin.py:190} INFO - [2025-08-20T08:42:16.808+0000] {dag.py:3239} INFO - Sync 1 DAGs
[2025-08-20T08:42:16.838+0000] {logging_mixin.py:190} INFO - [2025-08-20T08:42:16.838+0000] {dag.py:4180} INFO - Setting next_dagrun for example_skip_dag to 2025-08-19 00:00:00+00:00, run_after=2025-08-20 00:00:00+00:00
[2025-08-20T08:42:16.858+0000] {processor.py:208} INFO - Processing /home/airflow/.local/lib/python3.12/site-packages/airflow/example_dags/example_skip_dag.py took 0.102 seconds
[2025-08-20T08:42:47.185+0000] {processor.py:186} INFO - Started process (PID=264) to work on /home/airflow/.local/lib/python3.12/site-packages/airflow/example_dags/example_skip_dag.py
[2025-08-20T08:42:47.186+0000] {processor.py:914} INFO - Processing file /home/airflow/.local/lib/python3.12/site-packages/airflow/example_dags/example_skip_dag.py for tasks to queue
[2025-08-20T08:42:47.189+0000] {logging_mixin.py:190} INFO - [2025-08-20T08:42:47.189+0000] {dagbag.py:588} INFO - Filling up the DagBag from /home/airflow/.local/lib/python3.12/site-packages/airflow/example_dags/example_skip_dag.py
[2025-08-20T08:42:47.199+0000] {processor.py:925} INFO - DAG(s) 'example_skip_dag' retrieved from /home/airflow/.local/lib/python3.12/site-packages/airflow/example_dags/example_skip_dag.py
[2025-08-20T08:42:47.227+0000] {logging_mixin.py:190} INFO - [2025-08-20T08:42:47.226+0000] {dag.py:3239} INFO - Sync 1 DAGs
[2025-08-20T08:42:47.258+0000] {logging_mixin.py:190} INFO - [2025-08-20T08:42:47.257+0000] {dag.py:4180} INFO - Setting next_dagrun for example_skip_dag to 2025-08-19 00:00:00+00:00, run_after=2025-08-20 00:00:00+00:00
[2025-08-20T08:42:47.278+0000] {processor.py:208} INFO - Processing /home/airflow/.local/lib/python3.12/site-packages/airflow/example_dags/example_skip_dag.py took 0.101 seconds
[2025-08-20T08:43:17.780+0000] {processor.py:186} INFO - Started process (PID=320) to work on /home/airflow/.local/lib/python3.12/site-packages/airflow/example_dags/example_skip_dag.py
[2025-08-20T08:43:17.782+0000] {processor.py:914} INFO - Processing file /home/airflow/.local/lib/python3.12/site-packages/airflow/example_dags/example_skip_dag.py for tasks to queue
[2025-08-20T08:43:17.786+0000] {logging_mixin.py:190} INFO - [2025-08-20T08:43:17.786+0000] {dagbag.py:588} INFO - Filling up the DagBag from /home/airflow/.local/lib/python3.12/site-packages/airflow/example_dags/example_skip_dag.py
[2025-08-20T08:43:17.797+0000] {processor.py:925} INFO - DAG(s) 'example_skip_dag' retrieved from /home/airflow/.local/lib/python3.12/site-packages/airflow/example_dags/example_skip_dag.py
[2025-08-20T08:43:17.823+0000] {logging_mixin.py:190} INFO - [2025-08-20T08:43:17.823+0000] {dag.py:3239} INFO - Sync 1 DAGs
[2025-08-20T08:43:17.852+0000] {logging_mixin.py:190} INFO - [2025-08-20T08:43:17.852+0000] {dag.py:4180} INFO - Setting next_dagrun for example_skip_dag to 2025-08-19 00:00:00+00:00, run_after=2025-08-20 00:00:00+00:00
[2025-08-20T08:43:17.877+0000] {processor.py:208} INFO - Processing /home/airflow/.local/lib/python3.12/site-packages/airflow/example_dags/example_skip_dag.py took 0.108 seconds
[2025-08-20T08:43:48.207+0000] {processor.py:186} INFO - Started process (PID=376) to work on /home/airflow/.local/lib/python3.12/site-packages/airflow/example_dags/example_skip_dag.py
[2025-08-20T08:43:48.208+0000] {processor.py:914} INFO - Processing file /home/airflow/.local/lib/python3.12/site-packages/airflow/example_dags/example_skip_dag.py for tasks to queue
[2025-08-20T08:43:48.211+0000] {logging_mixin.py:190} INFO - [2025-08-20T08:43:48.211+0000] {dagbag.py:588} INFO - Filling up the DagBag from /home/airflow/.local/lib/python3.12/site-packages/airflow/example_dags/example_skip_dag.py
[2025-08-20T08:43:48.221+0000] {processor.py:925} INFO - DAG(s) 'example_skip_dag' retrieved from /home/airflow/.local/lib/python3.12/site-packages/airflow/example_dags/example_skip_dag.py
[2025-08-20T08:43:48.254+0000] {logging_mixin.py:190} INFO - [2025-08-20T08:43:48.254+0000] {dag.py:3239} INFO - Sync 1 DAGs
[2025-08-20T08:43:48.289+0000] {logging_mixin.py:190} INFO - [2025-08-20T08:43:48.289+0000] {dag.py:4180} INFO - Setting next_dagrun for example_skip_dag to 2025-08-19 00:00:00+00:00, run_after=2025-08-20 00:00:00+00:00
[2025-08-20T08:43:48.311+0000] {processor.py:208} INFO - Processing /home/airflow/.local/lib/python3.12/site-packages/airflow/example_dags/example_skip_dag.py took 0.114 seconds
[2025-08-20T08:44:18.880+0000] {processor.py:186} INFO - Started process (PID=432) to work on /home/airflow/.local/lib/python3.12/site-packages/airflow/example_dags/example_skip_dag.py
[2025-08-20T08:44:18.881+0000] {processor.py:914} INFO - Processing file /home/airflow/.local/lib/python3.12/site-packages/airflow/example_dags/example_skip_dag.py for tasks to queue
[2025-08-20T08:44:18.884+0000] {logging_mixin.py:190} INFO - [2025-08-20T08:44:18.884+0000] {dagbag.py:588} INFO - Filling up the DagBag from /home/airflow/.local/lib/python3.12/site-packages/airflow/example_dags/example_skip_dag.py
[2025-08-20T08:44:18.895+0000] {processor.py:925} INFO - DAG(s) 'example_skip_dag' retrieved from /home/airflow/.local/lib/python3.12/site-packages/airflow/example_dags/example_skip_dag.py
[2025-08-20T08:44:18.922+0000] {logging_mixin.py:190} INFO - [2025-08-20T08:44:18.922+0000] {dag.py:3239} INFO - Sync 1 DAGs
[2025-08-20T08:44:18.952+0000] {logging_mixin.py:190} INFO - [2025-08-20T08:44:18.952+0000] {dag.py:4180} INFO - Setting next_dagrun for example_skip_dag to 2025-08-19 00:00:00+00:00, run_after=2025-08-20 00:00:00+00:00
[2025-08-20T08:44:18.971+0000] {processor.py:208} INFO - Processing /home/airflow/.local/lib/python3.12/site-packages/airflow/example_dags/example_skip_dag.py took 0.100 seconds
[2025-08-20T08:44:49.317+0000] {processor.py:186} INFO - Started process (PID=488) to work on /home/airflow/.local/lib/python3.12/site-packages/airflow/example_dags/example_skip_dag.py
[2025-08-20T08:44:49.318+0000] {processor.py:914} INFO - Processing file /home/airflow/.local/lib/python3.12/site-packages/airflow/example_dags/example_skip_dag.py for tasks to queue
[2025-08-20T08:44:49.321+0000] {logging_mixin.py:190} INFO - [2025-08-20T08:44:49.320+0000] {dagbag.py:588} INFO - Filling up the DagBag from /home/airflow/.local/lib/python3.12/site-packages/airflow/example_dags/example_skip_dag.py
[2025-08-20T08:44:49.332+0000] {processor.py:925} INFO - DAG(s) 'example_skip_dag' retrieved from /home/airflow/.local/lib/python3.12/site-packages/airflow/example_dags/example_skip_dag.py
[2025-08-20T08:44:49.360+0000] {logging_mixin.py:190} INFO - [2025-08-20T08:44:49.359+0000] {dag.py:3239} INFO - Sync 1 DAGs
[2025-08-20T08:44:49.389+0000] {logging_mixin.py:190} INFO - [2025-08-20T08:44:49.388+0000] {dag.py:4180} INFO - Setting next_dagrun for example_skip_dag to 2025-08-19 00:00:00+00:00, run_after=2025-08-20 00:00:00+00:00
[2025-08-20T08:44:49.436+0000] {processor.py:208} INFO - Processing /home/airflow/.local/lib/python3.12/site-packages/airflow/example_dags/example_skip_dag.py took 0.127 seconds
[2025-08-20T08:45:19.669+0000] {processor.py:186} INFO - Started process (PID=544) to work on /home/airflow/.local/lib/python3.12/site-packages/airflow/example_dags/example_skip_dag.py
[2025-08-20T08:45:19.671+0000] {processor.py:914} INFO - Processing file /home/airflow/.local/lib/python3.12/site-packages/airflow/example_dags/example_skip_dag.py for tasks to queue
[2025-08-20T08:45:19.674+0000] {logging_mixin.py:190} INFO - [2025-08-20T08:45:19.674+0000] {dagbag.py:588} INFO - Filling up the DagBag from /home/airflow/.local/lib/python3.12/site-packages/airflow/example_dags/example_skip_dag.py
[2025-08-20T08:45:19.686+0000] {processor.py:925} INFO - DAG(s) 'example_skip_dag' retrieved from /home/airflow/.local/lib/python3.12/site-packages/airflow/example_dags/example_skip_dag.py
[2025-08-20T08:45:19.713+0000] {logging_mixin.py:190} INFO - [2025-08-20T08:45:19.713+0000] {dag.py:3239} INFO - Sync 1 DAGs
[2025-08-20T08:45:19.743+0000] {logging_mixin.py:190} INFO - [2025-08-20T08:45:19.743+0000] {dag.py:4180} INFO - Setting next_dagrun for example_skip_dag to 2025-08-19 00:00:00+00:00, run_after=2025-08-20 00:00:00+00:00
[2025-08-20T08:45:19.766+0000] {processor.py:208} INFO - Processing /home/airflow/.local/lib/python3.12/site-packages/airflow/example_dags/example_skip_dag.py took 0.105 seconds
[2025-08-20T08:46:23.287+0000] {processor.py:186} INFO - Started process (PID=40) to work on /home/airflow/.local/lib/python3.12/site-packages/airflow/example_dags/example_skip_dag.py
[2025-08-20T08:46:23.289+0000] {processor.py:914} INFO - Processing file /home/airflow/.local/lib/python3.12/site-packages/airflow/example_dags/example_skip_dag.py for tasks to queue
[2025-08-20T08:46:23.292+0000] {logging_mixin.py:190} INFO - [2025-08-20T08:46:23.291+0000] {dagbag.py:588} INFO - Filling up the DagBag from /home/airflow/.local/lib/python3.12/site-packages/airflow/example_dags/example_skip_dag.py
[2025-08-20T08:46:23.305+0000] {processor.py:925} INFO - DAG(s) 'example_skip_dag' retrieved from /home/airflow/.local/lib/python3.12/site-packages/airflow/example_dags/example_skip_dag.py
[2025-08-20T08:46:23.343+0000] {logging_mixin.py:190} INFO - [2025-08-20T08:46:23.343+0000] {dag.py:3239} INFO - Sync 1 DAGs
[2025-08-20T08:46:23.376+0000] {logging_mixin.py:190} INFO - [2025-08-20T08:46:23.375+0000] {dag.py:4180} INFO - Setting next_dagrun for example_skip_dag to 2025-08-19 00:00:00+00:00, run_after=2025-08-20 00:00:00+00:00
[2025-08-20T08:46:23.804+0000] {processor.py:208} INFO - Processing /home/airflow/.local/lib/python3.12/site-packages/airflow/example_dags/example_skip_dag.py took 0.526 seconds
[2025-08-20T08:46:54.389+0000] {processor.py:186} INFO - Started process (PID=96) to work on /home/airflow/.local/lib/python3.12/site-packages/airflow/example_dags/example_skip_dag.py
[2025-08-20T08:46:54.391+0000] {processor.py:914} INFO - Processing file /home/airflow/.local/lib/python3.12/site-packages/airflow/example_dags/example_skip_dag.py for tasks to queue
[2025-08-20T08:46:54.394+0000] {logging_mixin.py:190} INFO - [2025-08-20T08:46:54.394+0000] {dagbag.py:588} INFO - Filling up the DagBag from /home/airflow/.local/lib/python3.12/site-packages/airflow/example_dags/example_skip_dag.py
[2025-08-20T08:46:54.406+0000] {processor.py:925} INFO - DAG(s) 'example_skip_dag' retrieved from /home/airflow/.local/lib/python3.12/site-packages/airflow/example_dags/example_skip_dag.py
[2025-08-20T08:46:54.437+0000] {logging_mixin.py:190} INFO - [2025-08-20T08:46:54.436+0000] {dag.py:3239} INFO - Sync 1 DAGs
[2025-08-20T08:46:54.476+0000] {logging_mixin.py:190} INFO - [2025-08-20T08:46:54.476+0000] {dag.py:4180} INFO - Setting next_dagrun for example_skip_dag to 2025-08-19 00:00:00+00:00, run_after=2025-08-20 00:00:00+00:00
[2025-08-20T08:46:54.603+0000] {processor.py:208} INFO - Processing /home/airflow/.local/lib/python3.12/site-packages/airflow/example_dags/example_skip_dag.py took 0.222 seconds
[2025-08-20T08:47:24.831+0000] {processor.py:186} INFO - Started process (PID=152) to work on /home/airflow/.local/lib/python3.12/site-packages/airflow/example_dags/example_skip_dag.py
[2025-08-20T08:47:24.832+0000] {processor.py:914} INFO - Processing file /home/airflow/.local/lib/python3.12/site-packages/airflow/example_dags/example_skip_dag.py for tasks to queue
[2025-08-20T08:47:24.835+0000] {logging_mixin.py:190} INFO - [2025-08-20T08:47:24.835+0000] {dagbag.py:588} INFO - Filling up the DagBag from /home/airflow/.local/lib/python3.12/site-packages/airflow/example_dags/example_skip_dag.py
[2025-08-20T08:47:24.847+0000] {processor.py:925} INFO - DAG(s) 'example_skip_dag' retrieved from /home/airflow/.local/lib/python3.12/site-packages/airflow/example_dags/example_skip_dag.py
[2025-08-20T08:47:24.876+0000] {logging_mixin.py:190} INFO - [2025-08-20T08:47:24.875+0000] {dag.py:3239} INFO - Sync 1 DAGs
[2025-08-20T08:47:24.906+0000] {logging_mixin.py:190} INFO - [2025-08-20T08:47:24.906+0000] {dag.py:4180} INFO - Setting next_dagrun for example_skip_dag to 2025-08-19 00:00:00+00:00, run_after=2025-08-20 00:00:00+00:00
[2025-08-20T08:47:25.132+0000] {processor.py:208} INFO - Processing /home/airflow/.local/lib/python3.12/site-packages/airflow/example_dags/example_skip_dag.py took 0.310 seconds
[2025-08-20T08:47:56.114+0000] {processor.py:186} INFO - Started process (PID=208) to work on /home/airflow/.local/lib/python3.12/site-packages/airflow/example_dags/example_skip_dag.py
[2025-08-20T08:47:56.116+0000] {processor.py:914} INFO - Processing file /home/airflow/.local/lib/python3.12/site-packages/airflow/example_dags/example_skip_dag.py for tasks to queue
[2025-08-20T08:47:56.120+0000] {logging_mixin.py:190} INFO - [2025-08-20T08:47:56.120+0000] {dagbag.py:588} INFO - Filling up the DagBag from /home/airflow/.local/lib/python3.12/site-packages/airflow/example_dags/example_skip_dag.py
[2025-08-20T08:47:56.134+0000] {processor.py:925} INFO - DAG(s) 'example_skip_dag' retrieved from /home/airflow/.local/lib/python3.12/site-packages/airflow/example_dags/example_skip_dag.py
[2025-08-20T08:47:56.164+0000] {logging_mixin.py:190} INFO - [2025-08-20T08:47:56.164+0000] {dag.py:3239} INFO - Sync 1 DAGs
[2025-08-20T08:47:56.198+0000] {logging_mixin.py:190} INFO - [2025-08-20T08:47:56.198+0000] {dag.py:4180} INFO - Setting next_dagrun for example_skip_dag to 2025-08-19 00:00:00+00:00, run_after=2025-08-20 00:00:00+00:00
[2025-08-20T08:47:56.221+0000] {processor.py:208} INFO - Processing /home/airflow/.local/lib/python3.12/site-packages/airflow/example_dags/example_skip_dag.py took 0.116 seconds
