[2025-08-20T08:26:00.055+0000] {processor.py:186} INFO - Started process (PID=74) to work on /home/airflow/.local/lib/python3.12/site-packages/airflow/example_dags/example_dataset_alias_with_no_taskflow.py
[2025-08-20T08:26:00.056+0000] {processor.py:914} INFO - Processing file /home/airflow/.local/lib/python3.12/site-packages/airflow/example_dags/example_dataset_alias_with_no_taskflow.py for tasks to queue
[2025-08-20T08:26:00.059+0000] {logging_mixin.py:190} INFO - [2025-08-20T08:26:00.059+0000] {dagbag.py:588} INFO - Filling up the DagBag from /home/airflow/.local/lib/python3.12/site-packages/airflow/example_dags/example_dataset_alias_with_no_taskflow.py
[2025-08-20T08:26:00.269+0000] {processor.py:925} INFO - DAG(s) 'dataset_alias_example_alias_producer_with_no_taskflow', 'dataset_alias_example_alias_consumer_with_no_taskflow', 'dataset_s3_bucket_producer_with_no_taskflow', 'dataset_s3_bucket_consumer_with_no_taskflow' retrieved from /home/airflow/.local/lib/python3.12/site-packages/airflow/example_dags/example_dataset_alias_with_no_taskflow.py
[2025-08-20T08:26:00.297+0000] {logging_mixin.py:190} INFO - [2025-08-20T08:26:00.297+0000] {dag.py:3239} INFO - Sync 4 DAGs
[2025-08-20T08:26:00.327+0000] {logging_mixin.py:190} INFO - [2025-08-20T08:26:00.326+0000] {dag.py:4180} INFO - Setting next_dagrun for dataset_alias_example_alias_consumer_with_no_taskflow to None, run_after=None
[2025-08-20T08:26:00.330+0000] {logging_mixin.py:190} INFO - [2025-08-20T08:26:00.330+0000] {dag.py:4180} INFO - Setting next_dagrun for dataset_alias_example_alias_producer_with_no_taskflow to None, run_after=None
[2025-08-20T08:26:00.331+0000] {logging_mixin.py:190} INFO - [2025-08-20T08:26:00.331+0000] {dag.py:4180} INFO - Setting next_dagrun for dataset_s3_bucket_consumer_with_no_taskflow to None, run_after=None
[2025-08-20T08:26:00.332+0000] {logging_mixin.py:190} INFO - [2025-08-20T08:26:00.332+0000] {dag.py:4180} INFO - Setting next_dagrun for dataset_s3_bucket_producer_with_no_taskflow to None, run_after=None
[2025-08-20T08:26:00.627+0000] {processor.py:208} INFO - Processing /home/airflow/.local/lib/python3.12/site-packages/airflow/example_dags/example_dataset_alias_with_no_taskflow.py took 0.580 seconds
[2025-08-20T08:26:31.636+0000] {processor.py:186} INFO - Started process (PID=130) to work on /home/airflow/.local/lib/python3.12/site-packages/airflow/example_dags/example_dataset_alias_with_no_taskflow.py
[2025-08-20T08:26:31.637+0000] {processor.py:914} INFO - Processing file /home/airflow/.local/lib/python3.12/site-packages/airflow/example_dags/example_dataset_alias_with_no_taskflow.py for tasks to queue
[2025-08-20T08:26:31.640+0000] {logging_mixin.py:190} INFO - [2025-08-20T08:26:31.639+0000] {dagbag.py:588} INFO - Filling up the DagBag from /home/airflow/.local/lib/python3.12/site-packages/airflow/example_dags/example_dataset_alias_with_no_taskflow.py
[2025-08-20T08:26:31.841+0000] {processor.py:925} INFO - DAG(s) 'dataset_alias_example_alias_consumer_with_no_taskflow', 'dataset_s3_bucket_producer_with_no_taskflow', 'dataset_alias_example_alias_producer_with_no_taskflow', 'dataset_s3_bucket_consumer_with_no_taskflow' retrieved from /home/airflow/.local/lib/python3.12/site-packages/airflow/example_dags/example_dataset_alias_with_no_taskflow.py
[2025-08-20T08:26:31.864+0000] {logging_mixin.py:190} INFO - [2025-08-20T08:26:31.864+0000] {dag.py:3239} INFO - Sync 4 DAGs
[2025-08-20T08:26:31.895+0000] {logging_mixin.py:190} INFO - [2025-08-20T08:26:31.895+0000] {dag.py:4180} INFO - Setting next_dagrun for dataset_alias_example_alias_consumer_with_no_taskflow to None, run_after=None
[2025-08-20T08:26:31.898+0000] {logging_mixin.py:190} INFO - [2025-08-20T08:26:31.897+0000] {dag.py:4180} INFO - Setting next_dagrun for dataset_alias_example_alias_producer_with_no_taskflow to None, run_after=None
[2025-08-20T08:26:31.899+0000] {logging_mixin.py:190} INFO - [2025-08-20T08:26:31.899+0000] {dag.py:4180} INFO - Setting next_dagrun for dataset_s3_bucket_consumer_with_no_taskflow to None, run_after=None
[2025-08-20T08:26:31.900+0000] {logging_mixin.py:190} INFO - [2025-08-20T08:26:31.900+0000] {dag.py:4180} INFO - Setting next_dagrun for dataset_s3_bucket_producer_with_no_taskflow to None, run_after=None
[2025-08-20T08:26:32.218+0000] {processor.py:208} INFO - Processing /home/airflow/.local/lib/python3.12/site-packages/airflow/example_dags/example_dataset_alias_with_no_taskflow.py took 0.592 seconds
[2025-08-20T08:27:02.634+0000] {processor.py:186} INFO - Started process (PID=186) to work on /home/airflow/.local/lib/python3.12/site-packages/airflow/example_dags/example_dataset_alias_with_no_taskflow.py
[2025-08-20T08:27:02.636+0000] {processor.py:914} INFO - Processing file /home/airflow/.local/lib/python3.12/site-packages/airflow/example_dags/example_dataset_alias_with_no_taskflow.py for tasks to queue
[2025-08-20T08:27:02.639+0000] {logging_mixin.py:190} INFO - [2025-08-20T08:27:02.638+0000] {dagbag.py:588} INFO - Filling up the DagBag from /home/airflow/.local/lib/python3.12/site-packages/airflow/example_dags/example_dataset_alias_with_no_taskflow.py
[2025-08-20T08:27:02.862+0000] {processor.py:925} INFO - DAG(s) 'dataset_s3_bucket_producer_with_no_taskflow', 'dataset_alias_example_alias_producer_with_no_taskflow', 'dataset_alias_example_alias_consumer_with_no_taskflow', 'dataset_s3_bucket_consumer_with_no_taskflow' retrieved from /home/airflow/.local/lib/python3.12/site-packages/airflow/example_dags/example_dataset_alias_with_no_taskflow.py
[2025-08-20T08:27:02.887+0000] {logging_mixin.py:190} INFO - [2025-08-20T08:27:02.886+0000] {dag.py:3239} INFO - Sync 4 DAGs
[2025-08-20T08:27:02.917+0000] {logging_mixin.py:190} INFO - [2025-08-20T08:27:02.917+0000] {dag.py:4180} INFO - Setting next_dagrun for dataset_alias_example_alias_consumer_with_no_taskflow to None, run_after=None
[2025-08-20T08:27:02.920+0000] {logging_mixin.py:190} INFO - [2025-08-20T08:27:02.920+0000] {dag.py:4180} INFO - Setting next_dagrun for dataset_alias_example_alias_producer_with_no_taskflow to None, run_after=None
[2025-08-20T08:27:02.921+0000] {logging_mixin.py:190} INFO - [2025-08-20T08:27:02.921+0000] {dag.py:4180} INFO - Setting next_dagrun for dataset_s3_bucket_consumer_with_no_taskflow to None, run_after=None
[2025-08-20T08:27:02.923+0000] {logging_mixin.py:190} INFO - [2025-08-20T08:27:02.922+0000] {dag.py:4180} INFO - Setting next_dagrun for dataset_s3_bucket_producer_with_no_taskflow to None, run_after=None
[2025-08-20T08:27:03.166+0000] {processor.py:208} INFO - Processing /home/airflow/.local/lib/python3.12/site-packages/airflow/example_dags/example_dataset_alias_with_no_taskflow.py took 0.541 seconds
[2025-08-20T08:27:34.049+0000] {processor.py:186} INFO - Started process (PID=242) to work on /home/airflow/.local/lib/python3.12/site-packages/airflow/example_dags/example_dataset_alias_with_no_taskflow.py
[2025-08-20T08:27:34.051+0000] {processor.py:914} INFO - Processing file /home/airflow/.local/lib/python3.12/site-packages/airflow/example_dags/example_dataset_alias_with_no_taskflow.py for tasks to queue
[2025-08-20T08:27:34.054+0000] {logging_mixin.py:190} INFO - [2025-08-20T08:27:34.054+0000] {dagbag.py:588} INFO - Filling up the DagBag from /home/airflow/.local/lib/python3.12/site-packages/airflow/example_dags/example_dataset_alias_with_no_taskflow.py
[2025-08-20T08:27:34.266+0000] {processor.py:925} INFO - DAG(s) 'dataset_s3_bucket_producer_with_no_taskflow', 'dataset_alias_example_alias_consumer_with_no_taskflow', 'dataset_alias_example_alias_producer_with_no_taskflow', 'dataset_s3_bucket_consumer_with_no_taskflow' retrieved from /home/airflow/.local/lib/python3.12/site-packages/airflow/example_dags/example_dataset_alias_with_no_taskflow.py
[2025-08-20T08:27:34.290+0000] {logging_mixin.py:190} INFO - [2025-08-20T08:27:34.290+0000] {dag.py:3239} INFO - Sync 4 DAGs
[2025-08-20T08:27:34.321+0000] {logging_mixin.py:190} INFO - [2025-08-20T08:27:34.321+0000] {dag.py:4180} INFO - Setting next_dagrun for dataset_alias_example_alias_consumer_with_no_taskflow to None, run_after=None
[2025-08-20T08:27:34.324+0000] {logging_mixin.py:190} INFO - [2025-08-20T08:27:34.324+0000] {dag.py:4180} INFO - Setting next_dagrun for dataset_alias_example_alias_producer_with_no_taskflow to None, run_after=None
[2025-08-20T08:27:34.326+0000] {logging_mixin.py:190} INFO - [2025-08-20T08:27:34.325+0000] {dag.py:4180} INFO - Setting next_dagrun for dataset_s3_bucket_consumer_with_no_taskflow to None, run_after=None
[2025-08-20T08:27:34.327+0000] {logging_mixin.py:190} INFO - [2025-08-20T08:27:34.327+0000] {dag.py:4180} INFO - Setting next_dagrun for dataset_s3_bucket_producer_with_no_taskflow to None, run_after=None
[2025-08-20T08:27:34.349+0000] {processor.py:208} INFO - Processing /home/airflow/.local/lib/python3.12/site-packages/airflow/example_dags/example_dataset_alias_with_no_taskflow.py took 0.309 seconds
[2025-08-20T08:28:04.465+0000] {processor.py:186} INFO - Started process (PID=298) to work on /home/airflow/.local/lib/python3.12/site-packages/airflow/example_dags/example_dataset_alias_with_no_taskflow.py
[2025-08-20T08:28:04.467+0000] {processor.py:914} INFO - Processing file /home/airflow/.local/lib/python3.12/site-packages/airflow/example_dags/example_dataset_alias_with_no_taskflow.py for tasks to queue
[2025-08-20T08:28:04.471+0000] {logging_mixin.py:190} INFO - [2025-08-20T08:28:04.470+0000] {dagbag.py:588} INFO - Filling up the DagBag from /home/airflow/.local/lib/python3.12/site-packages/airflow/example_dags/example_dataset_alias_with_no_taskflow.py
[2025-08-20T08:28:04.679+0000] {processor.py:925} INFO - DAG(s) 'dataset_alias_example_alias_producer_with_no_taskflow', 'dataset_alias_example_alias_consumer_with_no_taskflow', 'dataset_s3_bucket_consumer_with_no_taskflow', 'dataset_s3_bucket_producer_with_no_taskflow' retrieved from /home/airflow/.local/lib/python3.12/site-packages/airflow/example_dags/example_dataset_alias_with_no_taskflow.py
[2025-08-20T08:28:04.703+0000] {logging_mixin.py:190} INFO - [2025-08-20T08:28:04.703+0000] {dag.py:3239} INFO - Sync 4 DAGs
[2025-08-20T08:28:04.734+0000] {logging_mixin.py:190} INFO - [2025-08-20T08:28:04.734+0000] {dag.py:4180} INFO - Setting next_dagrun for dataset_alias_example_alias_consumer_with_no_taskflow to None, run_after=None
[2025-08-20T08:28:04.739+0000] {logging_mixin.py:190} INFO - [2025-08-20T08:28:04.739+0000] {dag.py:4180} INFO - Setting next_dagrun for dataset_alias_example_alias_producer_with_no_taskflow to None, run_after=None
[2025-08-20T08:28:04.741+0000] {logging_mixin.py:190} INFO - [2025-08-20T08:28:04.741+0000] {dag.py:4180} INFO - Setting next_dagrun for dataset_s3_bucket_consumer_with_no_taskflow to None, run_after=None
[2025-08-20T08:28:04.742+0000] {logging_mixin.py:190} INFO - [2025-08-20T08:28:04.742+0000] {dag.py:4180} INFO - Setting next_dagrun for dataset_s3_bucket_producer_with_no_taskflow to None, run_after=None
[2025-08-20T08:28:04.770+0000] {processor.py:208} INFO - Processing /home/airflow/.local/lib/python3.12/site-packages/airflow/example_dags/example_dataset_alias_with_no_taskflow.py took 0.315 seconds
[2025-08-20T08:28:34.922+0000] {processor.py:186} INFO - Started process (PID=356) to work on /home/airflow/.local/lib/python3.12/site-packages/airflow/example_dags/example_dataset_alias_with_no_taskflow.py
[2025-08-20T08:28:34.926+0000] {processor.py:914} INFO - Processing file /home/airflow/.local/lib/python3.12/site-packages/airflow/example_dags/example_dataset_alias_with_no_taskflow.py for tasks to queue
[2025-08-20T08:28:34.929+0000] {logging_mixin.py:190} INFO - [2025-08-20T08:28:34.929+0000] {dagbag.py:588} INFO - Filling up the DagBag from /home/airflow/.local/lib/python3.12/site-packages/airflow/example_dags/example_dataset_alias_with_no_taskflow.py
[2025-08-20T08:28:35.146+0000] {processor.py:925} INFO - DAG(s) 'dataset_s3_bucket_consumer_with_no_taskflow', 'dataset_s3_bucket_producer_with_no_taskflow', 'dataset_alias_example_alias_consumer_with_no_taskflow', 'dataset_alias_example_alias_producer_with_no_taskflow' retrieved from /home/airflow/.local/lib/python3.12/site-packages/airflow/example_dags/example_dataset_alias_with_no_taskflow.py
[2025-08-20T08:28:35.170+0000] {logging_mixin.py:190} INFO - [2025-08-20T08:28:35.169+0000] {dag.py:3239} INFO - Sync 4 DAGs
[2025-08-20T08:28:35.200+0000] {logging_mixin.py:190} INFO - [2025-08-20T08:28:35.200+0000] {dag.py:4180} INFO - Setting next_dagrun for dataset_alias_example_alias_consumer_with_no_taskflow to None, run_after=None
[2025-08-20T08:28:35.205+0000] {logging_mixin.py:190} INFO - [2025-08-20T08:28:35.205+0000] {dag.py:4180} INFO - Setting next_dagrun for dataset_alias_example_alias_producer_with_no_taskflow to None, run_after=None
[2025-08-20T08:28:35.207+0000] {logging_mixin.py:190} INFO - [2025-08-20T08:28:35.207+0000] {dag.py:4180} INFO - Setting next_dagrun for dataset_s3_bucket_consumer_with_no_taskflow to None, run_after=None
[2025-08-20T08:28:35.208+0000] {logging_mixin.py:190} INFO - [2025-08-20T08:28:35.208+0000] {dag.py:4180} INFO - Setting next_dagrun for dataset_s3_bucket_producer_with_no_taskflow to None, run_after=None
[2025-08-20T08:28:35.231+0000] {processor.py:208} INFO - Processing /home/airflow/.local/lib/python3.12/site-packages/airflow/example_dags/example_dataset_alias_with_no_taskflow.py took 0.318 seconds
[2025-08-20T08:29:05.323+0000] {processor.py:186} INFO - Started process (PID=410) to work on /home/airflow/.local/lib/python3.12/site-packages/airflow/example_dags/example_dataset_alias_with_no_taskflow.py
[2025-08-20T08:29:05.324+0000] {processor.py:914} INFO - Processing file /home/airflow/.local/lib/python3.12/site-packages/airflow/example_dags/example_dataset_alias_with_no_taskflow.py for tasks to queue
[2025-08-20T08:29:05.327+0000] {logging_mixin.py:190} INFO - [2025-08-20T08:29:05.327+0000] {dagbag.py:588} INFO - Filling up the DagBag from /home/airflow/.local/lib/python3.12/site-packages/airflow/example_dags/example_dataset_alias_with_no_taskflow.py
[2025-08-20T08:29:05.560+0000] {processor.py:925} INFO - DAG(s) 'dataset_s3_bucket_producer_with_no_taskflow', 'dataset_alias_example_alias_consumer_with_no_taskflow', 'dataset_s3_bucket_consumer_with_no_taskflow', 'dataset_alias_example_alias_producer_with_no_taskflow' retrieved from /home/airflow/.local/lib/python3.12/site-packages/airflow/example_dags/example_dataset_alias_with_no_taskflow.py
[2025-08-20T08:29:05.585+0000] {logging_mixin.py:190} INFO - [2025-08-20T08:29:05.585+0000] {dag.py:3239} INFO - Sync 4 DAGs
[2025-08-20T08:29:05.617+0000] {logging_mixin.py:190} INFO - [2025-08-20T08:29:05.617+0000] {dag.py:4180} INFO - Setting next_dagrun for dataset_alias_example_alias_consumer_with_no_taskflow to None, run_after=None
[2025-08-20T08:29:05.621+0000] {logging_mixin.py:190} INFO - [2025-08-20T08:29:05.621+0000] {dag.py:4180} INFO - Setting next_dagrun for dataset_alias_example_alias_producer_with_no_taskflow to None, run_after=None
[2025-08-20T08:29:05.622+0000] {logging_mixin.py:190} INFO - [2025-08-20T08:29:05.622+0000] {dag.py:4180} INFO - Setting next_dagrun for dataset_s3_bucket_consumer_with_no_taskflow to None, run_after=None
[2025-08-20T08:29:05.624+0000] {logging_mixin.py:190} INFO - [2025-08-20T08:29:05.623+0000] {dag.py:4180} INFO - Setting next_dagrun for dataset_s3_bucket_producer_with_no_taskflow to None, run_after=None
[2025-08-20T08:29:05.650+0000] {processor.py:208} INFO - Processing /home/airflow/.local/lib/python3.12/site-packages/airflow/example_dags/example_dataset_alias_with_no_taskflow.py took 0.337 seconds
[2025-08-20T08:30:30.295+0000] {processor.py:186} INFO - Started process (PID=72) to work on /home/airflow/.local/lib/python3.12/site-packages/airflow/example_dags/example_dataset_alias_with_no_taskflow.py
[2025-08-20T08:30:30.297+0000] {processor.py:914} INFO - Processing file /home/airflow/.local/lib/python3.12/site-packages/airflow/example_dags/example_dataset_alias_with_no_taskflow.py for tasks to queue
[2025-08-20T08:30:30.300+0000] {logging_mixin.py:190} INFO - [2025-08-20T08:30:30.300+0000] {dagbag.py:588} INFO - Filling up the DagBag from /home/airflow/.local/lib/python3.12/site-packages/airflow/example_dags/example_dataset_alias_with_no_taskflow.py
[2025-08-20T08:30:30.515+0000] {processor.py:925} INFO - DAG(s) 'dataset_alias_example_alias_consumer_with_no_taskflow', 'dataset_s3_bucket_consumer_with_no_taskflow', 'dataset_s3_bucket_producer_with_no_taskflow', 'dataset_alias_example_alias_producer_with_no_taskflow' retrieved from /home/airflow/.local/lib/python3.12/site-packages/airflow/example_dags/example_dataset_alias_with_no_taskflow.py
[2025-08-20T08:30:30.540+0000] {logging_mixin.py:190} INFO - [2025-08-20T08:30:30.540+0000] {dag.py:3239} INFO - Sync 4 DAGs
[2025-08-20T08:30:30.716+0000] {logging_mixin.py:190} INFO - [2025-08-20T08:30:30.716+0000] {dag.py:4180} INFO - Setting next_dagrun for dataset_alias_example_alias_consumer_with_no_taskflow to None, run_after=None
[2025-08-20T08:30:30.719+0000] {logging_mixin.py:190} INFO - [2025-08-20T08:30:30.719+0000] {dag.py:4180} INFO - Setting next_dagrun for dataset_alias_example_alias_producer_with_no_taskflow to None, run_after=None
[2025-08-20T08:30:30.720+0000] {logging_mixin.py:190} INFO - [2025-08-20T08:30:30.720+0000] {dag.py:4180} INFO - Setting next_dagrun for dataset_s3_bucket_consumer_with_no_taskflow to None, run_after=None
[2025-08-20T08:30:30.722+0000] {logging_mixin.py:190} INFO - [2025-08-20T08:30:30.721+0000] {dag.py:4180} INFO - Setting next_dagrun for dataset_s3_bucket_producer_with_no_taskflow to None, run_after=None
[2025-08-20T08:30:30.945+0000] {processor.py:208} INFO - Processing /home/airflow/.local/lib/python3.12/site-packages/airflow/example_dags/example_dataset_alias_with_no_taskflow.py took 0.658 seconds
[2025-08-20T08:31:01.475+0000] {processor.py:186} INFO - Started process (PID=128) to work on /home/airflow/.local/lib/python3.12/site-packages/airflow/example_dags/example_dataset_alias_with_no_taskflow.py
[2025-08-20T08:31:01.477+0000] {processor.py:914} INFO - Processing file /home/airflow/.local/lib/python3.12/site-packages/airflow/example_dags/example_dataset_alias_with_no_taskflow.py for tasks to queue
[2025-08-20T08:31:01.480+0000] {logging_mixin.py:190} INFO - [2025-08-20T08:31:01.480+0000] {dagbag.py:588} INFO - Filling up the DagBag from /home/airflow/.local/lib/python3.12/site-packages/airflow/example_dags/example_dataset_alias_with_no_taskflow.py
[2025-08-20T08:31:01.690+0000] {processor.py:925} INFO - DAG(s) 'dataset_s3_bucket_producer_with_no_taskflow', 'dataset_s3_bucket_consumer_with_no_taskflow', 'dataset_alias_example_alias_consumer_with_no_taskflow', 'dataset_alias_example_alias_producer_with_no_taskflow' retrieved from /home/airflow/.local/lib/python3.12/site-packages/airflow/example_dags/example_dataset_alias_with_no_taskflow.py
[2025-08-20T08:31:01.715+0000] {logging_mixin.py:190} INFO - [2025-08-20T08:31:01.715+0000] {dag.py:3239} INFO - Sync 4 DAGs
[2025-08-20T08:31:01.747+0000] {logging_mixin.py:190} INFO - [2025-08-20T08:31:01.747+0000] {dag.py:4180} INFO - Setting next_dagrun for dataset_alias_example_alias_consumer_with_no_taskflow to None, run_after=None
[2025-08-20T08:31:01.751+0000] {logging_mixin.py:190} INFO - [2025-08-20T08:31:01.750+0000] {dag.py:4180} INFO - Setting next_dagrun for dataset_alias_example_alias_producer_with_no_taskflow to None, run_after=None
[2025-08-20T08:31:01.752+0000] {logging_mixin.py:190} INFO - [2025-08-20T08:31:01.752+0000] {dag.py:4180} INFO - Setting next_dagrun for dataset_s3_bucket_consumer_with_no_taskflow to None, run_after=None
[2025-08-20T08:31:01.753+0000] {logging_mixin.py:190} INFO - [2025-08-20T08:31:01.753+0000] {dag.py:4180} INFO - Setting next_dagrun for dataset_s3_bucket_producer_with_no_taskflow to None, run_after=None
[2025-08-20T08:31:02.078+0000] {processor.py:208} INFO - Processing /home/airflow/.local/lib/python3.12/site-packages/airflow/example_dags/example_dataset_alias_with_no_taskflow.py took 0.611 seconds
[2025-08-20T08:31:32.374+0000] {processor.py:186} INFO - Started process (PID=184) to work on /home/airflow/.local/lib/python3.12/site-packages/airflow/example_dags/example_dataset_alias_with_no_taskflow.py
[2025-08-20T08:31:32.376+0000] {processor.py:914} INFO - Processing file /home/airflow/.local/lib/python3.12/site-packages/airflow/example_dags/example_dataset_alias_with_no_taskflow.py for tasks to queue
[2025-08-20T08:31:32.379+0000] {logging_mixin.py:190} INFO - [2025-08-20T08:31:32.378+0000] {dagbag.py:588} INFO - Filling up the DagBag from /home/airflow/.local/lib/python3.12/site-packages/airflow/example_dags/example_dataset_alias_with_no_taskflow.py
[2025-08-20T08:31:32.581+0000] {processor.py:925} INFO - DAG(s) 'dataset_s3_bucket_producer_with_no_taskflow', 'dataset_alias_example_alias_consumer_with_no_taskflow', 'dataset_alias_example_alias_producer_with_no_taskflow', 'dataset_s3_bucket_consumer_with_no_taskflow' retrieved from /home/airflow/.local/lib/python3.12/site-packages/airflow/example_dags/example_dataset_alias_with_no_taskflow.py
[2025-08-20T08:31:32.605+0000] {logging_mixin.py:190} INFO - [2025-08-20T08:31:32.604+0000] {dag.py:3239} INFO - Sync 4 DAGs
[2025-08-20T08:31:32.633+0000] {logging_mixin.py:190} INFO - [2025-08-20T08:31:32.633+0000] {dag.py:4180} INFO - Setting next_dagrun for dataset_alias_example_alias_consumer_with_no_taskflow to None, run_after=None
[2025-08-20T08:31:32.636+0000] {logging_mixin.py:190} INFO - [2025-08-20T08:31:32.636+0000] {dag.py:4180} INFO - Setting next_dagrun for dataset_alias_example_alias_producer_with_no_taskflow to None, run_after=None
[2025-08-20T08:31:32.638+0000] {logging_mixin.py:190} INFO - [2025-08-20T08:31:32.638+0000] {dag.py:4180} INFO - Setting next_dagrun for dataset_s3_bucket_consumer_with_no_taskflow to None, run_after=None
[2025-08-20T08:31:32.639+0000] {logging_mixin.py:190} INFO - [2025-08-20T08:31:32.639+0000] {dag.py:4180} INFO - Setting next_dagrun for dataset_s3_bucket_producer_with_no_taskflow to None, run_after=None
[2025-08-20T08:31:32.664+0000] {processor.py:208} INFO - Processing /home/airflow/.local/lib/python3.12/site-packages/airflow/example_dags/example_dataset_alias_with_no_taskflow.py took 0.298 seconds
[2025-08-20T08:32:20.973+0000] {processor.py:186} INFO - Started process (PID=73) to work on /home/airflow/.local/lib/python3.12/site-packages/airflow/example_dags/example_dataset_alias_with_no_taskflow.py
[2025-08-20T08:32:20.974+0000] {processor.py:914} INFO - Processing file /home/airflow/.local/lib/python3.12/site-packages/airflow/example_dags/example_dataset_alias_with_no_taskflow.py for tasks to queue
[2025-08-20T08:32:20.978+0000] {logging_mixin.py:190} INFO - [2025-08-20T08:32:20.977+0000] {dagbag.py:588} INFO - Filling up the DagBag from /home/airflow/.local/lib/python3.12/site-packages/airflow/example_dags/example_dataset_alias_with_no_taskflow.py
[2025-08-20T08:32:21.195+0000] {processor.py:925} INFO - DAG(s) 'dataset_alias_example_alias_producer_with_no_taskflow', 'dataset_s3_bucket_producer_with_no_taskflow', 'dataset_alias_example_alias_consumer_with_no_taskflow', 'dataset_s3_bucket_consumer_with_no_taskflow' retrieved from /home/airflow/.local/lib/python3.12/site-packages/airflow/example_dags/example_dataset_alias_with_no_taskflow.py
[2025-08-20T08:32:21.223+0000] {logging_mixin.py:190} INFO - [2025-08-20T08:32:21.223+0000] {dag.py:3239} INFO - Sync 4 DAGs
[2025-08-20T08:32:21.263+0000] {logging_mixin.py:190} INFO - [2025-08-20T08:32:21.263+0000] {dag.py:4180} INFO - Setting next_dagrun for dataset_alias_example_alias_consumer_with_no_taskflow to None, run_after=None
[2025-08-20T08:32:21.266+0000] {logging_mixin.py:190} INFO - [2025-08-20T08:32:21.266+0000] {dag.py:4180} INFO - Setting next_dagrun for dataset_alias_example_alias_producer_with_no_taskflow to None, run_after=None
[2025-08-20T08:32:21.268+0000] {logging_mixin.py:190} INFO - [2025-08-20T08:32:21.268+0000] {dag.py:4180} INFO - Setting next_dagrun for dataset_s3_bucket_consumer_with_no_taskflow to None, run_after=None
[2025-08-20T08:32:21.269+0000] {logging_mixin.py:190} INFO - [2025-08-20T08:32:21.269+0000] {dag.py:4180} INFO - Setting next_dagrun for dataset_s3_bucket_producer_with_no_taskflow to None, run_after=None
[2025-08-20T08:32:21.294+0000] {processor.py:208} INFO - Processing /home/airflow/.local/lib/python3.12/site-packages/airflow/example_dags/example_dataset_alias_with_no_taskflow.py took 0.332 seconds
[2025-08-20T08:32:52.372+0000] {processor.py:186} INFO - Started process (PID=129) to work on /home/airflow/.local/lib/python3.12/site-packages/airflow/example_dags/example_dataset_alias_with_no_taskflow.py
[2025-08-20T08:32:52.375+0000] {processor.py:914} INFO - Processing file /home/airflow/.local/lib/python3.12/site-packages/airflow/example_dags/example_dataset_alias_with_no_taskflow.py for tasks to queue
[2025-08-20T08:32:52.378+0000] {logging_mixin.py:190} INFO - [2025-08-20T08:32:52.377+0000] {dagbag.py:588} INFO - Filling up the DagBag from /home/airflow/.local/lib/python3.12/site-packages/airflow/example_dags/example_dataset_alias_with_no_taskflow.py
[2025-08-20T08:32:52.582+0000] {processor.py:925} INFO - DAG(s) 'dataset_s3_bucket_producer_with_no_taskflow', 'dataset_alias_example_alias_consumer_with_no_taskflow', 'dataset_s3_bucket_consumer_with_no_taskflow', 'dataset_alias_example_alias_producer_with_no_taskflow' retrieved from /home/airflow/.local/lib/python3.12/site-packages/airflow/example_dags/example_dataset_alias_with_no_taskflow.py
[2025-08-20T08:32:52.607+0000] {logging_mixin.py:190} INFO - [2025-08-20T08:32:52.607+0000] {dag.py:3239} INFO - Sync 4 DAGs
[2025-08-20T08:32:52.641+0000] {logging_mixin.py:190} INFO - [2025-08-20T08:32:52.640+0000] {dag.py:4180} INFO - Setting next_dagrun for dataset_alias_example_alias_consumer_with_no_taskflow to None, run_after=None
[2025-08-20T08:32:52.644+0000] {logging_mixin.py:190} INFO - [2025-08-20T08:32:52.644+0000] {dag.py:4180} INFO - Setting next_dagrun for dataset_alias_example_alias_producer_with_no_taskflow to None, run_after=None
[2025-08-20T08:32:52.646+0000] {logging_mixin.py:190} INFO - [2025-08-20T08:32:52.645+0000] {dag.py:4180} INFO - Setting next_dagrun for dataset_s3_bucket_consumer_with_no_taskflow to None, run_after=None
[2025-08-20T08:32:52.647+0000] {logging_mixin.py:190} INFO - [2025-08-20T08:32:52.647+0000] {dag.py:4180} INFO - Setting next_dagrun for dataset_s3_bucket_producer_with_no_taskflow to None, run_after=None
[2025-08-20T08:32:52.681+0000] {processor.py:208} INFO - Processing /home/airflow/.local/lib/python3.12/site-packages/airflow/example_dags/example_dataset_alias_with_no_taskflow.py took 0.317 seconds
[2025-08-20T08:33:23.303+0000] {processor.py:186} INFO - Started process (PID=185) to work on /home/airflow/.local/lib/python3.12/site-packages/airflow/example_dags/example_dataset_alias_with_no_taskflow.py
[2025-08-20T08:33:23.305+0000] {processor.py:914} INFO - Processing file /home/airflow/.local/lib/python3.12/site-packages/airflow/example_dags/example_dataset_alias_with_no_taskflow.py for tasks to queue
[2025-08-20T08:33:23.309+0000] {logging_mixin.py:190} INFO - [2025-08-20T08:33:23.308+0000] {dagbag.py:588} INFO - Filling up the DagBag from /home/airflow/.local/lib/python3.12/site-packages/airflow/example_dags/example_dataset_alias_with_no_taskflow.py
[2025-08-20T08:33:23.534+0000] {processor.py:925} INFO - DAG(s) 'dataset_s3_bucket_producer_with_no_taskflow', 'dataset_alias_example_alias_consumer_with_no_taskflow', 'dataset_s3_bucket_consumer_with_no_taskflow', 'dataset_alias_example_alias_producer_with_no_taskflow' retrieved from /home/airflow/.local/lib/python3.12/site-packages/airflow/example_dags/example_dataset_alias_with_no_taskflow.py
[2025-08-20T08:33:23.568+0000] {logging_mixin.py:190} INFO - [2025-08-20T08:33:23.568+0000] {dag.py:3239} INFO - Sync 4 DAGs
[2025-08-20T08:33:23.606+0000] {logging_mixin.py:190} INFO - [2025-08-20T08:33:23.605+0000] {dag.py:4180} INFO - Setting next_dagrun for dataset_alias_example_alias_consumer_with_no_taskflow to None, run_after=None
[2025-08-20T08:33:23.609+0000] {logging_mixin.py:190} INFO - [2025-08-20T08:33:23.609+0000] {dag.py:4180} INFO - Setting next_dagrun for dataset_alias_example_alias_producer_with_no_taskflow to None, run_after=None
[2025-08-20T08:33:23.610+0000] {logging_mixin.py:190} INFO - [2025-08-20T08:33:23.610+0000] {dag.py:4180} INFO - Setting next_dagrun for dataset_s3_bucket_consumer_with_no_taskflow to None, run_after=None
[2025-08-20T08:33:23.611+0000] {logging_mixin.py:190} INFO - [2025-08-20T08:33:23.611+0000] {dag.py:4180} INFO - Setting next_dagrun for dataset_s3_bucket_producer_with_no_taskflow to None, run_after=None
[2025-08-20T08:33:23.643+0000] {processor.py:208} INFO - Processing /home/airflow/.local/lib/python3.12/site-packages/airflow/example_dags/example_dataset_alias_with_no_taskflow.py took 0.353 seconds
[2025-08-20T08:33:53.694+0000] {processor.py:186} INFO - Started process (PID=241) to work on /home/airflow/.local/lib/python3.12/site-packages/airflow/example_dags/example_dataset_alias_with_no_taskflow.py
[2025-08-20T08:33:53.696+0000] {processor.py:914} INFO - Processing file /home/airflow/.local/lib/python3.12/site-packages/airflow/example_dags/example_dataset_alias_with_no_taskflow.py for tasks to queue
[2025-08-20T08:33:53.699+0000] {logging_mixin.py:190} INFO - [2025-08-20T08:33:53.698+0000] {dagbag.py:588} INFO - Filling up the DagBag from /home/airflow/.local/lib/python3.12/site-packages/airflow/example_dags/example_dataset_alias_with_no_taskflow.py
[2025-08-20T08:33:53.900+0000] {processor.py:925} INFO - DAG(s) 'dataset_s3_bucket_producer_with_no_taskflow', 'dataset_alias_example_alias_producer_with_no_taskflow', 'dataset_alias_example_alias_consumer_with_no_taskflow', 'dataset_s3_bucket_consumer_with_no_taskflow' retrieved from /home/airflow/.local/lib/python3.12/site-packages/airflow/example_dags/example_dataset_alias_with_no_taskflow.py
[2025-08-20T08:33:53.923+0000] {logging_mixin.py:190} INFO - [2025-08-20T08:33:53.922+0000] {dag.py:3239} INFO - Sync 4 DAGs
[2025-08-20T08:33:53.950+0000] {logging_mixin.py:190} INFO - [2025-08-20T08:33:53.950+0000] {dag.py:4180} INFO - Setting next_dagrun for dataset_alias_example_alias_consumer_with_no_taskflow to None, run_after=None
[2025-08-20T08:33:53.953+0000] {logging_mixin.py:190} INFO - [2025-08-20T08:33:53.953+0000] {dag.py:4180} INFO - Setting next_dagrun for dataset_alias_example_alias_producer_with_no_taskflow to None, run_after=None
[2025-08-20T08:33:53.954+0000] {logging_mixin.py:190} INFO - [2025-08-20T08:33:53.954+0000] {dag.py:4180} INFO - Setting next_dagrun for dataset_s3_bucket_consumer_with_no_taskflow to None, run_after=None
[2025-08-20T08:33:53.956+0000] {logging_mixin.py:190} INFO - [2025-08-20T08:33:53.956+0000] {dag.py:4180} INFO - Setting next_dagrun for dataset_s3_bucket_producer_with_no_taskflow to None, run_after=None
[2025-08-20T08:33:53.983+0000] {processor.py:208} INFO - Processing /home/airflow/.local/lib/python3.12/site-packages/airflow/example_dags/example_dataset_alias_with_no_taskflow.py took 0.297 seconds
[2025-08-20T08:34:24.204+0000] {processor.py:186} INFO - Started process (PID=297) to work on /home/airflow/.local/lib/python3.12/site-packages/airflow/example_dags/example_dataset_alias_with_no_taskflow.py
[2025-08-20T08:34:24.205+0000] {processor.py:914} INFO - Processing file /home/airflow/.local/lib/python3.12/site-packages/airflow/example_dags/example_dataset_alias_with_no_taskflow.py for tasks to queue
[2025-08-20T08:34:24.208+0000] {logging_mixin.py:190} INFO - [2025-08-20T08:34:24.208+0000] {dagbag.py:588} INFO - Filling up the DagBag from /home/airflow/.local/lib/python3.12/site-packages/airflow/example_dags/example_dataset_alias_with_no_taskflow.py
[2025-08-20T08:34:24.412+0000] {processor.py:925} INFO - DAG(s) 'dataset_alias_example_alias_producer_with_no_taskflow', 'dataset_s3_bucket_consumer_with_no_taskflow', 'dataset_alias_example_alias_consumer_with_no_taskflow', 'dataset_s3_bucket_producer_with_no_taskflow' retrieved from /home/airflow/.local/lib/python3.12/site-packages/airflow/example_dags/example_dataset_alias_with_no_taskflow.py
[2025-08-20T08:34:24.439+0000] {logging_mixin.py:190} INFO - [2025-08-20T08:34:24.439+0000] {dag.py:3239} INFO - Sync 4 DAGs
[2025-08-20T08:34:24.467+0000] {logging_mixin.py:190} INFO - [2025-08-20T08:34:24.467+0000] {dag.py:4180} INFO - Setting next_dagrun for dataset_alias_example_alias_consumer_with_no_taskflow to None, run_after=None
[2025-08-20T08:34:24.471+0000] {logging_mixin.py:190} INFO - [2025-08-20T08:34:24.470+0000] {dag.py:4180} INFO - Setting next_dagrun for dataset_alias_example_alias_producer_with_no_taskflow to None, run_after=None
[2025-08-20T08:34:24.472+0000] {logging_mixin.py:190} INFO - [2025-08-20T08:34:24.472+0000] {dag.py:4180} INFO - Setting next_dagrun for dataset_s3_bucket_consumer_with_no_taskflow to None, run_after=None
[2025-08-20T08:34:24.473+0000] {logging_mixin.py:190} INFO - [2025-08-20T08:34:24.473+0000] {dag.py:4180} INFO - Setting next_dagrun for dataset_s3_bucket_producer_with_no_taskflow to None, run_after=None
[2025-08-20T08:34:24.497+0000] {processor.py:208} INFO - Processing /home/airflow/.local/lib/python3.12/site-packages/airflow/example_dags/example_dataset_alias_with_no_taskflow.py took 0.302 seconds
[2025-08-20T08:34:55.145+0000] {processor.py:186} INFO - Started process (PID=353) to work on /home/airflow/.local/lib/python3.12/site-packages/airflow/example_dags/example_dataset_alias_with_no_taskflow.py
[2025-08-20T08:34:55.147+0000] {processor.py:914} INFO - Processing file /home/airflow/.local/lib/python3.12/site-packages/airflow/example_dags/example_dataset_alias_with_no_taskflow.py for tasks to queue
[2025-08-20T08:34:55.150+0000] {logging_mixin.py:190} INFO - [2025-08-20T08:34:55.149+0000] {dagbag.py:588} INFO - Filling up the DagBag from /home/airflow/.local/lib/python3.12/site-packages/airflow/example_dags/example_dataset_alias_with_no_taskflow.py
[2025-08-20T08:34:55.347+0000] {processor.py:925} INFO - DAG(s) 'dataset_alias_example_alias_consumer_with_no_taskflow', 'dataset_alias_example_alias_producer_with_no_taskflow', 'dataset_s3_bucket_producer_with_no_taskflow', 'dataset_s3_bucket_consumer_with_no_taskflow' retrieved from /home/airflow/.local/lib/python3.12/site-packages/airflow/example_dags/example_dataset_alias_with_no_taskflow.py
[2025-08-20T08:34:55.370+0000] {logging_mixin.py:190} INFO - [2025-08-20T08:34:55.370+0000] {dag.py:3239} INFO - Sync 4 DAGs
[2025-08-20T08:34:55.401+0000] {logging_mixin.py:190} INFO - [2025-08-20T08:34:55.401+0000] {dag.py:4180} INFO - Setting next_dagrun for dataset_alias_example_alias_consumer_with_no_taskflow to None, run_after=None
[2025-08-20T08:34:55.404+0000] {logging_mixin.py:190} INFO - [2025-08-20T08:34:55.404+0000] {dag.py:4180} INFO - Setting next_dagrun for dataset_alias_example_alias_producer_with_no_taskflow to None, run_after=None
[2025-08-20T08:34:55.405+0000] {logging_mixin.py:190} INFO - [2025-08-20T08:34:55.405+0000] {dag.py:4180} INFO - Setting next_dagrun for dataset_s3_bucket_consumer_with_no_taskflow to None, run_after=None
[2025-08-20T08:34:55.406+0000] {logging_mixin.py:190} INFO - [2025-08-20T08:34:55.406+0000] {dag.py:4180} INFO - Setting next_dagrun for dataset_s3_bucket_producer_with_no_taskflow to None, run_after=None
[2025-08-20T08:34:55.429+0000] {processor.py:208} INFO - Processing /home/airflow/.local/lib/python3.12/site-packages/airflow/example_dags/example_dataset_alias_with_no_taskflow.py took 0.292 seconds
[2025-08-20T08:35:25.852+0000] {processor.py:186} INFO - Started process (PID=409) to work on /home/airflow/.local/lib/python3.12/site-packages/airflow/example_dags/example_dataset_alias_with_no_taskflow.py
[2025-08-20T08:35:25.854+0000] {processor.py:914} INFO - Processing file /home/airflow/.local/lib/python3.12/site-packages/airflow/example_dags/example_dataset_alias_with_no_taskflow.py for tasks to queue
[2025-08-20T08:35:25.856+0000] {logging_mixin.py:190} INFO - [2025-08-20T08:35:25.856+0000] {dagbag.py:588} INFO - Filling up the DagBag from /home/airflow/.local/lib/python3.12/site-packages/airflow/example_dags/example_dataset_alias_with_no_taskflow.py
[2025-08-20T08:35:26.061+0000] {processor.py:925} INFO - DAG(s) 'dataset_alias_example_alias_consumer_with_no_taskflow', 'dataset_alias_example_alias_producer_with_no_taskflow', 'dataset_s3_bucket_producer_with_no_taskflow', 'dataset_s3_bucket_consumer_with_no_taskflow' retrieved from /home/airflow/.local/lib/python3.12/site-packages/airflow/example_dags/example_dataset_alias_with_no_taskflow.py
[2025-08-20T08:35:26.087+0000] {logging_mixin.py:190} INFO - [2025-08-20T08:35:26.086+0000] {dag.py:3239} INFO - Sync 4 DAGs
[2025-08-20T08:35:26.117+0000] {logging_mixin.py:190} INFO - [2025-08-20T08:35:26.116+0000] {dag.py:4180} INFO - Setting next_dagrun for dataset_alias_example_alias_consumer_with_no_taskflow to None, run_after=None
[2025-08-20T08:35:26.120+0000] {logging_mixin.py:190} INFO - [2025-08-20T08:35:26.119+0000] {dag.py:4180} INFO - Setting next_dagrun for dataset_alias_example_alias_producer_with_no_taskflow to None, run_after=None
[2025-08-20T08:35:26.121+0000] {logging_mixin.py:190} INFO - [2025-08-20T08:35:26.121+0000] {dag.py:4180} INFO - Setting next_dagrun for dataset_s3_bucket_consumer_with_no_taskflow to None, run_after=None
[2025-08-20T08:35:26.122+0000] {logging_mixin.py:190} INFO - [2025-08-20T08:35:26.122+0000] {dag.py:4180} INFO - Setting next_dagrun for dataset_s3_bucket_producer_with_no_taskflow to None, run_after=None
[2025-08-20T08:35:26.148+0000] {processor.py:208} INFO - Processing /home/airflow/.local/lib/python3.12/site-packages/airflow/example_dags/example_dataset_alias_with_no_taskflow.py took 0.305 seconds
[2025-08-20T08:36:44.459+0000] {processor.py:186} INFO - Started process (PID=73) to work on /home/airflow/.local/lib/python3.12/site-packages/airflow/example_dags/example_dataset_alias_with_no_taskflow.py
[2025-08-20T08:36:44.461+0000] {processor.py:914} INFO - Processing file /home/airflow/.local/lib/python3.12/site-packages/airflow/example_dags/example_dataset_alias_with_no_taskflow.py for tasks to queue
[2025-08-20T08:36:44.465+0000] {logging_mixin.py:190} INFO - [2025-08-20T08:36:44.464+0000] {dagbag.py:588} INFO - Filling up the DagBag from /home/airflow/.local/lib/python3.12/site-packages/airflow/example_dags/example_dataset_alias_with_no_taskflow.py
[2025-08-20T08:36:44.731+0000] {processor.py:925} INFO - DAG(s) 'dataset_s3_bucket_producer_with_no_taskflow', 'dataset_alias_example_alias_consumer_with_no_taskflow', 'dataset_s3_bucket_consumer_with_no_taskflow', 'dataset_alias_example_alias_producer_with_no_taskflow' retrieved from /home/airflow/.local/lib/python3.12/site-packages/airflow/example_dags/example_dataset_alias_with_no_taskflow.py
[2025-08-20T08:36:44.756+0000] {logging_mixin.py:190} INFO - [2025-08-20T08:36:44.756+0000] {dag.py:3239} INFO - Sync 4 DAGs
[2025-08-20T08:36:44.785+0000] {logging_mixin.py:190} INFO - [2025-08-20T08:36:44.784+0000] {dag.py:4180} INFO - Setting next_dagrun for dataset_alias_example_alias_consumer_with_no_taskflow to None, run_after=None
[2025-08-20T08:36:44.788+0000] {logging_mixin.py:190} INFO - [2025-08-20T08:36:44.788+0000] {dag.py:4180} INFO - Setting next_dagrun for dataset_alias_example_alias_producer_with_no_taskflow to None, run_after=None
[2025-08-20T08:36:44.789+0000] {logging_mixin.py:190} INFO - [2025-08-20T08:36:44.789+0000] {dag.py:4180} INFO - Setting next_dagrun for dataset_s3_bucket_consumer_with_no_taskflow to None, run_after=None
[2025-08-20T08:36:44.790+0000] {logging_mixin.py:190} INFO - [2025-08-20T08:36:44.790+0000] {dag.py:4180} INFO - Setting next_dagrun for dataset_s3_bucket_producer_with_no_taskflow to None, run_after=None
[2025-08-20T08:36:44.940+0000] {processor.py:208} INFO - Processing /home/airflow/.local/lib/python3.12/site-packages/airflow/example_dags/example_dataset_alias_with_no_taskflow.py took 0.493 seconds
[2025-08-20T08:37:15.853+0000] {processor.py:186} INFO - Started process (PID=129) to work on /home/airflow/.local/lib/python3.12/site-packages/airflow/example_dags/example_dataset_alias_with_no_taskflow.py
[2025-08-20T08:37:15.854+0000] {processor.py:914} INFO - Processing file /home/airflow/.local/lib/python3.12/site-packages/airflow/example_dags/example_dataset_alias_with_no_taskflow.py for tasks to queue
[2025-08-20T08:37:15.858+0000] {logging_mixin.py:190} INFO - [2025-08-20T08:37:15.857+0000] {dagbag.py:588} INFO - Filling up the DagBag from /home/airflow/.local/lib/python3.12/site-packages/airflow/example_dags/example_dataset_alias_with_no_taskflow.py
[2025-08-20T08:37:16.091+0000] {processor.py:925} INFO - DAG(s) 'dataset_s3_bucket_consumer_with_no_taskflow', 'dataset_alias_example_alias_producer_with_no_taskflow', 'dataset_alias_example_alias_consumer_with_no_taskflow', 'dataset_s3_bucket_producer_with_no_taskflow' retrieved from /home/airflow/.local/lib/python3.12/site-packages/airflow/example_dags/example_dataset_alias_with_no_taskflow.py
[2025-08-20T08:37:16.115+0000] {logging_mixin.py:190} INFO - [2025-08-20T08:37:16.115+0000] {dag.py:3239} INFO - Sync 4 DAGs
[2025-08-20T08:37:16.147+0000] {logging_mixin.py:190} INFO - [2025-08-20T08:37:16.147+0000] {dag.py:4180} INFO - Setting next_dagrun for dataset_alias_example_alias_consumer_with_no_taskflow to None, run_after=None
[2025-08-20T08:37:16.150+0000] {logging_mixin.py:190} INFO - [2025-08-20T08:37:16.150+0000] {dag.py:4180} INFO - Setting next_dagrun for dataset_alias_example_alias_producer_with_no_taskflow to None, run_after=None
[2025-08-20T08:37:16.152+0000] {logging_mixin.py:190} INFO - [2025-08-20T08:37:16.151+0000] {dag.py:4180} INFO - Setting next_dagrun for dataset_s3_bucket_consumer_with_no_taskflow to None, run_after=None
[2025-08-20T08:37:16.153+0000] {logging_mixin.py:190} INFO - [2025-08-20T08:37:16.153+0000] {dag.py:4180} INFO - Setting next_dagrun for dataset_s3_bucket_producer_with_no_taskflow to None, run_after=None
[2025-08-20T08:37:16.378+0000] {processor.py:208} INFO - Processing /home/airflow/.local/lib/python3.12/site-packages/airflow/example_dags/example_dataset_alias_with_no_taskflow.py took 0.533 seconds
[2025-08-20T08:37:46.740+0000] {processor.py:186} INFO - Started process (PID=185) to work on /home/airflow/.local/lib/python3.12/site-packages/airflow/example_dags/example_dataset_alias_with_no_taskflow.py
[2025-08-20T08:37:46.742+0000] {processor.py:914} INFO - Processing file /home/airflow/.local/lib/python3.12/site-packages/airflow/example_dags/example_dataset_alias_with_no_taskflow.py for tasks to queue
[2025-08-20T08:37:46.745+0000] {logging_mixin.py:190} INFO - [2025-08-20T08:37:46.745+0000] {dagbag.py:588} INFO - Filling up the DagBag from /home/airflow/.local/lib/python3.12/site-packages/airflow/example_dags/example_dataset_alias_with_no_taskflow.py
[2025-08-20T08:37:46.950+0000] {processor.py:925} INFO - DAG(s) 'dataset_s3_bucket_consumer_with_no_taskflow', 'dataset_alias_example_alias_consumer_with_no_taskflow', 'dataset_s3_bucket_producer_with_no_taskflow', 'dataset_alias_example_alias_producer_with_no_taskflow' retrieved from /home/airflow/.local/lib/python3.12/site-packages/airflow/example_dags/example_dataset_alias_with_no_taskflow.py
[2025-08-20T08:37:46.973+0000] {logging_mixin.py:190} INFO - [2025-08-20T08:37:46.973+0000] {dag.py:3239} INFO - Sync 4 DAGs
[2025-08-20T08:37:47.011+0000] {logging_mixin.py:190} INFO - [2025-08-20T08:37:47.011+0000] {dag.py:4180} INFO - Setting next_dagrun for dataset_alias_example_alias_consumer_with_no_taskflow to None, run_after=None
[2025-08-20T08:37:47.014+0000] {logging_mixin.py:190} INFO - [2025-08-20T08:37:47.014+0000] {dag.py:4180} INFO - Setting next_dagrun for dataset_alias_example_alias_producer_with_no_taskflow to None, run_after=None
[2025-08-20T08:37:47.015+0000] {logging_mixin.py:190} INFO - [2025-08-20T08:37:47.015+0000] {dag.py:4180} INFO - Setting next_dagrun for dataset_s3_bucket_consumer_with_no_taskflow to None, run_after=None
[2025-08-20T08:37:47.016+0000] {logging_mixin.py:190} INFO - [2025-08-20T08:37:47.016+0000] {dag.py:4180} INFO - Setting next_dagrun for dataset_s3_bucket_producer_with_no_taskflow to None, run_after=None
[2025-08-20T08:37:47.039+0000] {processor.py:208} INFO - Processing /home/airflow/.local/lib/python3.12/site-packages/airflow/example_dags/example_dataset_alias_with_no_taskflow.py took 0.307 seconds
[2025-08-20T08:38:17.302+0000] {processor.py:186} INFO - Started process (PID=241) to work on /home/airflow/.local/lib/python3.12/site-packages/airflow/example_dags/example_dataset_alias_with_no_taskflow.py
[2025-08-20T08:38:17.303+0000] {processor.py:914} INFO - Processing file /home/airflow/.local/lib/python3.12/site-packages/airflow/example_dags/example_dataset_alias_with_no_taskflow.py for tasks to queue
[2025-08-20T08:38:17.307+0000] {logging_mixin.py:190} INFO - [2025-08-20T08:38:17.306+0000] {dagbag.py:588} INFO - Filling up the DagBag from /home/airflow/.local/lib/python3.12/site-packages/airflow/example_dags/example_dataset_alias_with_no_taskflow.py
[2025-08-20T08:38:17.506+0000] {processor.py:925} INFO - DAG(s) 'dataset_s3_bucket_producer_with_no_taskflow', 'dataset_s3_bucket_consumer_with_no_taskflow', 'dataset_alias_example_alias_producer_with_no_taskflow', 'dataset_alias_example_alias_consumer_with_no_taskflow' retrieved from /home/airflow/.local/lib/python3.12/site-packages/airflow/example_dags/example_dataset_alias_with_no_taskflow.py
[2025-08-20T08:38:17.531+0000] {logging_mixin.py:190} INFO - [2025-08-20T08:38:17.530+0000] {dag.py:3239} INFO - Sync 4 DAGs
[2025-08-20T08:38:17.563+0000] {logging_mixin.py:190} INFO - [2025-08-20T08:38:17.563+0000] {dag.py:4180} INFO - Setting next_dagrun for dataset_alias_example_alias_consumer_with_no_taskflow to None, run_after=None
[2025-08-20T08:38:17.566+0000] {logging_mixin.py:190} INFO - [2025-08-20T08:38:17.566+0000] {dag.py:4180} INFO - Setting next_dagrun for dataset_alias_example_alias_producer_with_no_taskflow to None, run_after=None
[2025-08-20T08:38:17.568+0000] {logging_mixin.py:190} INFO - [2025-08-20T08:38:17.567+0000] {dag.py:4180} INFO - Setting next_dagrun for dataset_s3_bucket_consumer_with_no_taskflow to None, run_after=None
[2025-08-20T08:38:17.569+0000] {logging_mixin.py:190} INFO - [2025-08-20T08:38:17.568+0000] {dag.py:4180} INFO - Setting next_dagrun for dataset_s3_bucket_producer_with_no_taskflow to None, run_after=None
[2025-08-20T08:38:17.595+0000] {processor.py:208} INFO - Processing /home/airflow/.local/lib/python3.12/site-packages/airflow/example_dags/example_dataset_alias_with_no_taskflow.py took 0.301 seconds
[2025-08-20T08:38:47.848+0000] {processor.py:186} INFO - Started process (PID=297) to work on /home/airflow/.local/lib/python3.12/site-packages/airflow/example_dags/example_dataset_alias_with_no_taskflow.py
[2025-08-20T08:38:47.849+0000] {processor.py:914} INFO - Processing file /home/airflow/.local/lib/python3.12/site-packages/airflow/example_dags/example_dataset_alias_with_no_taskflow.py for tasks to queue
[2025-08-20T08:38:47.852+0000] {logging_mixin.py:190} INFO - [2025-08-20T08:38:47.852+0000] {dagbag.py:588} INFO - Filling up the DagBag from /home/airflow/.local/lib/python3.12/site-packages/airflow/example_dags/example_dataset_alias_with_no_taskflow.py
[2025-08-20T08:38:48.064+0000] {processor.py:925} INFO - DAG(s) 'dataset_s3_bucket_consumer_with_no_taskflow', 'dataset_alias_example_alias_consumer_with_no_taskflow', 'dataset_alias_example_alias_producer_with_no_taskflow', 'dataset_s3_bucket_producer_with_no_taskflow' retrieved from /home/airflow/.local/lib/python3.12/site-packages/airflow/example_dags/example_dataset_alias_with_no_taskflow.py
[2025-08-20T08:38:48.089+0000] {logging_mixin.py:190} INFO - [2025-08-20T08:38:48.089+0000] {dag.py:3239} INFO - Sync 4 DAGs
[2025-08-20T08:38:48.118+0000] {logging_mixin.py:190} INFO - [2025-08-20T08:38:48.118+0000] {dag.py:4180} INFO - Setting next_dagrun for dataset_alias_example_alias_consumer_with_no_taskflow to None, run_after=None
[2025-08-20T08:38:48.121+0000] {logging_mixin.py:190} INFO - [2025-08-20T08:38:48.121+0000] {dag.py:4180} INFO - Setting next_dagrun for dataset_alias_example_alias_producer_with_no_taskflow to None, run_after=None
[2025-08-20T08:38:48.123+0000] {logging_mixin.py:190} INFO - [2025-08-20T08:38:48.123+0000] {dag.py:4180} INFO - Setting next_dagrun for dataset_s3_bucket_consumer_with_no_taskflow to None, run_after=None
[2025-08-20T08:38:48.125+0000] {logging_mixin.py:190} INFO - [2025-08-20T08:38:48.124+0000] {dag.py:4180} INFO - Setting next_dagrun for dataset_s3_bucket_producer_with_no_taskflow to None, run_after=None
[2025-08-20T08:38:48.150+0000] {processor.py:208} INFO - Processing /home/airflow/.local/lib/python3.12/site-packages/airflow/example_dags/example_dataset_alias_with_no_taskflow.py took 0.311 seconds
[2025-08-20T08:39:18.422+0000] {processor.py:186} INFO - Started process (PID=354) to work on /home/airflow/.local/lib/python3.12/site-packages/airflow/example_dags/example_dataset_alias_with_no_taskflow.py
[2025-08-20T08:39:18.423+0000] {processor.py:914} INFO - Processing file /home/airflow/.local/lib/python3.12/site-packages/airflow/example_dags/example_dataset_alias_with_no_taskflow.py for tasks to queue
[2025-08-20T08:39:18.425+0000] {logging_mixin.py:190} INFO - [2025-08-20T08:39:18.425+0000] {dagbag.py:588} INFO - Filling up the DagBag from /home/airflow/.local/lib/python3.12/site-packages/airflow/example_dags/example_dataset_alias_with_no_taskflow.py
[2025-08-20T08:39:18.628+0000] {processor.py:925} INFO - DAG(s) 'dataset_alias_example_alias_producer_with_no_taskflow', 'dataset_s3_bucket_consumer_with_no_taskflow', 'dataset_s3_bucket_producer_with_no_taskflow', 'dataset_alias_example_alias_consumer_with_no_taskflow' retrieved from /home/airflow/.local/lib/python3.12/site-packages/airflow/example_dags/example_dataset_alias_with_no_taskflow.py
[2025-08-20T08:39:18.652+0000] {logging_mixin.py:190} INFO - [2025-08-20T08:39:18.652+0000] {dag.py:3239} INFO - Sync 4 DAGs
[2025-08-20T08:39:18.681+0000] {logging_mixin.py:190} INFO - [2025-08-20T08:39:18.680+0000] {dag.py:4180} INFO - Setting next_dagrun for dataset_alias_example_alias_consumer_with_no_taskflow to None, run_after=None
[2025-08-20T08:39:18.683+0000] {logging_mixin.py:190} INFO - [2025-08-20T08:39:18.683+0000] {dag.py:4180} INFO - Setting next_dagrun for dataset_alias_example_alias_producer_with_no_taskflow to None, run_after=None
[2025-08-20T08:39:18.685+0000] {logging_mixin.py:190} INFO - [2025-08-20T08:39:18.685+0000] {dag.py:4180} INFO - Setting next_dagrun for dataset_s3_bucket_consumer_with_no_taskflow to None, run_after=None
[2025-08-20T08:39:18.686+0000] {logging_mixin.py:190} INFO - [2025-08-20T08:39:18.686+0000] {dag.py:4180} INFO - Setting next_dagrun for dataset_s3_bucket_producer_with_no_taskflow to None, run_after=None
[2025-08-20T08:39:18.708+0000] {processor.py:208} INFO - Processing /home/airflow/.local/lib/python3.12/site-packages/airflow/example_dags/example_dataset_alias_with_no_taskflow.py took 0.295 seconds
[2025-08-20T08:40:58.178+0000] {processor.py:186} INFO - Started process (PID=73) to work on /home/airflow/.local/lib/python3.12/site-packages/airflow/example_dags/example_dataset_alias_with_no_taskflow.py
[2025-08-20T08:40:58.179+0000] {processor.py:914} INFO - Processing file /home/airflow/.local/lib/python3.12/site-packages/airflow/example_dags/example_dataset_alias_with_no_taskflow.py for tasks to queue
[2025-08-20T08:40:58.182+0000] {logging_mixin.py:190} INFO - [2025-08-20T08:40:58.182+0000] {dagbag.py:588} INFO - Filling up the DagBag from /home/airflow/.local/lib/python3.12/site-packages/airflow/example_dags/example_dataset_alias_with_no_taskflow.py
[2025-08-20T08:40:58.394+0000] {processor.py:925} INFO - DAG(s) 'dataset_s3_bucket_producer_with_no_taskflow', 'dataset_s3_bucket_consumer_with_no_taskflow', 'dataset_alias_example_alias_consumer_with_no_taskflow', 'dataset_alias_example_alias_producer_with_no_taskflow' retrieved from /home/airflow/.local/lib/python3.12/site-packages/airflow/example_dags/example_dataset_alias_with_no_taskflow.py
[2025-08-20T08:40:58.426+0000] {logging_mixin.py:190} INFO - [2025-08-20T08:40:58.425+0000] {dag.py:3239} INFO - Sync 4 DAGs
[2025-08-20T08:40:58.455+0000] {logging_mixin.py:190} INFO - [2025-08-20T08:40:58.454+0000] {dag.py:4180} INFO - Setting next_dagrun for dataset_alias_example_alias_consumer_with_no_taskflow to None, run_after=None
[2025-08-20T08:40:58.458+0000] {logging_mixin.py:190} INFO - [2025-08-20T08:40:58.457+0000] {dag.py:4180} INFO - Setting next_dagrun for dataset_alias_example_alias_producer_with_no_taskflow to None, run_after=None
[2025-08-20T08:40:58.459+0000] {logging_mixin.py:190} INFO - [2025-08-20T08:40:58.459+0000] {dag.py:4180} INFO - Setting next_dagrun for dataset_s3_bucket_consumer_with_no_taskflow to None, run_after=None
[2025-08-20T08:40:58.460+0000] {logging_mixin.py:190} INFO - [2025-08-20T08:40:58.460+0000] {dag.py:4180} INFO - Setting next_dagrun for dataset_s3_bucket_producer_with_no_taskflow to None, run_after=None
[2025-08-20T08:40:58.686+0000] {processor.py:208} INFO - Processing /home/airflow/.local/lib/python3.12/site-packages/airflow/example_dags/example_dataset_alias_with_no_taskflow.py took 0.518 seconds
[2025-08-20T08:41:29.631+0000] {processor.py:186} INFO - Started process (PID=129) to work on /home/airflow/.local/lib/python3.12/site-packages/airflow/example_dags/example_dataset_alias_with_no_taskflow.py
[2025-08-20T08:41:29.632+0000] {processor.py:914} INFO - Processing file /home/airflow/.local/lib/python3.12/site-packages/airflow/example_dags/example_dataset_alias_with_no_taskflow.py for tasks to queue
[2025-08-20T08:41:29.635+0000] {logging_mixin.py:190} INFO - [2025-08-20T08:41:29.635+0000] {dagbag.py:588} INFO - Filling up the DagBag from /home/airflow/.local/lib/python3.12/site-packages/airflow/example_dags/example_dataset_alias_with_no_taskflow.py
[2025-08-20T08:41:29.842+0000] {processor.py:925} INFO - DAG(s) 'dataset_s3_bucket_producer_with_no_taskflow', 'dataset_alias_example_alias_producer_with_no_taskflow', 'dataset_s3_bucket_consumer_with_no_taskflow', 'dataset_alias_example_alias_consumer_with_no_taskflow' retrieved from /home/airflow/.local/lib/python3.12/site-packages/airflow/example_dags/example_dataset_alias_with_no_taskflow.py
[2025-08-20T08:41:29.867+0000] {logging_mixin.py:190} INFO - [2025-08-20T08:41:29.866+0000] {dag.py:3239} INFO - Sync 4 DAGs
[2025-08-20T08:41:29.898+0000] {logging_mixin.py:190} INFO - [2025-08-20T08:41:29.897+0000] {dag.py:4180} INFO - Setting next_dagrun for dataset_alias_example_alias_consumer_with_no_taskflow to None, run_after=None
[2025-08-20T08:41:29.901+0000] {logging_mixin.py:190} INFO - [2025-08-20T08:41:29.900+0000] {dag.py:4180} INFO - Setting next_dagrun for dataset_alias_example_alias_producer_with_no_taskflow to None, run_after=None
[2025-08-20T08:41:29.902+0000] {logging_mixin.py:190} INFO - [2025-08-20T08:41:29.902+0000] {dag.py:4180} INFO - Setting next_dagrun for dataset_s3_bucket_consumer_with_no_taskflow to None, run_after=None
[2025-08-20T08:41:29.903+0000] {logging_mixin.py:190} INFO - [2025-08-20T08:41:29.903+0000] {dag.py:4180} INFO - Setting next_dagrun for dataset_s3_bucket_producer_with_no_taskflow to None, run_after=None
[2025-08-20T08:41:30.210+0000] {processor.py:208} INFO - Processing /home/airflow/.local/lib/python3.12/site-packages/airflow/example_dags/example_dataset_alias_with_no_taskflow.py took 0.587 seconds
[2025-08-20T08:42:01.087+0000] {processor.py:186} INFO - Started process (PID=185) to work on /home/airflow/.local/lib/python3.12/site-packages/airflow/example_dags/example_dataset_alias_with_no_taskflow.py
[2025-08-20T08:42:01.090+0000] {processor.py:914} INFO - Processing file /home/airflow/.local/lib/python3.12/site-packages/airflow/example_dags/example_dataset_alias_with_no_taskflow.py for tasks to queue
[2025-08-20T08:42:01.094+0000] {logging_mixin.py:190} INFO - [2025-08-20T08:42:01.093+0000] {dagbag.py:588} INFO - Filling up the DagBag from /home/airflow/.local/lib/python3.12/site-packages/airflow/example_dags/example_dataset_alias_with_no_taskflow.py
[2025-08-20T08:42:01.308+0000] {processor.py:925} INFO - DAG(s) 'dataset_s3_bucket_consumer_with_no_taskflow', 'dataset_alias_example_alias_consumer_with_no_taskflow', 'dataset_alias_example_alias_producer_with_no_taskflow', 'dataset_s3_bucket_producer_with_no_taskflow' retrieved from /home/airflow/.local/lib/python3.12/site-packages/airflow/example_dags/example_dataset_alias_with_no_taskflow.py
[2025-08-20T08:42:01.335+0000] {logging_mixin.py:190} INFO - [2025-08-20T08:42:01.334+0000] {dag.py:3239} INFO - Sync 4 DAGs
[2025-08-20T08:42:01.369+0000] {logging_mixin.py:190} INFO - [2025-08-20T08:42:01.368+0000] {dag.py:4180} INFO - Setting next_dagrun for dataset_alias_example_alias_consumer_with_no_taskflow to None, run_after=None
[2025-08-20T08:42:01.372+0000] {logging_mixin.py:190} INFO - [2025-08-20T08:42:01.372+0000] {dag.py:4180} INFO - Setting next_dagrun for dataset_alias_example_alias_producer_with_no_taskflow to None, run_after=None
[2025-08-20T08:42:01.373+0000] {logging_mixin.py:190} INFO - [2025-08-20T08:42:01.373+0000] {dag.py:4180} INFO - Setting next_dagrun for dataset_s3_bucket_consumer_with_no_taskflow to None, run_after=None
[2025-08-20T08:42:01.375+0000] {logging_mixin.py:190} INFO - [2025-08-20T08:42:01.374+0000] {dag.py:4180} INFO - Setting next_dagrun for dataset_s3_bucket_producer_with_no_taskflow to None, run_after=None
[2025-08-20T08:42:01.399+0000] {processor.py:208} INFO - Processing /home/airflow/.local/lib/python3.12/site-packages/airflow/example_dags/example_dataset_alias_with_no_taskflow.py took 0.322 seconds
[2025-08-20T08:42:31.602+0000] {processor.py:186} INFO - Started process (PID=244) to work on /home/airflow/.local/lib/python3.12/site-packages/airflow/example_dags/example_dataset_alias_with_no_taskflow.py
[2025-08-20T08:42:31.603+0000] {processor.py:914} INFO - Processing file /home/airflow/.local/lib/python3.12/site-packages/airflow/example_dags/example_dataset_alias_with_no_taskflow.py for tasks to queue
[2025-08-20T08:42:31.606+0000] {logging_mixin.py:190} INFO - [2025-08-20T08:42:31.606+0000] {dagbag.py:588} INFO - Filling up the DagBag from /home/airflow/.local/lib/python3.12/site-packages/airflow/example_dags/example_dataset_alias_with_no_taskflow.py
[2025-08-20T08:42:31.821+0000] {processor.py:925} INFO - DAG(s) 'dataset_alias_example_alias_consumer_with_no_taskflow', 'dataset_alias_example_alias_producer_with_no_taskflow', 'dataset_s3_bucket_producer_with_no_taskflow', 'dataset_s3_bucket_consumer_with_no_taskflow' retrieved from /home/airflow/.local/lib/python3.12/site-packages/airflow/example_dags/example_dataset_alias_with_no_taskflow.py
[2025-08-20T08:42:31.845+0000] {logging_mixin.py:190} INFO - [2025-08-20T08:42:31.845+0000] {dag.py:3239} INFO - Sync 4 DAGs
[2025-08-20T08:42:31.875+0000] {logging_mixin.py:190} INFO - [2025-08-20T08:42:31.874+0000] {dag.py:4180} INFO - Setting next_dagrun for dataset_alias_example_alias_consumer_with_no_taskflow to None, run_after=None
[2025-08-20T08:42:31.879+0000] {logging_mixin.py:190} INFO - [2025-08-20T08:42:31.879+0000] {dag.py:4180} INFO - Setting next_dagrun for dataset_alias_example_alias_producer_with_no_taskflow to None, run_after=None
[2025-08-20T08:42:31.881+0000] {logging_mixin.py:190} INFO - [2025-08-20T08:42:31.881+0000] {dag.py:4180} INFO - Setting next_dagrun for dataset_s3_bucket_consumer_with_no_taskflow to None, run_after=None
[2025-08-20T08:42:31.882+0000] {logging_mixin.py:190} INFO - [2025-08-20T08:42:31.882+0000] {dag.py:4180} INFO - Setting next_dagrun for dataset_s3_bucket_producer_with_no_taskflow to None, run_after=None
[2025-08-20T08:42:31.908+0000] {processor.py:208} INFO - Processing /home/airflow/.local/lib/python3.12/site-packages/airflow/example_dags/example_dataset_alias_with_no_taskflow.py took 0.314 seconds
[2025-08-20T08:43:02.037+0000] {processor.py:186} INFO - Started process (PID=297) to work on /home/airflow/.local/lib/python3.12/site-packages/airflow/example_dags/example_dataset_alias_with_no_taskflow.py
[2025-08-20T08:43:02.039+0000] {processor.py:914} INFO - Processing file /home/airflow/.local/lib/python3.12/site-packages/airflow/example_dags/example_dataset_alias_with_no_taskflow.py for tasks to queue
[2025-08-20T08:43:02.042+0000] {logging_mixin.py:190} INFO - [2025-08-20T08:43:02.042+0000] {dagbag.py:588} INFO - Filling up the DagBag from /home/airflow/.local/lib/python3.12/site-packages/airflow/example_dags/example_dataset_alias_with_no_taskflow.py
[2025-08-20T08:43:02.259+0000] {processor.py:925} INFO - DAG(s) 'dataset_s3_bucket_producer_with_no_taskflow', 'dataset_alias_example_alias_producer_with_no_taskflow', 'dataset_s3_bucket_consumer_with_no_taskflow', 'dataset_alias_example_alias_consumer_with_no_taskflow' retrieved from /home/airflow/.local/lib/python3.12/site-packages/airflow/example_dags/example_dataset_alias_with_no_taskflow.py
[2025-08-20T08:43:02.282+0000] {logging_mixin.py:190} INFO - [2025-08-20T08:43:02.282+0000] {dag.py:3239} INFO - Sync 4 DAGs
[2025-08-20T08:43:02.311+0000] {logging_mixin.py:190} INFO - [2025-08-20T08:43:02.311+0000] {dag.py:4180} INFO - Setting next_dagrun for dataset_alias_example_alias_consumer_with_no_taskflow to None, run_after=None
[2025-08-20T08:43:02.314+0000] {logging_mixin.py:190} INFO - [2025-08-20T08:43:02.314+0000] {dag.py:4180} INFO - Setting next_dagrun for dataset_alias_example_alias_producer_with_no_taskflow to None, run_after=None
[2025-08-20T08:43:02.316+0000] {logging_mixin.py:190} INFO - [2025-08-20T08:43:02.316+0000] {dag.py:4180} INFO - Setting next_dagrun for dataset_s3_bucket_consumer_with_no_taskflow to None, run_after=None
[2025-08-20T08:43:02.317+0000] {logging_mixin.py:190} INFO - [2025-08-20T08:43:02.317+0000] {dag.py:4180} INFO - Setting next_dagrun for dataset_s3_bucket_producer_with_no_taskflow to None, run_after=None
[2025-08-20T08:43:02.344+0000] {processor.py:208} INFO - Processing /home/airflow/.local/lib/python3.12/site-packages/airflow/example_dags/example_dataset_alias_with_no_taskflow.py took 0.316 seconds
[2025-08-20T08:43:32.622+0000] {processor.py:186} INFO - Started process (PID=353) to work on /home/airflow/.local/lib/python3.12/site-packages/airflow/example_dags/example_dataset_alias_with_no_taskflow.py
[2025-08-20T08:43:32.623+0000] {processor.py:914} INFO - Processing file /home/airflow/.local/lib/python3.12/site-packages/airflow/example_dags/example_dataset_alias_with_no_taskflow.py for tasks to queue
[2025-08-20T08:43:32.627+0000] {logging_mixin.py:190} INFO - [2025-08-20T08:43:32.626+0000] {dagbag.py:588} INFO - Filling up the DagBag from /home/airflow/.local/lib/python3.12/site-packages/airflow/example_dags/example_dataset_alias_with_no_taskflow.py
[2025-08-20T08:43:32.843+0000] {processor.py:925} INFO - DAG(s) 'dataset_alias_example_alias_producer_with_no_taskflow', 'dataset_s3_bucket_producer_with_no_taskflow', 'dataset_alias_example_alias_consumer_with_no_taskflow', 'dataset_s3_bucket_consumer_with_no_taskflow' retrieved from /home/airflow/.local/lib/python3.12/site-packages/airflow/example_dags/example_dataset_alias_with_no_taskflow.py
[2025-08-20T08:43:32.865+0000] {logging_mixin.py:190} INFO - [2025-08-20T08:43:32.865+0000] {dag.py:3239} INFO - Sync 4 DAGs
[2025-08-20T08:43:32.892+0000] {logging_mixin.py:190} INFO - [2025-08-20T08:43:32.892+0000] {dag.py:4180} INFO - Setting next_dagrun for dataset_alias_example_alias_consumer_with_no_taskflow to None, run_after=None
[2025-08-20T08:43:32.895+0000] {logging_mixin.py:190} INFO - [2025-08-20T08:43:32.894+0000] {dag.py:4180} INFO - Setting next_dagrun for dataset_alias_example_alias_producer_with_no_taskflow to None, run_after=None
[2025-08-20T08:43:32.896+0000] {logging_mixin.py:190} INFO - [2025-08-20T08:43:32.896+0000] {dag.py:4180} INFO - Setting next_dagrun for dataset_s3_bucket_consumer_with_no_taskflow to None, run_after=None
[2025-08-20T08:43:32.898+0000] {logging_mixin.py:190} INFO - [2025-08-20T08:43:32.897+0000] {dag.py:4180} INFO - Setting next_dagrun for dataset_s3_bucket_producer_with_no_taskflow to None, run_after=None
[2025-08-20T08:43:32.928+0000] {processor.py:208} INFO - Processing /home/airflow/.local/lib/python3.12/site-packages/airflow/example_dags/example_dataset_alias_with_no_taskflow.py took 0.315 seconds
[2025-08-20T08:44:03.067+0000] {processor.py:186} INFO - Started process (PID=409) to work on /home/airflow/.local/lib/python3.12/site-packages/airflow/example_dags/example_dataset_alias_with_no_taskflow.py
[2025-08-20T08:44:03.069+0000] {processor.py:914} INFO - Processing file /home/airflow/.local/lib/python3.12/site-packages/airflow/example_dags/example_dataset_alias_with_no_taskflow.py for tasks to queue
[2025-08-20T08:44:03.072+0000] {logging_mixin.py:190} INFO - [2025-08-20T08:44:03.072+0000] {dagbag.py:588} INFO - Filling up the DagBag from /home/airflow/.local/lib/python3.12/site-packages/airflow/example_dags/example_dataset_alias_with_no_taskflow.py
[2025-08-20T08:44:03.289+0000] {processor.py:925} INFO - DAG(s) 'dataset_s3_bucket_producer_with_no_taskflow', 'dataset_alias_example_alias_producer_with_no_taskflow', 'dataset_alias_example_alias_consumer_with_no_taskflow', 'dataset_s3_bucket_consumer_with_no_taskflow' retrieved from /home/airflow/.local/lib/python3.12/site-packages/airflow/example_dags/example_dataset_alias_with_no_taskflow.py
[2025-08-20T08:44:03.315+0000] {logging_mixin.py:190} INFO - [2025-08-20T08:44:03.315+0000] {dag.py:3239} INFO - Sync 4 DAGs
[2025-08-20T08:44:03.347+0000] {logging_mixin.py:190} INFO - [2025-08-20T08:44:03.346+0000] {dag.py:4180} INFO - Setting next_dagrun for dataset_alias_example_alias_consumer_with_no_taskflow to None, run_after=None
[2025-08-20T08:44:03.350+0000] {logging_mixin.py:190} INFO - [2025-08-20T08:44:03.349+0000] {dag.py:4180} INFO - Setting next_dagrun for dataset_alias_example_alias_producer_with_no_taskflow to None, run_after=None
[2025-08-20T08:44:03.351+0000] {logging_mixin.py:190} INFO - [2025-08-20T08:44:03.351+0000] {dag.py:4180} INFO - Setting next_dagrun for dataset_s3_bucket_consumer_with_no_taskflow to None, run_after=None
[2025-08-20T08:44:03.352+0000] {logging_mixin.py:190} INFO - [2025-08-20T08:44:03.352+0000] {dag.py:4180} INFO - Setting next_dagrun for dataset_s3_bucket_producer_with_no_taskflow to None, run_after=None
[2025-08-20T08:44:03.377+0000] {processor.py:208} INFO - Processing /home/airflow/.local/lib/python3.12/site-packages/airflow/example_dags/example_dataset_alias_with_no_taskflow.py took 0.318 seconds
[2025-08-20T08:44:33.518+0000] {processor.py:186} INFO - Started process (PID=465) to work on /home/airflow/.local/lib/python3.12/site-packages/airflow/example_dags/example_dataset_alias_with_no_taskflow.py
[2025-08-20T08:44:33.520+0000] {processor.py:914} INFO - Processing file /home/airflow/.local/lib/python3.12/site-packages/airflow/example_dags/example_dataset_alias_with_no_taskflow.py for tasks to queue
[2025-08-20T08:44:33.523+0000] {logging_mixin.py:190} INFO - [2025-08-20T08:44:33.523+0000] {dagbag.py:588} INFO - Filling up the DagBag from /home/airflow/.local/lib/python3.12/site-packages/airflow/example_dags/example_dataset_alias_with_no_taskflow.py
[2025-08-20T08:44:33.729+0000] {processor.py:925} INFO - DAG(s) 'dataset_s3_bucket_consumer_with_no_taskflow', 'dataset_alias_example_alias_producer_with_no_taskflow', 'dataset_s3_bucket_producer_with_no_taskflow', 'dataset_alias_example_alias_consumer_with_no_taskflow' retrieved from /home/airflow/.local/lib/python3.12/site-packages/airflow/example_dags/example_dataset_alias_with_no_taskflow.py
[2025-08-20T08:44:33.754+0000] {logging_mixin.py:190} INFO - [2025-08-20T08:44:33.754+0000] {dag.py:3239} INFO - Sync 4 DAGs
[2025-08-20T08:44:33.788+0000] {logging_mixin.py:190} INFO - [2025-08-20T08:44:33.787+0000] {dag.py:4180} INFO - Setting next_dagrun for dataset_alias_example_alias_consumer_with_no_taskflow to None, run_after=None
[2025-08-20T08:44:33.791+0000] {logging_mixin.py:190} INFO - [2025-08-20T08:44:33.791+0000] {dag.py:4180} INFO - Setting next_dagrun for dataset_alias_example_alias_producer_with_no_taskflow to None, run_after=None
[2025-08-20T08:44:33.793+0000] {logging_mixin.py:190} INFO - [2025-08-20T08:44:33.793+0000] {dag.py:4180} INFO - Setting next_dagrun for dataset_s3_bucket_consumer_with_no_taskflow to None, run_after=None
[2025-08-20T08:44:33.794+0000] {logging_mixin.py:190} INFO - [2025-08-20T08:44:33.794+0000] {dag.py:4180} INFO - Setting next_dagrun for dataset_s3_bucket_producer_with_no_taskflow to None, run_after=None
[2025-08-20T08:44:33.821+0000] {processor.py:208} INFO - Processing /home/airflow/.local/lib/python3.12/site-packages/airflow/example_dags/example_dataset_alias_with_no_taskflow.py took 0.311 seconds
[2025-08-20T08:45:03.891+0000] {processor.py:186} INFO - Started process (PID=521) to work on /home/airflow/.local/lib/python3.12/site-packages/airflow/example_dags/example_dataset_alias_with_no_taskflow.py
[2025-08-20T08:45:03.892+0000] {processor.py:914} INFO - Processing file /home/airflow/.local/lib/python3.12/site-packages/airflow/example_dags/example_dataset_alias_with_no_taskflow.py for tasks to queue
[2025-08-20T08:45:03.895+0000] {logging_mixin.py:190} INFO - [2025-08-20T08:45:03.895+0000] {dagbag.py:588} INFO - Filling up the DagBag from /home/airflow/.local/lib/python3.12/site-packages/airflow/example_dags/example_dataset_alias_with_no_taskflow.py
[2025-08-20T08:45:04.110+0000] {processor.py:925} INFO - DAG(s) 'dataset_alias_example_alias_consumer_with_no_taskflow', 'dataset_alias_example_alias_producer_with_no_taskflow', 'dataset_s3_bucket_producer_with_no_taskflow', 'dataset_s3_bucket_consumer_with_no_taskflow' retrieved from /home/airflow/.local/lib/python3.12/site-packages/airflow/example_dags/example_dataset_alias_with_no_taskflow.py
[2025-08-20T08:45:04.145+0000] {logging_mixin.py:190} INFO - [2025-08-20T08:45:04.144+0000] {dag.py:3239} INFO - Sync 4 DAGs
[2025-08-20T08:45:04.183+0000] {logging_mixin.py:190} INFO - [2025-08-20T08:45:04.182+0000] {dag.py:4180} INFO - Setting next_dagrun for dataset_alias_example_alias_consumer_with_no_taskflow to None, run_after=None
[2025-08-20T08:45:04.187+0000] {logging_mixin.py:190} INFO - [2025-08-20T08:45:04.187+0000] {dag.py:4180} INFO - Setting next_dagrun for dataset_alias_example_alias_producer_with_no_taskflow to None, run_after=None
[2025-08-20T08:45:04.188+0000] {logging_mixin.py:190} INFO - [2025-08-20T08:45:04.188+0000] {dag.py:4180} INFO - Setting next_dagrun for dataset_s3_bucket_consumer_with_no_taskflow to None, run_after=None
[2025-08-20T08:45:04.190+0000] {logging_mixin.py:190} INFO - [2025-08-20T08:45:04.189+0000] {dag.py:4180} INFO - Setting next_dagrun for dataset_s3_bucket_producer_with_no_taskflow to None, run_after=None
[2025-08-20T08:45:04.216+0000] {processor.py:208} INFO - Processing /home/airflow/.local/lib/python3.12/site-packages/airflow/example_dags/example_dataset_alias_with_no_taskflow.py took 0.335 seconds
[2025-08-20T08:46:30.691+0000] {processor.py:186} INFO - Started process (PID=73) to work on /home/airflow/.local/lib/python3.12/site-packages/airflow/example_dags/example_dataset_alias_with_no_taskflow.py
[2025-08-20T08:46:30.692+0000] {processor.py:914} INFO - Processing file /home/airflow/.local/lib/python3.12/site-packages/airflow/example_dags/example_dataset_alias_with_no_taskflow.py for tasks to queue
[2025-08-20T08:46:30.695+0000] {logging_mixin.py:190} INFO - [2025-08-20T08:46:30.695+0000] {dagbag.py:588} INFO - Filling up the DagBag from /home/airflow/.local/lib/python3.12/site-packages/airflow/example_dags/example_dataset_alias_with_no_taskflow.py
[2025-08-20T08:46:30.905+0000] {processor.py:925} INFO - DAG(s) 'dataset_s3_bucket_producer_with_no_taskflow', 'dataset_s3_bucket_consumer_with_no_taskflow', 'dataset_alias_example_alias_producer_with_no_taskflow', 'dataset_alias_example_alias_consumer_with_no_taskflow' retrieved from /home/airflow/.local/lib/python3.12/site-packages/airflow/example_dags/example_dataset_alias_with_no_taskflow.py
[2025-08-20T08:46:30.933+0000] {logging_mixin.py:190} INFO - [2025-08-20T08:46:30.933+0000] {dag.py:3239} INFO - Sync 4 DAGs
[2025-08-20T08:46:30.962+0000] {logging_mixin.py:190} INFO - [2025-08-20T08:46:30.962+0000] {dag.py:4180} INFO - Setting next_dagrun for dataset_alias_example_alias_consumer_with_no_taskflow to None, run_after=None
[2025-08-20T08:46:30.966+0000] {logging_mixin.py:190} INFO - [2025-08-20T08:46:30.966+0000] {dag.py:4180} INFO - Setting next_dagrun for dataset_alias_example_alias_producer_with_no_taskflow to None, run_after=None
[2025-08-20T08:46:30.967+0000] {logging_mixin.py:190} INFO - [2025-08-20T08:46:30.967+0000] {dag.py:4180} INFO - Setting next_dagrun for dataset_s3_bucket_consumer_with_no_taskflow to None, run_after=None
[2025-08-20T08:46:30.969+0000] {logging_mixin.py:190} INFO - [2025-08-20T08:46:30.968+0000] {dag.py:4180} INFO - Setting next_dagrun for dataset_s3_bucket_producer_with_no_taskflow to None, run_after=None
[2025-08-20T08:46:31.094+0000] {processor.py:208} INFO - Processing /home/airflow/.local/lib/python3.12/site-packages/airflow/example_dags/example_dataset_alias_with_no_taskflow.py took 0.412 seconds
[2025-08-20T08:47:03.229+0000] {processor.py:186} INFO - Started process (PID=129) to work on /home/airflow/.local/lib/python3.12/site-packages/airflow/example_dags/example_dataset_alias_with_no_taskflow.py
[2025-08-20T08:47:03.230+0000] {processor.py:914} INFO - Processing file /home/airflow/.local/lib/python3.12/site-packages/airflow/example_dags/example_dataset_alias_with_no_taskflow.py for tasks to queue
[2025-08-20T08:47:03.234+0000] {logging_mixin.py:190} INFO - [2025-08-20T08:47:03.233+0000] {dagbag.py:588} INFO - Filling up the DagBag from /home/airflow/.local/lib/python3.12/site-packages/airflow/example_dags/example_dataset_alias_with_no_taskflow.py
[2025-08-20T08:47:03.441+0000] {processor.py:925} INFO - DAG(s) 'dataset_s3_bucket_producer_with_no_taskflow', 'dataset_alias_example_alias_producer_with_no_taskflow', 'dataset_alias_example_alias_consumer_with_no_taskflow', 'dataset_s3_bucket_consumer_with_no_taskflow' retrieved from /home/airflow/.local/lib/python3.12/site-packages/airflow/example_dags/example_dataset_alias_with_no_taskflow.py
[2025-08-20T08:47:03.465+0000] {logging_mixin.py:190} INFO - [2025-08-20T08:47:03.464+0000] {dag.py:3239} INFO - Sync 4 DAGs
[2025-08-20T08:47:03.495+0000] {logging_mixin.py:190} INFO - [2025-08-20T08:47:03.494+0000] {dag.py:4180} INFO - Setting next_dagrun for dataset_alias_example_alias_consumer_with_no_taskflow to None, run_after=None
[2025-08-20T08:47:03.498+0000] {logging_mixin.py:190} INFO - [2025-08-20T08:47:03.497+0000] {dag.py:4180} INFO - Setting next_dagrun for dataset_alias_example_alias_producer_with_no_taskflow to None, run_after=None
[2025-08-20T08:47:03.499+0000] {logging_mixin.py:190} INFO - [2025-08-20T08:47:03.499+0000] {dag.py:4180} INFO - Setting next_dagrun for dataset_s3_bucket_consumer_with_no_taskflow to None, run_after=None
[2025-08-20T08:47:03.500+0000] {logging_mixin.py:190} INFO - [2025-08-20T08:47:03.500+0000] {dag.py:4180} INFO - Setting next_dagrun for dataset_s3_bucket_producer_with_no_taskflow to None, run_after=None
[2025-08-20T08:47:03.840+0000] {processor.py:208} INFO - Processing /home/airflow/.local/lib/python3.12/site-packages/airflow/example_dags/example_dataset_alias_with_no_taskflow.py took 0.620 seconds
[2025-08-20T08:47:34.105+0000] {processor.py:186} INFO - Started process (PID=185) to work on /home/airflow/.local/lib/python3.12/site-packages/airflow/example_dags/example_dataset_alias_with_no_taskflow.py
[2025-08-20T08:47:34.108+0000] {processor.py:914} INFO - Processing file /home/airflow/.local/lib/python3.12/site-packages/airflow/example_dags/example_dataset_alias_with_no_taskflow.py for tasks to queue
[2025-08-20T08:47:34.112+0000] {logging_mixin.py:190} INFO - [2025-08-20T08:47:34.111+0000] {dagbag.py:588} INFO - Filling up the DagBag from /home/airflow/.local/lib/python3.12/site-packages/airflow/example_dags/example_dataset_alias_with_no_taskflow.py
[2025-08-20T08:47:34.319+0000] {processor.py:925} INFO - DAG(s) 'dataset_alias_example_alias_producer_with_no_taskflow', 'dataset_s3_bucket_producer_with_no_taskflow', 'dataset_s3_bucket_consumer_with_no_taskflow', 'dataset_alias_example_alias_consumer_with_no_taskflow' retrieved from /home/airflow/.local/lib/python3.12/site-packages/airflow/example_dags/example_dataset_alias_with_no_taskflow.py
[2025-08-20T08:47:34.347+0000] {logging_mixin.py:190} INFO - [2025-08-20T08:47:34.346+0000] {dag.py:3239} INFO - Sync 4 DAGs
[2025-08-20T08:47:34.376+0000] {logging_mixin.py:190} INFO - [2025-08-20T08:47:34.376+0000] {dag.py:4180} INFO - Setting next_dagrun for dataset_alias_example_alias_consumer_with_no_taskflow to None, run_after=None
[2025-08-20T08:47:34.379+0000] {logging_mixin.py:190} INFO - [2025-08-20T08:47:34.379+0000] {dag.py:4180} INFO - Setting next_dagrun for dataset_alias_example_alias_producer_with_no_taskflow to None, run_after=None
[2025-08-20T08:47:34.380+0000] {logging_mixin.py:190} INFO - [2025-08-20T08:47:34.380+0000] {dag.py:4180} INFO - Setting next_dagrun for dataset_s3_bucket_consumer_with_no_taskflow to None, run_after=None
[2025-08-20T08:47:34.382+0000] {logging_mixin.py:190} INFO - [2025-08-20T08:47:34.381+0000] {dag.py:4180} INFO - Setting next_dagrun for dataset_s3_bucket_producer_with_no_taskflow to None, run_after=None
[2025-08-20T08:47:34.409+0000] {processor.py:208} INFO - Processing /home/airflow/.local/lib/python3.12/site-packages/airflow/example_dags/example_dataset_alias_with_no_taskflow.py took 0.311 seconds
[2025-08-20T08:48:04.440+0000] {processor.py:186} INFO - Started process (PID=241) to work on /home/airflow/.local/lib/python3.12/site-packages/airflow/example_dags/example_dataset_alias_with_no_taskflow.py
[2025-08-20T08:48:04.441+0000] {processor.py:914} INFO - Processing file /home/airflow/.local/lib/python3.12/site-packages/airflow/example_dags/example_dataset_alias_with_no_taskflow.py for tasks to queue
[2025-08-20T08:48:04.444+0000] {logging_mixin.py:190} INFO - [2025-08-20T08:48:04.444+0000] {dagbag.py:588} INFO - Filling up the DagBag from /home/airflow/.local/lib/python3.12/site-packages/airflow/example_dags/example_dataset_alias_with_no_taskflow.py
[2025-08-20T08:48:04.653+0000] {processor.py:925} INFO - DAG(s) 'dataset_s3_bucket_producer_with_no_taskflow', 'dataset_s3_bucket_consumer_with_no_taskflow', 'dataset_alias_example_alias_producer_with_no_taskflow', 'dataset_alias_example_alias_consumer_with_no_taskflow' retrieved from /home/airflow/.local/lib/python3.12/site-packages/airflow/example_dags/example_dataset_alias_with_no_taskflow.py
[2025-08-20T08:48:04.676+0000] {logging_mixin.py:190} INFO - [2025-08-20T08:48:04.676+0000] {dag.py:3239} INFO - Sync 4 DAGs
[2025-08-20T08:48:04.705+0000] {logging_mixin.py:190} INFO - [2025-08-20T08:48:04.704+0000] {dag.py:4180} INFO - Setting next_dagrun for dataset_alias_example_alias_consumer_with_no_taskflow to None, run_after=None
[2025-08-20T08:48:04.708+0000] {logging_mixin.py:190} INFO - [2025-08-20T08:48:04.707+0000] {dag.py:4180} INFO - Setting next_dagrun for dataset_alias_example_alias_producer_with_no_taskflow to None, run_after=None
[2025-08-20T08:48:04.709+0000] {logging_mixin.py:190} INFO - [2025-08-20T08:48:04.709+0000] {dag.py:4180} INFO - Setting next_dagrun for dataset_s3_bucket_consumer_with_no_taskflow to None, run_after=None
[2025-08-20T08:48:04.710+0000] {logging_mixin.py:190} INFO - [2025-08-20T08:48:04.710+0000] {dag.py:4180} INFO - Setting next_dagrun for dataset_s3_bucket_producer_with_no_taskflow to None, run_after=None
[2025-08-20T08:48:04.734+0000] {processor.py:208} INFO - Processing /home/airflow/.local/lib/python3.12/site-packages/airflow/example_dags/example_dataset_alias_with_no_taskflow.py took 0.302 seconds
