[2025-08-20T08:25:44.679+0000] {processor.py:186} INFO - Started process (PID=31) to work on /home/airflow/.local/lib/python3.12/site-packages/airflow/example_dags/example_branch_python_dop_operator_3.py
[2025-08-20T08:25:44.680+0000] {processor.py:914} INFO - Processing file /home/airflow/.local/lib/python3.12/site-packages/airflow/example_dags/example_branch_python_dop_operator_3.py for tasks to queue
[2025-08-20T08:25:44.683+0000] {logging_mixin.py:190} INFO - [2025-08-20T08:25:44.682+0000] {dagbag.py:588} INFO - Filling up the DagBag from /home/airflow/.local/lib/python3.12/site-packages/airflow/example_dags/example_branch_python_dop_operator_3.py
[2025-08-20T08:25:44.704+0000] {processor.py:925} INFO - DAG(s) 'example_branch_dop_operator_v3' retrieved from /home/airflow/.local/lib/python3.12/site-packages/airflow/example_dags/example_branch_python_dop_operator_3.py
[2025-08-20T08:25:44.747+0000] {logging_mixin.py:190} INFO - [2025-08-20T08:25:44.746+0000] {dag.py:3239} INFO - Sync 1 DAGs
[2025-08-20T08:25:44.781+0000] {logging_mixin.py:190} INFO - [2025-08-20T08:25:44.780+0000] {dag.py:4180} INFO - Setting next_dagrun for example_branch_dop_operator_v3 to 2025-08-20 08:24:00+00:00, run_after=2025-08-20 08:25:00+00:00
[2025-08-20T08:25:44.974+0000] {processor.py:208} INFO - Processing /home/airflow/.local/lib/python3.12/site-packages/airflow/example_dags/example_branch_python_dop_operator_3.py took 0.304 seconds
[2025-08-20T08:26:15.504+0000] {processor.py:186} INFO - Started process (PID=87) to work on /home/airflow/.local/lib/python3.12/site-packages/airflow/example_dags/example_branch_python_dop_operator_3.py
[2025-08-20T08:26:15.506+0000] {processor.py:914} INFO - Processing file /home/airflow/.local/lib/python3.12/site-packages/airflow/example_dags/example_branch_python_dop_operator_3.py for tasks to queue
[2025-08-20T08:26:15.509+0000] {logging_mixin.py:190} INFO - [2025-08-20T08:26:15.509+0000] {dagbag.py:588} INFO - Filling up the DagBag from /home/airflow/.local/lib/python3.12/site-packages/airflow/example_dags/example_branch_python_dop_operator_3.py
[2025-08-20T08:26:15.523+0000] {processor.py:925} INFO - DAG(s) 'example_branch_dop_operator_v3' retrieved from /home/airflow/.local/lib/python3.12/site-packages/airflow/example_dags/example_branch_python_dop_operator_3.py
[2025-08-20T08:26:15.549+0000] {logging_mixin.py:190} INFO - [2025-08-20T08:26:15.549+0000] {dag.py:3239} INFO - Sync 1 DAGs
[2025-08-20T08:26:15.586+0000] {logging_mixin.py:190} INFO - [2025-08-20T08:26:15.585+0000] {dag.py:4180} INFO - Setting next_dagrun for example_branch_dop_operator_v3 to 2025-08-20 08:25:00+00:00, run_after=2025-08-20 08:26:00+00:00
[2025-08-20T08:26:15.939+0000] {processor.py:208} INFO - Processing /home/airflow/.local/lib/python3.12/site-packages/airflow/example_dags/example_branch_python_dop_operator_3.py took 0.443 seconds
[2025-08-20T08:26:46.089+0000] {processor.py:186} INFO - Started process (PID=143) to work on /home/airflow/.local/lib/python3.12/site-packages/airflow/example_dags/example_branch_python_dop_operator_3.py
[2025-08-20T08:26:46.090+0000] {processor.py:914} INFO - Processing file /home/airflow/.local/lib/python3.12/site-packages/airflow/example_dags/example_branch_python_dop_operator_3.py for tasks to queue
[2025-08-20T08:26:46.093+0000] {logging_mixin.py:190} INFO - [2025-08-20T08:26:46.093+0000] {dagbag.py:588} INFO - Filling up the DagBag from /home/airflow/.local/lib/python3.12/site-packages/airflow/example_dags/example_branch_python_dop_operator_3.py
[2025-08-20T08:26:46.107+0000] {processor.py:925} INFO - DAG(s) 'example_branch_dop_operator_v3' retrieved from /home/airflow/.local/lib/python3.12/site-packages/airflow/example_dags/example_branch_python_dop_operator_3.py
[2025-08-20T08:26:46.134+0000] {logging_mixin.py:190} INFO - [2025-08-20T08:26:46.134+0000] {dag.py:3239} INFO - Sync 1 DAGs
[2025-08-20T08:26:46.170+0000] {logging_mixin.py:190} INFO - [2025-08-20T08:26:46.169+0000] {dag.py:4180} INFO - Setting next_dagrun for example_branch_dop_operator_v3 to 2025-08-20 08:25:00+00:00, run_after=2025-08-20 08:26:00+00:00
[2025-08-20T08:26:46.484+0000] {processor.py:208} INFO - Processing /home/airflow/.local/lib/python3.12/site-packages/airflow/example_dags/example_branch_python_dop_operator_3.py took 0.405 seconds
[2025-08-20T08:27:17.241+0000] {processor.py:186} INFO - Started process (PID=199) to work on /home/airflow/.local/lib/python3.12/site-packages/airflow/example_dags/example_branch_python_dop_operator_3.py
[2025-08-20T08:27:17.243+0000] {processor.py:914} INFO - Processing file /home/airflow/.local/lib/python3.12/site-packages/airflow/example_dags/example_branch_python_dop_operator_3.py for tasks to queue
[2025-08-20T08:27:17.246+0000] {logging_mixin.py:190} INFO - [2025-08-20T08:27:17.246+0000] {dagbag.py:588} INFO - Filling up the DagBag from /home/airflow/.local/lib/python3.12/site-packages/airflow/example_dags/example_branch_python_dop_operator_3.py
[2025-08-20T08:27:17.260+0000] {processor.py:925} INFO - DAG(s) 'example_branch_dop_operator_v3' retrieved from /home/airflow/.local/lib/python3.12/site-packages/airflow/example_dags/example_branch_python_dop_operator_3.py
[2025-08-20T08:27:17.285+0000] {logging_mixin.py:190} INFO - [2025-08-20T08:27:17.284+0000] {dag.py:3239} INFO - Sync 1 DAGs
[2025-08-20T08:27:17.317+0000] {logging_mixin.py:190} INFO - [2025-08-20T08:27:17.316+0000] {dag.py:4180} INFO - Setting next_dagrun for example_branch_dop_operator_v3 to 2025-08-20 08:26:00+00:00, run_after=2025-08-20 08:27:00+00:00
[2025-08-20T08:27:17.338+0000] {processor.py:208} INFO - Processing /home/airflow/.local/lib/python3.12/site-packages/airflow/example_dags/example_branch_python_dop_operator_3.py took 0.105 seconds
[2025-08-20T08:27:47.966+0000] {processor.py:186} INFO - Started process (PID=255) to work on /home/airflow/.local/lib/python3.12/site-packages/airflow/example_dags/example_branch_python_dop_operator_3.py
[2025-08-20T08:27:47.970+0000] {processor.py:914} INFO - Processing file /home/airflow/.local/lib/python3.12/site-packages/airflow/example_dags/example_branch_python_dop_operator_3.py for tasks to queue
[2025-08-20T08:27:47.974+0000] {logging_mixin.py:190} INFO - [2025-08-20T08:27:47.973+0000] {dagbag.py:588} INFO - Filling up the DagBag from /home/airflow/.local/lib/python3.12/site-packages/airflow/example_dags/example_branch_python_dop_operator_3.py
[2025-08-20T08:27:47.991+0000] {processor.py:925} INFO - DAG(s) 'example_branch_dop_operator_v3' retrieved from /home/airflow/.local/lib/python3.12/site-packages/airflow/example_dags/example_branch_python_dop_operator_3.py
[2025-08-20T08:27:48.019+0000] {logging_mixin.py:190} INFO - [2025-08-20T08:27:48.018+0000] {dag.py:3239} INFO - Sync 1 DAGs
[2025-08-20T08:27:48.053+0000] {logging_mixin.py:190} INFO - [2025-08-20T08:27:48.053+0000] {dag.py:4180} INFO - Setting next_dagrun for example_branch_dop_operator_v3 to 2025-08-20 08:26:00+00:00, run_after=2025-08-20 08:27:00+00:00
[2025-08-20T08:27:48.076+0000] {processor.py:208} INFO - Processing /home/airflow/.local/lib/python3.12/site-packages/airflow/example_dags/example_branch_python_dop_operator_3.py took 0.121 seconds
[2025-08-20T08:28:18.350+0000] {processor.py:186} INFO - Started process (PID=311) to work on /home/airflow/.local/lib/python3.12/site-packages/airflow/example_dags/example_branch_python_dop_operator_3.py
[2025-08-20T08:28:18.352+0000] {processor.py:914} INFO - Processing file /home/airflow/.local/lib/python3.12/site-packages/airflow/example_dags/example_branch_python_dop_operator_3.py for tasks to queue
[2025-08-20T08:28:18.355+0000] {logging_mixin.py:190} INFO - [2025-08-20T08:28:18.355+0000] {dagbag.py:588} INFO - Filling up the DagBag from /home/airflow/.local/lib/python3.12/site-packages/airflow/example_dags/example_branch_python_dop_operator_3.py
[2025-08-20T08:28:18.371+0000] {processor.py:925} INFO - DAG(s) 'example_branch_dop_operator_v3' retrieved from /home/airflow/.local/lib/python3.12/site-packages/airflow/example_dags/example_branch_python_dop_operator_3.py
[2025-08-20T08:28:18.397+0000] {logging_mixin.py:190} INFO - [2025-08-20T08:28:18.396+0000] {dag.py:3239} INFO - Sync 1 DAGs
[2025-08-20T08:28:18.436+0000] {logging_mixin.py:190} INFO - [2025-08-20T08:28:18.435+0000] {dag.py:4180} INFO - Setting next_dagrun for example_branch_dop_operator_v3 to 2025-08-20 08:27:00+00:00, run_after=2025-08-20 08:28:00+00:00
[2025-08-20T08:28:18.462+0000] {processor.py:208} INFO - Processing /home/airflow/.local/lib/python3.12/site-packages/airflow/example_dags/example_branch_python_dop_operator_3.py took 0.121 seconds
[2025-08-20T08:28:48.580+0000] {processor.py:186} INFO - Started process (PID=367) to work on /home/airflow/.local/lib/python3.12/site-packages/airflow/example_dags/example_branch_python_dop_operator_3.py
[2025-08-20T08:28:48.582+0000] {processor.py:914} INFO - Processing file /home/airflow/.local/lib/python3.12/site-packages/airflow/example_dags/example_branch_python_dop_operator_3.py for tasks to queue
[2025-08-20T08:28:48.585+0000] {logging_mixin.py:190} INFO - [2025-08-20T08:28:48.584+0000] {dagbag.py:588} INFO - Filling up the DagBag from /home/airflow/.local/lib/python3.12/site-packages/airflow/example_dags/example_branch_python_dop_operator_3.py
[2025-08-20T08:28:48.599+0000] {processor.py:925} INFO - DAG(s) 'example_branch_dop_operator_v3' retrieved from /home/airflow/.local/lib/python3.12/site-packages/airflow/example_dags/example_branch_python_dop_operator_3.py
[2025-08-20T08:28:48.624+0000] {logging_mixin.py:190} INFO - [2025-08-20T08:28:48.624+0000] {dag.py:3239} INFO - Sync 1 DAGs
[2025-08-20T08:28:48.661+0000] {logging_mixin.py:190} INFO - [2025-08-20T08:28:48.661+0000] {dag.py:4180} INFO - Setting next_dagrun for example_branch_dop_operator_v3 to 2025-08-20 08:27:00+00:00, run_after=2025-08-20 08:28:00+00:00
[2025-08-20T08:28:48.685+0000] {processor.py:208} INFO - Processing /home/airflow/.local/lib/python3.12/site-packages/airflow/example_dags/example_branch_python_dop_operator_3.py took 0.113 seconds
[2025-08-20T08:29:19.237+0000] {processor.py:186} INFO - Started process (PID=423) to work on /home/airflow/.local/lib/python3.12/site-packages/airflow/example_dags/example_branch_python_dop_operator_3.py
[2025-08-20T08:29:19.239+0000] {processor.py:914} INFO - Processing file /home/airflow/.local/lib/python3.12/site-packages/airflow/example_dags/example_branch_python_dop_operator_3.py for tasks to queue
[2025-08-20T08:29:19.242+0000] {logging_mixin.py:190} INFO - [2025-08-20T08:29:19.241+0000] {dagbag.py:588} INFO - Filling up the DagBag from /home/airflow/.local/lib/python3.12/site-packages/airflow/example_dags/example_branch_python_dop_operator_3.py
[2025-08-20T08:29:19.255+0000] {processor.py:925} INFO - DAG(s) 'example_branch_dop_operator_v3' retrieved from /home/airflow/.local/lib/python3.12/site-packages/airflow/example_dags/example_branch_python_dop_operator_3.py
[2025-08-20T08:29:19.279+0000] {logging_mixin.py:190} INFO - [2025-08-20T08:29:19.278+0000] {dag.py:3239} INFO - Sync 1 DAGs
[2025-08-20T08:29:19.312+0000] {logging_mixin.py:190} INFO - [2025-08-20T08:29:19.312+0000] {dag.py:4180} INFO - Setting next_dagrun for example_branch_dop_operator_v3 to 2025-08-20 08:28:00+00:00, run_after=2025-08-20 08:29:00+00:00
[2025-08-20T08:29:19.332+0000] {processor.py:208} INFO - Processing /home/airflow/.local/lib/python3.12/site-packages/airflow/example_dags/example_branch_python_dop_operator_3.py took 0.103 seconds
[2025-08-20T08:30:19.073+0000] {processor.py:186} INFO - Started process (PID=29) to work on /home/airflow/.local/lib/python3.12/site-packages/airflow/example_dags/example_branch_python_dop_operator_3.py
[2025-08-20T08:30:19.075+0000] {processor.py:914} INFO - Processing file /home/airflow/.local/lib/python3.12/site-packages/airflow/example_dags/example_branch_python_dop_operator_3.py for tasks to queue
[2025-08-20T08:30:19.079+0000] {logging_mixin.py:190} INFO - [2025-08-20T08:30:19.078+0000] {dagbag.py:588} INFO - Filling up the DagBag from /home/airflow/.local/lib/python3.12/site-packages/airflow/example_dags/example_branch_python_dop_operator_3.py
[2025-08-20T08:30:19.100+0000] {processor.py:925} INFO - DAG(s) 'example_branch_dop_operator_v3' retrieved from /home/airflow/.local/lib/python3.12/site-packages/airflow/example_dags/example_branch_python_dop_operator_3.py
[2025-08-20T08:30:19.135+0000] {logging_mixin.py:190} INFO - [2025-08-20T08:30:19.135+0000] {dag.py:3239} INFO - Sync 1 DAGs
[2025-08-20T08:30:19.170+0000] {logging_mixin.py:190} INFO - [2025-08-20T08:30:19.170+0000] {dag.py:4180} INFO - Setting next_dagrun for example_branch_dop_operator_v3 to 2025-08-20 08:29:00+00:00, run_after=2025-08-20 08:30:00+00:00
[2025-08-20T08:30:19.430+0000] {processor.py:208} INFO - Processing /home/airflow/.local/lib/python3.12/site-packages/airflow/example_dags/example_branch_python_dop_operator_3.py took 0.369 seconds
[2025-08-20T08:30:50.349+0000] {processor.py:186} INFO - Started process (PID=85) to work on /home/airflow/.local/lib/python3.12/site-packages/airflow/example_dags/example_branch_python_dop_operator_3.py
[2025-08-20T08:30:50.351+0000] {processor.py:914} INFO - Processing file /home/airflow/.local/lib/python3.12/site-packages/airflow/example_dags/example_branch_python_dop_operator_3.py for tasks to queue
[2025-08-20T08:30:50.355+0000] {logging_mixin.py:190} INFO - [2025-08-20T08:30:50.354+0000] {dagbag.py:588} INFO - Filling up the DagBag from /home/airflow/.local/lib/python3.12/site-packages/airflow/example_dags/example_branch_python_dop_operator_3.py
[2025-08-20T08:30:50.370+0000] {processor.py:925} INFO - DAG(s) 'example_branch_dop_operator_v3' retrieved from /home/airflow/.local/lib/python3.12/site-packages/airflow/example_dags/example_branch_python_dop_operator_3.py
[2025-08-20T08:30:50.397+0000] {logging_mixin.py:190} INFO - [2025-08-20T08:30:50.397+0000] {dag.py:3239} INFO - Sync 1 DAGs
[2025-08-20T08:30:50.433+0000] {logging_mixin.py:190} INFO - [2025-08-20T08:30:50.432+0000] {dag.py:4180} INFO - Setting next_dagrun for example_branch_dop_operator_v3 to 2025-08-20 08:29:00+00:00, run_after=2025-08-20 08:30:00+00:00
[2025-08-20T08:30:50.932+0000] {processor.py:208} INFO - Processing /home/airflow/.local/lib/python3.12/site-packages/airflow/example_dags/example_branch_python_dop_operator_3.py took 0.592 seconds
[2025-08-20T08:31:21.002+0000] {processor.py:186} INFO - Started process (PID=141) to work on /home/airflow/.local/lib/python3.12/site-packages/airflow/example_dags/example_branch_python_dop_operator_3.py
[2025-08-20T08:31:21.004+0000] {processor.py:914} INFO - Processing file /home/airflow/.local/lib/python3.12/site-packages/airflow/example_dags/example_branch_python_dop_operator_3.py for tasks to queue
[2025-08-20T08:31:21.007+0000] {logging_mixin.py:190} INFO - [2025-08-20T08:31:21.007+0000] {dagbag.py:588} INFO - Filling up the DagBag from /home/airflow/.local/lib/python3.12/site-packages/airflow/example_dags/example_branch_python_dop_operator_3.py
[2025-08-20T08:31:21.023+0000] {processor.py:925} INFO - DAG(s) 'example_branch_dop_operator_v3' retrieved from /home/airflow/.local/lib/python3.12/site-packages/airflow/example_dags/example_branch_python_dop_operator_3.py
[2025-08-20T08:31:21.051+0000] {logging_mixin.py:190} INFO - [2025-08-20T08:31:21.050+0000] {dag.py:3239} INFO - Sync 1 DAGs
[2025-08-20T08:31:21.090+0000] {logging_mixin.py:190} INFO - [2025-08-20T08:31:21.090+0000] {dag.py:4180} INFO - Setting next_dagrun for example_branch_dop_operator_v3 to 2025-08-20 08:30:00+00:00, run_after=2025-08-20 08:31:00+00:00
[2025-08-20T08:31:21.378+0000] {processor.py:208} INFO - Processing /home/airflow/.local/lib/python3.12/site-packages/airflow/example_dags/example_branch_python_dop_operator_3.py took 0.385 seconds
[2025-08-20T08:31:51.485+0000] {processor.py:186} INFO - Started process (PID=197) to work on /home/airflow/.local/lib/python3.12/site-packages/airflow/example_dags/example_branch_python_dop_operator_3.py
[2025-08-20T08:31:51.486+0000] {processor.py:914} INFO - Processing file /home/airflow/.local/lib/python3.12/site-packages/airflow/example_dags/example_branch_python_dop_operator_3.py for tasks to queue
[2025-08-20T08:31:51.489+0000] {logging_mixin.py:190} INFO - [2025-08-20T08:31:51.489+0000] {dagbag.py:588} INFO - Filling up the DagBag from /home/airflow/.local/lib/python3.12/site-packages/airflow/example_dags/example_branch_python_dop_operator_3.py
[2025-08-20T08:31:51.504+0000] {processor.py:925} INFO - DAG(s) 'example_branch_dop_operator_v3' retrieved from /home/airflow/.local/lib/python3.12/site-packages/airflow/example_dags/example_branch_python_dop_operator_3.py
[2025-08-20T08:31:51.531+0000] {logging_mixin.py:190} INFO - [2025-08-20T08:31:51.530+0000] {dag.py:3239} INFO - Sync 1 DAGs
[2025-08-20T08:31:51.565+0000] {logging_mixin.py:190} INFO - [2025-08-20T08:31:51.565+0000] {dag.py:4180} INFO - Setting next_dagrun for example_branch_dop_operator_v3 to 2025-08-20 08:30:00+00:00, run_after=2025-08-20 08:31:00+00:00
[2025-08-20T08:31:51.588+0000] {processor.py:208} INFO - Processing /home/airflow/.local/lib/python3.12/site-packages/airflow/example_dags/example_branch_python_dop_operator_3.py took 0.112 seconds
[2025-08-20T08:32:16.677+0000] {processor.py:186} INFO - Started process (PID=30) to work on /home/airflow/.local/lib/python3.12/site-packages/airflow/example_dags/example_branch_python_dop_operator_3.py
[2025-08-20T08:32:16.678+0000] {processor.py:914} INFO - Processing file /home/airflow/.local/lib/python3.12/site-packages/airflow/example_dags/example_branch_python_dop_operator_3.py for tasks to queue
[2025-08-20T08:32:16.681+0000] {logging_mixin.py:190} INFO - [2025-08-20T08:32:16.681+0000] {dagbag.py:588} INFO - Filling up the DagBag from /home/airflow/.local/lib/python3.12/site-packages/airflow/example_dags/example_branch_python_dop_operator_3.py
[2025-08-20T08:32:16.696+0000] {processor.py:925} INFO - DAG(s) 'example_branch_dop_operator_v3' retrieved from /home/airflow/.local/lib/python3.12/site-packages/airflow/example_dags/example_branch_python_dop_operator_3.py
[2025-08-20T08:32:16.732+0000] {logging_mixin.py:190} INFO - [2025-08-20T08:32:16.732+0000] {dag.py:3239} INFO - Sync 1 DAGs
[2025-08-20T08:32:16.766+0000] {logging_mixin.py:190} INFO - [2025-08-20T08:32:16.766+0000] {dag.py:4180} INFO - Setting next_dagrun for example_branch_dop_operator_v3 to 2025-08-20 08:31:00+00:00, run_after=2025-08-20 08:32:00+00:00
[2025-08-20T08:32:16.787+0000] {processor.py:208} INFO - Processing /home/airflow/.local/lib/python3.12/site-packages/airflow/example_dags/example_branch_python_dop_operator_3.py took 0.118 seconds
[2025-08-20T08:32:47.146+0000] {processor.py:186} INFO - Started process (PID=86) to work on /home/airflow/.local/lib/python3.12/site-packages/airflow/example_dags/example_branch_python_dop_operator_3.py
[2025-08-20T08:32:47.147+0000] {processor.py:914} INFO - Processing file /home/airflow/.local/lib/python3.12/site-packages/airflow/example_dags/example_branch_python_dop_operator_3.py for tasks to queue
[2025-08-20T08:32:47.150+0000] {logging_mixin.py:190} INFO - [2025-08-20T08:32:47.150+0000] {dagbag.py:588} INFO - Filling up the DagBag from /home/airflow/.local/lib/python3.12/site-packages/airflow/example_dags/example_branch_python_dop_operator_3.py
[2025-08-20T08:32:47.165+0000] {processor.py:925} INFO - DAG(s) 'example_branch_dop_operator_v3' retrieved from /home/airflow/.local/lib/python3.12/site-packages/airflow/example_dags/example_branch_python_dop_operator_3.py
[2025-08-20T08:32:47.190+0000] {logging_mixin.py:190} INFO - [2025-08-20T08:32:47.190+0000] {dag.py:3239} INFO - Sync 1 DAGs
[2025-08-20T08:32:47.223+0000] {logging_mixin.py:190} INFO - [2025-08-20T08:32:47.223+0000] {dag.py:4180} INFO - Setting next_dagrun for example_branch_dop_operator_v3 to 2025-08-20 08:31:00+00:00, run_after=2025-08-20 08:32:00+00:00
[2025-08-20T08:32:47.243+0000] {processor.py:208} INFO - Processing /home/airflow/.local/lib/python3.12/site-packages/airflow/example_dags/example_branch_python_dop_operator_3.py took 0.105 seconds
[2025-08-20T08:33:17.504+0000] {processor.py:186} INFO - Started process (PID=142) to work on /home/airflow/.local/lib/python3.12/site-packages/airflow/example_dags/example_branch_python_dop_operator_3.py
[2025-08-20T08:33:17.505+0000] {processor.py:914} INFO - Processing file /home/airflow/.local/lib/python3.12/site-packages/airflow/example_dags/example_branch_python_dop_operator_3.py for tasks to queue
[2025-08-20T08:33:17.508+0000] {logging_mixin.py:190} INFO - [2025-08-20T08:33:17.508+0000] {dagbag.py:588} INFO - Filling up the DagBag from /home/airflow/.local/lib/python3.12/site-packages/airflow/example_dags/example_branch_python_dop_operator_3.py
[2025-08-20T08:33:17.522+0000] {processor.py:925} INFO - DAG(s) 'example_branch_dop_operator_v3' retrieved from /home/airflow/.local/lib/python3.12/site-packages/airflow/example_dags/example_branch_python_dop_operator_3.py
[2025-08-20T08:33:17.547+0000] {logging_mixin.py:190} INFO - [2025-08-20T08:33:17.546+0000] {dag.py:3239} INFO - Sync 1 DAGs
[2025-08-20T08:33:17.581+0000] {logging_mixin.py:190} INFO - [2025-08-20T08:33:17.581+0000] {dag.py:4180} INFO - Setting next_dagrun for example_branch_dop_operator_v3 to 2025-08-20 08:32:00+00:00, run_after=2025-08-20 08:33:00+00:00
[2025-08-20T08:33:18.028+0000] {processor.py:208} INFO - Processing /home/airflow/.local/lib/python3.12/site-packages/airflow/example_dags/example_branch_python_dop_operator_3.py took 0.532 seconds
[2025-08-20T08:33:48.348+0000] {processor.py:186} INFO - Started process (PID=198) to work on /home/airflow/.local/lib/python3.12/site-packages/airflow/example_dags/example_branch_python_dop_operator_3.py
[2025-08-20T08:33:48.351+0000] {processor.py:914} INFO - Processing file /home/airflow/.local/lib/python3.12/site-packages/airflow/example_dags/example_branch_python_dop_operator_3.py for tasks to queue
[2025-08-20T08:33:48.354+0000] {logging_mixin.py:190} INFO - [2025-08-20T08:33:48.354+0000] {dagbag.py:588} INFO - Filling up the DagBag from /home/airflow/.local/lib/python3.12/site-packages/airflow/example_dags/example_branch_python_dop_operator_3.py
[2025-08-20T08:33:48.368+0000] {processor.py:925} INFO - DAG(s) 'example_branch_dop_operator_v3' retrieved from /home/airflow/.local/lib/python3.12/site-packages/airflow/example_dags/example_branch_python_dop_operator_3.py
[2025-08-20T08:33:48.393+0000] {logging_mixin.py:190} INFO - [2025-08-20T08:33:48.392+0000] {dag.py:3239} INFO - Sync 1 DAGs
[2025-08-20T08:33:48.424+0000] {logging_mixin.py:190} INFO - [2025-08-20T08:33:48.424+0000] {dag.py:4180} INFO - Setting next_dagrun for example_branch_dop_operator_v3 to 2025-08-20 08:32:00+00:00, run_after=2025-08-20 08:33:00+00:00
[2025-08-20T08:33:48.445+0000] {processor.py:208} INFO - Processing /home/airflow/.local/lib/python3.12/site-packages/airflow/example_dags/example_branch_python_dop_operator_3.py took 0.104 seconds
[2025-08-20T08:34:18.714+0000] {processor.py:186} INFO - Started process (PID=254) to work on /home/airflow/.local/lib/python3.12/site-packages/airflow/example_dags/example_branch_python_dop_operator_3.py
[2025-08-20T08:34:18.715+0000] {processor.py:914} INFO - Processing file /home/airflow/.local/lib/python3.12/site-packages/airflow/example_dags/example_branch_python_dop_operator_3.py for tasks to queue
[2025-08-20T08:34:18.718+0000] {logging_mixin.py:190} INFO - [2025-08-20T08:34:18.718+0000] {dagbag.py:588} INFO - Filling up the DagBag from /home/airflow/.local/lib/python3.12/site-packages/airflow/example_dags/example_branch_python_dop_operator_3.py
[2025-08-20T08:34:18.732+0000] {processor.py:925} INFO - DAG(s) 'example_branch_dop_operator_v3' retrieved from /home/airflow/.local/lib/python3.12/site-packages/airflow/example_dags/example_branch_python_dop_operator_3.py
[2025-08-20T08:34:18.761+0000] {logging_mixin.py:190} INFO - [2025-08-20T08:34:18.761+0000] {dag.py:3239} INFO - Sync 1 DAGs
[2025-08-20T08:34:18.803+0000] {logging_mixin.py:190} INFO - [2025-08-20T08:34:18.803+0000] {dag.py:4180} INFO - Setting next_dagrun for example_branch_dop_operator_v3 to 2025-08-20 08:33:00+00:00, run_after=2025-08-20 08:34:00+00:00
[2025-08-20T08:34:18.825+0000] {processor.py:208} INFO - Processing /home/airflow/.local/lib/python3.12/site-packages/airflow/example_dags/example_branch_python_dop_operator_3.py took 0.119 seconds
[2025-08-20T08:34:49.460+0000] {processor.py:186} INFO - Started process (PID=310) to work on /home/airflow/.local/lib/python3.12/site-packages/airflow/example_dags/example_branch_python_dop_operator_3.py
[2025-08-20T08:34:49.462+0000] {processor.py:914} INFO - Processing file /home/airflow/.local/lib/python3.12/site-packages/airflow/example_dags/example_branch_python_dop_operator_3.py for tasks to queue
[2025-08-20T08:34:49.465+0000] {logging_mixin.py:190} INFO - [2025-08-20T08:34:49.465+0000] {dagbag.py:588} INFO - Filling up the DagBag from /home/airflow/.local/lib/python3.12/site-packages/airflow/example_dags/example_branch_python_dop_operator_3.py
[2025-08-20T08:34:49.479+0000] {processor.py:925} INFO - DAG(s) 'example_branch_dop_operator_v3' retrieved from /home/airflow/.local/lib/python3.12/site-packages/airflow/example_dags/example_branch_python_dop_operator_3.py
[2025-08-20T08:34:49.504+0000] {logging_mixin.py:190} INFO - [2025-08-20T08:34:49.504+0000] {dag.py:3239} INFO - Sync 1 DAGs
[2025-08-20T08:34:49.539+0000] {logging_mixin.py:190} INFO - [2025-08-20T08:34:49.539+0000] {dag.py:4180} INFO - Setting next_dagrun for example_branch_dop_operator_v3 to 2025-08-20 08:33:00+00:00, run_after=2025-08-20 08:34:00+00:00
[2025-08-20T08:34:49.561+0000] {processor.py:208} INFO - Processing /home/airflow/.local/lib/python3.12/site-packages/airflow/example_dags/example_branch_python_dop_operator_3.py took 0.109 seconds
[2025-08-20T08:35:20.167+0000] {processor.py:186} INFO - Started process (PID=366) to work on /home/airflow/.local/lib/python3.12/site-packages/airflow/example_dags/example_branch_python_dop_operator_3.py
[2025-08-20T08:35:20.169+0000] {processor.py:914} INFO - Processing file /home/airflow/.local/lib/python3.12/site-packages/airflow/example_dags/example_branch_python_dop_operator_3.py for tasks to queue
[2025-08-20T08:35:20.171+0000] {logging_mixin.py:190} INFO - [2025-08-20T08:35:20.171+0000] {dagbag.py:588} INFO - Filling up the DagBag from /home/airflow/.local/lib/python3.12/site-packages/airflow/example_dags/example_branch_python_dop_operator_3.py
[2025-08-20T08:35:20.185+0000] {processor.py:925} INFO - DAG(s) 'example_branch_dop_operator_v3' retrieved from /home/airflow/.local/lib/python3.12/site-packages/airflow/example_dags/example_branch_python_dop_operator_3.py
[2025-08-20T08:35:20.211+0000] {logging_mixin.py:190} INFO - [2025-08-20T08:35:20.210+0000] {dag.py:3239} INFO - Sync 1 DAGs
[2025-08-20T08:35:20.246+0000] {logging_mixin.py:190} INFO - [2025-08-20T08:35:20.246+0000] {dag.py:4180} INFO - Setting next_dagrun for example_branch_dop_operator_v3 to 2025-08-20 08:34:00+00:00, run_after=2025-08-20 08:35:00+00:00
[2025-08-20T08:35:20.269+0000] {processor.py:208} INFO - Processing /home/airflow/.local/lib/python3.12/site-packages/airflow/example_dags/example_branch_python_dop_operator_3.py took 0.110 seconds
[2025-08-20T08:36:33.489+0000] {processor.py:186} INFO - Started process (PID=30) to work on /home/airflow/.local/lib/python3.12/site-packages/airflow/example_dags/example_branch_python_dop_operator_3.py
[2025-08-20T08:36:33.492+0000] {processor.py:914} INFO - Processing file /home/airflow/.local/lib/python3.12/site-packages/airflow/example_dags/example_branch_python_dop_operator_3.py for tasks to queue
[2025-08-20T08:36:33.495+0000] {logging_mixin.py:190} INFO - [2025-08-20T08:36:33.495+0000] {dagbag.py:588} INFO - Filling up the DagBag from /home/airflow/.local/lib/python3.12/site-packages/airflow/example_dags/example_branch_python_dop_operator_3.py
[2025-08-20T08:36:33.516+0000] {processor.py:925} INFO - DAG(s) 'example_branch_dop_operator_v3' retrieved from /home/airflow/.local/lib/python3.12/site-packages/airflow/example_dags/example_branch_python_dop_operator_3.py
[2025-08-20T08:36:33.554+0000] {logging_mixin.py:190} INFO - [2025-08-20T08:36:33.554+0000] {dag.py:3239} INFO - Sync 1 DAGs
[2025-08-20T08:36:33.586+0000] {logging_mixin.py:190} INFO - [2025-08-20T08:36:33.586+0000] {dag.py:4180} INFO - Setting next_dagrun for example_branch_dop_operator_v3 to 2025-08-20 08:35:00+00:00, run_after=2025-08-20 08:36:00+00:00
[2025-08-20T08:36:33.717+0000] {processor.py:208} INFO - Processing /home/airflow/.local/lib/python3.12/site-packages/airflow/example_dags/example_branch_python_dop_operator_3.py took 0.239 seconds
[2025-08-20T08:37:04.028+0000] {processor.py:186} INFO - Started process (PID=86) to work on /home/airflow/.local/lib/python3.12/site-packages/airflow/example_dags/example_branch_python_dop_operator_3.py
[2025-08-20T08:37:04.193+0000] {processor.py:914} INFO - Processing file /home/airflow/.local/lib/python3.12/site-packages/airflow/example_dags/example_branch_python_dop_operator_3.py for tasks to queue
[2025-08-20T08:37:04.197+0000] {logging_mixin.py:190} INFO - [2025-08-20T08:37:04.196+0000] {dagbag.py:588} INFO - Filling up the DagBag from /home/airflow/.local/lib/python3.12/site-packages/airflow/example_dags/example_branch_python_dop_operator_3.py
[2025-08-20T08:37:04.210+0000] {processor.py:925} INFO - DAG(s) 'example_branch_dop_operator_v3' retrieved from /home/airflow/.local/lib/python3.12/site-packages/airflow/example_dags/example_branch_python_dop_operator_3.py
[2025-08-20T08:37:04.235+0000] {logging_mixin.py:190} INFO - [2025-08-20T08:37:04.235+0000] {dag.py:3239} INFO - Sync 1 DAGs
[2025-08-20T08:37:04.269+0000] {logging_mixin.py:190} INFO - [2025-08-20T08:37:04.269+0000] {dag.py:4180} INFO - Setting next_dagrun for example_branch_dop_operator_v3 to 2025-08-20 08:36:00+00:00, run_after=2025-08-20 08:37:00+00:00
[2025-08-20T08:37:04.612+0000] {processor.py:208} INFO - Processing /home/airflow/.local/lib/python3.12/site-packages/airflow/example_dags/example_branch_python_dop_operator_3.py took 0.592 seconds
[2025-08-20T08:37:34.910+0000] {processor.py:186} INFO - Started process (PID=143) to work on /home/airflow/.local/lib/python3.12/site-packages/airflow/example_dags/example_branch_python_dop_operator_3.py
[2025-08-20T08:37:34.911+0000] {processor.py:914} INFO - Processing file /home/airflow/.local/lib/python3.12/site-packages/airflow/example_dags/example_branch_python_dop_operator_3.py for tasks to queue
[2025-08-20T08:37:34.914+0000] {logging_mixin.py:190} INFO - [2025-08-20T08:37:34.914+0000] {dagbag.py:588} INFO - Filling up the DagBag from /home/airflow/.local/lib/python3.12/site-packages/airflow/example_dags/example_branch_python_dop_operator_3.py
[2025-08-20T08:37:34.931+0000] {processor.py:925} INFO - DAG(s) 'example_branch_dop_operator_v3' retrieved from /home/airflow/.local/lib/python3.12/site-packages/airflow/example_dags/example_branch_python_dop_operator_3.py
[2025-08-20T08:37:34.957+0000] {logging_mixin.py:190} INFO - [2025-08-20T08:37:34.956+0000] {dag.py:3239} INFO - Sync 1 DAGs
[2025-08-20T08:37:34.989+0000] {logging_mixin.py:190} INFO - [2025-08-20T08:37:34.989+0000] {dag.py:4180} INFO - Setting next_dagrun for example_branch_dop_operator_v3 to 2025-08-20 08:36:00+00:00, run_after=2025-08-20 08:37:00+00:00
[2025-08-20T08:37:35.211+0000] {processor.py:208} INFO - Processing /home/airflow/.local/lib/python3.12/site-packages/airflow/example_dags/example_branch_python_dop_operator_3.py took 0.310 seconds
[2025-08-20T08:38:05.951+0000] {processor.py:186} INFO - Started process (PID=199) to work on /home/airflow/.local/lib/python3.12/site-packages/airflow/example_dags/example_branch_python_dop_operator_3.py
[2025-08-20T08:38:05.952+0000] {processor.py:914} INFO - Processing file /home/airflow/.local/lib/python3.12/site-packages/airflow/example_dags/example_branch_python_dop_operator_3.py for tasks to queue
[2025-08-20T08:38:05.955+0000] {logging_mixin.py:190} INFO - [2025-08-20T08:38:05.955+0000] {dagbag.py:588} INFO - Filling up the DagBag from /home/airflow/.local/lib/python3.12/site-packages/airflow/example_dags/example_branch_python_dop_operator_3.py
[2025-08-20T08:38:05.968+0000] {processor.py:925} INFO - DAG(s) 'example_branch_dop_operator_v3' retrieved from /home/airflow/.local/lib/python3.12/site-packages/airflow/example_dags/example_branch_python_dop_operator_3.py
[2025-08-20T08:38:05.993+0000] {logging_mixin.py:190} INFO - [2025-08-20T08:38:05.993+0000] {dag.py:3239} INFO - Sync 1 DAGs
[2025-08-20T08:38:06.028+0000] {logging_mixin.py:190} INFO - [2025-08-20T08:38:06.028+0000] {dag.py:4180} INFO - Setting next_dagrun for example_branch_dop_operator_v3 to 2025-08-20 08:37:00+00:00, run_after=2025-08-20 08:38:00+00:00
[2025-08-20T08:38:06.048+0000] {processor.py:208} INFO - Processing /home/airflow/.local/lib/python3.12/site-packages/airflow/example_dags/example_branch_python_dop_operator_3.py took 0.105 seconds
[2025-08-20T08:38:36.411+0000] {processor.py:186} INFO - Started process (PID=255) to work on /home/airflow/.local/lib/python3.12/site-packages/airflow/example_dags/example_branch_python_dop_operator_3.py
[2025-08-20T08:38:36.413+0000] {processor.py:914} INFO - Processing file /home/airflow/.local/lib/python3.12/site-packages/airflow/example_dags/example_branch_python_dop_operator_3.py for tasks to queue
[2025-08-20T08:38:36.416+0000] {logging_mixin.py:190} INFO - [2025-08-20T08:38:36.415+0000] {dagbag.py:588} INFO - Filling up the DagBag from /home/airflow/.local/lib/python3.12/site-packages/airflow/example_dags/example_branch_python_dop_operator_3.py
[2025-08-20T08:38:36.432+0000] {processor.py:925} INFO - DAG(s) 'example_branch_dop_operator_v3' retrieved from /home/airflow/.local/lib/python3.12/site-packages/airflow/example_dags/example_branch_python_dop_operator_3.py
[2025-08-20T08:38:36.461+0000] {logging_mixin.py:190} INFO - [2025-08-20T08:38:36.460+0000] {dag.py:3239} INFO - Sync 1 DAGs
[2025-08-20T08:38:36.496+0000] {logging_mixin.py:190} INFO - [2025-08-20T08:38:36.496+0000] {dag.py:4180} INFO - Setting next_dagrun for example_branch_dop_operator_v3 to 2025-08-20 08:37:00+00:00, run_after=2025-08-20 08:38:00+00:00
[2025-08-20T08:38:36.520+0000] {processor.py:208} INFO - Processing /home/airflow/.local/lib/python3.12/site-packages/airflow/example_dags/example_branch_python_dop_operator_3.py took 0.117 seconds
[2025-08-20T08:39:06.978+0000] {processor.py:186} INFO - Started process (PID=311) to work on /home/airflow/.local/lib/python3.12/site-packages/airflow/example_dags/example_branch_python_dop_operator_3.py
[2025-08-20T08:39:06.979+0000] {processor.py:914} INFO - Processing file /home/airflow/.local/lib/python3.12/site-packages/airflow/example_dags/example_branch_python_dop_operator_3.py for tasks to queue
[2025-08-20T08:39:06.982+0000] {logging_mixin.py:190} INFO - [2025-08-20T08:39:06.981+0000] {dagbag.py:588} INFO - Filling up the DagBag from /home/airflow/.local/lib/python3.12/site-packages/airflow/example_dags/example_branch_python_dop_operator_3.py
[2025-08-20T08:39:06.995+0000] {processor.py:925} INFO - DAG(s) 'example_branch_dop_operator_v3' retrieved from /home/airflow/.local/lib/python3.12/site-packages/airflow/example_dags/example_branch_python_dop_operator_3.py
[2025-08-20T08:39:07.022+0000] {logging_mixin.py:190} INFO - [2025-08-20T08:39:07.021+0000] {dag.py:3239} INFO - Sync 1 DAGs
[2025-08-20T08:39:07.057+0000] {logging_mixin.py:190} INFO - [2025-08-20T08:39:07.057+0000] {dag.py:4180} INFO - Setting next_dagrun for example_branch_dop_operator_v3 to 2025-08-20 08:38:00+00:00, run_after=2025-08-20 08:39:00+00:00
[2025-08-20T08:39:07.079+0000] {processor.py:208} INFO - Processing /home/airflow/.local/lib/python3.12/site-packages/airflow/example_dags/example_branch_python_dop_operator_3.py took 0.110 seconds
[2025-08-20T08:40:42.481+0000] {processor.py:186} INFO - Started process (PID=30) to work on /home/airflow/.local/lib/python3.12/site-packages/airflow/example_dags/example_branch_python_dop_operator_3.py
[2025-08-20T08:40:42.482+0000] {processor.py:914} INFO - Processing file /home/airflow/.local/lib/python3.12/site-packages/airflow/example_dags/example_branch_python_dop_operator_3.py for tasks to queue
[2025-08-20T08:40:42.485+0000] {logging_mixin.py:190} INFO - [2025-08-20T08:40:42.485+0000] {dagbag.py:588} INFO - Filling up the DagBag from /home/airflow/.local/lib/python3.12/site-packages/airflow/example_dags/example_branch_python_dop_operator_3.py
[2025-08-20T08:40:42.501+0000] {processor.py:925} INFO - DAG(s) 'example_branch_dop_operator_v3' retrieved from /home/airflow/.local/lib/python3.12/site-packages/airflow/example_dags/example_branch_python_dop_operator_3.py
[2025-08-20T08:40:42.537+0000] {logging_mixin.py:190} INFO - [2025-08-20T08:40:42.537+0000] {dag.py:3239} INFO - Sync 1 DAGs
[2025-08-20T08:40:42.571+0000] {logging_mixin.py:190} INFO - [2025-08-20T08:40:42.571+0000] {dag.py:4180} INFO - Setting next_dagrun for example_branch_dop_operator_v3 to 2025-08-20 08:39:00+00:00, run_after=2025-08-20 08:40:00+00:00
[2025-08-20T08:40:42.788+0000] {processor.py:208} INFO - Processing /home/airflow/.local/lib/python3.12/site-packages/airflow/example_dags/example_branch_python_dop_operator_3.py took 0.316 seconds
[2025-08-20T08:41:13.327+0000] {processor.py:186} INFO - Started process (PID=86) to work on /home/airflow/.local/lib/python3.12/site-packages/airflow/example_dags/example_branch_python_dop_operator_3.py
[2025-08-20T08:41:13.455+0000] {processor.py:914} INFO - Processing file /home/airflow/.local/lib/python3.12/site-packages/airflow/example_dags/example_branch_python_dop_operator_3.py for tasks to queue
[2025-08-20T08:41:13.460+0000] {logging_mixin.py:190} INFO - [2025-08-20T08:41:13.459+0000] {dagbag.py:588} INFO - Filling up the DagBag from /home/airflow/.local/lib/python3.12/site-packages/airflow/example_dags/example_branch_python_dop_operator_3.py
[2025-08-20T08:41:13.477+0000] {processor.py:925} INFO - DAG(s) 'example_branch_dop_operator_v3' retrieved from /home/airflow/.local/lib/python3.12/site-packages/airflow/example_dags/example_branch_python_dop_operator_3.py
[2025-08-20T08:41:13.507+0000] {logging_mixin.py:190} INFO - [2025-08-20T08:41:13.507+0000] {dag.py:3239} INFO - Sync 1 DAGs
[2025-08-20T08:41:13.545+0000] {logging_mixin.py:190} INFO - [2025-08-20T08:41:13.545+0000] {dag.py:4180} INFO - Setting next_dagrun for example_branch_dop_operator_v3 to 2025-08-20 08:40:00+00:00, run_after=2025-08-20 08:41:00+00:00
[2025-08-20T08:41:13.678+0000] {processor.py:208} INFO - Processing /home/airflow/.local/lib/python3.12/site-packages/airflow/example_dags/example_branch_python_dop_operator_3.py took 0.361 seconds
[2025-08-20T08:41:44.486+0000] {processor.py:186} INFO - Started process (PID=142) to work on /home/airflow/.local/lib/python3.12/site-packages/airflow/example_dags/example_branch_python_dop_operator_3.py
[2025-08-20T08:41:44.487+0000] {processor.py:914} INFO - Processing file /home/airflow/.local/lib/python3.12/site-packages/airflow/example_dags/example_branch_python_dop_operator_3.py for tasks to queue
[2025-08-20T08:41:44.490+0000] {logging_mixin.py:190} INFO - [2025-08-20T08:41:44.490+0000] {dagbag.py:588} INFO - Filling up the DagBag from /home/airflow/.local/lib/python3.12/site-packages/airflow/example_dags/example_branch_python_dop_operator_3.py
[2025-08-20T08:41:44.502+0000] {processor.py:925} INFO - DAG(s) 'example_branch_dop_operator_v3' retrieved from /home/airflow/.local/lib/python3.12/site-packages/airflow/example_dags/example_branch_python_dop_operator_3.py
[2025-08-20T08:41:44.526+0000] {logging_mixin.py:190} INFO - [2025-08-20T08:41:44.525+0000] {dag.py:3239} INFO - Sync 1 DAGs
[2025-08-20T08:41:44.558+0000] {logging_mixin.py:190} INFO - [2025-08-20T08:41:44.558+0000] {dag.py:4180} INFO - Setting next_dagrun for example_branch_dop_operator_v3 to 2025-08-20 08:40:00+00:00, run_after=2025-08-20 08:41:00+00:00
[2025-08-20T08:41:44.578+0000] {processor.py:208} INFO - Processing /home/airflow/.local/lib/python3.12/site-packages/airflow/example_dags/example_branch_python_dop_operator_3.py took 0.100 seconds
[2025-08-20T08:42:14.930+0000] {processor.py:186} INFO - Started process (PID=198) to work on /home/airflow/.local/lib/python3.12/site-packages/airflow/example_dags/example_branch_python_dop_operator_3.py
[2025-08-20T08:42:14.932+0000] {processor.py:914} INFO - Processing file /home/airflow/.local/lib/python3.12/site-packages/airflow/example_dags/example_branch_python_dop_operator_3.py for tasks to queue
[2025-08-20T08:42:14.936+0000] {logging_mixin.py:190} INFO - [2025-08-20T08:42:14.935+0000] {dagbag.py:588} INFO - Filling up the DagBag from /home/airflow/.local/lib/python3.12/site-packages/airflow/example_dags/example_branch_python_dop_operator_3.py
[2025-08-20T08:42:14.953+0000] {processor.py:925} INFO - DAG(s) 'example_branch_dop_operator_v3' retrieved from /home/airflow/.local/lib/python3.12/site-packages/airflow/example_dags/example_branch_python_dop_operator_3.py
[2025-08-20T08:42:14.981+0000] {logging_mixin.py:190} INFO - [2025-08-20T08:42:14.981+0000] {dag.py:3239} INFO - Sync 1 DAGs
[2025-08-20T08:42:15.017+0000] {logging_mixin.py:190} INFO - [2025-08-20T08:42:15.017+0000] {dag.py:4180} INFO - Setting next_dagrun for example_branch_dop_operator_v3 to 2025-08-20 08:41:00+00:00, run_after=2025-08-20 08:42:00+00:00
[2025-08-20T08:42:15.038+0000] {processor.py:208} INFO - Processing /home/airflow/.local/lib/python3.12/site-packages/airflow/example_dags/example_branch_python_dop_operator_3.py took 0.118 seconds
[2025-08-20T08:42:45.322+0000] {processor.py:186} INFO - Started process (PID=254) to work on /home/airflow/.local/lib/python3.12/site-packages/airflow/example_dags/example_branch_python_dop_operator_3.py
[2025-08-20T08:42:45.324+0000] {processor.py:914} INFO - Processing file /home/airflow/.local/lib/python3.12/site-packages/airflow/example_dags/example_branch_python_dop_operator_3.py for tasks to queue
[2025-08-20T08:42:45.327+0000] {logging_mixin.py:190} INFO - [2025-08-20T08:42:45.327+0000] {dagbag.py:588} INFO - Filling up the DagBag from /home/airflow/.local/lib/python3.12/site-packages/airflow/example_dags/example_branch_python_dop_operator_3.py
[2025-08-20T08:42:45.342+0000] {processor.py:925} INFO - DAG(s) 'example_branch_dop_operator_v3' retrieved from /home/airflow/.local/lib/python3.12/site-packages/airflow/example_dags/example_branch_python_dop_operator_3.py
[2025-08-20T08:42:45.368+0000] {logging_mixin.py:190} INFO - [2025-08-20T08:42:45.367+0000] {dag.py:3239} INFO - Sync 1 DAGs
[2025-08-20T08:42:45.402+0000] {logging_mixin.py:190} INFO - [2025-08-20T08:42:45.401+0000] {dag.py:4180} INFO - Setting next_dagrun for example_branch_dop_operator_v3 to 2025-08-20 08:41:00+00:00, run_after=2025-08-20 08:42:00+00:00
[2025-08-20T08:42:45.423+0000] {processor.py:208} INFO - Processing /home/airflow/.local/lib/python3.12/site-packages/airflow/example_dags/example_branch_python_dop_operator_3.py took 0.111 seconds
[2025-08-20T08:43:16.048+0000] {processor.py:186} INFO - Started process (PID=310) to work on /home/airflow/.local/lib/python3.12/site-packages/airflow/example_dags/example_branch_python_dop_operator_3.py
[2025-08-20T08:43:16.050+0000] {processor.py:914} INFO - Processing file /home/airflow/.local/lib/python3.12/site-packages/airflow/example_dags/example_branch_python_dop_operator_3.py for tasks to queue
[2025-08-20T08:43:16.053+0000] {logging_mixin.py:190} INFO - [2025-08-20T08:43:16.053+0000] {dagbag.py:588} INFO - Filling up the DagBag from /home/airflow/.local/lib/python3.12/site-packages/airflow/example_dags/example_branch_python_dop_operator_3.py
[2025-08-20T08:43:16.067+0000] {processor.py:925} INFO - DAG(s) 'example_branch_dop_operator_v3' retrieved from /home/airflow/.local/lib/python3.12/site-packages/airflow/example_dags/example_branch_python_dop_operator_3.py
[2025-08-20T08:43:16.098+0000] {logging_mixin.py:190} INFO - [2025-08-20T08:43:16.097+0000] {dag.py:3239} INFO - Sync 1 DAGs
[2025-08-20T08:43:16.145+0000] {logging_mixin.py:190} INFO - [2025-08-20T08:43:16.145+0000] {dag.py:4180} INFO - Setting next_dagrun for example_branch_dop_operator_v3 to 2025-08-20 08:42:00+00:00, run_after=2025-08-20 08:43:00+00:00
[2025-08-20T08:43:16.171+0000] {processor.py:208} INFO - Processing /home/airflow/.local/lib/python3.12/site-packages/airflow/example_dags/example_branch_python_dop_operator_3.py took 0.132 seconds
[2025-08-20T08:43:46.519+0000] {processor.py:186} INFO - Started process (PID=366) to work on /home/airflow/.local/lib/python3.12/site-packages/airflow/example_dags/example_branch_python_dop_operator_3.py
[2025-08-20T08:43:46.521+0000] {processor.py:914} INFO - Processing file /home/airflow/.local/lib/python3.12/site-packages/airflow/example_dags/example_branch_python_dop_operator_3.py for tasks to queue
[2025-08-20T08:43:46.523+0000] {logging_mixin.py:190} INFO - [2025-08-20T08:43:46.523+0000] {dagbag.py:588} INFO - Filling up the DagBag from /home/airflow/.local/lib/python3.12/site-packages/airflow/example_dags/example_branch_python_dop_operator_3.py
[2025-08-20T08:43:46.542+0000] {processor.py:925} INFO - DAG(s) 'example_branch_dop_operator_v3' retrieved from /home/airflow/.local/lib/python3.12/site-packages/airflow/example_dags/example_branch_python_dop_operator_3.py
[2025-08-20T08:43:46.568+0000] {logging_mixin.py:190} INFO - [2025-08-20T08:43:46.568+0000] {dag.py:3239} INFO - Sync 1 DAGs
[2025-08-20T08:43:46.602+0000] {logging_mixin.py:190} INFO - [2025-08-20T08:43:46.602+0000] {dag.py:4180} INFO - Setting next_dagrun for example_branch_dop_operator_v3 to 2025-08-20 08:42:00+00:00, run_after=2025-08-20 08:43:00+00:00
[2025-08-20T08:43:46.627+0000] {processor.py:208} INFO - Processing /home/airflow/.local/lib/python3.12/site-packages/airflow/example_dags/example_branch_python_dop_operator_3.py took 0.117 seconds
[2025-08-20T08:44:16.951+0000] {processor.py:186} INFO - Started process (PID=422) to work on /home/airflow/.local/lib/python3.12/site-packages/airflow/example_dags/example_branch_python_dop_operator_3.py
[2025-08-20T08:44:16.953+0000] {processor.py:914} INFO - Processing file /home/airflow/.local/lib/python3.12/site-packages/airflow/example_dags/example_branch_python_dop_operator_3.py for tasks to queue
[2025-08-20T08:44:16.956+0000] {logging_mixin.py:190} INFO - [2025-08-20T08:44:16.955+0000] {dagbag.py:588} INFO - Filling up the DagBag from /home/airflow/.local/lib/python3.12/site-packages/airflow/example_dags/example_branch_python_dop_operator_3.py
[2025-08-20T08:44:16.970+0000] {processor.py:925} INFO - DAG(s) 'example_branch_dop_operator_v3' retrieved from /home/airflow/.local/lib/python3.12/site-packages/airflow/example_dags/example_branch_python_dop_operator_3.py
[2025-08-20T08:44:16.994+0000] {logging_mixin.py:190} INFO - [2025-08-20T08:44:16.993+0000] {dag.py:3239} INFO - Sync 1 DAGs
[2025-08-20T08:44:17.032+0000] {logging_mixin.py:190} INFO - [2025-08-20T08:44:17.032+0000] {dag.py:4180} INFO - Setting next_dagrun for example_branch_dop_operator_v3 to 2025-08-20 08:43:00+00:00, run_after=2025-08-20 08:44:00+00:00
[2025-08-20T08:44:17.053+0000] {processor.py:208} INFO - Processing /home/airflow/.local/lib/python3.12/site-packages/airflow/example_dags/example_branch_python_dop_operator_3.py took 0.109 seconds
[2025-08-20T08:44:47.394+0000] {processor.py:186} INFO - Started process (PID=478) to work on /home/airflow/.local/lib/python3.12/site-packages/airflow/example_dags/example_branch_python_dop_operator_3.py
[2025-08-20T08:44:47.395+0000] {processor.py:914} INFO - Processing file /home/airflow/.local/lib/python3.12/site-packages/airflow/example_dags/example_branch_python_dop_operator_3.py for tasks to queue
[2025-08-20T08:44:47.398+0000] {logging_mixin.py:190} INFO - [2025-08-20T08:44:47.398+0000] {dagbag.py:588} INFO - Filling up the DagBag from /home/airflow/.local/lib/python3.12/site-packages/airflow/example_dags/example_branch_python_dop_operator_3.py
[2025-08-20T08:44:47.411+0000] {processor.py:925} INFO - DAG(s) 'example_branch_dop_operator_v3' retrieved from /home/airflow/.local/lib/python3.12/site-packages/airflow/example_dags/example_branch_python_dop_operator_3.py
[2025-08-20T08:44:47.432+0000] {logging_mixin.py:190} INFO - [2025-08-20T08:44:47.432+0000] {dag.py:3239} INFO - Sync 1 DAGs
[2025-08-20T08:44:47.465+0000] {logging_mixin.py:190} INFO - [2025-08-20T08:44:47.465+0000] {dag.py:4180} INFO - Setting next_dagrun for example_branch_dop_operator_v3 to 2025-08-20 08:43:00+00:00, run_after=2025-08-20 08:44:00+00:00
[2025-08-20T08:44:47.485+0000] {processor.py:208} INFO - Processing /home/airflow/.local/lib/python3.12/site-packages/airflow/example_dags/example_branch_python_dop_operator_3.py took 0.099 seconds
[2025-08-20T08:45:17.724+0000] {processor.py:186} INFO - Started process (PID=534) to work on /home/airflow/.local/lib/python3.12/site-packages/airflow/example_dags/example_branch_python_dop_operator_3.py
[2025-08-20T08:45:17.726+0000] {processor.py:914} INFO - Processing file /home/airflow/.local/lib/python3.12/site-packages/airflow/example_dags/example_branch_python_dop_operator_3.py for tasks to queue
[2025-08-20T08:45:17.729+0000] {logging_mixin.py:190} INFO - [2025-08-20T08:45:17.728+0000] {dagbag.py:588} INFO - Filling up the DagBag from /home/airflow/.local/lib/python3.12/site-packages/airflow/example_dags/example_branch_python_dop_operator_3.py
[2025-08-20T08:45:17.744+0000] {processor.py:925} INFO - DAG(s) 'example_branch_dop_operator_v3' retrieved from /home/airflow/.local/lib/python3.12/site-packages/airflow/example_dags/example_branch_python_dop_operator_3.py
[2025-08-20T08:45:17.767+0000] {logging_mixin.py:190} INFO - [2025-08-20T08:45:17.767+0000] {dag.py:3239} INFO - Sync 1 DAGs
[2025-08-20T08:45:17.800+0000] {logging_mixin.py:190} INFO - [2025-08-20T08:45:17.800+0000] {dag.py:4180} INFO - Setting next_dagrun for example_branch_dop_operator_v3 to 2025-08-20 08:44:00+00:00, run_after=2025-08-20 08:45:00+00:00
[2025-08-20T08:45:17.823+0000] {processor.py:208} INFO - Processing /home/airflow/.local/lib/python3.12/site-packages/airflow/example_dags/example_branch_python_dop_operator_3.py took 0.106 seconds
[2025-08-20T08:46:21.503+0000] {processor.py:186} INFO - Started process (PID=30) to work on /home/airflow/.local/lib/python3.12/site-packages/airflow/example_dags/example_branch_python_dop_operator_3.py
[2025-08-20T08:46:21.505+0000] {processor.py:914} INFO - Processing file /home/airflow/.local/lib/python3.12/site-packages/airflow/example_dags/example_branch_python_dop_operator_3.py for tasks to queue
[2025-08-20T08:46:21.508+0000] {logging_mixin.py:190} INFO - [2025-08-20T08:46:21.508+0000] {dagbag.py:588} INFO - Filling up the DagBag from /home/airflow/.local/lib/python3.12/site-packages/airflow/example_dags/example_branch_python_dop_operator_3.py
[2025-08-20T08:46:21.524+0000] {processor.py:925} INFO - DAG(s) 'example_branch_dop_operator_v3' retrieved from /home/airflow/.local/lib/python3.12/site-packages/airflow/example_dags/example_branch_python_dop_operator_3.py
[2025-08-20T08:46:21.566+0000] {logging_mixin.py:190} INFO - [2025-08-20T08:46:21.566+0000] {dag.py:3239} INFO - Sync 1 DAGs
[2025-08-20T08:46:21.602+0000] {logging_mixin.py:190} INFO - [2025-08-20T08:46:21.602+0000] {dag.py:4180} INFO - Setting next_dagrun for example_branch_dop_operator_v3 to 2025-08-20 08:45:00+00:00, run_after=2025-08-20 08:46:00+00:00
[2025-08-20T08:46:21.819+0000] {processor.py:208} INFO - Processing /home/airflow/.local/lib/python3.12/site-packages/airflow/example_dags/example_branch_python_dop_operator_3.py took 0.324 seconds
[2025-08-20T08:46:52.184+0000] {processor.py:186} INFO - Started process (PID=86) to work on /home/airflow/.local/lib/python3.12/site-packages/airflow/example_dags/example_branch_python_dop_operator_3.py
[2025-08-20T08:46:52.186+0000] {processor.py:914} INFO - Processing file /home/airflow/.local/lib/python3.12/site-packages/airflow/example_dags/example_branch_python_dop_operator_3.py for tasks to queue
[2025-08-20T08:46:52.189+0000] {logging_mixin.py:190} INFO - [2025-08-20T08:46:52.188+0000] {dagbag.py:588} INFO - Filling up the DagBag from /home/airflow/.local/lib/python3.12/site-packages/airflow/example_dags/example_branch_python_dop_operator_3.py
[2025-08-20T08:46:52.205+0000] {processor.py:925} INFO - DAG(s) 'example_branch_dop_operator_v3' retrieved from /home/airflow/.local/lib/python3.12/site-packages/airflow/example_dags/example_branch_python_dop_operator_3.py
[2025-08-20T08:46:52.237+0000] {logging_mixin.py:190} INFO - [2025-08-20T08:46:52.236+0000] {dag.py:3239} INFO - Sync 1 DAGs
[2025-08-20T08:46:52.277+0000] {logging_mixin.py:190} INFO - [2025-08-20T08:46:52.276+0000] {dag.py:4180} INFO - Setting next_dagrun for example_branch_dop_operator_v3 to 2025-08-20 08:45:00+00:00, run_after=2025-08-20 08:46:00+00:00
[2025-08-20T08:46:52.447+0000] {processor.py:208} INFO - Processing /home/airflow/.local/lib/python3.12/site-packages/airflow/example_dags/example_branch_python_dop_operator_3.py took 0.272 seconds
[2025-08-20T08:47:22.953+0000] {processor.py:186} INFO - Started process (PID=142) to work on /home/airflow/.local/lib/python3.12/site-packages/airflow/example_dags/example_branch_python_dop_operator_3.py
[2025-08-20T08:47:22.955+0000] {processor.py:914} INFO - Processing file /home/airflow/.local/lib/python3.12/site-packages/airflow/example_dags/example_branch_python_dop_operator_3.py for tasks to queue
[2025-08-20T08:47:22.958+0000] {logging_mixin.py:190} INFO - [2025-08-20T08:47:22.957+0000] {dagbag.py:588} INFO - Filling up the DagBag from /home/airflow/.local/lib/python3.12/site-packages/airflow/example_dags/example_branch_python_dop_operator_3.py
[2025-08-20T08:47:22.973+0000] {processor.py:925} INFO - DAG(s) 'example_branch_dop_operator_v3' retrieved from /home/airflow/.local/lib/python3.12/site-packages/airflow/example_dags/example_branch_python_dop_operator_3.py
[2025-08-20T08:47:23.001+0000] {logging_mixin.py:190} INFO - [2025-08-20T08:47:23.000+0000] {dag.py:3239} INFO - Sync 1 DAGs
[2025-08-20T08:47:23.112+0000] {logging_mixin.py:190} INFO - [2025-08-20T08:47:23.112+0000] {dag.py:4180} INFO - Setting next_dagrun for example_branch_dop_operator_v3 to 2025-08-20 08:46:00+00:00, run_after=2025-08-20 08:47:00+00:00
[2025-08-20T08:47:23.201+0000] {processor.py:208} INFO - Processing /home/airflow/.local/lib/python3.12/site-packages/airflow/example_dags/example_branch_python_dop_operator_3.py took 0.255 seconds
[2025-08-20T08:47:54.148+0000] {processor.py:186} INFO - Started process (PID=198) to work on /home/airflow/.local/lib/python3.12/site-packages/airflow/example_dags/example_branch_python_dop_operator_3.py
[2025-08-20T08:47:54.149+0000] {processor.py:914} INFO - Processing file /home/airflow/.local/lib/python3.12/site-packages/airflow/example_dags/example_branch_python_dop_operator_3.py for tasks to queue
[2025-08-20T08:47:54.152+0000] {logging_mixin.py:190} INFO - [2025-08-20T08:47:54.152+0000] {dagbag.py:588} INFO - Filling up the DagBag from /home/airflow/.local/lib/python3.12/site-packages/airflow/example_dags/example_branch_python_dop_operator_3.py
[2025-08-20T08:47:54.166+0000] {processor.py:925} INFO - DAG(s) 'example_branch_dop_operator_v3' retrieved from /home/airflow/.local/lib/python3.12/site-packages/airflow/example_dags/example_branch_python_dop_operator_3.py
[2025-08-20T08:47:54.190+0000] {logging_mixin.py:190} INFO - [2025-08-20T08:47:54.190+0000] {dag.py:3239} INFO - Sync 1 DAGs
[2025-08-20T08:47:54.225+0000] {logging_mixin.py:190} INFO - [2025-08-20T08:47:54.225+0000] {dag.py:4180} INFO - Setting next_dagrun for example_branch_dop_operator_v3 to 2025-08-20 08:46:00+00:00, run_after=2025-08-20 08:47:00+00:00
[2025-08-20T08:47:54.248+0000] {processor.py:208} INFO - Processing /home/airflow/.local/lib/python3.12/site-packages/airflow/example_dags/example_branch_python_dop_operator_3.py took 0.109 seconds
