[2025-08-20T08:25:59.347+0000] {processor.py:186} INFO - Started process (PID=72) to work on /home/airflow/.local/lib/python3.12/site-packages/airflow/example_dags/example_inlet_event_extra.py
[2025-08-20T08:25:59.348+0000] {processor.py:914} INFO - Processing file /home/airflow/.local/lib/python3.12/site-packages/airflow/example_dags/example_inlet_event_extra.py for tasks to queue
[2025-08-20T08:25:59.351+0000] {logging_mixin.py:190} INFO - [2025-08-20T08:25:59.351+0000] {dagbag.py:588} INFO - Filling up the DagBag from /home/airflow/.local/lib/python3.12/site-packages/airflow/example_dags/example_inlet_event_extra.py
[2025-08-20T08:25:59.541+0000] {processor.py:925} INFO - DAG(s) 'read_dataset_event', 'read_dataset_event_from_classic' retrieved from /home/airflow/.local/lib/python3.12/site-packages/airflow/example_dags/example_inlet_event_extra.py
[2025-08-20T08:25:59.569+0000] {logging_mixin.py:190} INFO - [2025-08-20T08:25:59.569+0000] {dag.py:3239} INFO - Sync 2 DAGs
[2025-08-20T08:25:59.608+0000] {logging_mixin.py:190} INFO - [2025-08-20T08:25:59.608+0000] {dag.py:4180} INFO - Setting next_dagrun for read_dataset_event to 2025-08-19 00:00:00+00:00, run_after=2025-08-20 00:00:00+00:00
[2025-08-20T08:25:59.614+0000] {logging_mixin.py:190} INFO - [2025-08-20T08:25:59.614+0000] {dag.py:4180} INFO - Setting next_dagrun for read_dataset_event_from_classic to 2025-08-19 00:00:00+00:00, run_after=2025-08-20 00:00:00+00:00
[2025-08-20T08:26:00.015+0000] {processor.py:208} INFO - Processing /home/airflow/.local/lib/python3.12/site-packages/airflow/example_dags/example_inlet_event_extra.py took 0.676 seconds
[2025-08-20T08:26:30.935+0000] {processor.py:186} INFO - Started process (PID=128) to work on /home/airflow/.local/lib/python3.12/site-packages/airflow/example_dags/example_inlet_event_extra.py
[2025-08-20T08:26:30.936+0000] {processor.py:914} INFO - Processing file /home/airflow/.local/lib/python3.12/site-packages/airflow/example_dags/example_inlet_event_extra.py for tasks to queue
[2025-08-20T08:26:30.939+0000] {logging_mixin.py:190} INFO - [2025-08-20T08:26:30.939+0000] {dagbag.py:588} INFO - Filling up the DagBag from /home/airflow/.local/lib/python3.12/site-packages/airflow/example_dags/example_inlet_event_extra.py
[2025-08-20T08:26:31.128+0000] {processor.py:925} INFO - DAG(s) 'read_dataset_event_from_classic', 'read_dataset_event' retrieved from /home/airflow/.local/lib/python3.12/site-packages/airflow/example_dags/example_inlet_event_extra.py
[2025-08-20T08:26:31.155+0000] {logging_mixin.py:190} INFO - [2025-08-20T08:26:31.155+0000] {dag.py:3239} INFO - Sync 2 DAGs
[2025-08-20T08:26:31.188+0000] {logging_mixin.py:190} INFO - [2025-08-20T08:26:31.188+0000] {dag.py:4180} INFO - Setting next_dagrun for read_dataset_event to 2025-08-19 00:00:00+00:00, run_after=2025-08-20 00:00:00+00:00
[2025-08-20T08:26:31.194+0000] {logging_mixin.py:190} INFO - [2025-08-20T08:26:31.194+0000] {dag.py:4180} INFO - Setting next_dagrun for read_dataset_event_from_classic to 2025-08-19 00:00:00+00:00, run_after=2025-08-20 00:00:00+00:00
[2025-08-20T08:26:31.445+0000] {processor.py:208} INFO - Processing /home/airflow/.local/lib/python3.12/site-packages/airflow/example_dags/example_inlet_event_extra.py took 0.518 seconds
[2025-08-20T08:27:02.090+0000] {processor.py:186} INFO - Started process (PID=184) to work on /home/airflow/.local/lib/python3.12/site-packages/airflow/example_dags/example_inlet_event_extra.py
[2025-08-20T08:27:02.091+0000] {processor.py:914} INFO - Processing file /home/airflow/.local/lib/python3.12/site-packages/airflow/example_dags/example_inlet_event_extra.py for tasks to queue
[2025-08-20T08:27:02.094+0000] {logging_mixin.py:190} INFO - [2025-08-20T08:27:02.094+0000] {dagbag.py:588} INFO - Filling up the DagBag from /home/airflow/.local/lib/python3.12/site-packages/airflow/example_dags/example_inlet_event_extra.py
[2025-08-20T08:27:02.296+0000] {processor.py:925} INFO - DAG(s) 'read_dataset_event_from_classic', 'read_dataset_event' retrieved from /home/airflow/.local/lib/python3.12/site-packages/airflow/example_dags/example_inlet_event_extra.py
[2025-08-20T08:27:02.325+0000] {logging_mixin.py:190} INFO - [2025-08-20T08:27:02.324+0000] {dag.py:3239} INFO - Sync 2 DAGs
[2025-08-20T08:27:02.358+0000] {logging_mixin.py:190} INFO - [2025-08-20T08:27:02.357+0000] {dag.py:4180} INFO - Setting next_dagrun for read_dataset_event to 2025-08-19 00:00:00+00:00, run_after=2025-08-20 00:00:00+00:00
[2025-08-20T08:27:02.363+0000] {logging_mixin.py:190} INFO - [2025-08-20T08:27:02.363+0000] {dag.py:4180} INFO - Setting next_dagrun for read_dataset_event_from_classic to 2025-08-19 00:00:00+00:00, run_after=2025-08-20 00:00:00+00:00
[2025-08-20T08:27:02.590+0000] {processor.py:208} INFO - Processing /home/airflow/.local/lib/python3.12/site-packages/airflow/example_dags/example_inlet_event_extra.py took 0.508 seconds
[2025-08-20T08:27:32.711+0000] {processor.py:186} INFO - Started process (PID=240) to work on /home/airflow/.local/lib/python3.12/site-packages/airflow/example_dags/example_inlet_event_extra.py
[2025-08-20T08:27:32.713+0000] {processor.py:914} INFO - Processing file /home/airflow/.local/lib/python3.12/site-packages/airflow/example_dags/example_inlet_event_extra.py for tasks to queue
[2025-08-20T08:27:32.716+0000] {logging_mixin.py:190} INFO - [2025-08-20T08:27:32.716+0000] {dagbag.py:588} INFO - Filling up the DagBag from /home/airflow/.local/lib/python3.12/site-packages/airflow/example_dags/example_inlet_event_extra.py
[2025-08-20T08:27:32.911+0000] {processor.py:925} INFO - DAG(s) 'read_dataset_event_from_classic', 'read_dataset_event' retrieved from /home/airflow/.local/lib/python3.12/site-packages/airflow/example_dags/example_inlet_event_extra.py
[2025-08-20T08:27:32.937+0000] {logging_mixin.py:190} INFO - [2025-08-20T08:27:32.937+0000] {dag.py:3239} INFO - Sync 2 DAGs
[2025-08-20T08:27:32.970+0000] {logging_mixin.py:190} INFO - [2025-08-20T08:27:32.970+0000] {dag.py:4180} INFO - Setting next_dagrun for read_dataset_event to 2025-08-19 00:00:00+00:00, run_after=2025-08-20 00:00:00+00:00
[2025-08-20T08:27:32.977+0000] {logging_mixin.py:190} INFO - [2025-08-20T08:27:32.977+0000] {dag.py:4180} INFO - Setting next_dagrun for read_dataset_event_from_classic to 2025-08-19 00:00:00+00:00, run_after=2025-08-20 00:00:00+00:00
[2025-08-20T08:27:32.997+0000] {processor.py:208} INFO - Processing /home/airflow/.local/lib/python3.12/site-packages/airflow/example_dags/example_inlet_event_extra.py took 0.295 seconds
[2025-08-20T08:28:03.113+0000] {processor.py:186} INFO - Started process (PID=296) to work on /home/airflow/.local/lib/python3.12/site-packages/airflow/example_dags/example_inlet_event_extra.py
[2025-08-20T08:28:03.114+0000] {processor.py:914} INFO - Processing file /home/airflow/.local/lib/python3.12/site-packages/airflow/example_dags/example_inlet_event_extra.py for tasks to queue
[2025-08-20T08:28:03.118+0000] {logging_mixin.py:190} INFO - [2025-08-20T08:28:03.117+0000] {dagbag.py:588} INFO - Filling up the DagBag from /home/airflow/.local/lib/python3.12/site-packages/airflow/example_dags/example_inlet_event_extra.py
[2025-08-20T08:28:03.327+0000] {processor.py:925} INFO - DAG(s) 'read_dataset_event', 'read_dataset_event_from_classic' retrieved from /home/airflow/.local/lib/python3.12/site-packages/airflow/example_dags/example_inlet_event_extra.py
[2025-08-20T08:28:03.352+0000] {logging_mixin.py:190} INFO - [2025-08-20T08:28:03.352+0000] {dag.py:3239} INFO - Sync 2 DAGs
[2025-08-20T08:28:03.383+0000] {logging_mixin.py:190} INFO - [2025-08-20T08:28:03.383+0000] {dag.py:4180} INFO - Setting next_dagrun for read_dataset_event to 2025-08-19 00:00:00+00:00, run_after=2025-08-20 00:00:00+00:00
[2025-08-20T08:28:03.390+0000] {logging_mixin.py:190} INFO - [2025-08-20T08:28:03.390+0000] {dag.py:4180} INFO - Setting next_dagrun for read_dataset_event_from_classic to 2025-08-19 00:00:00+00:00, run_after=2025-08-20 00:00:00+00:00
[2025-08-20T08:28:03.408+0000] {processor.py:208} INFO - Processing /home/airflow/.local/lib/python3.12/site-packages/airflow/example_dags/example_inlet_event_extra.py took 0.304 seconds
[2025-08-20T08:28:33.582+0000] {processor.py:186} INFO - Started process (PID=352) to work on /home/airflow/.local/lib/python3.12/site-packages/airflow/example_dags/example_inlet_event_extra.py
[2025-08-20T08:28:33.584+0000] {processor.py:914} INFO - Processing file /home/airflow/.local/lib/python3.12/site-packages/airflow/example_dags/example_inlet_event_extra.py for tasks to queue
[2025-08-20T08:28:33.587+0000] {logging_mixin.py:190} INFO - [2025-08-20T08:28:33.587+0000] {dagbag.py:588} INFO - Filling up the DagBag from /home/airflow/.local/lib/python3.12/site-packages/airflow/example_dags/example_inlet_event_extra.py
[2025-08-20T08:28:33.784+0000] {processor.py:925} INFO - DAG(s) 'read_dataset_event_from_classic', 'read_dataset_event' retrieved from /home/airflow/.local/lib/python3.12/site-packages/airflow/example_dags/example_inlet_event_extra.py
[2025-08-20T08:28:33.811+0000] {logging_mixin.py:190} INFO - [2025-08-20T08:28:33.811+0000] {dag.py:3239} INFO - Sync 2 DAGs
[2025-08-20T08:28:33.845+0000] {logging_mixin.py:190} INFO - [2025-08-20T08:28:33.844+0000] {dag.py:4180} INFO - Setting next_dagrun for read_dataset_event to 2025-08-19 00:00:00+00:00, run_after=2025-08-20 00:00:00+00:00
[2025-08-20T08:28:33.851+0000] {logging_mixin.py:190} INFO - [2025-08-20T08:28:33.851+0000] {dag.py:4180} INFO - Setting next_dagrun for read_dataset_event_from_classic to 2025-08-19 00:00:00+00:00, run_after=2025-08-20 00:00:00+00:00
[2025-08-20T08:28:33.871+0000] {processor.py:208} INFO - Processing /home/airflow/.local/lib/python3.12/site-packages/airflow/example_dags/example_inlet_event_extra.py took 0.297 seconds
[2025-08-20T08:29:04.066+0000] {processor.py:186} INFO - Started process (PID=408) to work on /home/airflow/.local/lib/python3.12/site-packages/airflow/example_dags/example_inlet_event_extra.py
[2025-08-20T08:29:04.067+0000] {processor.py:914} INFO - Processing file /home/airflow/.local/lib/python3.12/site-packages/airflow/example_dags/example_inlet_event_extra.py for tasks to queue
[2025-08-20T08:29:04.071+0000] {logging_mixin.py:190} INFO - [2025-08-20T08:29:04.070+0000] {dagbag.py:588} INFO - Filling up the DagBag from /home/airflow/.local/lib/python3.12/site-packages/airflow/example_dags/example_inlet_event_extra.py
[2025-08-20T08:29:04.302+0000] {processor.py:925} INFO - DAG(s) 'read_dataset_event', 'read_dataset_event_from_classic' retrieved from /home/airflow/.local/lib/python3.12/site-packages/airflow/example_dags/example_inlet_event_extra.py
[2025-08-20T08:29:04.331+0000] {logging_mixin.py:190} INFO - [2025-08-20T08:29:04.330+0000] {dag.py:3239} INFO - Sync 2 DAGs
[2025-08-20T08:29:04.365+0000] {logging_mixin.py:190} INFO - [2025-08-20T08:29:04.365+0000] {dag.py:4180} INFO - Setting next_dagrun for read_dataset_event to 2025-08-19 00:00:00+00:00, run_after=2025-08-20 00:00:00+00:00
[2025-08-20T08:29:04.374+0000] {logging_mixin.py:190} INFO - [2025-08-20T08:29:04.373+0000] {dag.py:4180} INFO - Setting next_dagrun for read_dataset_event_from_classic to 2025-08-19 00:00:00+00:00, run_after=2025-08-20 00:00:00+00:00
[2025-08-20T08:29:04.399+0000] {processor.py:208} INFO - Processing /home/airflow/.local/lib/python3.12/site-packages/airflow/example_dags/example_inlet_event_extra.py took 0.343 seconds
[2025-08-20T08:30:28.318+0000] {processor.py:186} INFO - Started process (PID=70) to work on /home/airflow/.local/lib/python3.12/site-packages/airflow/example_dags/example_inlet_event_extra.py
[2025-08-20T08:30:28.320+0000] {processor.py:914} INFO - Processing file /home/airflow/.local/lib/python3.12/site-packages/airflow/example_dags/example_inlet_event_extra.py for tasks to queue
[2025-08-20T08:30:28.323+0000] {logging_mixin.py:190} INFO - [2025-08-20T08:30:28.322+0000] {dagbag.py:588} INFO - Filling up the DagBag from /home/airflow/.local/lib/python3.12/site-packages/airflow/example_dags/example_inlet_event_extra.py
[2025-08-20T08:30:28.520+0000] {processor.py:925} INFO - DAG(s) 'read_dataset_event_from_classic', 'read_dataset_event' retrieved from /home/airflow/.local/lib/python3.12/site-packages/airflow/example_dags/example_inlet_event_extra.py
[2025-08-20T08:30:28.549+0000] {logging_mixin.py:190} INFO - [2025-08-20T08:30:28.548+0000] {dag.py:3239} INFO - Sync 2 DAGs
[2025-08-20T08:30:28.584+0000] {logging_mixin.py:190} INFO - [2025-08-20T08:30:28.583+0000] {dag.py:4180} INFO - Setting next_dagrun for read_dataset_event to 2025-08-19 00:00:00+00:00, run_after=2025-08-20 00:00:00+00:00
[2025-08-20T08:30:28.590+0000] {logging_mixin.py:190} INFO - [2025-08-20T08:30:28.590+0000] {dag.py:4180} INFO - Setting next_dagrun for read_dataset_event_from_classic to 2025-08-19 00:00:00+00:00, run_after=2025-08-20 00:00:00+00:00
[2025-08-20T08:30:29.953+0000] {processor.py:208} INFO - Processing /home/airflow/.local/lib/python3.12/site-packages/airflow/example_dags/example_inlet_event_extra.py took 1.644 seconds
[2025-08-20T08:31:00.850+0000] {processor.py:186} INFO - Started process (PID=126) to work on /home/airflow/.local/lib/python3.12/site-packages/airflow/example_dags/example_inlet_event_extra.py
[2025-08-20T08:31:00.851+0000] {processor.py:914} INFO - Processing file /home/airflow/.local/lib/python3.12/site-packages/airflow/example_dags/example_inlet_event_extra.py for tasks to queue
[2025-08-20T08:31:00.854+0000] {logging_mixin.py:190} INFO - [2025-08-20T08:31:00.854+0000] {dagbag.py:588} INFO - Filling up the DagBag from /home/airflow/.local/lib/python3.12/site-packages/airflow/example_dags/example_inlet_event_extra.py
[2025-08-20T08:31:01.049+0000] {processor.py:925} INFO - DAG(s) 'read_dataset_event_from_classic', 'read_dataset_event' retrieved from /home/airflow/.local/lib/python3.12/site-packages/airflow/example_dags/example_inlet_event_extra.py
[2025-08-20T08:31:01.075+0000] {logging_mixin.py:190} INFO - [2025-08-20T08:31:01.075+0000] {dag.py:3239} INFO - Sync 2 DAGs
[2025-08-20T08:31:01.107+0000] {logging_mixin.py:190} INFO - [2025-08-20T08:31:01.107+0000] {dag.py:4180} INFO - Setting next_dagrun for read_dataset_event to 2025-08-19 00:00:00+00:00, run_after=2025-08-20 00:00:00+00:00
[2025-08-20T08:31:01.116+0000] {logging_mixin.py:190} INFO - [2025-08-20T08:31:01.115+0000] {dag.py:4180} INFO - Setting next_dagrun for read_dataset_event_from_classic to 2025-08-19 00:00:00+00:00, run_after=2025-08-20 00:00:00+00:00
[2025-08-20T08:31:01.439+0000] {processor.py:208} INFO - Processing /home/airflow/.local/lib/python3.12/site-packages/airflow/example_dags/example_inlet_event_extra.py took 0.598 seconds
[2025-08-20T08:31:32.203+0000] {processor.py:186} INFO - Started process (PID=182) to work on /home/airflow/.local/lib/python3.12/site-packages/airflow/example_dags/example_inlet_event_extra.py
[2025-08-20T08:31:32.205+0000] {processor.py:914} INFO - Processing file /home/airflow/.local/lib/python3.12/site-packages/airflow/example_dags/example_inlet_event_extra.py for tasks to queue
[2025-08-20T08:31:32.208+0000] {logging_mixin.py:190} INFO - [2025-08-20T08:31:32.207+0000] {dagbag.py:588} INFO - Filling up the DagBag from /home/airflow/.local/lib/python3.12/site-packages/airflow/example_dags/example_inlet_event_extra.py
[2025-08-20T08:31:32.404+0000] {processor.py:925} INFO - DAG(s) 'read_dataset_event', 'read_dataset_event_from_classic' retrieved from /home/airflow/.local/lib/python3.12/site-packages/airflow/example_dags/example_inlet_event_extra.py
[2025-08-20T08:31:32.429+0000] {logging_mixin.py:190} INFO - [2025-08-20T08:31:32.428+0000] {dag.py:3239} INFO - Sync 2 DAGs
[2025-08-20T08:31:32.459+0000] {logging_mixin.py:190} INFO - [2025-08-20T08:31:32.458+0000] {dag.py:4180} INFO - Setting next_dagrun for read_dataset_event to 2025-08-19 00:00:00+00:00, run_after=2025-08-20 00:00:00+00:00
[2025-08-20T08:31:32.465+0000] {logging_mixin.py:190} INFO - [2025-08-20T08:31:32.464+0000] {dag.py:4180} INFO - Setting next_dagrun for read_dataset_event_from_classic to 2025-08-19 00:00:00+00:00, run_after=2025-08-20 00:00:00+00:00
[2025-08-20T08:31:32.483+0000] {processor.py:208} INFO - Processing /home/airflow/.local/lib/python3.12/site-packages/airflow/example_dags/example_inlet_event_extra.py took 0.289 seconds
[2025-08-20T08:32:20.681+0000] {processor.py:186} INFO - Started process (PID=71) to work on /home/airflow/.local/lib/python3.12/site-packages/airflow/example_dags/example_inlet_event_extra.py
[2025-08-20T08:32:20.683+0000] {processor.py:914} INFO - Processing file /home/airflow/.local/lib/python3.12/site-packages/airflow/example_dags/example_inlet_event_extra.py for tasks to queue
[2025-08-20T08:32:20.686+0000] {logging_mixin.py:190} INFO - [2025-08-20T08:32:20.686+0000] {dagbag.py:588} INFO - Filling up the DagBag from /home/airflow/.local/lib/python3.12/site-packages/airflow/example_dags/example_inlet_event_extra.py
[2025-08-20T08:32:20.880+0000] {processor.py:925} INFO - DAG(s) 'read_dataset_event_from_classic', 'read_dataset_event' retrieved from /home/airflow/.local/lib/python3.12/site-packages/airflow/example_dags/example_inlet_event_extra.py
[2025-08-20T08:32:20.910+0000] {logging_mixin.py:190} INFO - [2025-08-20T08:32:20.910+0000] {dag.py:3239} INFO - Sync 2 DAGs
[2025-08-20T08:32:20.950+0000] {logging_mixin.py:190} INFO - [2025-08-20T08:32:20.949+0000] {dag.py:4180} INFO - Setting next_dagrun for read_dataset_event to 2025-08-19 00:00:00+00:00, run_after=2025-08-20 00:00:00+00:00
[2025-08-20T08:32:20.959+0000] {logging_mixin.py:190} INFO - [2025-08-20T08:32:20.959+0000] {dag.py:4180} INFO - Setting next_dagrun for read_dataset_event_from_classic to 2025-08-19 00:00:00+00:00, run_after=2025-08-20 00:00:00+00:00
[2025-08-20T08:32:20.980+0000] {processor.py:208} INFO - Processing /home/airflow/.local/lib/python3.12/site-packages/airflow/example_dags/example_inlet_event_extra.py took 0.307 seconds
[2025-08-20T08:32:52.037+0000] {processor.py:186} INFO - Started process (PID=127) to work on /home/airflow/.local/lib/python3.12/site-packages/airflow/example_dags/example_inlet_event_extra.py
[2025-08-20T08:32:52.038+0000] {processor.py:914} INFO - Processing file /home/airflow/.local/lib/python3.12/site-packages/airflow/example_dags/example_inlet_event_extra.py for tasks to queue
[2025-08-20T08:32:52.041+0000] {logging_mixin.py:190} INFO - [2025-08-20T08:32:52.041+0000] {dagbag.py:588} INFO - Filling up the DagBag from /home/airflow/.local/lib/python3.12/site-packages/airflow/example_dags/example_inlet_event_extra.py
[2025-08-20T08:32:52.227+0000] {processor.py:925} INFO - DAG(s) 'read_dataset_event_from_classic', 'read_dataset_event' retrieved from /home/airflow/.local/lib/python3.12/site-packages/airflow/example_dags/example_inlet_event_extra.py
[2025-08-20T08:32:52.256+0000] {logging_mixin.py:190} INFO - [2025-08-20T08:32:52.256+0000] {dag.py:3239} INFO - Sync 2 DAGs
[2025-08-20T08:32:52.290+0000] {logging_mixin.py:190} INFO - [2025-08-20T08:32:52.290+0000] {dag.py:4180} INFO - Setting next_dagrun for read_dataset_event to 2025-08-19 00:00:00+00:00, run_after=2025-08-20 00:00:00+00:00
[2025-08-20T08:32:52.299+0000] {logging_mixin.py:190} INFO - [2025-08-20T08:32:52.299+0000] {dag.py:4180} INFO - Setting next_dagrun for read_dataset_event_from_classic to 2025-08-19 00:00:00+00:00, run_after=2025-08-20 00:00:00+00:00
[2025-08-20T08:32:52.322+0000] {processor.py:208} INFO - Processing /home/airflow/.local/lib/python3.12/site-packages/airflow/example_dags/example_inlet_event_extra.py took 0.293 seconds
[2025-08-20T08:33:22.966+0000] {processor.py:186} INFO - Started process (PID=183) to work on /home/airflow/.local/lib/python3.12/site-packages/airflow/example_dags/example_inlet_event_extra.py
[2025-08-20T08:33:22.967+0000] {processor.py:914} INFO - Processing file /home/airflow/.local/lib/python3.12/site-packages/airflow/example_dags/example_inlet_event_extra.py for tasks to queue
[2025-08-20T08:33:22.970+0000] {logging_mixin.py:190} INFO - [2025-08-20T08:33:22.970+0000] {dagbag.py:588} INFO - Filling up the DagBag from /home/airflow/.local/lib/python3.12/site-packages/airflow/example_dags/example_inlet_event_extra.py
[2025-08-20T08:33:23.171+0000] {processor.py:925} INFO - DAG(s) 'read_dataset_event_from_classic', 'read_dataset_event' retrieved from /home/airflow/.local/lib/python3.12/site-packages/airflow/example_dags/example_inlet_event_extra.py
[2025-08-20T08:33:23.199+0000] {logging_mixin.py:190} INFO - [2025-08-20T08:33:23.199+0000] {dag.py:3239} INFO - Sync 2 DAGs
[2025-08-20T08:33:23.233+0000] {logging_mixin.py:190} INFO - [2025-08-20T08:33:23.232+0000] {dag.py:4180} INFO - Setting next_dagrun for read_dataset_event to 2025-08-19 00:00:00+00:00, run_after=2025-08-20 00:00:00+00:00
[2025-08-20T08:33:23.239+0000] {logging_mixin.py:190} INFO - [2025-08-20T08:33:23.239+0000] {dag.py:4180} INFO - Setting next_dagrun for read_dataset_event_from_classic to 2025-08-19 00:00:00+00:00, run_after=2025-08-20 00:00:00+00:00
[2025-08-20T08:33:23.257+0000] {processor.py:208} INFO - Processing /home/airflow/.local/lib/python3.12/site-packages/airflow/example_dags/example_inlet_event_extra.py took 0.300 seconds
[2025-08-20T08:33:53.391+0000] {processor.py:186} INFO - Started process (PID=239) to work on /home/airflow/.local/lib/python3.12/site-packages/airflow/example_dags/example_inlet_event_extra.py
[2025-08-20T08:33:53.393+0000] {processor.py:914} INFO - Processing file /home/airflow/.local/lib/python3.12/site-packages/airflow/example_dags/example_inlet_event_extra.py for tasks to queue
[2025-08-20T08:33:53.396+0000] {logging_mixin.py:190} INFO - [2025-08-20T08:33:53.395+0000] {dagbag.py:588} INFO - Filling up the DagBag from /home/airflow/.local/lib/python3.12/site-packages/airflow/example_dags/example_inlet_event_extra.py
[2025-08-20T08:33:53.579+0000] {processor.py:925} INFO - DAG(s) 'read_dataset_event_from_classic', 'read_dataset_event' retrieved from /home/airflow/.local/lib/python3.12/site-packages/airflow/example_dags/example_inlet_event_extra.py
[2025-08-20T08:33:53.603+0000] {logging_mixin.py:190} INFO - [2025-08-20T08:33:53.603+0000] {dag.py:3239} INFO - Sync 2 DAGs
[2025-08-20T08:33:53.633+0000] {logging_mixin.py:190} INFO - [2025-08-20T08:33:53.633+0000] {dag.py:4180} INFO - Setting next_dagrun for read_dataset_event to 2025-08-19 00:00:00+00:00, run_after=2025-08-20 00:00:00+00:00
[2025-08-20T08:33:53.639+0000] {logging_mixin.py:190} INFO - [2025-08-20T08:33:53.639+0000] {dag.py:4180} INFO - Setting next_dagrun for read_dataset_event_from_classic to 2025-08-19 00:00:00+00:00, run_after=2025-08-20 00:00:00+00:00
[2025-08-20T08:33:53.656+0000] {processor.py:208} INFO - Processing /home/airflow/.local/lib/python3.12/site-packages/airflow/example_dags/example_inlet_event_extra.py took 0.274 seconds
[2025-08-20T08:34:23.885+0000] {processor.py:186} INFO - Started process (PID=295) to work on /home/airflow/.local/lib/python3.12/site-packages/airflow/example_dags/example_inlet_event_extra.py
[2025-08-20T08:34:23.887+0000] {processor.py:914} INFO - Processing file /home/airflow/.local/lib/python3.12/site-packages/airflow/example_dags/example_inlet_event_extra.py for tasks to queue
[2025-08-20T08:34:23.890+0000] {logging_mixin.py:190} INFO - [2025-08-20T08:34:23.890+0000] {dagbag.py:588} INFO - Filling up the DagBag from /home/airflow/.local/lib/python3.12/site-packages/airflow/example_dags/example_inlet_event_extra.py
[2025-08-20T08:34:24.081+0000] {processor.py:925} INFO - DAG(s) 'read_dataset_event', 'read_dataset_event_from_classic' retrieved from /home/airflow/.local/lib/python3.12/site-packages/airflow/example_dags/example_inlet_event_extra.py
[2025-08-20T08:34:24.110+0000] {logging_mixin.py:190} INFO - [2025-08-20T08:34:24.109+0000] {dag.py:3239} INFO - Sync 2 DAGs
[2025-08-20T08:34:24.144+0000] {logging_mixin.py:190} INFO - [2025-08-20T08:34:24.144+0000] {dag.py:4180} INFO - Setting next_dagrun for read_dataset_event to 2025-08-19 00:00:00+00:00, run_after=2025-08-20 00:00:00+00:00
[2025-08-20T08:34:24.151+0000] {logging_mixin.py:190} INFO - [2025-08-20T08:34:24.151+0000] {dag.py:4180} INFO - Setting next_dagrun for read_dataset_event_from_classic to 2025-08-19 00:00:00+00:00, run_after=2025-08-20 00:00:00+00:00
[2025-08-20T08:34:24.170+0000] {processor.py:208} INFO - Processing /home/airflow/.local/lib/python3.12/site-packages/airflow/example_dags/example_inlet_event_extra.py took 0.294 seconds
[2025-08-20T08:34:54.986+0000] {processor.py:186} INFO - Started process (PID=351) to work on /home/airflow/.local/lib/python3.12/site-packages/airflow/example_dags/example_inlet_event_extra.py
[2025-08-20T08:34:54.987+0000] {processor.py:914} INFO - Processing file /home/airflow/.local/lib/python3.12/site-packages/airflow/example_dags/example_inlet_event_extra.py for tasks to queue
[2025-08-20T08:34:54.990+0000] {logging_mixin.py:190} INFO - [2025-08-20T08:34:54.990+0000] {dagbag.py:588} INFO - Filling up the DagBag from /home/airflow/.local/lib/python3.12/site-packages/airflow/example_dags/example_inlet_event_extra.py
[2025-08-20T08:34:55.167+0000] {processor.py:925} INFO - DAG(s) 'read_dataset_event', 'read_dataset_event_from_classic' retrieved from /home/airflow/.local/lib/python3.12/site-packages/airflow/example_dags/example_inlet_event_extra.py
[2025-08-20T08:34:55.194+0000] {logging_mixin.py:190} INFO - [2025-08-20T08:34:55.193+0000] {dag.py:3239} INFO - Sync 2 DAGs
[2025-08-20T08:34:55.236+0000] {logging_mixin.py:190} INFO - [2025-08-20T08:34:55.236+0000] {dag.py:4180} INFO - Setting next_dagrun for read_dataset_event to 2025-08-19 00:00:00+00:00, run_after=2025-08-20 00:00:00+00:00
[2025-08-20T08:34:55.242+0000] {logging_mixin.py:190} INFO - [2025-08-20T08:34:55.242+0000] {dag.py:4180} INFO - Setting next_dagrun for read_dataset_event_from_classic to 2025-08-19 00:00:00+00:00, run_after=2025-08-20 00:00:00+00:00
[2025-08-20T08:34:55.259+0000] {processor.py:208} INFO - Processing /home/airflow/.local/lib/python3.12/site-packages/airflow/example_dags/example_inlet_event_extra.py took 0.281 seconds
[2025-08-20T08:35:25.530+0000] {processor.py:186} INFO - Started process (PID=407) to work on /home/airflow/.local/lib/python3.12/site-packages/airflow/example_dags/example_inlet_event_extra.py
[2025-08-20T08:35:25.531+0000] {processor.py:914} INFO - Processing file /home/airflow/.local/lib/python3.12/site-packages/airflow/example_dags/example_inlet_event_extra.py for tasks to queue
[2025-08-20T08:35:25.534+0000] {logging_mixin.py:190} INFO - [2025-08-20T08:35:25.534+0000] {dagbag.py:588} INFO - Filling up the DagBag from /home/airflow/.local/lib/python3.12/site-packages/airflow/example_dags/example_inlet_event_extra.py
[2025-08-20T08:35:25.720+0000] {processor.py:925} INFO - DAG(s) 'read_dataset_event_from_classic', 'read_dataset_event' retrieved from /home/airflow/.local/lib/python3.12/site-packages/airflow/example_dags/example_inlet_event_extra.py
[2025-08-20T08:35:25.745+0000] {logging_mixin.py:190} INFO - [2025-08-20T08:35:25.745+0000] {dag.py:3239} INFO - Sync 2 DAGs
[2025-08-20T08:35:25.788+0000] {logging_mixin.py:190} INFO - [2025-08-20T08:35:25.788+0000] {dag.py:4180} INFO - Setting next_dagrun for read_dataset_event to 2025-08-19 00:00:00+00:00, run_after=2025-08-20 00:00:00+00:00
[2025-08-20T08:35:25.796+0000] {logging_mixin.py:190} INFO - [2025-08-20T08:35:25.796+0000] {dag.py:4180} INFO - Setting next_dagrun for read_dataset_event_from_classic to 2025-08-19 00:00:00+00:00, run_after=2025-08-20 00:00:00+00:00
[2025-08-20T08:35:25.814+0000] {processor.py:208} INFO - Processing /home/airflow/.local/lib/python3.12/site-packages/airflow/example_dags/example_inlet_event_extra.py took 0.293 seconds
[2025-08-20T08:36:43.944+0000] {processor.py:186} INFO - Started process (PID=71) to work on /home/airflow/.local/lib/python3.12/site-packages/airflow/example_dags/example_inlet_event_extra.py
[2025-08-20T08:36:43.946+0000] {processor.py:914} INFO - Processing file /home/airflow/.local/lib/python3.12/site-packages/airflow/example_dags/example_inlet_event_extra.py for tasks to queue
[2025-08-20T08:36:43.949+0000] {logging_mixin.py:190} INFO - [2025-08-20T08:36:43.949+0000] {dagbag.py:588} INFO - Filling up the DagBag from /home/airflow/.local/lib/python3.12/site-packages/airflow/example_dags/example_inlet_event_extra.py
[2025-08-20T08:36:44.137+0000] {processor.py:925} INFO - DAG(s) 'read_dataset_event_from_classic', 'read_dataset_event' retrieved from /home/airflow/.local/lib/python3.12/site-packages/airflow/example_dags/example_inlet_event_extra.py
[2025-08-20T08:36:44.176+0000] {logging_mixin.py:190} INFO - [2025-08-20T08:36:44.175+0000] {dag.py:3239} INFO - Sync 2 DAGs
[2025-08-20T08:36:44.216+0000] {logging_mixin.py:190} INFO - [2025-08-20T08:36:44.216+0000] {dag.py:4180} INFO - Setting next_dagrun for read_dataset_event to 2025-08-19 00:00:00+00:00, run_after=2025-08-20 00:00:00+00:00
[2025-08-20T08:36:44.223+0000] {logging_mixin.py:190} INFO - [2025-08-20T08:36:44.223+0000] {dag.py:4180} INFO - Setting next_dagrun for read_dataset_event_from_classic to 2025-08-19 00:00:00+00:00, run_after=2025-08-20 00:00:00+00:00
[2025-08-20T08:36:44.417+0000] {processor.py:208} INFO - Processing /home/airflow/.local/lib/python3.12/site-packages/airflow/example_dags/example_inlet_event_extra.py took 0.481 seconds
[2025-08-20T08:37:15.221+0000] {processor.py:186} INFO - Started process (PID=127) to work on /home/airflow/.local/lib/python3.12/site-packages/airflow/example_dags/example_inlet_event_extra.py
[2025-08-20T08:37:15.222+0000] {processor.py:914} INFO - Processing file /home/airflow/.local/lib/python3.12/site-packages/airflow/example_dags/example_inlet_event_extra.py for tasks to queue
[2025-08-20T08:37:15.225+0000] {logging_mixin.py:190} INFO - [2025-08-20T08:37:15.225+0000] {dagbag.py:588} INFO - Filling up the DagBag from /home/airflow/.local/lib/python3.12/site-packages/airflow/example_dags/example_inlet_event_extra.py
[2025-08-20T08:37:15.416+0000] {processor.py:925} INFO - DAG(s) 'read_dataset_event_from_classic', 'read_dataset_event' retrieved from /home/airflow/.local/lib/python3.12/site-packages/airflow/example_dags/example_inlet_event_extra.py
[2025-08-20T08:37:15.442+0000] {logging_mixin.py:190} INFO - [2025-08-20T08:37:15.442+0000] {dag.py:3239} INFO - Sync 2 DAGs
[2025-08-20T08:37:15.476+0000] {logging_mixin.py:190} INFO - [2025-08-20T08:37:15.476+0000] {dag.py:4180} INFO - Setting next_dagrun for read_dataset_event to 2025-08-19 00:00:00+00:00, run_after=2025-08-20 00:00:00+00:00
[2025-08-20T08:37:15.482+0000] {logging_mixin.py:190} INFO - [2025-08-20T08:37:15.482+0000] {dag.py:4180} INFO - Setting next_dagrun for read_dataset_event_from_classic to 2025-08-19 00:00:00+00:00, run_after=2025-08-20 00:00:00+00:00
[2025-08-20T08:37:15.819+0000] {processor.py:208} INFO - Processing /home/airflow/.local/lib/python3.12/site-packages/airflow/example_dags/example_inlet_event_extra.py took 0.606 seconds
[2025-08-20T08:37:46.585+0000] {processor.py:186} INFO - Started process (PID=183) to work on /home/airflow/.local/lib/python3.12/site-packages/airflow/example_dags/example_inlet_event_extra.py
[2025-08-20T08:37:46.586+0000] {processor.py:914} INFO - Processing file /home/airflow/.local/lib/python3.12/site-packages/airflow/example_dags/example_inlet_event_extra.py for tasks to queue
[2025-08-20T08:37:46.590+0000] {logging_mixin.py:190} INFO - [2025-08-20T08:37:46.589+0000] {dagbag.py:588} INFO - Filling up the DagBag from /home/airflow/.local/lib/python3.12/site-packages/airflow/example_dags/example_inlet_event_extra.py
[2025-08-20T08:37:46.774+0000] {processor.py:925} INFO - DAG(s) 'read_dataset_event_from_classic', 'read_dataset_event' retrieved from /home/airflow/.local/lib/python3.12/site-packages/airflow/example_dags/example_inlet_event_extra.py
[2025-08-20T08:37:46.798+0000] {logging_mixin.py:190} INFO - [2025-08-20T08:37:46.798+0000] {dag.py:3239} INFO - Sync 2 DAGs
[2025-08-20T08:37:46.828+0000] {logging_mixin.py:190} INFO - [2025-08-20T08:37:46.827+0000] {dag.py:4180} INFO - Setting next_dagrun for read_dataset_event to 2025-08-19 00:00:00+00:00, run_after=2025-08-20 00:00:00+00:00
[2025-08-20T08:37:46.835+0000] {logging_mixin.py:190} INFO - [2025-08-20T08:37:46.835+0000] {dag.py:4180} INFO - Setting next_dagrun for read_dataset_event_from_classic to 2025-08-19 00:00:00+00:00, run_after=2025-08-20 00:00:00+00:00
[2025-08-20T08:37:46.853+0000] {processor.py:208} INFO - Processing /home/airflow/.local/lib/python3.12/site-packages/airflow/example_dags/example_inlet_event_extra.py took 0.277 seconds
[2025-08-20T08:38:17.131+0000] {processor.py:186} INFO - Started process (PID=239) to work on /home/airflow/.local/lib/python3.12/site-packages/airflow/example_dags/example_inlet_event_extra.py
[2025-08-20T08:38:17.132+0000] {processor.py:914} INFO - Processing file /home/airflow/.local/lib/python3.12/site-packages/airflow/example_dags/example_inlet_event_extra.py for tasks to queue
[2025-08-20T08:38:17.136+0000] {logging_mixin.py:190} INFO - [2025-08-20T08:38:17.135+0000] {dagbag.py:588} INFO - Filling up the DagBag from /home/airflow/.local/lib/python3.12/site-packages/airflow/example_dags/example_inlet_event_extra.py
[2025-08-20T08:38:17.330+0000] {processor.py:925} INFO - DAG(s) 'read_dataset_event_from_classic', 'read_dataset_event' retrieved from /home/airflow/.local/lib/python3.12/site-packages/airflow/example_dags/example_inlet_event_extra.py
[2025-08-20T08:38:17.354+0000] {logging_mixin.py:190} INFO - [2025-08-20T08:38:17.354+0000] {dag.py:3239} INFO - Sync 2 DAGs
[2025-08-20T08:38:17.387+0000] {logging_mixin.py:190} INFO - [2025-08-20T08:38:17.387+0000] {dag.py:4180} INFO - Setting next_dagrun for read_dataset_event to 2025-08-19 00:00:00+00:00, run_after=2025-08-20 00:00:00+00:00
[2025-08-20T08:38:17.394+0000] {logging_mixin.py:190} INFO - [2025-08-20T08:38:17.394+0000] {dag.py:4180} INFO - Setting next_dagrun for read_dataset_event_from_classic to 2025-08-19 00:00:00+00:00, run_after=2025-08-20 00:00:00+00:00
[2025-08-20T08:38:17.415+0000] {processor.py:208} INFO - Processing /home/airflow/.local/lib/python3.12/site-packages/airflow/example_dags/example_inlet_event_extra.py took 0.293 seconds
[2025-08-20T08:38:47.681+0000] {processor.py:186} INFO - Started process (PID=295) to work on /home/airflow/.local/lib/python3.12/site-packages/airflow/example_dags/example_inlet_event_extra.py
[2025-08-20T08:38:47.682+0000] {processor.py:914} INFO - Processing file /home/airflow/.local/lib/python3.12/site-packages/airflow/example_dags/example_inlet_event_extra.py for tasks to queue
[2025-08-20T08:38:47.685+0000] {logging_mixin.py:190} INFO - [2025-08-20T08:38:47.685+0000] {dagbag.py:588} INFO - Filling up the DagBag from /home/airflow/.local/lib/python3.12/site-packages/airflow/example_dags/example_inlet_event_extra.py
[2025-08-20T08:38:47.880+0000] {processor.py:925} INFO - DAG(s) 'read_dataset_event_from_classic', 'read_dataset_event' retrieved from /home/airflow/.local/lib/python3.12/site-packages/airflow/example_dags/example_inlet_event_extra.py
[2025-08-20T08:38:47.908+0000] {logging_mixin.py:190} INFO - [2025-08-20T08:38:47.907+0000] {dag.py:3239} INFO - Sync 2 DAGs
[2025-08-20T08:38:47.939+0000] {logging_mixin.py:190} INFO - [2025-08-20T08:38:47.938+0000] {dag.py:4180} INFO - Setting next_dagrun for read_dataset_event to 2025-08-19 00:00:00+00:00, run_after=2025-08-20 00:00:00+00:00
[2025-08-20T08:38:47.944+0000] {logging_mixin.py:190} INFO - [2025-08-20T08:38:47.944+0000] {dag.py:4180} INFO - Setting next_dagrun for read_dataset_event_from_classic to 2025-08-19 00:00:00+00:00, run_after=2025-08-20 00:00:00+00:00
[2025-08-20T08:38:47.962+0000] {processor.py:208} INFO - Processing /home/airflow/.local/lib/python3.12/site-packages/airflow/example_dags/example_inlet_event_extra.py took 0.289 seconds
[2025-08-20T08:39:18.138+0000] {processor.py:186} INFO - Started process (PID=351) to work on /home/airflow/.local/lib/python3.12/site-packages/airflow/example_dags/example_inlet_event_extra.py
[2025-08-20T08:39:18.139+0000] {processor.py:914} INFO - Processing file /home/airflow/.local/lib/python3.12/site-packages/airflow/example_dags/example_inlet_event_extra.py for tasks to queue
[2025-08-20T08:39:18.142+0000] {logging_mixin.py:190} INFO - [2025-08-20T08:39:18.142+0000] {dagbag.py:588} INFO - Filling up the DagBag from /home/airflow/.local/lib/python3.12/site-packages/airflow/example_dags/example_inlet_event_extra.py
[2025-08-20T08:39:18.330+0000] {processor.py:925} INFO - DAG(s) 'read_dataset_event_from_classic', 'read_dataset_event' retrieved from /home/airflow/.local/lib/python3.12/site-packages/airflow/example_dags/example_inlet_event_extra.py
[2025-08-20T08:39:18.355+0000] {logging_mixin.py:190} INFO - [2025-08-20T08:39:18.354+0000] {dag.py:3239} INFO - Sync 2 DAGs
[2025-08-20T08:39:18.387+0000] {logging_mixin.py:190} INFO - [2025-08-20T08:39:18.386+0000] {dag.py:4180} INFO - Setting next_dagrun for read_dataset_event to 2025-08-19 00:00:00+00:00, run_after=2025-08-20 00:00:00+00:00
[2025-08-20T08:39:18.393+0000] {logging_mixin.py:190} INFO - [2025-08-20T08:39:18.393+0000] {dag.py:4180} INFO - Setting next_dagrun for read_dataset_event_from_classic to 2025-08-19 00:00:00+00:00, run_after=2025-08-20 00:00:00+00:00
[2025-08-20T08:39:18.418+0000] {processor.py:208} INFO - Processing /home/airflow/.local/lib/python3.12/site-packages/airflow/example_dags/example_inlet_event_extra.py took 0.288 seconds
[2025-08-20T08:40:57.718+0000] {processor.py:186} INFO - Started process (PID=71) to work on /home/airflow/.local/lib/python3.12/site-packages/airflow/example_dags/example_inlet_event_extra.py
[2025-08-20T08:40:57.719+0000] {processor.py:914} INFO - Processing file /home/airflow/.local/lib/python3.12/site-packages/airflow/example_dags/example_inlet_event_extra.py for tasks to queue
[2025-08-20T08:40:57.722+0000] {logging_mixin.py:190} INFO - [2025-08-20T08:40:57.722+0000] {dagbag.py:588} INFO - Filling up the DagBag from /home/airflow/.local/lib/python3.12/site-packages/airflow/example_dags/example_inlet_event_extra.py
[2025-08-20T08:40:57.917+0000] {processor.py:925} INFO - DAG(s) 'read_dataset_event', 'read_dataset_event_from_classic' retrieved from /home/airflow/.local/lib/python3.12/site-packages/airflow/example_dags/example_inlet_event_extra.py
[2025-08-20T08:40:57.941+0000] {logging_mixin.py:190} INFO - [2025-08-20T08:40:57.941+0000] {dag.py:3239} INFO - Sync 2 DAGs
[2025-08-20T08:40:57.973+0000] {logging_mixin.py:190} INFO - [2025-08-20T08:40:57.972+0000] {dag.py:4180} INFO - Setting next_dagrun for read_dataset_event to 2025-08-19 00:00:00+00:00, run_after=2025-08-20 00:00:00+00:00
[2025-08-20T08:40:57.978+0000] {logging_mixin.py:190} INFO - [2025-08-20T08:40:57.978+0000] {dag.py:4180} INFO - Setting next_dagrun for read_dataset_event_from_classic to 2025-08-19 00:00:00+00:00, run_after=2025-08-20 00:00:00+00:00
[2025-08-20T08:40:58.141+0000] {processor.py:208} INFO - Processing /home/airflow/.local/lib/python3.12/site-packages/airflow/example_dags/example_inlet_event_extra.py took 0.431 seconds
[2025-08-20T08:41:29.040+0000] {processor.py:186} INFO - Started process (PID=127) to work on /home/airflow/.local/lib/python3.12/site-packages/airflow/example_dags/example_inlet_event_extra.py
[2025-08-20T08:41:29.042+0000] {processor.py:914} INFO - Processing file /home/airflow/.local/lib/python3.12/site-packages/airflow/example_dags/example_inlet_event_extra.py for tasks to queue
[2025-08-20T08:41:29.045+0000] {logging_mixin.py:190} INFO - [2025-08-20T08:41:29.044+0000] {dagbag.py:588} INFO - Filling up the DagBag from /home/airflow/.local/lib/python3.12/site-packages/airflow/example_dags/example_inlet_event_extra.py
[2025-08-20T08:41:29.237+0000] {processor.py:925} INFO - DAG(s) 'read_dataset_event', 'read_dataset_event_from_classic' retrieved from /home/airflow/.local/lib/python3.12/site-packages/airflow/example_dags/example_inlet_event_extra.py
[2025-08-20T08:41:29.264+0000] {logging_mixin.py:190} INFO - [2025-08-20T08:41:29.264+0000] {dag.py:3239} INFO - Sync 2 DAGs
[2025-08-20T08:41:29.298+0000] {logging_mixin.py:190} INFO - [2025-08-20T08:41:29.298+0000] {dag.py:4180} INFO - Setting next_dagrun for read_dataset_event to 2025-08-19 00:00:00+00:00, run_after=2025-08-20 00:00:00+00:00
[2025-08-20T08:41:29.305+0000] {logging_mixin.py:190} INFO - [2025-08-20T08:41:29.304+0000] {dag.py:4180} INFO - Setting next_dagrun for read_dataset_event_from_classic to 2025-08-19 00:00:00+00:00, run_after=2025-08-20 00:00:00+00:00
[2025-08-20T08:41:29.594+0000] {processor.py:208} INFO - Processing /home/airflow/.local/lib/python3.12/site-packages/airflow/example_dags/example_inlet_event_extra.py took 0.563 seconds
[2025-08-20T08:41:59.745+0000] {processor.py:186} INFO - Started process (PID=183) to work on /home/airflow/.local/lib/python3.12/site-packages/airflow/example_dags/example_inlet_event_extra.py
[2025-08-20T08:41:59.747+0000] {processor.py:914} INFO - Processing file /home/airflow/.local/lib/python3.12/site-packages/airflow/example_dags/example_inlet_event_extra.py for tasks to queue
[2025-08-20T08:41:59.750+0000] {logging_mixin.py:190} INFO - [2025-08-20T08:41:59.749+0000] {dagbag.py:588} INFO - Filling up the DagBag from /home/airflow/.local/lib/python3.12/site-packages/airflow/example_dags/example_inlet_event_extra.py
[2025-08-20T08:41:59.935+0000] {processor.py:925} INFO - DAG(s) 'read_dataset_event_from_classic', 'read_dataset_event' retrieved from /home/airflow/.local/lib/python3.12/site-packages/airflow/example_dags/example_inlet_event_extra.py
[2025-08-20T08:41:59.962+0000] {logging_mixin.py:190} INFO - [2025-08-20T08:41:59.962+0000] {dag.py:3239} INFO - Sync 2 DAGs
[2025-08-20T08:41:59.994+0000] {logging_mixin.py:190} INFO - [2025-08-20T08:41:59.994+0000] {dag.py:4180} INFO - Setting next_dagrun for read_dataset_event to 2025-08-19 00:00:00+00:00, run_after=2025-08-20 00:00:00+00:00
[2025-08-20T08:42:00.003+0000] {logging_mixin.py:190} INFO - [2025-08-20T08:42:00.003+0000] {dag.py:4180} INFO - Setting next_dagrun for read_dataset_event_from_classic to 2025-08-19 00:00:00+00:00, run_after=2025-08-20 00:00:00+00:00
[2025-08-20T08:42:00.030+0000] {processor.py:208} INFO - Processing /home/airflow/.local/lib/python3.12/site-packages/airflow/example_dags/example_inlet_event_extra.py took 0.293 seconds
[2025-08-20T08:42:30.243+0000] {processor.py:186} INFO - Started process (PID=239) to work on /home/airflow/.local/lib/python3.12/site-packages/airflow/example_dags/example_inlet_event_extra.py
[2025-08-20T08:42:30.245+0000] {processor.py:914} INFO - Processing file /home/airflow/.local/lib/python3.12/site-packages/airflow/example_dags/example_inlet_event_extra.py for tasks to queue
[2025-08-20T08:42:30.248+0000] {logging_mixin.py:190} INFO - [2025-08-20T08:42:30.247+0000] {dagbag.py:588} INFO - Filling up the DagBag from /home/airflow/.local/lib/python3.12/site-packages/airflow/example_dags/example_inlet_event_extra.py
[2025-08-20T08:42:30.436+0000] {processor.py:925} INFO - DAG(s) 'read_dataset_event_from_classic', 'read_dataset_event' retrieved from /home/airflow/.local/lib/python3.12/site-packages/airflow/example_dags/example_inlet_event_extra.py
[2025-08-20T08:42:30.461+0000] {logging_mixin.py:190} INFO - [2025-08-20T08:42:30.461+0000] {dag.py:3239} INFO - Sync 2 DAGs
[2025-08-20T08:42:30.493+0000] {logging_mixin.py:190} INFO - [2025-08-20T08:42:30.493+0000] {dag.py:4180} INFO - Setting next_dagrun for read_dataset_event to 2025-08-19 00:00:00+00:00, run_after=2025-08-20 00:00:00+00:00
[2025-08-20T08:42:30.499+0000] {logging_mixin.py:190} INFO - [2025-08-20T08:42:30.499+0000] {dag.py:4180} INFO - Setting next_dagrun for read_dataset_event_from_classic to 2025-08-19 00:00:00+00:00, run_after=2025-08-20 00:00:00+00:00
[2025-08-20T08:42:30.516+0000] {processor.py:208} INFO - Processing /home/airflow/.local/lib/python3.12/site-packages/airflow/example_dags/example_inlet_event_extra.py took 0.281 seconds
[2025-08-20T08:43:00.842+0000] {processor.py:186} INFO - Started process (PID=295) to work on /home/airflow/.local/lib/python3.12/site-packages/airflow/example_dags/example_inlet_event_extra.py
[2025-08-20T08:43:00.844+0000] {processor.py:914} INFO - Processing file /home/airflow/.local/lib/python3.12/site-packages/airflow/example_dags/example_inlet_event_extra.py for tasks to queue
[2025-08-20T08:43:00.848+0000] {logging_mixin.py:190} INFO - [2025-08-20T08:43:00.847+0000] {dagbag.py:588} INFO - Filling up the DagBag from /home/airflow/.local/lib/python3.12/site-packages/airflow/example_dags/example_inlet_event_extra.py
[2025-08-20T08:43:01.050+0000] {processor.py:925} INFO - DAG(s) 'read_dataset_event', 'read_dataset_event_from_classic' retrieved from /home/airflow/.local/lib/python3.12/site-packages/airflow/example_dags/example_inlet_event_extra.py
[2025-08-20T08:43:01.078+0000] {logging_mixin.py:190} INFO - [2025-08-20T08:43:01.078+0000] {dag.py:3239} INFO - Sync 2 DAGs
[2025-08-20T08:43:01.113+0000] {logging_mixin.py:190} INFO - [2025-08-20T08:43:01.113+0000] {dag.py:4180} INFO - Setting next_dagrun for read_dataset_event to 2025-08-19 00:00:00+00:00, run_after=2025-08-20 00:00:00+00:00
[2025-08-20T08:43:01.119+0000] {logging_mixin.py:190} INFO - [2025-08-20T08:43:01.119+0000] {dag.py:4180} INFO - Setting next_dagrun for read_dataset_event_from_classic to 2025-08-19 00:00:00+00:00, run_after=2025-08-20 00:00:00+00:00
[2025-08-20T08:43:01.138+0000] {processor.py:208} INFO - Processing /home/airflow/.local/lib/python3.12/site-packages/airflow/example_dags/example_inlet_event_extra.py took 0.304 seconds
[2025-08-20T08:43:31.609+0000] {processor.py:186} INFO - Started process (PID=352) to work on /home/airflow/.local/lib/python3.12/site-packages/airflow/example_dags/example_inlet_event_extra.py
[2025-08-20T08:43:31.611+0000] {processor.py:914} INFO - Processing file /home/airflow/.local/lib/python3.12/site-packages/airflow/example_dags/example_inlet_event_extra.py for tasks to queue
[2025-08-20T08:43:31.614+0000] {logging_mixin.py:190} INFO - [2025-08-20T08:43:31.613+0000] {dagbag.py:588} INFO - Filling up the DagBag from /home/airflow/.local/lib/python3.12/site-packages/airflow/example_dags/example_inlet_event_extra.py
[2025-08-20T08:43:31.804+0000] {processor.py:925} INFO - DAG(s) 'read_dataset_event', 'read_dataset_event_from_classic' retrieved from /home/airflow/.local/lib/python3.12/site-packages/airflow/example_dags/example_inlet_event_extra.py
[2025-08-20T08:43:31.830+0000] {logging_mixin.py:190} INFO - [2025-08-20T08:43:31.830+0000] {dag.py:3239} INFO - Sync 2 DAGs
[2025-08-20T08:43:31.862+0000] {logging_mixin.py:190} INFO - [2025-08-20T08:43:31.862+0000] {dag.py:4180} INFO - Setting next_dagrun for read_dataset_event to 2025-08-19 00:00:00+00:00, run_after=2025-08-20 00:00:00+00:00
[2025-08-20T08:43:31.868+0000] {logging_mixin.py:190} INFO - [2025-08-20T08:43:31.868+0000] {dag.py:4180} INFO - Setting next_dagrun for read_dataset_event_from_classic to 2025-08-19 00:00:00+00:00, run_after=2025-08-20 00:00:00+00:00
[2025-08-20T08:43:31.887+0000] {processor.py:208} INFO - Processing /home/airflow/.local/lib/python3.12/site-packages/airflow/example_dags/example_inlet_event_extra.py took 0.287 seconds
[2025-08-20T08:44:02.049+0000] {processor.py:186} INFO - Started process (PID=408) to work on /home/airflow/.local/lib/python3.12/site-packages/airflow/example_dags/example_inlet_event_extra.py
[2025-08-20T08:44:02.058+0000] {processor.py:914} INFO - Processing file /home/airflow/.local/lib/python3.12/site-packages/airflow/example_dags/example_inlet_event_extra.py for tasks to queue
[2025-08-20T08:44:02.061+0000] {logging_mixin.py:190} INFO - [2025-08-20T08:44:02.060+0000] {dagbag.py:588} INFO - Filling up the DagBag from /home/airflow/.local/lib/python3.12/site-packages/airflow/example_dags/example_inlet_event_extra.py
[2025-08-20T08:44:02.259+0000] {processor.py:925} INFO - DAG(s) 'read_dataset_event', 'read_dataset_event_from_classic' retrieved from /home/airflow/.local/lib/python3.12/site-packages/airflow/example_dags/example_inlet_event_extra.py
[2025-08-20T08:44:02.291+0000] {logging_mixin.py:190} INFO - [2025-08-20T08:44:02.291+0000] {dag.py:3239} INFO - Sync 2 DAGs
[2025-08-20T08:44:02.324+0000] {logging_mixin.py:190} INFO - [2025-08-20T08:44:02.323+0000] {dag.py:4180} INFO - Setting next_dagrun for read_dataset_event to 2025-08-19 00:00:00+00:00, run_after=2025-08-20 00:00:00+00:00
[2025-08-20T08:44:02.331+0000] {logging_mixin.py:190} INFO - [2025-08-20T08:44:02.331+0000] {dag.py:4180} INFO - Setting next_dagrun for read_dataset_event_from_classic to 2025-08-19 00:00:00+00:00, run_after=2025-08-20 00:00:00+00:00
[2025-08-20T08:44:02.354+0000] {processor.py:208} INFO - Processing /home/airflow/.local/lib/python3.12/site-packages/airflow/example_dags/example_inlet_event_extra.py took 0.314 seconds
[2025-08-20T08:44:32.503+0000] {processor.py:186} INFO - Started process (PID=464) to work on /home/airflow/.local/lib/python3.12/site-packages/airflow/example_dags/example_inlet_event_extra.py
[2025-08-20T08:44:32.505+0000] {processor.py:914} INFO - Processing file /home/airflow/.local/lib/python3.12/site-packages/airflow/example_dags/example_inlet_event_extra.py for tasks to queue
[2025-08-20T08:44:32.508+0000] {logging_mixin.py:190} INFO - [2025-08-20T08:44:32.507+0000] {dagbag.py:588} INFO - Filling up the DagBag from /home/airflow/.local/lib/python3.12/site-packages/airflow/example_dags/example_inlet_event_extra.py
[2025-08-20T08:44:32.694+0000] {processor.py:925} INFO - DAG(s) 'read_dataset_event', 'read_dataset_event_from_classic' retrieved from /home/airflow/.local/lib/python3.12/site-packages/airflow/example_dags/example_inlet_event_extra.py
[2025-08-20T08:44:32.721+0000] {logging_mixin.py:190} INFO - [2025-08-20T08:44:32.721+0000] {dag.py:3239} INFO - Sync 2 DAGs
[2025-08-20T08:44:32.757+0000] {logging_mixin.py:190} INFO - [2025-08-20T08:44:32.756+0000] {dag.py:4180} INFO - Setting next_dagrun for read_dataset_event to 2025-08-19 00:00:00+00:00, run_after=2025-08-20 00:00:00+00:00
[2025-08-20T08:44:32.765+0000] {logging_mixin.py:190} INFO - [2025-08-20T08:44:32.765+0000] {dag.py:4180} INFO - Setting next_dagrun for read_dataset_event_from_classic to 2025-08-19 00:00:00+00:00, run_after=2025-08-20 00:00:00+00:00
[2025-08-20T08:44:32.786+0000] {processor.py:208} INFO - Processing /home/airflow/.local/lib/python3.12/site-packages/airflow/example_dags/example_inlet_event_extra.py took 0.291 seconds
[2025-08-20T08:45:02.875+0000] {processor.py:186} INFO - Started process (PID=520) to work on /home/airflow/.local/lib/python3.12/site-packages/airflow/example_dags/example_inlet_event_extra.py
[2025-08-20T08:45:02.877+0000] {processor.py:914} INFO - Processing file /home/airflow/.local/lib/python3.12/site-packages/airflow/example_dags/example_inlet_event_extra.py for tasks to queue
[2025-08-20T08:45:02.880+0000] {logging_mixin.py:190} INFO - [2025-08-20T08:45:02.880+0000] {dagbag.py:588} INFO - Filling up the DagBag from /home/airflow/.local/lib/python3.12/site-packages/airflow/example_dags/example_inlet_event_extra.py
[2025-08-20T08:45:03.077+0000] {processor.py:925} INFO - DAG(s) 'read_dataset_event_from_classic', 'read_dataset_event' retrieved from /home/airflow/.local/lib/python3.12/site-packages/airflow/example_dags/example_inlet_event_extra.py
[2025-08-20T08:45:03.104+0000] {logging_mixin.py:190} INFO - [2025-08-20T08:45:03.104+0000] {dag.py:3239} INFO - Sync 2 DAGs
[2025-08-20T08:45:03.138+0000] {logging_mixin.py:190} INFO - [2025-08-20T08:45:03.137+0000] {dag.py:4180} INFO - Setting next_dagrun for read_dataset_event to 2025-08-19 00:00:00+00:00, run_after=2025-08-20 00:00:00+00:00
[2025-08-20T08:45:03.143+0000] {logging_mixin.py:190} INFO - [2025-08-20T08:45:03.143+0000] {dag.py:4180} INFO - Setting next_dagrun for read_dataset_event_from_classic to 2025-08-19 00:00:00+00:00, run_after=2025-08-20 00:00:00+00:00
[2025-08-20T08:45:03.162+0000] {processor.py:208} INFO - Processing /home/airflow/.local/lib/python3.12/site-packages/airflow/example_dags/example_inlet_event_extra.py took 0.295 seconds
[2025-08-20T08:46:30.382+0000] {processor.py:186} INFO - Started process (PID=71) to work on /home/airflow/.local/lib/python3.12/site-packages/airflow/example_dags/example_inlet_event_extra.py
[2025-08-20T08:46:30.384+0000] {processor.py:914} INFO - Processing file /home/airflow/.local/lib/python3.12/site-packages/airflow/example_dags/example_inlet_event_extra.py for tasks to queue
[2025-08-20T08:46:30.387+0000] {logging_mixin.py:190} INFO - [2025-08-20T08:46:30.387+0000] {dagbag.py:588} INFO - Filling up the DagBag from /home/airflow/.local/lib/python3.12/site-packages/airflow/example_dags/example_inlet_event_extra.py
[2025-08-20T08:46:30.577+0000] {processor.py:925} INFO - DAG(s) 'read_dataset_event', 'read_dataset_event_from_classic' retrieved from /home/airflow/.local/lib/python3.12/site-packages/airflow/example_dags/example_inlet_event_extra.py
[2025-08-20T08:46:30.605+0000] {logging_mixin.py:190} INFO - [2025-08-20T08:46:30.605+0000] {dag.py:3239} INFO - Sync 2 DAGs
[2025-08-20T08:46:30.639+0000] {logging_mixin.py:190} INFO - [2025-08-20T08:46:30.639+0000] {dag.py:4180} INFO - Setting next_dagrun for read_dataset_event to 2025-08-19 00:00:00+00:00, run_after=2025-08-20 00:00:00+00:00
[2025-08-20T08:46:30.645+0000] {logging_mixin.py:190} INFO - [2025-08-20T08:46:30.645+0000] {dag.py:4180} INFO - Setting next_dagrun for read_dataset_event_from_classic to 2025-08-19 00:00:00+00:00, run_after=2025-08-20 00:00:00+00:00
[2025-08-20T08:46:30.894+0000] {processor.py:208} INFO - Processing /home/airflow/.local/lib/python3.12/site-packages/airflow/example_dags/example_inlet_event_extra.py took 0.520 seconds
[2025-08-20T08:47:02.651+0000] {processor.py:186} INFO - Started process (PID=127) to work on /home/airflow/.local/lib/python3.12/site-packages/airflow/example_dags/example_inlet_event_extra.py
[2025-08-20T08:47:02.653+0000] {processor.py:914} INFO - Processing file /home/airflow/.local/lib/python3.12/site-packages/airflow/example_dags/example_inlet_event_extra.py for tasks to queue
[2025-08-20T08:47:02.656+0000] {logging_mixin.py:190} INFO - [2025-08-20T08:47:02.655+0000] {dagbag.py:588} INFO - Filling up the DagBag from /home/airflow/.local/lib/python3.12/site-packages/airflow/example_dags/example_inlet_event_extra.py
[2025-08-20T08:47:02.854+0000] {processor.py:925} INFO - DAG(s) 'read_dataset_event', 'read_dataset_event_from_classic' retrieved from /home/airflow/.local/lib/python3.12/site-packages/airflow/example_dags/example_inlet_event_extra.py
[2025-08-20T08:47:02.883+0000] {logging_mixin.py:190} INFO - [2025-08-20T08:47:02.883+0000] {dag.py:3239} INFO - Sync 2 DAGs
[2025-08-20T08:47:02.922+0000] {logging_mixin.py:190} INFO - [2025-08-20T08:47:02.922+0000] {dag.py:4180} INFO - Setting next_dagrun for read_dataset_event to 2025-08-19 00:00:00+00:00, run_after=2025-08-20 00:00:00+00:00
[2025-08-20T08:47:02.928+0000] {logging_mixin.py:190} INFO - [2025-08-20T08:47:02.928+0000] {dag.py:4180} INFO - Setting next_dagrun for read_dataset_event_from_classic to 2025-08-19 00:00:00+00:00, run_after=2025-08-20 00:00:00+00:00
[2025-08-20T08:47:03.215+0000] {processor.py:208} INFO - Processing /home/airflow/.local/lib/python3.12/site-packages/airflow/example_dags/example_inlet_event_extra.py took 0.572 seconds
[2025-08-20T08:47:33.324+0000] {processor.py:186} INFO - Started process (PID=183) to work on /home/airflow/.local/lib/python3.12/site-packages/airflow/example_dags/example_inlet_event_extra.py
[2025-08-20T08:47:33.328+0000] {processor.py:914} INFO - Processing file /home/airflow/.local/lib/python3.12/site-packages/airflow/example_dags/example_inlet_event_extra.py for tasks to queue
[2025-08-20T08:47:33.331+0000] {logging_mixin.py:190} INFO - [2025-08-20T08:47:33.331+0000] {dagbag.py:588} INFO - Filling up the DagBag from /home/airflow/.local/lib/python3.12/site-packages/airflow/example_dags/example_inlet_event_extra.py
[2025-08-20T08:47:33.523+0000] {processor.py:925} INFO - DAG(s) 'read_dataset_event_from_classic', 'read_dataset_event' retrieved from /home/airflow/.local/lib/python3.12/site-packages/airflow/example_dags/example_inlet_event_extra.py
[2025-08-20T08:47:33.550+0000] {logging_mixin.py:190} INFO - [2025-08-20T08:47:33.550+0000] {dag.py:3239} INFO - Sync 2 DAGs
[2025-08-20T08:47:33.584+0000] {logging_mixin.py:190} INFO - [2025-08-20T08:47:33.583+0000] {dag.py:4180} INFO - Setting next_dagrun for read_dataset_event to 2025-08-19 00:00:00+00:00, run_after=2025-08-20 00:00:00+00:00
[2025-08-20T08:47:33.592+0000] {logging_mixin.py:190} INFO - [2025-08-20T08:47:33.592+0000] {dag.py:4180} INFO - Setting next_dagrun for read_dataset_event_from_classic to 2025-08-19 00:00:00+00:00, run_after=2025-08-20 00:00:00+00:00
[2025-08-20T08:47:34.070+0000] {processor.py:208} INFO - Processing /home/airflow/.local/lib/python3.12/site-packages/airflow/example_dags/example_inlet_event_extra.py took 0.755 seconds
[2025-08-20T08:48:04.136+0000] {processor.py:186} INFO - Started process (PID=240) to work on /home/airflow/.local/lib/python3.12/site-packages/airflow/example_dags/example_inlet_event_extra.py
[2025-08-20T08:48:04.138+0000] {processor.py:914} INFO - Processing file /home/airflow/.local/lib/python3.12/site-packages/airflow/example_dags/example_inlet_event_extra.py for tasks to queue
[2025-08-20T08:48:04.141+0000] {logging_mixin.py:190} INFO - [2025-08-20T08:48:04.140+0000] {dagbag.py:588} INFO - Filling up the DagBag from /home/airflow/.local/lib/python3.12/site-packages/airflow/example_dags/example_inlet_event_extra.py
[2025-08-20T08:48:04.330+0000] {processor.py:925} INFO - DAG(s) 'read_dataset_event_from_classic', 'read_dataset_event' retrieved from /home/airflow/.local/lib/python3.12/site-packages/airflow/example_dags/example_inlet_event_extra.py
[2025-08-20T08:48:04.356+0000] {logging_mixin.py:190} INFO - [2025-08-20T08:48:04.355+0000] {dag.py:3239} INFO - Sync 2 DAGs
[2025-08-20T08:48:04.384+0000] {logging_mixin.py:190} INFO - [2025-08-20T08:48:04.384+0000] {dag.py:4180} INFO - Setting next_dagrun for read_dataset_event to 2025-08-19 00:00:00+00:00, run_after=2025-08-20 00:00:00+00:00
[2025-08-20T08:48:04.390+0000] {logging_mixin.py:190} INFO - [2025-08-20T08:48:04.390+0000] {dag.py:4180} INFO - Setting next_dagrun for read_dataset_event_from_classic to 2025-08-19 00:00:00+00:00, run_after=2025-08-20 00:00:00+00:00
[2025-08-20T08:48:04.406+0000] {processor.py:208} INFO - Processing /home/airflow/.local/lib/python3.12/site-packages/airflow/example_dags/example_inlet_event_extra.py took 0.278 seconds
