[2025-08-20T08:25:54.503+0000] {processor.py:186} INFO - Started process (PID=52) to work on /home/airflow/.local/lib/python3.12/site-packages/airflow/example_dags/example_latest_only.py
[2025-08-20T08:25:54.504+0000] {processor.py:914} INFO - Processing file /home/airflow/.local/lib/python3.12/site-packages/airflow/example_dags/example_latest_only.py for tasks to queue
[2025-08-20T08:25:54.507+0000] {logging_mixin.py:190} INFO - [2025-08-20T08:25:54.507+0000] {dagbag.py:588} INFO - Filling up the DagBag from /home/airflow/.local/lib/python3.12/site-packages/airflow/example_dags/example_latest_only.py
[2025-08-20T08:25:54.518+0000] {processor.py:925} INFO - DAG(s) 'latest_only' retrieved from /home/airflow/.local/lib/python3.12/site-packages/airflow/example_dags/example_latest_only.py
[2025-08-20T08:25:54.551+0000] {logging_mixin.py:190} INFO - [2025-08-20T08:25:54.551+0000] {dag.py:3239} INFO - Sync 1 DAGs
[2025-08-20T08:25:54.582+0000] {logging_mixin.py:190} INFO - [2025-08-20T08:25:54.582+0000] {dag.py:4180} INFO - Setting next_dagrun for latest_only to 2025-08-20 04:00:00+00:00, run_after=2025-08-20 08:00:00+00:00
[2025-08-20T08:25:54.873+0000] {processor.py:208} INFO - Processing /home/airflow/.local/lib/python3.12/site-packages/airflow/example_dags/example_latest_only.py took 0.379 seconds
[2025-08-20T08:26:25.881+0000] {processor.py:186} INFO - Started process (PID=108) to work on /home/airflow/.local/lib/python3.12/site-packages/airflow/example_dags/example_latest_only.py
[2025-08-20T08:26:25.882+0000] {processor.py:914} INFO - Processing file /home/airflow/.local/lib/python3.12/site-packages/airflow/example_dags/example_latest_only.py for tasks to queue
[2025-08-20T08:26:25.885+0000] {logging_mixin.py:190} INFO - [2025-08-20T08:26:25.885+0000] {dagbag.py:588} INFO - Filling up the DagBag from /home/airflow/.local/lib/python3.12/site-packages/airflow/example_dags/example_latest_only.py
[2025-08-20T08:26:25.895+0000] {processor.py:925} INFO - DAG(s) 'latest_only' retrieved from /home/airflow/.local/lib/python3.12/site-packages/airflow/example_dags/example_latest_only.py
[2025-08-20T08:26:25.920+0000] {logging_mixin.py:190} INFO - [2025-08-20T08:26:25.920+0000] {dag.py:3239} INFO - Sync 1 DAGs
[2025-08-20T08:26:25.951+0000] {logging_mixin.py:190} INFO - [2025-08-20T08:26:25.950+0000] {dag.py:4180} INFO - Setting next_dagrun for latest_only to 2025-08-20 04:00:00+00:00, run_after=2025-08-20 08:00:00+00:00
[2025-08-20T08:26:26.266+0000] {processor.py:208} INFO - Processing /home/airflow/.local/lib/python3.12/site-packages/airflow/example_dags/example_latest_only.py took 0.393 seconds
[2025-08-20T08:26:56.908+0000] {processor.py:186} INFO - Started process (PID=164) to work on /home/airflow/.local/lib/python3.12/site-packages/airflow/example_dags/example_latest_only.py
[2025-08-20T08:26:56.910+0000] {processor.py:914} INFO - Processing file /home/airflow/.local/lib/python3.12/site-packages/airflow/example_dags/example_latest_only.py for tasks to queue
[2025-08-20T08:26:56.914+0000] {logging_mixin.py:190} INFO - [2025-08-20T08:26:56.913+0000] {dagbag.py:588} INFO - Filling up the DagBag from /home/airflow/.local/lib/python3.12/site-packages/airflow/example_dags/example_latest_only.py
[2025-08-20T08:26:56.927+0000] {processor.py:925} INFO - DAG(s) 'latest_only' retrieved from /home/airflow/.local/lib/python3.12/site-packages/airflow/example_dags/example_latest_only.py
[2025-08-20T08:26:56.960+0000] {logging_mixin.py:190} INFO - [2025-08-20T08:26:56.960+0000] {dag.py:3239} INFO - Sync 1 DAGs
[2025-08-20T08:26:56.996+0000] {logging_mixin.py:190} INFO - [2025-08-20T08:26:56.996+0000] {dag.py:4180} INFO - Setting next_dagrun for latest_only to 2025-08-20 04:00:00+00:00, run_after=2025-08-20 08:00:00+00:00
[2025-08-20T08:26:57.235+0000] {processor.py:208} INFO - Processing /home/airflow/.local/lib/python3.12/site-packages/airflow/example_dags/example_latest_only.py took 0.339 seconds
[2025-08-20T08:27:27.292+0000] {processor.py:186} INFO - Started process (PID=221) to work on /home/airflow/.local/lib/python3.12/site-packages/airflow/example_dags/example_latest_only.py
[2025-08-20T08:27:27.294+0000] {processor.py:914} INFO - Processing file /home/airflow/.local/lib/python3.12/site-packages/airflow/example_dags/example_latest_only.py for tasks to queue
[2025-08-20T08:27:27.297+0000] {logging_mixin.py:190} INFO - [2025-08-20T08:27:27.297+0000] {dagbag.py:588} INFO - Filling up the DagBag from /home/airflow/.local/lib/python3.12/site-packages/airflow/example_dags/example_latest_only.py
[2025-08-20T08:27:27.306+0000] {processor.py:925} INFO - DAG(s) 'latest_only' retrieved from /home/airflow/.local/lib/python3.12/site-packages/airflow/example_dags/example_latest_only.py
[2025-08-20T08:27:27.330+0000] {logging_mixin.py:190} INFO - [2025-08-20T08:27:27.330+0000] {dag.py:3239} INFO - Sync 1 DAGs
[2025-08-20T08:27:27.360+0000] {logging_mixin.py:190} INFO - [2025-08-20T08:27:27.360+0000] {dag.py:4180} INFO - Setting next_dagrun for latest_only to 2025-08-20 04:00:00+00:00, run_after=2025-08-20 08:00:00+00:00
[2025-08-20T08:27:27.379+0000] {processor.py:208} INFO - Processing /home/airflow/.local/lib/python3.12/site-packages/airflow/example_dags/example_latest_only.py took 0.095 seconds
[2025-08-20T08:27:57.766+0000] {processor.py:186} INFO - Started process (PID=276) to work on /home/airflow/.local/lib/python3.12/site-packages/airflow/example_dags/example_latest_only.py
[2025-08-20T08:27:57.768+0000] {processor.py:914} INFO - Processing file /home/airflow/.local/lib/python3.12/site-packages/airflow/example_dags/example_latest_only.py for tasks to queue
[2025-08-20T08:27:57.772+0000] {logging_mixin.py:190} INFO - [2025-08-20T08:27:57.771+0000] {dagbag.py:588} INFO - Filling up the DagBag from /home/airflow/.local/lib/python3.12/site-packages/airflow/example_dags/example_latest_only.py
[2025-08-20T08:27:57.781+0000] {processor.py:925} INFO - DAG(s) 'latest_only' retrieved from /home/airflow/.local/lib/python3.12/site-packages/airflow/example_dags/example_latest_only.py
[2025-08-20T08:27:57.807+0000] {logging_mixin.py:190} INFO - [2025-08-20T08:27:57.807+0000] {dag.py:3239} INFO - Sync 1 DAGs
[2025-08-20T08:27:57.841+0000] {logging_mixin.py:190} INFO - [2025-08-20T08:27:57.841+0000] {dag.py:4180} INFO - Setting next_dagrun for latest_only to 2025-08-20 04:00:00+00:00, run_after=2025-08-20 08:00:00+00:00
[2025-08-20T08:27:57.863+0000] {processor.py:208} INFO - Processing /home/airflow/.local/lib/python3.12/site-packages/airflow/example_dags/example_latest_only.py took 0.105 seconds
[2025-08-20T08:28:28.186+0000] {processor.py:186} INFO - Started process (PID=332) to work on /home/airflow/.local/lib/python3.12/site-packages/airflow/example_dags/example_latest_only.py
[2025-08-20T08:28:28.187+0000] {processor.py:914} INFO - Processing file /home/airflow/.local/lib/python3.12/site-packages/airflow/example_dags/example_latest_only.py for tasks to queue
[2025-08-20T08:28:28.190+0000] {logging_mixin.py:190} INFO - [2025-08-20T08:28:28.190+0000] {dagbag.py:588} INFO - Filling up the DagBag from /home/airflow/.local/lib/python3.12/site-packages/airflow/example_dags/example_latest_only.py
[2025-08-20T08:28:28.200+0000] {processor.py:925} INFO - DAG(s) 'latest_only' retrieved from /home/airflow/.local/lib/python3.12/site-packages/airflow/example_dags/example_latest_only.py
[2025-08-20T08:28:28.224+0000] {logging_mixin.py:190} INFO - [2025-08-20T08:28:28.224+0000] {dag.py:3239} INFO - Sync 1 DAGs
[2025-08-20T08:28:28.254+0000] {logging_mixin.py:190} INFO - [2025-08-20T08:28:28.253+0000] {dag.py:4180} INFO - Setting next_dagrun for latest_only to 2025-08-20 04:00:00+00:00, run_after=2025-08-20 08:00:00+00:00
[2025-08-20T08:28:28.276+0000] {processor.py:208} INFO - Processing /home/airflow/.local/lib/python3.12/site-packages/airflow/example_dags/example_latest_only.py took 0.098 seconds
[2025-08-20T08:28:58.537+0000] {processor.py:186} INFO - Started process (PID=388) to work on /home/airflow/.local/lib/python3.12/site-packages/airflow/example_dags/example_latest_only.py
[2025-08-20T08:28:58.539+0000] {processor.py:914} INFO - Processing file /home/airflow/.local/lib/python3.12/site-packages/airflow/example_dags/example_latest_only.py for tasks to queue
[2025-08-20T08:28:58.542+0000] {logging_mixin.py:190} INFO - [2025-08-20T08:28:58.541+0000] {dagbag.py:588} INFO - Filling up the DagBag from /home/airflow/.local/lib/python3.12/site-packages/airflow/example_dags/example_latest_only.py
[2025-08-20T08:28:58.551+0000] {processor.py:925} INFO - DAG(s) 'latest_only' retrieved from /home/airflow/.local/lib/python3.12/site-packages/airflow/example_dags/example_latest_only.py
[2025-08-20T08:28:58.574+0000] {logging_mixin.py:190} INFO - [2025-08-20T08:28:58.574+0000] {dag.py:3239} INFO - Sync 1 DAGs
[2025-08-20T08:28:58.603+0000] {logging_mixin.py:190} INFO - [2025-08-20T08:28:58.603+0000] {dag.py:4180} INFO - Setting next_dagrun for latest_only to 2025-08-20 04:00:00+00:00, run_after=2025-08-20 08:00:00+00:00
[2025-08-20T08:28:58.623+0000] {processor.py:208} INFO - Processing /home/airflow/.local/lib/python3.12/site-packages/airflow/example_dags/example_latest_only.py took 0.094 seconds
[2025-08-20T08:30:24.321+0000] {processor.py:186} INFO - Started process (PID=50) to work on /home/airflow/.local/lib/python3.12/site-packages/airflow/example_dags/example_latest_only.py
[2025-08-20T08:30:24.322+0000] {processor.py:914} INFO - Processing file /home/airflow/.local/lib/python3.12/site-packages/airflow/example_dags/example_latest_only.py for tasks to queue
[2025-08-20T08:30:24.325+0000] {logging_mixin.py:190} INFO - [2025-08-20T08:30:24.325+0000] {dagbag.py:588} INFO - Filling up the DagBag from /home/airflow/.local/lib/python3.12/site-packages/airflow/example_dags/example_latest_only.py
[2025-08-20T08:30:24.336+0000] {processor.py:925} INFO - DAG(s) 'latest_only' retrieved from /home/airflow/.local/lib/python3.12/site-packages/airflow/example_dags/example_latest_only.py
[2025-08-20T08:30:24.373+0000] {logging_mixin.py:190} INFO - [2025-08-20T08:30:24.372+0000] {dag.py:3239} INFO - Sync 1 DAGs
[2025-08-20T08:30:24.407+0000] {logging_mixin.py:190} INFO - [2025-08-20T08:30:24.407+0000] {dag.py:4180} INFO - Setting next_dagrun for latest_only to 2025-08-20 04:00:00+00:00, run_after=2025-08-20 08:00:00+00:00
[2025-08-20T08:30:24.593+0000] {processor.py:208} INFO - Processing /home/airflow/.local/lib/python3.12/site-packages/airflow/example_dags/example_latest_only.py took 0.282 seconds
[2025-08-20T08:30:56.047+0000] {processor.py:186} INFO - Started process (PID=106) to work on /home/airflow/.local/lib/python3.12/site-packages/airflow/example_dags/example_latest_only.py
[2025-08-20T08:30:56.050+0000] {processor.py:914} INFO - Processing file /home/airflow/.local/lib/python3.12/site-packages/airflow/example_dags/example_latest_only.py for tasks to queue
[2025-08-20T08:30:56.053+0000] {logging_mixin.py:190} INFO - [2025-08-20T08:30:56.053+0000] {dagbag.py:588} INFO - Filling up the DagBag from /home/airflow/.local/lib/python3.12/site-packages/airflow/example_dags/example_latest_only.py
[2025-08-20T08:30:56.063+0000] {processor.py:925} INFO - DAG(s) 'latest_only' retrieved from /home/airflow/.local/lib/python3.12/site-packages/airflow/example_dags/example_latest_only.py
[2025-08-20T08:30:56.090+0000] {logging_mixin.py:190} INFO - [2025-08-20T08:30:56.090+0000] {dag.py:3239} INFO - Sync 1 DAGs
[2025-08-20T08:30:56.123+0000] {logging_mixin.py:190} INFO - [2025-08-20T08:30:56.123+0000] {dag.py:4180} INFO - Setting next_dagrun for latest_only to 2025-08-20 04:00:00+00:00, run_after=2025-08-20 08:00:00+00:00
[2025-08-20T08:30:56.423+0000] {processor.py:208} INFO - Processing /home/airflow/.local/lib/python3.12/site-packages/airflow/example_dags/example_latest_only.py took 0.385 seconds
[2025-08-20T08:31:26.582+0000] {processor.py:186} INFO - Started process (PID=162) to work on /home/airflow/.local/lib/python3.12/site-packages/airflow/example_dags/example_latest_only.py
[2025-08-20T08:31:26.584+0000] {processor.py:914} INFO - Processing file /home/airflow/.local/lib/python3.12/site-packages/airflow/example_dags/example_latest_only.py for tasks to queue
[2025-08-20T08:31:26.587+0000] {logging_mixin.py:190} INFO - [2025-08-20T08:31:26.587+0000] {dagbag.py:588} INFO - Filling up the DagBag from /home/airflow/.local/lib/python3.12/site-packages/airflow/example_dags/example_latest_only.py
[2025-08-20T08:31:26.597+0000] {processor.py:925} INFO - DAG(s) 'latest_only' retrieved from /home/airflow/.local/lib/python3.12/site-packages/airflow/example_dags/example_latest_only.py
[2025-08-20T08:31:26.623+0000] {logging_mixin.py:190} INFO - [2025-08-20T08:31:26.622+0000] {dag.py:3239} INFO - Sync 1 DAGs
[2025-08-20T08:31:26.653+0000] {logging_mixin.py:190} INFO - [2025-08-20T08:31:26.653+0000] {dag.py:4180} INFO - Setting next_dagrun for latest_only to 2025-08-20 04:00:00+00:00, run_after=2025-08-20 08:00:00+00:00
[2025-08-20T08:31:26.930+0000] {processor.py:208} INFO - Processing /home/airflow/.local/lib/python3.12/site-packages/airflow/example_dags/example_latest_only.py took 0.356 seconds
[2025-08-20T08:32:18.797+0000] {processor.py:186} INFO - Started process (PID=51) to work on /home/airflow/.local/lib/python3.12/site-packages/airflow/example_dags/example_latest_only.py
[2025-08-20T08:32:18.799+0000] {processor.py:914} INFO - Processing file /home/airflow/.local/lib/python3.12/site-packages/airflow/example_dags/example_latest_only.py for tasks to queue
[2025-08-20T08:32:18.802+0000] {logging_mixin.py:190} INFO - [2025-08-20T08:32:18.802+0000] {dagbag.py:588} INFO - Filling up the DagBag from /home/airflow/.local/lib/python3.12/site-packages/airflow/example_dags/example_latest_only.py
[2025-08-20T08:32:18.813+0000] {processor.py:925} INFO - DAG(s) 'latest_only' retrieved from /home/airflow/.local/lib/python3.12/site-packages/airflow/example_dags/example_latest_only.py
[2025-08-20T08:32:18.847+0000] {logging_mixin.py:190} INFO - [2025-08-20T08:32:18.846+0000] {dag.py:3239} INFO - Sync 1 DAGs
[2025-08-20T08:32:18.879+0000] {logging_mixin.py:190} INFO - [2025-08-20T08:32:18.879+0000] {dag.py:4180} INFO - Setting next_dagrun for latest_only to 2025-08-20 04:00:00+00:00, run_after=2025-08-20 08:00:00+00:00
[2025-08-20T08:32:18.919+0000] {processor.py:208} INFO - Processing /home/airflow/.local/lib/python3.12/site-packages/airflow/example_dags/example_latest_only.py took 0.130 seconds
[2025-08-20T08:32:50.005+0000] {processor.py:186} INFO - Started process (PID=107) to work on /home/airflow/.local/lib/python3.12/site-packages/airflow/example_dags/example_latest_only.py
[2025-08-20T08:32:50.006+0000] {processor.py:914} INFO - Processing file /home/airflow/.local/lib/python3.12/site-packages/airflow/example_dags/example_latest_only.py for tasks to queue
[2025-08-20T08:32:50.009+0000] {logging_mixin.py:190} INFO - [2025-08-20T08:32:50.008+0000] {dagbag.py:588} INFO - Filling up the DagBag from /home/airflow/.local/lib/python3.12/site-packages/airflow/example_dags/example_latest_only.py
[2025-08-20T08:32:50.019+0000] {processor.py:925} INFO - DAG(s) 'latest_only' retrieved from /home/airflow/.local/lib/python3.12/site-packages/airflow/example_dags/example_latest_only.py
[2025-08-20T08:32:50.049+0000] {logging_mixin.py:190} INFO - [2025-08-20T08:32:50.048+0000] {dag.py:3239} INFO - Sync 1 DAGs
[2025-08-20T08:32:50.092+0000] {logging_mixin.py:190} INFO - [2025-08-20T08:32:50.091+0000] {dag.py:4180} INFO - Setting next_dagrun for latest_only to 2025-08-20 04:00:00+00:00, run_after=2025-08-20 08:00:00+00:00
[2025-08-20T08:32:50.118+0000] {processor.py:208} INFO - Processing /home/airflow/.local/lib/python3.12/site-packages/airflow/example_dags/example_latest_only.py took 0.122 seconds
[2025-08-20T08:33:20.550+0000] {processor.py:186} INFO - Started process (PID=163) to work on /home/airflow/.local/lib/python3.12/site-packages/airflow/example_dags/example_latest_only.py
[2025-08-20T08:33:20.552+0000] {processor.py:914} INFO - Processing file /home/airflow/.local/lib/python3.12/site-packages/airflow/example_dags/example_latest_only.py for tasks to queue
[2025-08-20T08:33:20.555+0000] {logging_mixin.py:190} INFO - [2025-08-20T08:33:20.554+0000] {dagbag.py:588} INFO - Filling up the DagBag from /home/airflow/.local/lib/python3.12/site-packages/airflow/example_dags/example_latest_only.py
[2025-08-20T08:33:20.564+0000] {processor.py:925} INFO - DAG(s) 'latest_only' retrieved from /home/airflow/.local/lib/python3.12/site-packages/airflow/example_dags/example_latest_only.py
[2025-08-20T08:33:20.588+0000] {logging_mixin.py:190} INFO - [2025-08-20T08:33:20.588+0000] {dag.py:3239} INFO - Sync 1 DAGs
[2025-08-20T08:33:20.617+0000] {logging_mixin.py:190} INFO - [2025-08-20T08:33:20.617+0000] {dag.py:4180} INFO - Setting next_dagrun for latest_only to 2025-08-20 04:00:00+00:00, run_after=2025-08-20 08:00:00+00:00
[2025-08-20T08:33:20.638+0000] {processor.py:208} INFO - Processing /home/airflow/.local/lib/python3.12/site-packages/airflow/example_dags/example_latest_only.py took 0.095 seconds
[2025-08-20T08:33:50.986+0000] {processor.py:186} INFO - Started process (PID=219) to work on /home/airflow/.local/lib/python3.12/site-packages/airflow/example_dags/example_latest_only.py
[2025-08-20T08:33:50.988+0000] {processor.py:914} INFO - Processing file /home/airflow/.local/lib/python3.12/site-packages/airflow/example_dags/example_latest_only.py for tasks to queue
[2025-08-20T08:33:50.990+0000] {logging_mixin.py:190} INFO - [2025-08-20T08:33:50.990+0000] {dagbag.py:588} INFO - Filling up the DagBag from /home/airflow/.local/lib/python3.12/site-packages/airflow/example_dags/example_latest_only.py
[2025-08-20T08:33:51.000+0000] {processor.py:925} INFO - DAG(s) 'latest_only' retrieved from /home/airflow/.local/lib/python3.12/site-packages/airflow/example_dags/example_latest_only.py
[2025-08-20T08:33:51.025+0000] {logging_mixin.py:190} INFO - [2025-08-20T08:33:51.025+0000] {dag.py:3239} INFO - Sync 1 DAGs
[2025-08-20T08:33:51.054+0000] {logging_mixin.py:190} INFO - [2025-08-20T08:33:51.054+0000] {dag.py:4180} INFO - Setting next_dagrun for latest_only to 2025-08-20 04:00:00+00:00, run_after=2025-08-20 08:00:00+00:00
[2025-08-20T08:33:51.074+0000] {processor.py:208} INFO - Processing /home/airflow/.local/lib/python3.12/site-packages/airflow/example_dags/example_latest_only.py took 0.097 seconds
[2025-08-20T08:34:21.538+0000] {processor.py:186} INFO - Started process (PID=275) to work on /home/airflow/.local/lib/python3.12/site-packages/airflow/example_dags/example_latest_only.py
[2025-08-20T08:34:21.540+0000] {processor.py:914} INFO - Processing file /home/airflow/.local/lib/python3.12/site-packages/airflow/example_dags/example_latest_only.py for tasks to queue
[2025-08-20T08:34:21.542+0000] {logging_mixin.py:190} INFO - [2025-08-20T08:34:21.542+0000] {dagbag.py:588} INFO - Filling up the DagBag from /home/airflow/.local/lib/python3.12/site-packages/airflow/example_dags/example_latest_only.py
[2025-08-20T08:34:21.551+0000] {processor.py:925} INFO - DAG(s) 'latest_only' retrieved from /home/airflow/.local/lib/python3.12/site-packages/airflow/example_dags/example_latest_only.py
[2025-08-20T08:34:21.575+0000] {logging_mixin.py:190} INFO - [2025-08-20T08:34:21.574+0000] {dag.py:3239} INFO - Sync 1 DAGs
[2025-08-20T08:34:21.605+0000] {logging_mixin.py:190} INFO - [2025-08-20T08:34:21.605+0000] {dag.py:4180} INFO - Setting next_dagrun for latest_only to 2025-08-20 04:00:00+00:00, run_after=2025-08-20 08:00:00+00:00
[2025-08-20T08:34:21.625+0000] {processor.py:208} INFO - Processing /home/airflow/.local/lib/python3.12/site-packages/airflow/example_dags/example_latest_only.py took 0.096 seconds
[2025-08-20T08:34:52.061+0000] {processor.py:186} INFO - Started process (PID=331) to work on /home/airflow/.local/lib/python3.12/site-packages/airflow/example_dags/example_latest_only.py
[2025-08-20T08:34:52.063+0000] {processor.py:914} INFO - Processing file /home/airflow/.local/lib/python3.12/site-packages/airflow/example_dags/example_latest_only.py for tasks to queue
[2025-08-20T08:34:52.066+0000] {logging_mixin.py:190} INFO - [2025-08-20T08:34:52.066+0000] {dagbag.py:588} INFO - Filling up the DagBag from /home/airflow/.local/lib/python3.12/site-packages/airflow/example_dags/example_latest_only.py
[2025-08-20T08:34:52.076+0000] {processor.py:925} INFO - DAG(s) 'latest_only' retrieved from /home/airflow/.local/lib/python3.12/site-packages/airflow/example_dags/example_latest_only.py
[2025-08-20T08:34:52.103+0000] {logging_mixin.py:190} INFO - [2025-08-20T08:34:52.102+0000] {dag.py:3239} INFO - Sync 1 DAGs
[2025-08-20T08:34:52.142+0000] {logging_mixin.py:190} INFO - [2025-08-20T08:34:52.141+0000] {dag.py:4180} INFO - Setting next_dagrun for latest_only to 2025-08-20 04:00:00+00:00, run_after=2025-08-20 08:00:00+00:00
[2025-08-20T08:34:52.161+0000] {processor.py:208} INFO - Processing /home/airflow/.local/lib/python3.12/site-packages/airflow/example_dags/example_latest_only.py took 0.107 seconds
[2025-08-20T08:35:23.122+0000] {processor.py:186} INFO - Started process (PID=387) to work on /home/airflow/.local/lib/python3.12/site-packages/airflow/example_dags/example_latest_only.py
[2025-08-20T08:35:23.124+0000] {processor.py:914} INFO - Processing file /home/airflow/.local/lib/python3.12/site-packages/airflow/example_dags/example_latest_only.py for tasks to queue
[2025-08-20T08:35:23.127+0000] {logging_mixin.py:190} INFO - [2025-08-20T08:35:23.127+0000] {dagbag.py:588} INFO - Filling up the DagBag from /home/airflow/.local/lib/python3.12/site-packages/airflow/example_dags/example_latest_only.py
[2025-08-20T08:35:23.137+0000] {processor.py:925} INFO - DAG(s) 'latest_only' retrieved from /home/airflow/.local/lib/python3.12/site-packages/airflow/example_dags/example_latest_only.py
[2025-08-20T08:35:23.163+0000] {logging_mixin.py:190} INFO - [2025-08-20T08:35:23.163+0000] {dag.py:3239} INFO - Sync 1 DAGs
[2025-08-20T08:35:23.195+0000] {logging_mixin.py:190} INFO - [2025-08-20T08:35:23.195+0000] {dag.py:4180} INFO - Setting next_dagrun for latest_only to 2025-08-20 04:00:00+00:00, run_after=2025-08-20 08:00:00+00:00
[2025-08-20T08:35:23.216+0000] {processor.py:208} INFO - Processing /home/airflow/.local/lib/python3.12/site-packages/airflow/example_dags/example_latest_only.py took 0.102 seconds
[2025-08-20T08:36:39.064+0000] {processor.py:186} INFO - Started process (PID=51) to work on /home/airflow/.local/lib/python3.12/site-packages/airflow/example_dags/example_latest_only.py
[2025-08-20T08:36:39.066+0000] {processor.py:914} INFO - Processing file /home/airflow/.local/lib/python3.12/site-packages/airflow/example_dags/example_latest_only.py for tasks to queue
[2025-08-20T08:36:39.069+0000] {logging_mixin.py:190} INFO - [2025-08-20T08:36:39.069+0000] {dagbag.py:588} INFO - Filling up the DagBag from /home/airflow/.local/lib/python3.12/site-packages/airflow/example_dags/example_latest_only.py
[2025-08-20T08:36:39.083+0000] {processor.py:925} INFO - DAG(s) 'latest_only' retrieved from /home/airflow/.local/lib/python3.12/site-packages/airflow/example_dags/example_latest_only.py
[2025-08-20T08:36:39.121+0000] {logging_mixin.py:190} INFO - [2025-08-20T08:36:39.121+0000] {dag.py:3239} INFO - Sync 1 DAGs
[2025-08-20T08:36:39.153+0000] {logging_mixin.py:190} INFO - [2025-08-20T08:36:39.152+0000] {dag.py:4180} INFO - Setting next_dagrun for latest_only to 2025-08-20 04:00:00+00:00, run_after=2025-08-20 08:00:00+00:00
[2025-08-20T08:36:39.451+0000] {processor.py:208} INFO - Processing /home/airflow/.local/lib/python3.12/site-packages/airflow/example_dags/example_latest_only.py took 0.398 seconds
[2025-08-20T08:37:10.306+0000] {processor.py:186} INFO - Started process (PID=107) to work on /home/airflow/.local/lib/python3.12/site-packages/airflow/example_dags/example_latest_only.py
[2025-08-20T08:37:10.308+0000] {processor.py:914} INFO - Processing file /home/airflow/.local/lib/python3.12/site-packages/airflow/example_dags/example_latest_only.py for tasks to queue
[2025-08-20T08:37:10.312+0000] {logging_mixin.py:190} INFO - [2025-08-20T08:37:10.311+0000] {dagbag.py:588} INFO - Filling up the DagBag from /home/airflow/.local/lib/python3.12/site-packages/airflow/example_dags/example_latest_only.py
[2025-08-20T08:37:10.324+0000] {processor.py:925} INFO - DAG(s) 'latest_only' retrieved from /home/airflow/.local/lib/python3.12/site-packages/airflow/example_dags/example_latest_only.py
[2025-08-20T08:37:10.352+0000] {logging_mixin.py:190} INFO - [2025-08-20T08:37:10.352+0000] {dag.py:3239} INFO - Sync 1 DAGs
[2025-08-20T08:37:10.383+0000] {logging_mixin.py:190} INFO - [2025-08-20T08:37:10.383+0000] {dag.py:4180} INFO - Setting next_dagrun for latest_only to 2025-08-20 04:00:00+00:00, run_after=2025-08-20 08:00:00+00:00
[2025-08-20T08:37:10.670+0000] {processor.py:208} INFO - Processing /home/airflow/.local/lib/python3.12/site-packages/airflow/example_dags/example_latest_only.py took 0.373 seconds
[2025-08-20T08:37:41.062+0000] {processor.py:186} INFO - Started process (PID=163) to work on /home/airflow/.local/lib/python3.12/site-packages/airflow/example_dags/example_latest_only.py
[2025-08-20T08:37:41.064+0000] {processor.py:914} INFO - Processing file /home/airflow/.local/lib/python3.12/site-packages/airflow/example_dags/example_latest_only.py for tasks to queue
[2025-08-20T08:37:41.067+0000] {logging_mixin.py:190} INFO - [2025-08-20T08:37:41.067+0000] {dagbag.py:588} INFO - Filling up the DagBag from /home/airflow/.local/lib/python3.12/site-packages/airflow/example_dags/example_latest_only.py
[2025-08-20T08:37:41.077+0000] {processor.py:925} INFO - DAG(s) 'latest_only' retrieved from /home/airflow/.local/lib/python3.12/site-packages/airflow/example_dags/example_latest_only.py
[2025-08-20T08:37:41.106+0000] {logging_mixin.py:190} INFO - [2025-08-20T08:37:41.105+0000] {dag.py:3239} INFO - Sync 1 DAGs
[2025-08-20T08:37:41.140+0000] {logging_mixin.py:190} INFO - [2025-08-20T08:37:41.140+0000] {dag.py:4180} INFO - Setting next_dagrun for latest_only to 2025-08-20 04:00:00+00:00, run_after=2025-08-20 08:00:00+00:00
[2025-08-20T08:37:41.449+0000] {processor.py:208} INFO - Processing /home/airflow/.local/lib/python3.12/site-packages/airflow/example_dags/example_latest_only.py took 0.395 seconds
[2025-08-20T08:38:11.607+0000] {processor.py:186} INFO - Started process (PID=219) to work on /home/airflow/.local/lib/python3.12/site-packages/airflow/example_dags/example_latest_only.py
[2025-08-20T08:38:11.608+0000] {processor.py:914} INFO - Processing file /home/airflow/.local/lib/python3.12/site-packages/airflow/example_dags/example_latest_only.py for tasks to queue
[2025-08-20T08:38:11.611+0000] {logging_mixin.py:190} INFO - [2025-08-20T08:38:11.610+0000] {dagbag.py:588} INFO - Filling up the DagBag from /home/airflow/.local/lib/python3.12/site-packages/airflow/example_dags/example_latest_only.py
[2025-08-20T08:38:11.625+0000] {processor.py:925} INFO - DAG(s) 'latest_only' retrieved from /home/airflow/.local/lib/python3.12/site-packages/airflow/example_dags/example_latest_only.py
[2025-08-20T08:38:11.648+0000] {logging_mixin.py:190} INFO - [2025-08-20T08:38:11.648+0000] {dag.py:3239} INFO - Sync 1 DAGs
[2025-08-20T08:38:11.676+0000] {logging_mixin.py:190} INFO - [2025-08-20T08:38:11.676+0000] {dag.py:4180} INFO - Setting next_dagrun for latest_only to 2025-08-20 04:00:00+00:00, run_after=2025-08-20 08:00:00+00:00
[2025-08-20T08:38:11.694+0000] {processor.py:208} INFO - Processing /home/airflow/.local/lib/python3.12/site-packages/airflow/example_dags/example_latest_only.py took 0.096 seconds
[2025-08-20T08:38:42.127+0000] {processor.py:186} INFO - Started process (PID=275) to work on /home/airflow/.local/lib/python3.12/site-packages/airflow/example_dags/example_latest_only.py
[2025-08-20T08:38:42.129+0000] {processor.py:914} INFO - Processing file /home/airflow/.local/lib/python3.12/site-packages/airflow/example_dags/example_latest_only.py for tasks to queue
[2025-08-20T08:38:42.132+0000] {logging_mixin.py:190} INFO - [2025-08-20T08:38:42.131+0000] {dagbag.py:588} INFO - Filling up the DagBag from /home/airflow/.local/lib/python3.12/site-packages/airflow/example_dags/example_latest_only.py
[2025-08-20T08:38:42.141+0000] {processor.py:925} INFO - DAG(s) 'latest_only' retrieved from /home/airflow/.local/lib/python3.12/site-packages/airflow/example_dags/example_latest_only.py
[2025-08-20T08:38:42.165+0000] {logging_mixin.py:190} INFO - [2025-08-20T08:38:42.165+0000] {dag.py:3239} INFO - Sync 1 DAGs
[2025-08-20T08:38:42.196+0000] {logging_mixin.py:190} INFO - [2025-08-20T08:38:42.195+0000] {dag.py:4180} INFO - Setting next_dagrun for latest_only to 2025-08-20 04:00:00+00:00, run_after=2025-08-20 08:00:00+00:00
[2025-08-20T08:38:42.216+0000] {processor.py:208} INFO - Processing /home/airflow/.local/lib/python3.12/site-packages/airflow/example_dags/example_latest_only.py took 0.097 seconds
[2025-08-20T08:39:12.722+0000] {processor.py:186} INFO - Started process (PID=331) to work on /home/airflow/.local/lib/python3.12/site-packages/airflow/example_dags/example_latest_only.py
[2025-08-20T08:39:12.723+0000] {processor.py:914} INFO - Processing file /home/airflow/.local/lib/python3.12/site-packages/airflow/example_dags/example_latest_only.py for tasks to queue
[2025-08-20T08:39:12.726+0000] {logging_mixin.py:190} INFO - [2025-08-20T08:39:12.726+0000] {dagbag.py:588} INFO - Filling up the DagBag from /home/airflow/.local/lib/python3.12/site-packages/airflow/example_dags/example_latest_only.py
[2025-08-20T08:39:12.736+0000] {processor.py:925} INFO - DAG(s) 'latest_only' retrieved from /home/airflow/.local/lib/python3.12/site-packages/airflow/example_dags/example_latest_only.py
[2025-08-20T08:39:12.763+0000] {logging_mixin.py:190} INFO - [2025-08-20T08:39:12.762+0000] {dag.py:3239} INFO - Sync 1 DAGs
[2025-08-20T08:39:12.794+0000] {logging_mixin.py:190} INFO - [2025-08-20T08:39:12.794+0000] {dag.py:4180} INFO - Setting next_dagrun for latest_only to 2025-08-20 04:00:00+00:00, run_after=2025-08-20 08:00:00+00:00
[2025-08-20T08:39:12.814+0000] {processor.py:208} INFO - Processing /home/airflow/.local/lib/python3.12/site-packages/airflow/example_dags/example_latest_only.py took 0.101 seconds
[2025-08-20T08:40:53.382+0000] {processor.py:186} INFO - Started process (PID=51) to work on /home/airflow/.local/lib/python3.12/site-packages/airflow/example_dags/example_latest_only.py
[2025-08-20T08:40:53.384+0000] {processor.py:914} INFO - Processing file /home/airflow/.local/lib/python3.12/site-packages/airflow/example_dags/example_latest_only.py for tasks to queue
[2025-08-20T08:40:53.387+0000] {logging_mixin.py:190} INFO - [2025-08-20T08:40:53.386+0000] {dagbag.py:588} INFO - Filling up the DagBag from /home/airflow/.local/lib/python3.12/site-packages/airflow/example_dags/example_latest_only.py
[2025-08-20T08:40:53.397+0000] {processor.py:925} INFO - DAG(s) 'latest_only' retrieved from /home/airflow/.local/lib/python3.12/site-packages/airflow/example_dags/example_latest_only.py
[2025-08-20T08:40:53.432+0000] {logging_mixin.py:190} INFO - [2025-08-20T08:40:53.432+0000] {dag.py:3239} INFO - Sync 1 DAGs
[2025-08-20T08:40:53.463+0000] {logging_mixin.py:190} INFO - [2025-08-20T08:40:53.463+0000] {dag.py:4180} INFO - Setting next_dagrun for latest_only to 2025-08-20 04:00:00+00:00, run_after=2025-08-20 08:00:00+00:00
[2025-08-20T08:40:53.711+0000] {processor.py:208} INFO - Processing /home/airflow/.local/lib/python3.12/site-packages/airflow/example_dags/example_latest_only.py took 0.337 seconds
[2025-08-20T08:41:23.801+0000] {processor.py:186} INFO - Started process (PID=107) to work on /home/airflow/.local/lib/python3.12/site-packages/airflow/example_dags/example_latest_only.py
[2025-08-20T08:41:23.803+0000] {processor.py:914} INFO - Processing file /home/airflow/.local/lib/python3.12/site-packages/airflow/example_dags/example_latest_only.py for tasks to queue
[2025-08-20T08:41:23.806+0000] {logging_mixin.py:190} INFO - [2025-08-20T08:41:23.805+0000] {dagbag.py:588} INFO - Filling up the DagBag from /home/airflow/.local/lib/python3.12/site-packages/airflow/example_dags/example_latest_only.py
[2025-08-20T08:41:23.816+0000] {processor.py:925} INFO - DAG(s) 'latest_only' retrieved from /home/airflow/.local/lib/python3.12/site-packages/airflow/example_dags/example_latest_only.py
[2025-08-20T08:41:23.841+0000] {logging_mixin.py:190} INFO - [2025-08-20T08:41:23.841+0000] {dag.py:3239} INFO - Sync 1 DAGs
[2025-08-20T08:41:23.873+0000] {logging_mixin.py:190} INFO - [2025-08-20T08:41:23.873+0000] {dag.py:4180} INFO - Setting next_dagrun for latest_only to 2025-08-20 04:00:00+00:00, run_after=2025-08-20 08:00:00+00:00
[2025-08-20T08:41:24.090+0000] {processor.py:208} INFO - Processing /home/airflow/.local/lib/python3.12/site-packages/airflow/example_dags/example_latest_only.py took 0.298 seconds
[2025-08-20T08:41:54.373+0000] {processor.py:186} INFO - Started process (PID=163) to work on /home/airflow/.local/lib/python3.12/site-packages/airflow/example_dags/example_latest_only.py
[2025-08-20T08:41:54.375+0000] {processor.py:914} INFO - Processing file /home/airflow/.local/lib/python3.12/site-packages/airflow/example_dags/example_latest_only.py for tasks to queue
[2025-08-20T08:41:54.378+0000] {logging_mixin.py:190} INFO - [2025-08-20T08:41:54.377+0000] {dagbag.py:588} INFO - Filling up the DagBag from /home/airflow/.local/lib/python3.12/site-packages/airflow/example_dags/example_latest_only.py
[2025-08-20T08:41:54.388+0000] {processor.py:925} INFO - DAG(s) 'latest_only' retrieved from /home/airflow/.local/lib/python3.12/site-packages/airflow/example_dags/example_latest_only.py
[2025-08-20T08:41:54.415+0000] {logging_mixin.py:190} INFO - [2025-08-20T08:41:54.415+0000] {dag.py:3239} INFO - Sync 1 DAGs
[2025-08-20T08:41:54.447+0000] {logging_mixin.py:190} INFO - [2025-08-20T08:41:54.446+0000] {dag.py:4180} INFO - Setting next_dagrun for latest_only to 2025-08-20 04:00:00+00:00, run_after=2025-08-20 08:00:00+00:00
[2025-08-20T08:41:54.473+0000] {processor.py:208} INFO - Processing /home/airflow/.local/lib/python3.12/site-packages/airflow/example_dags/example_latest_only.py took 0.108 seconds
[2025-08-20T08:42:24.937+0000] {processor.py:186} INFO - Started process (PID=219) to work on /home/airflow/.local/lib/python3.12/site-packages/airflow/example_dags/example_latest_only.py
[2025-08-20T08:42:24.939+0000] {processor.py:914} INFO - Processing file /home/airflow/.local/lib/python3.12/site-packages/airflow/example_dags/example_latest_only.py for tasks to queue
[2025-08-20T08:42:24.941+0000] {logging_mixin.py:190} INFO - [2025-08-20T08:42:24.941+0000] {dagbag.py:588} INFO - Filling up the DagBag from /home/airflow/.local/lib/python3.12/site-packages/airflow/example_dags/example_latest_only.py
[2025-08-20T08:42:24.951+0000] {processor.py:925} INFO - DAG(s) 'latest_only' retrieved from /home/airflow/.local/lib/python3.12/site-packages/airflow/example_dags/example_latest_only.py
[2025-08-20T08:42:24.975+0000] {logging_mixin.py:190} INFO - [2025-08-20T08:42:24.975+0000] {dag.py:3239} INFO - Sync 1 DAGs
[2025-08-20T08:42:25.008+0000] {logging_mixin.py:190} INFO - [2025-08-20T08:42:25.007+0000] {dag.py:4180} INFO - Setting next_dagrun for latest_only to 2025-08-20 04:00:00+00:00, run_after=2025-08-20 08:00:00+00:00
[2025-08-20T08:42:25.029+0000] {processor.py:208} INFO - Processing /home/airflow/.local/lib/python3.12/site-packages/airflow/example_dags/example_latest_only.py took 0.100 seconds
[2025-08-20T08:42:55.506+0000] {processor.py:186} INFO - Started process (PID=275) to work on /home/airflow/.local/lib/python3.12/site-packages/airflow/example_dags/example_latest_only.py
[2025-08-20T08:42:55.508+0000] {processor.py:914} INFO - Processing file /home/airflow/.local/lib/python3.12/site-packages/airflow/example_dags/example_latest_only.py for tasks to queue
[2025-08-20T08:42:55.511+0000] {logging_mixin.py:190} INFO - [2025-08-20T08:42:55.511+0000] {dagbag.py:588} INFO - Filling up the DagBag from /home/airflow/.local/lib/python3.12/site-packages/airflow/example_dags/example_latest_only.py
[2025-08-20T08:42:55.521+0000] {processor.py:925} INFO - DAG(s) 'latest_only' retrieved from /home/airflow/.local/lib/python3.12/site-packages/airflow/example_dags/example_latest_only.py
[2025-08-20T08:42:55.545+0000] {logging_mixin.py:190} INFO - [2025-08-20T08:42:55.545+0000] {dag.py:3239} INFO - Sync 1 DAGs
[2025-08-20T08:42:55.576+0000] {logging_mixin.py:190} INFO - [2025-08-20T08:42:55.575+0000] {dag.py:4180} INFO - Setting next_dagrun for latest_only to 2025-08-20 04:00:00+00:00, run_after=2025-08-20 08:00:00+00:00
[2025-08-20T08:42:55.604+0000] {processor.py:208} INFO - Processing /home/airflow/.local/lib/python3.12/site-packages/airflow/example_dags/example_latest_only.py took 0.105 seconds
[2025-08-20T08:43:25.799+0000] {processor.py:186} INFO - Started process (PID=331) to work on /home/airflow/.local/lib/python3.12/site-packages/airflow/example_dags/example_latest_only.py
[2025-08-20T08:43:25.801+0000] {processor.py:914} INFO - Processing file /home/airflow/.local/lib/python3.12/site-packages/airflow/example_dags/example_latest_only.py for tasks to queue
[2025-08-20T08:43:25.804+0000] {logging_mixin.py:190} INFO - [2025-08-20T08:43:25.803+0000] {dagbag.py:588} INFO - Filling up the DagBag from /home/airflow/.local/lib/python3.12/site-packages/airflow/example_dags/example_latest_only.py
[2025-08-20T08:43:25.813+0000] {processor.py:925} INFO - DAG(s) 'latest_only' retrieved from /home/airflow/.local/lib/python3.12/site-packages/airflow/example_dags/example_latest_only.py
[2025-08-20T08:43:25.841+0000] {logging_mixin.py:190} INFO - [2025-08-20T08:43:25.841+0000] {dag.py:3239} INFO - Sync 1 DAGs
[2025-08-20T08:43:25.882+0000] {logging_mixin.py:190} INFO - [2025-08-20T08:43:25.882+0000] {dag.py:4180} INFO - Setting next_dagrun for latest_only to 2025-08-20 04:00:00+00:00, run_after=2025-08-20 08:00:00+00:00
[2025-08-20T08:43:25.905+0000] {processor.py:208} INFO - Processing /home/airflow/.local/lib/python3.12/site-packages/airflow/example_dags/example_latest_only.py took 0.116 seconds
[2025-08-20T08:43:56.203+0000] {processor.py:186} INFO - Started process (PID=387) to work on /home/airflow/.local/lib/python3.12/site-packages/airflow/example_dags/example_latest_only.py
[2025-08-20T08:43:56.205+0000] {processor.py:914} INFO - Processing file /home/airflow/.local/lib/python3.12/site-packages/airflow/example_dags/example_latest_only.py for tasks to queue
[2025-08-20T08:43:56.208+0000] {logging_mixin.py:190} INFO - [2025-08-20T08:43:56.207+0000] {dagbag.py:588} INFO - Filling up the DagBag from /home/airflow/.local/lib/python3.12/site-packages/airflow/example_dags/example_latest_only.py
[2025-08-20T08:43:56.217+0000] {processor.py:925} INFO - DAG(s) 'latest_only' retrieved from /home/airflow/.local/lib/python3.12/site-packages/airflow/example_dags/example_latest_only.py
[2025-08-20T08:43:56.247+0000] {logging_mixin.py:190} INFO - [2025-08-20T08:43:56.246+0000] {dag.py:3239} INFO - Sync 1 DAGs
[2025-08-20T08:43:56.285+0000] {logging_mixin.py:190} INFO - [2025-08-20T08:43:56.284+0000] {dag.py:4180} INFO - Setting next_dagrun for latest_only to 2025-08-20 04:00:00+00:00, run_after=2025-08-20 08:00:00+00:00
[2025-08-20T08:43:56.306+0000] {processor.py:208} INFO - Processing /home/airflow/.local/lib/python3.12/site-packages/airflow/example_dags/example_latest_only.py took 0.112 seconds
[2025-08-20T08:44:26.688+0000] {processor.py:186} INFO - Started process (PID=442) to work on /home/airflow/.local/lib/python3.12/site-packages/airflow/example_dags/example_latest_only.py
[2025-08-20T08:44:26.690+0000] {processor.py:914} INFO - Processing file /home/airflow/.local/lib/python3.12/site-packages/airflow/example_dags/example_latest_only.py for tasks to queue
[2025-08-20T08:44:26.693+0000] {logging_mixin.py:190} INFO - [2025-08-20T08:44:26.692+0000] {dagbag.py:588} INFO - Filling up the DagBag from /home/airflow/.local/lib/python3.12/site-packages/airflow/example_dags/example_latest_only.py
[2025-08-20T08:44:26.702+0000] {processor.py:925} INFO - DAG(s) 'latest_only' retrieved from /home/airflow/.local/lib/python3.12/site-packages/airflow/example_dags/example_latest_only.py
[2025-08-20T08:44:26.726+0000] {logging_mixin.py:190} INFO - [2025-08-20T08:44:26.726+0000] {dag.py:3239} INFO - Sync 1 DAGs
[2025-08-20T08:44:26.755+0000] {logging_mixin.py:190} INFO - [2025-08-20T08:44:26.755+0000] {dag.py:4180} INFO - Setting next_dagrun for latest_only to 2025-08-20 04:00:00+00:00, run_after=2025-08-20 08:00:00+00:00
[2025-08-20T08:44:26.776+0000] {processor.py:208} INFO - Processing /home/airflow/.local/lib/python3.12/site-packages/airflow/example_dags/example_latest_only.py took 0.096 seconds
[2025-08-20T08:44:57.209+0000] {processor.py:186} INFO - Started process (PID=499) to work on /home/airflow/.local/lib/python3.12/site-packages/airflow/example_dags/example_latest_only.py
[2025-08-20T08:44:57.210+0000] {processor.py:914} INFO - Processing file /home/airflow/.local/lib/python3.12/site-packages/airflow/example_dags/example_latest_only.py for tasks to queue
[2025-08-20T08:44:57.213+0000] {logging_mixin.py:190} INFO - [2025-08-20T08:44:57.213+0000] {dagbag.py:588} INFO - Filling up the DagBag from /home/airflow/.local/lib/python3.12/site-packages/airflow/example_dags/example_latest_only.py
[2025-08-20T08:44:57.222+0000] {processor.py:925} INFO - DAG(s) 'latest_only' retrieved from /home/airflow/.local/lib/python3.12/site-packages/airflow/example_dags/example_latest_only.py
[2025-08-20T08:44:57.246+0000] {logging_mixin.py:190} INFO - [2025-08-20T08:44:57.245+0000] {dag.py:3239} INFO - Sync 1 DAGs
[2025-08-20T08:44:57.274+0000] {logging_mixin.py:190} INFO - [2025-08-20T08:44:57.274+0000] {dag.py:4180} INFO - Setting next_dagrun for latest_only to 2025-08-20 04:00:00+00:00, run_after=2025-08-20 08:00:00+00:00
[2025-08-20T08:44:57.294+0000] {processor.py:208} INFO - Processing /home/airflow/.local/lib/python3.12/site-packages/airflow/example_dags/example_latest_only.py took 0.094 seconds
[2025-08-20T08:46:26.308+0000] {processor.py:186} INFO - Started process (PID=51) to work on /home/airflow/.local/lib/python3.12/site-packages/airflow/example_dags/example_latest_only.py
[2025-08-20T08:46:26.309+0000] {processor.py:914} INFO - Processing file /home/airflow/.local/lib/python3.12/site-packages/airflow/example_dags/example_latest_only.py for tasks to queue
[2025-08-20T08:46:26.313+0000] {logging_mixin.py:190} INFO - [2025-08-20T08:46:26.312+0000] {dagbag.py:588} INFO - Filling up the DagBag from /home/airflow/.local/lib/python3.12/site-packages/airflow/example_dags/example_latest_only.py
[2025-08-20T08:46:26.324+0000] {processor.py:925} INFO - DAG(s) 'latest_only' retrieved from /home/airflow/.local/lib/python3.12/site-packages/airflow/example_dags/example_latest_only.py
[2025-08-20T08:46:26.359+0000] {logging_mixin.py:190} INFO - [2025-08-20T08:46:26.359+0000] {dag.py:3239} INFO - Sync 1 DAGs
[2025-08-20T08:46:26.391+0000] {logging_mixin.py:190} INFO - [2025-08-20T08:46:26.391+0000] {dag.py:4180} INFO - Setting next_dagrun for latest_only to 2025-08-20 04:00:00+00:00, run_after=2025-08-20 08:00:00+00:00
[2025-08-20T08:46:26.762+0000] {processor.py:208} INFO - Processing /home/airflow/.local/lib/python3.12/site-packages/airflow/example_dags/example_latest_only.py took 0.463 seconds
[2025-08-20T08:46:57.344+0000] {processor.py:186} INFO - Started process (PID=107) to work on /home/airflow/.local/lib/python3.12/site-packages/airflow/example_dags/example_latest_only.py
[2025-08-20T08:46:57.347+0000] {processor.py:914} INFO - Processing file /home/airflow/.local/lib/python3.12/site-packages/airflow/example_dags/example_latest_only.py for tasks to queue
[2025-08-20T08:46:57.350+0000] {logging_mixin.py:190} INFO - [2025-08-20T08:46:57.349+0000] {dagbag.py:588} INFO - Filling up the DagBag from /home/airflow/.local/lib/python3.12/site-packages/airflow/example_dags/example_latest_only.py
[2025-08-20T08:46:57.359+0000] {processor.py:925} INFO - DAG(s) 'latest_only' retrieved from /home/airflow/.local/lib/python3.12/site-packages/airflow/example_dags/example_latest_only.py
[2025-08-20T08:46:57.384+0000] {logging_mixin.py:190} INFO - [2025-08-20T08:46:57.384+0000] {dag.py:3239} INFO - Sync 1 DAGs
[2025-08-20T08:46:57.415+0000] {logging_mixin.py:190} INFO - [2025-08-20T08:46:57.414+0000] {dag.py:4180} INFO - Setting next_dagrun for latest_only to 2025-08-20 04:00:00+00:00, run_after=2025-08-20 08:00:00+00:00
[2025-08-20T08:46:57.678+0000] {processor.py:208} INFO - Processing /home/airflow/.local/lib/python3.12/site-packages/airflow/example_dags/example_latest_only.py took 0.342 seconds
[2025-08-20T08:47:28.234+0000] {processor.py:186} INFO - Started process (PID=163) to work on /home/airflow/.local/lib/python3.12/site-packages/airflow/example_dags/example_latest_only.py
[2025-08-20T08:47:28.236+0000] {processor.py:914} INFO - Processing file /home/airflow/.local/lib/python3.12/site-packages/airflow/example_dags/example_latest_only.py for tasks to queue
[2025-08-20T08:47:28.239+0000] {logging_mixin.py:190} INFO - [2025-08-20T08:47:28.238+0000] {dagbag.py:588} INFO - Filling up the DagBag from /home/airflow/.local/lib/python3.12/site-packages/airflow/example_dags/example_latest_only.py
[2025-08-20T08:47:28.247+0000] {processor.py:925} INFO - DAG(s) 'latest_only' retrieved from /home/airflow/.local/lib/python3.12/site-packages/airflow/example_dags/example_latest_only.py
[2025-08-20T08:47:28.271+0000] {logging_mixin.py:190} INFO - [2025-08-20T08:47:28.270+0000] {dag.py:3239} INFO - Sync 1 DAGs
[2025-08-20T08:47:28.301+0000] {logging_mixin.py:190} INFO - [2025-08-20T08:47:28.300+0000] {dag.py:4180} INFO - Setting next_dagrun for latest_only to 2025-08-20 04:00:00+00:00, run_after=2025-08-20 08:00:00+00:00
[2025-08-20T08:47:28.364+0000] {processor.py:208} INFO - Processing /home/airflow/.local/lib/python3.12/site-packages/airflow/example_dags/example_latest_only.py took 0.138 seconds
[2025-08-20T08:47:58.581+0000] {processor.py:186} INFO - Started process (PID=219) to work on /home/airflow/.local/lib/python3.12/site-packages/airflow/example_dags/example_latest_only.py
[2025-08-20T08:47:58.586+0000] {processor.py:914} INFO - Processing file /home/airflow/.local/lib/python3.12/site-packages/airflow/example_dags/example_latest_only.py for tasks to queue
[2025-08-20T08:47:58.589+0000] {logging_mixin.py:190} INFO - [2025-08-20T08:47:58.588+0000] {dagbag.py:588} INFO - Filling up the DagBag from /home/airflow/.local/lib/python3.12/site-packages/airflow/example_dags/example_latest_only.py
[2025-08-20T08:47:58.599+0000] {processor.py:925} INFO - DAG(s) 'latest_only' retrieved from /home/airflow/.local/lib/python3.12/site-packages/airflow/example_dags/example_latest_only.py
[2025-08-20T08:47:58.626+0000] {logging_mixin.py:190} INFO - [2025-08-20T08:47:58.626+0000] {dag.py:3239} INFO - Sync 1 DAGs
[2025-08-20T08:47:58.656+0000] {logging_mixin.py:190} INFO - [2025-08-20T08:47:58.656+0000] {dag.py:4180} INFO - Setting next_dagrun for latest_only to 2025-08-20 04:00:00+00:00, run_after=2025-08-20 08:00:00+00:00
[2025-08-20T08:47:58.680+0000] {processor.py:208} INFO - Processing /home/airflow/.local/lib/python3.12/site-packages/airflow/example_dags/example_latest_only.py took 0.108 seconds
