[2025-08-20T08:25:57.085+0000] {processor.py:186} INFO - Started process (PID=62) to work on /home/airflow/.local/lib/python3.12/site-packages/airflow/example_dags/example_display_name.py
[2025-08-20T08:25:57.086+0000] {processor.py:914} INFO - Processing file /home/airflow/.local/lib/python3.12/site-packages/airflow/example_dags/example_display_name.py for tasks to queue
[2025-08-20T08:25:57.089+0000] {logging_mixin.py:190} INFO - [2025-08-20T08:25:57.089+0000] {dagbag.py:588} INFO - Filling up the DagBag from /home/airflow/.local/lib/python3.12/site-packages/airflow/example_dags/example_display_name.py
[2025-08-20T08:25:57.101+0000] {processor.py:925} INFO - DAG(s) 'example_display_name' retrieved from /home/airflow/.local/lib/python3.12/site-packages/airflow/example_dags/example_display_name.py
[2025-08-20T08:25:57.128+0000] {logging_mixin.py:190} INFO - [2025-08-20T08:25:57.127+0000] {dag.py:3239} INFO - Sync 1 DAGs
[2025-08-20T08:25:57.146+0000] {logging_mixin.py:190} INFO - [2025-08-20T08:25:57.145+0000] {dag.py:4180} INFO - Setting next_dagrun for example_display_name to None, run_after=None
[2025-08-20T08:25:57.466+0000] {processor.py:208} INFO - Processing /home/airflow/.local/lib/python3.12/site-packages/airflow/example_dags/example_display_name.py took 0.389 seconds
[2025-08-20T08:26:28.779+0000] {processor.py:186} INFO - Started process (PID=118) to work on /home/airflow/.local/lib/python3.12/site-packages/airflow/example_dags/example_display_name.py
[2025-08-20T08:26:28.780+0000] {processor.py:914} INFO - Processing file /home/airflow/.local/lib/python3.12/site-packages/airflow/example_dags/example_display_name.py for tasks to queue
[2025-08-20T08:26:28.783+0000] {logging_mixin.py:190} INFO - [2025-08-20T08:26:28.783+0000] {dagbag.py:588} INFO - Filling up the DagBag from /home/airflow/.local/lib/python3.12/site-packages/airflow/example_dags/example_display_name.py
[2025-08-20T08:26:28.803+0000] {processor.py:925} INFO - DAG(s) 'example_display_name' retrieved from /home/airflow/.local/lib/python3.12/site-packages/airflow/example_dags/example_display_name.py
[2025-08-20T08:26:28.841+0000] {logging_mixin.py:190} INFO - [2025-08-20T08:26:28.841+0000] {dag.py:3239} INFO - Sync 1 DAGs
[2025-08-20T08:26:28.872+0000] {logging_mixin.py:190} INFO - [2025-08-20T08:26:28.871+0000] {dag.py:4180} INFO - Setting next_dagrun for example_display_name to None, run_after=None
[2025-08-20T08:26:29.136+0000] {processor.py:208} INFO - Processing /home/airflow/.local/lib/python3.12/site-packages/airflow/example_dags/example_display_name.py took 0.371 seconds
[2025-08-20T08:26:59.667+0000] {processor.py:186} INFO - Started process (PID=175) to work on /home/airflow/.local/lib/python3.12/site-packages/airflow/example_dags/example_display_name.py
[2025-08-20T08:26:59.699+0000] {processor.py:914} INFO - Processing file /home/airflow/.local/lib/python3.12/site-packages/airflow/example_dags/example_display_name.py for tasks to queue
[2025-08-20T08:26:59.712+0000] {logging_mixin.py:190} INFO - [2025-08-20T08:26:59.712+0000] {dagbag.py:588} INFO - Filling up the DagBag from /home/airflow/.local/lib/python3.12/site-packages/airflow/example_dags/example_display_name.py
[2025-08-20T08:26:59.723+0000] {processor.py:925} INFO - DAG(s) 'example_display_name' retrieved from /home/airflow/.local/lib/python3.12/site-packages/airflow/example_dags/example_display_name.py
[2025-08-20T08:26:59.747+0000] {logging_mixin.py:190} INFO - [2025-08-20T08:26:59.747+0000] {dag.py:3239} INFO - Sync 1 DAGs
[2025-08-20T08:26:59.775+0000] {logging_mixin.py:190} INFO - [2025-08-20T08:26:59.774+0000] {dag.py:4180} INFO - Setting next_dagrun for example_display_name to None, run_after=None
[2025-08-20T08:26:59.917+0000] {processor.py:208} INFO - Processing /home/airflow/.local/lib/python3.12/site-packages/airflow/example_dags/example_display_name.py took 0.259 seconds
[2025-08-20T08:27:30.006+0000] {processor.py:186} INFO - Started process (PID=231) to work on /home/airflow/.local/lib/python3.12/site-packages/airflow/example_dags/example_display_name.py
[2025-08-20T08:27:30.008+0000] {processor.py:914} INFO - Processing file /home/airflow/.local/lib/python3.12/site-packages/airflow/example_dags/example_display_name.py for tasks to queue
[2025-08-20T08:27:30.011+0000] {logging_mixin.py:190} INFO - [2025-08-20T08:27:30.011+0000] {dagbag.py:588} INFO - Filling up the DagBag from /home/airflow/.local/lib/python3.12/site-packages/airflow/example_dags/example_display_name.py
[2025-08-20T08:27:30.022+0000] {processor.py:925} INFO - DAG(s) 'example_display_name' retrieved from /home/airflow/.local/lib/python3.12/site-packages/airflow/example_dags/example_display_name.py
[2025-08-20T08:27:30.047+0000] {logging_mixin.py:190} INFO - [2025-08-20T08:27:30.046+0000] {dag.py:3239} INFO - Sync 1 DAGs
[2025-08-20T08:27:30.069+0000] {logging_mixin.py:190} INFO - [2025-08-20T08:27:30.068+0000] {dag.py:4180} INFO - Setting next_dagrun for example_display_name to None, run_after=None
[2025-08-20T08:27:30.090+0000] {processor.py:208} INFO - Processing /home/airflow/.local/lib/python3.12/site-packages/airflow/example_dags/example_display_name.py took 0.093 seconds
[2025-08-20T08:28:00.381+0000] {processor.py:186} INFO - Started process (PID=286) to work on /home/airflow/.local/lib/python3.12/site-packages/airflow/example_dags/example_display_name.py
[2025-08-20T08:28:00.383+0000] {processor.py:914} INFO - Processing file /home/airflow/.local/lib/python3.12/site-packages/airflow/example_dags/example_display_name.py for tasks to queue
[2025-08-20T08:28:00.387+0000] {logging_mixin.py:190} INFO - [2025-08-20T08:28:00.386+0000] {dagbag.py:588} INFO - Filling up the DagBag from /home/airflow/.local/lib/python3.12/site-packages/airflow/example_dags/example_display_name.py
[2025-08-20T08:28:00.397+0000] {processor.py:925} INFO - DAG(s) 'example_display_name' retrieved from /home/airflow/.local/lib/python3.12/site-packages/airflow/example_dags/example_display_name.py
[2025-08-20T08:28:00.425+0000] {logging_mixin.py:190} INFO - [2025-08-20T08:28:00.425+0000] {dag.py:3239} INFO - Sync 1 DAGs
[2025-08-20T08:28:00.447+0000] {logging_mixin.py:190} INFO - [2025-08-20T08:28:00.446+0000] {dag.py:4180} INFO - Setting next_dagrun for example_display_name to None, run_after=None
[2025-08-20T08:28:00.473+0000] {processor.py:208} INFO - Processing /home/airflow/.local/lib/python3.12/site-packages/airflow/example_dags/example_display_name.py took 0.100 seconds
[2025-08-20T08:28:30.763+0000] {processor.py:186} INFO - Started process (PID=342) to work on /home/airflow/.local/lib/python3.12/site-packages/airflow/example_dags/example_display_name.py
[2025-08-20T08:28:30.765+0000] {processor.py:914} INFO - Processing file /home/airflow/.local/lib/python3.12/site-packages/airflow/example_dags/example_display_name.py for tasks to queue
[2025-08-20T08:28:30.768+0000] {logging_mixin.py:190} INFO - [2025-08-20T08:28:30.767+0000] {dagbag.py:588} INFO - Filling up the DagBag from /home/airflow/.local/lib/python3.12/site-packages/airflow/example_dags/example_display_name.py
[2025-08-20T08:28:30.778+0000] {processor.py:925} INFO - DAG(s) 'example_display_name' retrieved from /home/airflow/.local/lib/python3.12/site-packages/airflow/example_dags/example_display_name.py
[2025-08-20T08:28:30.802+0000] {logging_mixin.py:190} INFO - [2025-08-20T08:28:30.802+0000] {dag.py:3239} INFO - Sync 1 DAGs
[2025-08-20T08:28:30.822+0000] {logging_mixin.py:190} INFO - [2025-08-20T08:28:30.822+0000] {dag.py:4180} INFO - Setting next_dagrun for example_display_name to None, run_after=None
[2025-08-20T08:28:30.845+0000] {processor.py:208} INFO - Processing /home/airflow/.local/lib/python3.12/site-packages/airflow/example_dags/example_display_name.py took 0.090 seconds
[2025-08-20T08:29:01.310+0000] {processor.py:186} INFO - Started process (PID=398) to work on /home/airflow/.local/lib/python3.12/site-packages/airflow/example_dags/example_display_name.py
[2025-08-20T08:29:01.320+0000] {processor.py:914} INFO - Processing file /home/airflow/.local/lib/python3.12/site-packages/airflow/example_dags/example_display_name.py for tasks to queue
[2025-08-20T08:29:01.324+0000] {logging_mixin.py:190} INFO - [2025-08-20T08:29:01.324+0000] {dagbag.py:588} INFO - Filling up the DagBag from /home/airflow/.local/lib/python3.12/site-packages/airflow/example_dags/example_display_name.py
[2025-08-20T08:29:01.335+0000] {processor.py:925} INFO - DAG(s) 'example_display_name' retrieved from /home/airflow/.local/lib/python3.12/site-packages/airflow/example_dags/example_display_name.py
[2025-08-20T08:29:01.360+0000] {logging_mixin.py:190} INFO - [2025-08-20T08:29:01.360+0000] {dag.py:3239} INFO - Sync 1 DAGs
[2025-08-20T08:29:01.381+0000] {logging_mixin.py:190} INFO - [2025-08-20T08:29:01.380+0000] {dag.py:4180} INFO - Setting next_dagrun for example_display_name to None, run_after=None
[2025-08-20T08:29:01.402+0000] {processor.py:208} INFO - Processing /home/airflow/.local/lib/python3.12/site-packages/airflow/example_dags/example_display_name.py took 0.101 seconds
[2025-08-20T08:30:26.354+0000] {processor.py:186} INFO - Started process (PID=60) to work on /home/airflow/.local/lib/python3.12/site-packages/airflow/example_dags/example_display_name.py
[2025-08-20T08:30:26.356+0000] {processor.py:914} INFO - Processing file /home/airflow/.local/lib/python3.12/site-packages/airflow/example_dags/example_display_name.py for tasks to queue
[2025-08-20T08:30:26.358+0000] {logging_mixin.py:190} INFO - [2025-08-20T08:30:26.358+0000] {dagbag.py:588} INFO - Filling up the DagBag from /home/airflow/.local/lib/python3.12/site-packages/airflow/example_dags/example_display_name.py
[2025-08-20T08:30:26.370+0000] {processor.py:925} INFO - DAG(s) 'example_display_name' retrieved from /home/airflow/.local/lib/python3.12/site-packages/airflow/example_dags/example_display_name.py
[2025-08-20T08:30:26.399+0000] {logging_mixin.py:190} INFO - [2025-08-20T08:30:26.398+0000] {dag.py:3239} INFO - Sync 1 DAGs
[2025-08-20T08:30:26.420+0000] {logging_mixin.py:190} INFO - [2025-08-20T08:30:26.419+0000] {dag.py:4180} INFO - Setting next_dagrun for example_display_name to None, run_after=None
[2025-08-20T08:30:26.846+0000] {processor.py:208} INFO - Processing /home/airflow/.local/lib/python3.12/site-packages/airflow/example_dags/example_display_name.py took 0.500 seconds
[2025-08-20T08:30:58.519+0000] {processor.py:186} INFO - Started process (PID=116) to work on /home/airflow/.local/lib/python3.12/site-packages/airflow/example_dags/example_display_name.py
[2025-08-20T08:30:58.520+0000] {processor.py:914} INFO - Processing file /home/airflow/.local/lib/python3.12/site-packages/airflow/example_dags/example_display_name.py for tasks to queue
[2025-08-20T08:30:58.523+0000] {logging_mixin.py:190} INFO - [2025-08-20T08:30:58.523+0000] {dagbag.py:588} INFO - Filling up the DagBag from /home/airflow/.local/lib/python3.12/site-packages/airflow/example_dags/example_display_name.py
[2025-08-20T08:30:58.533+0000] {processor.py:925} INFO - DAG(s) 'example_display_name' retrieved from /home/airflow/.local/lib/python3.12/site-packages/airflow/example_dags/example_display_name.py
[2025-08-20T08:30:58.557+0000] {logging_mixin.py:190} INFO - [2025-08-20T08:30:58.557+0000] {dag.py:3239} INFO - Sync 1 DAGs
[2025-08-20T08:30:58.576+0000] {logging_mixin.py:190} INFO - [2025-08-20T08:30:58.575+0000] {dag.py:4180} INFO - Setting next_dagrun for example_display_name to None, run_after=None
[2025-08-20T08:30:58.899+0000] {processor.py:208} INFO - Processing /home/airflow/.local/lib/python3.12/site-packages/airflow/example_dags/example_display_name.py took 0.389 seconds
[2025-08-20T08:31:28.944+0000] {processor.py:186} INFO - Started process (PID=172) to work on /home/airflow/.local/lib/python3.12/site-packages/airflow/example_dags/example_display_name.py
[2025-08-20T08:31:28.946+0000] {processor.py:914} INFO - Processing file /home/airflow/.local/lib/python3.12/site-packages/airflow/example_dags/example_display_name.py for tasks to queue
[2025-08-20T08:31:28.949+0000] {logging_mixin.py:190} INFO - [2025-08-20T08:31:28.949+0000] {dagbag.py:588} INFO - Filling up the DagBag from /home/airflow/.local/lib/python3.12/site-packages/airflow/example_dags/example_display_name.py
[2025-08-20T08:31:28.959+0000] {processor.py:925} INFO - DAG(s) 'example_display_name' retrieved from /home/airflow/.local/lib/python3.12/site-packages/airflow/example_dags/example_display_name.py
[2025-08-20T08:31:28.983+0000] {logging_mixin.py:190} INFO - [2025-08-20T08:31:28.983+0000] {dag.py:3239} INFO - Sync 1 DAGs
[2025-08-20T08:31:29.001+0000] {logging_mixin.py:190} INFO - [2025-08-20T08:31:29.000+0000] {dag.py:4180} INFO - Setting next_dagrun for example_display_name to None, run_after=None
[2025-08-20T08:31:29.122+0000] {processor.py:208} INFO - Processing /home/airflow/.local/lib/python3.12/site-packages/airflow/example_dags/example_display_name.py took 0.186 seconds
[2025-08-20T08:32:19.775+0000] {processor.py:186} INFO - Started process (PID=61) to work on /home/airflow/.local/lib/python3.12/site-packages/airflow/example_dags/example_display_name.py
[2025-08-20T08:32:19.777+0000] {processor.py:914} INFO - Processing file /home/airflow/.local/lib/python3.12/site-packages/airflow/example_dags/example_display_name.py for tasks to queue
[2025-08-20T08:32:19.780+0000] {logging_mixin.py:190} INFO - [2025-08-20T08:32:19.779+0000] {dagbag.py:588} INFO - Filling up the DagBag from /home/airflow/.local/lib/python3.12/site-packages/airflow/example_dags/example_display_name.py
[2025-08-20T08:32:19.791+0000] {processor.py:925} INFO - DAG(s) 'example_display_name' retrieved from /home/airflow/.local/lib/python3.12/site-packages/airflow/example_dags/example_display_name.py
[2025-08-20T08:32:19.817+0000] {logging_mixin.py:190} INFO - [2025-08-20T08:32:19.817+0000] {dag.py:3239} INFO - Sync 1 DAGs
[2025-08-20T08:32:19.843+0000] {logging_mixin.py:190} INFO - [2025-08-20T08:32:19.842+0000] {dag.py:4180} INFO - Setting next_dagrun for example_display_name to None, run_after=None
[2025-08-20T08:32:19.872+0000] {processor.py:208} INFO - Processing /home/airflow/.local/lib/python3.12/site-packages/airflow/example_dags/example_display_name.py took 0.105 seconds
[2025-08-20T08:32:50.703+0000] {processor.py:186} INFO - Started process (PID=117) to work on /home/airflow/.local/lib/python3.12/site-packages/airflow/example_dags/example_display_name.py
[2025-08-20T08:32:50.704+0000] {processor.py:914} INFO - Processing file /home/airflow/.local/lib/python3.12/site-packages/airflow/example_dags/example_display_name.py for tasks to queue
[2025-08-20T08:32:50.707+0000] {logging_mixin.py:190} INFO - [2025-08-20T08:32:50.706+0000] {dagbag.py:588} INFO - Filling up the DagBag from /home/airflow/.local/lib/python3.12/site-packages/airflow/example_dags/example_display_name.py
[2025-08-20T08:32:50.718+0000] {processor.py:925} INFO - DAG(s) 'example_display_name' retrieved from /home/airflow/.local/lib/python3.12/site-packages/airflow/example_dags/example_display_name.py
[2025-08-20T08:32:50.743+0000] {logging_mixin.py:190} INFO - [2025-08-20T08:32:50.743+0000] {dag.py:3239} INFO - Sync 1 DAGs
[2025-08-20T08:32:50.762+0000] {logging_mixin.py:190} INFO - [2025-08-20T08:32:50.761+0000] {dag.py:4180} INFO - Setting next_dagrun for example_display_name to None, run_after=None
[2025-08-20T08:32:50.786+0000] {processor.py:208} INFO - Processing /home/airflow/.local/lib/python3.12/site-packages/airflow/example_dags/example_display_name.py took 0.092 seconds
[2025-08-20T08:33:21.296+0000] {processor.py:186} INFO - Started process (PID=173) to work on /home/airflow/.local/lib/python3.12/site-packages/airflow/example_dags/example_display_name.py
[2025-08-20T08:33:21.297+0000] {processor.py:914} INFO - Processing file /home/airflow/.local/lib/python3.12/site-packages/airflow/example_dags/example_display_name.py for tasks to queue
[2025-08-20T08:33:21.300+0000] {logging_mixin.py:190} INFO - [2025-08-20T08:33:21.300+0000] {dagbag.py:588} INFO - Filling up the DagBag from /home/airflow/.local/lib/python3.12/site-packages/airflow/example_dags/example_display_name.py
[2025-08-20T08:33:21.311+0000] {processor.py:925} INFO - DAG(s) 'example_display_name' retrieved from /home/airflow/.local/lib/python3.12/site-packages/airflow/example_dags/example_display_name.py
[2025-08-20T08:33:21.334+0000] {logging_mixin.py:190} INFO - [2025-08-20T08:33:21.333+0000] {dag.py:3239} INFO - Sync 1 DAGs
[2025-08-20T08:33:21.352+0000] {logging_mixin.py:190} INFO - [2025-08-20T08:33:21.352+0000] {dag.py:4180} INFO - Setting next_dagrun for example_display_name to None, run_after=None
[2025-08-20T08:33:21.373+0000] {processor.py:208} INFO - Processing /home/airflow/.local/lib/python3.12/site-packages/airflow/example_dags/example_display_name.py took 0.085 seconds
[2025-08-20T08:33:51.730+0000] {processor.py:186} INFO - Started process (PID=229) to work on /home/airflow/.local/lib/python3.12/site-packages/airflow/example_dags/example_display_name.py
[2025-08-20T08:33:51.732+0000] {processor.py:914} INFO - Processing file /home/airflow/.local/lib/python3.12/site-packages/airflow/example_dags/example_display_name.py for tasks to queue
[2025-08-20T08:33:51.735+0000] {logging_mixin.py:190} INFO - [2025-08-20T08:33:51.734+0000] {dagbag.py:588} INFO - Filling up the DagBag from /home/airflow/.local/lib/python3.12/site-packages/airflow/example_dags/example_display_name.py
[2025-08-20T08:33:51.745+0000] {processor.py:925} INFO - DAG(s) 'example_display_name' retrieved from /home/airflow/.local/lib/python3.12/site-packages/airflow/example_dags/example_display_name.py
[2025-08-20T08:33:51.772+0000] {logging_mixin.py:190} INFO - [2025-08-20T08:33:51.772+0000] {dag.py:3239} INFO - Sync 1 DAGs
[2025-08-20T08:33:51.791+0000] {logging_mixin.py:190} INFO - [2025-08-20T08:33:51.791+0000] {dag.py:4180} INFO - Setting next_dagrun for example_display_name to None, run_after=None
[2025-08-20T08:33:51.811+0000] {processor.py:208} INFO - Processing /home/airflow/.local/lib/python3.12/site-packages/airflow/example_dags/example_display_name.py took 0.089 seconds
[2025-08-20T08:34:22.208+0000] {processor.py:186} INFO - Started process (PID=285) to work on /home/airflow/.local/lib/python3.12/site-packages/airflow/example_dags/example_display_name.py
[2025-08-20T08:34:22.210+0000] {processor.py:914} INFO - Processing file /home/airflow/.local/lib/python3.12/site-packages/airflow/example_dags/example_display_name.py for tasks to queue
[2025-08-20T08:34:22.213+0000] {logging_mixin.py:190} INFO - [2025-08-20T08:34:22.212+0000] {dagbag.py:588} INFO - Filling up the DagBag from /home/airflow/.local/lib/python3.12/site-packages/airflow/example_dags/example_display_name.py
[2025-08-20T08:34:22.223+0000] {processor.py:925} INFO - DAG(s) 'example_display_name' retrieved from /home/airflow/.local/lib/python3.12/site-packages/airflow/example_dags/example_display_name.py
[2025-08-20T08:34:22.246+0000] {logging_mixin.py:190} INFO - [2025-08-20T08:34:22.246+0000] {dag.py:3239} INFO - Sync 1 DAGs
[2025-08-20T08:34:22.264+0000] {logging_mixin.py:190} INFO - [2025-08-20T08:34:22.263+0000] {dag.py:4180} INFO - Setting next_dagrun for example_display_name to None, run_after=None
[2025-08-20T08:34:22.287+0000] {processor.py:208} INFO - Processing /home/airflow/.local/lib/python3.12/site-packages/airflow/example_dags/example_display_name.py took 0.087 seconds
[2025-08-20T08:34:52.764+0000] {processor.py:186} INFO - Started process (PID=341) to work on /home/airflow/.local/lib/python3.12/site-packages/airflow/example_dags/example_display_name.py
[2025-08-20T08:34:52.766+0000] {processor.py:914} INFO - Processing file /home/airflow/.local/lib/python3.12/site-packages/airflow/example_dags/example_display_name.py for tasks to queue
[2025-08-20T08:34:52.770+0000] {logging_mixin.py:190} INFO - [2025-08-20T08:34:52.769+0000] {dagbag.py:588} INFO - Filling up the DagBag from /home/airflow/.local/lib/python3.12/site-packages/airflow/example_dags/example_display_name.py
[2025-08-20T08:34:52.785+0000] {processor.py:925} INFO - DAG(s) 'example_display_name' retrieved from /home/airflow/.local/lib/python3.12/site-packages/airflow/example_dags/example_display_name.py
[2025-08-20T08:34:52.816+0000] {logging_mixin.py:190} INFO - [2025-08-20T08:34:52.816+0000] {dag.py:3239} INFO - Sync 1 DAGs
[2025-08-20T08:34:52.841+0000] {logging_mixin.py:190} INFO - [2025-08-20T08:34:52.841+0000] {dag.py:4180} INFO - Setting next_dagrun for example_display_name to None, run_after=None
[2025-08-20T08:34:52.861+0000] {processor.py:208} INFO - Processing /home/airflow/.local/lib/python3.12/site-packages/airflow/example_dags/example_display_name.py took 0.108 seconds
[2025-08-20T08:35:23.826+0000] {processor.py:186} INFO - Started process (PID=397) to work on /home/airflow/.local/lib/python3.12/site-packages/airflow/example_dags/example_display_name.py
[2025-08-20T08:35:23.828+0000] {processor.py:914} INFO - Processing file /home/airflow/.local/lib/python3.12/site-packages/airflow/example_dags/example_display_name.py for tasks to queue
[2025-08-20T08:35:23.831+0000] {logging_mixin.py:190} INFO - [2025-08-20T08:35:23.831+0000] {dagbag.py:588} INFO - Filling up the DagBag from /home/airflow/.local/lib/python3.12/site-packages/airflow/example_dags/example_display_name.py
[2025-08-20T08:35:23.845+0000] {processor.py:925} INFO - DAG(s) 'example_display_name' retrieved from /home/airflow/.local/lib/python3.12/site-packages/airflow/example_dags/example_display_name.py
[2025-08-20T08:35:23.876+0000] {logging_mixin.py:190} INFO - [2025-08-20T08:35:23.876+0000] {dag.py:3239} INFO - Sync 1 DAGs
[2025-08-20T08:35:23.909+0000] {logging_mixin.py:190} INFO - [2025-08-20T08:35:23.908+0000] {dag.py:4180} INFO - Setting next_dagrun for example_display_name to None, run_after=None
[2025-08-20T08:35:23.938+0000] {processor.py:208} INFO - Processing /home/airflow/.local/lib/python3.12/site-packages/airflow/example_dags/example_display_name.py took 0.122 seconds
[2025-08-20T08:36:41.551+0000] {processor.py:186} INFO - Started process (PID=61) to work on /home/airflow/.local/lib/python3.12/site-packages/airflow/example_dags/example_display_name.py
[2025-08-20T08:36:41.553+0000] {processor.py:914} INFO - Processing file /home/airflow/.local/lib/python3.12/site-packages/airflow/example_dags/example_display_name.py for tasks to queue
[2025-08-20T08:36:41.556+0000] {logging_mixin.py:190} INFO - [2025-08-20T08:36:41.555+0000] {dagbag.py:588} INFO - Filling up the DagBag from /home/airflow/.local/lib/python3.12/site-packages/airflow/example_dags/example_display_name.py
[2025-08-20T08:36:41.567+0000] {processor.py:925} INFO - DAG(s) 'example_display_name' retrieved from /home/airflow/.local/lib/python3.12/site-packages/airflow/example_dags/example_display_name.py
[2025-08-20T08:36:41.596+0000] {logging_mixin.py:190} INFO - [2025-08-20T08:36:41.596+0000] {dag.py:3239} INFO - Sync 1 DAGs
[2025-08-20T08:36:41.616+0000] {logging_mixin.py:190} INFO - [2025-08-20T08:36:41.616+0000] {dag.py:4180} INFO - Setting next_dagrun for example_display_name to None, run_after=None
[2025-08-20T08:36:41.778+0000] {processor.py:208} INFO - Processing /home/airflow/.local/lib/python3.12/site-packages/airflow/example_dags/example_display_name.py took 0.237 seconds
[2025-08-20T08:37:12.705+0000] {processor.py:186} INFO - Started process (PID=117) to work on /home/airflow/.local/lib/python3.12/site-packages/airflow/example_dags/example_display_name.py
[2025-08-20T08:37:12.707+0000] {processor.py:914} INFO - Processing file /home/airflow/.local/lib/python3.12/site-packages/airflow/example_dags/example_display_name.py for tasks to queue
[2025-08-20T08:37:12.711+0000] {logging_mixin.py:190} INFO - [2025-08-20T08:37:12.710+0000] {dagbag.py:588} INFO - Filling up the DagBag from /home/airflow/.local/lib/python3.12/site-packages/airflow/example_dags/example_display_name.py
[2025-08-20T08:37:12.723+0000] {processor.py:925} INFO - DAG(s) 'example_display_name' retrieved from /home/airflow/.local/lib/python3.12/site-packages/airflow/example_dags/example_display_name.py
[2025-08-20T08:37:12.750+0000] {logging_mixin.py:190} INFO - [2025-08-20T08:37:12.749+0000] {dag.py:3239} INFO - Sync 1 DAGs
[2025-08-20T08:37:12.769+0000] {logging_mixin.py:190} INFO - [2025-08-20T08:37:12.769+0000] {dag.py:4180} INFO - Setting next_dagrun for example_display_name to None, run_after=None
[2025-08-20T08:37:13.080+0000] {processor.py:208} INFO - Processing /home/airflow/.local/lib/python3.12/site-packages/airflow/example_dags/example_display_name.py took 0.386 seconds
[2025-08-20T08:37:43.496+0000] {processor.py:186} INFO - Started process (PID=173) to work on /home/airflow/.local/lib/python3.12/site-packages/airflow/example_dags/example_display_name.py
[2025-08-20T08:37:43.498+0000] {processor.py:914} INFO - Processing file /home/airflow/.local/lib/python3.12/site-packages/airflow/example_dags/example_display_name.py for tasks to queue
[2025-08-20T08:37:43.500+0000] {logging_mixin.py:190} INFO - [2025-08-20T08:37:43.500+0000] {dagbag.py:588} INFO - Filling up the DagBag from /home/airflow/.local/lib/python3.12/site-packages/airflow/example_dags/example_display_name.py
[2025-08-20T08:37:43.510+0000] {processor.py:925} INFO - DAG(s) 'example_display_name' retrieved from /home/airflow/.local/lib/python3.12/site-packages/airflow/example_dags/example_display_name.py
[2025-08-20T08:37:43.536+0000] {logging_mixin.py:190} INFO - [2025-08-20T08:37:43.535+0000] {dag.py:3239} INFO - Sync 1 DAGs
[2025-08-20T08:37:43.556+0000] {logging_mixin.py:190} INFO - [2025-08-20T08:37:43.556+0000] {dag.py:4180} INFO - Setting next_dagrun for example_display_name to None, run_after=None
[2025-08-20T08:37:43.878+0000] {processor.py:208} INFO - Processing /home/airflow/.local/lib/python3.12/site-packages/airflow/example_dags/example_display_name.py took 0.391 seconds
[2025-08-20T08:38:14.359+0000] {processor.py:186} INFO - Started process (PID=229) to work on /home/airflow/.local/lib/python3.12/site-packages/airflow/example_dags/example_display_name.py
[2025-08-20T08:38:14.360+0000] {processor.py:914} INFO - Processing file /home/airflow/.local/lib/python3.12/site-packages/airflow/example_dags/example_display_name.py for tasks to queue
[2025-08-20T08:38:14.363+0000] {logging_mixin.py:190} INFO - [2025-08-20T08:38:14.363+0000] {dagbag.py:588} INFO - Filling up the DagBag from /home/airflow/.local/lib/python3.12/site-packages/airflow/example_dags/example_display_name.py
[2025-08-20T08:38:14.373+0000] {processor.py:925} INFO - DAG(s) 'example_display_name' retrieved from /home/airflow/.local/lib/python3.12/site-packages/airflow/example_dags/example_display_name.py
[2025-08-20T08:38:14.397+0000] {logging_mixin.py:190} INFO - [2025-08-20T08:38:14.396+0000] {dag.py:3239} INFO - Sync 1 DAGs
[2025-08-20T08:38:14.416+0000] {logging_mixin.py:190} INFO - [2025-08-20T08:38:14.416+0000] {dag.py:4180} INFO - Setting next_dagrun for example_display_name to None, run_after=None
[2025-08-20T08:38:14.436+0000] {processor.py:208} INFO - Processing /home/airflow/.local/lib/python3.12/site-packages/airflow/example_dags/example_display_name.py took 0.085 seconds
[2025-08-20T08:38:44.841+0000] {processor.py:186} INFO - Started process (PID=285) to work on /home/airflow/.local/lib/python3.12/site-packages/airflow/example_dags/example_display_name.py
[2025-08-20T08:38:44.843+0000] {processor.py:914} INFO - Processing file /home/airflow/.local/lib/python3.12/site-packages/airflow/example_dags/example_display_name.py for tasks to queue
[2025-08-20T08:38:44.848+0000] {logging_mixin.py:190} INFO - [2025-08-20T08:38:44.848+0000] {dagbag.py:588} INFO - Filling up the DagBag from /home/airflow/.local/lib/python3.12/site-packages/airflow/example_dags/example_display_name.py
[2025-08-20T08:38:44.859+0000] {processor.py:925} INFO - DAG(s) 'example_display_name' retrieved from /home/airflow/.local/lib/python3.12/site-packages/airflow/example_dags/example_display_name.py
[2025-08-20T08:38:44.890+0000] {logging_mixin.py:190} INFO - [2025-08-20T08:38:44.890+0000] {dag.py:3239} INFO - Sync 1 DAGs
[2025-08-20T08:38:44.914+0000] {logging_mixin.py:190} INFO - [2025-08-20T08:38:44.914+0000] {dag.py:4180} INFO - Setting next_dagrun for example_display_name to None, run_after=None
[2025-08-20T08:38:44.940+0000] {processor.py:208} INFO - Processing /home/airflow/.local/lib/python3.12/site-packages/airflow/example_dags/example_display_name.py took 0.107 seconds
[2025-08-20T08:39:15.507+0000] {processor.py:186} INFO - Started process (PID=341) to work on /home/airflow/.local/lib/python3.12/site-packages/airflow/example_dags/example_display_name.py
[2025-08-20T08:39:15.509+0000] {processor.py:914} INFO - Processing file /home/airflow/.local/lib/python3.12/site-packages/airflow/example_dags/example_display_name.py for tasks to queue
[2025-08-20T08:39:15.511+0000] {logging_mixin.py:190} INFO - [2025-08-20T08:39:15.511+0000] {dagbag.py:588} INFO - Filling up the DagBag from /home/airflow/.local/lib/python3.12/site-packages/airflow/example_dags/example_display_name.py
[2025-08-20T08:39:15.522+0000] {processor.py:925} INFO - DAG(s) 'example_display_name' retrieved from /home/airflow/.local/lib/python3.12/site-packages/airflow/example_dags/example_display_name.py
[2025-08-20T08:39:15.546+0000] {logging_mixin.py:190} INFO - [2025-08-20T08:39:15.546+0000] {dag.py:3239} INFO - Sync 1 DAGs
[2025-08-20T08:39:15.564+0000] {logging_mixin.py:190} INFO - [2025-08-20T08:39:15.564+0000] {dag.py:4180} INFO - Setting next_dagrun for example_display_name to None, run_after=None
[2025-08-20T08:39:15.585+0000] {processor.py:208} INFO - Processing /home/airflow/.local/lib/python3.12/site-packages/airflow/example_dags/example_display_name.py took 0.086 seconds
[2025-08-20T08:40:55.713+0000] {processor.py:186} INFO - Started process (PID=61) to work on /home/airflow/.local/lib/python3.12/site-packages/airflow/example_dags/example_display_name.py
[2025-08-20T08:40:55.715+0000] {processor.py:914} INFO - Processing file /home/airflow/.local/lib/python3.12/site-packages/airflow/example_dags/example_display_name.py for tasks to queue
[2025-08-20T08:40:55.718+0000] {logging_mixin.py:190} INFO - [2025-08-20T08:40:55.718+0000] {dagbag.py:588} INFO - Filling up the DagBag from /home/airflow/.local/lib/python3.12/site-packages/airflow/example_dags/example_display_name.py
[2025-08-20T08:40:55.730+0000] {processor.py:925} INFO - DAG(s) 'example_display_name' retrieved from /home/airflow/.local/lib/python3.12/site-packages/airflow/example_dags/example_display_name.py
[2025-08-20T08:40:55.755+0000] {logging_mixin.py:190} INFO - [2025-08-20T08:40:55.755+0000] {dag.py:3239} INFO - Sync 1 DAGs
[2025-08-20T08:40:55.775+0000] {logging_mixin.py:190} INFO - [2025-08-20T08:40:55.775+0000] {dag.py:4180} INFO - Setting next_dagrun for example_display_name to None, run_after=None
[2025-08-20T08:40:56.019+0000] {processor.py:208} INFO - Processing /home/airflow/.local/lib/python3.12/site-packages/airflow/example_dags/example_display_name.py took 0.314 seconds
[2025-08-20T08:41:26.843+0000] {processor.py:186} INFO - Started process (PID=117) to work on /home/airflow/.local/lib/python3.12/site-packages/airflow/example_dags/example_display_name.py
[2025-08-20T08:41:26.845+0000] {processor.py:914} INFO - Processing file /home/airflow/.local/lib/python3.12/site-packages/airflow/example_dags/example_display_name.py for tasks to queue
[2025-08-20T08:41:26.848+0000] {logging_mixin.py:190} INFO - [2025-08-20T08:41:26.848+0000] {dagbag.py:588} INFO - Filling up the DagBag from /home/airflow/.local/lib/python3.12/site-packages/airflow/example_dags/example_display_name.py
[2025-08-20T08:41:26.859+0000] {processor.py:925} INFO - DAG(s) 'example_display_name' retrieved from /home/airflow/.local/lib/python3.12/site-packages/airflow/example_dags/example_display_name.py
[2025-08-20T08:41:26.886+0000] {logging_mixin.py:190} INFO - [2025-08-20T08:41:26.885+0000] {dag.py:3239} INFO - Sync 1 DAGs
[2025-08-20T08:41:26.907+0000] {logging_mixin.py:190} INFO - [2025-08-20T08:41:26.906+0000] {dag.py:4180} INFO - Setting next_dagrun for example_display_name to None, run_after=None
[2025-08-20T08:41:27.224+0000] {processor.py:208} INFO - Processing /home/airflow/.local/lib/python3.12/site-packages/airflow/example_dags/example_display_name.py took 0.390 seconds
[2025-08-20T08:41:57.936+0000] {processor.py:186} INFO - Started process (PID=173) to work on /home/airflow/.local/lib/python3.12/site-packages/airflow/example_dags/example_display_name.py
[2025-08-20T08:41:57.938+0000] {processor.py:914} INFO - Processing file /home/airflow/.local/lib/python3.12/site-packages/airflow/example_dags/example_display_name.py for tasks to queue
[2025-08-20T08:41:57.941+0000] {logging_mixin.py:190} INFO - [2025-08-20T08:41:57.940+0000] {dagbag.py:588} INFO - Filling up the DagBag from /home/airflow/.local/lib/python3.12/site-packages/airflow/example_dags/example_display_name.py
[2025-08-20T08:41:57.951+0000] {processor.py:925} INFO - DAG(s) 'example_display_name' retrieved from /home/airflow/.local/lib/python3.12/site-packages/airflow/example_dags/example_display_name.py
[2025-08-20T08:41:57.972+0000] {logging_mixin.py:190} INFO - [2025-08-20T08:41:57.972+0000] {dag.py:3239} INFO - Sync 1 DAGs
[2025-08-20T08:41:57.990+0000] {logging_mixin.py:190} INFO - [2025-08-20T08:41:57.990+0000] {dag.py:4180} INFO - Setting next_dagrun for example_display_name to None, run_after=None
[2025-08-20T08:41:58.012+0000] {processor.py:208} INFO - Processing /home/airflow/.local/lib/python3.12/site-packages/airflow/example_dags/example_display_name.py took 0.084 seconds
[2025-08-20T08:42:28.447+0000] {processor.py:186} INFO - Started process (PID=229) to work on /home/airflow/.local/lib/python3.12/site-packages/airflow/example_dags/example_display_name.py
[2025-08-20T08:42:28.448+0000] {processor.py:914} INFO - Processing file /home/airflow/.local/lib/python3.12/site-packages/airflow/example_dags/example_display_name.py for tasks to queue
[2025-08-20T08:42:28.451+0000] {logging_mixin.py:190} INFO - [2025-08-20T08:42:28.451+0000] {dagbag.py:588} INFO - Filling up the DagBag from /home/airflow/.local/lib/python3.12/site-packages/airflow/example_dags/example_display_name.py
[2025-08-20T08:42:28.461+0000] {processor.py:925} INFO - DAG(s) 'example_display_name' retrieved from /home/airflow/.local/lib/python3.12/site-packages/airflow/example_dags/example_display_name.py
[2025-08-20T08:42:28.483+0000] {logging_mixin.py:190} INFO - [2025-08-20T08:42:28.482+0000] {dag.py:3239} INFO - Sync 1 DAGs
[2025-08-20T08:42:28.500+0000] {logging_mixin.py:190} INFO - [2025-08-20T08:42:28.500+0000] {dag.py:4180} INFO - Setting next_dagrun for example_display_name to None, run_after=None
[2025-08-20T08:42:28.520+0000] {processor.py:208} INFO - Processing /home/airflow/.local/lib/python3.12/site-packages/airflow/example_dags/example_display_name.py took 0.081 seconds
[2025-08-20T08:42:59.007+0000] {processor.py:186} INFO - Started process (PID=285) to work on /home/airflow/.local/lib/python3.12/site-packages/airflow/example_dags/example_display_name.py
[2025-08-20T08:42:59.008+0000] {processor.py:914} INFO - Processing file /home/airflow/.local/lib/python3.12/site-packages/airflow/example_dags/example_display_name.py for tasks to queue
[2025-08-20T08:42:59.012+0000] {logging_mixin.py:190} INFO - [2025-08-20T08:42:59.012+0000] {dagbag.py:588} INFO - Filling up the DagBag from /home/airflow/.local/lib/python3.12/site-packages/airflow/example_dags/example_display_name.py
[2025-08-20T08:42:59.023+0000] {processor.py:925} INFO - DAG(s) 'example_display_name' retrieved from /home/airflow/.local/lib/python3.12/site-packages/airflow/example_dags/example_display_name.py
[2025-08-20T08:42:59.048+0000] {logging_mixin.py:190} INFO - [2025-08-20T08:42:59.047+0000] {dag.py:3239} INFO - Sync 1 DAGs
[2025-08-20T08:42:59.066+0000] {logging_mixin.py:190} INFO - [2025-08-20T08:42:59.066+0000] {dag.py:4180} INFO - Setting next_dagrun for example_display_name to None, run_after=None
[2025-08-20T08:42:59.087+0000] {processor.py:208} INFO - Processing /home/airflow/.local/lib/python3.12/site-packages/airflow/example_dags/example_display_name.py took 0.089 seconds
[2025-08-20T08:43:29.457+0000] {processor.py:186} INFO - Started process (PID=341) to work on /home/airflow/.local/lib/python3.12/site-packages/airflow/example_dags/example_display_name.py
[2025-08-20T08:43:29.459+0000] {processor.py:914} INFO - Processing file /home/airflow/.local/lib/python3.12/site-packages/airflow/example_dags/example_display_name.py for tasks to queue
[2025-08-20T08:43:29.462+0000] {logging_mixin.py:190} INFO - [2025-08-20T08:43:29.461+0000] {dagbag.py:588} INFO - Filling up the DagBag from /home/airflow/.local/lib/python3.12/site-packages/airflow/example_dags/example_display_name.py
[2025-08-20T08:43:29.471+0000] {processor.py:925} INFO - DAG(s) 'example_display_name' retrieved from /home/airflow/.local/lib/python3.12/site-packages/airflow/example_dags/example_display_name.py
[2025-08-20T08:43:29.493+0000] {logging_mixin.py:190} INFO - [2025-08-20T08:43:29.493+0000] {dag.py:3239} INFO - Sync 1 DAGs
[2025-08-20T08:43:29.511+0000] {logging_mixin.py:190} INFO - [2025-08-20T08:43:29.510+0000] {dag.py:4180} INFO - Setting next_dagrun for example_display_name to None, run_after=None
[2025-08-20T08:43:29.531+0000] {processor.py:208} INFO - Processing /home/airflow/.local/lib/python3.12/site-packages/airflow/example_dags/example_display_name.py took 0.082 seconds
[2025-08-20T08:43:59.830+0000] {processor.py:186} INFO - Started process (PID=397) to work on /home/airflow/.local/lib/python3.12/site-packages/airflow/example_dags/example_display_name.py
[2025-08-20T08:43:59.832+0000] {processor.py:914} INFO - Processing file /home/airflow/.local/lib/python3.12/site-packages/airflow/example_dags/example_display_name.py for tasks to queue
[2025-08-20T08:43:59.835+0000] {logging_mixin.py:190} INFO - [2025-08-20T08:43:59.835+0000] {dagbag.py:588} INFO - Filling up the DagBag from /home/airflow/.local/lib/python3.12/site-packages/airflow/example_dags/example_display_name.py
[2025-08-20T08:43:59.847+0000] {processor.py:925} INFO - DAG(s) 'example_display_name' retrieved from /home/airflow/.local/lib/python3.12/site-packages/airflow/example_dags/example_display_name.py
[2025-08-20T08:43:59.872+0000] {logging_mixin.py:190} INFO - [2025-08-20T08:43:59.872+0000] {dag.py:3239} INFO - Sync 1 DAGs
[2025-08-20T08:43:59.891+0000] {logging_mixin.py:190} INFO - [2025-08-20T08:43:59.891+0000] {dag.py:4180} INFO - Setting next_dagrun for example_display_name to None, run_after=None
[2025-08-20T08:43:59.913+0000] {processor.py:208} INFO - Processing /home/airflow/.local/lib/python3.12/site-packages/airflow/example_dags/example_display_name.py took 0.092 seconds
[2025-08-20T08:44:30.357+0000] {processor.py:186} INFO - Started process (PID=453) to work on /home/airflow/.local/lib/python3.12/site-packages/airflow/example_dags/example_display_name.py
[2025-08-20T08:44:30.358+0000] {processor.py:914} INFO - Processing file /home/airflow/.local/lib/python3.12/site-packages/airflow/example_dags/example_display_name.py for tasks to queue
[2025-08-20T08:44:30.361+0000] {logging_mixin.py:190} INFO - [2025-08-20T08:44:30.361+0000] {dagbag.py:588} INFO - Filling up the DagBag from /home/airflow/.local/lib/python3.12/site-packages/airflow/example_dags/example_display_name.py
[2025-08-20T08:44:30.371+0000] {processor.py:925} INFO - DAG(s) 'example_display_name' retrieved from /home/airflow/.local/lib/python3.12/site-packages/airflow/example_dags/example_display_name.py
[2025-08-20T08:44:30.399+0000] {logging_mixin.py:190} INFO - [2025-08-20T08:44:30.398+0000] {dag.py:3239} INFO - Sync 1 DAGs
[2025-08-20T08:44:30.421+0000] {logging_mixin.py:190} INFO - [2025-08-20T08:44:30.421+0000] {dag.py:4180} INFO - Setting next_dagrun for example_display_name to None, run_after=None
[2025-08-20T08:44:30.443+0000] {processor.py:208} INFO - Processing /home/airflow/.local/lib/python3.12/site-packages/airflow/example_dags/example_display_name.py took 0.095 seconds
[2025-08-20T08:45:00.813+0000] {processor.py:186} INFO - Started process (PID=509) to work on /home/airflow/.local/lib/python3.12/site-packages/airflow/example_dags/example_display_name.py
[2025-08-20T08:45:00.815+0000] {processor.py:914} INFO - Processing file /home/airflow/.local/lib/python3.12/site-packages/airflow/example_dags/example_display_name.py for tasks to queue
[2025-08-20T08:45:00.818+0000] {logging_mixin.py:190} INFO - [2025-08-20T08:45:00.817+0000] {dagbag.py:588} INFO - Filling up the DagBag from /home/airflow/.local/lib/python3.12/site-packages/airflow/example_dags/example_display_name.py
[2025-08-20T08:45:00.828+0000] {processor.py:925} INFO - DAG(s) 'example_display_name' retrieved from /home/airflow/.local/lib/python3.12/site-packages/airflow/example_dags/example_display_name.py
[2025-08-20T08:45:00.851+0000] {logging_mixin.py:190} INFO - [2025-08-20T08:45:00.850+0000] {dag.py:3239} INFO - Sync 1 DAGs
[2025-08-20T08:45:00.870+0000] {logging_mixin.py:190} INFO - [2025-08-20T08:45:00.870+0000] {dag.py:4180} INFO - Setting next_dagrun for example_display_name to None, run_after=None
[2025-08-20T08:45:00.891+0000] {processor.py:208} INFO - Processing /home/airflow/.local/lib/python3.12/site-packages/airflow/example_dags/example_display_name.py took 0.086 seconds
[2025-08-20T08:46:28.392+0000] {processor.py:186} INFO - Started process (PID=61) to work on /home/airflow/.local/lib/python3.12/site-packages/airflow/example_dags/example_display_name.py
[2025-08-20T08:46:28.395+0000] {processor.py:914} INFO - Processing file /home/airflow/.local/lib/python3.12/site-packages/airflow/example_dags/example_display_name.py for tasks to queue
[2025-08-20T08:46:28.398+0000] {logging_mixin.py:190} INFO - [2025-08-20T08:46:28.398+0000] {dagbag.py:588} INFO - Filling up the DagBag from /home/airflow/.local/lib/python3.12/site-packages/airflow/example_dags/example_display_name.py
[2025-08-20T08:46:28.412+0000] {processor.py:925} INFO - DAG(s) 'example_display_name' retrieved from /home/airflow/.local/lib/python3.12/site-packages/airflow/example_dags/example_display_name.py
[2025-08-20T08:46:28.440+0000] {logging_mixin.py:190} INFO - [2025-08-20T08:46:28.440+0000] {dag.py:3239} INFO - Sync 1 DAGs
[2025-08-20T08:46:28.508+0000] {logging_mixin.py:190} INFO - [2025-08-20T08:46:28.508+0000] {dag.py:4180} INFO - Setting next_dagrun for example_display_name to None, run_after=None
[2025-08-20T08:46:28.577+0000] {processor.py:208} INFO - Processing /home/airflow/.local/lib/python3.12/site-packages/airflow/example_dags/example_display_name.py took 0.194 seconds
[2025-08-20T08:46:59.827+0000] {processor.py:186} INFO - Started process (PID=117) to work on /home/airflow/.local/lib/python3.12/site-packages/airflow/example_dags/example_display_name.py
[2025-08-20T08:46:59.828+0000] {processor.py:914} INFO - Processing file /home/airflow/.local/lib/python3.12/site-packages/airflow/example_dags/example_display_name.py for tasks to queue
[2025-08-20T08:46:59.832+0000] {logging_mixin.py:190} INFO - [2025-08-20T08:46:59.831+0000] {dagbag.py:588} INFO - Filling up the DagBag from /home/airflow/.local/lib/python3.12/site-packages/airflow/example_dags/example_display_name.py
[2025-08-20T08:46:59.842+0000] {processor.py:925} INFO - DAG(s) 'example_display_name' retrieved from /home/airflow/.local/lib/python3.12/site-packages/airflow/example_dags/example_display_name.py
[2025-08-20T08:46:59.867+0000] {logging_mixin.py:190} INFO - [2025-08-20T08:46:59.866+0000] {dag.py:3239} INFO - Sync 1 DAGs
[2025-08-20T08:46:59.885+0000] {logging_mixin.py:190} INFO - [2025-08-20T08:46:59.885+0000] {dag.py:4180} INFO - Setting next_dagrun for example_display_name to None, run_after=None
[2025-08-20T08:47:00.210+0000] {processor.py:208} INFO - Processing /home/airflow/.local/lib/python3.12/site-packages/airflow/example_dags/example_display_name.py took 0.391 seconds
[2025-08-20T08:47:31.084+0000] {processor.py:186} INFO - Started process (PID=173) to work on /home/airflow/.local/lib/python3.12/site-packages/airflow/example_dags/example_display_name.py
[2025-08-20T08:47:31.086+0000] {processor.py:914} INFO - Processing file /home/airflow/.local/lib/python3.12/site-packages/airflow/example_dags/example_display_name.py for tasks to queue
[2025-08-20T08:47:31.089+0000] {logging_mixin.py:190} INFO - [2025-08-20T08:47:31.089+0000] {dagbag.py:588} INFO - Filling up the DagBag from /home/airflow/.local/lib/python3.12/site-packages/airflow/example_dags/example_display_name.py
[2025-08-20T08:47:31.100+0000] {processor.py:925} INFO - DAG(s) 'example_display_name' retrieved from /home/airflow/.local/lib/python3.12/site-packages/airflow/example_dags/example_display_name.py
[2025-08-20T08:47:31.125+0000] {logging_mixin.py:190} INFO - [2025-08-20T08:47:31.124+0000] {dag.py:3239} INFO - Sync 1 DAGs
[2025-08-20T08:47:31.143+0000] {logging_mixin.py:190} INFO - [2025-08-20T08:47:31.143+0000] {dag.py:4180} INFO - Setting next_dagrun for example_display_name to None, run_after=None
[2025-08-20T08:47:31.334+0000] {processor.py:208} INFO - Processing /home/airflow/.local/lib/python3.12/site-packages/airflow/example_dags/example_display_name.py took 0.259 seconds
[2025-08-20T08:48:02.268+0000] {processor.py:186} INFO - Started process (PID=229) to work on /home/airflow/.local/lib/python3.12/site-packages/airflow/example_dags/example_display_name.py
[2025-08-20T08:48:02.270+0000] {processor.py:914} INFO - Processing file /home/airflow/.local/lib/python3.12/site-packages/airflow/example_dags/example_display_name.py for tasks to queue
[2025-08-20T08:48:02.273+0000] {logging_mixin.py:190} INFO - [2025-08-20T08:48:02.273+0000] {dagbag.py:588} INFO - Filling up the DagBag from /home/airflow/.local/lib/python3.12/site-packages/airflow/example_dags/example_display_name.py
[2025-08-20T08:48:02.285+0000] {processor.py:925} INFO - DAG(s) 'example_display_name' retrieved from /home/airflow/.local/lib/python3.12/site-packages/airflow/example_dags/example_display_name.py
[2025-08-20T08:48:02.312+0000] {logging_mixin.py:190} INFO - [2025-08-20T08:48:02.311+0000] {dag.py:3239} INFO - Sync 1 DAGs
[2025-08-20T08:48:02.332+0000] {logging_mixin.py:190} INFO - [2025-08-20T08:48:02.332+0000] {dag.py:4180} INFO - Setting next_dagrun for example_display_name to None, run_after=None
[2025-08-20T08:48:02.355+0000] {processor.py:208} INFO - Processing /home/airflow/.local/lib/python3.12/site-packages/airflow/example_dags/example_display_name.py took 0.095 seconds
