[2025-08-20T08:25:56.671+0000] {processor.py:186} INFO - Started process (PID=60) to work on /home/airflow/.local/lib/python3.12/site-packages/airflow/example_dags/example_trigger_target_dag.py
[2025-08-20T08:25:56.672+0000] {processor.py:914} INFO - Processing file /home/airflow/.local/lib/python3.12/site-packages/airflow/example_dags/example_trigger_target_dag.py for tasks to queue
[2025-08-20T08:25:56.675+0000] {logging_mixin.py:190} INFO - [2025-08-20T08:25:56.675+0000] {dagbag.py:588} INFO - Filling up the DagBag from /home/airflow/.local/lib/python3.12/site-packages/airflow/example_dags/example_trigger_target_dag.py
[2025-08-20T08:25:56.687+0000] {processor.py:925} INFO - DAG(s) 'example_trigger_target_dag' retrieved from /home/airflow/.local/lib/python3.12/site-packages/airflow/example_dags/example_trigger_target_dag.py
[2025-08-20T08:25:56.722+0000] {logging_mixin.py:190} INFO - [2025-08-20T08:25:56.721+0000] {dag.py:3239} INFO - Sync 1 DAGs
[2025-08-20T08:25:56.740+0000] {logging_mixin.py:190} INFO - [2025-08-20T08:25:56.739+0000] {dag.py:4180} INFO - Setting next_dagrun for example_trigger_target_dag to None, run_after=None
[2025-08-20T08:25:57.051+0000] {processor.py:208} INFO - Processing /home/airflow/.local/lib/python3.12/site-packages/airflow/example_dags/example_trigger_target_dag.py took 0.389 seconds
[2025-08-20T08:26:27.573+0000] {processor.py:186} INFO - Started process (PID=116) to work on /home/airflow/.local/lib/python3.12/site-packages/airflow/example_dags/example_trigger_target_dag.py
[2025-08-20T08:26:27.574+0000] {processor.py:914} INFO - Processing file /home/airflow/.local/lib/python3.12/site-packages/airflow/example_dags/example_trigger_target_dag.py for tasks to queue
[2025-08-20T08:26:27.577+0000] {logging_mixin.py:190} INFO - [2025-08-20T08:26:27.576+0000] {dagbag.py:588} INFO - Filling up the DagBag from /home/airflow/.local/lib/python3.12/site-packages/airflow/example_dags/example_trigger_target_dag.py
[2025-08-20T08:26:27.587+0000] {processor.py:925} INFO - DAG(s) 'example_trigger_target_dag' retrieved from /home/airflow/.local/lib/python3.12/site-packages/airflow/example_dags/example_trigger_target_dag.py
[2025-08-20T08:26:27.611+0000] {logging_mixin.py:190} INFO - [2025-08-20T08:26:27.611+0000] {dag.py:3239} INFO - Sync 1 DAGs
[2025-08-20T08:26:27.630+0000] {logging_mixin.py:190} INFO - [2025-08-20T08:26:27.630+0000] {dag.py:4180} INFO - Setting next_dagrun for example_trigger_target_dag to None, run_after=None
[2025-08-20T08:26:27.923+0000] {processor.py:208} INFO - Processing /home/airflow/.local/lib/python3.12/site-packages/airflow/example_dags/example_trigger_target_dag.py took 0.358 seconds
[2025-08-20T08:26:58.001+0000] {processor.py:186} INFO - Started process (PID=172) to work on /home/airflow/.local/lib/python3.12/site-packages/airflow/example_dags/example_trigger_target_dag.py
[2025-08-20T08:26:58.003+0000] {processor.py:914} INFO - Processing file /home/airflow/.local/lib/python3.12/site-packages/airflow/example_dags/example_trigger_target_dag.py for tasks to queue
[2025-08-20T08:26:58.006+0000] {logging_mixin.py:190} INFO - [2025-08-20T08:26:58.006+0000] {dagbag.py:588} INFO - Filling up the DagBag from /home/airflow/.local/lib/python3.12/site-packages/airflow/example_dags/example_trigger_target_dag.py
[2025-08-20T08:26:58.018+0000] {processor.py:925} INFO - DAG(s) 'example_trigger_target_dag' retrieved from /home/airflow/.local/lib/python3.12/site-packages/airflow/example_dags/example_trigger_target_dag.py
[2025-08-20T08:26:58.106+0000] {logging_mixin.py:190} INFO - [2025-08-20T08:26:58.106+0000] {dag.py:3239} INFO - Sync 1 DAGs
[2025-08-20T08:26:58.127+0000] {logging_mixin.py:190} INFO - [2025-08-20T08:26:58.126+0000] {dag.py:4180} INFO - Setting next_dagrun for example_trigger_target_dag to None, run_after=None
[2025-08-20T08:26:58.205+0000] {processor.py:208} INFO - Processing /home/airflow/.local/lib/python3.12/site-packages/airflow/example_dags/example_trigger_target_dag.py took 0.212 seconds
[2025-08-20T08:27:29.704+0000] {processor.py:186} INFO - Started process (PID=228) to work on /home/airflow/.local/lib/python3.12/site-packages/airflow/example_dags/example_trigger_target_dag.py
[2025-08-20T08:27:29.706+0000] {processor.py:914} INFO - Processing file /home/airflow/.local/lib/python3.12/site-packages/airflow/example_dags/example_trigger_target_dag.py for tasks to queue
[2025-08-20T08:27:29.709+0000] {logging_mixin.py:190} INFO - [2025-08-20T08:27:29.708+0000] {dagbag.py:588} INFO - Filling up the DagBag from /home/airflow/.local/lib/python3.12/site-packages/airflow/example_dags/example_trigger_target_dag.py
[2025-08-20T08:27:29.719+0000] {processor.py:925} INFO - DAG(s) 'example_trigger_target_dag' retrieved from /home/airflow/.local/lib/python3.12/site-packages/airflow/example_dags/example_trigger_target_dag.py
[2025-08-20T08:27:29.746+0000] {logging_mixin.py:190} INFO - [2025-08-20T08:27:29.745+0000] {dag.py:3239} INFO - Sync 1 DAGs
[2025-08-20T08:27:29.765+0000] {logging_mixin.py:190} INFO - [2025-08-20T08:27:29.765+0000] {dag.py:4180} INFO - Setting next_dagrun for example_trigger_target_dag to None, run_after=None
[2025-08-20T08:27:29.788+0000] {processor.py:208} INFO - Processing /home/airflow/.local/lib/python3.12/site-packages/airflow/example_dags/example_trigger_target_dag.py took 0.092 seconds
[2025-08-20T08:28:00.194+0000] {processor.py:186} INFO - Started process (PID=284) to work on /home/airflow/.local/lib/python3.12/site-packages/airflow/example_dags/example_trigger_target_dag.py
[2025-08-20T08:28:00.196+0000] {processor.py:914} INFO - Processing file /home/airflow/.local/lib/python3.12/site-packages/airflow/example_dags/example_trigger_target_dag.py for tasks to queue
[2025-08-20T08:28:00.199+0000] {logging_mixin.py:190} INFO - [2025-08-20T08:28:00.199+0000] {dagbag.py:588} INFO - Filling up the DagBag from /home/airflow/.local/lib/python3.12/site-packages/airflow/example_dags/example_trigger_target_dag.py
[2025-08-20T08:28:00.211+0000] {processor.py:925} INFO - DAG(s) 'example_trigger_target_dag' retrieved from /home/airflow/.local/lib/python3.12/site-packages/airflow/example_dags/example_trigger_target_dag.py
[2025-08-20T08:28:00.237+0000] {logging_mixin.py:190} INFO - [2025-08-20T08:28:00.237+0000] {dag.py:3239} INFO - Sync 1 DAGs
[2025-08-20T08:28:00.256+0000] {logging_mixin.py:190} INFO - [2025-08-20T08:28:00.255+0000] {dag.py:4180} INFO - Setting next_dagrun for example_trigger_target_dag to None, run_after=None
[2025-08-20T08:28:00.281+0000] {processor.py:208} INFO - Processing /home/airflow/.local/lib/python3.12/site-packages/airflow/example_dags/example_trigger_target_dag.py took 0.096 seconds
[2025-08-20T08:28:30.591+0000] {processor.py:186} INFO - Started process (PID=340) to work on /home/airflow/.local/lib/python3.12/site-packages/airflow/example_dags/example_trigger_target_dag.py
[2025-08-20T08:28:30.593+0000] {processor.py:914} INFO - Processing file /home/airflow/.local/lib/python3.12/site-packages/airflow/example_dags/example_trigger_target_dag.py for tasks to queue
[2025-08-20T08:28:30.596+0000] {logging_mixin.py:190} INFO - [2025-08-20T08:28:30.596+0000] {dagbag.py:588} INFO - Filling up the DagBag from /home/airflow/.local/lib/python3.12/site-packages/airflow/example_dags/example_trigger_target_dag.py
[2025-08-20T08:28:30.607+0000] {processor.py:925} INFO - DAG(s) 'example_trigger_target_dag' retrieved from /home/airflow/.local/lib/python3.12/site-packages/airflow/example_dags/example_trigger_target_dag.py
[2025-08-20T08:28:30.632+0000] {logging_mixin.py:190} INFO - [2025-08-20T08:28:30.631+0000] {dag.py:3239} INFO - Sync 1 DAGs
[2025-08-20T08:28:30.650+0000] {logging_mixin.py:190} INFO - [2025-08-20T08:28:30.650+0000] {dag.py:4180} INFO - Setting next_dagrun for example_trigger_target_dag to None, run_after=None
[2025-08-20T08:28:30.672+0000] {processor.py:208} INFO - Processing /home/airflow/.local/lib/python3.12/site-packages/airflow/example_dags/example_trigger_target_dag.py took 0.089 seconds
[2025-08-20T08:29:01.124+0000] {processor.py:186} INFO - Started process (PID=396) to work on /home/airflow/.local/lib/python3.12/site-packages/airflow/example_dags/example_trigger_target_dag.py
[2025-08-20T08:29:01.125+0000] {processor.py:914} INFO - Processing file /home/airflow/.local/lib/python3.12/site-packages/airflow/example_dags/example_trigger_target_dag.py for tasks to queue
[2025-08-20T08:29:01.128+0000] {logging_mixin.py:190} INFO - [2025-08-20T08:29:01.128+0000] {dagbag.py:588} INFO - Filling up the DagBag from /home/airflow/.local/lib/python3.12/site-packages/airflow/example_dags/example_trigger_target_dag.py
[2025-08-20T08:29:01.140+0000] {processor.py:925} INFO - DAG(s) 'example_trigger_target_dag' retrieved from /home/airflow/.local/lib/python3.12/site-packages/airflow/example_dags/example_trigger_target_dag.py
[2025-08-20T08:29:01.165+0000] {logging_mixin.py:190} INFO - [2025-08-20T08:29:01.165+0000] {dag.py:3239} INFO - Sync 1 DAGs
[2025-08-20T08:29:01.184+0000] {logging_mixin.py:190} INFO - [2025-08-20T08:29:01.184+0000] {dag.py:4180} INFO - Setting next_dagrun for example_trigger_target_dag to None, run_after=None
[2025-08-20T08:29:01.205+0000] {processor.py:208} INFO - Processing /home/airflow/.local/lib/python3.12/site-packages/airflow/example_dags/example_trigger_target_dag.py took 0.090 seconds
[2025-08-20T08:30:26.006+0000] {processor.py:186} INFO - Started process (PID=58) to work on /home/airflow/.local/lib/python3.12/site-packages/airflow/example_dags/example_trigger_target_dag.py
[2025-08-20T08:30:26.008+0000] {processor.py:914} INFO - Processing file /home/airflow/.local/lib/python3.12/site-packages/airflow/example_dags/example_trigger_target_dag.py for tasks to queue
[2025-08-20T08:30:26.011+0000] {logging_mixin.py:190} INFO - [2025-08-20T08:30:26.010+0000] {dagbag.py:588} INFO - Filling up the DagBag from /home/airflow/.local/lib/python3.12/site-packages/airflow/example_dags/example_trigger_target_dag.py
[2025-08-20T08:30:26.023+0000] {processor.py:925} INFO - DAG(s) 'example_trigger_target_dag' retrieved from /home/airflow/.local/lib/python3.12/site-packages/airflow/example_dags/example_trigger_target_dag.py
[2025-08-20T08:30:26.058+0000] {logging_mixin.py:190} INFO - [2025-08-20T08:30:26.057+0000] {dag.py:3239} INFO - Sync 1 DAGs
[2025-08-20T08:30:26.078+0000] {logging_mixin.py:190} INFO - [2025-08-20T08:30:26.078+0000] {dag.py:4180} INFO - Setting next_dagrun for example_trigger_target_dag to None, run_after=None
[2025-08-20T08:30:26.315+0000] {processor.py:208} INFO - Processing /home/airflow/.local/lib/python3.12/site-packages/airflow/example_dags/example_trigger_target_dag.py took 0.318 seconds
[2025-08-20T08:30:58.057+0000] {processor.py:186} INFO - Started process (PID=114) to work on /home/airflow/.local/lib/python3.12/site-packages/airflow/example_dags/example_trigger_target_dag.py
[2025-08-20T08:30:58.058+0000] {processor.py:914} INFO - Processing file /home/airflow/.local/lib/python3.12/site-packages/airflow/example_dags/example_trigger_target_dag.py for tasks to queue
[2025-08-20T08:30:58.061+0000] {logging_mixin.py:190} INFO - [2025-08-20T08:30:58.061+0000] {dagbag.py:588} INFO - Filling up the DagBag from /home/airflow/.local/lib/python3.12/site-packages/airflow/example_dags/example_trigger_target_dag.py
[2025-08-20T08:30:58.072+0000] {processor.py:925} INFO - DAG(s) 'example_trigger_target_dag' retrieved from /home/airflow/.local/lib/python3.12/site-packages/airflow/example_dags/example_trigger_target_dag.py
[2025-08-20T08:30:58.096+0000] {logging_mixin.py:190} INFO - [2025-08-20T08:30:58.095+0000] {dag.py:3239} INFO - Sync 1 DAGs
[2025-08-20T08:30:58.115+0000] {logging_mixin.py:190} INFO - [2025-08-20T08:30:58.115+0000] {dag.py:4180} INFO - Setting next_dagrun for example_trigger_target_dag to None, run_after=None
[2025-08-20T08:30:58.484+0000] {processor.py:208} INFO - Processing /home/airflow/.local/lib/python3.12/site-packages/airflow/example_dags/example_trigger_target_dag.py took 0.436 seconds
[2025-08-20T08:31:28.679+0000] {processor.py:186} INFO - Started process (PID=170) to work on /home/airflow/.local/lib/python3.12/site-packages/airflow/example_dags/example_trigger_target_dag.py
[2025-08-20T08:31:28.682+0000] {processor.py:914} INFO - Processing file /home/airflow/.local/lib/python3.12/site-packages/airflow/example_dags/example_trigger_target_dag.py for tasks to queue
[2025-08-20T08:31:28.685+0000] {logging_mixin.py:190} INFO - [2025-08-20T08:31:28.685+0000] {dagbag.py:588} INFO - Filling up the DagBag from /home/airflow/.local/lib/python3.12/site-packages/airflow/example_dags/example_trigger_target_dag.py
[2025-08-20T08:31:28.696+0000] {processor.py:925} INFO - DAG(s) 'example_trigger_target_dag' retrieved from /home/airflow/.local/lib/python3.12/site-packages/airflow/example_dags/example_trigger_target_dag.py
[2025-08-20T08:31:28.721+0000] {logging_mixin.py:190} INFO - [2025-08-20T08:31:28.720+0000] {dag.py:3239} INFO - Sync 1 DAGs
[2025-08-20T08:31:28.739+0000] {logging_mixin.py:190} INFO - [2025-08-20T08:31:28.739+0000] {dag.py:4180} INFO - Setting next_dagrun for example_trigger_target_dag to None, run_after=None
[2025-08-20T08:31:28.901+0000] {processor.py:208} INFO - Processing /home/airflow/.local/lib/python3.12/site-packages/airflow/example_dags/example_trigger_target_dag.py took 0.231 seconds
[2025-08-20T08:32:19.573+0000] {processor.py:186} INFO - Started process (PID=59) to work on /home/airflow/.local/lib/python3.12/site-packages/airflow/example_dags/example_trigger_target_dag.py
[2025-08-20T08:32:19.575+0000] {processor.py:914} INFO - Processing file /home/airflow/.local/lib/python3.12/site-packages/airflow/example_dags/example_trigger_target_dag.py for tasks to queue
[2025-08-20T08:32:19.578+0000] {logging_mixin.py:190} INFO - [2025-08-20T08:32:19.577+0000] {dagbag.py:588} INFO - Filling up the DagBag from /home/airflow/.local/lib/python3.12/site-packages/airflow/example_dags/example_trigger_target_dag.py
[2025-08-20T08:32:19.588+0000] {processor.py:925} INFO - DAG(s) 'example_trigger_target_dag' retrieved from /home/airflow/.local/lib/python3.12/site-packages/airflow/example_dags/example_trigger_target_dag.py
[2025-08-20T08:32:19.634+0000] {logging_mixin.py:190} INFO - [2025-08-20T08:32:19.633+0000] {dag.py:3239} INFO - Sync 1 DAGs
[2025-08-20T08:32:19.655+0000] {logging_mixin.py:190} INFO - [2025-08-20T08:32:19.655+0000] {dag.py:4180} INFO - Setting next_dagrun for example_trigger_target_dag to None, run_after=None
[2025-08-20T08:32:19.679+0000] {processor.py:208} INFO - Processing /home/airflow/.local/lib/python3.12/site-packages/airflow/example_dags/example_trigger_target_dag.py took 0.114 seconds
[2025-08-20T08:32:50.544+0000] {processor.py:186} INFO - Started process (PID=115) to work on /home/airflow/.local/lib/python3.12/site-packages/airflow/example_dags/example_trigger_target_dag.py
[2025-08-20T08:32:50.545+0000] {processor.py:914} INFO - Processing file /home/airflow/.local/lib/python3.12/site-packages/airflow/example_dags/example_trigger_target_dag.py for tasks to queue
[2025-08-20T08:32:50.548+0000] {logging_mixin.py:190} INFO - [2025-08-20T08:32:50.548+0000] {dagbag.py:588} INFO - Filling up the DagBag from /home/airflow/.local/lib/python3.12/site-packages/airflow/example_dags/example_trigger_target_dag.py
[2025-08-20T08:32:50.559+0000] {processor.py:925} INFO - DAG(s) 'example_trigger_target_dag' retrieved from /home/airflow/.local/lib/python3.12/site-packages/airflow/example_dags/example_trigger_target_dag.py
[2025-08-20T08:32:50.586+0000] {logging_mixin.py:190} INFO - [2025-08-20T08:32:50.586+0000] {dag.py:3239} INFO - Sync 1 DAGs
[2025-08-20T08:32:50.605+0000] {logging_mixin.py:190} INFO - [2025-08-20T08:32:50.604+0000] {dag.py:4180} INFO - Setting next_dagrun for example_trigger_target_dag to None, run_after=None
[2025-08-20T08:32:50.628+0000] {processor.py:208} INFO - Processing /home/airflow/.local/lib/python3.12/site-packages/airflow/example_dags/example_trigger_target_dag.py took 0.093 seconds
[2025-08-20T08:33:21.059+0000] {processor.py:186} INFO - Started process (PID=170) to work on /home/airflow/.local/lib/python3.12/site-packages/airflow/example_dags/example_trigger_target_dag.py
[2025-08-20T08:33:21.061+0000] {processor.py:914} INFO - Processing file /home/airflow/.local/lib/python3.12/site-packages/airflow/example_dags/example_trigger_target_dag.py for tasks to queue
[2025-08-20T08:33:21.064+0000] {logging_mixin.py:190} INFO - [2025-08-20T08:33:21.063+0000] {dagbag.py:588} INFO - Filling up the DagBag from /home/airflow/.local/lib/python3.12/site-packages/airflow/example_dags/example_trigger_target_dag.py
[2025-08-20T08:33:21.073+0000] {processor.py:925} INFO - DAG(s) 'example_trigger_target_dag' retrieved from /home/airflow/.local/lib/python3.12/site-packages/airflow/example_dags/example_trigger_target_dag.py
[2025-08-20T08:33:21.097+0000] {logging_mixin.py:190} INFO - [2025-08-20T08:33:21.097+0000] {dag.py:3239} INFO - Sync 1 DAGs
[2025-08-20T08:33:21.115+0000] {logging_mixin.py:190} INFO - [2025-08-20T08:33:21.115+0000] {dag.py:4180} INFO - Setting next_dagrun for example_trigger_target_dag to None, run_after=None
[2025-08-20T08:33:21.137+0000] {processor.py:208} INFO - Processing /home/airflow/.local/lib/python3.12/site-packages/airflow/example_dags/example_trigger_target_dag.py took 0.086 seconds
[2025-08-20T08:33:51.600+0000] {processor.py:186} INFO - Started process (PID=227) to work on /home/airflow/.local/lib/python3.12/site-packages/airflow/example_dags/example_trigger_target_dag.py
[2025-08-20T08:33:51.602+0000] {processor.py:914} INFO - Processing file /home/airflow/.local/lib/python3.12/site-packages/airflow/example_dags/example_trigger_target_dag.py for tasks to queue
[2025-08-20T08:33:51.604+0000] {logging_mixin.py:190} INFO - [2025-08-20T08:33:51.604+0000] {dagbag.py:588} INFO - Filling up the DagBag from /home/airflow/.local/lib/python3.12/site-packages/airflow/example_dags/example_trigger_target_dag.py
[2025-08-20T08:33:51.614+0000] {processor.py:925} INFO - DAG(s) 'example_trigger_target_dag' retrieved from /home/airflow/.local/lib/python3.12/site-packages/airflow/example_dags/example_trigger_target_dag.py
[2025-08-20T08:33:51.645+0000] {logging_mixin.py:190} INFO - [2025-08-20T08:33:51.645+0000] {dag.py:3239} INFO - Sync 1 DAGs
[2025-08-20T08:33:51.664+0000] {logging_mixin.py:190} INFO - [2025-08-20T08:33:51.664+0000] {dag.py:4180} INFO - Setting next_dagrun for example_trigger_target_dag to None, run_after=None
[2025-08-20T08:33:51.690+0000] {processor.py:208} INFO - Processing /home/airflow/.local/lib/python3.12/site-packages/airflow/example_dags/example_trigger_target_dag.py took 0.099 seconds
[2025-08-20T08:34:22.044+0000] {processor.py:186} INFO - Started process (PID=283) to work on /home/airflow/.local/lib/python3.12/site-packages/airflow/example_dags/example_trigger_target_dag.py
[2025-08-20T08:34:22.046+0000] {processor.py:914} INFO - Processing file /home/airflow/.local/lib/python3.12/site-packages/airflow/example_dags/example_trigger_target_dag.py for tasks to queue
[2025-08-20T08:34:22.049+0000] {logging_mixin.py:190} INFO - [2025-08-20T08:34:22.048+0000] {dagbag.py:588} INFO - Filling up the DagBag from /home/airflow/.local/lib/python3.12/site-packages/airflow/example_dags/example_trigger_target_dag.py
[2025-08-20T08:34:22.059+0000] {processor.py:925} INFO - DAG(s) 'example_trigger_target_dag' retrieved from /home/airflow/.local/lib/python3.12/site-packages/airflow/example_dags/example_trigger_target_dag.py
[2025-08-20T08:34:22.083+0000] {logging_mixin.py:190} INFO - [2025-08-20T08:34:22.082+0000] {dag.py:3239} INFO - Sync 1 DAGs
[2025-08-20T08:34:22.100+0000] {logging_mixin.py:190} INFO - [2025-08-20T08:34:22.100+0000] {dag.py:4180} INFO - Setting next_dagrun for example_trigger_target_dag to None, run_after=None
[2025-08-20T08:34:22.120+0000] {processor.py:208} INFO - Processing /home/airflow/.local/lib/python3.12/site-packages/airflow/example_dags/example_trigger_target_dag.py took 0.084 seconds
[2025-08-20T08:34:52.587+0000] {processor.py:186} INFO - Started process (PID=339) to work on /home/airflow/.local/lib/python3.12/site-packages/airflow/example_dags/example_trigger_target_dag.py
[2025-08-20T08:34:52.588+0000] {processor.py:914} INFO - Processing file /home/airflow/.local/lib/python3.12/site-packages/airflow/example_dags/example_trigger_target_dag.py for tasks to queue
[2025-08-20T08:34:52.591+0000] {logging_mixin.py:190} INFO - [2025-08-20T08:34:52.591+0000] {dagbag.py:588} INFO - Filling up the DagBag from /home/airflow/.local/lib/python3.12/site-packages/airflow/example_dags/example_trigger_target_dag.py
[2025-08-20T08:34:52.601+0000] {processor.py:925} INFO - DAG(s) 'example_trigger_target_dag' retrieved from /home/airflow/.local/lib/python3.12/site-packages/airflow/example_dags/example_trigger_target_dag.py
[2025-08-20T08:34:52.625+0000] {logging_mixin.py:190} INFO - [2025-08-20T08:34:52.625+0000] {dag.py:3239} INFO - Sync 1 DAGs
[2025-08-20T08:34:52.644+0000] {logging_mixin.py:190} INFO - [2025-08-20T08:34:52.644+0000] {dag.py:4180} INFO - Setting next_dagrun for example_trigger_target_dag to None, run_after=None
[2025-08-20T08:34:52.669+0000] {processor.py:208} INFO - Processing /home/airflow/.local/lib/python3.12/site-packages/airflow/example_dags/example_trigger_target_dag.py took 0.090 seconds
[2025-08-20T08:35:23.690+0000] {processor.py:186} INFO - Started process (PID=395) to work on /home/airflow/.local/lib/python3.12/site-packages/airflow/example_dags/example_trigger_target_dag.py
[2025-08-20T08:35:23.692+0000] {processor.py:914} INFO - Processing file /home/airflow/.local/lib/python3.12/site-packages/airflow/example_dags/example_trigger_target_dag.py for tasks to queue
[2025-08-20T08:35:23.695+0000] {logging_mixin.py:190} INFO - [2025-08-20T08:35:23.694+0000] {dagbag.py:588} INFO - Filling up the DagBag from /home/airflow/.local/lib/python3.12/site-packages/airflow/example_dags/example_trigger_target_dag.py
[2025-08-20T08:35:23.705+0000] {processor.py:925} INFO - DAG(s) 'example_trigger_target_dag' retrieved from /home/airflow/.local/lib/python3.12/site-packages/airflow/example_dags/example_trigger_target_dag.py
[2025-08-20T08:35:23.730+0000] {logging_mixin.py:190} INFO - [2025-08-20T08:35:23.730+0000] {dag.py:3239} INFO - Sync 1 DAGs
[2025-08-20T08:35:23.751+0000] {logging_mixin.py:190} INFO - [2025-08-20T08:35:23.751+0000] {dag.py:4180} INFO - Setting next_dagrun for example_trigger_target_dag to None, run_after=None
[2025-08-20T08:35:23.781+0000] {processor.py:208} INFO - Processing /home/airflow/.local/lib/python3.12/site-packages/airflow/example_dags/example_trigger_target_dag.py took 0.100 seconds
[2025-08-20T08:36:40.559+0000] {processor.py:186} INFO - Started process (PID=59) to work on /home/airflow/.local/lib/python3.12/site-packages/airflow/example_dags/example_trigger_target_dag.py
[2025-08-20T08:36:40.561+0000] {processor.py:914} INFO - Processing file /home/airflow/.local/lib/python3.12/site-packages/airflow/example_dags/example_trigger_target_dag.py for tasks to queue
[2025-08-20T08:36:40.564+0000] {logging_mixin.py:190} INFO - [2025-08-20T08:36:40.563+0000] {dagbag.py:588} INFO - Filling up the DagBag from /home/airflow/.local/lib/python3.12/site-packages/airflow/example_dags/example_trigger_target_dag.py
[2025-08-20T08:36:40.576+0000] {processor.py:925} INFO - DAG(s) 'example_trigger_target_dag' retrieved from /home/airflow/.local/lib/python3.12/site-packages/airflow/example_dags/example_trigger_target_dag.py
[2025-08-20T08:36:40.612+0000] {logging_mixin.py:190} INFO - [2025-08-20T08:36:40.612+0000] {dag.py:3239} INFO - Sync 1 DAGs
[2025-08-20T08:36:40.629+0000] {logging_mixin.py:190} INFO - [2025-08-20T08:36:40.629+0000] {dag.py:4180} INFO - Setting next_dagrun for example_trigger_target_dag to None, run_after=None
[2025-08-20T08:36:41.230+0000] {processor.py:208} INFO - Processing /home/airflow/.local/lib/python3.12/site-packages/airflow/example_dags/example_trigger_target_dag.py took 0.679 seconds
[2025-08-20T08:37:11.959+0000] {processor.py:186} INFO - Started process (PID=115) to work on /home/airflow/.local/lib/python3.12/site-packages/airflow/example_dags/example_trigger_target_dag.py
[2025-08-20T08:37:11.962+0000] {processor.py:914} INFO - Processing file /home/airflow/.local/lib/python3.12/site-packages/airflow/example_dags/example_trigger_target_dag.py for tasks to queue
[2025-08-20T08:37:11.965+0000] {logging_mixin.py:190} INFO - [2025-08-20T08:37:11.964+0000] {dagbag.py:588} INFO - Filling up the DagBag from /home/airflow/.local/lib/python3.12/site-packages/airflow/example_dags/example_trigger_target_dag.py
[2025-08-20T08:37:11.975+0000] {processor.py:925} INFO - DAG(s) 'example_trigger_target_dag' retrieved from /home/airflow/.local/lib/python3.12/site-packages/airflow/example_dags/example_trigger_target_dag.py
[2025-08-20T08:37:12.000+0000] {logging_mixin.py:190} INFO - [2025-08-20T08:37:12.000+0000] {dag.py:3239} INFO - Sync 1 DAGs
[2025-08-20T08:37:12.020+0000] {logging_mixin.py:190} INFO - [2025-08-20T08:37:12.019+0000] {dag.py:4180} INFO - Setting next_dagrun for example_trigger_target_dag to None, run_after=None
[2025-08-20T08:37:12.333+0000] {processor.py:208} INFO - Processing /home/airflow/.local/lib/python3.12/site-packages/airflow/example_dags/example_trigger_target_dag.py took 0.382 seconds
[2025-08-20T08:37:43.082+0000] {processor.py:186} INFO - Started process (PID=171) to work on /home/airflow/.local/lib/python3.12/site-packages/airflow/example_dags/example_trigger_target_dag.py
[2025-08-20T08:37:43.084+0000] {processor.py:914} INFO - Processing file /home/airflow/.local/lib/python3.12/site-packages/airflow/example_dags/example_trigger_target_dag.py for tasks to queue
[2025-08-20T08:37:43.087+0000] {logging_mixin.py:190} INFO - [2025-08-20T08:37:43.086+0000] {dagbag.py:588} INFO - Filling up the DagBag from /home/airflow/.local/lib/python3.12/site-packages/airflow/example_dags/example_trigger_target_dag.py
[2025-08-20T08:37:43.098+0000] {processor.py:925} INFO - DAG(s) 'example_trigger_target_dag' retrieved from /home/airflow/.local/lib/python3.12/site-packages/airflow/example_dags/example_trigger_target_dag.py
[2025-08-20T08:37:43.122+0000] {logging_mixin.py:190} INFO - [2025-08-20T08:37:43.121+0000] {dag.py:3239} INFO - Sync 1 DAGs
[2025-08-20T08:37:43.141+0000] {logging_mixin.py:190} INFO - [2025-08-20T08:37:43.140+0000] {dag.py:4180} INFO - Setting next_dagrun for example_trigger_target_dag to None, run_after=None
[2025-08-20T08:37:43.463+0000] {processor.py:208} INFO - Processing /home/airflow/.local/lib/python3.12/site-packages/airflow/example_dags/example_trigger_target_dag.py took 0.389 seconds
[2025-08-20T08:38:14.185+0000] {processor.py:186} INFO - Started process (PID=227) to work on /home/airflow/.local/lib/python3.12/site-packages/airflow/example_dags/example_trigger_target_dag.py
[2025-08-20T08:38:14.186+0000] {processor.py:914} INFO - Processing file /home/airflow/.local/lib/python3.12/site-packages/airflow/example_dags/example_trigger_target_dag.py for tasks to queue
[2025-08-20T08:38:14.190+0000] {logging_mixin.py:190} INFO - [2025-08-20T08:38:14.189+0000] {dagbag.py:588} INFO - Filling up the DagBag from /home/airflow/.local/lib/python3.12/site-packages/airflow/example_dags/example_trigger_target_dag.py
[2025-08-20T08:38:14.201+0000] {processor.py:925} INFO - DAG(s) 'example_trigger_target_dag' retrieved from /home/airflow/.local/lib/python3.12/site-packages/airflow/example_dags/example_trigger_target_dag.py
[2025-08-20T08:38:14.225+0000] {logging_mixin.py:190} INFO - [2025-08-20T08:38:14.225+0000] {dag.py:3239} INFO - Sync 1 DAGs
[2025-08-20T08:38:14.243+0000] {logging_mixin.py:190} INFO - [2025-08-20T08:38:14.243+0000] {dag.py:4180} INFO - Setting next_dagrun for example_trigger_target_dag to None, run_after=None
[2025-08-20T08:38:14.264+0000] {processor.py:208} INFO - Processing /home/airflow/.local/lib/python3.12/site-packages/airflow/example_dags/example_trigger_target_dag.py took 0.089 seconds
[2025-08-20T08:38:44.656+0000] {processor.py:186} INFO - Started process (PID=283) to work on /home/airflow/.local/lib/python3.12/site-packages/airflow/example_dags/example_trigger_target_dag.py
[2025-08-20T08:38:44.658+0000] {processor.py:914} INFO - Processing file /home/airflow/.local/lib/python3.12/site-packages/airflow/example_dags/example_trigger_target_dag.py for tasks to queue
[2025-08-20T08:38:44.661+0000] {logging_mixin.py:190} INFO - [2025-08-20T08:38:44.660+0000] {dagbag.py:588} INFO - Filling up the DagBag from /home/airflow/.local/lib/python3.12/site-packages/airflow/example_dags/example_trigger_target_dag.py
[2025-08-20T08:38:44.672+0000] {processor.py:925} INFO - DAG(s) 'example_trigger_target_dag' retrieved from /home/airflow/.local/lib/python3.12/site-packages/airflow/example_dags/example_trigger_target_dag.py
[2025-08-20T08:38:44.699+0000] {logging_mixin.py:190} INFO - [2025-08-20T08:38:44.699+0000] {dag.py:3239} INFO - Sync 1 DAGs
[2025-08-20T08:38:44.722+0000] {logging_mixin.py:190} INFO - [2025-08-20T08:38:44.721+0000] {dag.py:4180} INFO - Setting next_dagrun for example_trigger_target_dag to None, run_after=None
[2025-08-20T08:38:44.757+0000] {processor.py:208} INFO - Processing /home/airflow/.local/lib/python3.12/site-packages/airflow/example_dags/example_trigger_target_dag.py took 0.109 seconds
[2025-08-20T08:39:15.278+0000] {processor.py:186} INFO - Started process (PID=339) to work on /home/airflow/.local/lib/python3.12/site-packages/airflow/example_dags/example_trigger_target_dag.py
[2025-08-20T08:39:15.279+0000] {processor.py:914} INFO - Processing file /home/airflow/.local/lib/python3.12/site-packages/airflow/example_dags/example_trigger_target_dag.py for tasks to queue
[2025-08-20T08:39:15.282+0000] {logging_mixin.py:190} INFO - [2025-08-20T08:39:15.281+0000] {dagbag.py:588} INFO - Filling up the DagBag from /home/airflow/.local/lib/python3.12/site-packages/airflow/example_dags/example_trigger_target_dag.py
[2025-08-20T08:39:15.293+0000] {processor.py:925} INFO - DAG(s) 'example_trigger_target_dag' retrieved from /home/airflow/.local/lib/python3.12/site-packages/airflow/example_dags/example_trigger_target_dag.py
[2025-08-20T08:39:15.318+0000] {logging_mixin.py:190} INFO - [2025-08-20T08:39:15.318+0000] {dag.py:3239} INFO - Sync 1 DAGs
[2025-08-20T08:39:15.339+0000] {logging_mixin.py:190} INFO - [2025-08-20T08:39:15.339+0000] {dag.py:4180} INFO - Setting next_dagrun for example_trigger_target_dag to None, run_after=None
[2025-08-20T08:39:15.365+0000] {processor.py:208} INFO - Processing /home/airflow/.local/lib/python3.12/site-packages/airflow/example_dags/example_trigger_target_dag.py took 0.095 seconds
[2025-08-20T08:40:55.436+0000] {processor.py:186} INFO - Started process (PID=59) to work on /home/airflow/.local/lib/python3.12/site-packages/airflow/example_dags/example_trigger_target_dag.py
[2025-08-20T08:40:55.438+0000] {processor.py:914} INFO - Processing file /home/airflow/.local/lib/python3.12/site-packages/airflow/example_dags/example_trigger_target_dag.py for tasks to queue
[2025-08-20T08:40:55.440+0000] {logging_mixin.py:190} INFO - [2025-08-20T08:40:55.440+0000] {dagbag.py:588} INFO - Filling up the DagBag from /home/airflow/.local/lib/python3.12/site-packages/airflow/example_dags/example_trigger_target_dag.py
[2025-08-20T08:40:55.452+0000] {processor.py:925} INFO - DAG(s) 'example_trigger_target_dag' retrieved from /home/airflow/.local/lib/python3.12/site-packages/airflow/example_dags/example_trigger_target_dag.py
[2025-08-20T08:40:55.488+0000] {logging_mixin.py:190} INFO - [2025-08-20T08:40:55.487+0000] {dag.py:3239} INFO - Sync 1 DAGs
[2025-08-20T08:40:55.507+0000] {logging_mixin.py:190} INFO - [2025-08-20T08:40:55.507+0000] {dag.py:4180} INFO - Setting next_dagrun for example_trigger_target_dag to None, run_after=None
[2025-08-20T08:40:55.678+0000] {processor.py:208} INFO - Processing /home/airflow/.local/lib/python3.12/site-packages/airflow/example_dags/example_trigger_target_dag.py took 0.251 seconds
[2025-08-20T08:41:26.434+0000] {processor.py:186} INFO - Started process (PID=115) to work on /home/airflow/.local/lib/python3.12/site-packages/airflow/example_dags/example_trigger_target_dag.py
[2025-08-20T08:41:26.435+0000] {processor.py:914} INFO - Processing file /home/airflow/.local/lib/python3.12/site-packages/airflow/example_dags/example_trigger_target_dag.py for tasks to queue
[2025-08-20T08:41:26.439+0000] {logging_mixin.py:190} INFO - [2025-08-20T08:41:26.438+0000] {dagbag.py:588} INFO - Filling up the DagBag from /home/airflow/.local/lib/python3.12/site-packages/airflow/example_dags/example_trigger_target_dag.py
[2025-08-20T08:41:26.449+0000] {processor.py:925} INFO - DAG(s) 'example_trigger_target_dag' retrieved from /home/airflow/.local/lib/python3.12/site-packages/airflow/example_dags/example_trigger_target_dag.py
[2025-08-20T08:41:26.474+0000] {logging_mixin.py:190} INFO - [2025-08-20T08:41:26.474+0000] {dag.py:3239} INFO - Sync 1 DAGs
[2025-08-20T08:41:26.495+0000] {logging_mixin.py:190} INFO - [2025-08-20T08:41:26.495+0000] {dag.py:4180} INFO - Setting next_dagrun for example_trigger_target_dag to None, run_after=None
[2025-08-20T08:41:26.809+0000] {processor.py:208} INFO - Processing /home/airflow/.local/lib/python3.12/site-packages/airflow/example_dags/example_trigger_target_dag.py took 0.383 seconds
[2025-08-20T08:41:56.844+0000] {processor.py:186} INFO - Started process (PID=171) to work on /home/airflow/.local/lib/python3.12/site-packages/airflow/example_dags/example_trigger_target_dag.py
[2025-08-20T08:41:56.846+0000] {processor.py:914} INFO - Processing file /home/airflow/.local/lib/python3.12/site-packages/airflow/example_dags/example_trigger_target_dag.py for tasks to queue
[2025-08-20T08:41:56.849+0000] {logging_mixin.py:190} INFO - [2025-08-20T08:41:56.848+0000] {dagbag.py:588} INFO - Filling up the DagBag from /home/airflow/.local/lib/python3.12/site-packages/airflow/example_dags/example_trigger_target_dag.py
[2025-08-20T08:41:56.859+0000] {processor.py:925} INFO - DAG(s) 'example_trigger_target_dag' retrieved from /home/airflow/.local/lib/python3.12/site-packages/airflow/example_dags/example_trigger_target_dag.py
[2025-08-20T08:41:56.883+0000] {logging_mixin.py:190} INFO - [2025-08-20T08:41:56.882+0000] {dag.py:3239} INFO - Sync 1 DAGs
[2025-08-20T08:41:56.904+0000] {logging_mixin.py:190} INFO - [2025-08-20T08:41:56.904+0000] {dag.py:4180} INFO - Setting next_dagrun for example_trigger_target_dag to None, run_after=None
[2025-08-20T08:41:56.924+0000] {processor.py:208} INFO - Processing /home/airflow/.local/lib/python3.12/site-packages/airflow/example_dags/example_trigger_target_dag.py took 0.089 seconds
[2025-08-20T08:42:27.347+0000] {processor.py:186} INFO - Started process (PID=227) to work on /home/airflow/.local/lib/python3.12/site-packages/airflow/example_dags/example_trigger_target_dag.py
[2025-08-20T08:42:27.349+0000] {processor.py:914} INFO - Processing file /home/airflow/.local/lib/python3.12/site-packages/airflow/example_dags/example_trigger_target_dag.py for tasks to queue
[2025-08-20T08:42:27.352+0000] {logging_mixin.py:190} INFO - [2025-08-20T08:42:27.351+0000] {dagbag.py:588} INFO - Filling up the DagBag from /home/airflow/.local/lib/python3.12/site-packages/airflow/example_dags/example_trigger_target_dag.py
[2025-08-20T08:42:27.362+0000] {processor.py:925} INFO - DAG(s) 'example_trigger_target_dag' retrieved from /home/airflow/.local/lib/python3.12/site-packages/airflow/example_dags/example_trigger_target_dag.py
[2025-08-20T08:42:27.386+0000] {logging_mixin.py:190} INFO - [2025-08-20T08:42:27.386+0000] {dag.py:3239} INFO - Sync 1 DAGs
[2025-08-20T08:42:27.405+0000] {logging_mixin.py:190} INFO - [2025-08-20T08:42:27.404+0000] {dag.py:4180} INFO - Setting next_dagrun for example_trigger_target_dag to None, run_after=None
[2025-08-20T08:42:27.425+0000] {processor.py:208} INFO - Processing /home/airflow/.local/lib/python3.12/site-packages/airflow/example_dags/example_trigger_target_dag.py took 0.085 seconds
[2025-08-20T08:42:57.904+0000] {processor.py:186} INFO - Started process (PID=283) to work on /home/airflow/.local/lib/python3.12/site-packages/airflow/example_dags/example_trigger_target_dag.py
[2025-08-20T08:42:57.905+0000] {processor.py:914} INFO - Processing file /home/airflow/.local/lib/python3.12/site-packages/airflow/example_dags/example_trigger_target_dag.py for tasks to queue
[2025-08-20T08:42:57.908+0000] {logging_mixin.py:190} INFO - [2025-08-20T08:42:57.908+0000] {dagbag.py:588} INFO - Filling up the DagBag from /home/airflow/.local/lib/python3.12/site-packages/airflow/example_dags/example_trigger_target_dag.py
[2025-08-20T08:42:57.920+0000] {processor.py:925} INFO - DAG(s) 'example_trigger_target_dag' retrieved from /home/airflow/.local/lib/python3.12/site-packages/airflow/example_dags/example_trigger_target_dag.py
[2025-08-20T08:42:57.946+0000] {logging_mixin.py:190} INFO - [2025-08-20T08:42:57.946+0000] {dag.py:3239} INFO - Sync 1 DAGs
[2025-08-20T08:42:57.969+0000] {logging_mixin.py:190} INFO - [2025-08-20T08:42:57.969+0000] {dag.py:4180} INFO - Setting next_dagrun for example_trigger_target_dag to None, run_after=None
[2025-08-20T08:42:57.990+0000] {processor.py:208} INFO - Processing /home/airflow/.local/lib/python3.12/site-packages/airflow/example_dags/example_trigger_target_dag.py took 0.095 seconds
[2025-08-20T08:43:28.351+0000] {processor.py:186} INFO - Started process (PID=339) to work on /home/airflow/.local/lib/python3.12/site-packages/airflow/example_dags/example_trigger_target_dag.py
[2025-08-20T08:43:28.352+0000] {processor.py:914} INFO - Processing file /home/airflow/.local/lib/python3.12/site-packages/airflow/example_dags/example_trigger_target_dag.py for tasks to queue
[2025-08-20T08:43:28.355+0000] {logging_mixin.py:190} INFO - [2025-08-20T08:43:28.355+0000] {dagbag.py:588} INFO - Filling up the DagBag from /home/airflow/.local/lib/python3.12/site-packages/airflow/example_dags/example_trigger_target_dag.py
[2025-08-20T08:43:28.365+0000] {processor.py:925} INFO - DAG(s) 'example_trigger_target_dag' retrieved from /home/airflow/.local/lib/python3.12/site-packages/airflow/example_dags/example_trigger_target_dag.py
[2025-08-20T08:43:28.391+0000] {logging_mixin.py:190} INFO - [2025-08-20T08:43:28.391+0000] {dag.py:3239} INFO - Sync 1 DAGs
[2025-08-20T08:43:28.410+0000] {logging_mixin.py:190} INFO - [2025-08-20T08:43:28.410+0000] {dag.py:4180} INFO - Setting next_dagrun for example_trigger_target_dag to None, run_after=None
[2025-08-20T08:43:28.431+0000] {processor.py:208} INFO - Processing /home/airflow/.local/lib/python3.12/site-packages/airflow/example_dags/example_trigger_target_dag.py took 0.089 seconds
[2025-08-20T08:43:58.732+0000] {processor.py:186} INFO - Started process (PID=395) to work on /home/airflow/.local/lib/python3.12/site-packages/airflow/example_dags/example_trigger_target_dag.py
[2025-08-20T08:43:58.733+0000] {processor.py:914} INFO - Processing file /home/airflow/.local/lib/python3.12/site-packages/airflow/example_dags/example_trigger_target_dag.py for tasks to queue
[2025-08-20T08:43:58.736+0000] {logging_mixin.py:190} INFO - [2025-08-20T08:43:58.736+0000] {dagbag.py:588} INFO - Filling up the DagBag from /home/airflow/.local/lib/python3.12/site-packages/airflow/example_dags/example_trigger_target_dag.py
[2025-08-20T08:43:58.747+0000] {processor.py:925} INFO - DAG(s) 'example_trigger_target_dag' retrieved from /home/airflow/.local/lib/python3.12/site-packages/airflow/example_dags/example_trigger_target_dag.py
[2025-08-20T08:43:58.773+0000] {logging_mixin.py:190} INFO - [2025-08-20T08:43:58.772+0000] {dag.py:3239} INFO - Sync 1 DAGs
[2025-08-20T08:43:58.793+0000] {logging_mixin.py:190} INFO - [2025-08-20T08:43:58.792+0000] {dag.py:4180} INFO - Setting next_dagrun for example_trigger_target_dag to None, run_after=None
[2025-08-20T08:43:58.820+0000] {processor.py:208} INFO - Processing /home/airflow/.local/lib/python3.12/site-packages/airflow/example_dags/example_trigger_target_dag.py took 0.096 seconds
[2025-08-20T08:44:29.233+0000] {processor.py:186} INFO - Started process (PID=451) to work on /home/airflow/.local/lib/python3.12/site-packages/airflow/example_dags/example_trigger_target_dag.py
[2025-08-20T08:44:29.235+0000] {processor.py:914} INFO - Processing file /home/airflow/.local/lib/python3.12/site-packages/airflow/example_dags/example_trigger_target_dag.py for tasks to queue
[2025-08-20T08:44:29.239+0000] {logging_mixin.py:190} INFO - [2025-08-20T08:44:29.239+0000] {dagbag.py:588} INFO - Filling up the DagBag from /home/airflow/.local/lib/python3.12/site-packages/airflow/example_dags/example_trigger_target_dag.py
[2025-08-20T08:44:29.253+0000] {processor.py:925} INFO - DAG(s) 'example_trigger_target_dag' retrieved from /home/airflow/.local/lib/python3.12/site-packages/airflow/example_dags/example_trigger_target_dag.py
[2025-08-20T08:44:29.281+0000] {logging_mixin.py:190} INFO - [2025-08-20T08:44:29.280+0000] {dag.py:3239} INFO - Sync 1 DAGs
[2025-08-20T08:44:29.301+0000] {logging_mixin.py:190} INFO - [2025-08-20T08:44:29.300+0000] {dag.py:4180} INFO - Setting next_dagrun for example_trigger_target_dag to None, run_after=None
[2025-08-20T08:44:29.322+0000] {processor.py:208} INFO - Processing /home/airflow/.local/lib/python3.12/site-packages/airflow/example_dags/example_trigger_target_dag.py took 0.101 seconds
[2025-08-20T08:44:59.704+0000] {processor.py:186} INFO - Started process (PID=507) to work on /home/airflow/.local/lib/python3.12/site-packages/airflow/example_dags/example_trigger_target_dag.py
[2025-08-20T08:44:59.706+0000] {processor.py:914} INFO - Processing file /home/airflow/.local/lib/python3.12/site-packages/airflow/example_dags/example_trigger_target_dag.py for tasks to queue
[2025-08-20T08:44:59.709+0000] {logging_mixin.py:190} INFO - [2025-08-20T08:44:59.709+0000] {dagbag.py:588} INFO - Filling up the DagBag from /home/airflow/.local/lib/python3.12/site-packages/airflow/example_dags/example_trigger_target_dag.py
[2025-08-20T08:44:59.720+0000] {processor.py:925} INFO - DAG(s) 'example_trigger_target_dag' retrieved from /home/airflow/.local/lib/python3.12/site-packages/airflow/example_dags/example_trigger_target_dag.py
[2025-08-20T08:44:59.744+0000] {logging_mixin.py:190} INFO - [2025-08-20T08:44:59.743+0000] {dag.py:3239} INFO - Sync 1 DAGs
[2025-08-20T08:44:59.764+0000] {logging_mixin.py:190} INFO - [2025-08-20T08:44:59.763+0000] {dag.py:4180} INFO - Setting next_dagrun for example_trigger_target_dag to None, run_after=None
[2025-08-20T08:44:59.785+0000] {processor.py:208} INFO - Processing /home/airflow/.local/lib/python3.12/site-packages/airflow/example_dags/example_trigger_target_dag.py took 0.089 seconds
[2025-08-20T08:46:28.108+0000] {processor.py:186} INFO - Started process (PID=59) to work on /home/airflow/.local/lib/python3.12/site-packages/airflow/example_dags/example_trigger_target_dag.py
[2025-08-20T08:46:28.109+0000] {processor.py:914} INFO - Processing file /home/airflow/.local/lib/python3.12/site-packages/airflow/example_dags/example_trigger_target_dag.py for tasks to queue
[2025-08-20T08:46:28.112+0000] {logging_mixin.py:190} INFO - [2025-08-20T08:46:28.112+0000] {dagbag.py:588} INFO - Filling up the DagBag from /home/airflow/.local/lib/python3.12/site-packages/airflow/example_dags/example_trigger_target_dag.py
[2025-08-20T08:46:28.124+0000] {processor.py:925} INFO - DAG(s) 'example_trigger_target_dag' retrieved from /home/airflow/.local/lib/python3.12/site-packages/airflow/example_dags/example_trigger_target_dag.py
[2025-08-20T08:46:28.159+0000] {logging_mixin.py:190} INFO - [2025-08-20T08:46:28.159+0000] {dag.py:3239} INFO - Sync 1 DAGs
[2025-08-20T08:46:28.288+0000] {logging_mixin.py:190} INFO - [2025-08-20T08:46:28.288+0000] {dag.py:4180} INFO - Setting next_dagrun for example_trigger_target_dag to None, run_after=None
[2025-08-20T08:46:28.355+0000] {processor.py:208} INFO - Processing /home/airflow/.local/lib/python3.12/site-packages/airflow/example_dags/example_trigger_target_dag.py took 0.256 seconds
[2025-08-20T08:46:59.415+0000] {processor.py:186} INFO - Started process (PID=115) to work on /home/airflow/.local/lib/python3.12/site-packages/airflow/example_dags/example_trigger_target_dag.py
[2025-08-20T08:46:59.416+0000] {processor.py:914} INFO - Processing file /home/airflow/.local/lib/python3.12/site-packages/airflow/example_dags/example_trigger_target_dag.py for tasks to queue
[2025-08-20T08:46:59.419+0000] {logging_mixin.py:190} INFO - [2025-08-20T08:46:59.419+0000] {dagbag.py:588} INFO - Filling up the DagBag from /home/airflow/.local/lib/python3.12/site-packages/airflow/example_dags/example_trigger_target_dag.py
[2025-08-20T08:46:59.430+0000] {processor.py:925} INFO - DAG(s) 'example_trigger_target_dag' retrieved from /home/airflow/.local/lib/python3.12/site-packages/airflow/example_dags/example_trigger_target_dag.py
[2025-08-20T08:46:59.456+0000] {logging_mixin.py:190} INFO - [2025-08-20T08:46:59.455+0000] {dag.py:3239} INFO - Sync 1 DAGs
[2025-08-20T08:46:59.475+0000] {logging_mixin.py:190} INFO - [2025-08-20T08:46:59.474+0000] {dag.py:4180} INFO - Setting next_dagrun for example_trigger_target_dag to None, run_after=None
[2025-08-20T08:46:59.793+0000] {processor.py:208} INFO - Processing /home/airflow/.local/lib/python3.12/site-packages/airflow/example_dags/example_trigger_target_dag.py took 0.386 seconds
[2025-08-20T08:47:30.521+0000] {processor.py:186} INFO - Started process (PID=171) to work on /home/airflow/.local/lib/python3.12/site-packages/airflow/example_dags/example_trigger_target_dag.py
[2025-08-20T08:47:30.523+0000] {processor.py:914} INFO - Processing file /home/airflow/.local/lib/python3.12/site-packages/airflow/example_dags/example_trigger_target_dag.py for tasks to queue
[2025-08-20T08:47:30.526+0000] {logging_mixin.py:190} INFO - [2025-08-20T08:47:30.525+0000] {dagbag.py:588} INFO - Filling up the DagBag from /home/airflow/.local/lib/python3.12/site-packages/airflow/example_dags/example_trigger_target_dag.py
[2025-08-20T08:47:30.537+0000] {processor.py:925} INFO - DAG(s) 'example_trigger_target_dag' retrieved from /home/airflow/.local/lib/python3.12/site-packages/airflow/example_dags/example_trigger_target_dag.py
[2025-08-20T08:47:30.562+0000] {logging_mixin.py:190} INFO - [2025-08-20T08:47:30.562+0000] {dag.py:3239} INFO - Sync 1 DAGs
[2025-08-20T08:47:30.581+0000] {logging_mixin.py:190} INFO - [2025-08-20T08:47:30.580+0000] {dag.py:4180} INFO - Setting next_dagrun for example_trigger_target_dag to None, run_after=None
[2025-08-20T08:47:30.775+0000] {processor.py:208} INFO - Processing /home/airflow/.local/lib/python3.12/site-packages/airflow/example_dags/example_trigger_target_dag.py took 0.262 seconds
[2025-08-20T08:48:01.137+0000] {processor.py:186} INFO - Started process (PID=227) to work on /home/airflow/.local/lib/python3.12/site-packages/airflow/example_dags/example_trigger_target_dag.py
[2025-08-20T08:48:01.139+0000] {processor.py:914} INFO - Processing file /home/airflow/.local/lib/python3.12/site-packages/airflow/example_dags/example_trigger_target_dag.py for tasks to queue
[2025-08-20T08:48:01.142+0000] {logging_mixin.py:190} INFO - [2025-08-20T08:48:01.142+0000] {dagbag.py:588} INFO - Filling up the DagBag from /home/airflow/.local/lib/python3.12/site-packages/airflow/example_dags/example_trigger_target_dag.py
[2025-08-20T08:48:01.153+0000] {processor.py:925} INFO - DAG(s) 'example_trigger_target_dag' retrieved from /home/airflow/.local/lib/python3.12/site-packages/airflow/example_dags/example_trigger_target_dag.py
[2025-08-20T08:48:01.180+0000] {logging_mixin.py:190} INFO - [2025-08-20T08:48:01.179+0000] {dag.py:3239} INFO - Sync 1 DAGs
[2025-08-20T08:48:01.199+0000] {logging_mixin.py:190} INFO - [2025-08-20T08:48:01.199+0000] {dag.py:4180} INFO - Setting next_dagrun for example_trigger_target_dag to None, run_after=None
[2025-08-20T08:48:01.223+0000] {processor.py:208} INFO - Processing /home/airflow/.local/lib/python3.12/site-packages/airflow/example_dags/example_trigger_target_dag.py took 0.094 seconds
