[2025-08-20T08:25:58.331+0000] {processor.py:186} INFO - Started process (PID=68) to work on /home/airflow/.local/lib/python3.12/site-packages/airflow/example_dags/example_task_group_decorator.py
[2025-08-20T08:25:58.332+0000] {processor.py:914} INFO - Processing file /home/airflow/.local/lib/python3.12/site-packages/airflow/example_dags/example_task_group_decorator.py for tasks to queue
[2025-08-20T08:25:58.336+0000] {logging_mixin.py:190} INFO - [2025-08-20T08:25:58.336+0000] {dagbag.py:588} INFO - Filling up the DagBag from /home/airflow/.local/lib/python3.12/site-packages/airflow/example_dags/example_task_group_decorator.py
[2025-08-20T08:25:58.358+0000] {processor.py:925} INFO - DAG(s) 'example_task_group_decorator' retrieved from /home/airflow/.local/lib/python3.12/site-packages/airflow/example_dags/example_task_group_decorator.py
[2025-08-20T08:25:58.392+0000] {logging_mixin.py:190} INFO - [2025-08-20T08:25:58.391+0000] {dag.py:3239} INFO - Sync 1 DAGs
[2025-08-20T08:25:58.410+0000] {logging_mixin.py:190} INFO - [2025-08-20T08:25:58.410+0000] {dag.py:4180} INFO - Setting next_dagrun for example_task_group_decorator to None, run_after=None
[2025-08-20T08:25:58.712+0000] {processor.py:208} INFO - Processing /home/airflow/.local/lib/python3.12/site-packages/airflow/example_dags/example_task_group_decorator.py took 0.389 seconds
[2025-08-20T08:26:29.874+0000] {processor.py:186} INFO - Started process (PID=124) to work on /home/airflow/.local/lib/python3.12/site-packages/airflow/example_dags/example_task_group_decorator.py
[2025-08-20T08:26:29.875+0000] {processor.py:914} INFO - Processing file /home/airflow/.local/lib/python3.12/site-packages/airflow/example_dags/example_task_group_decorator.py for tasks to queue
[2025-08-20T08:26:29.879+0000] {logging_mixin.py:190} INFO - [2025-08-20T08:26:29.879+0000] {dagbag.py:588} INFO - Filling up the DagBag from /home/airflow/.local/lib/python3.12/site-packages/airflow/example_dags/example_task_group_decorator.py
[2025-08-20T08:26:29.904+0000] {processor.py:925} INFO - DAG(s) 'example_task_group_decorator' retrieved from /home/airflow/.local/lib/python3.12/site-packages/airflow/example_dags/example_task_group_decorator.py
[2025-08-20T08:26:29.938+0000] {logging_mixin.py:190} INFO - [2025-08-20T08:26:29.938+0000] {dag.py:3239} INFO - Sync 1 DAGs
[2025-08-20T08:26:29.958+0000] {logging_mixin.py:190} INFO - [2025-08-20T08:26:29.957+0000] {dag.py:4180} INFO - Setting next_dagrun for example_task_group_decorator to None, run_after=None
[2025-08-20T08:26:30.197+0000] {processor.py:208} INFO - Processing /home/airflow/.local/lib/python3.12/site-packages/airflow/example_dags/example_task_group_decorator.py took 0.332 seconds
[2025-08-20T08:27:00.672+0000] {processor.py:186} INFO - Started process (PID=180) to work on /home/airflow/.local/lib/python3.12/site-packages/airflow/example_dags/example_task_group_decorator.py
[2025-08-20T08:27:00.674+0000] {processor.py:914} INFO - Processing file /home/airflow/.local/lib/python3.12/site-packages/airflow/example_dags/example_task_group_decorator.py for tasks to queue
[2025-08-20T08:27:00.677+0000] {logging_mixin.py:190} INFO - [2025-08-20T08:27:00.677+0000] {dagbag.py:588} INFO - Filling up the DagBag from /home/airflow/.local/lib/python3.12/site-packages/airflow/example_dags/example_task_group_decorator.py
[2025-08-20T08:27:00.700+0000] {processor.py:925} INFO - DAG(s) 'example_task_group_decorator' retrieved from /home/airflow/.local/lib/python3.12/site-packages/airflow/example_dags/example_task_group_decorator.py
[2025-08-20T08:27:00.732+0000] {logging_mixin.py:190} INFO - [2025-08-20T08:27:00.731+0000] {dag.py:3239} INFO - Sync 1 DAGs
[2025-08-20T08:27:00.885+0000] {logging_mixin.py:190} INFO - [2025-08-20T08:27:00.885+0000] {dag.py:4180} INFO - Setting next_dagrun for example_task_group_decorator to None, run_after=None
[2025-08-20T08:27:01.035+0000] {processor.py:208} INFO - Processing /home/airflow/.local/lib/python3.12/site-packages/airflow/example_dags/example_task_group_decorator.py took 0.372 seconds
[2025-08-20T08:27:31.397+0000] {processor.py:186} INFO - Started process (PID=236) to work on /home/airflow/.local/lib/python3.12/site-packages/airflow/example_dags/example_task_group_decorator.py
[2025-08-20T08:27:31.399+0000] {processor.py:914} INFO - Processing file /home/airflow/.local/lib/python3.12/site-packages/airflow/example_dags/example_task_group_decorator.py for tasks to queue
[2025-08-20T08:27:31.402+0000] {logging_mixin.py:190} INFO - [2025-08-20T08:27:31.402+0000] {dagbag.py:588} INFO - Filling up the DagBag from /home/airflow/.local/lib/python3.12/site-packages/airflow/example_dags/example_task_group_decorator.py
[2025-08-20T08:27:31.424+0000] {processor.py:925} INFO - DAG(s) 'example_task_group_decorator' retrieved from /home/airflow/.local/lib/python3.12/site-packages/airflow/example_dags/example_task_group_decorator.py
[2025-08-20T08:27:31.460+0000] {logging_mixin.py:190} INFO - [2025-08-20T08:27:31.460+0000] {dag.py:3239} INFO - Sync 1 DAGs
[2025-08-20T08:27:31.480+0000] {logging_mixin.py:190} INFO - [2025-08-20T08:27:31.480+0000] {dag.py:4180} INFO - Setting next_dagrun for example_task_group_decorator to None, run_after=None
[2025-08-20T08:27:31.501+0000] {processor.py:208} INFO - Processing /home/airflow/.local/lib/python3.12/site-packages/airflow/example_dags/example_task_group_decorator.py took 0.113 seconds
[2025-08-20T08:28:01.794+0000] {processor.py:186} INFO - Started process (PID=292) to work on /home/airflow/.local/lib/python3.12/site-packages/airflow/example_dags/example_task_group_decorator.py
[2025-08-20T08:28:01.796+0000] {processor.py:914} INFO - Processing file /home/airflow/.local/lib/python3.12/site-packages/airflow/example_dags/example_task_group_decorator.py for tasks to queue
[2025-08-20T08:28:01.800+0000] {logging_mixin.py:190} INFO - [2025-08-20T08:28:01.800+0000] {dagbag.py:588} INFO - Filling up the DagBag from /home/airflow/.local/lib/python3.12/site-packages/airflow/example_dags/example_task_group_decorator.py
[2025-08-20T08:28:01.821+0000] {processor.py:925} INFO - DAG(s) 'example_task_group_decorator' retrieved from /home/airflow/.local/lib/python3.12/site-packages/airflow/example_dags/example_task_group_decorator.py
[2025-08-20T08:28:01.856+0000] {logging_mixin.py:190} INFO - [2025-08-20T08:28:01.855+0000] {dag.py:3239} INFO - Sync 1 DAGs
[2025-08-20T08:28:01.877+0000] {logging_mixin.py:190} INFO - [2025-08-20T08:28:01.876+0000] {dag.py:4180} INFO - Setting next_dagrun for example_task_group_decorator to None, run_after=None
[2025-08-20T08:28:01.902+0000] {processor.py:208} INFO - Processing /home/airflow/.local/lib/python3.12/site-packages/airflow/example_dags/example_task_group_decorator.py took 0.117 seconds
[2025-08-20T08:28:32.265+0000] {processor.py:186} INFO - Started process (PID=348) to work on /home/airflow/.local/lib/python3.12/site-packages/airflow/example_dags/example_task_group_decorator.py
[2025-08-20T08:28:32.266+0000] {processor.py:914} INFO - Processing file /home/airflow/.local/lib/python3.12/site-packages/airflow/example_dags/example_task_group_decorator.py for tasks to queue
[2025-08-20T08:28:32.270+0000] {logging_mixin.py:190} INFO - [2025-08-20T08:28:32.270+0000] {dagbag.py:588} INFO - Filling up the DagBag from /home/airflow/.local/lib/python3.12/site-packages/airflow/example_dags/example_task_group_decorator.py
[2025-08-20T08:28:32.291+0000] {processor.py:925} INFO - DAG(s) 'example_task_group_decorator' retrieved from /home/airflow/.local/lib/python3.12/site-packages/airflow/example_dags/example_task_group_decorator.py
[2025-08-20T08:28:32.324+0000] {logging_mixin.py:190} INFO - [2025-08-20T08:28:32.324+0000] {dag.py:3239} INFO - Sync 1 DAGs
[2025-08-20T08:28:32.343+0000] {logging_mixin.py:190} INFO - [2025-08-20T08:28:32.343+0000] {dag.py:4180} INFO - Setting next_dagrun for example_task_group_decorator to None, run_after=None
[2025-08-20T08:28:32.364+0000] {processor.py:208} INFO - Processing /home/airflow/.local/lib/python3.12/site-packages/airflow/example_dags/example_task_group_decorator.py took 0.109 seconds
[2025-08-20T08:29:02.707+0000] {processor.py:186} INFO - Started process (PID=404) to work on /home/airflow/.local/lib/python3.12/site-packages/airflow/example_dags/example_task_group_decorator.py
[2025-08-20T08:29:02.708+0000] {processor.py:914} INFO - Processing file /home/airflow/.local/lib/python3.12/site-packages/airflow/example_dags/example_task_group_decorator.py for tasks to queue
[2025-08-20T08:29:02.712+0000] {logging_mixin.py:190} INFO - [2025-08-20T08:29:02.712+0000] {dagbag.py:588} INFO - Filling up the DagBag from /home/airflow/.local/lib/python3.12/site-packages/airflow/example_dags/example_task_group_decorator.py
[2025-08-20T08:29:02.735+0000] {processor.py:925} INFO - DAG(s) 'example_task_group_decorator' retrieved from /home/airflow/.local/lib/python3.12/site-packages/airflow/example_dags/example_task_group_decorator.py
[2025-08-20T08:29:02.772+0000] {logging_mixin.py:190} INFO - [2025-08-20T08:29:02.772+0000] {dag.py:3239} INFO - Sync 1 DAGs
[2025-08-20T08:29:02.792+0000] {logging_mixin.py:190} INFO - [2025-08-20T08:29:02.792+0000] {dag.py:4180} INFO - Setting next_dagrun for example_task_group_decorator to None, run_after=None
[2025-08-20T08:29:02.815+0000] {processor.py:208} INFO - Processing /home/airflow/.local/lib/python3.12/site-packages/airflow/example_dags/example_task_group_decorator.py took 0.116 seconds
[2025-08-20T08:30:27.507+0000] {processor.py:186} INFO - Started process (PID=66) to work on /home/airflow/.local/lib/python3.12/site-packages/airflow/example_dags/example_task_group_decorator.py
[2025-08-20T08:30:27.510+0000] {processor.py:914} INFO - Processing file /home/airflow/.local/lib/python3.12/site-packages/airflow/example_dags/example_task_group_decorator.py for tasks to queue
[2025-08-20T08:30:27.515+0000] {logging_mixin.py:190} INFO - [2025-08-20T08:30:27.515+0000] {dagbag.py:588} INFO - Filling up the DagBag from /home/airflow/.local/lib/python3.12/site-packages/airflow/example_dags/example_task_group_decorator.py
[2025-08-20T08:30:27.543+0000] {processor.py:925} INFO - DAG(s) 'example_task_group_decorator' retrieved from /home/airflow/.local/lib/python3.12/site-packages/airflow/example_dags/example_task_group_decorator.py
[2025-08-20T08:30:27.584+0000] {logging_mixin.py:190} INFO - [2025-08-20T08:30:27.583+0000] {dag.py:3239} INFO - Sync 1 DAGs
[2025-08-20T08:30:27.603+0000] {logging_mixin.py:190} INFO - [2025-08-20T08:30:27.603+0000] {dag.py:4180} INFO - Setting next_dagrun for example_task_group_decorator to None, run_after=None
[2025-08-20T08:30:27.955+0000] {processor.py:208} INFO - Processing /home/airflow/.local/lib/python3.12/site-packages/airflow/example_dags/example_task_group_decorator.py took 0.458 seconds
[2025-08-20T08:30:59.901+0000] {processor.py:186} INFO - Started process (PID=122) to work on /home/airflow/.local/lib/python3.12/site-packages/airflow/example_dags/example_task_group_decorator.py
[2025-08-20T08:30:59.902+0000] {processor.py:914} INFO - Processing file /home/airflow/.local/lib/python3.12/site-packages/airflow/example_dags/example_task_group_decorator.py for tasks to queue
[2025-08-20T08:30:59.906+0000] {logging_mixin.py:190} INFO - [2025-08-20T08:30:59.905+0000] {dagbag.py:588} INFO - Filling up the DagBag from /home/airflow/.local/lib/python3.12/site-packages/airflow/example_dags/example_task_group_decorator.py
[2025-08-20T08:30:59.927+0000] {processor.py:925} INFO - DAG(s) 'example_task_group_decorator' retrieved from /home/airflow/.local/lib/python3.12/site-packages/airflow/example_dags/example_task_group_decorator.py
[2025-08-20T08:30:59.960+0000] {logging_mixin.py:190} INFO - [2025-08-20T08:30:59.959+0000] {dag.py:3239} INFO - Sync 1 DAGs
[2025-08-20T08:30:59.979+0000] {logging_mixin.py:190} INFO - [2025-08-20T08:30:59.978+0000] {dag.py:4180} INFO - Setting next_dagrun for example_task_group_decorator to None, run_after=None
[2025-08-20T08:31:00.271+0000] {processor.py:208} INFO - Processing /home/airflow/.local/lib/python3.12/site-packages/airflow/example_dags/example_task_group_decorator.py took 0.379 seconds
[2025-08-20T08:31:30.556+0000] {processor.py:186} INFO - Started process (PID=178) to work on /home/airflow/.local/lib/python3.12/site-packages/airflow/example_dags/example_task_group_decorator.py
[2025-08-20T08:31:30.558+0000] {processor.py:914} INFO - Processing file /home/airflow/.local/lib/python3.12/site-packages/airflow/example_dags/example_task_group_decorator.py for tasks to queue
[2025-08-20T08:31:30.562+0000] {logging_mixin.py:190} INFO - [2025-08-20T08:31:30.561+0000] {dagbag.py:588} INFO - Filling up the DagBag from /home/airflow/.local/lib/python3.12/site-packages/airflow/example_dags/example_task_group_decorator.py
[2025-08-20T08:31:30.584+0000] {processor.py:925} INFO - DAG(s) 'example_task_group_decorator' retrieved from /home/airflow/.local/lib/python3.12/site-packages/airflow/example_dags/example_task_group_decorator.py
[2025-08-20T08:31:30.619+0000] {logging_mixin.py:190} INFO - [2025-08-20T08:31:30.619+0000] {dag.py:3239} INFO - Sync 1 DAGs
[2025-08-20T08:31:30.639+0000] {logging_mixin.py:190} INFO - [2025-08-20T08:31:30.639+0000] {dag.py:4180} INFO - Setting next_dagrun for example_task_group_decorator to None, run_after=None
[2025-08-20T08:31:30.662+0000] {processor.py:208} INFO - Processing /home/airflow/.local/lib/python3.12/site-packages/airflow/example_dags/example_task_group_decorator.py took 0.114 seconds
[2025-08-20T08:32:20.212+0000] {processor.py:186} INFO - Started process (PID=67) to work on /home/airflow/.local/lib/python3.12/site-packages/airflow/example_dags/example_task_group_decorator.py
[2025-08-20T08:32:20.213+0000] {processor.py:914} INFO - Processing file /home/airflow/.local/lib/python3.12/site-packages/airflow/example_dags/example_task_group_decorator.py for tasks to queue
[2025-08-20T08:32:20.216+0000] {logging_mixin.py:190} INFO - [2025-08-20T08:32:20.216+0000] {dagbag.py:588} INFO - Filling up the DagBag from /home/airflow/.local/lib/python3.12/site-packages/airflow/example_dags/example_task_group_decorator.py
[2025-08-20T08:32:20.237+0000] {processor.py:925} INFO - DAG(s) 'example_task_group_decorator' retrieved from /home/airflow/.local/lib/python3.12/site-packages/airflow/example_dags/example_task_group_decorator.py
[2025-08-20T08:32:20.270+0000] {logging_mixin.py:190} INFO - [2025-08-20T08:32:20.270+0000] {dag.py:3239} INFO - Sync 1 DAGs
[2025-08-20T08:32:20.290+0000] {logging_mixin.py:190} INFO - [2025-08-20T08:32:20.289+0000] {dag.py:4180} INFO - Setting next_dagrun for example_task_group_decorator to None, run_after=None
[2025-08-20T08:32:20.318+0000] {processor.py:208} INFO - Processing /home/airflow/.local/lib/python3.12/site-packages/airflow/example_dags/example_task_group_decorator.py took 0.116 seconds
[2025-08-20T08:32:51.438+0000] {processor.py:186} INFO - Started process (PID=123) to work on /home/airflow/.local/lib/python3.12/site-packages/airflow/example_dags/example_task_group_decorator.py
[2025-08-20T08:32:51.439+0000] {processor.py:914} INFO - Processing file /home/airflow/.local/lib/python3.12/site-packages/airflow/example_dags/example_task_group_decorator.py for tasks to queue
[2025-08-20T08:32:51.442+0000] {logging_mixin.py:190} INFO - [2025-08-20T08:32:51.442+0000] {dagbag.py:588} INFO - Filling up the DagBag from /home/airflow/.local/lib/python3.12/site-packages/airflow/example_dags/example_task_group_decorator.py
[2025-08-20T08:32:51.462+0000] {processor.py:925} INFO - DAG(s) 'example_task_group_decorator' retrieved from /home/airflow/.local/lib/python3.12/site-packages/airflow/example_dags/example_task_group_decorator.py
[2025-08-20T08:32:51.495+0000] {logging_mixin.py:190} INFO - [2025-08-20T08:32:51.495+0000] {dag.py:3239} INFO - Sync 1 DAGs
[2025-08-20T08:32:51.518+0000] {logging_mixin.py:190} INFO - [2025-08-20T08:32:51.518+0000] {dag.py:4180} INFO - Setting next_dagrun for example_task_group_decorator to None, run_after=None
[2025-08-20T08:32:51.542+0000] {processor.py:208} INFO - Processing /home/airflow/.local/lib/python3.12/site-packages/airflow/example_dags/example_task_group_decorator.py took 0.113 seconds
[2025-08-20T08:33:21.650+0000] {processor.py:186} INFO - Started process (PID=179) to work on /home/airflow/.local/lib/python3.12/site-packages/airflow/example_dags/example_task_group_decorator.py
[2025-08-20T08:33:21.652+0000] {processor.py:914} INFO - Processing file /home/airflow/.local/lib/python3.12/site-packages/airflow/example_dags/example_task_group_decorator.py for tasks to queue
[2025-08-20T08:33:21.655+0000] {logging_mixin.py:190} INFO - [2025-08-20T08:33:21.655+0000] {dagbag.py:588} INFO - Filling up the DagBag from /home/airflow/.local/lib/python3.12/site-packages/airflow/example_dags/example_task_group_decorator.py
[2025-08-20T08:33:21.675+0000] {processor.py:925} INFO - DAG(s) 'example_task_group_decorator' retrieved from /home/airflow/.local/lib/python3.12/site-packages/airflow/example_dags/example_task_group_decorator.py
[2025-08-20T08:33:21.707+0000] {logging_mixin.py:190} INFO - [2025-08-20T08:33:21.706+0000] {dag.py:3239} INFO - Sync 1 DAGs
[2025-08-20T08:33:21.726+0000] {logging_mixin.py:190} INFO - [2025-08-20T08:33:21.725+0000] {dag.py:4180} INFO - Setting next_dagrun for example_task_group_decorator to None, run_after=None
[2025-08-20T08:33:21.748+0000] {processor.py:208} INFO - Processing /home/airflow/.local/lib/python3.12/site-packages/airflow/example_dags/example_task_group_decorator.py took 0.106 seconds
[2025-08-20T08:33:52.109+0000] {processor.py:186} INFO - Started process (PID=235) to work on /home/airflow/.local/lib/python3.12/site-packages/airflow/example_dags/example_task_group_decorator.py
[2025-08-20T08:33:52.111+0000] {processor.py:914} INFO - Processing file /home/airflow/.local/lib/python3.12/site-packages/airflow/example_dags/example_task_group_decorator.py for tasks to queue
[2025-08-20T08:33:52.114+0000] {logging_mixin.py:190} INFO - [2025-08-20T08:33:52.114+0000] {dagbag.py:588} INFO - Filling up the DagBag from /home/airflow/.local/lib/python3.12/site-packages/airflow/example_dags/example_task_group_decorator.py
[2025-08-20T08:33:52.135+0000] {processor.py:925} INFO - DAG(s) 'example_task_group_decorator' retrieved from /home/airflow/.local/lib/python3.12/site-packages/airflow/example_dags/example_task_group_decorator.py
[2025-08-20T08:33:52.172+0000] {logging_mixin.py:190} INFO - [2025-08-20T08:33:52.172+0000] {dag.py:3239} INFO - Sync 1 DAGs
[2025-08-20T08:33:52.191+0000] {logging_mixin.py:190} INFO - [2025-08-20T08:33:52.190+0000] {dag.py:4180} INFO - Setting next_dagrun for example_task_group_decorator to None, run_after=None
[2025-08-20T08:33:52.212+0000] {processor.py:208} INFO - Processing /home/airflow/.local/lib/python3.12/site-packages/airflow/example_dags/example_task_group_decorator.py took 0.110 seconds
[2025-08-20T08:34:22.587+0000] {processor.py:186} INFO - Started process (PID=291) to work on /home/airflow/.local/lib/python3.12/site-packages/airflow/example_dags/example_task_group_decorator.py
[2025-08-20T08:34:22.588+0000] {processor.py:914} INFO - Processing file /home/airflow/.local/lib/python3.12/site-packages/airflow/example_dags/example_task_group_decorator.py for tasks to queue
[2025-08-20T08:34:22.591+0000] {logging_mixin.py:190} INFO - [2025-08-20T08:34:22.591+0000] {dagbag.py:588} INFO - Filling up the DagBag from /home/airflow/.local/lib/python3.12/site-packages/airflow/example_dags/example_task_group_decorator.py
[2025-08-20T08:34:22.610+0000] {processor.py:925} INFO - DAG(s) 'example_task_group_decorator' retrieved from /home/airflow/.local/lib/python3.12/site-packages/airflow/example_dags/example_task_group_decorator.py
[2025-08-20T08:34:22.642+0000] {logging_mixin.py:190} INFO - [2025-08-20T08:34:22.641+0000] {dag.py:3239} INFO - Sync 1 DAGs
[2025-08-20T08:34:22.661+0000] {logging_mixin.py:190} INFO - [2025-08-20T08:34:22.661+0000] {dag.py:4180} INFO - Setting next_dagrun for example_task_group_decorator to None, run_after=None
[2025-08-20T08:34:22.681+0000] {processor.py:208} INFO - Processing /home/airflow/.local/lib/python3.12/site-packages/airflow/example_dags/example_task_group_decorator.py took 0.103 seconds
[2025-08-20T08:34:53.520+0000] {processor.py:186} INFO - Started process (PID=347) to work on /home/airflow/.local/lib/python3.12/site-packages/airflow/example_dags/example_task_group_decorator.py
[2025-08-20T08:34:53.522+0000] {processor.py:914} INFO - Processing file /home/airflow/.local/lib/python3.12/site-packages/airflow/example_dags/example_task_group_decorator.py for tasks to queue
[2025-08-20T08:34:53.525+0000] {logging_mixin.py:190} INFO - [2025-08-20T08:34:53.525+0000] {dagbag.py:588} INFO - Filling up the DagBag from /home/airflow/.local/lib/python3.12/site-packages/airflow/example_dags/example_task_group_decorator.py
[2025-08-20T08:34:53.546+0000] {processor.py:925} INFO - DAG(s) 'example_task_group_decorator' retrieved from /home/airflow/.local/lib/python3.12/site-packages/airflow/example_dags/example_task_group_decorator.py
[2025-08-20T08:34:53.580+0000] {logging_mixin.py:190} INFO - [2025-08-20T08:34:53.579+0000] {dag.py:3239} INFO - Sync 1 DAGs
[2025-08-20T08:34:53.599+0000] {logging_mixin.py:190} INFO - [2025-08-20T08:34:53.599+0000] {dag.py:4180} INFO - Setting next_dagrun for example_task_group_decorator to None, run_after=None
[2025-08-20T08:34:53.620+0000] {processor.py:208} INFO - Processing /home/airflow/.local/lib/python3.12/site-packages/airflow/example_dags/example_task_group_decorator.py took 0.111 seconds
[2025-08-20T08:35:24.235+0000] {processor.py:186} INFO - Started process (PID=403) to work on /home/airflow/.local/lib/python3.12/site-packages/airflow/example_dags/example_task_group_decorator.py
[2025-08-20T08:35:24.237+0000] {processor.py:914} INFO - Processing file /home/airflow/.local/lib/python3.12/site-packages/airflow/example_dags/example_task_group_decorator.py for tasks to queue
[2025-08-20T08:35:24.240+0000] {logging_mixin.py:190} INFO - [2025-08-20T08:35:24.240+0000] {dagbag.py:588} INFO - Filling up the DagBag from /home/airflow/.local/lib/python3.12/site-packages/airflow/example_dags/example_task_group_decorator.py
[2025-08-20T08:35:24.260+0000] {processor.py:925} INFO - DAG(s) 'example_task_group_decorator' retrieved from /home/airflow/.local/lib/python3.12/site-packages/airflow/example_dags/example_task_group_decorator.py
[2025-08-20T08:35:24.295+0000] {logging_mixin.py:190} INFO - [2025-08-20T08:35:24.295+0000] {dag.py:3239} INFO - Sync 1 DAGs
[2025-08-20T08:35:24.315+0000] {logging_mixin.py:190} INFO - [2025-08-20T08:35:24.315+0000] {dag.py:4180} INFO - Setting next_dagrun for example_task_group_decorator to None, run_after=None
[2025-08-20T08:35:24.340+0000] {processor.py:208} INFO - Processing /home/airflow/.local/lib/python3.12/site-packages/airflow/example_dags/example_task_group_decorator.py took 0.113 seconds
[2025-08-20T08:36:42.813+0000] {processor.py:186} INFO - Started process (PID=67) to work on /home/airflow/.local/lib/python3.12/site-packages/airflow/example_dags/example_task_group_decorator.py
[2025-08-20T08:36:42.815+0000] {processor.py:914} INFO - Processing file /home/airflow/.local/lib/python3.12/site-packages/airflow/example_dags/example_task_group_decorator.py for tasks to queue
[2025-08-20T08:36:42.819+0000] {logging_mixin.py:190} INFO - [2025-08-20T08:36:42.819+0000] {dagbag.py:588} INFO - Filling up the DagBag from /home/airflow/.local/lib/python3.12/site-packages/airflow/example_dags/example_task_group_decorator.py
[2025-08-20T08:36:42.851+0000] {processor.py:925} INFO - DAG(s) 'example_task_group_decorator' retrieved from /home/airflow/.local/lib/python3.12/site-packages/airflow/example_dags/example_task_group_decorator.py
[2025-08-20T08:36:42.889+0000] {logging_mixin.py:190} INFO - [2025-08-20T08:36:42.889+0000] {dag.py:3239} INFO - Sync 1 DAGs
[2025-08-20T08:36:42.909+0000] {logging_mixin.py:190} INFO - [2025-08-20T08:36:42.909+0000] {dag.py:4180} INFO - Setting next_dagrun for example_task_group_decorator to None, run_after=None
[2025-08-20T08:36:43.286+0000] {processor.py:208} INFO - Processing /home/airflow/.local/lib/python3.12/site-packages/airflow/example_dags/example_task_group_decorator.py took 0.481 seconds
[2025-08-20T08:37:14.388+0000] {processor.py:186} INFO - Started process (PID=123) to work on /home/airflow/.local/lib/python3.12/site-packages/airflow/example_dags/example_task_group_decorator.py
[2025-08-20T08:37:14.389+0000] {processor.py:914} INFO - Processing file /home/airflow/.local/lib/python3.12/site-packages/airflow/example_dags/example_task_group_decorator.py for tasks to queue
[2025-08-20T08:37:14.393+0000] {logging_mixin.py:190} INFO - [2025-08-20T08:37:14.392+0000] {dagbag.py:588} INFO - Filling up the DagBag from /home/airflow/.local/lib/python3.12/site-packages/airflow/example_dags/example_task_group_decorator.py
[2025-08-20T08:37:14.413+0000] {processor.py:925} INFO - DAG(s) 'example_task_group_decorator' retrieved from /home/airflow/.local/lib/python3.12/site-packages/airflow/example_dags/example_task_group_decorator.py
[2025-08-20T08:37:14.447+0000] {logging_mixin.py:190} INFO - [2025-08-20T08:37:14.447+0000] {dag.py:3239} INFO - Sync 1 DAGs
[2025-08-20T08:37:14.467+0000] {logging_mixin.py:190} INFO - [2025-08-20T08:37:14.466+0000] {dag.py:4180} INFO - Setting next_dagrun for example_task_group_decorator to None, run_after=None
[2025-08-20T08:37:14.678+0000] {processor.py:208} INFO - Processing /home/airflow/.local/lib/python3.12/site-packages/airflow/example_dags/example_task_group_decorator.py took 0.298 seconds
[2025-08-20T08:37:44.852+0000] {processor.py:186} INFO - Started process (PID=179) to work on /home/airflow/.local/lib/python3.12/site-packages/airflow/example_dags/example_task_group_decorator.py
[2025-08-20T08:37:44.854+0000] {processor.py:914} INFO - Processing file /home/airflow/.local/lib/python3.12/site-packages/airflow/example_dags/example_task_group_decorator.py for tasks to queue
[2025-08-20T08:37:44.857+0000] {logging_mixin.py:190} INFO - [2025-08-20T08:37:44.857+0000] {dagbag.py:588} INFO - Filling up the DagBag from /home/airflow/.local/lib/python3.12/site-packages/airflow/example_dags/example_task_group_decorator.py
[2025-08-20T08:37:44.878+0000] {processor.py:925} INFO - DAG(s) 'example_task_group_decorator' retrieved from /home/airflow/.local/lib/python3.12/site-packages/airflow/example_dags/example_task_group_decorator.py
[2025-08-20T08:37:44.912+0000] {logging_mixin.py:190} INFO - [2025-08-20T08:37:44.911+0000] {dag.py:3239} INFO - Sync 1 DAGs
[2025-08-20T08:37:44.933+0000] {logging_mixin.py:190} INFO - [2025-08-20T08:37:44.933+0000] {dag.py:4180} INFO - Setting next_dagrun for example_task_group_decorator to None, run_after=None
[2025-08-20T08:37:45.034+0000] {processor.py:208} INFO - Processing /home/airflow/.local/lib/python3.12/site-packages/airflow/example_dags/example_task_group_decorator.py took 0.190 seconds
[2025-08-20T08:38:15.683+0000] {processor.py:186} INFO - Started process (PID=235) to work on /home/airflow/.local/lib/python3.12/site-packages/airflow/example_dags/example_task_group_decorator.py
[2025-08-20T08:38:15.684+0000] {processor.py:914} INFO - Processing file /home/airflow/.local/lib/python3.12/site-packages/airflow/example_dags/example_task_group_decorator.py for tasks to queue
[2025-08-20T08:38:15.687+0000] {logging_mixin.py:190} INFO - [2025-08-20T08:38:15.687+0000] {dagbag.py:588} INFO - Filling up the DagBag from /home/airflow/.local/lib/python3.12/site-packages/airflow/example_dags/example_task_group_decorator.py
[2025-08-20T08:38:15.709+0000] {processor.py:925} INFO - DAG(s) 'example_task_group_decorator' retrieved from /home/airflow/.local/lib/python3.12/site-packages/airflow/example_dags/example_task_group_decorator.py
[2025-08-20T08:38:15.741+0000] {logging_mixin.py:190} INFO - [2025-08-20T08:38:15.741+0000] {dag.py:3239} INFO - Sync 1 DAGs
[2025-08-20T08:38:15.761+0000] {logging_mixin.py:190} INFO - [2025-08-20T08:38:15.760+0000] {dag.py:4180} INFO - Setting next_dagrun for example_task_group_decorator to None, run_after=None
[2025-08-20T08:38:15.785+0000] {processor.py:208} INFO - Processing /home/airflow/.local/lib/python3.12/site-packages/airflow/example_dags/example_task_group_decorator.py took 0.111 seconds
[2025-08-20T08:38:46.264+0000] {processor.py:186} INFO - Started process (PID=291) to work on /home/airflow/.local/lib/python3.12/site-packages/airflow/example_dags/example_task_group_decorator.py
[2025-08-20T08:38:46.265+0000] {processor.py:914} INFO - Processing file /home/airflow/.local/lib/python3.12/site-packages/airflow/example_dags/example_task_group_decorator.py for tasks to queue
[2025-08-20T08:38:46.270+0000] {logging_mixin.py:190} INFO - [2025-08-20T08:38:46.269+0000] {dagbag.py:588} INFO - Filling up the DagBag from /home/airflow/.local/lib/python3.12/site-packages/airflow/example_dags/example_task_group_decorator.py
[2025-08-20T08:38:46.289+0000] {processor.py:925} INFO - DAG(s) 'example_task_group_decorator' retrieved from /home/airflow/.local/lib/python3.12/site-packages/airflow/example_dags/example_task_group_decorator.py
[2025-08-20T08:38:46.319+0000] {logging_mixin.py:190} INFO - [2025-08-20T08:38:46.319+0000] {dag.py:3239} INFO - Sync 1 DAGs
[2025-08-20T08:38:46.336+0000] {logging_mixin.py:190} INFO - [2025-08-20T08:38:46.336+0000] {dag.py:4180} INFO - Setting next_dagrun for example_task_group_decorator to None, run_after=None
[2025-08-20T08:38:46.356+0000] {processor.py:208} INFO - Processing /home/airflow/.local/lib/python3.12/site-packages/airflow/example_dags/example_task_group_decorator.py took 0.100 seconds
[2025-08-20T08:39:16.828+0000] {processor.py:186} INFO - Started process (PID=347) to work on /home/airflow/.local/lib/python3.12/site-packages/airflow/example_dags/example_task_group_decorator.py
[2025-08-20T08:39:16.829+0000] {processor.py:914} INFO - Processing file /home/airflow/.local/lib/python3.12/site-packages/airflow/example_dags/example_task_group_decorator.py for tasks to queue
[2025-08-20T08:39:16.832+0000] {logging_mixin.py:190} INFO - [2025-08-20T08:39:16.832+0000] {dagbag.py:588} INFO - Filling up the DagBag from /home/airflow/.local/lib/python3.12/site-packages/airflow/example_dags/example_task_group_decorator.py
[2025-08-20T08:39:16.853+0000] {processor.py:925} INFO - DAG(s) 'example_task_group_decorator' retrieved from /home/airflow/.local/lib/python3.12/site-packages/airflow/example_dags/example_task_group_decorator.py
[2025-08-20T08:39:16.884+0000] {logging_mixin.py:190} INFO - [2025-08-20T08:39:16.884+0000] {dag.py:3239} INFO - Sync 1 DAGs
[2025-08-20T08:39:16.903+0000] {logging_mixin.py:190} INFO - [2025-08-20T08:39:16.902+0000] {dag.py:4180} INFO - Setting next_dagrun for example_task_group_decorator to None, run_after=None
[2025-08-20T08:39:16.926+0000] {processor.py:208} INFO - Processing /home/airflow/.local/lib/python3.12/site-packages/airflow/example_dags/example_task_group_decorator.py took 0.106 seconds
[2025-08-20T08:40:56.823+0000] {processor.py:186} INFO - Started process (PID=67) to work on /home/airflow/.local/lib/python3.12/site-packages/airflow/example_dags/example_task_group_decorator.py
[2025-08-20T08:40:56.824+0000] {processor.py:914} INFO - Processing file /home/airflow/.local/lib/python3.12/site-packages/airflow/example_dags/example_task_group_decorator.py for tasks to queue
[2025-08-20T08:40:56.828+0000] {logging_mixin.py:190} INFO - [2025-08-20T08:40:56.827+0000] {dagbag.py:588} INFO - Filling up the DagBag from /home/airflow/.local/lib/python3.12/site-packages/airflow/example_dags/example_task_group_decorator.py
[2025-08-20T08:40:56.850+0000] {processor.py:925} INFO - DAG(s) 'example_task_group_decorator' retrieved from /home/airflow/.local/lib/python3.12/site-packages/airflow/example_dags/example_task_group_decorator.py
[2025-08-20T08:40:56.884+0000] {logging_mixin.py:190} INFO - [2025-08-20T08:40:56.884+0000] {dag.py:3239} INFO - Sync 1 DAGs
[2025-08-20T08:40:56.903+0000] {logging_mixin.py:190} INFO - [2025-08-20T08:40:56.903+0000] {dag.py:4180} INFO - Setting next_dagrun for example_task_group_decorator to None, run_after=None
[2025-08-20T08:40:57.101+0000] {processor.py:208} INFO - Processing /home/airflow/.local/lib/python3.12/site-packages/airflow/example_dags/example_task_group_decorator.py took 0.286 seconds
[2025-08-20T08:41:28.168+0000] {processor.py:186} INFO - Started process (PID=123) to work on /home/airflow/.local/lib/python3.12/site-packages/airflow/example_dags/example_task_group_decorator.py
[2025-08-20T08:41:28.170+0000] {processor.py:914} INFO - Processing file /home/airflow/.local/lib/python3.12/site-packages/airflow/example_dags/example_task_group_decorator.py for tasks to queue
[2025-08-20T08:41:28.173+0000] {logging_mixin.py:190} INFO - [2025-08-20T08:41:28.173+0000] {dagbag.py:588} INFO - Filling up the DagBag from /home/airflow/.local/lib/python3.12/site-packages/airflow/example_dags/example_task_group_decorator.py
[2025-08-20T08:41:28.194+0000] {processor.py:925} INFO - DAG(s) 'example_task_group_decorator' retrieved from /home/airflow/.local/lib/python3.12/site-packages/airflow/example_dags/example_task_group_decorator.py
[2025-08-20T08:41:28.226+0000] {logging_mixin.py:190} INFO - [2025-08-20T08:41:28.226+0000] {dag.py:3239} INFO - Sync 1 DAGs
[2025-08-20T08:41:28.245+0000] {logging_mixin.py:190} INFO - [2025-08-20T08:41:28.245+0000] {dag.py:4180} INFO - Setting next_dagrun for example_task_group_decorator to None, run_after=None
[2025-08-20T08:41:28.458+0000] {processor.py:208} INFO - Processing /home/airflow/.local/lib/python3.12/site-packages/airflow/example_dags/example_task_group_decorator.py took 0.298 seconds
[2025-08-20T08:41:59.321+0000] {processor.py:186} INFO - Started process (PID=179) to work on /home/airflow/.local/lib/python3.12/site-packages/airflow/example_dags/example_task_group_decorator.py
[2025-08-20T08:41:59.323+0000] {processor.py:914} INFO - Processing file /home/airflow/.local/lib/python3.12/site-packages/airflow/example_dags/example_task_group_decorator.py for tasks to queue
[2025-08-20T08:41:59.327+0000] {logging_mixin.py:190} INFO - [2025-08-20T08:41:59.326+0000] {dagbag.py:588} INFO - Filling up the DagBag from /home/airflow/.local/lib/python3.12/site-packages/airflow/example_dags/example_task_group_decorator.py
[2025-08-20T08:41:59.350+0000] {processor.py:925} INFO - DAG(s) 'example_task_group_decorator' retrieved from /home/airflow/.local/lib/python3.12/site-packages/airflow/example_dags/example_task_group_decorator.py
[2025-08-20T08:41:59.383+0000] {logging_mixin.py:190} INFO - [2025-08-20T08:41:59.382+0000] {dag.py:3239} INFO - Sync 1 DAGs
[2025-08-20T08:41:59.402+0000] {logging_mixin.py:190} INFO - [2025-08-20T08:41:59.402+0000] {dag.py:4180} INFO - Setting next_dagrun for example_task_group_decorator to None, run_after=None
[2025-08-20T08:41:59.426+0000] {processor.py:208} INFO - Processing /home/airflow/.local/lib/python3.12/site-packages/airflow/example_dags/example_task_group_decorator.py took 0.113 seconds
[2025-08-20T08:42:29.823+0000] {processor.py:186} INFO - Started process (PID=235) to work on /home/airflow/.local/lib/python3.12/site-packages/airflow/example_dags/example_task_group_decorator.py
[2025-08-20T08:42:29.824+0000] {processor.py:914} INFO - Processing file /home/airflow/.local/lib/python3.12/site-packages/airflow/example_dags/example_task_group_decorator.py for tasks to queue
[2025-08-20T08:42:29.828+0000] {logging_mixin.py:190} INFO - [2025-08-20T08:42:29.827+0000] {dagbag.py:588} INFO - Filling up the DagBag from /home/airflow/.local/lib/python3.12/site-packages/airflow/example_dags/example_task_group_decorator.py
[2025-08-20T08:42:29.849+0000] {processor.py:925} INFO - DAG(s) 'example_task_group_decorator' retrieved from /home/airflow/.local/lib/python3.12/site-packages/airflow/example_dags/example_task_group_decorator.py
[2025-08-20T08:42:29.881+0000] {logging_mixin.py:190} INFO - [2025-08-20T08:42:29.880+0000] {dag.py:3239} INFO - Sync 1 DAGs
[2025-08-20T08:42:29.901+0000] {logging_mixin.py:190} INFO - [2025-08-20T08:42:29.901+0000] {dag.py:4180} INFO - Setting next_dagrun for example_task_group_decorator to None, run_after=None
[2025-08-20T08:42:29.924+0000] {processor.py:208} INFO - Processing /home/airflow/.local/lib/python3.12/site-packages/airflow/example_dags/example_task_group_decorator.py took 0.108 seconds
[2025-08-20T08:43:00.396+0000] {processor.py:186} INFO - Started process (PID=291) to work on /home/airflow/.local/lib/python3.12/site-packages/airflow/example_dags/example_task_group_decorator.py
[2025-08-20T08:43:00.398+0000] {processor.py:914} INFO - Processing file /home/airflow/.local/lib/python3.12/site-packages/airflow/example_dags/example_task_group_decorator.py for tasks to queue
[2025-08-20T08:43:00.404+0000] {logging_mixin.py:190} INFO - [2025-08-20T08:43:00.403+0000] {dagbag.py:588} INFO - Filling up the DagBag from /home/airflow/.local/lib/python3.12/site-packages/airflow/example_dags/example_task_group_decorator.py
[2025-08-20T08:43:00.428+0000] {processor.py:925} INFO - DAG(s) 'example_task_group_decorator' retrieved from /home/airflow/.local/lib/python3.12/site-packages/airflow/example_dags/example_task_group_decorator.py
[2025-08-20T08:43:00.460+0000] {logging_mixin.py:190} INFO - [2025-08-20T08:43:00.460+0000] {dag.py:3239} INFO - Sync 1 DAGs
[2025-08-20T08:43:00.479+0000] {logging_mixin.py:190} INFO - [2025-08-20T08:43:00.478+0000] {dag.py:4180} INFO - Setting next_dagrun for example_task_group_decorator to None, run_after=None
[2025-08-20T08:43:00.501+0000] {processor.py:208} INFO - Processing /home/airflow/.local/lib/python3.12/site-packages/airflow/example_dags/example_task_group_decorator.py took 0.114 seconds
[2025-08-20T08:43:30.854+0000] {processor.py:186} INFO - Started process (PID=347) to work on /home/airflow/.local/lib/python3.12/site-packages/airflow/example_dags/example_task_group_decorator.py
[2025-08-20T08:43:30.856+0000] {processor.py:914} INFO - Processing file /home/airflow/.local/lib/python3.12/site-packages/airflow/example_dags/example_task_group_decorator.py for tasks to queue
[2025-08-20T08:43:30.859+0000] {logging_mixin.py:190} INFO - [2025-08-20T08:43:30.859+0000] {dagbag.py:588} INFO - Filling up the DagBag from /home/airflow/.local/lib/python3.12/site-packages/airflow/example_dags/example_task_group_decorator.py
[2025-08-20T08:43:30.881+0000] {processor.py:925} INFO - DAG(s) 'example_task_group_decorator' retrieved from /home/airflow/.local/lib/python3.12/site-packages/airflow/example_dags/example_task_group_decorator.py
[2025-08-20T08:43:30.912+0000] {logging_mixin.py:190} INFO - [2025-08-20T08:43:30.912+0000] {dag.py:3239} INFO - Sync 1 DAGs
[2025-08-20T08:43:30.931+0000] {logging_mixin.py:190} INFO - [2025-08-20T08:43:30.930+0000] {dag.py:4180} INFO - Setting next_dagrun for example_task_group_decorator to None, run_after=None
[2025-08-20T08:43:30.953+0000] {processor.py:208} INFO - Processing /home/airflow/.local/lib/python3.12/site-packages/airflow/example_dags/example_task_group_decorator.py took 0.107 seconds
[2025-08-20T08:44:01.248+0000] {processor.py:186} INFO - Started process (PID=403) to work on /home/airflow/.local/lib/python3.12/site-packages/airflow/example_dags/example_task_group_decorator.py
[2025-08-20T08:44:01.250+0000] {processor.py:914} INFO - Processing file /home/airflow/.local/lib/python3.12/site-packages/airflow/example_dags/example_task_group_decorator.py for tasks to queue
[2025-08-20T08:44:01.253+0000] {logging_mixin.py:190} INFO - [2025-08-20T08:44:01.253+0000] {dagbag.py:588} INFO - Filling up the DagBag from /home/airflow/.local/lib/python3.12/site-packages/airflow/example_dags/example_task_group_decorator.py
[2025-08-20T08:44:01.274+0000] {processor.py:925} INFO - DAG(s) 'example_task_group_decorator' retrieved from /home/airflow/.local/lib/python3.12/site-packages/airflow/example_dags/example_task_group_decorator.py
[2025-08-20T08:44:01.308+0000] {logging_mixin.py:190} INFO - [2025-08-20T08:44:01.308+0000] {dag.py:3239} INFO - Sync 1 DAGs
[2025-08-20T08:44:01.329+0000] {logging_mixin.py:190} INFO - [2025-08-20T08:44:01.328+0000] {dag.py:4180} INFO - Setting next_dagrun for example_task_group_decorator to None, run_after=None
[2025-08-20T08:44:01.353+0000] {processor.py:208} INFO - Processing /home/airflow/.local/lib/python3.12/site-packages/airflow/example_dags/example_task_group_decorator.py took 0.113 seconds
[2025-08-20T08:44:31.751+0000] {processor.py:186} INFO - Started process (PID=459) to work on /home/airflow/.local/lib/python3.12/site-packages/airflow/example_dags/example_task_group_decorator.py
[2025-08-20T08:44:31.753+0000] {processor.py:914} INFO - Processing file /home/airflow/.local/lib/python3.12/site-packages/airflow/example_dags/example_task_group_decorator.py for tasks to queue
[2025-08-20T08:44:31.757+0000] {logging_mixin.py:190} INFO - [2025-08-20T08:44:31.756+0000] {dagbag.py:588} INFO - Filling up the DagBag from /home/airflow/.local/lib/python3.12/site-packages/airflow/example_dags/example_task_group_decorator.py
[2025-08-20T08:44:31.780+0000] {processor.py:925} INFO - DAG(s) 'example_task_group_decorator' retrieved from /home/airflow/.local/lib/python3.12/site-packages/airflow/example_dags/example_task_group_decorator.py
[2025-08-20T08:44:31.815+0000] {logging_mixin.py:190} INFO - [2025-08-20T08:44:31.815+0000] {dag.py:3239} INFO - Sync 1 DAGs
[2025-08-20T08:44:31.835+0000] {logging_mixin.py:190} INFO - [2025-08-20T08:44:31.835+0000] {dag.py:4180} INFO - Setting next_dagrun for example_task_group_decorator to None, run_after=None
[2025-08-20T08:44:31.858+0000] {processor.py:208} INFO - Processing /home/airflow/.local/lib/python3.12/site-packages/airflow/example_dags/example_task_group_decorator.py took 0.117 seconds
[2025-08-20T08:45:02.211+0000] {processor.py:186} INFO - Started process (PID=515) to work on /home/airflow/.local/lib/python3.12/site-packages/airflow/example_dags/example_task_group_decorator.py
[2025-08-20T08:45:02.213+0000] {processor.py:914} INFO - Processing file /home/airflow/.local/lib/python3.12/site-packages/airflow/example_dags/example_task_group_decorator.py for tasks to queue
[2025-08-20T08:45:02.217+0000] {logging_mixin.py:190} INFO - [2025-08-20T08:45:02.216+0000] {dagbag.py:588} INFO - Filling up the DagBag from /home/airflow/.local/lib/python3.12/site-packages/airflow/example_dags/example_task_group_decorator.py
[2025-08-20T08:45:02.238+0000] {processor.py:925} INFO - DAG(s) 'example_task_group_decorator' retrieved from /home/airflow/.local/lib/python3.12/site-packages/airflow/example_dags/example_task_group_decorator.py
[2025-08-20T08:45:02.281+0000] {logging_mixin.py:190} INFO - [2025-08-20T08:45:02.281+0000] {dag.py:3239} INFO - Sync 1 DAGs
[2025-08-20T08:45:02.303+0000] {logging_mixin.py:190} INFO - [2025-08-20T08:45:02.303+0000] {dag.py:4180} INFO - Setting next_dagrun for example_task_group_decorator to None, run_after=None
[2025-08-20T08:45:02.325+0000] {processor.py:208} INFO - Processing /home/airflow/.local/lib/python3.12/site-packages/airflow/example_dags/example_task_group_decorator.py took 0.123 seconds
[2025-08-20T08:46:29.267+0000] {processor.py:186} INFO - Started process (PID=67) to work on /home/airflow/.local/lib/python3.12/site-packages/airflow/example_dags/example_task_group_decorator.py
[2025-08-20T08:46:29.268+0000] {processor.py:914} INFO - Processing file /home/airflow/.local/lib/python3.12/site-packages/airflow/example_dags/example_task_group_decorator.py for tasks to queue
[2025-08-20T08:46:29.272+0000] {logging_mixin.py:190} INFO - [2025-08-20T08:46:29.272+0000] {dagbag.py:588} INFO - Filling up the DagBag from /home/airflow/.local/lib/python3.12/site-packages/airflow/example_dags/example_task_group_decorator.py
[2025-08-20T08:46:29.294+0000] {processor.py:925} INFO - DAG(s) 'example_task_group_decorator' retrieved from /home/airflow/.local/lib/python3.12/site-packages/airflow/example_dags/example_task_group_decorator.py
[2025-08-20T08:46:29.332+0000] {logging_mixin.py:190} INFO - [2025-08-20T08:46:29.332+0000] {dag.py:3239} INFO - Sync 1 DAGs
[2025-08-20T08:46:29.352+0000] {logging_mixin.py:190} INFO - [2025-08-20T08:46:29.352+0000] {dag.py:4180} INFO - Setting next_dagrun for example_task_group_decorator to None, run_after=None
[2025-08-20T08:46:29.640+0000] {processor.py:208} INFO - Processing /home/airflow/.local/lib/python3.12/site-packages/airflow/example_dags/example_task_group_decorator.py took 0.381 seconds
[2025-08-20T08:47:01.430+0000] {processor.py:186} INFO - Started process (PID=123) to work on /home/airflow/.local/lib/python3.12/site-packages/airflow/example_dags/example_task_group_decorator.py
[2025-08-20T08:47:01.431+0000] {processor.py:914} INFO - Processing file /home/airflow/.local/lib/python3.12/site-packages/airflow/example_dags/example_task_group_decorator.py for tasks to queue
[2025-08-20T08:47:01.435+0000] {logging_mixin.py:190} INFO - [2025-08-20T08:47:01.434+0000] {dagbag.py:588} INFO - Filling up the DagBag from /home/airflow/.local/lib/python3.12/site-packages/airflow/example_dags/example_task_group_decorator.py
[2025-08-20T08:47:01.456+0000] {processor.py:925} INFO - DAG(s) 'example_task_group_decorator' retrieved from /home/airflow/.local/lib/python3.12/site-packages/airflow/example_dags/example_task_group_decorator.py
[2025-08-20T08:47:01.489+0000] {logging_mixin.py:190} INFO - [2025-08-20T08:47:01.488+0000] {dag.py:3239} INFO - Sync 1 DAGs
[2025-08-20T08:47:01.508+0000] {logging_mixin.py:190} INFO - [2025-08-20T08:47:01.508+0000] {dag.py:4180} INFO - Setting next_dagrun for example_task_group_decorator to None, run_after=None
[2025-08-20T08:47:01.809+0000] {processor.py:208} INFO - Processing /home/airflow/.local/lib/python3.12/site-packages/airflow/example_dags/example_task_group_decorator.py took 0.387 seconds
[2025-08-20T08:47:32.372+0000] {processor.py:186} INFO - Started process (PID=179) to work on /home/airflow/.local/lib/python3.12/site-packages/airflow/example_dags/example_task_group_decorator.py
[2025-08-20T08:47:32.374+0000] {processor.py:914} INFO - Processing file /home/airflow/.local/lib/python3.12/site-packages/airflow/example_dags/example_task_group_decorator.py for tasks to queue
[2025-08-20T08:47:32.377+0000] {logging_mixin.py:190} INFO - [2025-08-20T08:47:32.377+0000] {dagbag.py:588} INFO - Filling up the DagBag from /home/airflow/.local/lib/python3.12/site-packages/airflow/example_dags/example_task_group_decorator.py
[2025-08-20T08:47:32.398+0000] {processor.py:925} INFO - DAG(s) 'example_task_group_decorator' retrieved from /home/airflow/.local/lib/python3.12/site-packages/airflow/example_dags/example_task_group_decorator.py
[2025-08-20T08:47:32.431+0000] {logging_mixin.py:190} INFO - [2025-08-20T08:47:32.431+0000] {dag.py:3239} INFO - Sync 1 DAGs
[2025-08-20T08:47:32.449+0000] {logging_mixin.py:190} INFO - [2025-08-20T08:47:32.449+0000] {dag.py:4180} INFO - Setting next_dagrun for example_task_group_decorator to None, run_after=None
[2025-08-20T08:47:32.722+0000] {processor.py:208} INFO - Processing /home/airflow/.local/lib/python3.12/site-packages/airflow/example_dags/example_task_group_decorator.py took 0.358 seconds
[2025-08-20T08:48:03.665+0000] {processor.py:186} INFO - Started process (PID=235) to work on /home/airflow/.local/lib/python3.12/site-packages/airflow/example_dags/example_task_group_decorator.py
[2025-08-20T08:48:03.669+0000] {processor.py:914} INFO - Processing file /home/airflow/.local/lib/python3.12/site-packages/airflow/example_dags/example_task_group_decorator.py for tasks to queue
[2025-08-20T08:48:03.673+0000] {logging_mixin.py:190} INFO - [2025-08-20T08:48:03.673+0000] {dagbag.py:588} INFO - Filling up the DagBag from /home/airflow/.local/lib/python3.12/site-packages/airflow/example_dags/example_task_group_decorator.py
[2025-08-20T08:48:03.694+0000] {processor.py:925} INFO - DAG(s) 'example_task_group_decorator' retrieved from /home/airflow/.local/lib/python3.12/site-packages/airflow/example_dags/example_task_group_decorator.py
[2025-08-20T08:48:03.729+0000] {logging_mixin.py:190} INFO - [2025-08-20T08:48:03.728+0000] {dag.py:3239} INFO - Sync 1 DAGs
[2025-08-20T08:48:03.747+0000] {logging_mixin.py:190} INFO - [2025-08-20T08:48:03.747+0000] {dag.py:4180} INFO - Setting next_dagrun for example_task_group_decorator to None, run_after=None
[2025-08-20T08:48:03.769+0000] {processor.py:208} INFO - Processing /home/airflow/.local/lib/python3.12/site-packages/airflow/example_dags/example_task_group_decorator.py took 0.112 seconds
