[2025-08-20T08:25:47.234+0000] {processor.py:186} INFO - Started process (PID=42) to work on /home/airflow/.local/lib/python3.12/site-packages/airflow/example_dags/tutorial.py
[2025-08-20T08:25:47.235+0000] {processor.py:914} INFO - Processing file /home/airflow/.local/lib/python3.12/site-packages/airflow/example_dags/tutorial.py for tasks to queue
[2025-08-20T08:25:47.238+0000] {logging_mixin.py:190} INFO - [2025-08-20T08:25:47.238+0000] {dagbag.py:588} INFO - Filling up the DagBag from /home/airflow/.local/lib/python3.12/site-packages/airflow/example_dags/tutorial.py
[2025-08-20T08:25:47.252+0000] {processor.py:925} INFO - DAG(s) 'tutorial' retrieved from /home/airflow/.local/lib/python3.12/site-packages/airflow/example_dags/tutorial.py
[2025-08-20T08:25:47.289+0000] {logging_mixin.py:190} INFO - [2025-08-20T08:25:47.289+0000] {dag.py:3239} INFO - Sync 1 DAGs
[2025-08-20T08:25:47.319+0000] {logging_mixin.py:190} INFO - [2025-08-20T08:25:47.319+0000] {dag.py:4180} INFO - Setting next_dagrun for tutorial to 2025-08-19 00:00:00+00:00, run_after=2025-08-20 00:00:00+00:00
[2025-08-20T08:25:47.532+0000] {processor.py:208} INFO - Processing /home/airflow/.local/lib/python3.12/site-packages/airflow/example_dags/tutorial.py took 0.306 seconds
[2025-08-20T08:26:18.519+0000] {processor.py:186} INFO - Started process (PID=98) to work on /home/airflow/.local/lib/python3.12/site-packages/airflow/example_dags/tutorial.py
[2025-08-20T08:26:18.520+0000] {processor.py:914} INFO - Processing file /home/airflow/.local/lib/python3.12/site-packages/airflow/example_dags/tutorial.py for tasks to queue
[2025-08-20T08:26:18.524+0000] {logging_mixin.py:190} INFO - [2025-08-20T08:26:18.523+0000] {dagbag.py:588} INFO - Filling up the DagBag from /home/airflow/.local/lib/python3.12/site-packages/airflow/example_dags/tutorial.py
[2025-08-20T08:26:18.536+0000] {processor.py:925} INFO - DAG(s) 'tutorial' retrieved from /home/airflow/.local/lib/python3.12/site-packages/airflow/example_dags/tutorial.py
[2025-08-20T08:26:18.565+0000] {logging_mixin.py:190} INFO - [2025-08-20T08:26:18.564+0000] {dag.py:3239} INFO - Sync 1 DAGs
[2025-08-20T08:26:18.604+0000] {logging_mixin.py:190} INFO - [2025-08-20T08:26:18.604+0000] {dag.py:4180} INFO - Setting next_dagrun for tutorial to 2025-08-19 00:00:00+00:00, run_after=2025-08-20 00:00:00+00:00
[2025-08-20T08:26:18.848+0000] {processor.py:208} INFO - Processing /home/airflow/.local/lib/python3.12/site-packages/airflow/example_dags/tutorial.py took 0.352 seconds
[2025-08-20T08:26:48.920+0000] {processor.py:186} INFO - Started process (PID=154) to work on /home/airflow/.local/lib/python3.12/site-packages/airflow/example_dags/tutorial.py
[2025-08-20T08:26:48.921+0000] {processor.py:914} INFO - Processing file /home/airflow/.local/lib/python3.12/site-packages/airflow/example_dags/tutorial.py for tasks to queue
[2025-08-20T08:26:48.924+0000] {logging_mixin.py:190} INFO - [2025-08-20T08:26:48.924+0000] {dagbag.py:588} INFO - Filling up the DagBag from /home/airflow/.local/lib/python3.12/site-packages/airflow/example_dags/tutorial.py
[2025-08-20T08:26:48.936+0000] {processor.py:925} INFO - DAG(s) 'tutorial' retrieved from /home/airflow/.local/lib/python3.12/site-packages/airflow/example_dags/tutorial.py
[2025-08-20T08:26:48.964+0000] {logging_mixin.py:190} INFO - [2025-08-20T08:26:48.964+0000] {dag.py:3239} INFO - Sync 1 DAGs
[2025-08-20T08:26:48.998+0000] {logging_mixin.py:190} INFO - [2025-08-20T08:26:48.998+0000] {dag.py:4180} INFO - Setting next_dagrun for tutorial to 2025-08-19 00:00:00+00:00, run_after=2025-08-20 00:00:00+00:00
[2025-08-20T08:26:49.391+0000] {processor.py:208} INFO - Processing /home/airflow/.local/lib/python3.12/site-packages/airflow/example_dags/tutorial.py took 0.480 seconds
[2025-08-20T08:27:20.062+0000] {processor.py:186} INFO - Started process (PID=210) to work on /home/airflow/.local/lib/python3.12/site-packages/airflow/example_dags/tutorial.py
[2025-08-20T08:27:20.064+0000] {processor.py:914} INFO - Processing file /home/airflow/.local/lib/python3.12/site-packages/airflow/example_dags/tutorial.py for tasks to queue
[2025-08-20T08:27:20.067+0000] {logging_mixin.py:190} INFO - [2025-08-20T08:27:20.067+0000] {dagbag.py:588} INFO - Filling up the DagBag from /home/airflow/.local/lib/python3.12/site-packages/airflow/example_dags/tutorial.py
[2025-08-20T08:27:20.079+0000] {processor.py:925} INFO - DAG(s) 'tutorial' retrieved from /home/airflow/.local/lib/python3.12/site-packages/airflow/example_dags/tutorial.py
[2025-08-20T08:27:20.105+0000] {logging_mixin.py:190} INFO - [2025-08-20T08:27:20.104+0000] {dag.py:3239} INFO - Sync 1 DAGs
[2025-08-20T08:27:20.136+0000] {logging_mixin.py:190} INFO - [2025-08-20T08:27:20.135+0000] {dag.py:4180} INFO - Setting next_dagrun for tutorial to 2025-08-19 00:00:00+00:00, run_after=2025-08-20 00:00:00+00:00
[2025-08-20T08:27:20.303+0000] {processor.py:208} INFO - Processing /home/airflow/.local/lib/python3.12/site-packages/airflow/example_dags/tutorial.py took 0.249 seconds
[2025-08-20T08:27:50.773+0000] {processor.py:186} INFO - Started process (PID=266) to work on /home/airflow/.local/lib/python3.12/site-packages/airflow/example_dags/tutorial.py
[2025-08-20T08:27:50.774+0000] {processor.py:914} INFO - Processing file /home/airflow/.local/lib/python3.12/site-packages/airflow/example_dags/tutorial.py for tasks to queue
[2025-08-20T08:27:50.778+0000] {logging_mixin.py:190} INFO - [2025-08-20T08:27:50.777+0000] {dagbag.py:588} INFO - Filling up the DagBag from /home/airflow/.local/lib/python3.12/site-packages/airflow/example_dags/tutorial.py
[2025-08-20T08:27:50.789+0000] {processor.py:925} INFO - DAG(s) 'tutorial' retrieved from /home/airflow/.local/lib/python3.12/site-packages/airflow/example_dags/tutorial.py
[2025-08-20T08:27:50.820+0000] {logging_mixin.py:190} INFO - [2025-08-20T08:27:50.820+0000] {dag.py:3239} INFO - Sync 1 DAGs
[2025-08-20T08:27:50.849+0000] {logging_mixin.py:190} INFO - [2025-08-20T08:27:50.849+0000] {dag.py:4180} INFO - Setting next_dagrun for tutorial to 2025-08-19 00:00:00+00:00, run_after=2025-08-20 00:00:00+00:00
[2025-08-20T08:27:50.870+0000] {processor.py:208} INFO - Processing /home/airflow/.local/lib/python3.12/site-packages/airflow/example_dags/tutorial.py took 0.105 seconds
[2025-08-20T08:28:21.205+0000] {processor.py:186} INFO - Started process (PID=322) to work on /home/airflow/.local/lib/python3.12/site-packages/airflow/example_dags/tutorial.py
[2025-08-20T08:28:21.207+0000] {processor.py:914} INFO - Processing file /home/airflow/.local/lib/python3.12/site-packages/airflow/example_dags/tutorial.py for tasks to queue
[2025-08-20T08:28:21.210+0000] {logging_mixin.py:190} INFO - [2025-08-20T08:28:21.209+0000] {dagbag.py:588} INFO - Filling up the DagBag from /home/airflow/.local/lib/python3.12/site-packages/airflow/example_dags/tutorial.py
[2025-08-20T08:28:21.220+0000] {processor.py:925} INFO - DAG(s) 'tutorial' retrieved from /home/airflow/.local/lib/python3.12/site-packages/airflow/example_dags/tutorial.py
[2025-08-20T08:28:21.245+0000] {logging_mixin.py:190} INFO - [2025-08-20T08:28:21.244+0000] {dag.py:3239} INFO - Sync 1 DAGs
[2025-08-20T08:28:21.274+0000] {logging_mixin.py:190} INFO - [2025-08-20T08:28:21.274+0000] {dag.py:4180} INFO - Setting next_dagrun for tutorial to 2025-08-19 00:00:00+00:00, run_after=2025-08-20 00:00:00+00:00
[2025-08-20T08:28:21.295+0000] {processor.py:208} INFO - Processing /home/airflow/.local/lib/python3.12/site-packages/airflow/example_dags/tutorial.py took 0.099 seconds
[2025-08-20T08:28:51.533+0000] {processor.py:186} INFO - Started process (PID=378) to work on /home/airflow/.local/lib/python3.12/site-packages/airflow/example_dags/tutorial.py
[2025-08-20T08:28:51.534+0000] {processor.py:914} INFO - Processing file /home/airflow/.local/lib/python3.12/site-packages/airflow/example_dags/tutorial.py for tasks to queue
[2025-08-20T08:28:51.538+0000] {logging_mixin.py:190} INFO - [2025-08-20T08:28:51.538+0000] {dagbag.py:588} INFO - Filling up the DagBag from /home/airflow/.local/lib/python3.12/site-packages/airflow/example_dags/tutorial.py
[2025-08-20T08:28:51.550+0000] {processor.py:925} INFO - DAG(s) 'tutorial' retrieved from /home/airflow/.local/lib/python3.12/site-packages/airflow/example_dags/tutorial.py
[2025-08-20T08:28:51.572+0000] {logging_mixin.py:190} INFO - [2025-08-20T08:28:51.572+0000] {dag.py:3239} INFO - Sync 1 DAGs
[2025-08-20T08:28:51.601+0000] {logging_mixin.py:190} INFO - [2025-08-20T08:28:51.601+0000] {dag.py:4180} INFO - Setting next_dagrun for tutorial to 2025-08-19 00:00:00+00:00, run_after=2025-08-20 00:00:00+00:00
[2025-08-20T08:28:51.620+0000] {processor.py:208} INFO - Processing /home/airflow/.local/lib/python3.12/site-packages/airflow/example_dags/tutorial.py took 0.098 seconds
[2025-08-20T08:30:21.481+0000] {processor.py:186} INFO - Started process (PID=40) to work on /home/airflow/.local/lib/python3.12/site-packages/airflow/example_dags/tutorial.py
[2025-08-20T08:30:21.483+0000] {processor.py:914} INFO - Processing file /home/airflow/.local/lib/python3.12/site-packages/airflow/example_dags/tutorial.py for tasks to queue
[2025-08-20T08:30:21.486+0000] {logging_mixin.py:190} INFO - [2025-08-20T08:30:21.485+0000] {dagbag.py:588} INFO - Filling up the DagBag from /home/airflow/.local/lib/python3.12/site-packages/airflow/example_dags/tutorial.py
[2025-08-20T08:30:21.498+0000] {processor.py:925} INFO - DAG(s) 'tutorial' retrieved from /home/airflow/.local/lib/python3.12/site-packages/airflow/example_dags/tutorial.py
[2025-08-20T08:30:21.534+0000] {logging_mixin.py:190} INFO - [2025-08-20T08:30:21.533+0000] {dag.py:3239} INFO - Sync 1 DAGs
[2025-08-20T08:30:21.563+0000] {logging_mixin.py:190} INFO - [2025-08-20T08:30:21.563+0000] {dag.py:4180} INFO - Setting next_dagrun for tutorial to 2025-08-19 00:00:00+00:00, run_after=2025-08-20 00:00:00+00:00
[2025-08-20T08:30:21.817+0000] {processor.py:208} INFO - Processing /home/airflow/.local/lib/python3.12/site-packages/airflow/example_dags/tutorial.py took 0.344 seconds
[2025-08-20T08:30:53.217+0000] {processor.py:186} INFO - Started process (PID=96) to work on /home/airflow/.local/lib/python3.12/site-packages/airflow/example_dags/tutorial.py
[2025-08-20T08:30:53.218+0000] {processor.py:914} INFO - Processing file /home/airflow/.local/lib/python3.12/site-packages/airflow/example_dags/tutorial.py for tasks to queue
[2025-08-20T08:30:53.222+0000] {logging_mixin.py:190} INFO - [2025-08-20T08:30:53.222+0000] {dagbag.py:588} INFO - Filling up the DagBag from /home/airflow/.local/lib/python3.12/site-packages/airflow/example_dags/tutorial.py
[2025-08-20T08:30:53.235+0000] {processor.py:925} INFO - DAG(s) 'tutorial' retrieved from /home/airflow/.local/lib/python3.12/site-packages/airflow/example_dags/tutorial.py
[2025-08-20T08:30:53.267+0000] {logging_mixin.py:190} INFO - [2025-08-20T08:30:53.266+0000] {dag.py:3239} INFO - Sync 1 DAGs
[2025-08-20T08:30:53.298+0000] {logging_mixin.py:190} INFO - [2025-08-20T08:30:53.298+0000] {dag.py:4180} INFO - Setting next_dagrun for tutorial to 2025-08-19 00:00:00+00:00, run_after=2025-08-20 00:00:00+00:00
[2025-08-20T08:30:53.643+0000] {processor.py:208} INFO - Processing /home/airflow/.local/lib/python3.12/site-packages/airflow/example_dags/tutorial.py took 0.435 seconds
[2025-08-20T08:31:24.303+0000] {processor.py:186} INFO - Started process (PID=152) to work on /home/airflow/.local/lib/python3.12/site-packages/airflow/example_dags/tutorial.py
[2025-08-20T08:31:24.305+0000] {processor.py:914} INFO - Processing file /home/airflow/.local/lib/python3.12/site-packages/airflow/example_dags/tutorial.py for tasks to queue
[2025-08-20T08:31:24.307+0000] {logging_mixin.py:190} INFO - [2025-08-20T08:31:24.307+0000] {dagbag.py:588} INFO - Filling up the DagBag from /home/airflow/.local/lib/python3.12/site-packages/airflow/example_dags/tutorial.py
[2025-08-20T08:31:24.318+0000] {processor.py:925} INFO - DAG(s) 'tutorial' retrieved from /home/airflow/.local/lib/python3.12/site-packages/airflow/example_dags/tutorial.py
[2025-08-20T08:31:24.342+0000] {logging_mixin.py:190} INFO - [2025-08-20T08:31:24.342+0000] {dag.py:3239} INFO - Sync 1 DAGs
[2025-08-20T08:31:24.369+0000] {logging_mixin.py:190} INFO - [2025-08-20T08:31:24.369+0000] {dag.py:4180} INFO - Setting next_dagrun for tutorial to 2025-08-19 00:00:00+00:00, run_after=2025-08-20 00:00:00+00:00
[2025-08-20T08:31:24.769+0000] {processor.py:208} INFO - Processing /home/airflow/.local/lib/python3.12/site-packages/airflow/example_dags/tutorial.py took 0.474 seconds
[2025-08-20T08:31:55.114+0000] {processor.py:186} INFO - Started process (PID=208) to work on /home/airflow/.local/lib/python3.12/site-packages/airflow/example_dags/tutorial.py
[2025-08-20T08:31:55.115+0000] {processor.py:914} INFO - Processing file /home/airflow/.local/lib/python3.12/site-packages/airflow/example_dags/tutorial.py for tasks to queue
[2025-08-20T08:31:55.118+0000] {logging_mixin.py:190} INFO - [2025-08-20T08:31:55.117+0000] {dagbag.py:588} INFO - Filling up the DagBag from /home/airflow/.local/lib/python3.12/site-packages/airflow/example_dags/tutorial.py
[2025-08-20T08:31:55.128+0000] {processor.py:925} INFO - DAG(s) 'tutorial' retrieved from /home/airflow/.local/lib/python3.12/site-packages/airflow/example_dags/tutorial.py
[2025-08-20T08:31:55.159+0000] {logging_mixin.py:190} INFO - [2025-08-20T08:31:55.159+0000] {dag.py:3239} INFO - Sync 1 DAGs
[2025-08-20T08:31:55.211+0000] {logging_mixin.py:190} INFO - [2025-08-20T08:31:55.211+0000] {dag.py:4180} INFO - Setting next_dagrun for tutorial to 2025-08-19 00:00:00+00:00, run_after=2025-08-20 00:00:00+00:00
[2025-08-20T08:31:55.231+0000] {processor.py:208} INFO - Processing /home/airflow/.local/lib/python3.12/site-packages/airflow/example_dags/tutorial.py took 0.133 seconds
[2025-08-20T08:32:17.614+0000] {processor.py:186} INFO - Started process (PID=41) to work on /home/airflow/.local/lib/python3.12/site-packages/airflow/example_dags/tutorial.py
[2025-08-20T08:32:17.616+0000] {processor.py:914} INFO - Processing file /home/airflow/.local/lib/python3.12/site-packages/airflow/example_dags/tutorial.py for tasks to queue
[2025-08-20T08:32:17.619+0000] {logging_mixin.py:190} INFO - [2025-08-20T08:32:17.619+0000] {dagbag.py:588} INFO - Filling up the DagBag from /home/airflow/.local/lib/python3.12/site-packages/airflow/example_dags/tutorial.py
[2025-08-20T08:32:17.635+0000] {processor.py:925} INFO - DAG(s) 'tutorial' retrieved from /home/airflow/.local/lib/python3.12/site-packages/airflow/example_dags/tutorial.py
[2025-08-20T08:32:17.673+0000] {logging_mixin.py:190} INFO - [2025-08-20T08:32:17.672+0000] {dag.py:3239} INFO - Sync 1 DAGs
[2025-08-20T08:32:17.740+0000] {logging_mixin.py:190} INFO - [2025-08-20T08:32:17.740+0000] {dag.py:4180} INFO - Setting next_dagrun for tutorial to 2025-08-19 00:00:00+00:00, run_after=2025-08-20 00:00:00+00:00
[2025-08-20T08:32:17.763+0000] {processor.py:208} INFO - Processing /home/airflow/.local/lib/python3.12/site-packages/airflow/example_dags/tutorial.py took 0.157 seconds
[2025-08-20T08:32:47.952+0000] {processor.py:186} INFO - Started process (PID=97) to work on /home/airflow/.local/lib/python3.12/site-packages/airflow/example_dags/tutorial.py
[2025-08-20T08:32:47.953+0000] {processor.py:914} INFO - Processing file /home/airflow/.local/lib/python3.12/site-packages/airflow/example_dags/tutorial.py for tasks to queue
[2025-08-20T08:32:47.956+0000] {logging_mixin.py:190} INFO - [2025-08-20T08:32:47.956+0000] {dagbag.py:588} INFO - Filling up the DagBag from /home/airflow/.local/lib/python3.12/site-packages/airflow/example_dags/tutorial.py
[2025-08-20T08:32:47.967+0000] {processor.py:925} INFO - DAG(s) 'tutorial' retrieved from /home/airflow/.local/lib/python3.12/site-packages/airflow/example_dags/tutorial.py
[2025-08-20T08:32:47.989+0000] {logging_mixin.py:190} INFO - [2025-08-20T08:32:47.989+0000] {dag.py:3239} INFO - Sync 1 DAGs
[2025-08-20T08:32:48.020+0000] {logging_mixin.py:190} INFO - [2025-08-20T08:32:48.019+0000] {dag.py:4180} INFO - Setting next_dagrun for tutorial to 2025-08-19 00:00:00+00:00, run_after=2025-08-20 00:00:00+00:00
[2025-08-20T08:32:48.040+0000] {processor.py:208} INFO - Processing /home/airflow/.local/lib/python3.12/site-packages/airflow/example_dags/tutorial.py took 0.096 seconds
[2025-08-20T08:33:19.365+0000] {processor.py:186} INFO - Started process (PID=153) to work on /home/airflow/.local/lib/python3.12/site-packages/airflow/example_dags/tutorial.py
[2025-08-20T08:33:19.367+0000] {processor.py:914} INFO - Processing file /home/airflow/.local/lib/python3.12/site-packages/airflow/example_dags/tutorial.py for tasks to queue
[2025-08-20T08:33:19.370+0000] {logging_mixin.py:190} INFO - [2025-08-20T08:33:19.370+0000] {dagbag.py:588} INFO - Filling up the DagBag from /home/airflow/.local/lib/python3.12/site-packages/airflow/example_dags/tutorial.py
[2025-08-20T08:33:19.383+0000] {processor.py:925} INFO - DAG(s) 'tutorial' retrieved from /home/airflow/.local/lib/python3.12/site-packages/airflow/example_dags/tutorial.py
[2025-08-20T08:33:19.407+0000] {logging_mixin.py:190} INFO - [2025-08-20T08:33:19.407+0000] {dag.py:3239} INFO - Sync 1 DAGs
[2025-08-20T08:33:19.436+0000] {logging_mixin.py:190} INFO - [2025-08-20T08:33:19.435+0000] {dag.py:4180} INFO - Setting next_dagrun for tutorial to 2025-08-19 00:00:00+00:00, run_after=2025-08-20 00:00:00+00:00
[2025-08-20T08:33:19.456+0000] {processor.py:208} INFO - Processing /home/airflow/.local/lib/python3.12/site-packages/airflow/example_dags/tutorial.py took 0.102 seconds
[2025-08-20T08:33:50.061+0000] {processor.py:186} INFO - Started process (PID=209) to work on /home/airflow/.local/lib/python3.12/site-packages/airflow/example_dags/tutorial.py
[2025-08-20T08:33:50.063+0000] {processor.py:914} INFO - Processing file /home/airflow/.local/lib/python3.12/site-packages/airflow/example_dags/tutorial.py for tasks to queue
[2025-08-20T08:33:50.066+0000] {logging_mixin.py:190} INFO - [2025-08-20T08:33:50.066+0000] {dagbag.py:588} INFO - Filling up the DagBag from /home/airflow/.local/lib/python3.12/site-packages/airflow/example_dags/tutorial.py
[2025-08-20T08:33:50.076+0000] {processor.py:925} INFO - DAG(s) 'tutorial' retrieved from /home/airflow/.local/lib/python3.12/site-packages/airflow/example_dags/tutorial.py
[2025-08-20T08:33:50.101+0000] {logging_mixin.py:190} INFO - [2025-08-20T08:33:50.101+0000] {dag.py:3239} INFO - Sync 1 DAGs
[2025-08-20T08:33:50.133+0000] {logging_mixin.py:190} INFO - [2025-08-20T08:33:50.133+0000] {dag.py:4180} INFO - Setting next_dagrun for tutorial to 2025-08-19 00:00:00+00:00, run_after=2025-08-20 00:00:00+00:00
[2025-08-20T08:33:50.155+0000] {processor.py:208} INFO - Processing /home/airflow/.local/lib/python3.12/site-packages/airflow/example_dags/tutorial.py took 0.105 seconds
[2025-08-20T08:34:20.581+0000] {processor.py:186} INFO - Started process (PID=265) to work on /home/airflow/.local/lib/python3.12/site-packages/airflow/example_dags/tutorial.py
[2025-08-20T08:34:20.582+0000] {processor.py:914} INFO - Processing file /home/airflow/.local/lib/python3.12/site-packages/airflow/example_dags/tutorial.py for tasks to queue
[2025-08-20T08:34:20.585+0000] {logging_mixin.py:190} INFO - [2025-08-20T08:34:20.585+0000] {dagbag.py:588} INFO - Filling up the DagBag from /home/airflow/.local/lib/python3.12/site-packages/airflow/example_dags/tutorial.py
[2025-08-20T08:34:20.595+0000] {processor.py:925} INFO - DAG(s) 'tutorial' retrieved from /home/airflow/.local/lib/python3.12/site-packages/airflow/example_dags/tutorial.py
[2025-08-20T08:34:20.620+0000] {logging_mixin.py:190} INFO - [2025-08-20T08:34:20.619+0000] {dag.py:3239} INFO - Sync 1 DAGs
[2025-08-20T08:34:20.650+0000] {logging_mixin.py:190} INFO - [2025-08-20T08:34:20.649+0000] {dag.py:4180} INFO - Setting next_dagrun for tutorial to 2025-08-19 00:00:00+00:00, run_after=2025-08-20 00:00:00+00:00
[2025-08-20T08:34:20.671+0000] {processor.py:208} INFO - Processing /home/airflow/.local/lib/python3.12/site-packages/airflow/example_dags/tutorial.py took 0.098 seconds
[2025-08-20T08:34:51.110+0000] {processor.py:186} INFO - Started process (PID=321) to work on /home/airflow/.local/lib/python3.12/site-packages/airflow/example_dags/tutorial.py
[2025-08-20T08:34:51.112+0000] {processor.py:914} INFO - Processing file /home/airflow/.local/lib/python3.12/site-packages/airflow/example_dags/tutorial.py for tasks to queue
[2025-08-20T08:34:51.114+0000] {logging_mixin.py:190} INFO - [2025-08-20T08:34:51.114+0000] {dagbag.py:588} INFO - Filling up the DagBag from /home/airflow/.local/lib/python3.12/site-packages/airflow/example_dags/tutorial.py
[2025-08-20T08:34:51.125+0000] {processor.py:925} INFO - DAG(s) 'tutorial' retrieved from /home/airflow/.local/lib/python3.12/site-packages/airflow/example_dags/tutorial.py
[2025-08-20T08:34:51.150+0000] {logging_mixin.py:190} INFO - [2025-08-20T08:34:51.150+0000] {dag.py:3239} INFO - Sync 1 DAGs
[2025-08-20T08:34:51.182+0000] {logging_mixin.py:190} INFO - [2025-08-20T08:34:51.182+0000] {dag.py:4180} INFO - Setting next_dagrun for tutorial to 2025-08-19 00:00:00+00:00, run_after=2025-08-20 00:00:00+00:00
[2025-08-20T08:34:51.203+0000] {processor.py:208} INFO - Processing /home/airflow/.local/lib/python3.12/site-packages/airflow/example_dags/tutorial.py took 0.101 seconds
[2025-08-20T08:35:22.097+0000] {processor.py:186} INFO - Started process (PID=377) to work on /home/airflow/.local/lib/python3.12/site-packages/airflow/example_dags/tutorial.py
[2025-08-20T08:35:22.099+0000] {processor.py:914} INFO - Processing file /home/airflow/.local/lib/python3.12/site-packages/airflow/example_dags/tutorial.py for tasks to queue
[2025-08-20T08:35:22.102+0000] {logging_mixin.py:190} INFO - [2025-08-20T08:35:22.101+0000] {dagbag.py:588} INFO - Filling up the DagBag from /home/airflow/.local/lib/python3.12/site-packages/airflow/example_dags/tutorial.py
[2025-08-20T08:35:22.112+0000] {processor.py:925} INFO - DAG(s) 'tutorial' retrieved from /home/airflow/.local/lib/python3.12/site-packages/airflow/example_dags/tutorial.py
[2025-08-20T08:35:22.137+0000] {logging_mixin.py:190} INFO - [2025-08-20T08:35:22.136+0000] {dag.py:3239} INFO - Sync 1 DAGs
[2025-08-20T08:35:22.166+0000] {logging_mixin.py:190} INFO - [2025-08-20T08:35:22.166+0000] {dag.py:4180} INFO - Setting next_dagrun for tutorial to 2025-08-19 00:00:00+00:00, run_after=2025-08-20 00:00:00+00:00
[2025-08-20T08:35:22.187+0000] {processor.py:208} INFO - Processing /home/airflow/.local/lib/python3.12/site-packages/airflow/example_dags/tutorial.py took 0.098 seconds
[2025-08-20T08:36:36.123+0000] {processor.py:186} INFO - Started process (PID=41) to work on /home/airflow/.local/lib/python3.12/site-packages/airflow/example_dags/tutorial.py
[2025-08-20T08:36:36.125+0000] {processor.py:914} INFO - Processing file /home/airflow/.local/lib/python3.12/site-packages/airflow/example_dags/tutorial.py for tasks to queue
[2025-08-20T08:36:36.128+0000] {logging_mixin.py:190} INFO - [2025-08-20T08:36:36.127+0000] {dagbag.py:588} INFO - Filling up the DagBag from /home/airflow/.local/lib/python3.12/site-packages/airflow/example_dags/tutorial.py
[2025-08-20T08:36:36.141+0000] {processor.py:925} INFO - DAG(s) 'tutorial' retrieved from /home/airflow/.local/lib/python3.12/site-packages/airflow/example_dags/tutorial.py
[2025-08-20T08:36:36.175+0000] {logging_mixin.py:190} INFO - [2025-08-20T08:36:36.175+0000] {dag.py:3239} INFO - Sync 1 DAGs
[2025-08-20T08:36:36.205+0000] {logging_mixin.py:190} INFO - [2025-08-20T08:36:36.205+0000] {dag.py:4180} INFO - Setting next_dagrun for tutorial to 2025-08-19 00:00:00+00:00, run_after=2025-08-20 00:00:00+00:00
[2025-08-20T08:36:36.434+0000] {processor.py:208} INFO - Processing /home/airflow/.local/lib/python3.12/site-packages/airflow/example_dags/tutorial.py took 0.320 seconds
[2025-08-20T08:37:06.977+0000] {processor.py:186} INFO - Started process (PID=97) to work on /home/airflow/.local/lib/python3.12/site-packages/airflow/example_dags/tutorial.py
[2025-08-20T08:37:06.978+0000] {processor.py:914} INFO - Processing file /home/airflow/.local/lib/python3.12/site-packages/airflow/example_dags/tutorial.py for tasks to queue
[2025-08-20T08:37:06.981+0000] {logging_mixin.py:190} INFO - [2025-08-20T08:37:06.981+0000] {dagbag.py:588} INFO - Filling up the DagBag from /home/airflow/.local/lib/python3.12/site-packages/airflow/example_dags/tutorial.py
[2025-08-20T08:37:06.992+0000] {processor.py:925} INFO - DAG(s) 'tutorial' retrieved from /home/airflow/.local/lib/python3.12/site-packages/airflow/example_dags/tutorial.py
[2025-08-20T08:37:07.020+0000] {logging_mixin.py:190} INFO - [2025-08-20T08:37:07.020+0000] {dag.py:3239} INFO - Sync 1 DAGs
[2025-08-20T08:37:07.053+0000] {logging_mixin.py:190} INFO - [2025-08-20T08:37:07.052+0000] {dag.py:4180} INFO - Setting next_dagrun for tutorial to 2025-08-19 00:00:00+00:00, run_after=2025-08-20 00:00:00+00:00
[2025-08-20T08:37:07.257+0000] {processor.py:208} INFO - Processing /home/airflow/.local/lib/python3.12/site-packages/airflow/example_dags/tutorial.py took 0.289 seconds
[2025-08-20T08:37:37.976+0000] {processor.py:186} INFO - Started process (PID=153) to work on /home/airflow/.local/lib/python3.12/site-packages/airflow/example_dags/tutorial.py
[2025-08-20T08:37:37.977+0000] {processor.py:914} INFO - Processing file /home/airflow/.local/lib/python3.12/site-packages/airflow/example_dags/tutorial.py for tasks to queue
[2025-08-20T08:37:37.981+0000] {logging_mixin.py:190} INFO - [2025-08-20T08:37:37.981+0000] {dagbag.py:588} INFO - Filling up the DagBag from /home/airflow/.local/lib/python3.12/site-packages/airflow/example_dags/tutorial.py
[2025-08-20T08:37:37.992+0000] {processor.py:925} INFO - DAG(s) 'tutorial' retrieved from /home/airflow/.local/lib/python3.12/site-packages/airflow/example_dags/tutorial.py
[2025-08-20T08:37:38.019+0000] {logging_mixin.py:190} INFO - [2025-08-20T08:37:38.018+0000] {dag.py:3239} INFO - Sync 1 DAGs
[2025-08-20T08:37:38.050+0000] {logging_mixin.py:190} INFO - [2025-08-20T08:37:38.049+0000] {dag.py:4180} INFO - Setting next_dagrun for tutorial to 2025-08-19 00:00:00+00:00, run_after=2025-08-20 00:00:00+00:00
[2025-08-20T08:37:38.362+0000] {processor.py:208} INFO - Processing /home/airflow/.local/lib/python3.12/site-packages/airflow/example_dags/tutorial.py took 0.394 seconds
[2025-08-20T08:38:08.757+0000] {processor.py:186} INFO - Started process (PID=209) to work on /home/airflow/.local/lib/python3.12/site-packages/airflow/example_dags/tutorial.py
[2025-08-20T08:38:08.758+0000] {processor.py:914} INFO - Processing file /home/airflow/.local/lib/python3.12/site-packages/airflow/example_dags/tutorial.py for tasks to queue
[2025-08-20T08:38:08.761+0000] {logging_mixin.py:190} INFO - [2025-08-20T08:38:08.760+0000] {dagbag.py:588} INFO - Filling up the DagBag from /home/airflow/.local/lib/python3.12/site-packages/airflow/example_dags/tutorial.py
[2025-08-20T08:38:08.772+0000] {processor.py:925} INFO - DAG(s) 'tutorial' retrieved from /home/airflow/.local/lib/python3.12/site-packages/airflow/example_dags/tutorial.py
[2025-08-20T08:38:08.795+0000] {logging_mixin.py:190} INFO - [2025-08-20T08:38:08.795+0000] {dag.py:3239} INFO - Sync 1 DAGs
[2025-08-20T08:38:08.824+0000] {logging_mixin.py:190} INFO - [2025-08-20T08:38:08.824+0000] {dag.py:4180} INFO - Setting next_dagrun for tutorial to 2025-08-19 00:00:00+00:00, run_after=2025-08-20 00:00:00+00:00
[2025-08-20T08:38:08.843+0000] {processor.py:208} INFO - Processing /home/airflow/.local/lib/python3.12/site-packages/airflow/example_dags/tutorial.py took 0.095 seconds
[2025-08-20T08:38:39.229+0000] {processor.py:186} INFO - Started process (PID=265) to work on /home/airflow/.local/lib/python3.12/site-packages/airflow/example_dags/tutorial.py
[2025-08-20T08:38:39.231+0000] {processor.py:914} INFO - Processing file /home/airflow/.local/lib/python3.12/site-packages/airflow/example_dags/tutorial.py for tasks to queue
[2025-08-20T08:38:39.234+0000] {logging_mixin.py:190} INFO - [2025-08-20T08:38:39.233+0000] {dagbag.py:588} INFO - Filling up the DagBag from /home/airflow/.local/lib/python3.12/site-packages/airflow/example_dags/tutorial.py
[2025-08-20T08:38:39.244+0000] {processor.py:925} INFO - DAG(s) 'tutorial' retrieved from /home/airflow/.local/lib/python3.12/site-packages/airflow/example_dags/tutorial.py
[2025-08-20T08:38:39.270+0000] {logging_mixin.py:190} INFO - [2025-08-20T08:38:39.269+0000] {dag.py:3239} INFO - Sync 1 DAGs
[2025-08-20T08:38:39.300+0000] {logging_mixin.py:190} INFO - [2025-08-20T08:38:39.299+0000] {dag.py:4180} INFO - Setting next_dagrun for tutorial to 2025-08-19 00:00:00+00:00, run_after=2025-08-20 00:00:00+00:00
[2025-08-20T08:38:39.320+0000] {processor.py:208} INFO - Processing /home/airflow/.local/lib/python3.12/site-packages/airflow/example_dags/tutorial.py took 0.098 seconds
[2025-08-20T08:39:09.656+0000] {processor.py:186} INFO - Started process (PID=321) to work on /home/airflow/.local/lib/python3.12/site-packages/airflow/example_dags/tutorial.py
[2025-08-20T08:39:09.657+0000] {processor.py:914} INFO - Processing file /home/airflow/.local/lib/python3.12/site-packages/airflow/example_dags/tutorial.py for tasks to queue
[2025-08-20T08:39:09.660+0000] {logging_mixin.py:190} INFO - [2025-08-20T08:39:09.660+0000] {dagbag.py:588} INFO - Filling up the DagBag from /home/airflow/.local/lib/python3.12/site-packages/airflow/example_dags/tutorial.py
[2025-08-20T08:39:09.672+0000] {processor.py:925} INFO - DAG(s) 'tutorial' retrieved from /home/airflow/.local/lib/python3.12/site-packages/airflow/example_dags/tutorial.py
[2025-08-20T08:39:09.699+0000] {logging_mixin.py:190} INFO - [2025-08-20T08:39:09.698+0000] {dag.py:3239} INFO - Sync 1 DAGs
[2025-08-20T08:39:09.732+0000] {logging_mixin.py:190} INFO - [2025-08-20T08:39:09.731+0000] {dag.py:4180} INFO - Setting next_dagrun for tutorial to 2025-08-19 00:00:00+00:00, run_after=2025-08-20 00:00:00+00:00
[2025-08-20T08:39:09.754+0000] {processor.py:208} INFO - Processing /home/airflow/.local/lib/python3.12/site-packages/airflow/example_dags/tutorial.py took 0.108 seconds
[2025-08-20T08:40:44.603+0000] {processor.py:186} INFO - Started process (PID=41) to work on /home/airflow/.local/lib/python3.12/site-packages/airflow/example_dags/tutorial.py
[2025-08-20T08:40:44.724+0000] {processor.py:914} INFO - Processing file /home/airflow/.local/lib/python3.12/site-packages/airflow/example_dags/tutorial.py for tasks to queue
[2025-08-20T08:40:44.728+0000] {logging_mixin.py:190} INFO - [2025-08-20T08:40:44.727+0000] {dagbag.py:588} INFO - Filling up the DagBag from /home/airflow/.local/lib/python3.12/site-packages/airflow/example_dags/tutorial.py
[2025-08-20T08:40:44.742+0000] {processor.py:925} INFO - DAG(s) 'tutorial' retrieved from /home/airflow/.local/lib/python3.12/site-packages/airflow/example_dags/tutorial.py
[2025-08-20T08:40:44.779+0000] {logging_mixin.py:190} INFO - [2025-08-20T08:40:44.779+0000] {dag.py:3239} INFO - Sync 1 DAGs
[2025-08-20T08:40:44.816+0000] {logging_mixin.py:190} INFO - [2025-08-20T08:40:44.816+0000] {dag.py:4180} INFO - Setting next_dagrun for tutorial to 2025-08-19 00:00:00+00:00, run_after=2025-08-20 00:00:00+00:00
[2025-08-20T08:40:44.951+0000] {processor.py:208} INFO - Processing /home/airflow/.local/lib/python3.12/site-packages/airflow/example_dags/tutorial.py took 0.357 seconds
[2025-08-20T08:41:15.557+0000] {processor.py:186} INFO - Started process (PID=97) to work on /home/airflow/.local/lib/python3.12/site-packages/airflow/example_dags/tutorial.py
[2025-08-20T08:41:15.558+0000] {processor.py:914} INFO - Processing file /home/airflow/.local/lib/python3.12/site-packages/airflow/example_dags/tutorial.py for tasks to queue
[2025-08-20T08:41:15.562+0000] {logging_mixin.py:190} INFO - [2025-08-20T08:41:15.561+0000] {dagbag.py:588} INFO - Filling up the DagBag from /home/airflow/.local/lib/python3.12/site-packages/airflow/example_dags/tutorial.py
[2025-08-20T08:41:15.574+0000] {processor.py:925} INFO - DAG(s) 'tutorial' retrieved from /home/airflow/.local/lib/python3.12/site-packages/airflow/example_dags/tutorial.py
[2025-08-20T08:41:15.602+0000] {logging_mixin.py:190} INFO - [2025-08-20T08:41:15.602+0000] {dag.py:3239} INFO - Sync 1 DAGs
[2025-08-20T08:41:15.637+0000] {logging_mixin.py:190} INFO - [2025-08-20T08:41:15.637+0000] {dag.py:4180} INFO - Setting next_dagrun for tutorial to 2025-08-19 00:00:00+00:00, run_after=2025-08-20 00:00:00+00:00
[2025-08-20T08:41:15.937+0000] {processor.py:208} INFO - Processing /home/airflow/.local/lib/python3.12/site-packages/airflow/example_dags/tutorial.py took 0.390 seconds
[2025-08-20T08:41:46.313+0000] {processor.py:186} INFO - Started process (PID=153) to work on /home/airflow/.local/lib/python3.12/site-packages/airflow/example_dags/tutorial.py
[2025-08-20T08:41:46.314+0000] {processor.py:914} INFO - Processing file /home/airflow/.local/lib/python3.12/site-packages/airflow/example_dags/tutorial.py for tasks to queue
[2025-08-20T08:41:46.319+0000] {logging_mixin.py:190} INFO - [2025-08-20T08:41:46.318+0000] {dagbag.py:588} INFO - Filling up the DagBag from /home/airflow/.local/lib/python3.12/site-packages/airflow/example_dags/tutorial.py
[2025-08-20T08:41:46.333+0000] {processor.py:925} INFO - DAG(s) 'tutorial' retrieved from /home/airflow/.local/lib/python3.12/site-packages/airflow/example_dags/tutorial.py
[2025-08-20T08:41:46.364+0000] {logging_mixin.py:190} INFO - [2025-08-20T08:41:46.363+0000] {dag.py:3239} INFO - Sync 1 DAGs
[2025-08-20T08:41:46.398+0000] {logging_mixin.py:190} INFO - [2025-08-20T08:41:46.398+0000] {dag.py:4180} INFO - Setting next_dagrun for tutorial to 2025-08-19 00:00:00+00:00, run_after=2025-08-20 00:00:00+00:00
[2025-08-20T08:41:46.422+0000] {processor.py:208} INFO - Processing /home/airflow/.local/lib/python3.12/site-packages/airflow/example_dags/tutorial.py took 0.120 seconds
[2025-08-20T08:42:16.773+0000] {processor.py:186} INFO - Started process (PID=209) to work on /home/airflow/.local/lib/python3.12/site-packages/airflow/example_dags/tutorial.py
[2025-08-20T08:42:16.774+0000] {processor.py:914} INFO - Processing file /home/airflow/.local/lib/python3.12/site-packages/airflow/example_dags/tutorial.py for tasks to queue
[2025-08-20T08:42:16.777+0000] {logging_mixin.py:190} INFO - [2025-08-20T08:42:16.777+0000] {dagbag.py:588} INFO - Filling up the DagBag from /home/airflow/.local/lib/python3.12/site-packages/airflow/example_dags/tutorial.py
[2025-08-20T08:42:16.787+0000] {processor.py:925} INFO - DAG(s) 'tutorial' retrieved from /home/airflow/.local/lib/python3.12/site-packages/airflow/example_dags/tutorial.py
[2025-08-20T08:42:16.810+0000] {logging_mixin.py:190} INFO - [2025-08-20T08:42:16.810+0000] {dag.py:3239} INFO - Sync 1 DAGs
[2025-08-20T08:42:16.838+0000] {logging_mixin.py:190} INFO - [2025-08-20T08:42:16.838+0000] {dag.py:4180} INFO - Setting next_dagrun for tutorial to 2025-08-19 00:00:00+00:00, run_after=2025-08-20 00:00:00+00:00
[2025-08-20T08:42:16.858+0000] {processor.py:208} INFO - Processing /home/airflow/.local/lib/python3.12/site-packages/airflow/example_dags/tutorial.py took 0.094 seconds
[2025-08-20T08:42:47.192+0000] {processor.py:186} INFO - Started process (PID=265) to work on /home/airflow/.local/lib/python3.12/site-packages/airflow/example_dags/tutorial.py
[2025-08-20T08:42:47.194+0000] {processor.py:914} INFO - Processing file /home/airflow/.local/lib/python3.12/site-packages/airflow/example_dags/tutorial.py for tasks to queue
[2025-08-20T08:42:47.197+0000] {logging_mixin.py:190} INFO - [2025-08-20T08:42:47.197+0000] {dagbag.py:588} INFO - Filling up the DagBag from /home/airflow/.local/lib/python3.12/site-packages/airflow/example_dags/tutorial.py
[2025-08-20T08:42:47.207+0000] {processor.py:925} INFO - DAG(s) 'tutorial' retrieved from /home/airflow/.local/lib/python3.12/site-packages/airflow/example_dags/tutorial.py
[2025-08-20T08:42:47.231+0000] {logging_mixin.py:190} INFO - [2025-08-20T08:42:47.231+0000] {dag.py:3239} INFO - Sync 1 DAGs
[2025-08-20T08:42:47.260+0000] {logging_mixin.py:190} INFO - [2025-08-20T08:42:47.259+0000] {dag.py:4180} INFO - Setting next_dagrun for tutorial to 2025-08-19 00:00:00+00:00, run_after=2025-08-20 00:00:00+00:00
[2025-08-20T08:42:47.278+0000] {processor.py:208} INFO - Processing /home/airflow/.local/lib/python3.12/site-packages/airflow/example_dags/tutorial.py took 0.094 seconds
[2025-08-20T08:43:17.900+0000] {processor.py:186} INFO - Started process (PID=321) to work on /home/airflow/.local/lib/python3.12/site-packages/airflow/example_dags/tutorial.py
[2025-08-20T08:43:17.902+0000] {processor.py:914} INFO - Processing file /home/airflow/.local/lib/python3.12/site-packages/airflow/example_dags/tutorial.py for tasks to queue
[2025-08-20T08:43:17.905+0000] {logging_mixin.py:190} INFO - [2025-08-20T08:43:17.904+0000] {dagbag.py:588} INFO - Filling up the DagBag from /home/airflow/.local/lib/python3.12/site-packages/airflow/example_dags/tutorial.py
[2025-08-20T08:43:17.916+0000] {processor.py:925} INFO - DAG(s) 'tutorial' retrieved from /home/airflow/.local/lib/python3.12/site-packages/airflow/example_dags/tutorial.py
[2025-08-20T08:43:17.943+0000] {logging_mixin.py:190} INFO - [2025-08-20T08:43:17.942+0000] {dag.py:3239} INFO - Sync 1 DAGs
[2025-08-20T08:43:17.974+0000] {logging_mixin.py:190} INFO - [2025-08-20T08:43:17.974+0000] {dag.py:4180} INFO - Setting next_dagrun for tutorial to 2025-08-19 00:00:00+00:00, run_after=2025-08-20 00:00:00+00:00
[2025-08-20T08:43:17.996+0000] {processor.py:208} INFO - Processing /home/airflow/.local/lib/python3.12/site-packages/airflow/example_dags/tutorial.py took 0.105 seconds
[2025-08-20T08:43:48.347+0000] {processor.py:186} INFO - Started process (PID=377) to work on /home/airflow/.local/lib/python3.12/site-packages/airflow/example_dags/tutorial.py
[2025-08-20T08:43:48.354+0000] {processor.py:914} INFO - Processing file /home/airflow/.local/lib/python3.12/site-packages/airflow/example_dags/tutorial.py for tasks to queue
[2025-08-20T08:43:48.358+0000] {logging_mixin.py:190} INFO - [2025-08-20T08:43:48.357+0000] {dagbag.py:588} INFO - Filling up the DagBag from /home/airflow/.local/lib/python3.12/site-packages/airflow/example_dags/tutorial.py
[2025-08-20T08:43:48.369+0000] {processor.py:925} INFO - DAG(s) 'tutorial' retrieved from /home/airflow/.local/lib/python3.12/site-packages/airflow/example_dags/tutorial.py
[2025-08-20T08:43:48.398+0000] {logging_mixin.py:190} INFO - [2025-08-20T08:43:48.398+0000] {dag.py:3239} INFO - Sync 1 DAGs
[2025-08-20T08:43:48.429+0000] {logging_mixin.py:190} INFO - [2025-08-20T08:43:48.428+0000] {dag.py:4180} INFO - Setting next_dagrun for tutorial to 2025-08-19 00:00:00+00:00, run_after=2025-08-20 00:00:00+00:00
[2025-08-20T08:43:48.449+0000] {processor.py:208} INFO - Processing /home/airflow/.local/lib/python3.12/site-packages/airflow/example_dags/tutorial.py took 0.110 seconds
[2025-08-20T08:44:18.887+0000] {processor.py:186} INFO - Started process (PID=433) to work on /home/airflow/.local/lib/python3.12/site-packages/airflow/example_dags/tutorial.py
[2025-08-20T08:44:18.889+0000] {processor.py:914} INFO - Processing file /home/airflow/.local/lib/python3.12/site-packages/airflow/example_dags/tutorial.py for tasks to queue
[2025-08-20T08:44:18.892+0000] {logging_mixin.py:190} INFO - [2025-08-20T08:44:18.891+0000] {dagbag.py:588} INFO - Filling up the DagBag from /home/airflow/.local/lib/python3.12/site-packages/airflow/example_dags/tutorial.py
[2025-08-20T08:44:18.902+0000] {processor.py:925} INFO - DAG(s) 'tutorial' retrieved from /home/airflow/.local/lib/python3.12/site-packages/airflow/example_dags/tutorial.py
[2025-08-20T08:44:18.925+0000] {logging_mixin.py:190} INFO - [2025-08-20T08:44:18.925+0000] {dag.py:3239} INFO - Sync 1 DAGs
[2025-08-20T08:44:18.952+0000] {logging_mixin.py:190} INFO - [2025-08-20T08:44:18.952+0000] {dag.py:4180} INFO - Setting next_dagrun for tutorial to 2025-08-19 00:00:00+00:00, run_after=2025-08-20 00:00:00+00:00
[2025-08-20T08:44:18.971+0000] {processor.py:208} INFO - Processing /home/airflow/.local/lib/python3.12/site-packages/airflow/example_dags/tutorial.py took 0.092 seconds
[2025-08-20T08:44:49.326+0000] {processor.py:186} INFO - Started process (PID=489) to work on /home/airflow/.local/lib/python3.12/site-packages/airflow/example_dags/tutorial.py
[2025-08-20T08:44:49.327+0000] {processor.py:914} INFO - Processing file /home/airflow/.local/lib/python3.12/site-packages/airflow/example_dags/tutorial.py for tasks to queue
[2025-08-20T08:44:49.330+0000] {logging_mixin.py:190} INFO - [2025-08-20T08:44:49.330+0000] {dagbag.py:588} INFO - Filling up the DagBag from /home/airflow/.local/lib/python3.12/site-packages/airflow/example_dags/tutorial.py
[2025-08-20T08:44:49.341+0000] {processor.py:925} INFO - DAG(s) 'tutorial' retrieved from /home/airflow/.local/lib/python3.12/site-packages/airflow/example_dags/tutorial.py
[2025-08-20T08:44:49.364+0000] {logging_mixin.py:190} INFO - [2025-08-20T08:44:49.364+0000] {dag.py:3239} INFO - Sync 1 DAGs
[2025-08-20T08:44:49.392+0000] {logging_mixin.py:190} INFO - [2025-08-20T08:44:49.391+0000] {dag.py:4180} INFO - Setting next_dagrun for tutorial to 2025-08-19 00:00:00+00:00, run_after=2025-08-20 00:00:00+00:00
[2025-08-20T08:44:49.436+0000] {processor.py:208} INFO - Processing /home/airflow/.local/lib/python3.12/site-packages/airflow/example_dags/tutorial.py took 0.118 seconds
[2025-08-20T08:45:19.678+0000] {processor.py:186} INFO - Started process (PID=545) to work on /home/airflow/.local/lib/python3.12/site-packages/airflow/example_dags/tutorial.py
[2025-08-20T08:45:19.680+0000] {processor.py:914} INFO - Processing file /home/airflow/.local/lib/python3.12/site-packages/airflow/example_dags/tutorial.py for tasks to queue
[2025-08-20T08:45:19.683+0000] {logging_mixin.py:190} INFO - [2025-08-20T08:45:19.683+0000] {dagbag.py:588} INFO - Filling up the DagBag from /home/airflow/.local/lib/python3.12/site-packages/airflow/example_dags/tutorial.py
[2025-08-20T08:45:19.694+0000] {processor.py:925} INFO - DAG(s) 'tutorial' retrieved from /home/airflow/.local/lib/python3.12/site-packages/airflow/example_dags/tutorial.py
[2025-08-20T08:45:19.718+0000] {logging_mixin.py:190} INFO - [2025-08-20T08:45:19.718+0000] {dag.py:3239} INFO - Sync 1 DAGs
[2025-08-20T08:45:19.747+0000] {logging_mixin.py:190} INFO - [2025-08-20T08:45:19.747+0000] {dag.py:4180} INFO - Setting next_dagrun for tutorial to 2025-08-19 00:00:00+00:00, run_after=2025-08-20 00:00:00+00:00
[2025-08-20T08:45:19.768+0000] {processor.py:208} INFO - Processing /home/airflow/.local/lib/python3.12/site-packages/airflow/example_dags/tutorial.py took 0.098 seconds
[2025-08-20T08:46:23.516+0000] {processor.py:186} INFO - Started process (PID=41) to work on /home/airflow/.local/lib/python3.12/site-packages/airflow/example_dags/tutorial.py
[2025-08-20T08:46:23.517+0000] {processor.py:914} INFO - Processing file /home/airflow/.local/lib/python3.12/site-packages/airflow/example_dags/tutorial.py for tasks to queue
[2025-08-20T08:46:23.520+0000] {logging_mixin.py:190} INFO - [2025-08-20T08:46:23.520+0000] {dagbag.py:588} INFO - Filling up the DagBag from /home/airflow/.local/lib/python3.12/site-packages/airflow/example_dags/tutorial.py
[2025-08-20T08:46:23.534+0000] {processor.py:925} INFO - DAG(s) 'tutorial' retrieved from /home/airflow/.local/lib/python3.12/site-packages/airflow/example_dags/tutorial.py
[2025-08-20T08:46:23.572+0000] {logging_mixin.py:190} INFO - [2025-08-20T08:46:23.572+0000] {dag.py:3239} INFO - Sync 1 DAGs
[2025-08-20T08:46:23.607+0000] {logging_mixin.py:190} INFO - [2025-08-20T08:46:23.607+0000] {dag.py:4180} INFO - Setting next_dagrun for tutorial to 2025-08-19 00:00:00+00:00, run_after=2025-08-20 00:00:00+00:00
[2025-08-20T08:46:23.880+0000] {processor.py:208} INFO - Processing /home/airflow/.local/lib/python3.12/site-packages/airflow/example_dags/tutorial.py took 0.373 seconds
[2025-08-20T08:46:54.399+0000] {processor.py:186} INFO - Started process (PID=97) to work on /home/airflow/.local/lib/python3.12/site-packages/airflow/example_dags/tutorial.py
[2025-08-20T08:46:54.401+0000] {processor.py:914} INFO - Processing file /home/airflow/.local/lib/python3.12/site-packages/airflow/example_dags/tutorial.py for tasks to queue
[2025-08-20T08:46:54.405+0000] {logging_mixin.py:190} INFO - [2025-08-20T08:46:54.405+0000] {dagbag.py:588} INFO - Filling up the DagBag from /home/airflow/.local/lib/python3.12/site-packages/airflow/example_dags/tutorial.py
[2025-08-20T08:46:54.418+0000] {processor.py:925} INFO - DAG(s) 'tutorial' retrieved from /home/airflow/.local/lib/python3.12/site-packages/airflow/example_dags/tutorial.py
[2025-08-20T08:46:54.444+0000] {logging_mixin.py:190} INFO - [2025-08-20T08:46:54.444+0000] {dag.py:3239} INFO - Sync 1 DAGs
[2025-08-20T08:46:54.477+0000] {logging_mixin.py:190} INFO - [2025-08-20T08:46:54.476+0000] {dag.py:4180} INFO - Setting next_dagrun for tutorial to 2025-08-19 00:00:00+00:00, run_after=2025-08-20 00:00:00+00:00
[2025-08-20T08:46:54.665+0000] {processor.py:208} INFO - Processing /home/airflow/.local/lib/python3.12/site-packages/airflow/example_dags/tutorial.py took 0.275 seconds
[2025-08-20T08:47:24.904+0000] {processor.py:186} INFO - Started process (PID=153) to work on /home/airflow/.local/lib/python3.12/site-packages/airflow/example_dags/tutorial.py
[2025-08-20T08:47:24.906+0000] {processor.py:914} INFO - Processing file /home/airflow/.local/lib/python3.12/site-packages/airflow/example_dags/tutorial.py for tasks to queue
[2025-08-20T08:47:24.910+0000] {logging_mixin.py:190} INFO - [2025-08-20T08:47:24.909+0000] {dagbag.py:588} INFO - Filling up the DagBag from /home/airflow/.local/lib/python3.12/site-packages/airflow/example_dags/tutorial.py
[2025-08-20T08:47:24.923+0000] {processor.py:925} INFO - DAG(s) 'tutorial' retrieved from /home/airflow/.local/lib/python3.12/site-packages/airflow/example_dags/tutorial.py
[2025-08-20T08:47:24.951+0000] {logging_mixin.py:190} INFO - [2025-08-20T08:47:24.950+0000] {dag.py:3239} INFO - Sync 1 DAGs
[2025-08-20T08:47:24.981+0000] {logging_mixin.py:190} INFO - [2025-08-20T08:47:24.980+0000] {dag.py:4180} INFO - Setting next_dagrun for tutorial to 2025-08-19 00:00:00+00:00, run_after=2025-08-20 00:00:00+00:00
[2025-08-20T08:47:25.333+0000] {processor.py:208} INFO - Processing /home/airflow/.local/lib/python3.12/site-packages/airflow/example_dags/tutorial.py took 0.439 seconds
[2025-08-20T08:47:56.125+0000] {processor.py:186} INFO - Started process (PID=209) to work on /home/airflow/.local/lib/python3.12/site-packages/airflow/example_dags/tutorial.py
[2025-08-20T08:47:56.126+0000] {processor.py:914} INFO - Processing file /home/airflow/.local/lib/python3.12/site-packages/airflow/example_dags/tutorial.py for tasks to queue
[2025-08-20T08:47:56.130+0000] {logging_mixin.py:190} INFO - [2025-08-20T08:47:56.130+0000] {dagbag.py:588} INFO - Filling up the DagBag from /home/airflow/.local/lib/python3.12/site-packages/airflow/example_dags/tutorial.py
[2025-08-20T08:47:56.143+0000] {processor.py:925} INFO - DAG(s) 'tutorial' retrieved from /home/airflow/.local/lib/python3.12/site-packages/airflow/example_dags/tutorial.py
[2025-08-20T08:47:56.166+0000] {logging_mixin.py:190} INFO - [2025-08-20T08:47:56.166+0000] {dag.py:3239} INFO - Sync 1 DAGs
[2025-08-20T08:47:56.194+0000] {logging_mixin.py:190} INFO - [2025-08-20T08:47:56.194+0000] {dag.py:4180} INFO - Setting next_dagrun for tutorial to 2025-08-19 00:00:00+00:00, run_after=2025-08-20 00:00:00+00:00
[2025-08-20T08:47:56.215+0000] {processor.py:208} INFO - Processing /home/airflow/.local/lib/python3.12/site-packages/airflow/example_dags/tutorial.py took 0.100 seconds
