[2025-08-25T06:33:38.373+0000] {processor.py:161} INFO - Started process (PID=4299) to work on /opt/airflow/dags/00_hello.py
[2025-08-25T06:33:38.374+0000] {processor.py:830} INFO - Processing file /opt/airflow/dags/00_hello.py for tasks to queue
[2025-08-25T06:33:38.376+0000] {logging_mixin.py:188} INFO - [2025-08-25T06:33:38.376+0000] {dagbag.py:545} INFO - Filling up the DagBag from /opt/airflow/dags/00_hello.py
[2025-08-25T06:33:38.383+0000] {processor.py:840} INFO - DAG(s) 'hello_world' retrieved from /opt/airflow/dags/00_hello.py
[2025-08-25T06:33:38.525+0000] {logging_mixin.py:188} INFO - [2025-08-25T06:33:38.524+0000] {override.py:1829} INFO - Created Permission View: can read on DAG:hello_world
[2025-08-25T06:33:38.537+0000] {logging_mixin.py:188} INFO - [2025-08-25T06:33:38.537+0000] {override.py:1829} INFO - Created Permission View: can edit on DAG:hello_world
[2025-08-25T06:33:38.544+0000] {logging_mixin.py:188} INFO - [2025-08-25T06:33:38.544+0000] {override.py:1829} INFO - Created Permission View: can delete on DAG:hello_world
[2025-08-25T06:33:38.544+0000] {logging_mixin.py:188} INFO - [2025-08-25T06:33:38.544+0000] {dag.py:3096} INFO - Sync 1 DAGs
[2025-08-25T06:33:38.562+0000] {logging_mixin.py:188} INFO - [2025-08-25T06:33:38.561+0000] {dag.py:3118} INFO - Creating ORM DAG for hello_world
[2025-08-25T06:33:38.563+0000] {logging_mixin.py:188} INFO - [2025-08-25T06:33:38.562+0000] {dag.py:3954} INFO - Setting next_dagrun for hello_world to None, run_after=None
[2025-08-25T06:33:38.581+0000] {processor.py:183} INFO - Processing /opt/airflow/dags/00_hello.py took 0.217 seconds
[2025-08-25T06:34:09.238+0000] {processor.py:161} INFO - Started process (PID=4362) to work on /opt/airflow/dags/00_hello.py
[2025-08-25T06:34:09.240+0000] {processor.py:830} INFO - Processing file /opt/airflow/dags/00_hello.py for tasks to queue
[2025-08-25T06:34:09.242+0000] {logging_mixin.py:188} INFO - [2025-08-25T06:34:09.242+0000] {dagbag.py:545} INFO - Filling up the DagBag from /opt/airflow/dags/00_hello.py
[2025-08-25T06:34:09.249+0000] {processor.py:840} INFO - DAG(s) 'hello_world' retrieved from /opt/airflow/dags/00_hello.py
[2025-08-25T06:34:09.275+0000] {logging_mixin.py:188} INFO - [2025-08-25T06:34:09.274+0000] {dag.py:3096} INFO - Sync 1 DAGs
[2025-08-25T06:34:09.293+0000] {logging_mixin.py:188} INFO - [2025-08-25T06:34:09.293+0000] {dag.py:3954} INFO - Setting next_dagrun for hello_world to None, run_after=None
[2025-08-25T06:34:09.318+0000] {processor.py:183} INFO - Processing /opt/airflow/dags/00_hello.py took 0.089 seconds
[2025-08-25T06:34:39.780+0000] {processor.py:161} INFO - Started process (PID=4425) to work on /opt/airflow/dags/00_hello.py
[2025-08-25T06:34:39.782+0000] {processor.py:830} INFO - Processing file /opt/airflow/dags/00_hello.py for tasks to queue
[2025-08-25T06:34:39.785+0000] {logging_mixin.py:188} INFO - [2025-08-25T06:34:39.784+0000] {dagbag.py:545} INFO - Filling up the DagBag from /opt/airflow/dags/00_hello.py
[2025-08-25T06:34:39.791+0000] {processor.py:840} INFO - DAG(s) 'hello_world' retrieved from /opt/airflow/dags/00_hello.py
[2025-08-25T06:34:39.819+0000] {logging_mixin.py:188} INFO - [2025-08-25T06:34:39.819+0000] {dag.py:3096} INFO - Sync 1 DAGs
[2025-08-25T06:34:39.836+0000] {logging_mixin.py:188} INFO - [2025-08-25T06:34:39.836+0000] {dag.py:3954} INFO - Setting next_dagrun for hello_world to None, run_after=None
[2025-08-25T06:34:39.858+0000] {processor.py:183} INFO - Processing /opt/airflow/dags/00_hello.py took 0.087 seconds
[2025-08-25T06:35:10.261+0000] {processor.py:161} INFO - Started process (PID=4488) to work on /opt/airflow/dags/00_hello.py
[2025-08-25T06:35:10.263+0000] {processor.py:830} INFO - Processing file /opt/airflow/dags/00_hello.py for tasks to queue
[2025-08-25T06:35:10.266+0000] {logging_mixin.py:188} INFO - [2025-08-25T06:35:10.266+0000] {dagbag.py:545} INFO - Filling up the DagBag from /opt/airflow/dags/00_hello.py
[2025-08-25T06:35:10.275+0000] {processor.py:840} INFO - DAG(s) 'hello_world' retrieved from /opt/airflow/dags/00_hello.py
[2025-08-25T06:35:10.304+0000] {logging_mixin.py:188} INFO - [2025-08-25T06:35:10.303+0000] {dag.py:3096} INFO - Sync 1 DAGs
[2025-08-25T06:35:10.324+0000] {logging_mixin.py:188} INFO - [2025-08-25T06:35:10.323+0000] {dag.py:3954} INFO - Setting next_dagrun for hello_world to None, run_after=None
[2025-08-25T06:35:10.352+0000] {processor.py:183} INFO - Processing /opt/airflow/dags/00_hello.py took 0.104 seconds
[2025-08-25T06:35:40.575+0000] {processor.py:161} INFO - Started process (PID=4551) to work on /opt/airflow/dags/00_hello.py
[2025-08-25T06:35:40.577+0000] {processor.py:830} INFO - Processing file /opt/airflow/dags/00_hello.py for tasks to queue
[2025-08-25T06:35:40.580+0000] {logging_mixin.py:188} INFO - [2025-08-25T06:35:40.579+0000] {dagbag.py:545} INFO - Filling up the DagBag from /opt/airflow/dags/00_hello.py
[2025-08-25T06:35:40.587+0000] {processor.py:840} INFO - DAG(s) 'hello_world' retrieved from /opt/airflow/dags/00_hello.py
[2025-08-25T06:35:40.615+0000] {logging_mixin.py:188} INFO - [2025-08-25T06:35:40.615+0000] {dag.py:3096} INFO - Sync 1 DAGs
[2025-08-25T06:35:40.635+0000] {logging_mixin.py:188} INFO - [2025-08-25T06:35:40.635+0000] {dag.py:3954} INFO - Setting next_dagrun for hello_world to None, run_after=None
[2025-08-25T06:35:40.663+0000] {processor.py:183} INFO - Processing /opt/airflow/dags/00_hello.py took 0.098 seconds
[2025-08-25T06:36:11.048+0000] {processor.py:161} INFO - Started process (PID=4614) to work on /opt/airflow/dags/00_hello.py
[2025-08-25T06:36:11.050+0000] {processor.py:830} INFO - Processing file /opt/airflow/dags/00_hello.py for tasks to queue
[2025-08-25T06:36:11.053+0000] {logging_mixin.py:188} INFO - [2025-08-25T06:36:11.053+0000] {dagbag.py:545} INFO - Filling up the DagBag from /opt/airflow/dags/00_hello.py
[2025-08-25T06:36:11.060+0000] {processor.py:840} INFO - DAG(s) 'hello_world' retrieved from /opt/airflow/dags/00_hello.py
[2025-08-25T06:36:11.088+0000] {logging_mixin.py:188} INFO - [2025-08-25T06:36:11.088+0000] {dag.py:3096} INFO - Sync 1 DAGs
[2025-08-25T06:36:11.107+0000] {logging_mixin.py:188} INFO - [2025-08-25T06:36:11.107+0000] {dag.py:3954} INFO - Setting next_dagrun for hello_world to None, run_after=None
[2025-08-25T06:36:11.135+0000] {processor.py:183} INFO - Processing /opt/airflow/dags/00_hello.py took 0.095 seconds
[2025-08-25T06:36:41.438+0000] {processor.py:161} INFO - Started process (PID=4677) to work on /opt/airflow/dags/00_hello.py
[2025-08-25T06:36:41.440+0000] {processor.py:830} INFO - Processing file /opt/airflow/dags/00_hello.py for tasks to queue
[2025-08-25T06:36:41.442+0000] {logging_mixin.py:188} INFO - [2025-08-25T06:36:41.442+0000] {dagbag.py:545} INFO - Filling up the DagBag from /opt/airflow/dags/00_hello.py
[2025-08-25T06:36:41.450+0000] {processor.py:840} INFO - DAG(s) 'hello_world' retrieved from /opt/airflow/dags/00_hello.py
[2025-08-25T06:36:41.476+0000] {logging_mixin.py:188} INFO - [2025-08-25T06:36:41.475+0000] {dag.py:3096} INFO - Sync 1 DAGs
[2025-08-25T06:36:41.494+0000] {logging_mixin.py:188} INFO - [2025-08-25T06:36:41.493+0000] {dag.py:3954} INFO - Setting next_dagrun for hello_world to None, run_after=None
[2025-08-25T06:36:41.517+0000] {processor.py:183} INFO - Processing /opt/airflow/dags/00_hello.py took 0.088 seconds
[2025-08-25T06:37:11.927+0000] {processor.py:161} INFO - Started process (PID=4740) to work on /opt/airflow/dags/00_hello.py
[2025-08-25T06:37:11.929+0000] {processor.py:830} INFO - Processing file /opt/airflow/dags/00_hello.py for tasks to queue
[2025-08-25T06:37:11.931+0000] {logging_mixin.py:188} INFO - [2025-08-25T06:37:11.931+0000] {dagbag.py:545} INFO - Filling up the DagBag from /opt/airflow/dags/00_hello.py
[2025-08-25T06:37:11.938+0000] {processor.py:840} INFO - DAG(s) 'hello_world' retrieved from /opt/airflow/dags/00_hello.py
[2025-08-25T06:37:11.966+0000] {logging_mixin.py:188} INFO - [2025-08-25T06:37:11.966+0000] {dag.py:3096} INFO - Sync 1 DAGs
[2025-08-25T06:37:11.984+0000] {logging_mixin.py:188} INFO - [2025-08-25T06:37:11.983+0000] {dag.py:3954} INFO - Setting next_dagrun for hello_world to None, run_after=None
[2025-08-25T06:37:12.009+0000] {processor.py:183} INFO - Processing /opt/airflow/dags/00_hello.py took 0.093 seconds
[2025-08-25T06:37:42.200+0000] {processor.py:161} INFO - Started process (PID=4803) to work on /opt/airflow/dags/00_hello.py
[2025-08-25T06:37:42.202+0000] {processor.py:830} INFO - Processing file /opt/airflow/dags/00_hello.py for tasks to queue
[2025-08-25T06:37:42.205+0000] {logging_mixin.py:188} INFO - [2025-08-25T06:37:42.204+0000] {dagbag.py:545} INFO - Filling up the DagBag from /opt/airflow/dags/00_hello.py
[2025-08-25T06:37:42.212+0000] {processor.py:840} INFO - DAG(s) 'hello_world' retrieved from /opt/airflow/dags/00_hello.py
[2025-08-25T06:37:42.237+0000] {logging_mixin.py:188} INFO - [2025-08-25T06:37:42.237+0000] {dag.py:3096} INFO - Sync 1 DAGs
[2025-08-25T06:37:42.255+0000] {logging_mixin.py:188} INFO - [2025-08-25T06:37:42.254+0000] {dag.py:3954} INFO - Setting next_dagrun for hello_world to None, run_after=None
[2025-08-25T06:37:42.278+0000] {processor.py:183} INFO - Processing /opt/airflow/dags/00_hello.py took 0.086 seconds
[2025-08-25T06:38:12.505+0000] {processor.py:161} INFO - Started process (PID=4866) to work on /opt/airflow/dags/00_hello.py
[2025-08-25T06:38:12.506+0000] {processor.py:830} INFO - Processing file /opt/airflow/dags/00_hello.py for tasks to queue
[2025-08-25T06:38:12.509+0000] {logging_mixin.py:188} INFO - [2025-08-25T06:38:12.509+0000] {dagbag.py:545} INFO - Filling up the DagBag from /opt/airflow/dags/00_hello.py
[2025-08-25T06:38:12.517+0000] {processor.py:840} INFO - DAG(s) 'hello_world' retrieved from /opt/airflow/dags/00_hello.py
[2025-08-25T06:38:12.544+0000] {logging_mixin.py:188} INFO - [2025-08-25T06:38:12.544+0000] {dag.py:3096} INFO - Sync 1 DAGs
[2025-08-25T06:38:12.562+0000] {logging_mixin.py:188} INFO - [2025-08-25T06:38:12.562+0000] {dag.py:3954} INFO - Setting next_dagrun for hello_world to None, run_after=None
[2025-08-25T06:38:12.586+0000] {processor.py:183} INFO - Processing /opt/airflow/dags/00_hello.py took 0.090 seconds
[2025-08-25T06:38:42.985+0000] {processor.py:161} INFO - Started process (PID=4929) to work on /opt/airflow/dags/00_hello.py
[2025-08-25T06:38:42.986+0000] {processor.py:830} INFO - Processing file /opt/airflow/dags/00_hello.py for tasks to queue
[2025-08-25T06:38:42.989+0000] {logging_mixin.py:188} INFO - [2025-08-25T06:38:42.988+0000] {dagbag.py:545} INFO - Filling up the DagBag from /opt/airflow/dags/00_hello.py
[2025-08-25T06:38:42.996+0000] {processor.py:840} INFO - DAG(s) 'hello_world' retrieved from /opt/airflow/dags/00_hello.py
[2025-08-25T06:38:43.022+0000] {logging_mixin.py:188} INFO - [2025-08-25T06:38:43.022+0000] {dag.py:3096} INFO - Sync 1 DAGs
[2025-08-25T06:38:43.041+0000] {logging_mixin.py:188} INFO - [2025-08-25T06:38:43.041+0000] {dag.py:3954} INFO - Setting next_dagrun for hello_world to None, run_after=None
[2025-08-25T06:38:43.064+0000] {processor.py:183} INFO - Processing /opt/airflow/dags/00_hello.py took 0.087 seconds
[2025-08-25T06:39:13.582+0000] {processor.py:161} INFO - Started process (PID=4992) to work on /opt/airflow/dags/00_hello.py
[2025-08-25T06:39:13.584+0000] {processor.py:830} INFO - Processing file /opt/airflow/dags/00_hello.py for tasks to queue
[2025-08-25T06:39:13.587+0000] {logging_mixin.py:188} INFO - [2025-08-25T06:39:13.586+0000] {dagbag.py:545} INFO - Filling up the DagBag from /opt/airflow/dags/00_hello.py
[2025-08-25T06:39:13.593+0000] {processor.py:840} INFO - DAG(s) 'hello_world' retrieved from /opt/airflow/dags/00_hello.py
[2025-08-25T06:39:13.619+0000] {logging_mixin.py:188} INFO - [2025-08-25T06:39:13.619+0000] {dag.py:3096} INFO - Sync 1 DAGs
[2025-08-25T06:39:13.637+0000] {logging_mixin.py:188} INFO - [2025-08-25T06:39:13.637+0000] {dag.py:3954} INFO - Setting next_dagrun for hello_world to None, run_after=None
[2025-08-25T06:39:13.660+0000] {processor.py:183} INFO - Processing /opt/airflow/dags/00_hello.py took 0.087 seconds
[2025-08-25T06:39:43.872+0000] {processor.py:161} INFO - Started process (PID=5055) to work on /opt/airflow/dags/00_hello.py
[2025-08-25T06:39:43.874+0000] {processor.py:830} INFO - Processing file /opt/airflow/dags/00_hello.py for tasks to queue
[2025-08-25T06:39:43.876+0000] {logging_mixin.py:188} INFO - [2025-08-25T06:39:43.876+0000] {dagbag.py:545} INFO - Filling up the DagBag from /opt/airflow/dags/00_hello.py
[2025-08-25T06:39:43.883+0000] {processor.py:840} INFO - DAG(s) 'hello_world' retrieved from /opt/airflow/dags/00_hello.py
[2025-08-25T06:39:43.909+0000] {logging_mixin.py:188} INFO - [2025-08-25T06:39:43.909+0000] {dag.py:3096} INFO - Sync 1 DAGs
[2025-08-25T06:39:43.927+0000] {logging_mixin.py:188} INFO - [2025-08-25T06:39:43.926+0000] {dag.py:3954} INFO - Setting next_dagrun for hello_world to None, run_after=None
[2025-08-25T06:39:43.951+0000] {processor.py:183} INFO - Processing /opt/airflow/dags/00_hello.py took 0.087 seconds
[2025-08-25T06:40:14.164+0000] {processor.py:161} INFO - Started process (PID=5118) to work on /opt/airflow/dags/00_hello.py
[2025-08-25T06:40:14.165+0000] {processor.py:830} INFO - Processing file /opt/airflow/dags/00_hello.py for tasks to queue
[2025-08-25T06:40:14.168+0000] {logging_mixin.py:188} INFO - [2025-08-25T06:40:14.168+0000] {dagbag.py:545} INFO - Filling up the DagBag from /opt/airflow/dags/00_hello.py
[2025-08-25T06:40:14.174+0000] {processor.py:840} INFO - DAG(s) 'hello_world' retrieved from /opt/airflow/dags/00_hello.py
[2025-08-25T06:40:14.202+0000] {logging_mixin.py:188} INFO - [2025-08-25T06:40:14.202+0000] {dag.py:3096} INFO - Sync 1 DAGs
[2025-08-25T06:40:14.222+0000] {logging_mixin.py:188} INFO - [2025-08-25T06:40:14.222+0000] {dag.py:3954} INFO - Setting next_dagrun for hello_world to None, run_after=None
[2025-08-25T06:40:14.248+0000] {processor.py:183} INFO - Processing /opt/airflow/dags/00_hello.py took 0.093 seconds
[2025-08-25T06:40:44.591+0000] {processor.py:161} INFO - Started process (PID=5179) to work on /opt/airflow/dags/00_hello.py
[2025-08-25T06:40:44.593+0000] {processor.py:830} INFO - Processing file /opt/airflow/dags/00_hello.py for tasks to queue
[2025-08-25T06:40:44.595+0000] {logging_mixin.py:188} INFO - [2025-08-25T06:40:44.595+0000] {dagbag.py:545} INFO - Filling up the DagBag from /opt/airflow/dags/00_hello.py
[2025-08-25T06:40:44.602+0000] {processor.py:840} INFO - DAG(s) 'hello_world' retrieved from /opt/airflow/dags/00_hello.py
[2025-08-25T06:40:44.628+0000] {logging_mixin.py:188} INFO - [2025-08-25T06:40:44.627+0000] {dag.py:3096} INFO - Sync 1 DAGs
[2025-08-25T06:40:44.646+0000] {logging_mixin.py:188} INFO - [2025-08-25T06:40:44.645+0000] {dag.py:3954} INFO - Setting next_dagrun for hello_world to None, run_after=None
[2025-08-25T06:40:44.669+0000] {processor.py:183} INFO - Processing /opt/airflow/dags/00_hello.py took 0.088 seconds
[2025-08-25T06:41:15.217+0000] {processor.py:161} INFO - Started process (PID=5242) to work on /opt/airflow/dags/00_hello.py
[2025-08-25T06:41:15.219+0000] {processor.py:830} INFO - Processing file /opt/airflow/dags/00_hello.py for tasks to queue
[2025-08-25T06:41:15.221+0000] {logging_mixin.py:188} INFO - [2025-08-25T06:41:15.220+0000] {dagbag.py:545} INFO - Filling up the DagBag from /opt/airflow/dags/00_hello.py
[2025-08-25T06:41:15.227+0000] {processor.py:840} INFO - DAG(s) 'hello_world' retrieved from /opt/airflow/dags/00_hello.py
[2025-08-25T06:41:15.253+0000] {logging_mixin.py:188} INFO - [2025-08-25T06:41:15.252+0000] {dag.py:3096} INFO - Sync 1 DAGs
[2025-08-25T06:41:15.271+0000] {logging_mixin.py:188} INFO - [2025-08-25T06:41:15.271+0000] {dag.py:3954} INFO - Setting next_dagrun for hello_world to None, run_after=None
[2025-08-25T06:41:15.295+0000] {processor.py:183} INFO - Processing /opt/airflow/dags/00_hello.py took 0.088 seconds
[2025-08-25T06:41:45.715+0000] {processor.py:161} INFO - Started process (PID=5305) to work on /opt/airflow/dags/00_hello.py
[2025-08-25T06:41:45.717+0000] {processor.py:830} INFO - Processing file /opt/airflow/dags/00_hello.py for tasks to queue
[2025-08-25T06:41:45.720+0000] {logging_mixin.py:188} INFO - [2025-08-25T06:41:45.720+0000] {dagbag.py:545} INFO - Filling up the DagBag from /opt/airflow/dags/00_hello.py
[2025-08-25T06:41:45.729+0000] {processor.py:840} INFO - DAG(s) 'hello_world' retrieved from /opt/airflow/dags/00_hello.py
[2025-08-25T06:41:45.754+0000] {logging_mixin.py:188} INFO - [2025-08-25T06:41:45.753+0000] {dag.py:3096} INFO - Sync 1 DAGs
[2025-08-25T06:41:45.772+0000] {logging_mixin.py:188} INFO - [2025-08-25T06:41:45.771+0000] {dag.py:3954} INFO - Setting next_dagrun for hello_world to None, run_after=None
[2025-08-25T06:41:45.794+0000] {processor.py:183} INFO - Processing /opt/airflow/dags/00_hello.py took 0.091 seconds
[2025-08-25T06:42:15.936+0000] {processor.py:161} INFO - Started process (PID=5368) to work on /opt/airflow/dags/00_hello.py
[2025-08-25T06:42:15.939+0000] {processor.py:830} INFO - Processing file /opt/airflow/dags/00_hello.py for tasks to queue
[2025-08-25T06:42:15.942+0000] {logging_mixin.py:188} INFO - [2025-08-25T06:42:15.942+0000] {dagbag.py:545} INFO - Filling up the DagBag from /opt/airflow/dags/00_hello.py
[2025-08-25T06:42:15.949+0000] {processor.py:840} INFO - DAG(s) 'hello_world' retrieved from /opt/airflow/dags/00_hello.py
[2025-08-25T06:42:15.978+0000] {logging_mixin.py:188} INFO - [2025-08-25T06:42:15.978+0000] {dag.py:3096} INFO - Sync 1 DAGs
[2025-08-25T06:42:15.997+0000] {logging_mixin.py:188} INFO - [2025-08-25T06:42:15.997+0000] {dag.py:3954} INFO - Setting next_dagrun for hello_world to None, run_after=None
[2025-08-25T06:42:16.022+0000] {processor.py:183} INFO - Processing /opt/airflow/dags/00_hello.py took 0.098 seconds
[2025-08-25T06:42:46.105+0000] {processor.py:161} INFO - Started process (PID=5431) to work on /opt/airflow/dags/00_hello.py
[2025-08-25T06:42:46.107+0000] {processor.py:830} INFO - Processing file /opt/airflow/dags/00_hello.py for tasks to queue
[2025-08-25T06:42:46.111+0000] {logging_mixin.py:188} INFO - [2025-08-25T06:42:46.110+0000] {dagbag.py:545} INFO - Filling up the DagBag from /opt/airflow/dags/00_hello.py
[2025-08-25T06:42:46.117+0000] {processor.py:840} INFO - DAG(s) 'hello_world' retrieved from /opt/airflow/dags/00_hello.py
[2025-08-25T06:42:46.144+0000] {logging_mixin.py:188} INFO - [2025-08-25T06:42:46.144+0000] {dag.py:3096} INFO - Sync 1 DAGs
[2025-08-25T06:42:46.163+0000] {logging_mixin.py:188} INFO - [2025-08-25T06:42:46.163+0000] {dag.py:3954} INFO - Setting next_dagrun for hello_world to None, run_after=None
[2025-08-25T06:42:46.189+0000] {processor.py:183} INFO - Processing /opt/airflow/dags/00_hello.py took 0.092 seconds
[2025-08-25T06:43:16.327+0000] {processor.py:161} INFO - Started process (PID=5494) to work on /opt/airflow/dags/00_hello.py
[2025-08-25T06:43:16.329+0000] {processor.py:830} INFO - Processing file /opt/airflow/dags/00_hello.py for tasks to queue
[2025-08-25T06:43:16.332+0000] {logging_mixin.py:188} INFO - [2025-08-25T06:43:16.332+0000] {dagbag.py:545} INFO - Filling up the DagBag from /opt/airflow/dags/00_hello.py
[2025-08-25T06:43:16.339+0000] {processor.py:840} INFO - DAG(s) 'hello_world' retrieved from /opt/airflow/dags/00_hello.py
[2025-08-25T06:43:16.365+0000] {logging_mixin.py:188} INFO - [2025-08-25T06:43:16.365+0000] {dag.py:3096} INFO - Sync 1 DAGs
[2025-08-25T06:43:16.383+0000] {logging_mixin.py:188} INFO - [2025-08-25T06:43:16.382+0000] {dag.py:3954} INFO - Setting next_dagrun for hello_world to None, run_after=None
[2025-08-25T06:43:16.483+0000] {processor.py:183} INFO - Processing /opt/airflow/dags/00_hello.py took 0.165 seconds
[2025-08-25T06:43:46.877+0000] {processor.py:161} INFO - Started process (PID=5557) to work on /opt/airflow/dags/00_hello.py
[2025-08-25T06:43:46.879+0000] {processor.py:830} INFO - Processing file /opt/airflow/dags/00_hello.py for tasks to queue
[2025-08-25T06:43:46.881+0000] {logging_mixin.py:188} INFO - [2025-08-25T06:43:46.881+0000] {dagbag.py:545} INFO - Filling up the DagBag from /opt/airflow/dags/00_hello.py
[2025-08-25T06:43:46.889+0000] {processor.py:840} INFO - DAG(s) 'hello_world' retrieved from /opt/airflow/dags/00_hello.py
[2025-08-25T06:43:46.915+0000] {logging_mixin.py:188} INFO - [2025-08-25T06:43:46.914+0000] {dag.py:3096} INFO - Sync 1 DAGs
[2025-08-25T06:43:46.937+0000] {logging_mixin.py:188} INFO - [2025-08-25T06:43:46.936+0000] {dag.py:3954} INFO - Setting next_dagrun for hello_world to None, run_after=None
[2025-08-25T06:43:46.962+0000] {processor.py:183} INFO - Processing /opt/airflow/dags/00_hello.py took 0.094 seconds
[2025-08-25T06:44:17.622+0000] {processor.py:161} INFO - Started process (PID=5620) to work on /opt/airflow/dags/00_hello.py
[2025-08-25T06:44:17.624+0000] {processor.py:830} INFO - Processing file /opt/airflow/dags/00_hello.py for tasks to queue
[2025-08-25T06:44:17.628+0000] {logging_mixin.py:188} INFO - [2025-08-25T06:44:17.627+0000] {dagbag.py:545} INFO - Filling up the DagBag from /opt/airflow/dags/00_hello.py
[2025-08-25T06:44:17.634+0000] {processor.py:840} INFO - DAG(s) 'hello_world' retrieved from /opt/airflow/dags/00_hello.py
[2025-08-25T06:44:17.668+0000] {logging_mixin.py:188} INFO - [2025-08-25T06:44:17.667+0000] {dag.py:3096} INFO - Sync 1 DAGs
[2025-08-25T06:44:17.689+0000] {logging_mixin.py:188} INFO - [2025-08-25T06:44:17.689+0000] {dag.py:3954} INFO - Setting next_dagrun for hello_world to None, run_after=None
[2025-08-25T06:44:17.719+0000] {processor.py:183} INFO - Processing /opt/airflow/dags/00_hello.py took 0.107 seconds
[2025-08-25T06:44:48.153+0000] {processor.py:161} INFO - Started process (PID=5683) to work on /opt/airflow/dags/00_hello.py
[2025-08-25T06:44:48.155+0000] {processor.py:830} INFO - Processing file /opt/airflow/dags/00_hello.py for tasks to queue
[2025-08-25T06:44:48.158+0000] {logging_mixin.py:188} INFO - [2025-08-25T06:44:48.157+0000] {dagbag.py:545} INFO - Filling up the DagBag from /opt/airflow/dags/00_hello.py
[2025-08-25T06:44:48.164+0000] {processor.py:840} INFO - DAG(s) 'hello_world' retrieved from /opt/airflow/dags/00_hello.py
[2025-08-25T06:44:48.190+0000] {logging_mixin.py:188} INFO - [2025-08-25T06:44:48.190+0000] {dag.py:3096} INFO - Sync 1 DAGs
[2025-08-25T06:44:48.209+0000] {logging_mixin.py:188} INFO - [2025-08-25T06:44:48.208+0000] {dag.py:3954} INFO - Setting next_dagrun for hello_world to None, run_after=None
[2025-08-25T06:44:48.232+0000] {processor.py:183} INFO - Processing /opt/airflow/dags/00_hello.py took 0.087 seconds
[2025-08-25T06:45:18.571+0000] {processor.py:161} INFO - Started process (PID=5746) to work on /opt/airflow/dags/00_hello.py
[2025-08-25T06:45:18.572+0000] {processor.py:830} INFO - Processing file /opt/airflow/dags/00_hello.py for tasks to queue
[2025-08-25T06:45:18.576+0000] {logging_mixin.py:188} INFO - [2025-08-25T06:45:18.575+0000] {dagbag.py:545} INFO - Filling up the DagBag from /opt/airflow/dags/00_hello.py
[2025-08-25T06:45:18.582+0000] {processor.py:840} INFO - DAG(s) 'hello_world' retrieved from /opt/airflow/dags/00_hello.py
[2025-08-25T06:45:18.607+0000] {logging_mixin.py:188} INFO - [2025-08-25T06:45:18.607+0000] {dag.py:3096} INFO - Sync 1 DAGs
[2025-08-25T06:45:18.624+0000] {logging_mixin.py:188} INFO - [2025-08-25T06:45:18.624+0000] {dag.py:3954} INFO - Setting next_dagrun for hello_world to None, run_after=None
[2025-08-25T06:45:18.647+0000] {processor.py:183} INFO - Processing /opt/airflow/dags/00_hello.py took 0.085 seconds
[2025-08-25T06:45:49.009+0000] {processor.py:161} INFO - Started process (PID=5809) to work on /opt/airflow/dags/00_hello.py
[2025-08-25T06:45:49.011+0000] {processor.py:830} INFO - Processing file /opt/airflow/dags/00_hello.py for tasks to queue
[2025-08-25T06:45:49.015+0000] {logging_mixin.py:188} INFO - [2025-08-25T06:45:49.014+0000] {dagbag.py:545} INFO - Filling up the DagBag from /opt/airflow/dags/00_hello.py
[2025-08-25T06:45:49.021+0000] {processor.py:840} INFO - DAG(s) 'hello_world' retrieved from /opt/airflow/dags/00_hello.py
[2025-08-25T06:45:49.049+0000] {logging_mixin.py:188} INFO - [2025-08-25T06:45:49.048+0000] {dag.py:3096} INFO - Sync 1 DAGs
[2025-08-25T06:45:49.067+0000] {logging_mixin.py:188} INFO - [2025-08-25T06:45:49.066+0000] {dag.py:3954} INFO - Setting next_dagrun for hello_world to None, run_after=None
[2025-08-25T06:45:49.091+0000] {processor.py:183} INFO - Processing /opt/airflow/dags/00_hello.py took 0.091 seconds
[2025-08-25T06:46:19.198+0000] {processor.py:161} INFO - Started process (PID=5872) to work on /opt/airflow/dags/00_hello.py
[2025-08-25T06:46:19.200+0000] {processor.py:830} INFO - Processing file /opt/airflow/dags/00_hello.py for tasks to queue
[2025-08-25T06:46:19.204+0000] {logging_mixin.py:188} INFO - [2025-08-25T06:46:19.203+0000] {dagbag.py:545} INFO - Filling up the DagBag from /opt/airflow/dags/00_hello.py
[2025-08-25T06:46:19.211+0000] {processor.py:840} INFO - DAG(s) 'hello_world' retrieved from /opt/airflow/dags/00_hello.py
[2025-08-25T06:46:19.240+0000] {logging_mixin.py:188} INFO - [2025-08-25T06:46:19.239+0000] {dag.py:3096} INFO - Sync 1 DAGs
[2025-08-25T06:46:19.259+0000] {logging_mixin.py:188} INFO - [2025-08-25T06:46:19.258+0000] {dag.py:3954} INFO - Setting next_dagrun for hello_world to None, run_after=None
[2025-08-25T06:46:19.284+0000] {processor.py:183} INFO - Processing /opt/airflow/dags/00_hello.py took 0.095 seconds
[2025-08-25T06:46:49.397+0000] {processor.py:161} INFO - Started process (PID=5935) to work on /opt/airflow/dags/00_hello.py
[2025-08-25T06:46:49.398+0000] {processor.py:830} INFO - Processing file /opt/airflow/dags/00_hello.py for tasks to queue
[2025-08-25T06:46:49.402+0000] {logging_mixin.py:188} INFO - [2025-08-25T06:46:49.402+0000] {dagbag.py:545} INFO - Filling up the DagBag from /opt/airflow/dags/00_hello.py
[2025-08-25T06:46:49.409+0000] {processor.py:840} INFO - DAG(s) 'hello_world' retrieved from /opt/airflow/dags/00_hello.py
[2025-08-25T06:46:49.436+0000] {logging_mixin.py:188} INFO - [2025-08-25T06:46:49.435+0000] {dag.py:3096} INFO - Sync 1 DAGs
[2025-08-25T06:46:49.455+0000] {logging_mixin.py:188} INFO - [2025-08-25T06:46:49.454+0000] {dag.py:3954} INFO - Setting next_dagrun for hello_world to None, run_after=None
[2025-08-25T06:46:49.477+0000] {processor.py:183} INFO - Processing /opt/airflow/dags/00_hello.py took 0.092 seconds
[2025-08-25T06:47:19.630+0000] {processor.py:161} INFO - Started process (PID=5998) to work on /opt/airflow/dags/00_hello.py
[2025-08-25T06:47:19.631+0000] {processor.py:830} INFO - Processing file /opt/airflow/dags/00_hello.py for tasks to queue
[2025-08-25T06:47:19.635+0000] {logging_mixin.py:188} INFO - [2025-08-25T06:47:19.634+0000] {dagbag.py:545} INFO - Filling up the DagBag from /opt/airflow/dags/00_hello.py
[2025-08-25T06:47:19.641+0000] {processor.py:840} INFO - DAG(s) 'hello_world' retrieved from /opt/airflow/dags/00_hello.py
[2025-08-25T06:47:19.668+0000] {logging_mixin.py:188} INFO - [2025-08-25T06:47:19.668+0000] {dag.py:3096} INFO - Sync 1 DAGs
[2025-08-25T06:47:19.687+0000] {logging_mixin.py:188} INFO - [2025-08-25T06:47:19.687+0000] {dag.py:3954} INFO - Setting next_dagrun for hello_world to None, run_after=None
[2025-08-25T06:47:19.717+0000] {processor.py:183} INFO - Processing /opt/airflow/dags/00_hello.py took 0.096 seconds
[2025-08-25T06:47:50.022+0000] {processor.py:161} INFO - Started process (PID=6061) to work on /opt/airflow/dags/00_hello.py
[2025-08-25T06:47:50.024+0000] {processor.py:830} INFO - Processing file /opt/airflow/dags/00_hello.py for tasks to queue
[2025-08-25T06:47:50.027+0000] {logging_mixin.py:188} INFO - [2025-08-25T06:47:50.027+0000] {dagbag.py:545} INFO - Filling up the DagBag from /opt/airflow/dags/00_hello.py
[2025-08-25T06:47:50.033+0000] {processor.py:840} INFO - DAG(s) 'hello_world' retrieved from /opt/airflow/dags/00_hello.py
[2025-08-25T06:47:50.060+0000] {logging_mixin.py:188} INFO - [2025-08-25T06:47:50.059+0000] {dag.py:3096} INFO - Sync 1 DAGs
[2025-08-25T06:47:50.079+0000] {logging_mixin.py:188} INFO - [2025-08-25T06:47:50.079+0000] {dag.py:3954} INFO - Setting next_dagrun for hello_world to None, run_after=None
[2025-08-25T06:47:50.106+0000] {processor.py:183} INFO - Processing /opt/airflow/dags/00_hello.py took 0.093 seconds
[2025-08-25T06:48:20.520+0000] {processor.py:161} INFO - Started process (PID=6124) to work on /opt/airflow/dags/00_hello.py
[2025-08-25T06:48:20.521+0000] {processor.py:830} INFO - Processing file /opt/airflow/dags/00_hello.py for tasks to queue
[2025-08-25T06:48:20.525+0000] {logging_mixin.py:188} INFO - [2025-08-25T06:48:20.524+0000] {dagbag.py:545} INFO - Filling up the DagBag from /opt/airflow/dags/00_hello.py
[2025-08-25T06:48:20.532+0000] {processor.py:840} INFO - DAG(s) 'hello_world' retrieved from /opt/airflow/dags/00_hello.py
[2025-08-25T06:48:20.560+0000] {logging_mixin.py:188} INFO - [2025-08-25T06:48:20.559+0000] {dag.py:3096} INFO - Sync 1 DAGs
[2025-08-25T06:48:20.579+0000] {logging_mixin.py:188} INFO - [2025-08-25T06:48:20.578+0000] {dag.py:3954} INFO - Setting next_dagrun for hello_world to None, run_after=None
[2025-08-25T06:48:20.676+0000] {processor.py:183} INFO - Processing /opt/airflow/dags/00_hello.py took 0.165 seconds
[2025-08-25T06:48:51.239+0000] {processor.py:161} INFO - Started process (PID=6187) to work on /opt/airflow/dags/00_hello.py
[2025-08-25T06:48:51.240+0000] {processor.py:830} INFO - Processing file /opt/airflow/dags/00_hello.py for tasks to queue
[2025-08-25T06:48:51.244+0000] {logging_mixin.py:188} INFO - [2025-08-25T06:48:51.243+0000] {dagbag.py:545} INFO - Filling up the DagBag from /opt/airflow/dags/00_hello.py
[2025-08-25T06:48:51.250+0000] {processor.py:840} INFO - DAG(s) 'hello_world' retrieved from /opt/airflow/dags/00_hello.py
[2025-08-25T06:48:51.278+0000] {logging_mixin.py:188} INFO - [2025-08-25T06:48:51.277+0000] {dag.py:3096} INFO - Sync 1 DAGs
[2025-08-25T06:48:51.296+0000] {logging_mixin.py:188} INFO - [2025-08-25T06:48:51.295+0000] {dag.py:3954} INFO - Setting next_dagrun for hello_world to None, run_after=None
[2025-08-25T06:48:51.321+0000] {processor.py:183} INFO - Processing /opt/airflow/dags/00_hello.py took 0.092 seconds
[2025-08-25T06:49:21.596+0000] {processor.py:161} INFO - Started process (PID=6250) to work on /opt/airflow/dags/00_hello.py
[2025-08-25T06:49:21.597+0000] {processor.py:830} INFO - Processing file /opt/airflow/dags/00_hello.py for tasks to queue
[2025-08-25T06:49:21.600+0000] {logging_mixin.py:188} INFO - [2025-08-25T06:49:21.600+0000] {dagbag.py:545} INFO - Filling up the DagBag from /opt/airflow/dags/00_hello.py
[2025-08-25T06:49:21.607+0000] {processor.py:840} INFO - DAG(s) 'hello_world' retrieved from /opt/airflow/dags/00_hello.py
[2025-08-25T06:49:21.634+0000] {logging_mixin.py:188} INFO - [2025-08-25T06:49:21.634+0000] {dag.py:3096} INFO - Sync 1 DAGs
[2025-08-25T06:49:21.652+0000] {logging_mixin.py:188} INFO - [2025-08-25T06:49:21.652+0000] {dag.py:3954} INFO - Setting next_dagrun for hello_world to None, run_after=None
[2025-08-25T06:49:21.676+0000] {processor.py:183} INFO - Processing /opt/airflow/dags/00_hello.py took 0.088 seconds
[2025-08-25T06:49:52.066+0000] {processor.py:161} INFO - Started process (PID=6313) to work on /opt/airflow/dags/00_hello.py
[2025-08-25T06:49:52.068+0000] {processor.py:830} INFO - Processing file /opt/airflow/dags/00_hello.py for tasks to queue
[2025-08-25T06:49:52.071+0000] {logging_mixin.py:188} INFO - [2025-08-25T06:49:52.071+0000] {dagbag.py:545} INFO - Filling up the DagBag from /opt/airflow/dags/00_hello.py
[2025-08-25T06:49:52.078+0000] {processor.py:840} INFO - DAG(s) 'hello_world' retrieved from /opt/airflow/dags/00_hello.py
[2025-08-25T06:49:52.103+0000] {logging_mixin.py:188} INFO - [2025-08-25T06:49:52.103+0000] {dag.py:3096} INFO - Sync 1 DAGs
[2025-08-25T06:49:52.121+0000] {logging_mixin.py:188} INFO - [2025-08-25T06:49:52.121+0000] {dag.py:3954} INFO - Setting next_dagrun for hello_world to None, run_after=None
[2025-08-25T06:49:52.144+0000] {processor.py:183} INFO - Processing /opt/airflow/dags/00_hello.py took 0.087 seconds
[2025-08-25T06:50:22.369+0000] {processor.py:161} INFO - Started process (PID=6376) to work on /opt/airflow/dags/00_hello.py
[2025-08-25T06:50:22.370+0000] {processor.py:830} INFO - Processing file /opt/airflow/dags/00_hello.py for tasks to queue
[2025-08-25T06:50:22.374+0000] {logging_mixin.py:188} INFO - [2025-08-25T06:50:22.374+0000] {dagbag.py:545} INFO - Filling up the DagBag from /opt/airflow/dags/00_hello.py
[2025-08-25T06:50:22.381+0000] {processor.py:840} INFO - DAG(s) 'hello_world' retrieved from /opt/airflow/dags/00_hello.py
[2025-08-25T06:50:22.409+0000] {logging_mixin.py:188} INFO - [2025-08-25T06:50:22.408+0000] {dag.py:3096} INFO - Sync 1 DAGs
[2025-08-25T06:50:22.428+0000] {logging_mixin.py:188} INFO - [2025-08-25T06:50:22.427+0000] {dag.py:3954} INFO - Setting next_dagrun for hello_world to None, run_after=None
[2025-08-25T06:50:22.454+0000] {processor.py:183} INFO - Processing /opt/airflow/dags/00_hello.py took 0.094 seconds
[2025-08-25T06:50:52.753+0000] {processor.py:161} INFO - Started process (PID=6439) to work on /opt/airflow/dags/00_hello.py
[2025-08-25T06:50:52.755+0000] {processor.py:830} INFO - Processing file /opt/airflow/dags/00_hello.py for tasks to queue
[2025-08-25T06:50:52.760+0000] {logging_mixin.py:188} INFO - [2025-08-25T06:50:52.759+0000] {dagbag.py:545} INFO - Filling up the DagBag from /opt/airflow/dags/00_hello.py
[2025-08-25T06:50:52.769+0000] {processor.py:840} INFO - DAG(s) 'hello_world' retrieved from /opt/airflow/dags/00_hello.py
[2025-08-25T06:50:52.807+0000] {logging_mixin.py:188} INFO - [2025-08-25T06:50:52.807+0000] {dag.py:3096} INFO - Sync 1 DAGs
[2025-08-25T06:50:52.833+0000] {logging_mixin.py:188} INFO - [2025-08-25T06:50:52.833+0000] {dag.py:3954} INFO - Setting next_dagrun for hello_world to None, run_after=None
[2025-08-25T06:50:52.865+0000] {processor.py:183} INFO - Processing /opt/airflow/dags/00_hello.py took 0.124 seconds
[2025-08-25T06:51:22.910+0000] {processor.py:161} INFO - Started process (PID=6502) to work on /opt/airflow/dags/00_hello.py
[2025-08-25T06:51:22.911+0000] {processor.py:830} INFO - Processing file /opt/airflow/dags/00_hello.py for tasks to queue
[2025-08-25T06:51:22.915+0000] {logging_mixin.py:188} INFO - [2025-08-25T06:51:22.914+0000] {dagbag.py:545} INFO - Filling up the DagBag from /opt/airflow/dags/00_hello.py
[2025-08-25T06:51:22.921+0000] {processor.py:840} INFO - DAG(s) 'hello_world' retrieved from /opt/airflow/dags/00_hello.py
[2025-08-25T06:51:22.951+0000] {logging_mixin.py:188} INFO - [2025-08-25T06:51:22.950+0000] {dag.py:3096} INFO - Sync 1 DAGs
[2025-08-25T06:51:22.972+0000] {logging_mixin.py:188} INFO - [2025-08-25T06:51:22.972+0000] {dag.py:3954} INFO - Setting next_dagrun for hello_world to None, run_after=None
[2025-08-25T06:51:22.997+0000] {processor.py:183} INFO - Processing /opt/airflow/dags/00_hello.py took 0.096 seconds
[2025-08-25T06:51:53.353+0000] {processor.py:161} INFO - Started process (PID=6565) to work on /opt/airflow/dags/00_hello.py
[2025-08-25T06:51:53.354+0000] {processor.py:830} INFO - Processing file /opt/airflow/dags/00_hello.py for tasks to queue
[2025-08-25T06:51:53.358+0000] {logging_mixin.py:188} INFO - [2025-08-25T06:51:53.357+0000] {dagbag.py:545} INFO - Filling up the DagBag from /opt/airflow/dags/00_hello.py
[2025-08-25T06:51:53.364+0000] {processor.py:840} INFO - DAG(s) 'hello_world' retrieved from /opt/airflow/dags/00_hello.py
[2025-08-25T06:51:53.391+0000] {logging_mixin.py:188} INFO - [2025-08-25T06:51:53.391+0000] {dag.py:3096} INFO - Sync 1 DAGs
[2025-08-25T06:51:53.409+0000] {logging_mixin.py:188} INFO - [2025-08-25T06:51:53.409+0000] {dag.py:3954} INFO - Setting next_dagrun for hello_world to None, run_after=None
[2025-08-25T06:51:53.432+0000] {processor.py:183} INFO - Processing /opt/airflow/dags/00_hello.py took 0.088 seconds
